[2024-04-12T19:28:25.456+0800] {processor.py:161} INFO - Started process (PID=3508) to work on /Users/wanghaojin/Desktop/exchange@NUS/IS3107/HW/Project/news_data_pipeline/.venv/lib/python3.11/site-packages/airflow/example_dags/plugins/listener_plugin.py
[2024-04-12T19:28:25.456+0800] {processor.py:830} INFO - Processing file /Users/wanghaojin/Desktop/exchange@NUS/IS3107/HW/Project/news_data_pipeline/.venv/lib/python3.11/site-packages/airflow/example_dags/plugins/listener_plugin.py for tasks to queue
[2024-04-12T19:28:25.457+0800] {logging_mixin.py:188} INFO - [2024-04-12T19:28:25.457+0800] {dagbag.py:538} INFO - Filling up the DagBag from /Users/wanghaojin/Desktop/exchange@NUS/IS3107/HW/Project/news_data_pipeline/.venv/lib/python3.11/site-packages/airflow/example_dags/plugins/listener_plugin.py
[2024-04-12T19:28:25.459+0800] {processor.py:842} WARNING - No viable dags retrieved from /Users/wanghaojin/Desktop/exchange@NUS/IS3107/HW/Project/news_data_pipeline/.venv/lib/python3.11/site-packages/airflow/example_dags/plugins/listener_plugin.py
[2024-04-12T19:28:25.500+0800] {processor.py:183} INFO - Processing /Users/wanghaojin/Desktop/exchange@NUS/IS3107/HW/Project/news_data_pipeline/.venv/lib/python3.11/site-packages/airflow/example_dags/plugins/listener_plugin.py took 0.045 seconds
[2024-04-12T19:29:37.770+0800] {processor.py:161} INFO - Started process (PID=3648) to work on /Users/wanghaojin/Desktop/exchange@NUS/IS3107/HW/Project/news_data_pipeline/.venv/lib/python3.11/site-packages/airflow/example_dags/plugins/listener_plugin.py
[2024-04-12T19:29:37.771+0800] {processor.py:830} INFO - Processing file /Users/wanghaojin/Desktop/exchange@NUS/IS3107/HW/Project/news_data_pipeline/.venv/lib/python3.11/site-packages/airflow/example_dags/plugins/listener_plugin.py for tasks to queue
[2024-04-12T19:29:37.772+0800] {logging_mixin.py:188} INFO - [2024-04-12T19:29:37.772+0800] {dagbag.py:538} INFO - Filling up the DagBag from /Users/wanghaojin/Desktop/exchange@NUS/IS3107/HW/Project/news_data_pipeline/.venv/lib/python3.11/site-packages/airflow/example_dags/plugins/listener_plugin.py
[2024-04-12T19:29:37.773+0800] {processor.py:842} WARNING - No viable dags retrieved from /Users/wanghaojin/Desktop/exchange@NUS/IS3107/HW/Project/news_data_pipeline/.venv/lib/python3.11/site-packages/airflow/example_dags/plugins/listener_plugin.py
[2024-04-12T19:29:37.815+0800] {processor.py:183} INFO - Processing /Users/wanghaojin/Desktop/exchange@NUS/IS3107/HW/Project/news_data_pipeline/.venv/lib/python3.11/site-packages/airflow/example_dags/plugins/listener_plugin.py took 0.045 seconds
[2024-04-12T19:31:31.517+0800] {processor.py:161} INFO - Started process (PID=4276) to work on /Users/wanghaojin/Desktop/exchange@NUS/IS3107/HW/Project/news_data_pipeline/.venv/lib/python3.11/site-packages/airflow/example_dags/plugins/listener_plugin.py
[2024-04-12T19:31:31.518+0800] {processor.py:830} INFO - Processing file /Users/wanghaojin/Desktop/exchange@NUS/IS3107/HW/Project/news_data_pipeline/.venv/lib/python3.11/site-packages/airflow/example_dags/plugins/listener_plugin.py for tasks to queue
[2024-04-12T19:31:31.519+0800] {logging_mixin.py:188} INFO - [2024-04-12T19:31:31.519+0800] {dagbag.py:538} INFO - Filling up the DagBag from /Users/wanghaojin/Desktop/exchange@NUS/IS3107/HW/Project/news_data_pipeline/.venv/lib/python3.11/site-packages/airflow/example_dags/plugins/listener_plugin.py
[2024-04-12T19:31:31.520+0800] {processor.py:842} WARNING - No viable dags retrieved from /Users/wanghaojin/Desktop/exchange@NUS/IS3107/HW/Project/news_data_pipeline/.venv/lib/python3.11/site-packages/airflow/example_dags/plugins/listener_plugin.py
[2024-04-12T19:31:31.561+0800] {processor.py:183} INFO - Processing /Users/wanghaojin/Desktop/exchange@NUS/IS3107/HW/Project/news_data_pipeline/.venv/lib/python3.11/site-packages/airflow/example_dags/plugins/listener_plugin.py took 0.044 seconds
[2024-04-12T19:33:10.866+0800] {processor.py:161} INFO - Started process (PID=4447) to work on /Users/wanghaojin/Desktop/exchange@NUS/IS3107/HW/Project/news_data_pipeline/.venv/lib/python3.11/site-packages/airflow/example_dags/plugins/listener_plugin.py
[2024-04-12T19:33:10.868+0800] {processor.py:830} INFO - Processing file /Users/wanghaojin/Desktop/exchange@NUS/IS3107/HW/Project/news_data_pipeline/.venv/lib/python3.11/site-packages/airflow/example_dags/plugins/listener_plugin.py for tasks to queue
[2024-04-12T19:33:10.868+0800] {logging_mixin.py:188} INFO - [2024-04-12T19:33:10.868+0800] {dagbag.py:538} INFO - Filling up the DagBag from /Users/wanghaojin/Desktop/exchange@NUS/IS3107/HW/Project/news_data_pipeline/.venv/lib/python3.11/site-packages/airflow/example_dags/plugins/listener_plugin.py
[2024-04-12T19:33:10.869+0800] {processor.py:842} WARNING - No viable dags retrieved from /Users/wanghaojin/Desktop/exchange@NUS/IS3107/HW/Project/news_data_pipeline/.venv/lib/python3.11/site-packages/airflow/example_dags/plugins/listener_plugin.py
[2024-04-12T19:33:10.910+0800] {processor.py:183} INFO - Processing /Users/wanghaojin/Desktop/exchange@NUS/IS3107/HW/Project/news_data_pipeline/.venv/lib/python3.11/site-packages/airflow/example_dags/plugins/listener_plugin.py took 0.044 seconds
[2024-04-12T19:34:18.877+0800] {processor.py:161} INFO - Started process (PID=4544) to work on /Users/wanghaojin/Desktop/exchange@NUS/IS3107/HW/Project/news_data_pipeline/.venv/lib/python3.11/site-packages/airflow/example_dags/plugins/listener_plugin.py
[2024-04-12T19:34:18.878+0800] {processor.py:830} INFO - Processing file /Users/wanghaojin/Desktop/exchange@NUS/IS3107/HW/Project/news_data_pipeline/.venv/lib/python3.11/site-packages/airflow/example_dags/plugins/listener_plugin.py for tasks to queue
[2024-04-12T19:34:18.878+0800] {logging_mixin.py:188} INFO - [2024-04-12T19:34:18.878+0800] {dagbag.py:538} INFO - Filling up the DagBag from /Users/wanghaojin/Desktop/exchange@NUS/IS3107/HW/Project/news_data_pipeline/.venv/lib/python3.11/site-packages/airflow/example_dags/plugins/listener_plugin.py
[2024-04-12T19:34:18.879+0800] {processor.py:842} WARNING - No viable dags retrieved from /Users/wanghaojin/Desktop/exchange@NUS/IS3107/HW/Project/news_data_pipeline/.venv/lib/python3.11/site-packages/airflow/example_dags/plugins/listener_plugin.py
[2024-04-12T19:34:18.921+0800] {processor.py:183} INFO - Processing /Users/wanghaojin/Desktop/exchange@NUS/IS3107/HW/Project/news_data_pipeline/.venv/lib/python3.11/site-packages/airflow/example_dags/plugins/listener_plugin.py took 0.044 seconds
[2024-04-12T19:35:27.037+0800] {processor.py:161} INFO - Started process (PID=4654) to work on /Users/wanghaojin/Desktop/exchange@NUS/IS3107/HW/Project/news_data_pipeline/.venv/lib/python3.11/site-packages/airflow/example_dags/plugins/listener_plugin.py
[2024-04-12T19:35:27.038+0800] {processor.py:830} INFO - Processing file /Users/wanghaojin/Desktop/exchange@NUS/IS3107/HW/Project/news_data_pipeline/.venv/lib/python3.11/site-packages/airflow/example_dags/plugins/listener_plugin.py for tasks to queue
[2024-04-12T19:35:27.038+0800] {logging_mixin.py:188} INFO - [2024-04-12T19:35:27.038+0800] {dagbag.py:538} INFO - Filling up the DagBag from /Users/wanghaojin/Desktop/exchange@NUS/IS3107/HW/Project/news_data_pipeline/.venv/lib/python3.11/site-packages/airflow/example_dags/plugins/listener_plugin.py
[2024-04-12T19:35:27.039+0800] {processor.py:842} WARNING - No viable dags retrieved from /Users/wanghaojin/Desktop/exchange@NUS/IS3107/HW/Project/news_data_pipeline/.venv/lib/python3.11/site-packages/airflow/example_dags/plugins/listener_plugin.py
[2024-04-12T19:35:27.080+0800] {processor.py:183} INFO - Processing /Users/wanghaojin/Desktop/exchange@NUS/IS3107/HW/Project/news_data_pipeline/.venv/lib/python3.11/site-packages/airflow/example_dags/plugins/listener_plugin.py took 0.043 seconds
[2024-04-12T19:36:36.230+0800] {processor.py:161} INFO - Started process (PID=4768) to work on /Users/wanghaojin/Desktop/exchange@NUS/IS3107/HW/Project/news_data_pipeline/.venv/lib/python3.11/site-packages/airflow/example_dags/plugins/listener_plugin.py
[2024-04-12T19:36:36.231+0800] {processor.py:830} INFO - Processing file /Users/wanghaojin/Desktop/exchange@NUS/IS3107/HW/Project/news_data_pipeline/.venv/lib/python3.11/site-packages/airflow/example_dags/plugins/listener_plugin.py for tasks to queue
[2024-04-12T19:36:36.231+0800] {logging_mixin.py:188} INFO - [2024-04-12T19:36:36.231+0800] {dagbag.py:538} INFO - Filling up the DagBag from /Users/wanghaojin/Desktop/exchange@NUS/IS3107/HW/Project/news_data_pipeline/.venv/lib/python3.11/site-packages/airflow/example_dags/plugins/listener_plugin.py
[2024-04-12T19:36:36.232+0800] {processor.py:842} WARNING - No viable dags retrieved from /Users/wanghaojin/Desktop/exchange@NUS/IS3107/HW/Project/news_data_pipeline/.venv/lib/python3.11/site-packages/airflow/example_dags/plugins/listener_plugin.py
[2024-04-12T19:36:36.273+0800] {processor.py:183} INFO - Processing /Users/wanghaojin/Desktop/exchange@NUS/IS3107/HW/Project/news_data_pipeline/.venv/lib/python3.11/site-packages/airflow/example_dags/plugins/listener_plugin.py took 0.044 seconds
[2024-04-12T19:37:44.332+0800] {processor.py:161} INFO - Started process (PID=4868) to work on /Users/wanghaojin/Desktop/exchange@NUS/IS3107/HW/Project/news_data_pipeline/.venv/lib/python3.11/site-packages/airflow/example_dags/plugins/listener_plugin.py
[2024-04-12T19:37:44.332+0800] {processor.py:830} INFO - Processing file /Users/wanghaojin/Desktop/exchange@NUS/IS3107/HW/Project/news_data_pipeline/.venv/lib/python3.11/site-packages/airflow/example_dags/plugins/listener_plugin.py for tasks to queue
[2024-04-12T19:37:44.332+0800] {logging_mixin.py:188} INFO - [2024-04-12T19:37:44.332+0800] {dagbag.py:538} INFO - Filling up the DagBag from /Users/wanghaojin/Desktop/exchange@NUS/IS3107/HW/Project/news_data_pipeline/.venv/lib/python3.11/site-packages/airflow/example_dags/plugins/listener_plugin.py
[2024-04-12T19:37:44.333+0800] {processor.py:842} WARNING - No viable dags retrieved from /Users/wanghaojin/Desktop/exchange@NUS/IS3107/HW/Project/news_data_pipeline/.venv/lib/python3.11/site-packages/airflow/example_dags/plugins/listener_plugin.py
[2024-04-12T19:37:44.374+0800] {processor.py:183} INFO - Processing /Users/wanghaojin/Desktop/exchange@NUS/IS3107/HW/Project/news_data_pipeline/.venv/lib/python3.11/site-packages/airflow/example_dags/plugins/listener_plugin.py took 0.043 seconds
[2024-04-12T19:38:52.136+0800] {processor.py:161} INFO - Started process (PID=4980) to work on /Users/wanghaojin/Desktop/exchange@NUS/IS3107/HW/Project/news_data_pipeline/.venv/lib/python3.11/site-packages/airflow/example_dags/plugins/listener_plugin.py
[2024-04-12T19:38:52.137+0800] {processor.py:830} INFO - Processing file /Users/wanghaojin/Desktop/exchange@NUS/IS3107/HW/Project/news_data_pipeline/.venv/lib/python3.11/site-packages/airflow/example_dags/plugins/listener_plugin.py for tasks to queue
[2024-04-12T19:38:52.137+0800] {logging_mixin.py:188} INFO - [2024-04-12T19:38:52.137+0800] {dagbag.py:538} INFO - Filling up the DagBag from /Users/wanghaojin/Desktop/exchange@NUS/IS3107/HW/Project/news_data_pipeline/.venv/lib/python3.11/site-packages/airflow/example_dags/plugins/listener_plugin.py
[2024-04-12T19:38:52.138+0800] {processor.py:842} WARNING - No viable dags retrieved from /Users/wanghaojin/Desktop/exchange@NUS/IS3107/HW/Project/news_data_pipeline/.venv/lib/python3.11/site-packages/airflow/example_dags/plugins/listener_plugin.py
[2024-04-12T19:38:52.179+0800] {processor.py:183} INFO - Processing /Users/wanghaojin/Desktop/exchange@NUS/IS3107/HW/Project/news_data_pipeline/.venv/lib/python3.11/site-packages/airflow/example_dags/plugins/listener_plugin.py took 0.044 seconds
[2024-04-12T19:39:58.887+0800] {processor.py:161} INFO - Started process (PID=5080) to work on /Users/wanghaojin/Desktop/exchange@NUS/IS3107/HW/Project/news_data_pipeline/.venv/lib/python3.11/site-packages/airflow/example_dags/plugins/listener_plugin.py
[2024-04-12T19:39:58.888+0800] {processor.py:830} INFO - Processing file /Users/wanghaojin/Desktop/exchange@NUS/IS3107/HW/Project/news_data_pipeline/.venv/lib/python3.11/site-packages/airflow/example_dags/plugins/listener_plugin.py for tasks to queue
[2024-04-12T19:39:58.888+0800] {logging_mixin.py:188} INFO - [2024-04-12T19:39:58.888+0800] {dagbag.py:538} INFO - Filling up the DagBag from /Users/wanghaojin/Desktop/exchange@NUS/IS3107/HW/Project/news_data_pipeline/.venv/lib/python3.11/site-packages/airflow/example_dags/plugins/listener_plugin.py
[2024-04-12T19:39:58.889+0800] {processor.py:842} WARNING - No viable dags retrieved from /Users/wanghaojin/Desktop/exchange@NUS/IS3107/HW/Project/news_data_pipeline/.venv/lib/python3.11/site-packages/airflow/example_dags/plugins/listener_plugin.py
[2024-04-12T19:39:58.930+0800] {processor.py:183} INFO - Processing /Users/wanghaojin/Desktop/exchange@NUS/IS3107/HW/Project/news_data_pipeline/.venv/lib/python3.11/site-packages/airflow/example_dags/plugins/listener_plugin.py took 0.044 seconds
[2024-04-12T19:41:04.750+0800] {processor.py:161} INFO - Started process (PID=5177) to work on /Users/wanghaojin/Desktop/exchange@NUS/IS3107/HW/Project/news_data_pipeline/.venv/lib/python3.11/site-packages/airflow/example_dags/plugins/listener_plugin.py
[2024-04-12T19:41:04.750+0800] {processor.py:830} INFO - Processing file /Users/wanghaojin/Desktop/exchange@NUS/IS3107/HW/Project/news_data_pipeline/.venv/lib/python3.11/site-packages/airflow/example_dags/plugins/listener_plugin.py for tasks to queue
[2024-04-12T19:41:04.751+0800] {logging_mixin.py:188} INFO - [2024-04-12T19:41:04.751+0800] {dagbag.py:538} INFO - Filling up the DagBag from /Users/wanghaojin/Desktop/exchange@NUS/IS3107/HW/Project/news_data_pipeline/.venv/lib/python3.11/site-packages/airflow/example_dags/plugins/listener_plugin.py
[2024-04-12T19:41:04.752+0800] {processor.py:842} WARNING - No viable dags retrieved from /Users/wanghaojin/Desktop/exchange@NUS/IS3107/HW/Project/news_data_pipeline/.venv/lib/python3.11/site-packages/airflow/example_dags/plugins/listener_plugin.py
[2024-04-12T19:41:04.793+0800] {processor.py:183} INFO - Processing /Users/wanghaojin/Desktop/exchange@NUS/IS3107/HW/Project/news_data_pipeline/.venv/lib/python3.11/site-packages/airflow/example_dags/plugins/listener_plugin.py took 0.044 seconds
[2024-04-12T19:42:13.306+0800] {processor.py:161} INFO - Started process (PID=5291) to work on /Users/wanghaojin/Desktop/exchange@NUS/IS3107/HW/Project/news_data_pipeline/.venv/lib/python3.11/site-packages/airflow/example_dags/plugins/listener_plugin.py
[2024-04-12T19:42:13.306+0800] {processor.py:830} INFO - Processing file /Users/wanghaojin/Desktop/exchange@NUS/IS3107/HW/Project/news_data_pipeline/.venv/lib/python3.11/site-packages/airflow/example_dags/plugins/listener_plugin.py for tasks to queue
[2024-04-12T19:42:13.307+0800] {logging_mixin.py:188} INFO - [2024-04-12T19:42:13.306+0800] {dagbag.py:538} INFO - Filling up the DagBag from /Users/wanghaojin/Desktop/exchange@NUS/IS3107/HW/Project/news_data_pipeline/.venv/lib/python3.11/site-packages/airflow/example_dags/plugins/listener_plugin.py
[2024-04-12T19:42:13.308+0800] {processor.py:842} WARNING - No viable dags retrieved from /Users/wanghaojin/Desktop/exchange@NUS/IS3107/HW/Project/news_data_pipeline/.venv/lib/python3.11/site-packages/airflow/example_dags/plugins/listener_plugin.py
[2024-04-12T19:42:13.349+0800] {processor.py:183} INFO - Processing /Users/wanghaojin/Desktop/exchange@NUS/IS3107/HW/Project/news_data_pipeline/.venv/lib/python3.11/site-packages/airflow/example_dags/plugins/listener_plugin.py took 0.043 seconds
[2024-04-12T19:43:20.906+0800] {processor.py:161} INFO - Started process (PID=5395) to work on /Users/wanghaojin/Desktop/exchange@NUS/IS3107/HW/Project/news_data_pipeline/.venv/lib/python3.11/site-packages/airflow/example_dags/plugins/listener_plugin.py
[2024-04-12T19:43:20.907+0800] {processor.py:830} INFO - Processing file /Users/wanghaojin/Desktop/exchange@NUS/IS3107/HW/Project/news_data_pipeline/.venv/lib/python3.11/site-packages/airflow/example_dags/plugins/listener_plugin.py for tasks to queue
[2024-04-12T19:43:20.908+0800] {logging_mixin.py:188} INFO - [2024-04-12T19:43:20.908+0800] {dagbag.py:538} INFO - Filling up the DagBag from /Users/wanghaojin/Desktop/exchange@NUS/IS3107/HW/Project/news_data_pipeline/.venv/lib/python3.11/site-packages/airflow/example_dags/plugins/listener_plugin.py
[2024-04-12T19:43:20.909+0800] {processor.py:842} WARNING - No viable dags retrieved from /Users/wanghaojin/Desktop/exchange@NUS/IS3107/HW/Project/news_data_pipeline/.venv/lib/python3.11/site-packages/airflow/example_dags/plugins/listener_plugin.py
[2024-04-12T19:43:20.950+0800] {processor.py:183} INFO - Processing /Users/wanghaojin/Desktop/exchange@NUS/IS3107/HW/Project/news_data_pipeline/.venv/lib/python3.11/site-packages/airflow/example_dags/plugins/listener_plugin.py took 0.045 seconds
[2024-04-12T19:44:29.429+0800] {processor.py:161} INFO - Started process (PID=5508) to work on /Users/wanghaojin/Desktop/exchange@NUS/IS3107/HW/Project/news_data_pipeline/.venv/lib/python3.11/site-packages/airflow/example_dags/plugins/listener_plugin.py
[2024-04-12T19:44:29.430+0800] {processor.py:830} INFO - Processing file /Users/wanghaojin/Desktop/exchange@NUS/IS3107/HW/Project/news_data_pipeline/.venv/lib/python3.11/site-packages/airflow/example_dags/plugins/listener_plugin.py for tasks to queue
[2024-04-12T19:44:29.431+0800] {logging_mixin.py:188} INFO - [2024-04-12T19:44:29.431+0800] {dagbag.py:538} INFO - Filling up the DagBag from /Users/wanghaojin/Desktop/exchange@NUS/IS3107/HW/Project/news_data_pipeline/.venv/lib/python3.11/site-packages/airflow/example_dags/plugins/listener_plugin.py
[2024-04-12T19:44:29.432+0800] {processor.py:842} WARNING - No viable dags retrieved from /Users/wanghaojin/Desktop/exchange@NUS/IS3107/HW/Project/news_data_pipeline/.venv/lib/python3.11/site-packages/airflow/example_dags/plugins/listener_plugin.py
[2024-04-12T19:44:29.473+0800] {processor.py:183} INFO - Processing /Users/wanghaojin/Desktop/exchange@NUS/IS3107/HW/Project/news_data_pipeline/.venv/lib/python3.11/site-packages/airflow/example_dags/plugins/listener_plugin.py took 0.045 seconds
[2024-04-12T19:45:37.397+0800] {processor.py:161} INFO - Started process (PID=5619) to work on /Users/wanghaojin/Desktop/exchange@NUS/IS3107/HW/Project/news_data_pipeline/.venv/lib/python3.11/site-packages/airflow/example_dags/plugins/listener_plugin.py
[2024-04-12T19:45:37.398+0800] {processor.py:830} INFO - Processing file /Users/wanghaojin/Desktop/exchange@NUS/IS3107/HW/Project/news_data_pipeline/.venv/lib/python3.11/site-packages/airflow/example_dags/plugins/listener_plugin.py for tasks to queue
[2024-04-12T19:45:37.398+0800] {logging_mixin.py:188} INFO - [2024-04-12T19:45:37.398+0800] {dagbag.py:538} INFO - Filling up the DagBag from /Users/wanghaojin/Desktop/exchange@NUS/IS3107/HW/Project/news_data_pipeline/.venv/lib/python3.11/site-packages/airflow/example_dags/plugins/listener_plugin.py
[2024-04-12T19:45:37.400+0800] {processor.py:842} WARNING - No viable dags retrieved from /Users/wanghaojin/Desktop/exchange@NUS/IS3107/HW/Project/news_data_pipeline/.venv/lib/python3.11/site-packages/airflow/example_dags/plugins/listener_plugin.py
[2024-04-12T19:45:37.441+0800] {processor.py:183} INFO - Processing /Users/wanghaojin/Desktop/exchange@NUS/IS3107/HW/Project/news_data_pipeline/.venv/lib/python3.11/site-packages/airflow/example_dags/plugins/listener_plugin.py took 0.045 seconds
[2024-04-12T19:46:44.387+0800] {processor.py:161} INFO - Started process (PID=5688) to work on /Users/wanghaojin/Desktop/exchange@NUS/IS3107/HW/Project/news_data_pipeline/.venv/lib/python3.11/site-packages/airflow/example_dags/plugins/listener_plugin.py
[2024-04-12T19:46:44.387+0800] {processor.py:830} INFO - Processing file /Users/wanghaojin/Desktop/exchange@NUS/IS3107/HW/Project/news_data_pipeline/.venv/lib/python3.11/site-packages/airflow/example_dags/plugins/listener_plugin.py for tasks to queue
[2024-04-12T19:46:44.388+0800] {logging_mixin.py:188} INFO - [2024-04-12T19:46:44.387+0800] {dagbag.py:538} INFO - Filling up the DagBag from /Users/wanghaojin/Desktop/exchange@NUS/IS3107/HW/Project/news_data_pipeline/.venv/lib/python3.11/site-packages/airflow/example_dags/plugins/listener_plugin.py
[2024-04-12T19:46:44.389+0800] {processor.py:842} WARNING - No viable dags retrieved from /Users/wanghaojin/Desktop/exchange@NUS/IS3107/HW/Project/news_data_pipeline/.venv/lib/python3.11/site-packages/airflow/example_dags/plugins/listener_plugin.py
[2024-04-12T19:46:44.430+0800] {processor.py:183} INFO - Processing /Users/wanghaojin/Desktop/exchange@NUS/IS3107/HW/Project/news_data_pipeline/.venv/lib/python3.11/site-packages/airflow/example_dags/plugins/listener_plugin.py took 0.044 seconds
[2024-04-12T19:47:53.190+0800] {processor.py:161} INFO - Started process (PID=5800) to work on /Users/wanghaojin/Desktop/exchange@NUS/IS3107/HW/Project/news_data_pipeline/.venv/lib/python3.11/site-packages/airflow/example_dags/plugins/listener_plugin.py
[2024-04-12T19:47:53.191+0800] {processor.py:830} INFO - Processing file /Users/wanghaojin/Desktop/exchange@NUS/IS3107/HW/Project/news_data_pipeline/.venv/lib/python3.11/site-packages/airflow/example_dags/plugins/listener_plugin.py for tasks to queue
[2024-04-12T19:47:53.191+0800] {logging_mixin.py:188} INFO - [2024-04-12T19:47:53.191+0800] {dagbag.py:538} INFO - Filling up the DagBag from /Users/wanghaojin/Desktop/exchange@NUS/IS3107/HW/Project/news_data_pipeline/.venv/lib/python3.11/site-packages/airflow/example_dags/plugins/listener_plugin.py
[2024-04-12T19:47:53.192+0800] {processor.py:842} WARNING - No viable dags retrieved from /Users/wanghaojin/Desktop/exchange@NUS/IS3107/HW/Project/news_data_pipeline/.venv/lib/python3.11/site-packages/airflow/example_dags/plugins/listener_plugin.py
[2024-04-12T19:47:53.233+0800] {processor.py:183} INFO - Processing /Users/wanghaojin/Desktop/exchange@NUS/IS3107/HW/Project/news_data_pipeline/.venv/lib/python3.11/site-packages/airflow/example_dags/plugins/listener_plugin.py took 0.043 seconds
[2024-04-12T19:49:02.039+0800] {processor.py:161} INFO - Started process (PID=5900) to work on /Users/wanghaojin/Desktop/exchange@NUS/IS3107/HW/Project/news_data_pipeline/.venv/lib/python3.11/site-packages/airflow/example_dags/plugins/listener_plugin.py
[2024-04-12T19:49:02.039+0800] {processor.py:830} INFO - Processing file /Users/wanghaojin/Desktop/exchange@NUS/IS3107/HW/Project/news_data_pipeline/.venv/lib/python3.11/site-packages/airflow/example_dags/plugins/listener_plugin.py for tasks to queue
[2024-04-12T19:49:02.040+0800] {logging_mixin.py:188} INFO - [2024-04-12T19:49:02.039+0800] {dagbag.py:538} INFO - Filling up the DagBag from /Users/wanghaojin/Desktop/exchange@NUS/IS3107/HW/Project/news_data_pipeline/.venv/lib/python3.11/site-packages/airflow/example_dags/plugins/listener_plugin.py
[2024-04-12T19:49:02.041+0800] {processor.py:842} WARNING - No viable dags retrieved from /Users/wanghaojin/Desktop/exchange@NUS/IS3107/HW/Project/news_data_pipeline/.venv/lib/python3.11/site-packages/airflow/example_dags/plugins/listener_plugin.py
[2024-04-12T19:49:02.082+0800] {processor.py:183} INFO - Processing /Users/wanghaojin/Desktop/exchange@NUS/IS3107/HW/Project/news_data_pipeline/.venv/lib/python3.11/site-packages/airflow/example_dags/plugins/listener_plugin.py took 0.044 seconds
[2024-04-12T19:50:09.837+0800] {processor.py:161} INFO - Started process (PID=6003) to work on /Users/wanghaojin/Desktop/exchange@NUS/IS3107/HW/Project/news_data_pipeline/.venv/lib/python3.11/site-packages/airflow/example_dags/plugins/listener_plugin.py
[2024-04-12T19:50:09.838+0800] {processor.py:830} INFO - Processing file /Users/wanghaojin/Desktop/exchange@NUS/IS3107/HW/Project/news_data_pipeline/.venv/lib/python3.11/site-packages/airflow/example_dags/plugins/listener_plugin.py for tasks to queue
[2024-04-12T19:50:09.838+0800] {logging_mixin.py:188} INFO - [2024-04-12T19:50:09.838+0800] {dagbag.py:538} INFO - Filling up the DagBag from /Users/wanghaojin/Desktop/exchange@NUS/IS3107/HW/Project/news_data_pipeline/.venv/lib/python3.11/site-packages/airflow/example_dags/plugins/listener_plugin.py
[2024-04-12T19:50:09.839+0800] {processor.py:842} WARNING - No viable dags retrieved from /Users/wanghaojin/Desktop/exchange@NUS/IS3107/HW/Project/news_data_pipeline/.venv/lib/python3.11/site-packages/airflow/example_dags/plugins/listener_plugin.py
[2024-04-12T19:50:09.881+0800] {processor.py:183} INFO - Processing /Users/wanghaojin/Desktop/exchange@NUS/IS3107/HW/Project/news_data_pipeline/.venv/lib/python3.11/site-packages/airflow/example_dags/plugins/listener_plugin.py took 0.044 seconds
[2024-04-12T19:51:18.279+0800] {processor.py:161} INFO - Started process (PID=6102) to work on /Users/wanghaojin/Desktop/exchange@NUS/IS3107/HW/Project/news_data_pipeline/.venv/lib/python3.11/site-packages/airflow/example_dags/plugins/listener_plugin.py
[2024-04-12T19:51:18.279+0800] {processor.py:830} INFO - Processing file /Users/wanghaojin/Desktop/exchange@NUS/IS3107/HW/Project/news_data_pipeline/.venv/lib/python3.11/site-packages/airflow/example_dags/plugins/listener_plugin.py for tasks to queue
[2024-04-12T19:51:18.280+0800] {logging_mixin.py:188} INFO - [2024-04-12T19:51:18.280+0800] {dagbag.py:538} INFO - Filling up the DagBag from /Users/wanghaojin/Desktop/exchange@NUS/IS3107/HW/Project/news_data_pipeline/.venv/lib/python3.11/site-packages/airflow/example_dags/plugins/listener_plugin.py
[2024-04-12T19:51:18.281+0800] {processor.py:842} WARNING - No viable dags retrieved from /Users/wanghaojin/Desktop/exchange@NUS/IS3107/HW/Project/news_data_pipeline/.venv/lib/python3.11/site-packages/airflow/example_dags/plugins/listener_plugin.py
[2024-04-12T19:51:18.322+0800] {processor.py:183} INFO - Processing /Users/wanghaojin/Desktop/exchange@NUS/IS3107/HW/Project/news_data_pipeline/.venv/lib/python3.11/site-packages/airflow/example_dags/plugins/listener_plugin.py took 0.044 seconds
[2024-04-12T19:52:24.295+0800] {processor.py:161} INFO - Started process (PID=6187) to work on /Users/wanghaojin/Desktop/exchange@NUS/IS3107/HW/Project/news_data_pipeline/.venv/lib/python3.11/site-packages/airflow/example_dags/plugins/listener_plugin.py
[2024-04-12T19:52:24.295+0800] {processor.py:830} INFO - Processing file /Users/wanghaojin/Desktop/exchange@NUS/IS3107/HW/Project/news_data_pipeline/.venv/lib/python3.11/site-packages/airflow/example_dags/plugins/listener_plugin.py for tasks to queue
[2024-04-12T19:52:24.296+0800] {logging_mixin.py:188} INFO - [2024-04-12T19:52:24.296+0800] {dagbag.py:538} INFO - Filling up the DagBag from /Users/wanghaojin/Desktop/exchange@NUS/IS3107/HW/Project/news_data_pipeline/.venv/lib/python3.11/site-packages/airflow/example_dags/plugins/listener_plugin.py
[2024-04-12T19:52:24.297+0800] {processor.py:842} WARNING - No viable dags retrieved from /Users/wanghaojin/Desktop/exchange@NUS/IS3107/HW/Project/news_data_pipeline/.venv/lib/python3.11/site-packages/airflow/example_dags/plugins/listener_plugin.py
[2024-04-12T19:52:24.338+0800] {processor.py:183} INFO - Processing /Users/wanghaojin/Desktop/exchange@NUS/IS3107/HW/Project/news_data_pipeline/.venv/lib/python3.11/site-packages/airflow/example_dags/plugins/listener_plugin.py took 0.044 seconds
[2024-04-12T19:53:30.793+0800] {processor.py:161} INFO - Started process (PID=6257) to work on /Users/wanghaojin/Desktop/exchange@NUS/IS3107/HW/Project/news_data_pipeline/.venv/lib/python3.11/site-packages/airflow/example_dags/plugins/listener_plugin.py
[2024-04-12T19:53:30.793+0800] {processor.py:830} INFO - Processing file /Users/wanghaojin/Desktop/exchange@NUS/IS3107/HW/Project/news_data_pipeline/.venv/lib/python3.11/site-packages/airflow/example_dags/plugins/listener_plugin.py for tasks to queue
[2024-04-12T19:53:30.794+0800] {logging_mixin.py:188} INFO - [2024-04-12T19:53:30.794+0800] {dagbag.py:538} INFO - Filling up the DagBag from /Users/wanghaojin/Desktop/exchange@NUS/IS3107/HW/Project/news_data_pipeline/.venv/lib/python3.11/site-packages/airflow/example_dags/plugins/listener_plugin.py
[2024-04-12T19:53:30.795+0800] {processor.py:842} WARNING - No viable dags retrieved from /Users/wanghaojin/Desktop/exchange@NUS/IS3107/HW/Project/news_data_pipeline/.venv/lib/python3.11/site-packages/airflow/example_dags/plugins/listener_plugin.py
[2024-04-12T19:53:30.836+0800] {processor.py:183} INFO - Processing /Users/wanghaojin/Desktop/exchange@NUS/IS3107/HW/Project/news_data_pipeline/.venv/lib/python3.11/site-packages/airflow/example_dags/plugins/listener_plugin.py took 0.044 seconds
[2024-04-12T19:54:39.892+0800] {processor.py:161} INFO - Started process (PID=6337) to work on /Users/wanghaojin/Desktop/exchange@NUS/IS3107/HW/Project/news_data_pipeline/.venv/lib/python3.11/site-packages/airflow/example_dags/plugins/listener_plugin.py
[2024-04-12T19:54:39.893+0800] {processor.py:830} INFO - Processing file /Users/wanghaojin/Desktop/exchange@NUS/IS3107/HW/Project/news_data_pipeline/.venv/lib/python3.11/site-packages/airflow/example_dags/plugins/listener_plugin.py for tasks to queue
[2024-04-12T19:54:39.893+0800] {logging_mixin.py:188} INFO - [2024-04-12T19:54:39.893+0800] {dagbag.py:538} INFO - Filling up the DagBag from /Users/wanghaojin/Desktop/exchange@NUS/IS3107/HW/Project/news_data_pipeline/.venv/lib/python3.11/site-packages/airflow/example_dags/plugins/listener_plugin.py
[2024-04-12T19:54:39.895+0800] {processor.py:842} WARNING - No viable dags retrieved from /Users/wanghaojin/Desktop/exchange@NUS/IS3107/HW/Project/news_data_pipeline/.venv/lib/python3.11/site-packages/airflow/example_dags/plugins/listener_plugin.py
[2024-04-12T19:54:39.936+0800] {processor.py:183} INFO - Processing /Users/wanghaojin/Desktop/exchange@NUS/IS3107/HW/Project/news_data_pipeline/.venv/lib/python3.11/site-packages/airflow/example_dags/plugins/listener_plugin.py took 0.045 seconds
[2024-04-12T19:55:47.200+0800] {processor.py:161} INFO - Started process (PID=6430) to work on /Users/wanghaojin/Desktop/exchange@NUS/IS3107/HW/Project/news_data_pipeline/.venv/lib/python3.11/site-packages/airflow/example_dags/plugins/listener_plugin.py
[2024-04-12T19:55:47.201+0800] {processor.py:830} INFO - Processing file /Users/wanghaojin/Desktop/exchange@NUS/IS3107/HW/Project/news_data_pipeline/.venv/lib/python3.11/site-packages/airflow/example_dags/plugins/listener_plugin.py for tasks to queue
[2024-04-12T19:55:47.201+0800] {logging_mixin.py:188} INFO - [2024-04-12T19:55:47.201+0800] {dagbag.py:538} INFO - Filling up the DagBag from /Users/wanghaojin/Desktop/exchange@NUS/IS3107/HW/Project/news_data_pipeline/.venv/lib/python3.11/site-packages/airflow/example_dags/plugins/listener_plugin.py
[2024-04-12T19:55:47.202+0800] {processor.py:842} WARNING - No viable dags retrieved from /Users/wanghaojin/Desktop/exchange@NUS/IS3107/HW/Project/news_data_pipeline/.venv/lib/python3.11/site-packages/airflow/example_dags/plugins/listener_plugin.py
[2024-04-12T19:55:47.243+0800] {processor.py:183} INFO - Processing /Users/wanghaojin/Desktop/exchange@NUS/IS3107/HW/Project/news_data_pipeline/.venv/lib/python3.11/site-packages/airflow/example_dags/plugins/listener_plugin.py took 0.044 seconds
[2024-04-12T19:56:54.460+0800] {processor.py:161} INFO - Started process (PID=6495) to work on /Users/wanghaojin/Desktop/exchange@NUS/IS3107/HW/Project/news_data_pipeline/.venv/lib/python3.11/site-packages/airflow/example_dags/plugins/listener_plugin.py
[2024-04-12T19:56:54.461+0800] {processor.py:830} INFO - Processing file /Users/wanghaojin/Desktop/exchange@NUS/IS3107/HW/Project/news_data_pipeline/.venv/lib/python3.11/site-packages/airflow/example_dags/plugins/listener_plugin.py for tasks to queue
[2024-04-12T19:56:54.461+0800] {logging_mixin.py:188} INFO - [2024-04-12T19:56:54.461+0800] {dagbag.py:538} INFO - Filling up the DagBag from /Users/wanghaojin/Desktop/exchange@NUS/IS3107/HW/Project/news_data_pipeline/.venv/lib/python3.11/site-packages/airflow/example_dags/plugins/listener_plugin.py
[2024-04-12T19:56:54.462+0800] {processor.py:842} WARNING - No viable dags retrieved from /Users/wanghaojin/Desktop/exchange@NUS/IS3107/HW/Project/news_data_pipeline/.venv/lib/python3.11/site-packages/airflow/example_dags/plugins/listener_plugin.py
[2024-04-12T19:56:54.503+0800] {processor.py:183} INFO - Processing /Users/wanghaojin/Desktop/exchange@NUS/IS3107/HW/Project/news_data_pipeline/.venv/lib/python3.11/site-packages/airflow/example_dags/plugins/listener_plugin.py took 0.043 seconds
[2024-04-12T19:58:01.349+0800] {processor.py:161} INFO - Started process (PID=6557) to work on /Users/wanghaojin/Desktop/exchange@NUS/IS3107/HW/Project/news_data_pipeline/.venv/lib/python3.11/site-packages/airflow/example_dags/plugins/listener_plugin.py
[2024-04-12T19:58:01.350+0800] {processor.py:830} INFO - Processing file /Users/wanghaojin/Desktop/exchange@NUS/IS3107/HW/Project/news_data_pipeline/.venv/lib/python3.11/site-packages/airflow/example_dags/plugins/listener_plugin.py for tasks to queue
[2024-04-12T19:58:01.351+0800] {logging_mixin.py:188} INFO - [2024-04-12T19:58:01.351+0800] {dagbag.py:538} INFO - Filling up the DagBag from /Users/wanghaojin/Desktop/exchange@NUS/IS3107/HW/Project/news_data_pipeline/.venv/lib/python3.11/site-packages/airflow/example_dags/plugins/listener_plugin.py
[2024-04-12T19:58:01.352+0800] {processor.py:842} WARNING - No viable dags retrieved from /Users/wanghaojin/Desktop/exchange@NUS/IS3107/HW/Project/news_data_pipeline/.venv/lib/python3.11/site-packages/airflow/example_dags/plugins/listener_plugin.py
[2024-04-12T19:58:01.394+0800] {processor.py:183} INFO - Processing /Users/wanghaojin/Desktop/exchange@NUS/IS3107/HW/Project/news_data_pipeline/.venv/lib/python3.11/site-packages/airflow/example_dags/plugins/listener_plugin.py took 0.045 seconds
[2024-04-12T19:59:06.607+0800] {processor.py:161} INFO - Started process (PID=6619) to work on /Users/wanghaojin/Desktop/exchange@NUS/IS3107/HW/Project/news_data_pipeline/.venv/lib/python3.11/site-packages/airflow/example_dags/plugins/listener_plugin.py
[2024-04-12T19:59:06.608+0800] {processor.py:830} INFO - Processing file /Users/wanghaojin/Desktop/exchange@NUS/IS3107/HW/Project/news_data_pipeline/.venv/lib/python3.11/site-packages/airflow/example_dags/plugins/listener_plugin.py for tasks to queue
[2024-04-12T19:59:06.608+0800] {logging_mixin.py:188} INFO - [2024-04-12T19:59:06.608+0800] {dagbag.py:538} INFO - Filling up the DagBag from /Users/wanghaojin/Desktop/exchange@NUS/IS3107/HW/Project/news_data_pipeline/.venv/lib/python3.11/site-packages/airflow/example_dags/plugins/listener_plugin.py
[2024-04-12T19:59:06.609+0800] {processor.py:842} WARNING - No viable dags retrieved from /Users/wanghaojin/Desktop/exchange@NUS/IS3107/HW/Project/news_data_pipeline/.venv/lib/python3.11/site-packages/airflow/example_dags/plugins/listener_plugin.py
[2024-04-12T19:59:06.650+0800] {processor.py:183} INFO - Processing /Users/wanghaojin/Desktop/exchange@NUS/IS3107/HW/Project/news_data_pipeline/.venv/lib/python3.11/site-packages/airflow/example_dags/plugins/listener_plugin.py took 0.044 seconds
[2024-04-12T20:00:13.750+0800] {processor.py:161} INFO - Started process (PID=6707) to work on /Users/wanghaojin/Desktop/exchange@NUS/IS3107/HW/Project/news_data_pipeline/.venv/lib/python3.11/site-packages/airflow/example_dags/plugins/listener_plugin.py
[2024-04-12T20:00:13.750+0800] {processor.py:830} INFO - Processing file /Users/wanghaojin/Desktop/exchange@NUS/IS3107/HW/Project/news_data_pipeline/.venv/lib/python3.11/site-packages/airflow/example_dags/plugins/listener_plugin.py for tasks to queue
[2024-04-12T20:00:13.751+0800] {logging_mixin.py:188} INFO - [2024-04-12T20:00:13.751+0800] {dagbag.py:538} INFO - Filling up the DagBag from /Users/wanghaojin/Desktop/exchange@NUS/IS3107/HW/Project/news_data_pipeline/.venv/lib/python3.11/site-packages/airflow/example_dags/plugins/listener_plugin.py
[2024-04-12T20:00:13.752+0800] {processor.py:842} WARNING - No viable dags retrieved from /Users/wanghaojin/Desktop/exchange@NUS/IS3107/HW/Project/news_data_pipeline/.venv/lib/python3.11/site-packages/airflow/example_dags/plugins/listener_plugin.py
[2024-04-12T20:00:13.793+0800] {processor.py:183} INFO - Processing /Users/wanghaojin/Desktop/exchange@NUS/IS3107/HW/Project/news_data_pipeline/.venv/lib/python3.11/site-packages/airflow/example_dags/plugins/listener_plugin.py took 0.044 seconds
[2024-04-12T20:01:22.994+0800] {processor.py:161} INFO - Started process (PID=6807) to work on /Users/wanghaojin/Desktop/exchange@NUS/IS3107/HW/Project/news_data_pipeline/.venv/lib/python3.11/site-packages/airflow/example_dags/plugins/listener_plugin.py
[2024-04-12T20:01:22.994+0800] {processor.py:830} INFO - Processing file /Users/wanghaojin/Desktop/exchange@NUS/IS3107/HW/Project/news_data_pipeline/.venv/lib/python3.11/site-packages/airflow/example_dags/plugins/listener_plugin.py for tasks to queue
[2024-04-12T20:01:22.994+0800] {logging_mixin.py:188} INFO - [2024-04-12T20:01:22.994+0800] {dagbag.py:538} INFO - Filling up the DagBag from /Users/wanghaojin/Desktop/exchange@NUS/IS3107/HW/Project/news_data_pipeline/.venv/lib/python3.11/site-packages/airflow/example_dags/plugins/listener_plugin.py
[2024-04-12T20:01:22.996+0800] {processor.py:842} WARNING - No viable dags retrieved from /Users/wanghaojin/Desktop/exchange@NUS/IS3107/HW/Project/news_data_pipeline/.venv/lib/python3.11/site-packages/airflow/example_dags/plugins/listener_plugin.py
[2024-04-12T20:01:23.037+0800] {processor.py:183} INFO - Processing /Users/wanghaojin/Desktop/exchange@NUS/IS3107/HW/Project/news_data_pipeline/.venv/lib/python3.11/site-packages/airflow/example_dags/plugins/listener_plugin.py took 0.044 seconds
[2024-04-12T20:02:31.928+0800] {processor.py:161} INFO - Started process (PID=6889) to work on /Users/wanghaojin/Desktop/exchange@NUS/IS3107/HW/Project/news_data_pipeline/.venv/lib/python3.11/site-packages/airflow/example_dags/plugins/listener_plugin.py
[2024-04-12T20:02:31.929+0800] {processor.py:830} INFO - Processing file /Users/wanghaojin/Desktop/exchange@NUS/IS3107/HW/Project/news_data_pipeline/.venv/lib/python3.11/site-packages/airflow/example_dags/plugins/listener_plugin.py for tasks to queue
[2024-04-12T20:02:31.930+0800] {logging_mixin.py:188} INFO - [2024-04-12T20:02:31.929+0800] {dagbag.py:538} INFO - Filling up the DagBag from /Users/wanghaojin/Desktop/exchange@NUS/IS3107/HW/Project/news_data_pipeline/.venv/lib/python3.11/site-packages/airflow/example_dags/plugins/listener_plugin.py
[2024-04-12T20:02:31.931+0800] {processor.py:842} WARNING - No viable dags retrieved from /Users/wanghaojin/Desktop/exchange@NUS/IS3107/HW/Project/news_data_pipeline/.venv/lib/python3.11/site-packages/airflow/example_dags/plugins/listener_plugin.py
[2024-04-12T20:02:31.972+0800] {processor.py:183} INFO - Processing /Users/wanghaojin/Desktop/exchange@NUS/IS3107/HW/Project/news_data_pipeline/.venv/lib/python3.11/site-packages/airflow/example_dags/plugins/listener_plugin.py took 0.045 seconds
[2024-04-12T20:03:43.953+0800] {processor.py:161} INFO - Started process (PID=7118) to work on /Users/wanghaojin/Desktop/exchange@NUS/IS3107/HW/Project/news_data_pipeline/.venv/lib/python3.11/site-packages/airflow/example_dags/plugins/listener_plugin.py
[2024-04-12T20:03:43.954+0800] {processor.py:830} INFO - Processing file /Users/wanghaojin/Desktop/exchange@NUS/IS3107/HW/Project/news_data_pipeline/.venv/lib/python3.11/site-packages/airflow/example_dags/plugins/listener_plugin.py for tasks to queue
[2024-04-12T20:03:43.955+0800] {logging_mixin.py:188} INFO - [2024-04-12T20:03:43.954+0800] {dagbag.py:538} INFO - Filling up the DagBag from /Users/wanghaojin/Desktop/exchange@NUS/IS3107/HW/Project/news_data_pipeline/.venv/lib/python3.11/site-packages/airflow/example_dags/plugins/listener_plugin.py
[2024-04-12T20:03:43.956+0800] {processor.py:842} WARNING - No viable dags retrieved from /Users/wanghaojin/Desktop/exchange@NUS/IS3107/HW/Project/news_data_pipeline/.venv/lib/python3.11/site-packages/airflow/example_dags/plugins/listener_plugin.py
[2024-04-12T20:03:43.998+0800] {processor.py:183} INFO - Processing /Users/wanghaojin/Desktop/exchange@NUS/IS3107/HW/Project/news_data_pipeline/.venv/lib/python3.11/site-packages/airflow/example_dags/plugins/listener_plugin.py took 0.045 seconds
[2024-04-12T20:04:52.915+0800] {processor.py:161} INFO - Started process (PID=7205) to work on /Users/wanghaojin/Desktop/exchange@NUS/IS3107/HW/Project/news_data_pipeline/.venv/lib/python3.11/site-packages/airflow/example_dags/plugins/listener_plugin.py
[2024-04-12T20:04:52.916+0800] {processor.py:830} INFO - Processing file /Users/wanghaojin/Desktop/exchange@NUS/IS3107/HW/Project/news_data_pipeline/.venv/lib/python3.11/site-packages/airflow/example_dags/plugins/listener_plugin.py for tasks to queue
[2024-04-12T20:04:52.916+0800] {logging_mixin.py:188} INFO - [2024-04-12T20:04:52.916+0800] {dagbag.py:538} INFO - Filling up the DagBag from /Users/wanghaojin/Desktop/exchange@NUS/IS3107/HW/Project/news_data_pipeline/.venv/lib/python3.11/site-packages/airflow/example_dags/plugins/listener_plugin.py
[2024-04-12T20:04:52.917+0800] {processor.py:842} WARNING - No viable dags retrieved from /Users/wanghaojin/Desktop/exchange@NUS/IS3107/HW/Project/news_data_pipeline/.venv/lib/python3.11/site-packages/airflow/example_dags/plugins/listener_plugin.py
[2024-04-12T20:04:52.959+0800] {processor.py:183} INFO - Processing /Users/wanghaojin/Desktop/exchange@NUS/IS3107/HW/Project/news_data_pipeline/.venv/lib/python3.11/site-packages/airflow/example_dags/plugins/listener_plugin.py took 0.044 seconds
[2024-04-12T20:06:00.310+0800] {processor.py:161} INFO - Started process (PID=7321) to work on /Users/wanghaojin/Desktop/exchange@NUS/IS3107/HW/Project/news_data_pipeline/.venv/lib/python3.11/site-packages/airflow/example_dags/plugins/listener_plugin.py
[2024-04-12T20:06:00.311+0800] {processor.py:830} INFO - Processing file /Users/wanghaojin/Desktop/exchange@NUS/IS3107/HW/Project/news_data_pipeline/.venv/lib/python3.11/site-packages/airflow/example_dags/plugins/listener_plugin.py for tasks to queue
[2024-04-12T20:06:00.311+0800] {logging_mixin.py:188} INFO - [2024-04-12T20:06:00.311+0800] {dagbag.py:538} INFO - Filling up the DagBag from /Users/wanghaojin/Desktop/exchange@NUS/IS3107/HW/Project/news_data_pipeline/.venv/lib/python3.11/site-packages/airflow/example_dags/plugins/listener_plugin.py
[2024-04-12T20:06:00.312+0800] {processor.py:842} WARNING - No viable dags retrieved from /Users/wanghaojin/Desktop/exchange@NUS/IS3107/HW/Project/news_data_pipeline/.venv/lib/python3.11/site-packages/airflow/example_dags/plugins/listener_plugin.py
[2024-04-12T20:06:00.354+0800] {processor.py:183} INFO - Processing /Users/wanghaojin/Desktop/exchange@NUS/IS3107/HW/Project/news_data_pipeline/.venv/lib/python3.11/site-packages/airflow/example_dags/plugins/listener_plugin.py took 0.044 seconds
[2024-04-12T20:07:09.026+0800] {processor.py:161} INFO - Started process (PID=7426) to work on /Users/wanghaojin/Desktop/exchange@NUS/IS3107/HW/Project/news_data_pipeline/.venv/lib/python3.11/site-packages/airflow/example_dags/plugins/listener_plugin.py
[2024-04-12T20:07:09.027+0800] {processor.py:830} INFO - Processing file /Users/wanghaojin/Desktop/exchange@NUS/IS3107/HW/Project/news_data_pipeline/.venv/lib/python3.11/site-packages/airflow/example_dags/plugins/listener_plugin.py for tasks to queue
[2024-04-12T20:07:09.027+0800] {logging_mixin.py:188} INFO - [2024-04-12T20:07:09.027+0800] {dagbag.py:538} INFO - Filling up the DagBag from /Users/wanghaojin/Desktop/exchange@NUS/IS3107/HW/Project/news_data_pipeline/.venv/lib/python3.11/site-packages/airflow/example_dags/plugins/listener_plugin.py
[2024-04-12T20:07:09.028+0800] {processor.py:842} WARNING - No viable dags retrieved from /Users/wanghaojin/Desktop/exchange@NUS/IS3107/HW/Project/news_data_pipeline/.venv/lib/python3.11/site-packages/airflow/example_dags/plugins/listener_plugin.py
[2024-04-12T20:07:09.069+0800] {processor.py:183} INFO - Processing /Users/wanghaojin/Desktop/exchange@NUS/IS3107/HW/Project/news_data_pipeline/.venv/lib/python3.11/site-packages/airflow/example_dags/plugins/listener_plugin.py took 0.044 seconds
[2024-04-12T20:08:17.809+0800] {processor.py:161} INFO - Started process (PID=7514) to work on /Users/wanghaojin/Desktop/exchange@NUS/IS3107/HW/Project/news_data_pipeline/.venv/lib/python3.11/site-packages/airflow/example_dags/plugins/listener_plugin.py
[2024-04-12T20:08:17.809+0800] {processor.py:830} INFO - Processing file /Users/wanghaojin/Desktop/exchange@NUS/IS3107/HW/Project/news_data_pipeline/.venv/lib/python3.11/site-packages/airflow/example_dags/plugins/listener_plugin.py for tasks to queue
[2024-04-12T20:08:17.810+0800] {logging_mixin.py:188} INFO - [2024-04-12T20:08:17.810+0800] {dagbag.py:538} INFO - Filling up the DagBag from /Users/wanghaojin/Desktop/exchange@NUS/IS3107/HW/Project/news_data_pipeline/.venv/lib/python3.11/site-packages/airflow/example_dags/plugins/listener_plugin.py
[2024-04-12T20:08:17.811+0800] {processor.py:842} WARNING - No viable dags retrieved from /Users/wanghaojin/Desktop/exchange@NUS/IS3107/HW/Project/news_data_pipeline/.venv/lib/python3.11/site-packages/airflow/example_dags/plugins/listener_plugin.py
[2024-04-12T20:08:17.852+0800] {processor.py:183} INFO - Processing /Users/wanghaojin/Desktop/exchange@NUS/IS3107/HW/Project/news_data_pipeline/.venv/lib/python3.11/site-packages/airflow/example_dags/plugins/listener_plugin.py took 0.044 seconds
[2024-04-12T20:09:26.311+0800] {processor.py:161} INFO - Started process (PID=7598) to work on /Users/wanghaojin/Desktop/exchange@NUS/IS3107/HW/Project/news_data_pipeline/.venv/lib/python3.11/site-packages/airflow/example_dags/plugins/listener_plugin.py
[2024-04-12T20:09:26.311+0800] {processor.py:830} INFO - Processing file /Users/wanghaojin/Desktop/exchange@NUS/IS3107/HW/Project/news_data_pipeline/.venv/lib/python3.11/site-packages/airflow/example_dags/plugins/listener_plugin.py for tasks to queue
[2024-04-12T20:09:26.311+0800] {logging_mixin.py:188} INFO - [2024-04-12T20:09:26.311+0800] {dagbag.py:538} INFO - Filling up the DagBag from /Users/wanghaojin/Desktop/exchange@NUS/IS3107/HW/Project/news_data_pipeline/.venv/lib/python3.11/site-packages/airflow/example_dags/plugins/listener_plugin.py
[2024-04-12T20:09:26.312+0800] {processor.py:842} WARNING - No viable dags retrieved from /Users/wanghaojin/Desktop/exchange@NUS/IS3107/HW/Project/news_data_pipeline/.venv/lib/python3.11/site-packages/airflow/example_dags/plugins/listener_plugin.py
[2024-04-12T20:09:26.353+0800] {processor.py:183} INFO - Processing /Users/wanghaojin/Desktop/exchange@NUS/IS3107/HW/Project/news_data_pipeline/.venv/lib/python3.11/site-packages/airflow/example_dags/plugins/listener_plugin.py took 0.043 seconds
[2024-04-12T20:10:35.379+0800] {processor.py:161} INFO - Started process (PID=7704) to work on /Users/wanghaojin/Desktop/exchange@NUS/IS3107/HW/Project/news_data_pipeline/.venv/lib/python3.11/site-packages/airflow/example_dags/plugins/listener_plugin.py
[2024-04-12T20:10:35.379+0800] {processor.py:830} INFO - Processing file /Users/wanghaojin/Desktop/exchange@NUS/IS3107/HW/Project/news_data_pipeline/.venv/lib/python3.11/site-packages/airflow/example_dags/plugins/listener_plugin.py for tasks to queue
[2024-04-12T20:10:35.379+0800] {logging_mixin.py:188} INFO - [2024-04-12T20:10:35.379+0800] {dagbag.py:538} INFO - Filling up the DagBag from /Users/wanghaojin/Desktop/exchange@NUS/IS3107/HW/Project/news_data_pipeline/.venv/lib/python3.11/site-packages/airflow/example_dags/plugins/listener_plugin.py
[2024-04-12T20:10:35.380+0800] {processor.py:842} WARNING - No viable dags retrieved from /Users/wanghaojin/Desktop/exchange@NUS/IS3107/HW/Project/news_data_pipeline/.venv/lib/python3.11/site-packages/airflow/example_dags/plugins/listener_plugin.py
[2024-04-12T20:10:35.422+0800] {processor.py:183} INFO - Processing /Users/wanghaojin/Desktop/exchange@NUS/IS3107/HW/Project/news_data_pipeline/.venv/lib/python3.11/site-packages/airflow/example_dags/plugins/listener_plugin.py took 0.044 seconds
[2024-04-12T20:11:43.318+0800] {processor.py:161} INFO - Started process (PID=7803) to work on /Users/wanghaojin/Desktop/exchange@NUS/IS3107/HW/Project/news_data_pipeline/.venv/lib/python3.11/site-packages/airflow/example_dags/plugins/listener_plugin.py
[2024-04-12T20:11:43.318+0800] {processor.py:830} INFO - Processing file /Users/wanghaojin/Desktop/exchange@NUS/IS3107/HW/Project/news_data_pipeline/.venv/lib/python3.11/site-packages/airflow/example_dags/plugins/listener_plugin.py for tasks to queue
[2024-04-12T20:11:43.319+0800] {logging_mixin.py:188} INFO - [2024-04-12T20:11:43.319+0800] {dagbag.py:538} INFO - Filling up the DagBag from /Users/wanghaojin/Desktop/exchange@NUS/IS3107/HW/Project/news_data_pipeline/.venv/lib/python3.11/site-packages/airflow/example_dags/plugins/listener_plugin.py
[2024-04-12T20:11:43.320+0800] {processor.py:842} WARNING - No viable dags retrieved from /Users/wanghaojin/Desktop/exchange@NUS/IS3107/HW/Project/news_data_pipeline/.venv/lib/python3.11/site-packages/airflow/example_dags/plugins/listener_plugin.py
[2024-04-12T20:11:43.361+0800] {processor.py:183} INFO - Processing /Users/wanghaojin/Desktop/exchange@NUS/IS3107/HW/Project/news_data_pipeline/.venv/lib/python3.11/site-packages/airflow/example_dags/plugins/listener_plugin.py took 0.043 seconds
[2024-04-12T20:12:52.233+0800] {processor.py:161} INFO - Started process (PID=7939) to work on /Users/wanghaojin/Desktop/exchange@NUS/IS3107/HW/Project/news_data_pipeline/.venv/lib/python3.11/site-packages/airflow/example_dags/plugins/listener_plugin.py
[2024-04-12T20:12:52.233+0800] {processor.py:830} INFO - Processing file /Users/wanghaojin/Desktop/exchange@NUS/IS3107/HW/Project/news_data_pipeline/.venv/lib/python3.11/site-packages/airflow/example_dags/plugins/listener_plugin.py for tasks to queue
[2024-04-12T20:12:52.234+0800] {logging_mixin.py:188} INFO - [2024-04-12T20:12:52.234+0800] {dagbag.py:538} INFO - Filling up the DagBag from /Users/wanghaojin/Desktop/exchange@NUS/IS3107/HW/Project/news_data_pipeline/.venv/lib/python3.11/site-packages/airflow/example_dags/plugins/listener_plugin.py
[2024-04-12T20:12:52.236+0800] {processor.py:842} WARNING - No viable dags retrieved from /Users/wanghaojin/Desktop/exchange@NUS/IS3107/HW/Project/news_data_pipeline/.venv/lib/python3.11/site-packages/airflow/example_dags/plugins/listener_plugin.py
[2024-04-12T20:12:52.281+0800] {processor.py:183} INFO - Processing /Users/wanghaojin/Desktop/exchange@NUS/IS3107/HW/Project/news_data_pipeline/.venv/lib/python3.11/site-packages/airflow/example_dags/plugins/listener_plugin.py took 0.049 seconds
[2024-04-12T20:14:00.964+0800] {processor.py:161} INFO - Started process (PID=8049) to work on /Users/wanghaojin/Desktop/exchange@NUS/IS3107/HW/Project/news_data_pipeline/.venv/lib/python3.11/site-packages/airflow/example_dags/plugins/listener_plugin.py
[2024-04-12T20:14:00.964+0800] {processor.py:830} INFO - Processing file /Users/wanghaojin/Desktop/exchange@NUS/IS3107/HW/Project/news_data_pipeline/.venv/lib/python3.11/site-packages/airflow/example_dags/plugins/listener_plugin.py for tasks to queue
[2024-04-12T20:14:00.965+0800] {logging_mixin.py:188} INFO - [2024-04-12T20:14:00.964+0800] {dagbag.py:538} INFO - Filling up the DagBag from /Users/wanghaojin/Desktop/exchange@NUS/IS3107/HW/Project/news_data_pipeline/.venv/lib/python3.11/site-packages/airflow/example_dags/plugins/listener_plugin.py
[2024-04-12T20:14:00.966+0800] {processor.py:842} WARNING - No viable dags retrieved from /Users/wanghaojin/Desktop/exchange@NUS/IS3107/HW/Project/news_data_pipeline/.venv/lib/python3.11/site-packages/airflow/example_dags/plugins/listener_plugin.py
[2024-04-12T20:14:01.007+0800] {processor.py:183} INFO - Processing /Users/wanghaojin/Desktop/exchange@NUS/IS3107/HW/Project/news_data_pipeline/.venv/lib/python3.11/site-packages/airflow/example_dags/plugins/listener_plugin.py took 0.044 seconds
[2024-04-12T20:15:10.038+0800] {processor.py:161} INFO - Started process (PID=8181) to work on /Users/wanghaojin/Desktop/exchange@NUS/IS3107/HW/Project/news_data_pipeline/.venv/lib/python3.11/site-packages/airflow/example_dags/plugins/listener_plugin.py
[2024-04-12T20:15:10.038+0800] {processor.py:830} INFO - Processing file /Users/wanghaojin/Desktop/exchange@NUS/IS3107/HW/Project/news_data_pipeline/.venv/lib/python3.11/site-packages/airflow/example_dags/plugins/listener_plugin.py for tasks to queue
[2024-04-12T20:15:10.039+0800] {logging_mixin.py:188} INFO - [2024-04-12T20:15:10.038+0800] {dagbag.py:538} INFO - Filling up the DagBag from /Users/wanghaojin/Desktop/exchange@NUS/IS3107/HW/Project/news_data_pipeline/.venv/lib/python3.11/site-packages/airflow/example_dags/plugins/listener_plugin.py
[2024-04-12T20:15:10.040+0800] {processor.py:842} WARNING - No viable dags retrieved from /Users/wanghaojin/Desktop/exchange@NUS/IS3107/HW/Project/news_data_pipeline/.venv/lib/python3.11/site-packages/airflow/example_dags/plugins/listener_plugin.py
[2024-04-12T20:15:10.081+0800] {processor.py:183} INFO - Processing /Users/wanghaojin/Desktop/exchange@NUS/IS3107/HW/Project/news_data_pipeline/.venv/lib/python3.11/site-packages/airflow/example_dags/plugins/listener_plugin.py took 0.044 seconds
[2024-04-12T20:16:18.799+0800] {processor.py:161} INFO - Started process (PID=8330) to work on /Users/wanghaojin/Desktop/exchange@NUS/IS3107/HW/Project/news_data_pipeline/.venv/lib/python3.11/site-packages/airflow/example_dags/plugins/listener_plugin.py
[2024-04-12T20:16:18.799+0800] {processor.py:830} INFO - Processing file /Users/wanghaojin/Desktop/exchange@NUS/IS3107/HW/Project/news_data_pipeline/.venv/lib/python3.11/site-packages/airflow/example_dags/plugins/listener_plugin.py for tasks to queue
[2024-04-12T20:16:18.800+0800] {logging_mixin.py:188} INFO - [2024-04-12T20:16:18.800+0800] {dagbag.py:538} INFO - Filling up the DagBag from /Users/wanghaojin/Desktop/exchange@NUS/IS3107/HW/Project/news_data_pipeline/.venv/lib/python3.11/site-packages/airflow/example_dags/plugins/listener_plugin.py
[2024-04-12T20:16:18.802+0800] {processor.py:842} WARNING - No viable dags retrieved from /Users/wanghaojin/Desktop/exchange@NUS/IS3107/HW/Project/news_data_pipeline/.venv/lib/python3.11/site-packages/airflow/example_dags/plugins/listener_plugin.py
[2024-04-12T20:16:18.843+0800] {processor.py:183} INFO - Processing /Users/wanghaojin/Desktop/exchange@NUS/IS3107/HW/Project/news_data_pipeline/.venv/lib/python3.11/site-packages/airflow/example_dags/plugins/listener_plugin.py took 0.045 seconds
[2024-04-12T20:17:28.411+0800] {processor.py:161} INFO - Started process (PID=8484) to work on /Users/wanghaojin/Desktop/exchange@NUS/IS3107/HW/Project/news_data_pipeline/.venv/lib/python3.11/site-packages/airflow/example_dags/plugins/listener_plugin.py
[2024-04-12T20:17:28.411+0800] {processor.py:830} INFO - Processing file /Users/wanghaojin/Desktop/exchange@NUS/IS3107/HW/Project/news_data_pipeline/.venv/lib/python3.11/site-packages/airflow/example_dags/plugins/listener_plugin.py for tasks to queue
[2024-04-12T20:17:28.411+0800] {logging_mixin.py:188} INFO - [2024-04-12T20:17:28.411+0800] {dagbag.py:538} INFO - Filling up the DagBag from /Users/wanghaojin/Desktop/exchange@NUS/IS3107/HW/Project/news_data_pipeline/.venv/lib/python3.11/site-packages/airflow/example_dags/plugins/listener_plugin.py
[2024-04-12T20:17:28.412+0800] {processor.py:842} WARNING - No viable dags retrieved from /Users/wanghaojin/Desktop/exchange@NUS/IS3107/HW/Project/news_data_pipeline/.venv/lib/python3.11/site-packages/airflow/example_dags/plugins/listener_plugin.py
[2024-04-12T20:17:28.453+0800] {processor.py:183} INFO - Processing /Users/wanghaojin/Desktop/exchange@NUS/IS3107/HW/Project/news_data_pipeline/.venv/lib/python3.11/site-packages/airflow/example_dags/plugins/listener_plugin.py took 0.043 seconds
[2024-04-12T20:18:20.199+0800] {processor.py:161} INFO - Started process (PID=8676) to work on /Users/wanghaojin/Desktop/exchange@NUS/IS3107/HW/Project/news_data_pipeline/.venv/lib/python3.11/site-packages/airflow/example_dags/plugins/listener_plugin.py
[2024-04-12T20:18:20.200+0800] {processor.py:830} INFO - Processing file /Users/wanghaojin/Desktop/exchange@NUS/IS3107/HW/Project/news_data_pipeline/.venv/lib/python3.11/site-packages/airflow/example_dags/plugins/listener_plugin.py for tasks to queue
[2024-04-12T20:18:20.200+0800] {logging_mixin.py:188} INFO - [2024-04-12T20:18:20.200+0800] {dagbag.py:538} INFO - Filling up the DagBag from /Users/wanghaojin/Desktop/exchange@NUS/IS3107/HW/Project/news_data_pipeline/.venv/lib/python3.11/site-packages/airflow/example_dags/plugins/listener_plugin.py
[2024-04-12T20:18:20.201+0800] {processor.py:842} WARNING - No viable dags retrieved from /Users/wanghaojin/Desktop/exchange@NUS/IS3107/HW/Project/news_data_pipeline/.venv/lib/python3.11/site-packages/airflow/example_dags/plugins/listener_plugin.py
[2024-04-12T20:18:20.242+0800] {processor.py:183} INFO - Processing /Users/wanghaojin/Desktop/exchange@NUS/IS3107/HW/Project/news_data_pipeline/.venv/lib/python3.11/site-packages/airflow/example_dags/plugins/listener_plugin.py took 0.043 seconds
[2024-04-12T20:19:59.499+0800] {processor.py:161} INFO - Started process (PID=8777) to work on /Users/wanghaojin/Desktop/exchange@NUS/IS3107/HW/Project/news_data_pipeline/.venv/lib/python3.11/site-packages/airflow/example_dags/plugins/listener_plugin.py
[2024-04-12T20:19:59.499+0800] {processor.py:830} INFO - Processing file /Users/wanghaojin/Desktop/exchange@NUS/IS3107/HW/Project/news_data_pipeline/.venv/lib/python3.11/site-packages/airflow/example_dags/plugins/listener_plugin.py for tasks to queue
[2024-04-12T20:19:59.500+0800] {logging_mixin.py:188} INFO - [2024-04-12T20:19:59.499+0800] {dagbag.py:538} INFO - Filling up the DagBag from /Users/wanghaojin/Desktop/exchange@NUS/IS3107/HW/Project/news_data_pipeline/.venv/lib/python3.11/site-packages/airflow/example_dags/plugins/listener_plugin.py
[2024-04-12T20:19:59.501+0800] {processor.py:842} WARNING - No viable dags retrieved from /Users/wanghaojin/Desktop/exchange@NUS/IS3107/HW/Project/news_data_pipeline/.venv/lib/python3.11/site-packages/airflow/example_dags/plugins/listener_plugin.py
[2024-04-12T20:19:59.541+0800] {processor.py:183} INFO - Processing /Users/wanghaojin/Desktop/exchange@NUS/IS3107/HW/Project/news_data_pipeline/.venv/lib/python3.11/site-packages/airflow/example_dags/plugins/listener_plugin.py took 0.043 seconds
[2024-04-12T20:20:39.702+0800] {processor.py:161} INFO - Started process (PID=8888) to work on /Users/wanghaojin/Desktop/exchange@NUS/IS3107/HW/Project/news_data_pipeline/.venv/lib/python3.11/site-packages/airflow/example_dags/plugins/listener_plugin.py
[2024-04-12T20:20:39.703+0800] {processor.py:830} INFO - Processing file /Users/wanghaojin/Desktop/exchange@NUS/IS3107/HW/Project/news_data_pipeline/.venv/lib/python3.11/site-packages/airflow/example_dags/plugins/listener_plugin.py for tasks to queue
[2024-04-12T20:20:39.703+0800] {logging_mixin.py:188} INFO - [2024-04-12T20:20:39.703+0800] {dagbag.py:538} INFO - Filling up the DagBag from /Users/wanghaojin/Desktop/exchange@NUS/IS3107/HW/Project/news_data_pipeline/.venv/lib/python3.11/site-packages/airflow/example_dags/plugins/listener_plugin.py
[2024-04-12T20:20:39.704+0800] {processor.py:842} WARNING - No viable dags retrieved from /Users/wanghaojin/Desktop/exchange@NUS/IS3107/HW/Project/news_data_pipeline/.venv/lib/python3.11/site-packages/airflow/example_dags/plugins/listener_plugin.py
[2024-04-12T20:20:39.745+0800] {processor.py:183} INFO - Processing /Users/wanghaojin/Desktop/exchange@NUS/IS3107/HW/Project/news_data_pipeline/.venv/lib/python3.11/site-packages/airflow/example_dags/plugins/listener_plugin.py took 0.044 seconds
[2024-04-12T20:22:18.997+0800] {processor.py:161} INFO - Started process (PID=8978) to work on /Users/wanghaojin/Desktop/exchange@NUS/IS3107/HW/Project/news_data_pipeline/.venv/lib/python3.11/site-packages/airflow/example_dags/plugins/listener_plugin.py
[2024-04-12T20:22:18.998+0800] {processor.py:830} INFO - Processing file /Users/wanghaojin/Desktop/exchange@NUS/IS3107/HW/Project/news_data_pipeline/.venv/lib/python3.11/site-packages/airflow/example_dags/plugins/listener_plugin.py for tasks to queue
[2024-04-12T20:22:18.998+0800] {logging_mixin.py:188} INFO - [2024-04-12T20:22:18.998+0800] {dagbag.py:538} INFO - Filling up the DagBag from /Users/wanghaojin/Desktop/exchange@NUS/IS3107/HW/Project/news_data_pipeline/.venv/lib/python3.11/site-packages/airflow/example_dags/plugins/listener_plugin.py
[2024-04-12T20:22:18.999+0800] {processor.py:842} WARNING - No viable dags retrieved from /Users/wanghaojin/Desktop/exchange@NUS/IS3107/HW/Project/news_data_pipeline/.venv/lib/python3.11/site-packages/airflow/example_dags/plugins/listener_plugin.py
[2024-04-12T20:22:19.040+0800] {processor.py:183} INFO - Processing /Users/wanghaojin/Desktop/exchange@NUS/IS3107/HW/Project/news_data_pipeline/.venv/lib/python3.11/site-packages/airflow/example_dags/plugins/listener_plugin.py took 0.043 seconds
[2024-04-12T20:23:27.520+0800] {processor.py:161} INFO - Started process (PID=9070) to work on /Users/wanghaojin/Desktop/exchange@NUS/IS3107/HW/Project/news_data_pipeline/.venv/lib/python3.11/site-packages/airflow/example_dags/plugins/listener_plugin.py
[2024-04-12T20:23:27.520+0800] {processor.py:830} INFO - Processing file /Users/wanghaojin/Desktop/exchange@NUS/IS3107/HW/Project/news_data_pipeline/.venv/lib/python3.11/site-packages/airflow/example_dags/plugins/listener_plugin.py for tasks to queue
[2024-04-12T20:23:27.521+0800] {logging_mixin.py:188} INFO - [2024-04-12T20:23:27.521+0800] {dagbag.py:538} INFO - Filling up the DagBag from /Users/wanghaojin/Desktop/exchange@NUS/IS3107/HW/Project/news_data_pipeline/.venv/lib/python3.11/site-packages/airflow/example_dags/plugins/listener_plugin.py
[2024-04-12T20:23:27.522+0800] {processor.py:842} WARNING - No viable dags retrieved from /Users/wanghaojin/Desktop/exchange@NUS/IS3107/HW/Project/news_data_pipeline/.venv/lib/python3.11/site-packages/airflow/example_dags/plugins/listener_plugin.py
[2024-04-12T20:23:27.575+0800] {processor.py:183} INFO - Processing /Users/wanghaojin/Desktop/exchange@NUS/IS3107/HW/Project/news_data_pipeline/.venv/lib/python3.11/site-packages/airflow/example_dags/plugins/listener_plugin.py took 0.056 seconds
[2024-04-12T20:24:37.959+0800] {processor.py:161} INFO - Started process (PID=9172) to work on /Users/wanghaojin/Desktop/exchange@NUS/IS3107/HW/Project/news_data_pipeline/.venv/lib/python3.11/site-packages/airflow/example_dags/plugins/listener_plugin.py
[2024-04-12T20:24:37.960+0800] {processor.py:830} INFO - Processing file /Users/wanghaojin/Desktop/exchange@NUS/IS3107/HW/Project/news_data_pipeline/.venv/lib/python3.11/site-packages/airflow/example_dags/plugins/listener_plugin.py for tasks to queue
[2024-04-12T20:24:37.961+0800] {logging_mixin.py:188} INFO - [2024-04-12T20:24:37.960+0800] {dagbag.py:538} INFO - Filling up the DagBag from /Users/wanghaojin/Desktop/exchange@NUS/IS3107/HW/Project/news_data_pipeline/.venv/lib/python3.11/site-packages/airflow/example_dags/plugins/listener_plugin.py
[2024-04-12T20:24:37.962+0800] {processor.py:842} WARNING - No viable dags retrieved from /Users/wanghaojin/Desktop/exchange@NUS/IS3107/HW/Project/news_data_pipeline/.venv/lib/python3.11/site-packages/airflow/example_dags/plugins/listener_plugin.py
[2024-04-12T20:24:38.003+0800] {processor.py:183} INFO - Processing /Users/wanghaojin/Desktop/exchange@NUS/IS3107/HW/Project/news_data_pipeline/.venv/lib/python3.11/site-packages/airflow/example_dags/plugins/listener_plugin.py took 0.044 seconds
[2024-04-12T20:26:01.187+0800] {processor.py:161} INFO - Started process (PID=9298) to work on /Users/wanghaojin/Desktop/exchange@NUS/IS3107/HW/Project/news_data_pipeline/.venv/lib/python3.11/site-packages/airflow/example_dags/plugins/listener_plugin.py
[2024-04-12T20:26:01.188+0800] {processor.py:830} INFO - Processing file /Users/wanghaojin/Desktop/exchange@NUS/IS3107/HW/Project/news_data_pipeline/.venv/lib/python3.11/site-packages/airflow/example_dags/plugins/listener_plugin.py for tasks to queue
[2024-04-12T20:26:01.188+0800] {logging_mixin.py:188} INFO - [2024-04-12T20:26:01.188+0800] {dagbag.py:538} INFO - Filling up the DagBag from /Users/wanghaojin/Desktop/exchange@NUS/IS3107/HW/Project/news_data_pipeline/.venv/lib/python3.11/site-packages/airflow/example_dags/plugins/listener_plugin.py
[2024-04-12T20:26:01.189+0800] {processor.py:842} WARNING - No viable dags retrieved from /Users/wanghaojin/Desktop/exchange@NUS/IS3107/HW/Project/news_data_pipeline/.venv/lib/python3.11/site-packages/airflow/example_dags/plugins/listener_plugin.py
[2024-04-12T20:26:01.253+0800] {processor.py:183} INFO - Processing /Users/wanghaojin/Desktop/exchange@NUS/IS3107/HW/Project/news_data_pipeline/.venv/lib/python3.11/site-packages/airflow/example_dags/plugins/listener_plugin.py took 0.066 seconds
[2024-04-12T20:27:10.418+0800] {processor.py:161} INFO - Started process (PID=9447) to work on /Users/wanghaojin/Desktop/exchange@NUS/IS3107/HW/Project/news_data_pipeline/.venv/lib/python3.11/site-packages/airflow/example_dags/plugins/listener_plugin.py
[2024-04-12T20:27:10.418+0800] {processor.py:830} INFO - Processing file /Users/wanghaojin/Desktop/exchange@NUS/IS3107/HW/Project/news_data_pipeline/.venv/lib/python3.11/site-packages/airflow/example_dags/plugins/listener_plugin.py for tasks to queue
[2024-04-12T20:27:10.418+0800] {logging_mixin.py:188} INFO - [2024-04-12T20:27:10.418+0800] {dagbag.py:538} INFO - Filling up the DagBag from /Users/wanghaojin/Desktop/exchange@NUS/IS3107/HW/Project/news_data_pipeline/.venv/lib/python3.11/site-packages/airflow/example_dags/plugins/listener_plugin.py
[2024-04-12T20:27:10.419+0800] {processor.py:842} WARNING - No viable dags retrieved from /Users/wanghaojin/Desktop/exchange@NUS/IS3107/HW/Project/news_data_pipeline/.venv/lib/python3.11/site-packages/airflow/example_dags/plugins/listener_plugin.py
[2024-04-12T20:27:10.461+0800] {processor.py:183} INFO - Processing /Users/wanghaojin/Desktop/exchange@NUS/IS3107/HW/Project/news_data_pipeline/.venv/lib/python3.11/site-packages/airflow/example_dags/plugins/listener_plugin.py took 0.044 seconds
[2024-04-12T20:28:19.340+0800] {processor.py:161} INFO - Started process (PID=9554) to work on /Users/wanghaojin/Desktop/exchange@NUS/IS3107/HW/Project/news_data_pipeline/.venv/lib/python3.11/site-packages/airflow/example_dags/plugins/listener_plugin.py
[2024-04-12T20:28:19.340+0800] {processor.py:830} INFO - Processing file /Users/wanghaojin/Desktop/exchange@NUS/IS3107/HW/Project/news_data_pipeline/.venv/lib/python3.11/site-packages/airflow/example_dags/plugins/listener_plugin.py for tasks to queue
[2024-04-12T20:28:19.341+0800] {logging_mixin.py:188} INFO - [2024-04-12T20:28:19.341+0800] {dagbag.py:538} INFO - Filling up the DagBag from /Users/wanghaojin/Desktop/exchange@NUS/IS3107/HW/Project/news_data_pipeline/.venv/lib/python3.11/site-packages/airflow/example_dags/plugins/listener_plugin.py
[2024-04-12T20:28:19.342+0800] {processor.py:842} WARNING - No viable dags retrieved from /Users/wanghaojin/Desktop/exchange@NUS/IS3107/HW/Project/news_data_pipeline/.venv/lib/python3.11/site-packages/airflow/example_dags/plugins/listener_plugin.py
[2024-04-12T20:28:19.384+0800] {processor.py:183} INFO - Processing /Users/wanghaojin/Desktop/exchange@NUS/IS3107/HW/Project/news_data_pipeline/.venv/lib/python3.11/site-packages/airflow/example_dags/plugins/listener_plugin.py took 0.045 seconds
[2024-04-12T20:29:23.891+0800] {processor.py:161} INFO - Started process (PID=9698) to work on /Users/wanghaojin/Desktop/exchange@NUS/IS3107/HW/Project/news_data_pipeline/.venv/lib/python3.11/site-packages/airflow/example_dags/plugins/listener_plugin.py
[2024-04-12T20:29:23.892+0800] {processor.py:830} INFO - Processing file /Users/wanghaojin/Desktop/exchange@NUS/IS3107/HW/Project/news_data_pipeline/.venv/lib/python3.11/site-packages/airflow/example_dags/plugins/listener_plugin.py for tasks to queue
[2024-04-12T20:29:23.893+0800] {logging_mixin.py:188} INFO - [2024-04-12T20:29:23.892+0800] {dagbag.py:538} INFO - Filling up the DagBag from /Users/wanghaojin/Desktop/exchange@NUS/IS3107/HW/Project/news_data_pipeline/.venv/lib/python3.11/site-packages/airflow/example_dags/plugins/listener_plugin.py
[2024-04-12T20:29:23.894+0800] {processor.py:842} WARNING - No viable dags retrieved from /Users/wanghaojin/Desktop/exchange@NUS/IS3107/HW/Project/news_data_pipeline/.venv/lib/python3.11/site-packages/airflow/example_dags/plugins/listener_plugin.py
[2024-04-12T20:29:23.937+0800] {processor.py:183} INFO - Processing /Users/wanghaojin/Desktop/exchange@NUS/IS3107/HW/Project/news_data_pipeline/.venv/lib/python3.11/site-packages/airflow/example_dags/plugins/listener_plugin.py took 0.047 seconds
[2024-04-12T20:31:03.266+0800] {processor.py:161} INFO - Started process (PID=9874) to work on /Users/wanghaojin/Desktop/exchange@NUS/IS3107/HW/Project/news_data_pipeline/.venv/lib/python3.11/site-packages/airflow/example_dags/plugins/listener_plugin.py
[2024-04-12T20:31:03.267+0800] {processor.py:830} INFO - Processing file /Users/wanghaojin/Desktop/exchange@NUS/IS3107/HW/Project/news_data_pipeline/.venv/lib/python3.11/site-packages/airflow/example_dags/plugins/listener_plugin.py for tasks to queue
[2024-04-12T20:31:03.267+0800] {logging_mixin.py:188} INFO - [2024-04-12T20:31:03.267+0800] {dagbag.py:538} INFO - Filling up the DagBag from /Users/wanghaojin/Desktop/exchange@NUS/IS3107/HW/Project/news_data_pipeline/.venv/lib/python3.11/site-packages/airflow/example_dags/plugins/listener_plugin.py
[2024-04-12T20:31:03.268+0800] {processor.py:842} WARNING - No viable dags retrieved from /Users/wanghaojin/Desktop/exchange@NUS/IS3107/HW/Project/news_data_pipeline/.venv/lib/python3.11/site-packages/airflow/example_dags/plugins/listener_plugin.py
[2024-04-12T20:31:03.309+0800] {processor.py:183} INFO - Processing /Users/wanghaojin/Desktop/exchange@NUS/IS3107/HW/Project/news_data_pipeline/.venv/lib/python3.11/site-packages/airflow/example_dags/plugins/listener_plugin.py took 0.044 seconds
[2024-04-12T20:32:46.435+0800] {processor.py:161} INFO - Started process (PID=10080) to work on /Users/wanghaojin/Desktop/exchange@NUS/IS3107/HW/Project/news_data_pipeline/.venv/lib/python3.11/site-packages/airflow/example_dags/plugins/listener_plugin.py
[2024-04-12T20:32:46.436+0800] {processor.py:830} INFO - Processing file /Users/wanghaojin/Desktop/exchange@NUS/IS3107/HW/Project/news_data_pipeline/.venv/lib/python3.11/site-packages/airflow/example_dags/plugins/listener_plugin.py for tasks to queue
[2024-04-12T20:32:46.437+0800] {logging_mixin.py:188} INFO - [2024-04-12T20:32:46.437+0800] {dagbag.py:538} INFO - Filling up the DagBag from /Users/wanghaojin/Desktop/exchange@NUS/IS3107/HW/Project/news_data_pipeline/.venv/lib/python3.11/site-packages/airflow/example_dags/plugins/listener_plugin.py
[2024-04-12T20:32:46.438+0800] {processor.py:842} WARNING - No viable dags retrieved from /Users/wanghaojin/Desktop/exchange@NUS/IS3107/HW/Project/news_data_pipeline/.venv/lib/python3.11/site-packages/airflow/example_dags/plugins/listener_plugin.py
[2024-04-12T20:32:46.480+0800] {processor.py:183} INFO - Processing /Users/wanghaojin/Desktop/exchange@NUS/IS3107/HW/Project/news_data_pipeline/.venv/lib/python3.11/site-packages/airflow/example_dags/plugins/listener_plugin.py took 0.046 seconds
[2024-04-12T20:33:32.703+0800] {processor.py:161} INFO - Started process (PID=10173) to work on /Users/wanghaojin/Desktop/exchange@NUS/IS3107/HW/Project/news_data_pipeline/.venv/lib/python3.11/site-packages/airflow/example_dags/plugins/listener_plugin.py
[2024-04-12T20:33:32.704+0800] {processor.py:830} INFO - Processing file /Users/wanghaojin/Desktop/exchange@NUS/IS3107/HW/Project/news_data_pipeline/.venv/lib/python3.11/site-packages/airflow/example_dags/plugins/listener_plugin.py for tasks to queue
[2024-04-12T20:33:32.704+0800] {logging_mixin.py:188} INFO - [2024-04-12T20:33:32.704+0800] {dagbag.py:538} INFO - Filling up the DagBag from /Users/wanghaojin/Desktop/exchange@NUS/IS3107/HW/Project/news_data_pipeline/.venv/lib/python3.11/site-packages/airflow/example_dags/plugins/listener_plugin.py
[2024-04-12T20:33:32.705+0800] {processor.py:842} WARNING - No viable dags retrieved from /Users/wanghaojin/Desktop/exchange@NUS/IS3107/HW/Project/news_data_pipeline/.venv/lib/python3.11/site-packages/airflow/example_dags/plugins/listener_plugin.py
[2024-04-12T20:33:32.747+0800] {processor.py:183} INFO - Processing /Users/wanghaojin/Desktop/exchange@NUS/IS3107/HW/Project/news_data_pipeline/.venv/lib/python3.11/site-packages/airflow/example_dags/plugins/listener_plugin.py took 0.044 seconds
[2024-04-12T20:34:47.279+0800] {processor.py:161} INFO - Started process (PID=10323) to work on /Users/wanghaojin/Desktop/exchange@NUS/IS3107/HW/Project/news_data_pipeline/.venv/lib/python3.11/site-packages/airflow/example_dags/plugins/listener_plugin.py
[2024-04-12T20:34:47.280+0800] {processor.py:830} INFO - Processing file /Users/wanghaojin/Desktop/exchange@NUS/IS3107/HW/Project/news_data_pipeline/.venv/lib/python3.11/site-packages/airflow/example_dags/plugins/listener_plugin.py for tasks to queue
[2024-04-12T20:34:47.281+0800] {logging_mixin.py:188} INFO - [2024-04-12T20:34:47.281+0800] {dagbag.py:538} INFO - Filling up the DagBag from /Users/wanghaojin/Desktop/exchange@NUS/IS3107/HW/Project/news_data_pipeline/.venv/lib/python3.11/site-packages/airflow/example_dags/plugins/listener_plugin.py
[2024-04-12T20:34:47.282+0800] {processor.py:842} WARNING - No viable dags retrieved from /Users/wanghaojin/Desktop/exchange@NUS/IS3107/HW/Project/news_data_pipeline/.venv/lib/python3.11/site-packages/airflow/example_dags/plugins/listener_plugin.py
[2024-04-12T20:34:47.323+0800] {processor.py:183} INFO - Processing /Users/wanghaojin/Desktop/exchange@NUS/IS3107/HW/Project/news_data_pipeline/.venv/lib/python3.11/site-packages/airflow/example_dags/plugins/listener_plugin.py took 0.045 seconds
[2024-04-12T20:36:06.944+0800] {processor.py:161} INFO - Started process (PID=10478) to work on /Users/wanghaojin/Desktop/exchange@NUS/IS3107/HW/Project/news_data_pipeline/.venv/lib/python3.11/site-packages/airflow/example_dags/plugins/listener_plugin.py
[2024-04-12T20:36:06.945+0800] {processor.py:830} INFO - Processing file /Users/wanghaojin/Desktop/exchange@NUS/IS3107/HW/Project/news_data_pipeline/.venv/lib/python3.11/site-packages/airflow/example_dags/plugins/listener_plugin.py for tasks to queue
[2024-04-12T20:36:06.945+0800] {logging_mixin.py:188} INFO - [2024-04-12T20:36:06.945+0800] {dagbag.py:538} INFO - Filling up the DagBag from /Users/wanghaojin/Desktop/exchange@NUS/IS3107/HW/Project/news_data_pipeline/.venv/lib/python3.11/site-packages/airflow/example_dags/plugins/listener_plugin.py
[2024-04-12T20:36:06.946+0800] {processor.py:842} WARNING - No viable dags retrieved from /Users/wanghaojin/Desktop/exchange@NUS/IS3107/HW/Project/news_data_pipeline/.venv/lib/python3.11/site-packages/airflow/example_dags/plugins/listener_plugin.py
[2024-04-12T20:36:06.987+0800] {processor.py:183} INFO - Processing /Users/wanghaojin/Desktop/exchange@NUS/IS3107/HW/Project/news_data_pipeline/.venv/lib/python3.11/site-packages/airflow/example_dags/plugins/listener_plugin.py took 0.043 seconds
[2024-04-12T20:37:50.622+0800] {processor.py:161} INFO - Started process (PID=10611) to work on /Users/wanghaojin/Desktop/exchange@NUS/IS3107/HW/Project/news_data_pipeline/.venv/lib/python3.11/site-packages/airflow/example_dags/plugins/listener_plugin.py
[2024-04-12T20:37:50.623+0800] {processor.py:830} INFO - Processing file /Users/wanghaojin/Desktop/exchange@NUS/IS3107/HW/Project/news_data_pipeline/.venv/lib/python3.11/site-packages/airflow/example_dags/plugins/listener_plugin.py for tasks to queue
[2024-04-12T20:37:50.623+0800] {logging_mixin.py:188} INFO - [2024-04-12T20:37:50.623+0800] {dagbag.py:538} INFO - Filling up the DagBag from /Users/wanghaojin/Desktop/exchange@NUS/IS3107/HW/Project/news_data_pipeline/.venv/lib/python3.11/site-packages/airflow/example_dags/plugins/listener_plugin.py
[2024-04-12T20:37:50.624+0800] {processor.py:842} WARNING - No viable dags retrieved from /Users/wanghaojin/Desktop/exchange@NUS/IS3107/HW/Project/news_data_pipeline/.venv/lib/python3.11/site-packages/airflow/example_dags/plugins/listener_plugin.py
[2024-04-12T20:37:50.665+0800] {processor.py:183} INFO - Processing /Users/wanghaojin/Desktop/exchange@NUS/IS3107/HW/Project/news_data_pipeline/.venv/lib/python3.11/site-packages/airflow/example_dags/plugins/listener_plugin.py took 0.044 seconds
[2024-04-12T20:38:58.925+0800] {processor.py:161} INFO - Started process (PID=10728) to work on /Users/wanghaojin/Desktop/exchange@NUS/IS3107/HW/Project/news_data_pipeline/.venv/lib/python3.11/site-packages/airflow/example_dags/plugins/listener_plugin.py
[2024-04-12T20:38:58.925+0800] {processor.py:830} INFO - Processing file /Users/wanghaojin/Desktop/exchange@NUS/IS3107/HW/Project/news_data_pipeline/.venv/lib/python3.11/site-packages/airflow/example_dags/plugins/listener_plugin.py for tasks to queue
[2024-04-12T20:38:58.926+0800] {logging_mixin.py:188} INFO - [2024-04-12T20:38:58.925+0800] {dagbag.py:538} INFO - Filling up the DagBag from /Users/wanghaojin/Desktop/exchange@NUS/IS3107/HW/Project/news_data_pipeline/.venv/lib/python3.11/site-packages/airflow/example_dags/plugins/listener_plugin.py
[2024-04-12T20:38:58.927+0800] {processor.py:842} WARNING - No viable dags retrieved from /Users/wanghaojin/Desktop/exchange@NUS/IS3107/HW/Project/news_data_pipeline/.venv/lib/python3.11/site-packages/airflow/example_dags/plugins/listener_plugin.py
[2024-04-12T20:38:58.968+0800] {processor.py:183} INFO - Processing /Users/wanghaojin/Desktop/exchange@NUS/IS3107/HW/Project/news_data_pipeline/.venv/lib/python3.11/site-packages/airflow/example_dags/plugins/listener_plugin.py took 0.043 seconds
[2024-04-12T20:40:06.068+0800] {processor.py:161} INFO - Started process (PID=10836) to work on /Users/wanghaojin/Desktop/exchange@NUS/IS3107/HW/Project/news_data_pipeline/.venv/lib/python3.11/site-packages/airflow/example_dags/plugins/listener_plugin.py
[2024-04-12T20:40:06.069+0800] {processor.py:830} INFO - Processing file /Users/wanghaojin/Desktop/exchange@NUS/IS3107/HW/Project/news_data_pipeline/.venv/lib/python3.11/site-packages/airflow/example_dags/plugins/listener_plugin.py for tasks to queue
[2024-04-12T20:40:06.069+0800] {logging_mixin.py:188} INFO - [2024-04-12T20:40:06.069+0800] {dagbag.py:538} INFO - Filling up the DagBag from /Users/wanghaojin/Desktop/exchange@NUS/IS3107/HW/Project/news_data_pipeline/.venv/lib/python3.11/site-packages/airflow/example_dags/plugins/listener_plugin.py
[2024-04-12T20:40:06.070+0800] {processor.py:842} WARNING - No viable dags retrieved from /Users/wanghaojin/Desktop/exchange@NUS/IS3107/HW/Project/news_data_pipeline/.venv/lib/python3.11/site-packages/airflow/example_dags/plugins/listener_plugin.py
[2024-04-12T20:40:06.112+0800] {processor.py:183} INFO - Processing /Users/wanghaojin/Desktop/exchange@NUS/IS3107/HW/Project/news_data_pipeline/.venv/lib/python3.11/site-packages/airflow/example_dags/plugins/listener_plugin.py took 0.044 seconds
[2024-04-12T20:41:14.893+0800] {processor.py:161} INFO - Started process (PID=10924) to work on /Users/wanghaojin/Desktop/exchange@NUS/IS3107/HW/Project/news_data_pipeline/.venv/lib/python3.11/site-packages/airflow/example_dags/plugins/listener_plugin.py
[2024-04-12T20:41:14.893+0800] {processor.py:830} INFO - Processing file /Users/wanghaojin/Desktop/exchange@NUS/IS3107/HW/Project/news_data_pipeline/.venv/lib/python3.11/site-packages/airflow/example_dags/plugins/listener_plugin.py for tasks to queue
[2024-04-12T20:41:14.894+0800] {logging_mixin.py:188} INFO - [2024-04-12T20:41:14.894+0800] {dagbag.py:538} INFO - Filling up the DagBag from /Users/wanghaojin/Desktop/exchange@NUS/IS3107/HW/Project/news_data_pipeline/.venv/lib/python3.11/site-packages/airflow/example_dags/plugins/listener_plugin.py
[2024-04-12T20:41:14.895+0800] {processor.py:842} WARNING - No viable dags retrieved from /Users/wanghaojin/Desktop/exchange@NUS/IS3107/HW/Project/news_data_pipeline/.venv/lib/python3.11/site-packages/airflow/example_dags/plugins/listener_plugin.py
[2024-04-12T20:41:14.936+0800] {processor.py:183} INFO - Processing /Users/wanghaojin/Desktop/exchange@NUS/IS3107/HW/Project/news_data_pipeline/.venv/lib/python3.11/site-packages/airflow/example_dags/plugins/listener_plugin.py took 0.043 seconds
[2024-04-12T20:42:23.999+0800] {processor.py:161} INFO - Started process (PID=11041) to work on /Users/wanghaojin/Desktop/exchange@NUS/IS3107/HW/Project/news_data_pipeline/.venv/lib/python3.11/site-packages/airflow/example_dags/plugins/listener_plugin.py
[2024-04-12T20:42:24.000+0800] {processor.py:830} INFO - Processing file /Users/wanghaojin/Desktop/exchange@NUS/IS3107/HW/Project/news_data_pipeline/.venv/lib/python3.11/site-packages/airflow/example_dags/plugins/listener_plugin.py for tasks to queue
[2024-04-12T20:42:24.000+0800] {logging_mixin.py:188} INFO - [2024-04-12T20:42:24.000+0800] {dagbag.py:538} INFO - Filling up the DagBag from /Users/wanghaojin/Desktop/exchange@NUS/IS3107/HW/Project/news_data_pipeline/.venv/lib/python3.11/site-packages/airflow/example_dags/plugins/listener_plugin.py
[2024-04-12T20:42:24.001+0800] {processor.py:842} WARNING - No viable dags retrieved from /Users/wanghaojin/Desktop/exchange@NUS/IS3107/HW/Project/news_data_pipeline/.venv/lib/python3.11/site-packages/airflow/example_dags/plugins/listener_plugin.py
[2024-04-12T20:42:24.042+0800] {processor.py:183} INFO - Processing /Users/wanghaojin/Desktop/exchange@NUS/IS3107/HW/Project/news_data_pipeline/.venv/lib/python3.11/site-packages/airflow/example_dags/plugins/listener_plugin.py took 0.044 seconds
[2024-04-12T20:43:36.714+0800] {processor.py:161} INFO - Started process (PID=11139) to work on /Users/wanghaojin/Desktop/exchange@NUS/IS3107/HW/Project/news_data_pipeline/.venv/lib/python3.11/site-packages/airflow/example_dags/plugins/listener_plugin.py
[2024-04-12T20:43:36.715+0800] {processor.py:830} INFO - Processing file /Users/wanghaojin/Desktop/exchange@NUS/IS3107/HW/Project/news_data_pipeline/.venv/lib/python3.11/site-packages/airflow/example_dags/plugins/listener_plugin.py for tasks to queue
[2024-04-12T20:43:36.716+0800] {logging_mixin.py:188} INFO - [2024-04-12T20:43:36.715+0800] {dagbag.py:538} INFO - Filling up the DagBag from /Users/wanghaojin/Desktop/exchange@NUS/IS3107/HW/Project/news_data_pipeline/.venv/lib/python3.11/site-packages/airflow/example_dags/plugins/listener_plugin.py
[2024-04-12T20:43:36.717+0800] {processor.py:842} WARNING - No viable dags retrieved from /Users/wanghaojin/Desktop/exchange@NUS/IS3107/HW/Project/news_data_pipeline/.venv/lib/python3.11/site-packages/airflow/example_dags/plugins/listener_plugin.py
[2024-04-12T20:43:36.758+0800] {processor.py:183} INFO - Processing /Users/wanghaojin/Desktop/exchange@NUS/IS3107/HW/Project/news_data_pipeline/.venv/lib/python3.11/site-packages/airflow/example_dags/plugins/listener_plugin.py took 0.045 seconds
[2024-04-12T20:44:43.986+0800] {processor.py:161} INFO - Started process (PID=11250) to work on /Users/wanghaojin/Desktop/exchange@NUS/IS3107/HW/Project/news_data_pipeline/.venv/lib/python3.11/site-packages/airflow/example_dags/plugins/listener_plugin.py
[2024-04-12T20:44:43.987+0800] {processor.py:830} INFO - Processing file /Users/wanghaojin/Desktop/exchange@NUS/IS3107/HW/Project/news_data_pipeline/.venv/lib/python3.11/site-packages/airflow/example_dags/plugins/listener_plugin.py for tasks to queue
[2024-04-12T20:44:43.988+0800] {logging_mixin.py:188} INFO - [2024-04-12T20:44:43.987+0800] {dagbag.py:538} INFO - Filling up the DagBag from /Users/wanghaojin/Desktop/exchange@NUS/IS3107/HW/Project/news_data_pipeline/.venv/lib/python3.11/site-packages/airflow/example_dags/plugins/listener_plugin.py
[2024-04-12T20:44:43.990+0800] {processor.py:842} WARNING - No viable dags retrieved from /Users/wanghaojin/Desktop/exchange@NUS/IS3107/HW/Project/news_data_pipeline/.venv/lib/python3.11/site-packages/airflow/example_dags/plugins/listener_plugin.py
[2024-04-12T20:44:44.054+0800] {processor.py:183} INFO - Processing /Users/wanghaojin/Desktop/exchange@NUS/IS3107/HW/Project/news_data_pipeline/.venv/lib/python3.11/site-packages/airflow/example_dags/plugins/listener_plugin.py took 0.070 seconds
[2024-04-12T20:45:30.193+0800] {processor.py:161} INFO - Started process (PID=11365) to work on /Users/wanghaojin/Desktop/exchange@NUS/IS3107/HW/Project/news_data_pipeline/.venv/lib/python3.11/site-packages/airflow/example_dags/plugins/listener_plugin.py
[2024-04-12T20:45:30.194+0800] {processor.py:830} INFO - Processing file /Users/wanghaojin/Desktop/exchange@NUS/IS3107/HW/Project/news_data_pipeline/.venv/lib/python3.11/site-packages/airflow/example_dags/plugins/listener_plugin.py for tasks to queue
[2024-04-12T20:45:30.194+0800] {logging_mixin.py:188} INFO - [2024-04-12T20:45:30.194+0800] {dagbag.py:538} INFO - Filling up the DagBag from /Users/wanghaojin/Desktop/exchange@NUS/IS3107/HW/Project/news_data_pipeline/.venv/lib/python3.11/site-packages/airflow/example_dags/plugins/listener_plugin.py
[2024-04-12T20:45:30.195+0800] {processor.py:842} WARNING - No viable dags retrieved from /Users/wanghaojin/Desktop/exchange@NUS/IS3107/HW/Project/news_data_pipeline/.venv/lib/python3.11/site-packages/airflow/example_dags/plugins/listener_plugin.py
[2024-04-12T20:45:30.236+0800] {processor.py:183} INFO - Processing /Users/wanghaojin/Desktop/exchange@NUS/IS3107/HW/Project/news_data_pipeline/.venv/lib/python3.11/site-packages/airflow/example_dags/plugins/listener_plugin.py took 0.044 seconds
[2024-04-12T20:46:26.683+0800] {processor.py:161} INFO - Started process (PID=11474) to work on /Users/wanghaojin/Desktop/exchange@NUS/IS3107/HW/Project/news_data_pipeline/.venv/lib/python3.11/site-packages/airflow/example_dags/plugins/listener_plugin.py
[2024-04-12T20:46:26.684+0800] {processor.py:830} INFO - Processing file /Users/wanghaojin/Desktop/exchange@NUS/IS3107/HW/Project/news_data_pipeline/.venv/lib/python3.11/site-packages/airflow/example_dags/plugins/listener_plugin.py for tasks to queue
[2024-04-12T20:46:26.684+0800] {logging_mixin.py:188} INFO - [2024-04-12T20:46:26.684+0800] {dagbag.py:538} INFO - Filling up the DagBag from /Users/wanghaojin/Desktop/exchange@NUS/IS3107/HW/Project/news_data_pipeline/.venv/lib/python3.11/site-packages/airflow/example_dags/plugins/listener_plugin.py
[2024-04-12T20:46:26.685+0800] {processor.py:842} WARNING - No viable dags retrieved from /Users/wanghaojin/Desktop/exchange@NUS/IS3107/HW/Project/news_data_pipeline/.venv/lib/python3.11/site-packages/airflow/example_dags/plugins/listener_plugin.py
[2024-04-12T20:46:26.726+0800] {processor.py:183} INFO - Processing /Users/wanghaojin/Desktop/exchange@NUS/IS3107/HW/Project/news_data_pipeline/.venv/lib/python3.11/site-packages/airflow/example_dags/plugins/listener_plugin.py took 0.044 seconds
[2024-04-12T20:47:17.000+0800] {processor.py:161} INFO - Started process (PID=11581) to work on /Users/wanghaojin/Desktop/exchange@NUS/IS3107/HW/Project/news_data_pipeline/.venv/lib/python3.11/site-packages/airflow/example_dags/plugins/listener_plugin.py
[2024-04-12T20:47:17.001+0800] {processor.py:830} INFO - Processing file /Users/wanghaojin/Desktop/exchange@NUS/IS3107/HW/Project/news_data_pipeline/.venv/lib/python3.11/site-packages/airflow/example_dags/plugins/listener_plugin.py for tasks to queue
[2024-04-12T20:47:17.001+0800] {logging_mixin.py:188} INFO - [2024-04-12T20:47:17.001+0800] {dagbag.py:538} INFO - Filling up the DagBag from /Users/wanghaojin/Desktop/exchange@NUS/IS3107/HW/Project/news_data_pipeline/.venv/lib/python3.11/site-packages/airflow/example_dags/plugins/listener_plugin.py
[2024-04-12T20:47:17.002+0800] {processor.py:842} WARNING - No viable dags retrieved from /Users/wanghaojin/Desktop/exchange@NUS/IS3107/HW/Project/news_data_pipeline/.venv/lib/python3.11/site-packages/airflow/example_dags/plugins/listener_plugin.py
[2024-04-12T20:47:17.043+0800] {processor.py:183} INFO - Processing /Users/wanghaojin/Desktop/exchange@NUS/IS3107/HW/Project/news_data_pipeline/.venv/lib/python3.11/site-packages/airflow/example_dags/plugins/listener_plugin.py took 0.044 seconds
[2024-04-12T20:48:03.299+0800] {processor.py:161} INFO - Started process (PID=11701) to work on /Users/wanghaojin/Desktop/exchange@NUS/IS3107/HW/Project/news_data_pipeline/.venv/lib/python3.11/site-packages/airflow/example_dags/plugins/listener_plugin.py
[2024-04-12T20:48:03.300+0800] {processor.py:830} INFO - Processing file /Users/wanghaojin/Desktop/exchange@NUS/IS3107/HW/Project/news_data_pipeline/.venv/lib/python3.11/site-packages/airflow/example_dags/plugins/listener_plugin.py for tasks to queue
[2024-04-12T20:48:03.301+0800] {logging_mixin.py:188} INFO - [2024-04-12T20:48:03.301+0800] {dagbag.py:538} INFO - Filling up the DagBag from /Users/wanghaojin/Desktop/exchange@NUS/IS3107/HW/Project/news_data_pipeline/.venv/lib/python3.11/site-packages/airflow/example_dags/plugins/listener_plugin.py
[2024-04-12T20:48:03.302+0800] {processor.py:842} WARNING - No viable dags retrieved from /Users/wanghaojin/Desktop/exchange@NUS/IS3107/HW/Project/news_data_pipeline/.venv/lib/python3.11/site-packages/airflow/example_dags/plugins/listener_plugin.py
[2024-04-12T20:48:03.361+0800] {processor.py:183} INFO - Processing /Users/wanghaojin/Desktop/exchange@NUS/IS3107/HW/Project/news_data_pipeline/.venv/lib/python3.11/site-packages/airflow/example_dags/plugins/listener_plugin.py took 0.062 seconds
[2024-04-12T20:49:21.032+0800] {processor.py:161} INFO - Started process (PID=11869) to work on /Users/wanghaojin/Desktop/exchange@NUS/IS3107/HW/Project/news_data_pipeline/.venv/lib/python3.11/site-packages/airflow/example_dags/plugins/listener_plugin.py
[2024-04-12T20:49:21.033+0800] {processor.py:830} INFO - Processing file /Users/wanghaojin/Desktop/exchange@NUS/IS3107/HW/Project/news_data_pipeline/.venv/lib/python3.11/site-packages/airflow/example_dags/plugins/listener_plugin.py for tasks to queue
[2024-04-12T20:49:21.033+0800] {logging_mixin.py:188} INFO - [2024-04-12T20:49:21.033+0800] {dagbag.py:538} INFO - Filling up the DagBag from /Users/wanghaojin/Desktop/exchange@NUS/IS3107/HW/Project/news_data_pipeline/.venv/lib/python3.11/site-packages/airflow/example_dags/plugins/listener_plugin.py
[2024-04-12T20:49:21.034+0800] {processor.py:842} WARNING - No viable dags retrieved from /Users/wanghaojin/Desktop/exchange@NUS/IS3107/HW/Project/news_data_pipeline/.venv/lib/python3.11/site-packages/airflow/example_dags/plugins/listener_plugin.py
[2024-04-12T20:49:21.075+0800] {processor.py:183} INFO - Processing /Users/wanghaojin/Desktop/exchange@NUS/IS3107/HW/Project/news_data_pipeline/.venv/lib/python3.11/site-packages/airflow/example_dags/plugins/listener_plugin.py took 0.044 seconds
