[2024-04-12T14:14:49.576+0800] {processor.py:161} INFO - Started process (PID=2603) to work on /Users/wanghaojin/Desktop/exchange@NUS/IS3107/HW/Project/news_data_pipeline/.venv/lib/python3.11/site-packages/airflow/example_dags/plugins/workday.py
[2024-04-12T14:14:49.576+0800] {processor.py:830} INFO - Processing file /Users/wanghaojin/Desktop/exchange@NUS/IS3107/HW/Project/news_data_pipeline/.venv/lib/python3.11/site-packages/airflow/example_dags/plugins/workday.py for tasks to queue
[2024-04-12T14:14:49.576+0800] {logging_mixin.py:188} INFO - [2024-04-12T14:14:49.576+0800] {dagbag.py:538} INFO - Filling up the DagBag from /Users/wanghaojin/Desktop/exchange@NUS/IS3107/HW/Project/news_data_pipeline/.venv/lib/python3.11/site-packages/airflow/example_dags/plugins/workday.py
[2024-04-12T14:14:49.577+0800] {logging_mixin.py:188} INFO - [2024-04-12T14:14:49.577+0800] {workday.py:40} WARNING - Could not import pandas. Holidays will not be considered.
[2024-04-12T14:14:49.577+0800] {processor.py:842} WARNING - No viable dags retrieved from /Users/wanghaojin/Desktop/exchange@NUS/IS3107/HW/Project/news_data_pipeline/.venv/lib/python3.11/site-packages/airflow/example_dags/plugins/workday.py
[2024-04-12T14:14:49.619+0800] {processor.py:183} INFO - Processing /Users/wanghaojin/Desktop/exchange@NUS/IS3107/HW/Project/news_data_pipeline/.venv/lib/python3.11/site-packages/airflow/example_dags/plugins/workday.py took 0.043 seconds
[2024-04-12T14:16:27.281+0800] {processor.py:161} INFO - Started process (PID=2785) to work on /Users/wanghaojin/Desktop/exchange@NUS/IS3107/HW/Project/news_data_pipeline/.venv/lib/python3.11/site-packages/airflow/example_dags/plugins/workday.py
[2024-04-12T14:16:27.282+0800] {processor.py:830} INFO - Processing file /Users/wanghaojin/Desktop/exchange@NUS/IS3107/HW/Project/news_data_pipeline/.venv/lib/python3.11/site-packages/airflow/example_dags/plugins/workday.py for tasks to queue
[2024-04-12T14:16:27.282+0800] {logging_mixin.py:188} INFO - [2024-04-12T14:16:27.282+0800] {dagbag.py:538} INFO - Filling up the DagBag from /Users/wanghaojin/Desktop/exchange@NUS/IS3107/HW/Project/news_data_pipeline/.venv/lib/python3.11/site-packages/airflow/example_dags/plugins/workday.py
[2024-04-12T14:16:27.283+0800] {logging_mixin.py:188} INFO - [2024-04-12T14:16:27.283+0800] {workday.py:40} WARNING - Could not import pandas. Holidays will not be considered.
[2024-04-12T14:16:27.283+0800] {processor.py:842} WARNING - No viable dags retrieved from /Users/wanghaojin/Desktop/exchange@NUS/IS3107/HW/Project/news_data_pipeline/.venv/lib/python3.11/site-packages/airflow/example_dags/plugins/workday.py
[2024-04-12T14:16:27.324+0800] {processor.py:183} INFO - Processing /Users/wanghaojin/Desktop/exchange@NUS/IS3107/HW/Project/news_data_pipeline/.venv/lib/python3.11/site-packages/airflow/example_dags/plugins/workday.py took 0.043 seconds
[2024-04-12T14:17:34.335+0800] {processor.py:161} INFO - Started process (PID=2930) to work on /Users/wanghaojin/Desktop/exchange@NUS/IS3107/HW/Project/news_data_pipeline/.venv/lib/python3.11/site-packages/airflow/example_dags/plugins/workday.py
[2024-04-12T14:17:34.336+0800] {processor.py:830} INFO - Processing file /Users/wanghaojin/Desktop/exchange@NUS/IS3107/HW/Project/news_data_pipeline/.venv/lib/python3.11/site-packages/airflow/example_dags/plugins/workday.py for tasks to queue
[2024-04-12T14:17:34.336+0800] {logging_mixin.py:188} INFO - [2024-04-12T14:17:34.336+0800] {dagbag.py:538} INFO - Filling up the DagBag from /Users/wanghaojin/Desktop/exchange@NUS/IS3107/HW/Project/news_data_pipeline/.venv/lib/python3.11/site-packages/airflow/example_dags/plugins/workday.py
[2024-04-12T14:17:34.337+0800] {logging_mixin.py:188} INFO - [2024-04-12T14:17:34.337+0800] {workday.py:40} WARNING - Could not import pandas. Holidays will not be considered.
[2024-04-12T14:17:34.337+0800] {processor.py:842} WARNING - No viable dags retrieved from /Users/wanghaojin/Desktop/exchange@NUS/IS3107/HW/Project/news_data_pipeline/.venv/lib/python3.11/site-packages/airflow/example_dags/plugins/workday.py
[2024-04-12T14:17:34.378+0800] {processor.py:183} INFO - Processing /Users/wanghaojin/Desktop/exchange@NUS/IS3107/HW/Project/news_data_pipeline/.venv/lib/python3.11/site-packages/airflow/example_dags/plugins/workday.py took 0.044 seconds
[2024-04-12T14:18:40.714+0800] {processor.py:161} INFO - Started process (PID=3037) to work on /Users/wanghaojin/Desktop/exchange@NUS/IS3107/HW/Project/news_data_pipeline/.venv/lib/python3.11/site-packages/airflow/example_dags/plugins/workday.py
[2024-04-12T14:18:40.714+0800] {processor.py:830} INFO - Processing file /Users/wanghaojin/Desktop/exchange@NUS/IS3107/HW/Project/news_data_pipeline/.venv/lib/python3.11/site-packages/airflow/example_dags/plugins/workday.py for tasks to queue
[2024-04-12T14:18:40.715+0800] {logging_mixin.py:188} INFO - [2024-04-12T14:18:40.715+0800] {dagbag.py:538} INFO - Filling up the DagBag from /Users/wanghaojin/Desktop/exchange@NUS/IS3107/HW/Project/news_data_pipeline/.venv/lib/python3.11/site-packages/airflow/example_dags/plugins/workday.py
[2024-04-12T14:18:40.716+0800] {logging_mixin.py:188} INFO - [2024-04-12T14:18:40.716+0800] {workday.py:40} WARNING - Could not import pandas. Holidays will not be considered.
[2024-04-12T14:18:40.716+0800] {processor.py:842} WARNING - No viable dags retrieved from /Users/wanghaojin/Desktop/exchange@NUS/IS3107/HW/Project/news_data_pipeline/.venv/lib/python3.11/site-packages/airflow/example_dags/plugins/workday.py
[2024-04-12T14:18:40.757+0800] {processor.py:183} INFO - Processing /Users/wanghaojin/Desktop/exchange@NUS/IS3107/HW/Project/news_data_pipeline/.venv/lib/python3.11/site-packages/airflow/example_dags/plugins/workday.py took 0.044 seconds
