[2024-04-12T14:15:05.479+0800] {processor.py:161} INFO - Started process (PID=2623) to work on /Users/wanghaojin/Desktop/exchange@NUS/IS3107/HW/Project/news_data_pipeline/.venv/lib/python3.11/site-packages/airflow/example_dags/example_xcomargs.py
[2024-04-12T14:15:05.480+0800] {processor.py:830} INFO - Processing file /Users/wanghaojin/Desktop/exchange@NUS/IS3107/HW/Project/news_data_pipeline/.venv/lib/python3.11/site-packages/airflow/example_dags/example_xcomargs.py for tasks to queue
[2024-04-12T14:15:05.480+0800] {logging_mixin.py:188} INFO - [2024-04-12T14:15:05.480+0800] {dagbag.py:538} INFO - Filling up the DagBag from /Users/wanghaojin/Desktop/exchange@NUS/IS3107/HW/Project/news_data_pipeline/.venv/lib/python3.11/site-packages/airflow/example_dags/example_xcomargs.py
[2024-04-12T14:15:05.501+0800] {processor.py:840} INFO - DAG(s) 'example_xcom_args', 'example_xcom_args_with_operators' retrieved from /Users/wanghaojin/Desktop/exchange@NUS/IS3107/HW/Project/news_data_pipeline/.venv/lib/python3.11/site-packages/airflow/example_dags/example_xcomargs.py
[2024-04-12T14:15:05.630+0800] {logging_mixin.py:188} INFO - [2024-04-12T14:15:05.630+0800] {override.py:1769} INFO - Created Permission View: can delete on DAG:example_xcom_args
[2024-04-12T14:15:05.635+0800] {logging_mixin.py:188} INFO - [2024-04-12T14:15:05.635+0800] {override.py:1769} INFO - Created Permission View: can edit on DAG:example_xcom_args
[2024-04-12T14:15:05.638+0800] {logging_mixin.py:188} INFO - [2024-04-12T14:15:05.638+0800] {override.py:1769} INFO - Created Permission View: can read on DAG:example_xcom_args
[2024-04-12T14:15:05.645+0800] {logging_mixin.py:188} INFO - [2024-04-12T14:15:05.645+0800] {override.py:1769} INFO - Created Permission View: can delete on DAG:example_xcom_args_with_operators
[2024-04-12T14:15:05.648+0800] {logging_mixin.py:188} INFO - [2024-04-12T14:15:05.648+0800] {override.py:1769} INFO - Created Permission View: can edit on DAG:example_xcom_args_with_operators
[2024-04-12T14:15:05.651+0800] {logging_mixin.py:188} INFO - [2024-04-12T14:15:05.650+0800] {override.py:1769} INFO - Created Permission View: can read on DAG:example_xcom_args_with_operators
[2024-04-12T14:15:05.651+0800] {logging_mixin.py:188} INFO - [2024-04-12T14:15:05.651+0800] {dag.py:3036} INFO - Sync 2 DAGs
[2024-04-12T14:15:05.656+0800] {logging_mixin.py:188} INFO - [2024-04-12T14:15:05.656+0800] {dag.py:3058} INFO - Creating ORM DAG for example_xcom_args_with_operators
[2024-04-12T14:15:05.656+0800] {logging_mixin.py:188} INFO - [2024-04-12T14:15:05.656+0800] {dag.py:3058} INFO - Creating ORM DAG for example_xcom_args
[2024-04-12T14:15:05.656+0800] {logging_mixin.py:188} INFO - [2024-04-12T14:15:05.656+0800] {dag.py:3823} INFO - Setting next_dagrun for example_xcom_args to None, run_after=None
[2024-04-12T14:15:05.657+0800] {logging_mixin.py:188} INFO - [2024-04-12T14:15:05.657+0800] {dag.py:3823} INFO - Setting next_dagrun for example_xcom_args_with_operators to None, run_after=None
[2024-04-12T14:15:05.665+0800] {processor.py:183} INFO - Processing /Users/wanghaojin/Desktop/exchange@NUS/IS3107/HW/Project/news_data_pipeline/.venv/lib/python3.11/site-packages/airflow/example_dags/example_xcomargs.py took 0.187 seconds
[2024-04-12T14:16:43.559+0800] {processor.py:161} INFO - Started process (PID=2819) to work on /Users/wanghaojin/Desktop/exchange@NUS/IS3107/HW/Project/news_data_pipeline/.venv/lib/python3.11/site-packages/airflow/example_dags/example_xcomargs.py
[2024-04-12T14:16:43.559+0800] {processor.py:830} INFO - Processing file /Users/wanghaojin/Desktop/exchange@NUS/IS3107/HW/Project/news_data_pipeline/.venv/lib/python3.11/site-packages/airflow/example_dags/example_xcomargs.py for tasks to queue
[2024-04-12T14:16:43.559+0800] {logging_mixin.py:188} INFO - [2024-04-12T14:16:43.559+0800] {dagbag.py:538} INFO - Filling up the DagBag from /Users/wanghaojin/Desktop/exchange@NUS/IS3107/HW/Project/news_data_pipeline/.venv/lib/python3.11/site-packages/airflow/example_dags/example_xcomargs.py
[2024-04-12T14:16:43.579+0800] {processor.py:840} INFO - DAG(s) 'example_xcom_args_with_operators', 'example_xcom_args' retrieved from /Users/wanghaojin/Desktop/exchange@NUS/IS3107/HW/Project/news_data_pipeline/.venv/lib/python3.11/site-packages/airflow/example_dags/example_xcomargs.py
[2024-04-12T14:16:43.657+0800] {logging_mixin.py:188} INFO - [2024-04-12T14:16:43.657+0800] {dag.py:3036} INFO - Sync 2 DAGs
[2024-04-12T14:16:43.663+0800] {logging_mixin.py:188} INFO - [2024-04-12T14:16:43.663+0800] {dag.py:3823} INFO - Setting next_dagrun for example_xcom_args to None, run_after=None
[2024-04-12T14:16:43.665+0800] {logging_mixin.py:188} INFO - [2024-04-12T14:16:43.665+0800] {dag.py:3823} INFO - Setting next_dagrun for example_xcom_args_with_operators to None, run_after=None
[2024-04-12T14:16:43.674+0800] {processor.py:183} INFO - Processing /Users/wanghaojin/Desktop/exchange@NUS/IS3107/HW/Project/news_data_pipeline/.venv/lib/python3.11/site-packages/airflow/example_dags/example_xcomargs.py took 0.116 seconds
[2024-04-12T14:17:48.114+0800] {processor.py:161} INFO - Started process (PID=2950) to work on /Users/wanghaojin/Desktop/exchange@NUS/IS3107/HW/Project/news_data_pipeline/.venv/lib/python3.11/site-packages/airflow/example_dags/example_xcomargs.py
[2024-04-12T14:17:48.114+0800] {processor.py:830} INFO - Processing file /Users/wanghaojin/Desktop/exchange@NUS/IS3107/HW/Project/news_data_pipeline/.venv/lib/python3.11/site-packages/airflow/example_dags/example_xcomargs.py for tasks to queue
[2024-04-12T14:17:48.115+0800] {logging_mixin.py:188} INFO - [2024-04-12T14:17:48.115+0800] {dagbag.py:538} INFO - Filling up the DagBag from /Users/wanghaojin/Desktop/exchange@NUS/IS3107/HW/Project/news_data_pipeline/.venv/lib/python3.11/site-packages/airflow/example_dags/example_xcomargs.py
[2024-04-12T14:17:48.135+0800] {processor.py:840} INFO - DAG(s) 'example_xcom_args', 'example_xcom_args_with_operators' retrieved from /Users/wanghaojin/Desktop/exchange@NUS/IS3107/HW/Project/news_data_pipeline/.venv/lib/python3.11/site-packages/airflow/example_dags/example_xcomargs.py
[2024-04-12T14:17:48.213+0800] {logging_mixin.py:188} INFO - [2024-04-12T14:17:48.213+0800] {dag.py:3036} INFO - Sync 2 DAGs
[2024-04-12T14:17:48.218+0800] {logging_mixin.py:188} INFO - [2024-04-12T14:17:48.218+0800] {dag.py:3823} INFO - Setting next_dagrun for example_xcom_args to None, run_after=None
[2024-04-12T14:17:48.220+0800] {logging_mixin.py:188} INFO - [2024-04-12T14:17:48.220+0800] {dag.py:3823} INFO - Setting next_dagrun for example_xcom_args_with_operators to None, run_after=None
[2024-04-12T14:17:48.229+0800] {processor.py:183} INFO - Processing /Users/wanghaojin/Desktop/exchange@NUS/IS3107/HW/Project/news_data_pipeline/.venv/lib/python3.11/site-packages/airflow/example_dags/example_xcomargs.py took 0.116 seconds
