[2024-04-12T19:30:46.784+0800] {processor.py:161} INFO - Started process (PID=4183) to work on /Users/wanghaojin/Desktop/exchange@NUS/IS3107/HW/Project/news_data_pipeline/.venv/lib/python3.11/site-packages/airflow/example_dags/example_latest_only.py
[2024-04-12T19:30:46.784+0800] {processor.py:830} INFO - Processing file /Users/wanghaojin/Desktop/exchange@NUS/IS3107/HW/Project/news_data_pipeline/.venv/lib/python3.11/site-packages/airflow/example_dags/example_latest_only.py for tasks to queue
[2024-04-12T19:30:46.785+0800] {logging_mixin.py:188} INFO - [2024-04-12T19:30:46.785+0800] {dagbag.py:538} INFO - Filling up the DagBag from /Users/wanghaojin/Desktop/exchange@NUS/IS3107/HW/Project/news_data_pipeline/.venv/lib/python3.11/site-packages/airflow/example_dags/example_latest_only.py
[2024-04-12T19:30:46.789+0800] {processor.py:840} INFO - DAG(s) 'latest_only' retrieved from /Users/wanghaojin/Desktop/exchange@NUS/IS3107/HW/Project/news_data_pipeline/.venv/lib/python3.11/site-packages/airflow/example_dags/example_latest_only.py
[2024-04-12T19:30:46.910+0800] {logging_mixin.py:188} INFO - [2024-04-12T19:30:46.910+0800] {dag.py:3036} INFO - Sync 1 DAGs
[2024-04-12T19:30:46.919+0800] {logging_mixin.py:188} INFO - [2024-04-12T19:30:46.919+0800] {dag.py:3823} INFO - Setting next_dagrun for latest_only to 2024-04-12 04:00:00+00:00, run_after=2024-04-12 08:00:00+00:00
[2024-04-12T19:30:46.929+0800] {processor.py:183} INFO - Processing /Users/wanghaojin/Desktop/exchange@NUS/IS3107/HW/Project/news_data_pipeline/.venv/lib/python3.11/site-packages/airflow/example_dags/example_latest_only.py took 0.146 seconds
[2024-04-12T19:32:34.055+0800] {processor.py:161} INFO - Started process (PID=4380) to work on /Users/wanghaojin/Desktop/exchange@NUS/IS3107/HW/Project/news_data_pipeline/.venv/lib/python3.11/site-packages/airflow/example_dags/example_latest_only.py
[2024-04-12T19:32:34.056+0800] {processor.py:830} INFO - Processing file /Users/wanghaojin/Desktop/exchange@NUS/IS3107/HW/Project/news_data_pipeline/.venv/lib/python3.11/site-packages/airflow/example_dags/example_latest_only.py for tasks to queue
[2024-04-12T19:32:34.056+0800] {logging_mixin.py:188} INFO - [2024-04-12T19:32:34.056+0800] {dagbag.py:538} INFO - Filling up the DagBag from /Users/wanghaojin/Desktop/exchange@NUS/IS3107/HW/Project/news_data_pipeline/.venv/lib/python3.11/site-packages/airflow/example_dags/example_latest_only.py
[2024-04-12T19:32:34.060+0800] {processor.py:840} INFO - DAG(s) 'latest_only' retrieved from /Users/wanghaojin/Desktop/exchange@NUS/IS3107/HW/Project/news_data_pipeline/.venv/lib/python3.11/site-packages/airflow/example_dags/example_latest_only.py
[2024-04-12T19:32:34.179+0800] {logging_mixin.py:188} INFO - [2024-04-12T19:32:34.179+0800] {dag.py:3036} INFO - Sync 1 DAGs
[2024-04-12T19:32:34.188+0800] {logging_mixin.py:188} INFO - [2024-04-12T19:32:34.188+0800] {dag.py:3823} INFO - Setting next_dagrun for latest_only to 2024-04-12 04:00:00+00:00, run_after=2024-04-12 08:00:00+00:00
[2024-04-12T19:32:34.198+0800] {processor.py:183} INFO - Processing /Users/wanghaojin/Desktop/exchange@NUS/IS3107/HW/Project/news_data_pipeline/.venv/lib/python3.11/site-packages/airflow/example_dags/example_latest_only.py took 0.144 seconds
[2024-04-12T19:34:51.077+0800] {processor.py:161} INFO - Started process (PID=4594) to work on /Users/wanghaojin/Desktop/exchange@NUS/IS3107/HW/Project/news_data_pipeline/.venv/lib/python3.11/site-packages/airflow/example_dags/example_latest_only.py
[2024-04-12T19:34:51.077+0800] {processor.py:830} INFO - Processing file /Users/wanghaojin/Desktop/exchange@NUS/IS3107/HW/Project/news_data_pipeline/.venv/lib/python3.11/site-packages/airflow/example_dags/example_latest_only.py for tasks to queue
[2024-04-12T19:34:51.078+0800] {logging_mixin.py:188} INFO - [2024-04-12T19:34:51.078+0800] {dagbag.py:538} INFO - Filling up the DagBag from /Users/wanghaojin/Desktop/exchange@NUS/IS3107/HW/Project/news_data_pipeline/.venv/lib/python3.11/site-packages/airflow/example_dags/example_latest_only.py
[2024-04-12T19:34:51.082+0800] {processor.py:840} INFO - DAG(s) 'latest_only' retrieved from /Users/wanghaojin/Desktop/exchange@NUS/IS3107/HW/Project/news_data_pipeline/.venv/lib/python3.11/site-packages/airflow/example_dags/example_latest_only.py
[2024-04-12T19:34:51.159+0800] {logging_mixin.py:188} INFO - [2024-04-12T19:34:51.158+0800] {dag.py:3036} INFO - Sync 1 DAGs
[2024-04-12T19:34:51.168+0800] {logging_mixin.py:188} INFO - [2024-04-12T19:34:51.168+0800] {dag.py:3823} INFO - Setting next_dagrun for latest_only to 2024-04-12 04:00:00+00:00, run_after=2024-04-12 08:00:00+00:00
[2024-04-12T19:34:51.178+0800] {processor.py:183} INFO - Processing /Users/wanghaojin/Desktop/exchange@NUS/IS3107/HW/Project/news_data_pipeline/.venv/lib/python3.11/site-packages/airflow/example_dags/example_latest_only.py took 0.101 seconds
[2024-04-12T19:37:08.124+0800] {processor.py:161} INFO - Started process (PID=4813) to work on /Users/wanghaojin/Desktop/exchange@NUS/IS3107/HW/Project/news_data_pipeline/.venv/lib/python3.11/site-packages/airflow/example_dags/example_latest_only.py
[2024-04-12T19:37:08.125+0800] {processor.py:830} INFO - Processing file /Users/wanghaojin/Desktop/exchange@NUS/IS3107/HW/Project/news_data_pipeline/.venv/lib/python3.11/site-packages/airflow/example_dags/example_latest_only.py for tasks to queue
[2024-04-12T19:37:08.125+0800] {logging_mixin.py:188} INFO - [2024-04-12T19:37:08.125+0800] {dagbag.py:538} INFO - Filling up the DagBag from /Users/wanghaojin/Desktop/exchange@NUS/IS3107/HW/Project/news_data_pipeline/.venv/lib/python3.11/site-packages/airflow/example_dags/example_latest_only.py
[2024-04-12T19:37:08.129+0800] {processor.py:840} INFO - DAG(s) 'latest_only' retrieved from /Users/wanghaojin/Desktop/exchange@NUS/IS3107/HW/Project/news_data_pipeline/.venv/lib/python3.11/site-packages/airflow/example_dags/example_latest_only.py
[2024-04-12T19:37:08.206+0800] {logging_mixin.py:188} INFO - [2024-04-12T19:37:08.206+0800] {dag.py:3036} INFO - Sync 1 DAGs
[2024-04-12T19:37:08.215+0800] {logging_mixin.py:188} INFO - [2024-04-12T19:37:08.215+0800] {dag.py:3823} INFO - Setting next_dagrun for latest_only to 2024-04-12 04:00:00+00:00, run_after=2024-04-12 08:00:00+00:00
[2024-04-12T19:37:08.225+0800] {processor.py:183} INFO - Processing /Users/wanghaojin/Desktop/exchange@NUS/IS3107/HW/Project/news_data_pipeline/.venv/lib/python3.11/site-packages/airflow/example_dags/example_latest_only.py took 0.101 seconds
[2024-04-12T19:39:23.908+0800] {processor.py:161} INFO - Started process (PID=5031) to work on /Users/wanghaojin/Desktop/exchange@NUS/IS3107/HW/Project/news_data_pipeline/.venv/lib/python3.11/site-packages/airflow/example_dags/example_latest_only.py
[2024-04-12T19:39:23.908+0800] {processor.py:830} INFO - Processing file /Users/wanghaojin/Desktop/exchange@NUS/IS3107/HW/Project/news_data_pipeline/.venv/lib/python3.11/site-packages/airflow/example_dags/example_latest_only.py for tasks to queue
[2024-04-12T19:39:23.908+0800] {logging_mixin.py:188} INFO - [2024-04-12T19:39:23.908+0800] {dagbag.py:538} INFO - Filling up the DagBag from /Users/wanghaojin/Desktop/exchange@NUS/IS3107/HW/Project/news_data_pipeline/.venv/lib/python3.11/site-packages/airflow/example_dags/example_latest_only.py
[2024-04-12T19:39:23.912+0800] {processor.py:840} INFO - DAG(s) 'latest_only' retrieved from /Users/wanghaojin/Desktop/exchange@NUS/IS3107/HW/Project/news_data_pipeline/.venv/lib/python3.11/site-packages/airflow/example_dags/example_latest_only.py
[2024-04-12T19:39:23.989+0800] {logging_mixin.py:188} INFO - [2024-04-12T19:39:23.989+0800] {dag.py:3036} INFO - Sync 1 DAGs
[2024-04-12T19:39:23.998+0800] {logging_mixin.py:188} INFO - [2024-04-12T19:39:23.998+0800] {dag.py:3823} INFO - Setting next_dagrun for latest_only to 2024-04-12 04:00:00+00:00, run_after=2024-04-12 08:00:00+00:00
[2024-04-12T19:39:24.008+0800] {processor.py:183} INFO - Processing /Users/wanghaojin/Desktop/exchange@NUS/IS3107/HW/Project/news_data_pipeline/.venv/lib/python3.11/site-packages/airflow/example_dags/example_latest_only.py took 0.101 seconds
[2024-04-12T19:41:36.334+0800] {processor.py:161} INFO - Started process (PID=5236) to work on /Users/wanghaojin/Desktop/exchange@NUS/IS3107/HW/Project/news_data_pipeline/.venv/lib/python3.11/site-packages/airflow/example_dags/example_latest_only.py
[2024-04-12T19:41:36.334+0800] {processor.py:830} INFO - Processing file /Users/wanghaojin/Desktop/exchange@NUS/IS3107/HW/Project/news_data_pipeline/.venv/lib/python3.11/site-packages/airflow/example_dags/example_latest_only.py for tasks to queue
[2024-04-12T19:41:36.335+0800] {logging_mixin.py:188} INFO - [2024-04-12T19:41:36.335+0800] {dagbag.py:538} INFO - Filling up the DagBag from /Users/wanghaojin/Desktop/exchange@NUS/IS3107/HW/Project/news_data_pipeline/.venv/lib/python3.11/site-packages/airflow/example_dags/example_latest_only.py
[2024-04-12T19:41:36.339+0800] {processor.py:840} INFO - DAG(s) 'latest_only' retrieved from /Users/wanghaojin/Desktop/exchange@NUS/IS3107/HW/Project/news_data_pipeline/.venv/lib/python3.11/site-packages/airflow/example_dags/example_latest_only.py
[2024-04-12T19:41:36.416+0800] {logging_mixin.py:188} INFO - [2024-04-12T19:41:36.416+0800] {dag.py:3036} INFO - Sync 1 DAGs
[2024-04-12T19:41:36.424+0800] {logging_mixin.py:188} INFO - [2024-04-12T19:41:36.424+0800] {dag.py:3823} INFO - Setting next_dagrun for latest_only to 2024-04-12 04:00:00+00:00, run_after=2024-04-12 08:00:00+00:00
[2024-04-12T19:41:36.435+0800] {processor.py:183} INFO - Processing /Users/wanghaojin/Desktop/exchange@NUS/IS3107/HW/Project/news_data_pipeline/.venv/lib/python3.11/site-packages/airflow/example_dags/example_latest_only.py took 0.101 seconds
[2024-04-12T19:43:52.134+0800] {processor.py:161} INFO - Started process (PID=5443) to work on /Users/wanghaojin/Desktop/exchange@NUS/IS3107/HW/Project/news_data_pipeline/.venv/lib/python3.11/site-packages/airflow/example_dags/example_latest_only.py
[2024-04-12T19:43:52.136+0800] {processor.py:830} INFO - Processing file /Users/wanghaojin/Desktop/exchange@NUS/IS3107/HW/Project/news_data_pipeline/.venv/lib/python3.11/site-packages/airflow/example_dags/example_latest_only.py for tasks to queue
[2024-04-12T19:43:52.136+0800] {logging_mixin.py:188} INFO - [2024-04-12T19:43:52.136+0800] {dagbag.py:538} INFO - Filling up the DagBag from /Users/wanghaojin/Desktop/exchange@NUS/IS3107/HW/Project/news_data_pipeline/.venv/lib/python3.11/site-packages/airflow/example_dags/example_latest_only.py
[2024-04-12T19:43:52.140+0800] {processor.py:840} INFO - DAG(s) 'latest_only' retrieved from /Users/wanghaojin/Desktop/exchange@NUS/IS3107/HW/Project/news_data_pipeline/.venv/lib/python3.11/site-packages/airflow/example_dags/example_latest_only.py
[2024-04-12T19:43:52.217+0800] {logging_mixin.py:188} INFO - [2024-04-12T19:43:52.217+0800] {dag.py:3036} INFO - Sync 1 DAGs
[2024-04-12T19:43:52.226+0800] {logging_mixin.py:188} INFO - [2024-04-12T19:43:52.226+0800] {dag.py:3823} INFO - Setting next_dagrun for latest_only to 2024-04-12 04:00:00+00:00, run_after=2024-04-12 08:00:00+00:00
[2024-04-12T19:43:52.236+0800] {processor.py:183} INFO - Processing /Users/wanghaojin/Desktop/exchange@NUS/IS3107/HW/Project/news_data_pipeline/.venv/lib/python3.11/site-packages/airflow/example_dags/example_latest_only.py took 0.102 seconds
[2024-04-12T19:46:08.196+0800] {processor.py:161} INFO - Started process (PID=5652) to work on /Users/wanghaojin/Desktop/exchange@NUS/IS3107/HW/Project/news_data_pipeline/.venv/lib/python3.11/site-packages/airflow/example_dags/example_latest_only.py
[2024-04-12T19:46:08.197+0800] {processor.py:830} INFO - Processing file /Users/wanghaojin/Desktop/exchange@NUS/IS3107/HW/Project/news_data_pipeline/.venv/lib/python3.11/site-packages/airflow/example_dags/example_latest_only.py for tasks to queue
[2024-04-12T19:46:08.197+0800] {logging_mixin.py:188} INFO - [2024-04-12T19:46:08.197+0800] {dagbag.py:538} INFO - Filling up the DagBag from /Users/wanghaojin/Desktop/exchange@NUS/IS3107/HW/Project/news_data_pipeline/.venv/lib/python3.11/site-packages/airflow/example_dags/example_latest_only.py
[2024-04-12T19:46:08.201+0800] {processor.py:840} INFO - DAG(s) 'latest_only' retrieved from /Users/wanghaojin/Desktop/exchange@NUS/IS3107/HW/Project/news_data_pipeline/.venv/lib/python3.11/site-packages/airflow/example_dags/example_latest_only.py
[2024-04-12T19:46:08.279+0800] {logging_mixin.py:188} INFO - [2024-04-12T19:46:08.279+0800] {dag.py:3036} INFO - Sync 1 DAGs
[2024-04-12T19:46:08.288+0800] {logging_mixin.py:188} INFO - [2024-04-12T19:46:08.288+0800] {dag.py:3823} INFO - Setting next_dagrun for latest_only to 2024-04-12 04:00:00+00:00, run_after=2024-04-12 08:00:00+00:00
[2024-04-12T19:46:08.298+0800] {processor.py:183} INFO - Processing /Users/wanghaojin/Desktop/exchange@NUS/IS3107/HW/Project/news_data_pipeline/.venv/lib/python3.11/site-packages/airflow/example_dags/example_latest_only.py took 0.103 seconds
[2024-04-12T19:48:25.515+0800] {processor.py:161} INFO - Started process (PID=5850) to work on /Users/wanghaojin/Desktop/exchange@NUS/IS3107/HW/Project/news_data_pipeline/.venv/lib/python3.11/site-packages/airflow/example_dags/example_latest_only.py
[2024-04-12T19:48:25.515+0800] {processor.py:830} INFO - Processing file /Users/wanghaojin/Desktop/exchange@NUS/IS3107/HW/Project/news_data_pipeline/.venv/lib/python3.11/site-packages/airflow/example_dags/example_latest_only.py for tasks to queue
[2024-04-12T19:48:25.515+0800] {logging_mixin.py:188} INFO - [2024-04-12T19:48:25.515+0800] {dagbag.py:538} INFO - Filling up the DagBag from /Users/wanghaojin/Desktop/exchange@NUS/IS3107/HW/Project/news_data_pipeline/.venv/lib/python3.11/site-packages/airflow/example_dags/example_latest_only.py
[2024-04-12T19:48:25.519+0800] {processor.py:840} INFO - DAG(s) 'latest_only' retrieved from /Users/wanghaojin/Desktop/exchange@NUS/IS3107/HW/Project/news_data_pipeline/.venv/lib/python3.11/site-packages/airflow/example_dags/example_latest_only.py
[2024-04-12T19:48:25.597+0800] {logging_mixin.py:188} INFO - [2024-04-12T19:48:25.597+0800] {dag.py:3036} INFO - Sync 1 DAGs
[2024-04-12T19:48:25.606+0800] {logging_mixin.py:188} INFO - [2024-04-12T19:48:25.606+0800] {dag.py:3823} INFO - Setting next_dagrun for latest_only to 2024-04-12 04:00:00+00:00, run_after=2024-04-12 08:00:00+00:00
[2024-04-12T19:48:25.616+0800] {processor.py:183} INFO - Processing /Users/wanghaojin/Desktop/exchange@NUS/IS3107/HW/Project/news_data_pipeline/.venv/lib/python3.11/site-packages/airflow/example_dags/example_latest_only.py took 0.102 seconds
[2024-04-12T19:50:41.848+0800] {processor.py:161} INFO - Started process (PID=6049) to work on /Users/wanghaojin/Desktop/exchange@NUS/IS3107/HW/Project/news_data_pipeline/.venv/lib/python3.11/site-packages/airflow/example_dags/example_latest_only.py
[2024-04-12T19:50:41.849+0800] {processor.py:830} INFO - Processing file /Users/wanghaojin/Desktop/exchange@NUS/IS3107/HW/Project/news_data_pipeline/.venv/lib/python3.11/site-packages/airflow/example_dags/example_latest_only.py for tasks to queue
[2024-04-12T19:50:41.849+0800] {logging_mixin.py:188} INFO - [2024-04-12T19:50:41.849+0800] {dagbag.py:538} INFO - Filling up the DagBag from /Users/wanghaojin/Desktop/exchange@NUS/IS3107/HW/Project/news_data_pipeline/.venv/lib/python3.11/site-packages/airflow/example_dags/example_latest_only.py
[2024-04-12T19:50:41.853+0800] {processor.py:840} INFO - DAG(s) 'latest_only' retrieved from /Users/wanghaojin/Desktop/exchange@NUS/IS3107/HW/Project/news_data_pipeline/.venv/lib/python3.11/site-packages/airflow/example_dags/example_latest_only.py
[2024-04-12T19:50:41.930+0800] {logging_mixin.py:188} INFO - [2024-04-12T19:50:41.929+0800] {dag.py:3036} INFO - Sync 1 DAGs
[2024-04-12T19:50:41.938+0800] {logging_mixin.py:188} INFO - [2024-04-12T19:50:41.938+0800] {dag.py:3823} INFO - Setting next_dagrun for latest_only to 2024-04-12 04:00:00+00:00, run_after=2024-04-12 08:00:00+00:00
[2024-04-12T19:50:41.948+0800] {processor.py:183} INFO - Processing /Users/wanghaojin/Desktop/exchange@NUS/IS3107/HW/Project/news_data_pipeline/.venv/lib/python3.11/site-packages/airflow/example_dags/example_latest_only.py took 0.101 seconds
[2024-04-12T19:52:54.284+0800] {processor.py:161} INFO - Started process (PID=6225) to work on /Users/wanghaojin/Desktop/exchange@NUS/IS3107/HW/Project/news_data_pipeline/.venv/lib/python3.11/site-packages/airflow/example_dags/example_latest_only.py
[2024-04-12T19:52:54.285+0800] {processor.py:830} INFO - Processing file /Users/wanghaojin/Desktop/exchange@NUS/IS3107/HW/Project/news_data_pipeline/.venv/lib/python3.11/site-packages/airflow/example_dags/example_latest_only.py for tasks to queue
[2024-04-12T19:52:54.285+0800] {logging_mixin.py:188} INFO - [2024-04-12T19:52:54.285+0800] {dagbag.py:538} INFO - Filling up the DagBag from /Users/wanghaojin/Desktop/exchange@NUS/IS3107/HW/Project/news_data_pipeline/.venv/lib/python3.11/site-packages/airflow/example_dags/example_latest_only.py
[2024-04-12T19:52:54.289+0800] {processor.py:840} INFO - DAG(s) 'latest_only' retrieved from /Users/wanghaojin/Desktop/exchange@NUS/IS3107/HW/Project/news_data_pipeline/.venv/lib/python3.11/site-packages/airflow/example_dags/example_latest_only.py
[2024-04-12T19:52:54.365+0800] {logging_mixin.py:188} INFO - [2024-04-12T19:52:54.365+0800] {dag.py:3036} INFO - Sync 1 DAGs
[2024-04-12T19:52:54.374+0800] {logging_mixin.py:188} INFO - [2024-04-12T19:52:54.374+0800] {dag.py:3823} INFO - Setting next_dagrun for latest_only to 2024-04-12 04:00:00+00:00, run_after=2024-04-12 08:00:00+00:00
[2024-04-12T19:52:54.383+0800] {processor.py:183} INFO - Processing /Users/wanghaojin/Desktop/exchange@NUS/IS3107/HW/Project/news_data_pipeline/.venv/lib/python3.11/site-packages/airflow/example_dags/example_latest_only.py took 0.100 seconds
[2024-04-12T19:55:11.349+0800] {processor.py:161} INFO - Started process (PID=6381) to work on /Users/wanghaojin/Desktop/exchange@NUS/IS3107/HW/Project/news_data_pipeline/.venv/lib/python3.11/site-packages/airflow/example_dags/example_latest_only.py
[2024-04-12T19:55:11.350+0800] {processor.py:830} INFO - Processing file /Users/wanghaojin/Desktop/exchange@NUS/IS3107/HW/Project/news_data_pipeline/.venv/lib/python3.11/site-packages/airflow/example_dags/example_latest_only.py for tasks to queue
[2024-04-12T19:55:11.350+0800] {logging_mixin.py:188} INFO - [2024-04-12T19:55:11.350+0800] {dagbag.py:538} INFO - Filling up the DagBag from /Users/wanghaojin/Desktop/exchange@NUS/IS3107/HW/Project/news_data_pipeline/.venv/lib/python3.11/site-packages/airflow/example_dags/example_latest_only.py
[2024-04-12T19:55:11.354+0800] {processor.py:840} INFO - DAG(s) 'latest_only' retrieved from /Users/wanghaojin/Desktop/exchange@NUS/IS3107/HW/Project/news_data_pipeline/.venv/lib/python3.11/site-packages/airflow/example_dags/example_latest_only.py
[2024-04-12T19:55:11.431+0800] {logging_mixin.py:188} INFO - [2024-04-12T19:55:11.430+0800] {dag.py:3036} INFO - Sync 1 DAGs
[2024-04-12T19:55:11.439+0800] {logging_mixin.py:188} INFO - [2024-04-12T19:55:11.439+0800] {dag.py:3823} INFO - Setting next_dagrun for latest_only to 2024-04-12 04:00:00+00:00, run_after=2024-04-12 08:00:00+00:00
[2024-04-12T19:55:11.449+0800] {processor.py:183} INFO - Processing /Users/wanghaojin/Desktop/exchange@NUS/IS3107/HW/Project/news_data_pipeline/.venv/lib/python3.11/site-packages/airflow/example_dags/example_latest_only.py took 0.101 seconds
[2024-04-12T19:57:24.248+0800] {processor.py:161} INFO - Started process (PID=6520) to work on /Users/wanghaojin/Desktop/exchange@NUS/IS3107/HW/Project/news_data_pipeline/.venv/lib/python3.11/site-packages/airflow/example_dags/example_latest_only.py
[2024-04-12T19:57:24.248+0800] {processor.py:830} INFO - Processing file /Users/wanghaojin/Desktop/exchange@NUS/IS3107/HW/Project/news_data_pipeline/.venv/lib/python3.11/site-packages/airflow/example_dags/example_latest_only.py for tasks to queue
[2024-04-12T19:57:24.249+0800] {logging_mixin.py:188} INFO - [2024-04-12T19:57:24.249+0800] {dagbag.py:538} INFO - Filling up the DagBag from /Users/wanghaojin/Desktop/exchange@NUS/IS3107/HW/Project/news_data_pipeline/.venv/lib/python3.11/site-packages/airflow/example_dags/example_latest_only.py
[2024-04-12T19:57:24.252+0800] {processor.py:840} INFO - DAG(s) 'latest_only' retrieved from /Users/wanghaojin/Desktop/exchange@NUS/IS3107/HW/Project/news_data_pipeline/.venv/lib/python3.11/site-packages/airflow/example_dags/example_latest_only.py
[2024-04-12T19:57:24.330+0800] {logging_mixin.py:188} INFO - [2024-04-12T19:57:24.330+0800] {dag.py:3036} INFO - Sync 1 DAGs
[2024-04-12T19:57:24.338+0800] {logging_mixin.py:188} INFO - [2024-04-12T19:57:24.338+0800] {dag.py:3823} INFO - Setting next_dagrun for latest_only to 2024-04-12 04:00:00+00:00, run_after=2024-04-12 08:00:00+00:00
[2024-04-12T19:57:24.349+0800] {processor.py:183} INFO - Processing /Users/wanghaojin/Desktop/exchange@NUS/IS3107/HW/Project/news_data_pipeline/.venv/lib/python3.11/site-packages/airflow/example_dags/example_latest_only.py took 0.101 seconds
[2024-04-12T19:59:37.923+0800] {processor.py:161} INFO - Started process (PID=6650) to work on /Users/wanghaojin/Desktop/exchange@NUS/IS3107/HW/Project/news_data_pipeline/.venv/lib/python3.11/site-packages/airflow/example_dags/example_latest_only.py
[2024-04-12T19:59:37.924+0800] {processor.py:830} INFO - Processing file /Users/wanghaojin/Desktop/exchange@NUS/IS3107/HW/Project/news_data_pipeline/.venv/lib/python3.11/site-packages/airflow/example_dags/example_latest_only.py for tasks to queue
[2024-04-12T19:59:37.925+0800] {logging_mixin.py:188} INFO - [2024-04-12T19:59:37.924+0800] {dagbag.py:538} INFO - Filling up the DagBag from /Users/wanghaojin/Desktop/exchange@NUS/IS3107/HW/Project/news_data_pipeline/.venv/lib/python3.11/site-packages/airflow/example_dags/example_latest_only.py
[2024-04-12T19:59:37.929+0800] {processor.py:840} INFO - DAG(s) 'latest_only' retrieved from /Users/wanghaojin/Desktop/exchange@NUS/IS3107/HW/Project/news_data_pipeline/.venv/lib/python3.11/site-packages/airflow/example_dags/example_latest_only.py
[2024-04-12T19:59:38.006+0800] {logging_mixin.py:188} INFO - [2024-04-12T19:59:38.006+0800] {dag.py:3036} INFO - Sync 1 DAGs
[2024-04-12T19:59:38.015+0800] {logging_mixin.py:188} INFO - [2024-04-12T19:59:38.015+0800] {dag.py:3823} INFO - Setting next_dagrun for latest_only to 2024-04-12 04:00:00+00:00, run_after=2024-04-12 08:00:00+00:00
[2024-04-12T19:59:38.025+0800] {processor.py:183} INFO - Processing /Users/wanghaojin/Desktop/exchange@NUS/IS3107/HW/Project/news_data_pipeline/.venv/lib/python3.11/site-packages/airflow/example_dags/example_latest_only.py took 0.102 seconds
[2024-04-12T20:01:55.275+0800] {processor.py:161} INFO - Started process (PID=6842) to work on /Users/wanghaojin/Desktop/exchange@NUS/IS3107/HW/Project/news_data_pipeline/.venv/lib/python3.11/site-packages/airflow/example_dags/example_latest_only.py
[2024-04-12T20:01:55.275+0800] {processor.py:830} INFO - Processing file /Users/wanghaojin/Desktop/exchange@NUS/IS3107/HW/Project/news_data_pipeline/.venv/lib/python3.11/site-packages/airflow/example_dags/example_latest_only.py for tasks to queue
[2024-04-12T20:01:55.276+0800] {logging_mixin.py:188} INFO - [2024-04-12T20:01:55.275+0800] {dagbag.py:538} INFO - Filling up the DagBag from /Users/wanghaojin/Desktop/exchange@NUS/IS3107/HW/Project/news_data_pipeline/.venv/lib/python3.11/site-packages/airflow/example_dags/example_latest_only.py
[2024-04-12T20:01:55.280+0800] {processor.py:840} INFO - DAG(s) 'latest_only' retrieved from /Users/wanghaojin/Desktop/exchange@NUS/IS3107/HW/Project/news_data_pipeline/.venv/lib/python3.11/site-packages/airflow/example_dags/example_latest_only.py
[2024-04-12T20:01:55.358+0800] {logging_mixin.py:188} INFO - [2024-04-12T20:01:55.357+0800] {dag.py:3036} INFO - Sync 1 DAGs
[2024-04-12T20:01:55.366+0800] {logging_mixin.py:188} INFO - [2024-04-12T20:01:55.366+0800] {dag.py:3823} INFO - Setting next_dagrun for latest_only to 2024-04-12 08:00:00+00:00, run_after=2024-04-12 12:00:00+00:00
[2024-04-12T20:01:55.377+0800] {processor.py:183} INFO - Processing /Users/wanghaojin/Desktop/exchange@NUS/IS3107/HW/Project/news_data_pipeline/.venv/lib/python3.11/site-packages/airflow/example_dags/example_latest_only.py took 0.103 seconds
[2024-04-12T20:04:15.611+0800] {processor.py:161} INFO - Started process (PID=7150) to work on /Users/wanghaojin/Desktop/exchange@NUS/IS3107/HW/Project/news_data_pipeline/.venv/lib/python3.11/site-packages/airflow/example_dags/example_latest_only.py
[2024-04-12T20:04:15.612+0800] {processor.py:830} INFO - Processing file /Users/wanghaojin/Desktop/exchange@NUS/IS3107/HW/Project/news_data_pipeline/.venv/lib/python3.11/site-packages/airflow/example_dags/example_latest_only.py for tasks to queue
[2024-04-12T20:04:15.612+0800] {logging_mixin.py:188} INFO - [2024-04-12T20:04:15.612+0800] {dagbag.py:538} INFO - Filling up the DagBag from /Users/wanghaojin/Desktop/exchange@NUS/IS3107/HW/Project/news_data_pipeline/.venv/lib/python3.11/site-packages/airflow/example_dags/example_latest_only.py
[2024-04-12T20:04:15.616+0800] {processor.py:840} INFO - DAG(s) 'latest_only' retrieved from /Users/wanghaojin/Desktop/exchange@NUS/IS3107/HW/Project/news_data_pipeline/.venv/lib/python3.11/site-packages/airflow/example_dags/example_latest_only.py
[2024-04-12T20:04:15.693+0800] {logging_mixin.py:188} INFO - [2024-04-12T20:04:15.693+0800] {dag.py:3036} INFO - Sync 1 DAGs
[2024-04-12T20:04:15.702+0800] {logging_mixin.py:188} INFO - [2024-04-12T20:04:15.702+0800] {dag.py:3823} INFO - Setting next_dagrun for latest_only to 2024-04-12 08:00:00+00:00, run_after=2024-04-12 12:00:00+00:00
[2024-04-12T20:04:15.714+0800] {processor.py:183} INFO - Processing /Users/wanghaojin/Desktop/exchange@NUS/IS3107/HW/Project/news_data_pipeline/.venv/lib/python3.11/site-packages/airflow/example_dags/example_latest_only.py took 0.104 seconds
[2024-04-12T20:06:33.165+0800] {processor.py:161} INFO - Started process (PID=7372) to work on /Users/wanghaojin/Desktop/exchange@NUS/IS3107/HW/Project/news_data_pipeline/.venv/lib/python3.11/site-packages/airflow/example_dags/example_latest_only.py
[2024-04-12T20:06:33.165+0800] {processor.py:830} INFO - Processing file /Users/wanghaojin/Desktop/exchange@NUS/IS3107/HW/Project/news_data_pipeline/.venv/lib/python3.11/site-packages/airflow/example_dags/example_latest_only.py for tasks to queue
[2024-04-12T20:06:33.165+0800] {logging_mixin.py:188} INFO - [2024-04-12T20:06:33.165+0800] {dagbag.py:538} INFO - Filling up the DagBag from /Users/wanghaojin/Desktop/exchange@NUS/IS3107/HW/Project/news_data_pipeline/.venv/lib/python3.11/site-packages/airflow/example_dags/example_latest_only.py
[2024-04-12T20:06:33.169+0800] {processor.py:840} INFO - DAG(s) 'latest_only' retrieved from /Users/wanghaojin/Desktop/exchange@NUS/IS3107/HW/Project/news_data_pipeline/.venv/lib/python3.11/site-packages/airflow/example_dags/example_latest_only.py
[2024-04-12T20:06:33.246+0800] {logging_mixin.py:188} INFO - [2024-04-12T20:06:33.246+0800] {dag.py:3036} INFO - Sync 1 DAGs
[2024-04-12T20:06:33.255+0800] {logging_mixin.py:188} INFO - [2024-04-12T20:06:33.255+0800] {dag.py:3823} INFO - Setting next_dagrun for latest_only to 2024-04-12 08:00:00+00:00, run_after=2024-04-12 12:00:00+00:00
[2024-04-12T20:06:33.265+0800] {processor.py:183} INFO - Processing /Users/wanghaojin/Desktop/exchange@NUS/IS3107/HW/Project/news_data_pipeline/.venv/lib/python3.11/site-packages/airflow/example_dags/example_latest_only.py took 0.101 seconds
[2024-04-12T20:08:49.890+0800] {processor.py:161} INFO - Started process (PID=7562) to work on /Users/wanghaojin/Desktop/exchange@NUS/IS3107/HW/Project/news_data_pipeline/.venv/lib/python3.11/site-packages/airflow/example_dags/example_latest_only.py
[2024-04-12T20:08:49.891+0800] {processor.py:830} INFO - Processing file /Users/wanghaojin/Desktop/exchange@NUS/IS3107/HW/Project/news_data_pipeline/.venv/lib/python3.11/site-packages/airflow/example_dags/example_latest_only.py for tasks to queue
[2024-04-12T20:08:49.891+0800] {logging_mixin.py:188} INFO - [2024-04-12T20:08:49.891+0800] {dagbag.py:538} INFO - Filling up the DagBag from /Users/wanghaojin/Desktop/exchange@NUS/IS3107/HW/Project/news_data_pipeline/.venv/lib/python3.11/site-packages/airflow/example_dags/example_latest_only.py
[2024-04-12T20:08:49.895+0800] {processor.py:840} INFO - DAG(s) 'latest_only' retrieved from /Users/wanghaojin/Desktop/exchange@NUS/IS3107/HW/Project/news_data_pipeline/.venv/lib/python3.11/site-packages/airflow/example_dags/example_latest_only.py
[2024-04-12T20:08:49.974+0800] {logging_mixin.py:188} INFO - [2024-04-12T20:08:49.974+0800] {dag.py:3036} INFO - Sync 1 DAGs
[2024-04-12T20:08:49.983+0800] {logging_mixin.py:188} INFO - [2024-04-12T20:08:49.983+0800] {dag.py:3823} INFO - Setting next_dagrun for latest_only to 2024-04-12 08:00:00+00:00, run_after=2024-04-12 12:00:00+00:00
[2024-04-12T20:08:49.993+0800] {processor.py:183} INFO - Processing /Users/wanghaojin/Desktop/exchange@NUS/IS3107/HW/Project/news_data_pipeline/.venv/lib/python3.11/site-packages/airflow/example_dags/example_latest_only.py took 0.104 seconds
[2024-04-12T20:11:07.301+0800] {processor.py:161} INFO - Started process (PID=7749) to work on /Users/wanghaojin/Desktop/exchange@NUS/IS3107/HW/Project/news_data_pipeline/.venv/lib/python3.11/site-packages/airflow/example_dags/example_latest_only.py
[2024-04-12T20:11:07.301+0800] {processor.py:830} INFO - Processing file /Users/wanghaojin/Desktop/exchange@NUS/IS3107/HW/Project/news_data_pipeline/.venv/lib/python3.11/site-packages/airflow/example_dags/example_latest_only.py for tasks to queue
[2024-04-12T20:11:07.301+0800] {logging_mixin.py:188} INFO - [2024-04-12T20:11:07.301+0800] {dagbag.py:538} INFO - Filling up the DagBag from /Users/wanghaojin/Desktop/exchange@NUS/IS3107/HW/Project/news_data_pipeline/.venv/lib/python3.11/site-packages/airflow/example_dags/example_latest_only.py
[2024-04-12T20:11:07.305+0800] {processor.py:840} INFO - DAG(s) 'latest_only' retrieved from /Users/wanghaojin/Desktop/exchange@NUS/IS3107/HW/Project/news_data_pipeline/.venv/lib/python3.11/site-packages/airflow/example_dags/example_latest_only.py
[2024-04-12T20:11:07.382+0800] {logging_mixin.py:188} INFO - [2024-04-12T20:11:07.382+0800] {dag.py:3036} INFO - Sync 1 DAGs
[2024-04-12T20:11:07.391+0800] {logging_mixin.py:188} INFO - [2024-04-12T20:11:07.391+0800] {dag.py:3823} INFO - Setting next_dagrun for latest_only to 2024-04-12 08:00:00+00:00, run_after=2024-04-12 12:00:00+00:00
[2024-04-12T20:11:07.401+0800] {processor.py:183} INFO - Processing /Users/wanghaojin/Desktop/exchange@NUS/IS3107/HW/Project/news_data_pipeline/.venv/lib/python3.11/site-packages/airflow/example_dags/example_latest_only.py took 0.101 seconds
[2024-04-12T20:13:24.363+0800] {processor.py:161} INFO - Started process (PID=7982) to work on /Users/wanghaojin/Desktop/exchange@NUS/IS3107/HW/Project/news_data_pipeline/.venv/lib/python3.11/site-packages/airflow/example_dags/example_latest_only.py
[2024-04-12T20:13:24.365+0800] {processor.py:830} INFO - Processing file /Users/wanghaojin/Desktop/exchange@NUS/IS3107/HW/Project/news_data_pipeline/.venv/lib/python3.11/site-packages/airflow/example_dags/example_latest_only.py for tasks to queue
[2024-04-12T20:13:24.365+0800] {logging_mixin.py:188} INFO - [2024-04-12T20:13:24.365+0800] {dagbag.py:538} INFO - Filling up the DagBag from /Users/wanghaojin/Desktop/exchange@NUS/IS3107/HW/Project/news_data_pipeline/.venv/lib/python3.11/site-packages/airflow/example_dags/example_latest_only.py
[2024-04-12T20:13:24.369+0800] {processor.py:840} INFO - DAG(s) 'latest_only' retrieved from /Users/wanghaojin/Desktop/exchange@NUS/IS3107/HW/Project/news_data_pipeline/.venv/lib/python3.11/site-packages/airflow/example_dags/example_latest_only.py
[2024-04-12T20:13:24.447+0800] {logging_mixin.py:188} INFO - [2024-04-12T20:13:24.447+0800] {dag.py:3036} INFO - Sync 1 DAGs
[2024-04-12T20:13:24.456+0800] {logging_mixin.py:188} INFO - [2024-04-12T20:13:24.456+0800] {dag.py:3823} INFO - Setting next_dagrun for latest_only to 2024-04-12 08:00:00+00:00, run_after=2024-04-12 12:00:00+00:00
[2024-04-12T20:13:24.466+0800] {processor.py:183} INFO - Processing /Users/wanghaojin/Desktop/exchange@NUS/IS3107/HW/Project/news_data_pipeline/.venv/lib/python3.11/site-packages/airflow/example_dags/example_latest_only.py took 0.104 seconds
[2024-04-12T20:15:41.744+0800] {processor.py:161} INFO - Started process (PID=8237) to work on /Users/wanghaojin/Desktop/exchange@NUS/IS3107/HW/Project/news_data_pipeline/.venv/lib/python3.11/site-packages/airflow/example_dags/example_latest_only.py
[2024-04-12T20:15:41.745+0800] {processor.py:830} INFO - Processing file /Users/wanghaojin/Desktop/exchange@NUS/IS3107/HW/Project/news_data_pipeline/.venv/lib/python3.11/site-packages/airflow/example_dags/example_latest_only.py for tasks to queue
[2024-04-12T20:15:41.745+0800] {logging_mixin.py:188} INFO - [2024-04-12T20:15:41.745+0800] {dagbag.py:538} INFO - Filling up the DagBag from /Users/wanghaojin/Desktop/exchange@NUS/IS3107/HW/Project/news_data_pipeline/.venv/lib/python3.11/site-packages/airflow/example_dags/example_latest_only.py
[2024-04-12T20:15:41.749+0800] {processor.py:840} INFO - DAG(s) 'latest_only' retrieved from /Users/wanghaojin/Desktop/exchange@NUS/IS3107/HW/Project/news_data_pipeline/.venv/lib/python3.11/site-packages/airflow/example_dags/example_latest_only.py
[2024-04-12T20:15:41.834+0800] {logging_mixin.py:188} INFO - [2024-04-12T20:15:41.834+0800] {dag.py:3036} INFO - Sync 1 DAGs
[2024-04-12T20:15:41.843+0800] {logging_mixin.py:188} INFO - [2024-04-12T20:15:41.843+0800] {dag.py:3823} INFO - Setting next_dagrun for latest_only to 2024-04-12 08:00:00+00:00, run_after=2024-04-12 12:00:00+00:00
[2024-04-12T20:15:41.854+0800] {processor.py:183} INFO - Processing /Users/wanghaojin/Desktop/exchange@NUS/IS3107/HW/Project/news_data_pipeline/.venv/lib/python3.11/site-packages/airflow/example_dags/example_latest_only.py took 0.110 seconds
[2024-04-12T20:18:00.158+0800] {processor.py:161} INFO - Started process (PID=8533) to work on /Users/wanghaojin/Desktop/exchange@NUS/IS3107/HW/Project/news_data_pipeline/.venv/lib/python3.11/site-packages/airflow/example_dags/example_latest_only.py
[2024-04-12T20:18:00.159+0800] {processor.py:830} INFO - Processing file /Users/wanghaojin/Desktop/exchange@NUS/IS3107/HW/Project/news_data_pipeline/.venv/lib/python3.11/site-packages/airflow/example_dags/example_latest_only.py for tasks to queue
[2024-04-12T20:18:00.159+0800] {logging_mixin.py:188} INFO - [2024-04-12T20:18:00.159+0800] {dagbag.py:538} INFO - Filling up the DagBag from /Users/wanghaojin/Desktop/exchange@NUS/IS3107/HW/Project/news_data_pipeline/.venv/lib/python3.11/site-packages/airflow/example_dags/example_latest_only.py
[2024-04-12T20:18:00.164+0800] {processor.py:840} INFO - DAG(s) 'latest_only' retrieved from /Users/wanghaojin/Desktop/exchange@NUS/IS3107/HW/Project/news_data_pipeline/.venv/lib/python3.11/site-packages/airflow/example_dags/example_latest_only.py
[2024-04-12T20:18:00.245+0800] {logging_mixin.py:188} INFO - [2024-04-12T20:18:00.244+0800] {dag.py:3036} INFO - Sync 1 DAGs
[2024-04-12T20:18:00.254+0800] {logging_mixin.py:188} INFO - [2024-04-12T20:18:00.253+0800] {dag.py:3823} INFO - Setting next_dagrun for latest_only to 2024-04-12 08:00:00+00:00, run_after=2024-04-12 12:00:00+00:00
[2024-04-12T20:18:00.264+0800] {processor.py:183} INFO - Processing /Users/wanghaojin/Desktop/exchange@NUS/IS3107/HW/Project/news_data_pipeline/.venv/lib/python3.11/site-packages/airflow/example_dags/example_latest_only.py took 0.106 seconds
[2024-04-12T20:19:22.896+0800] {processor.py:161} INFO - Started process (PID=8745) to work on /Users/wanghaojin/Desktop/exchange@NUS/IS3107/HW/Project/news_data_pipeline/.venv/lib/python3.11/site-packages/airflow/example_dags/example_latest_only.py
[2024-04-12T20:19:22.897+0800] {processor.py:830} INFO - Processing file /Users/wanghaojin/Desktop/exchange@NUS/IS3107/HW/Project/news_data_pipeline/.venv/lib/python3.11/site-packages/airflow/example_dags/example_latest_only.py for tasks to queue
[2024-04-12T20:19:22.897+0800] {logging_mixin.py:188} INFO - [2024-04-12T20:19:22.897+0800] {dagbag.py:538} INFO - Filling up the DagBag from /Users/wanghaojin/Desktop/exchange@NUS/IS3107/HW/Project/news_data_pipeline/.venv/lib/python3.11/site-packages/airflow/example_dags/example_latest_only.py
[2024-04-12T20:19:22.901+0800] {processor.py:840} INFO - DAG(s) 'latest_only' retrieved from /Users/wanghaojin/Desktop/exchange@NUS/IS3107/HW/Project/news_data_pipeline/.venv/lib/python3.11/site-packages/airflow/example_dags/example_latest_only.py
[2024-04-12T20:19:23.022+0800] {logging_mixin.py:188} INFO - [2024-04-12T20:19:23.021+0800] {dag.py:3036} INFO - Sync 1 DAGs
[2024-04-12T20:19:23.031+0800] {logging_mixin.py:188} INFO - [2024-04-12T20:19:23.030+0800] {dag.py:3823} INFO - Setting next_dagrun for latest_only to 2024-04-12 08:00:00+00:00, run_after=2024-04-12 12:00:00+00:00
[2024-04-12T20:19:23.041+0800] {processor.py:183} INFO - Processing /Users/wanghaojin/Desktop/exchange@NUS/IS3107/HW/Project/news_data_pipeline/.venv/lib/python3.11/site-packages/airflow/example_dags/example_latest_only.py took 0.145 seconds
[2024-04-12T20:21:42.420+0800] {processor.py:161} INFO - Started process (PID=8947) to work on /Users/wanghaojin/Desktop/exchange@NUS/IS3107/HW/Project/news_data_pipeline/.venv/lib/python3.11/site-packages/airflow/example_dags/example_latest_only.py
[2024-04-12T20:21:42.421+0800] {processor.py:830} INFO - Processing file /Users/wanghaojin/Desktop/exchange@NUS/IS3107/HW/Project/news_data_pipeline/.venv/lib/python3.11/site-packages/airflow/example_dags/example_latest_only.py for tasks to queue
[2024-04-12T20:21:42.422+0800] {logging_mixin.py:188} INFO - [2024-04-12T20:21:42.422+0800] {dagbag.py:538} INFO - Filling up the DagBag from /Users/wanghaojin/Desktop/exchange@NUS/IS3107/HW/Project/news_data_pipeline/.venv/lib/python3.11/site-packages/airflow/example_dags/example_latest_only.py
[2024-04-12T20:21:42.426+0800] {processor.py:840} INFO - DAG(s) 'latest_only' retrieved from /Users/wanghaojin/Desktop/exchange@NUS/IS3107/HW/Project/news_data_pipeline/.venv/lib/python3.11/site-packages/airflow/example_dags/example_latest_only.py
[2024-04-12T20:21:42.548+0800] {logging_mixin.py:188} INFO - [2024-04-12T20:21:42.548+0800] {dag.py:3036} INFO - Sync 1 DAGs
[2024-04-12T20:21:42.557+0800] {logging_mixin.py:188} INFO - [2024-04-12T20:21:42.557+0800] {dag.py:3823} INFO - Setting next_dagrun for latest_only to 2024-04-12 08:00:00+00:00, run_after=2024-04-12 12:00:00+00:00
[2024-04-12T20:21:42.567+0800] {processor.py:183} INFO - Processing /Users/wanghaojin/Desktop/exchange@NUS/IS3107/HW/Project/news_data_pipeline/.venv/lib/python3.11/site-packages/airflow/example_dags/example_latest_only.py took 0.147 seconds
[2024-04-12T20:23:57.094+0800] {processor.py:161} INFO - Started process (PID=9103) to work on /Users/wanghaojin/Desktop/exchange@NUS/IS3107/HW/Project/news_data_pipeline/.venv/lib/python3.11/site-packages/airflow/example_dags/example_latest_only.py
[2024-04-12T20:23:57.095+0800] {processor.py:830} INFO - Processing file /Users/wanghaojin/Desktop/exchange@NUS/IS3107/HW/Project/news_data_pipeline/.venv/lib/python3.11/site-packages/airflow/example_dags/example_latest_only.py for tasks to queue
[2024-04-12T20:23:57.096+0800] {logging_mixin.py:188} INFO - [2024-04-12T20:23:57.095+0800] {dagbag.py:538} INFO - Filling up the DagBag from /Users/wanghaojin/Desktop/exchange@NUS/IS3107/HW/Project/news_data_pipeline/.venv/lib/python3.11/site-packages/airflow/example_dags/example_latest_only.py
[2024-04-12T20:23:57.100+0800] {processor.py:840} INFO - DAG(s) 'latest_only' retrieved from /Users/wanghaojin/Desktop/exchange@NUS/IS3107/HW/Project/news_data_pipeline/.venv/lib/python3.11/site-packages/airflow/example_dags/example_latest_only.py
[2024-04-12T20:23:57.180+0800] {logging_mixin.py:188} INFO - [2024-04-12T20:23:57.179+0800] {dag.py:3036} INFO - Sync 1 DAGs
[2024-04-12T20:23:57.188+0800] {logging_mixin.py:188} INFO - [2024-04-12T20:23:57.188+0800] {dag.py:3823} INFO - Setting next_dagrun for latest_only to 2024-04-12 08:00:00+00:00, run_after=2024-04-12 12:00:00+00:00
[2024-04-12T20:23:57.199+0800] {processor.py:183} INFO - Processing /Users/wanghaojin/Desktop/exchange@NUS/IS3107/HW/Project/news_data_pipeline/.venv/lib/python3.11/site-packages/airflow/example_dags/example_latest_only.py took 0.105 seconds
[2024-04-12T20:26:33.662+0800] {processor.py:161} INFO - Started process (PID=9358) to work on /Users/wanghaojin/Desktop/exchange@NUS/IS3107/HW/Project/news_data_pipeline/.venv/lib/python3.11/site-packages/airflow/example_dags/example_latest_only.py
[2024-04-12T20:26:33.663+0800] {processor.py:830} INFO - Processing file /Users/wanghaojin/Desktop/exchange@NUS/IS3107/HW/Project/news_data_pipeline/.venv/lib/python3.11/site-packages/airflow/example_dags/example_latest_only.py for tasks to queue
[2024-04-12T20:26:33.663+0800] {logging_mixin.py:188} INFO - [2024-04-12T20:26:33.663+0800] {dagbag.py:538} INFO - Filling up the DagBag from /Users/wanghaojin/Desktop/exchange@NUS/IS3107/HW/Project/news_data_pipeline/.venv/lib/python3.11/site-packages/airflow/example_dags/example_latest_only.py
[2024-04-12T20:26:33.667+0800] {processor.py:840} INFO - DAG(s) 'latest_only' retrieved from /Users/wanghaojin/Desktop/exchange@NUS/IS3107/HW/Project/news_data_pipeline/.venv/lib/python3.11/site-packages/airflow/example_dags/example_latest_only.py
[2024-04-12T20:26:33.745+0800] {logging_mixin.py:188} INFO - [2024-04-12T20:26:33.745+0800] {dag.py:3036} INFO - Sync 1 DAGs
[2024-04-12T20:26:33.753+0800] {logging_mixin.py:188} INFO - [2024-04-12T20:26:33.753+0800] {dag.py:3823} INFO - Setting next_dagrun for latest_only to 2024-04-12 08:00:00+00:00, run_after=2024-04-12 12:00:00+00:00
[2024-04-12T20:26:33.763+0800] {processor.py:183} INFO - Processing /Users/wanghaojin/Desktop/exchange@NUS/IS3107/HW/Project/news_data_pipeline/.venv/lib/python3.11/site-packages/airflow/example_dags/example_latest_only.py took 0.102 seconds
[2024-04-12T20:28:49.566+0800] {processor.py:161} INFO - Started process (PID=9594) to work on /Users/wanghaojin/Desktop/exchange@NUS/IS3107/HW/Project/news_data_pipeline/.venv/lib/python3.11/site-packages/airflow/example_dags/example_latest_only.py
[2024-04-12T20:28:49.568+0800] {processor.py:830} INFO - Processing file /Users/wanghaojin/Desktop/exchange@NUS/IS3107/HW/Project/news_data_pipeline/.venv/lib/python3.11/site-packages/airflow/example_dags/example_latest_only.py for tasks to queue
[2024-04-12T20:28:49.568+0800] {logging_mixin.py:188} INFO - [2024-04-12T20:28:49.568+0800] {dagbag.py:538} INFO - Filling up the DagBag from /Users/wanghaojin/Desktop/exchange@NUS/IS3107/HW/Project/news_data_pipeline/.venv/lib/python3.11/site-packages/airflow/example_dags/example_latest_only.py
[2024-04-12T20:28:49.573+0800] {processor.py:840} INFO - DAG(s) 'latest_only' retrieved from /Users/wanghaojin/Desktop/exchange@NUS/IS3107/HW/Project/news_data_pipeline/.venv/lib/python3.11/site-packages/airflow/example_dags/example_latest_only.py
[2024-04-12T20:28:49.660+0800] {logging_mixin.py:188} INFO - [2024-04-12T20:28:49.660+0800] {dag.py:3036} INFO - Sync 1 DAGs
[2024-04-12T20:28:49.669+0800] {logging_mixin.py:188} INFO - [2024-04-12T20:28:49.669+0800] {dag.py:3823} INFO - Setting next_dagrun for latest_only to 2024-04-12 08:00:00+00:00, run_after=2024-04-12 12:00:00+00:00
[2024-04-12T20:28:49.680+0800] {processor.py:183} INFO - Processing /Users/wanghaojin/Desktop/exchange@NUS/IS3107/HW/Project/news_data_pipeline/.venv/lib/python3.11/site-packages/airflow/example_dags/example_latest_only.py took 0.114 seconds
[2024-04-12T20:30:26.830+0800] {processor.py:161} INFO - Started process (PID=9837) to work on /Users/wanghaojin/Desktop/exchange@NUS/IS3107/HW/Project/news_data_pipeline/.venv/lib/python3.11/site-packages/airflow/example_dags/example_latest_only.py
[2024-04-12T20:30:26.831+0800] {processor.py:830} INFO - Processing file /Users/wanghaojin/Desktop/exchange@NUS/IS3107/HW/Project/news_data_pipeline/.venv/lib/python3.11/site-packages/airflow/example_dags/example_latest_only.py for tasks to queue
[2024-04-12T20:30:26.831+0800] {logging_mixin.py:188} INFO - [2024-04-12T20:30:26.831+0800] {dagbag.py:538} INFO - Filling up the DagBag from /Users/wanghaojin/Desktop/exchange@NUS/IS3107/HW/Project/news_data_pipeline/.venv/lib/python3.11/site-packages/airflow/example_dags/example_latest_only.py
[2024-04-12T20:30:26.835+0800] {processor.py:840} INFO - DAG(s) 'latest_only' retrieved from /Users/wanghaojin/Desktop/exchange@NUS/IS3107/HW/Project/news_data_pipeline/.venv/lib/python3.11/site-packages/airflow/example_dags/example_latest_only.py
[2024-04-12T20:30:26.956+0800] {logging_mixin.py:188} INFO - [2024-04-12T20:30:26.956+0800] {dag.py:3036} INFO - Sync 1 DAGs
[2024-04-12T20:30:26.966+0800] {logging_mixin.py:188} INFO - [2024-04-12T20:30:26.965+0800] {dag.py:3823} INFO - Setting next_dagrun for latest_only to 2024-04-12 08:00:00+00:00, run_after=2024-04-12 12:00:00+00:00
[2024-04-12T20:30:26.975+0800] {processor.py:183} INFO - Processing /Users/wanghaojin/Desktop/exchange@NUS/IS3107/HW/Project/news_data_pipeline/.venv/lib/python3.11/site-packages/airflow/example_dags/example_latest_only.py took 0.146 seconds
[2024-04-12T20:37:14.336+0800] {processor.py:161} INFO - Started process (PID=10571) to work on /Users/wanghaojin/Desktop/exchange@NUS/IS3107/HW/Project/news_data_pipeline/.venv/lib/python3.11/site-packages/airflow/example_dags/example_latest_only.py
[2024-04-12T20:37:14.337+0800] {processor.py:830} INFO - Processing file /Users/wanghaojin/Desktop/exchange@NUS/IS3107/HW/Project/news_data_pipeline/.venv/lib/python3.11/site-packages/airflow/example_dags/example_latest_only.py for tasks to queue
[2024-04-12T20:37:14.337+0800] {logging_mixin.py:188} INFO - [2024-04-12T20:37:14.337+0800] {dagbag.py:538} INFO - Filling up the DagBag from /Users/wanghaojin/Desktop/exchange@NUS/IS3107/HW/Project/news_data_pipeline/.venv/lib/python3.11/site-packages/airflow/example_dags/example_latest_only.py
[2024-04-12T20:37:14.341+0800] {processor.py:840} INFO - DAG(s) 'latest_only' retrieved from /Users/wanghaojin/Desktop/exchange@NUS/IS3107/HW/Project/news_data_pipeline/.venv/lib/python3.11/site-packages/airflow/example_dags/example_latest_only.py
[2024-04-12T20:37:14.461+0800] {logging_mixin.py:188} INFO - [2024-04-12T20:37:14.461+0800] {dag.py:3036} INFO - Sync 1 DAGs
[2024-04-12T20:37:14.470+0800] {logging_mixin.py:188} INFO - [2024-04-12T20:37:14.470+0800] {dag.py:3823} INFO - Setting next_dagrun for latest_only to 2024-04-12 08:00:00+00:00, run_after=2024-04-12 12:00:00+00:00
[2024-04-12T20:37:14.480+0800] {processor.py:183} INFO - Processing /Users/wanghaojin/Desktop/exchange@NUS/IS3107/HW/Project/news_data_pipeline/.venv/lib/python3.11/site-packages/airflow/example_dags/example_latest_only.py took 0.145 seconds
[2024-04-12T20:39:29.479+0800] {processor.py:161} INFO - Started process (PID=10778) to work on /Users/wanghaojin/Desktop/exchange@NUS/IS3107/HW/Project/news_data_pipeline/.venv/lib/python3.11/site-packages/airflow/example_dags/example_latest_only.py
[2024-04-12T20:39:29.479+0800] {processor.py:830} INFO - Processing file /Users/wanghaojin/Desktop/exchange@NUS/IS3107/HW/Project/news_data_pipeline/.venv/lib/python3.11/site-packages/airflow/example_dags/example_latest_only.py for tasks to queue
[2024-04-12T20:39:29.479+0800] {logging_mixin.py:188} INFO - [2024-04-12T20:39:29.479+0800] {dagbag.py:538} INFO - Filling up the DagBag from /Users/wanghaojin/Desktop/exchange@NUS/IS3107/HW/Project/news_data_pipeline/.venv/lib/python3.11/site-packages/airflow/example_dags/example_latest_only.py
[2024-04-12T20:39:29.483+0800] {processor.py:840} INFO - DAG(s) 'latest_only' retrieved from /Users/wanghaojin/Desktop/exchange@NUS/IS3107/HW/Project/news_data_pipeline/.venv/lib/python3.11/site-packages/airflow/example_dags/example_latest_only.py
[2024-04-12T20:39:29.573+0800] {logging_mixin.py:188} INFO - [2024-04-12T20:39:29.573+0800] {dag.py:3036} INFO - Sync 1 DAGs
[2024-04-12T20:39:29.582+0800] {logging_mixin.py:188} INFO - [2024-04-12T20:39:29.582+0800] {dag.py:3823} INFO - Setting next_dagrun for latest_only to 2024-04-12 08:00:00+00:00, run_after=2024-04-12 12:00:00+00:00
[2024-04-12T20:39:29.593+0800] {processor.py:183} INFO - Processing /Users/wanghaojin/Desktop/exchange@NUS/IS3107/HW/Project/news_data_pipeline/.venv/lib/python3.11/site-packages/airflow/example_dags/example_latest_only.py took 0.115 seconds
[2024-04-12T20:41:46.625+0800] {processor.py:161} INFO - Started process (PID=10965) to work on /Users/wanghaojin/Desktop/exchange@NUS/IS3107/HW/Project/news_data_pipeline/.venv/lib/python3.11/site-packages/airflow/example_dags/example_latest_only.py
[2024-04-12T20:41:46.626+0800] {processor.py:830} INFO - Processing file /Users/wanghaojin/Desktop/exchange@NUS/IS3107/HW/Project/news_data_pipeline/.venv/lib/python3.11/site-packages/airflow/example_dags/example_latest_only.py for tasks to queue
[2024-04-12T20:41:46.626+0800] {logging_mixin.py:188} INFO - [2024-04-12T20:41:46.626+0800] {dagbag.py:538} INFO - Filling up the DagBag from /Users/wanghaojin/Desktop/exchange@NUS/IS3107/HW/Project/news_data_pipeline/.venv/lib/python3.11/site-packages/airflow/example_dags/example_latest_only.py
[2024-04-12T20:41:46.630+0800] {processor.py:840} INFO - DAG(s) 'latest_only' retrieved from /Users/wanghaojin/Desktop/exchange@NUS/IS3107/HW/Project/news_data_pipeline/.venv/lib/python3.11/site-packages/airflow/example_dags/example_latest_only.py
[2024-04-12T20:41:46.707+0800] {logging_mixin.py:188} INFO - [2024-04-12T20:41:46.707+0800] {dag.py:3036} INFO - Sync 1 DAGs
[2024-04-12T20:41:46.715+0800] {logging_mixin.py:188} INFO - [2024-04-12T20:41:46.715+0800] {dag.py:3823} INFO - Setting next_dagrun for latest_only to 2024-04-12 08:00:00+00:00, run_after=2024-04-12 12:00:00+00:00
[2024-04-12T20:41:46.725+0800] {processor.py:183} INFO - Processing /Users/wanghaojin/Desktop/exchange@NUS/IS3107/HW/Project/news_data_pipeline/.venv/lib/python3.11/site-packages/airflow/example_dags/example_latest_only.py took 0.101 seconds
[2024-04-12T20:44:08.313+0800] {processor.py:161} INFO - Started process (PID=11170) to work on /Users/wanghaojin/Desktop/exchange@NUS/IS3107/HW/Project/news_data_pipeline/.venv/lib/python3.11/site-packages/airflow/example_dags/example_latest_only.py
[2024-04-12T20:44:08.314+0800] {processor.py:830} INFO - Processing file /Users/wanghaojin/Desktop/exchange@NUS/IS3107/HW/Project/news_data_pipeline/.venv/lib/python3.11/site-packages/airflow/example_dags/example_latest_only.py for tasks to queue
[2024-04-12T20:44:08.315+0800] {logging_mixin.py:188} INFO - [2024-04-12T20:44:08.315+0800] {dagbag.py:538} INFO - Filling up the DagBag from /Users/wanghaojin/Desktop/exchange@NUS/IS3107/HW/Project/news_data_pipeline/.venv/lib/python3.11/site-packages/airflow/example_dags/example_latest_only.py
[2024-04-12T20:44:08.319+0800] {processor.py:840} INFO - DAG(s) 'latest_only' retrieved from /Users/wanghaojin/Desktop/exchange@NUS/IS3107/HW/Project/news_data_pipeline/.venv/lib/python3.11/site-packages/airflow/example_dags/example_latest_only.py
[2024-04-12T20:44:08.395+0800] {logging_mixin.py:188} INFO - [2024-04-12T20:44:08.395+0800] {dag.py:3036} INFO - Sync 1 DAGs
[2024-04-12T20:44:08.404+0800] {logging_mixin.py:188} INFO - [2024-04-12T20:44:08.404+0800] {dag.py:3823} INFO - Setting next_dagrun for latest_only to 2024-04-12 08:00:00+00:00, run_after=2024-04-12 12:00:00+00:00
[2024-04-12T20:44:08.414+0800] {processor.py:183} INFO - Processing /Users/wanghaojin/Desktop/exchange@NUS/IS3107/HW/Project/news_data_pipeline/.venv/lib/python3.11/site-packages/airflow/example_dags/example_latest_only.py took 0.102 seconds
[2024-04-12T20:50:28.868+0800] {processor.py:161} INFO - Started process (PID=11954) to work on /Users/wanghaojin/Desktop/exchange@NUS/IS3107/HW/Project/news_data_pipeline/.venv/lib/python3.11/site-packages/airflow/example_dags/example_latest_only.py
[2024-04-12T20:50:28.870+0800] {processor.py:830} INFO - Processing file /Users/wanghaojin/Desktop/exchange@NUS/IS3107/HW/Project/news_data_pipeline/.venv/lib/python3.11/site-packages/airflow/example_dags/example_latest_only.py for tasks to queue
[2024-04-12T20:50:28.870+0800] {logging_mixin.py:188} INFO - [2024-04-12T20:50:28.870+0800] {dagbag.py:538} INFO - Filling up the DagBag from /Users/wanghaojin/Desktop/exchange@NUS/IS3107/HW/Project/news_data_pipeline/.venv/lib/python3.11/site-packages/airflow/example_dags/example_latest_only.py
[2024-04-12T20:50:28.874+0800] {processor.py:840} INFO - DAG(s) 'latest_only' retrieved from /Users/wanghaojin/Desktop/exchange@NUS/IS3107/HW/Project/news_data_pipeline/.venv/lib/python3.11/site-packages/airflow/example_dags/example_latest_only.py
[2024-04-12T20:50:28.995+0800] {logging_mixin.py:188} INFO - [2024-04-12T20:50:28.995+0800] {dag.py:3036} INFO - Sync 1 DAGs
[2024-04-12T20:50:29.004+0800] {logging_mixin.py:188} INFO - [2024-04-12T20:50:29.004+0800] {dag.py:3823} INFO - Setting next_dagrun for latest_only to 2024-04-12 08:00:00+00:00, run_after=2024-04-12 12:00:00+00:00
[2024-04-12T20:50:29.014+0800] {processor.py:183} INFO - Processing /Users/wanghaojin/Desktop/exchange@NUS/IS3107/HW/Project/news_data_pipeline/.venv/lib/python3.11/site-packages/airflow/example_dags/example_latest_only.py took 0.146 seconds
[2024-04-12T20:52:10.189+0800] {processor.py:161} INFO - Started process (PID=12132) to work on /Users/wanghaojin/Desktop/exchange@NUS/IS3107/HW/Project/news_data_pipeline/.venv/lib/python3.11/site-packages/airflow/example_dags/example_latest_only.py
[2024-04-12T20:52:10.190+0800] {processor.py:830} INFO - Processing file /Users/wanghaojin/Desktop/exchange@NUS/IS3107/HW/Project/news_data_pipeline/.venv/lib/python3.11/site-packages/airflow/example_dags/example_latest_only.py for tasks to queue
[2024-04-12T20:52:10.190+0800] {logging_mixin.py:188} INFO - [2024-04-12T20:52:10.190+0800] {dagbag.py:538} INFO - Filling up the DagBag from /Users/wanghaojin/Desktop/exchange@NUS/IS3107/HW/Project/news_data_pipeline/.venv/lib/python3.11/site-packages/airflow/example_dags/example_latest_only.py
[2024-04-12T20:52:10.195+0800] {processor.py:840} INFO - DAG(s) 'latest_only' retrieved from /Users/wanghaojin/Desktop/exchange@NUS/IS3107/HW/Project/news_data_pipeline/.venv/lib/python3.11/site-packages/airflow/example_dags/example_latest_only.py
[2024-04-12T20:52:10.292+0800] {logging_mixin.py:188} INFO - [2024-04-12T20:52:10.292+0800] {dag.py:3036} INFO - Sync 1 DAGs
[2024-04-12T20:52:10.301+0800] {logging_mixin.py:188} INFO - [2024-04-12T20:52:10.301+0800] {dag.py:3823} INFO - Setting next_dagrun for latest_only to 2024-04-12 08:00:00+00:00, run_after=2024-04-12 12:00:00+00:00
[2024-04-12T20:52:10.314+0800] {processor.py:183} INFO - Processing /Users/wanghaojin/Desktop/exchange@NUS/IS3107/HW/Project/news_data_pipeline/.venv/lib/python3.11/site-packages/airflow/example_dags/example_latest_only.py took 0.125 seconds
[2024-04-12T20:54:35.671+0800] {processor.py:161} INFO - Started process (PID=12349) to work on /Users/wanghaojin/Desktop/exchange@NUS/IS3107/HW/Project/news_data_pipeline/.venv/lib/python3.11/site-packages/airflow/example_dags/example_latest_only.py
[2024-04-12T20:54:35.673+0800] {processor.py:830} INFO - Processing file /Users/wanghaojin/Desktop/exchange@NUS/IS3107/HW/Project/news_data_pipeline/.venv/lib/python3.11/site-packages/airflow/example_dags/example_latest_only.py for tasks to queue
[2024-04-12T20:54:35.673+0800] {logging_mixin.py:188} INFO - [2024-04-12T20:54:35.673+0800] {dagbag.py:538} INFO - Filling up the DagBag from /Users/wanghaojin/Desktop/exchange@NUS/IS3107/HW/Project/news_data_pipeline/.venv/lib/python3.11/site-packages/airflow/example_dags/example_latest_only.py
[2024-04-12T20:54:35.677+0800] {processor.py:840} INFO - DAG(s) 'latest_only' retrieved from /Users/wanghaojin/Desktop/exchange@NUS/IS3107/HW/Project/news_data_pipeline/.venv/lib/python3.11/site-packages/airflow/example_dags/example_latest_only.py
[2024-04-12T20:54:35.754+0800] {logging_mixin.py:188} INFO - [2024-04-12T20:54:35.754+0800] {dag.py:3036} INFO - Sync 1 DAGs
[2024-04-12T20:54:35.763+0800] {logging_mixin.py:188} INFO - [2024-04-12T20:54:35.763+0800] {dag.py:3823} INFO - Setting next_dagrun for latest_only to 2024-04-12 08:00:00+00:00, run_after=2024-04-12 12:00:00+00:00
[2024-04-12T20:54:35.773+0800] {processor.py:183} INFO - Processing /Users/wanghaojin/Desktop/exchange@NUS/IS3107/HW/Project/news_data_pipeline/.venv/lib/python3.11/site-packages/airflow/example_dags/example_latest_only.py took 0.102 seconds
[2024-04-12T20:57:08.500+0800] {processor.py:161} INFO - Started process (PID=12604) to work on /Users/wanghaojin/Desktop/exchange@NUS/IS3107/HW/Project/news_data_pipeline/.venv/lib/python3.11/site-packages/airflow/example_dags/example_latest_only.py
[2024-04-12T20:57:08.501+0800] {processor.py:830} INFO - Processing file /Users/wanghaojin/Desktop/exchange@NUS/IS3107/HW/Project/news_data_pipeline/.venv/lib/python3.11/site-packages/airflow/example_dags/example_latest_only.py for tasks to queue
[2024-04-12T20:57:08.501+0800] {logging_mixin.py:188} INFO - [2024-04-12T20:57:08.501+0800] {dagbag.py:538} INFO - Filling up the DagBag from /Users/wanghaojin/Desktop/exchange@NUS/IS3107/HW/Project/news_data_pipeline/.venv/lib/python3.11/site-packages/airflow/example_dags/example_latest_only.py
[2024-04-12T20:57:08.505+0800] {processor.py:840} INFO - DAG(s) 'latest_only' retrieved from /Users/wanghaojin/Desktop/exchange@NUS/IS3107/HW/Project/news_data_pipeline/.venv/lib/python3.11/site-packages/airflow/example_dags/example_latest_only.py
[2024-04-12T20:57:08.581+0800] {logging_mixin.py:188} INFO - [2024-04-12T20:57:08.581+0800] {dag.py:3036} INFO - Sync 1 DAGs
[2024-04-12T20:57:08.590+0800] {logging_mixin.py:188} INFO - [2024-04-12T20:57:08.590+0800] {dag.py:3823} INFO - Setting next_dagrun for latest_only to 2024-04-12 08:00:00+00:00, run_after=2024-04-12 12:00:00+00:00
[2024-04-12T20:57:08.600+0800] {processor.py:183} INFO - Processing /Users/wanghaojin/Desktop/exchange@NUS/IS3107/HW/Project/news_data_pipeline/.venv/lib/python3.11/site-packages/airflow/example_dags/example_latest_only.py took 0.101 seconds
[2024-04-12T20:59:26.921+0800] {processor.py:161} INFO - Started process (PID=12787) to work on /Users/wanghaojin/Desktop/exchange@NUS/IS3107/HW/Project/news_data_pipeline/.venv/lib/python3.11/site-packages/airflow/example_dags/example_latest_only.py
[2024-04-12T20:59:26.923+0800] {processor.py:830} INFO - Processing file /Users/wanghaojin/Desktop/exchange@NUS/IS3107/HW/Project/news_data_pipeline/.venv/lib/python3.11/site-packages/airflow/example_dags/example_latest_only.py for tasks to queue
[2024-04-12T20:59:26.923+0800] {logging_mixin.py:188} INFO - [2024-04-12T20:59:26.923+0800] {dagbag.py:538} INFO - Filling up the DagBag from /Users/wanghaojin/Desktop/exchange@NUS/IS3107/HW/Project/news_data_pipeline/.venv/lib/python3.11/site-packages/airflow/example_dags/example_latest_only.py
[2024-04-12T20:59:26.927+0800] {processor.py:840} INFO - DAG(s) 'latest_only' retrieved from /Users/wanghaojin/Desktop/exchange@NUS/IS3107/HW/Project/news_data_pipeline/.venv/lib/python3.11/site-packages/airflow/example_dags/example_latest_only.py
[2024-04-12T20:59:27.003+0800] {logging_mixin.py:188} INFO - [2024-04-12T20:59:27.003+0800] {dag.py:3036} INFO - Sync 1 DAGs
[2024-04-12T20:59:27.012+0800] {logging_mixin.py:188} INFO - [2024-04-12T20:59:27.012+0800] {dag.py:3823} INFO - Setting next_dagrun for latest_only to 2024-04-12 08:00:00+00:00, run_after=2024-04-12 12:00:00+00:00
[2024-04-12T20:59:27.022+0800] {processor.py:183} INFO - Processing /Users/wanghaojin/Desktop/exchange@NUS/IS3107/HW/Project/news_data_pipeline/.venv/lib/python3.11/site-packages/airflow/example_dags/example_latest_only.py took 0.101 seconds
[2024-04-12T21:01:55.711+0800] {processor.py:161} INFO - Started process (PID=13136) to work on /Users/wanghaojin/Desktop/exchange@NUS/IS3107/HW/Project/news_data_pipeline/.venv/lib/python3.11/site-packages/airflow/example_dags/example_latest_only.py
[2024-04-12T21:01:55.712+0800] {processor.py:830} INFO - Processing file /Users/wanghaojin/Desktop/exchange@NUS/IS3107/HW/Project/news_data_pipeline/.venv/lib/python3.11/site-packages/airflow/example_dags/example_latest_only.py for tasks to queue
[2024-04-12T21:01:55.713+0800] {logging_mixin.py:188} INFO - [2024-04-12T21:01:55.712+0800] {dagbag.py:538} INFO - Filling up the DagBag from /Users/wanghaojin/Desktop/exchange@NUS/IS3107/HW/Project/news_data_pipeline/.venv/lib/python3.11/site-packages/airflow/example_dags/example_latest_only.py
[2024-04-12T21:01:55.717+0800] {processor.py:840} INFO - DAG(s) 'latest_only' retrieved from /Users/wanghaojin/Desktop/exchange@NUS/IS3107/HW/Project/news_data_pipeline/.venv/lib/python3.11/site-packages/airflow/example_dags/example_latest_only.py
[2024-04-12T21:01:55.793+0800] {logging_mixin.py:188} INFO - [2024-04-12T21:01:55.793+0800] {dag.py:3036} INFO - Sync 1 DAGs
[2024-04-12T21:01:55.802+0800] {logging_mixin.py:188} INFO - [2024-04-12T21:01:55.801+0800] {dag.py:3823} INFO - Setting next_dagrun for latest_only to 2024-04-12 08:00:00+00:00, run_after=2024-04-12 12:00:00+00:00
[2024-04-12T21:01:55.811+0800] {processor.py:183} INFO - Processing /Users/wanghaojin/Desktop/exchange@NUS/IS3107/HW/Project/news_data_pipeline/.venv/lib/python3.11/site-packages/airflow/example_dags/example_latest_only.py took 0.100 seconds
[2024-04-12T21:04:14.111+0800] {processor.py:161} INFO - Started process (PID=13283) to work on /Users/wanghaojin/Desktop/exchange@NUS/IS3107/HW/Project/news_data_pipeline/.venv/lib/python3.11/site-packages/airflow/example_dags/example_latest_only.py
[2024-04-12T21:04:14.112+0800] {processor.py:830} INFO - Processing file /Users/wanghaojin/Desktop/exchange@NUS/IS3107/HW/Project/news_data_pipeline/.venv/lib/python3.11/site-packages/airflow/example_dags/example_latest_only.py for tasks to queue
[2024-04-12T21:04:14.112+0800] {logging_mixin.py:188} INFO - [2024-04-12T21:04:14.112+0800] {dagbag.py:538} INFO - Filling up the DagBag from /Users/wanghaojin/Desktop/exchange@NUS/IS3107/HW/Project/news_data_pipeline/.venv/lib/python3.11/site-packages/airflow/example_dags/example_latest_only.py
[2024-04-12T21:04:14.116+0800] {processor.py:840} INFO - DAG(s) 'latest_only' retrieved from /Users/wanghaojin/Desktop/exchange@NUS/IS3107/HW/Project/news_data_pipeline/.venv/lib/python3.11/site-packages/airflow/example_dags/example_latest_only.py
[2024-04-12T21:04:14.193+0800] {logging_mixin.py:188} INFO - [2024-04-12T21:04:14.193+0800] {dag.py:3036} INFO - Sync 1 DAGs
[2024-04-12T21:04:14.202+0800] {logging_mixin.py:188} INFO - [2024-04-12T21:04:14.202+0800] {dag.py:3823} INFO - Setting next_dagrun for latest_only to 2024-04-12 08:00:00+00:00, run_after=2024-04-12 12:00:00+00:00
[2024-04-12T21:04:14.212+0800] {processor.py:183} INFO - Processing /Users/wanghaojin/Desktop/exchange@NUS/IS3107/HW/Project/news_data_pipeline/.venv/lib/python3.11/site-packages/airflow/example_dags/example_latest_only.py took 0.101 seconds
[2024-04-12T21:06:41.830+0800] {processor.py:161} INFO - Started process (PID=13614) to work on /Users/wanghaojin/Desktop/exchange@NUS/IS3107/HW/Project/news_data_pipeline/.venv/lib/python3.11/site-packages/airflow/example_dags/example_latest_only.py
[2024-04-12T21:06:41.832+0800] {processor.py:830} INFO - Processing file /Users/wanghaojin/Desktop/exchange@NUS/IS3107/HW/Project/news_data_pipeline/.venv/lib/python3.11/site-packages/airflow/example_dags/example_latest_only.py for tasks to queue
[2024-04-12T21:06:41.832+0800] {logging_mixin.py:188} INFO - [2024-04-12T21:06:41.832+0800] {dagbag.py:538} INFO - Filling up the DagBag from /Users/wanghaojin/Desktop/exchange@NUS/IS3107/HW/Project/news_data_pipeline/.venv/lib/python3.11/site-packages/airflow/example_dags/example_latest_only.py
[2024-04-12T21:06:41.836+0800] {processor.py:840} INFO - DAG(s) 'latest_only' retrieved from /Users/wanghaojin/Desktop/exchange@NUS/IS3107/HW/Project/news_data_pipeline/.venv/lib/python3.11/site-packages/airflow/example_dags/example_latest_only.py
[2024-04-12T21:06:41.912+0800] {logging_mixin.py:188} INFO - [2024-04-12T21:06:41.912+0800] {dag.py:3036} INFO - Sync 1 DAGs
[2024-04-12T21:06:41.921+0800] {logging_mixin.py:188} INFO - [2024-04-12T21:06:41.921+0800] {dag.py:3823} INFO - Setting next_dagrun for latest_only to 2024-04-12 08:00:00+00:00, run_after=2024-04-12 12:00:00+00:00
[2024-04-12T21:06:41.931+0800] {processor.py:183} INFO - Processing /Users/wanghaojin/Desktop/exchange@NUS/IS3107/HW/Project/news_data_pipeline/.venv/lib/python3.11/site-packages/airflow/example_dags/example_latest_only.py took 0.101 seconds
[2024-04-12T21:09:02.207+0800] {processor.py:161} INFO - Started process (PID=13853) to work on /Users/wanghaojin/Desktop/exchange@NUS/IS3107/HW/Project/news_data_pipeline/.venv/lib/python3.11/site-packages/airflow/example_dags/example_latest_only.py
[2024-04-12T21:09:02.209+0800] {processor.py:830} INFO - Processing file /Users/wanghaojin/Desktop/exchange@NUS/IS3107/HW/Project/news_data_pipeline/.venv/lib/python3.11/site-packages/airflow/example_dags/example_latest_only.py for tasks to queue
[2024-04-12T21:09:02.209+0800] {logging_mixin.py:188} INFO - [2024-04-12T21:09:02.209+0800] {dagbag.py:538} INFO - Filling up the DagBag from /Users/wanghaojin/Desktop/exchange@NUS/IS3107/HW/Project/news_data_pipeline/.venv/lib/python3.11/site-packages/airflow/example_dags/example_latest_only.py
[2024-04-12T21:09:02.213+0800] {processor.py:840} INFO - DAG(s) 'latest_only' retrieved from /Users/wanghaojin/Desktop/exchange@NUS/IS3107/HW/Project/news_data_pipeline/.venv/lib/python3.11/site-packages/airflow/example_dags/example_latest_only.py
[2024-04-12T21:09:02.291+0800] {logging_mixin.py:188} INFO - [2024-04-12T21:09:02.291+0800] {dag.py:3036} INFO - Sync 1 DAGs
[2024-04-12T21:09:02.301+0800] {logging_mixin.py:188} INFO - [2024-04-12T21:09:02.301+0800] {dag.py:3823} INFO - Setting next_dagrun for latest_only to 2024-04-12 08:00:00+00:00, run_after=2024-04-12 12:00:00+00:00
[2024-04-12T21:09:02.311+0800] {processor.py:183} INFO - Processing /Users/wanghaojin/Desktop/exchange@NUS/IS3107/HW/Project/news_data_pipeline/.venv/lib/python3.11/site-packages/airflow/example_dags/example_latest_only.py took 0.104 seconds
[2024-04-12T21:11:20.768+0800] {processor.py:161} INFO - Started process (PID=14149) to work on /Users/wanghaojin/Desktop/exchange@NUS/IS3107/HW/Project/news_data_pipeline/.venv/lib/python3.11/site-packages/airflow/example_dags/example_latest_only.py
[2024-04-12T21:11:20.769+0800] {processor.py:830} INFO - Processing file /Users/wanghaojin/Desktop/exchange@NUS/IS3107/HW/Project/news_data_pipeline/.venv/lib/python3.11/site-packages/airflow/example_dags/example_latest_only.py for tasks to queue
[2024-04-12T21:11:20.769+0800] {logging_mixin.py:188} INFO - [2024-04-12T21:11:20.769+0800] {dagbag.py:538} INFO - Filling up the DagBag from /Users/wanghaojin/Desktop/exchange@NUS/IS3107/HW/Project/news_data_pipeline/.venv/lib/python3.11/site-packages/airflow/example_dags/example_latest_only.py
[2024-04-12T21:11:20.774+0800] {processor.py:840} INFO - DAG(s) 'latest_only' retrieved from /Users/wanghaojin/Desktop/exchange@NUS/IS3107/HW/Project/news_data_pipeline/.venv/lib/python3.11/site-packages/airflow/example_dags/example_latest_only.py
[2024-04-12T21:11:20.857+0800] {logging_mixin.py:188} INFO - [2024-04-12T21:11:20.857+0800] {dag.py:3036} INFO - Sync 1 DAGs
[2024-04-12T21:11:20.866+0800] {logging_mixin.py:188} INFO - [2024-04-12T21:11:20.866+0800] {dag.py:3823} INFO - Setting next_dagrun for latest_only to 2024-04-12 08:00:00+00:00, run_after=2024-04-12 12:00:00+00:00
[2024-04-12T21:11:20.876+0800] {processor.py:183} INFO - Processing /Users/wanghaojin/Desktop/exchange@NUS/IS3107/HW/Project/news_data_pipeline/.venv/lib/python3.11/site-packages/airflow/example_dags/example_latest_only.py took 0.109 seconds
[2024-04-12T21:13:39.494+0800] {processor.py:161} INFO - Started process (PID=14340) to work on /Users/wanghaojin/Desktop/exchange@NUS/IS3107/HW/Project/news_data_pipeline/.venv/lib/python3.11/site-packages/airflow/example_dags/example_latest_only.py
[2024-04-12T21:13:39.494+0800] {processor.py:830} INFO - Processing file /Users/wanghaojin/Desktop/exchange@NUS/IS3107/HW/Project/news_data_pipeline/.venv/lib/python3.11/site-packages/airflow/example_dags/example_latest_only.py for tasks to queue
[2024-04-12T21:13:39.495+0800] {logging_mixin.py:188} INFO - [2024-04-12T21:13:39.495+0800] {dagbag.py:538} INFO - Filling up the DagBag from /Users/wanghaojin/Desktop/exchange@NUS/IS3107/HW/Project/news_data_pipeline/.venv/lib/python3.11/site-packages/airflow/example_dags/example_latest_only.py
[2024-04-12T21:13:39.499+0800] {processor.py:840} INFO - DAG(s) 'latest_only' retrieved from /Users/wanghaojin/Desktop/exchange@NUS/IS3107/HW/Project/news_data_pipeline/.venv/lib/python3.11/site-packages/airflow/example_dags/example_latest_only.py
[2024-04-12T21:13:39.579+0800] {logging_mixin.py:188} INFO - [2024-04-12T21:13:39.579+0800] {dag.py:3036} INFO - Sync 1 DAGs
[2024-04-12T21:13:39.588+0800] {logging_mixin.py:188} INFO - [2024-04-12T21:13:39.588+0800] {dag.py:3823} INFO - Setting next_dagrun for latest_only to 2024-04-12 08:00:00+00:00, run_after=2024-04-12 12:00:00+00:00
[2024-04-12T21:13:39.598+0800] {processor.py:183} INFO - Processing /Users/wanghaojin/Desktop/exchange@NUS/IS3107/HW/Project/news_data_pipeline/.venv/lib/python3.11/site-packages/airflow/example_dags/example_latest_only.py took 0.106 seconds
[2024-04-12T21:15:51.750+0800] {processor.py:161} INFO - Started process (PID=14624) to work on /Users/wanghaojin/Desktop/exchange@NUS/IS3107/HW/Project/news_data_pipeline/.venv/lib/python3.11/site-packages/airflow/example_dags/example_latest_only.py
[2024-04-12T21:15:51.751+0800] {processor.py:830} INFO - Processing file /Users/wanghaojin/Desktop/exchange@NUS/IS3107/HW/Project/news_data_pipeline/.venv/lib/python3.11/site-packages/airflow/example_dags/example_latest_only.py for tasks to queue
[2024-04-12T21:15:51.752+0800] {logging_mixin.py:188} INFO - [2024-04-12T21:15:51.752+0800] {dagbag.py:538} INFO - Filling up the DagBag from /Users/wanghaojin/Desktop/exchange@NUS/IS3107/HW/Project/news_data_pipeline/.venv/lib/python3.11/site-packages/airflow/example_dags/example_latest_only.py
[2024-04-12T21:15:51.756+0800] {processor.py:840} INFO - DAG(s) 'latest_only' retrieved from /Users/wanghaojin/Desktop/exchange@NUS/IS3107/HW/Project/news_data_pipeline/.venv/lib/python3.11/site-packages/airflow/example_dags/example_latest_only.py
[2024-04-12T21:15:51.875+0800] {logging_mixin.py:188} INFO - [2024-04-12T21:15:51.875+0800] {dag.py:3036} INFO - Sync 1 DAGs
[2024-04-12T21:15:51.884+0800] {logging_mixin.py:188} INFO - [2024-04-12T21:15:51.884+0800] {dag.py:3823} INFO - Setting next_dagrun for latest_only to 2024-04-12 08:00:00+00:00, run_after=2024-04-12 12:00:00+00:00
[2024-04-12T21:15:51.894+0800] {processor.py:183} INFO - Processing /Users/wanghaojin/Desktop/exchange@NUS/IS3107/HW/Project/news_data_pipeline/.venv/lib/python3.11/site-packages/airflow/example_dags/example_latest_only.py took 0.145 seconds
[2024-04-12T21:17:31.710+0800] {processor.py:161} INFO - Started process (PID=14785) to work on /Users/wanghaojin/Desktop/exchange@NUS/IS3107/HW/Project/news_data_pipeline/.venv/lib/python3.11/site-packages/airflow/example_dags/example_latest_only.py
[2024-04-12T21:17:31.711+0800] {processor.py:830} INFO - Processing file /Users/wanghaojin/Desktop/exchange@NUS/IS3107/HW/Project/news_data_pipeline/.venv/lib/python3.11/site-packages/airflow/example_dags/example_latest_only.py for tasks to queue
[2024-04-12T21:17:31.712+0800] {logging_mixin.py:188} INFO - [2024-04-12T21:17:31.712+0800] {dagbag.py:538} INFO - Filling up the DagBag from /Users/wanghaojin/Desktop/exchange@NUS/IS3107/HW/Project/news_data_pipeline/.venv/lib/python3.11/site-packages/airflow/example_dags/example_latest_only.py
[2024-04-12T21:17:31.716+0800] {processor.py:840} INFO - DAG(s) 'latest_only' retrieved from /Users/wanghaojin/Desktop/exchange@NUS/IS3107/HW/Project/news_data_pipeline/.venv/lib/python3.11/site-packages/airflow/example_dags/example_latest_only.py
[2024-04-12T21:17:31.792+0800] {logging_mixin.py:188} INFO - [2024-04-12T21:17:31.792+0800] {dag.py:3036} INFO - Sync 1 DAGs
[2024-04-12T21:17:31.801+0800] {logging_mixin.py:188} INFO - [2024-04-12T21:17:31.801+0800] {dag.py:3823} INFO - Setting next_dagrun for latest_only to 2024-04-12 08:00:00+00:00, run_after=2024-04-12 12:00:00+00:00
[2024-04-12T21:17:31.811+0800] {processor.py:183} INFO - Processing /Users/wanghaojin/Desktop/exchange@NUS/IS3107/HW/Project/news_data_pipeline/.venv/lib/python3.11/site-packages/airflow/example_dags/example_latest_only.py took 0.101 seconds
[2024-04-12T21:19:45.128+0800] {processor.py:161} INFO - Started process (PID=14914) to work on /Users/wanghaojin/Desktop/exchange@NUS/IS3107/HW/Project/news_data_pipeline/.venv/lib/python3.11/site-packages/airflow/example_dags/example_latest_only.py
[2024-04-12T21:19:45.128+0800] {processor.py:830} INFO - Processing file /Users/wanghaojin/Desktop/exchange@NUS/IS3107/HW/Project/news_data_pipeline/.venv/lib/python3.11/site-packages/airflow/example_dags/example_latest_only.py for tasks to queue
[2024-04-12T21:19:45.129+0800] {logging_mixin.py:188} INFO - [2024-04-12T21:19:45.129+0800] {dagbag.py:538} INFO - Filling up the DagBag from /Users/wanghaojin/Desktop/exchange@NUS/IS3107/HW/Project/news_data_pipeline/.venv/lib/python3.11/site-packages/airflow/example_dags/example_latest_only.py
[2024-04-12T21:19:45.133+0800] {processor.py:840} INFO - DAG(s) 'latest_only' retrieved from /Users/wanghaojin/Desktop/exchange@NUS/IS3107/HW/Project/news_data_pipeline/.venv/lib/python3.11/site-packages/airflow/example_dags/example_latest_only.py
[2024-04-12T21:19:45.211+0800] {logging_mixin.py:188} INFO - [2024-04-12T21:19:45.211+0800] {dag.py:3036} INFO - Sync 1 DAGs
[2024-04-12T21:19:45.220+0800] {logging_mixin.py:188} INFO - [2024-04-12T21:19:45.220+0800] {dag.py:3823} INFO - Setting next_dagrun for latest_only to 2024-04-12 08:00:00+00:00, run_after=2024-04-12 12:00:00+00:00
[2024-04-12T21:19:45.231+0800] {processor.py:183} INFO - Processing /Users/wanghaojin/Desktop/exchange@NUS/IS3107/HW/Project/news_data_pipeline/.venv/lib/python3.11/site-packages/airflow/example_dags/example_latest_only.py took 0.104 seconds
[2024-04-12T21:38:15.342+0800] {processor.py:161} INFO - Started process (PID=16338) to work on /Users/wanghaojin/Desktop/exchange@NUS/IS3107/HW/Project/news_data_pipeline/.venv/lib/python3.11/site-packages/airflow/example_dags/example_latest_only.py
[2024-04-12T21:38:15.344+0800] {processor.py:830} INFO - Processing file /Users/wanghaojin/Desktop/exchange@NUS/IS3107/HW/Project/news_data_pipeline/.venv/lib/python3.11/site-packages/airflow/example_dags/example_latest_only.py for tasks to queue
[2024-04-12T21:38:15.345+0800] {logging_mixin.py:188} INFO - [2024-04-12T21:38:15.345+0800] {dagbag.py:538} INFO - Filling up the DagBag from /Users/wanghaojin/Desktop/exchange@NUS/IS3107/HW/Project/news_data_pipeline/.venv/lib/python3.11/site-packages/airflow/example_dags/example_latest_only.py
[2024-04-12T21:38:15.354+0800] {processor.py:840} INFO - DAG(s) 'latest_only' retrieved from /Users/wanghaojin/Desktop/exchange@NUS/IS3107/HW/Project/news_data_pipeline/.venv/lib/python3.11/site-packages/airflow/example_dags/example_latest_only.py
[2024-04-12T21:38:15.569+0800] {logging_mixin.py:188} INFO - [2024-04-12T21:38:15.569+0800] {dag.py:3036} INFO - Sync 1 DAGs
[2024-04-12T21:38:15.585+0800] {logging_mixin.py:188} INFO - [2024-04-12T21:38:15.585+0800] {dag.py:3823} INFO - Setting next_dagrun for latest_only to 2024-04-12 08:00:00+00:00, run_after=2024-04-12 12:00:00+00:00
[2024-04-12T21:38:15.603+0800] {processor.py:183} INFO - Processing /Users/wanghaojin/Desktop/exchange@NUS/IS3107/HW/Project/news_data_pipeline/.venv/lib/python3.11/site-packages/airflow/example_dags/example_latest_only.py took 0.262 seconds
[2024-04-12T21:40:35.965+0800] {processor.py:161} INFO - Started process (PID=16445) to work on /Users/wanghaojin/Desktop/exchange@NUS/IS3107/HW/Project/news_data_pipeline/.venv/lib/python3.11/site-packages/airflow/example_dags/example_latest_only.py
[2024-04-12T21:40:35.966+0800] {processor.py:830} INFO - Processing file /Users/wanghaojin/Desktop/exchange@NUS/IS3107/HW/Project/news_data_pipeline/.venv/lib/python3.11/site-packages/airflow/example_dags/example_latest_only.py for tasks to queue
[2024-04-12T21:40:35.966+0800] {logging_mixin.py:188} INFO - [2024-04-12T21:40:35.966+0800] {dagbag.py:538} INFO - Filling up the DagBag from /Users/wanghaojin/Desktop/exchange@NUS/IS3107/HW/Project/news_data_pipeline/.venv/lib/python3.11/site-packages/airflow/example_dags/example_latest_only.py
[2024-04-12T21:40:35.974+0800] {processor.py:840} INFO - DAG(s) 'latest_only' retrieved from /Users/wanghaojin/Desktop/exchange@NUS/IS3107/HW/Project/news_data_pipeline/.venv/lib/python3.11/site-packages/airflow/example_dags/example_latest_only.py
[2024-04-12T21:40:36.113+0800] {logging_mixin.py:188} INFO - [2024-04-12T21:40:36.113+0800] {dag.py:3036} INFO - Sync 1 DAGs
[2024-04-12T21:40:36.129+0800] {logging_mixin.py:188} INFO - [2024-04-12T21:40:36.129+0800] {dag.py:3823} INFO - Setting next_dagrun for latest_only to 2024-04-12 08:00:00+00:00, run_after=2024-04-12 12:00:00+00:00
[2024-04-12T21:40:36.146+0800] {processor.py:183} INFO - Processing /Users/wanghaojin/Desktop/exchange@NUS/IS3107/HW/Project/news_data_pipeline/.venv/lib/python3.11/site-packages/airflow/example_dags/example_latest_only.py took 0.182 seconds
[2024-04-12T21:51:25.595+0800] {processor.py:161} INFO - Started process (PID=16669) to work on /Users/wanghaojin/Desktop/exchange@NUS/IS3107/HW/Project/news_data_pipeline/.venv/lib/python3.11/site-packages/airflow/example_dags/example_latest_only.py
[2024-04-12T21:51:25.597+0800] {processor.py:830} INFO - Processing file /Users/wanghaojin/Desktop/exchange@NUS/IS3107/HW/Project/news_data_pipeline/.venv/lib/python3.11/site-packages/airflow/example_dags/example_latest_only.py for tasks to queue
[2024-04-12T21:51:25.598+0800] {logging_mixin.py:188} INFO - [2024-04-12T21:51:25.597+0800] {dagbag.py:538} INFO - Filling up the DagBag from /Users/wanghaojin/Desktop/exchange@NUS/IS3107/HW/Project/news_data_pipeline/.venv/lib/python3.11/site-packages/airflow/example_dags/example_latest_only.py
[2024-04-12T21:51:25.605+0800] {processor.py:840} INFO - DAG(s) 'latest_only' retrieved from /Users/wanghaojin/Desktop/exchange@NUS/IS3107/HW/Project/news_data_pipeline/.venv/lib/python3.11/site-packages/airflow/example_dags/example_latest_only.py
[2024-04-12T21:51:25.734+0800] {logging_mixin.py:188} INFO - [2024-04-12T21:51:25.734+0800] {dag.py:3036} INFO - Sync 1 DAGs
[2024-04-12T21:51:25.750+0800] {logging_mixin.py:188} INFO - [2024-04-12T21:51:25.749+0800] {dag.py:3823} INFO - Setting next_dagrun for latest_only to 2024-04-12 08:00:00+00:00, run_after=2024-04-12 12:00:00+00:00
[2024-04-12T21:51:25.766+0800] {processor.py:183} INFO - Processing /Users/wanghaojin/Desktop/exchange@NUS/IS3107/HW/Project/news_data_pipeline/.venv/lib/python3.11/site-packages/airflow/example_dags/example_latest_only.py took 0.173 seconds
