[2024-04-12T14:15:15.675+0800] {processor.py:161} INFO - Started process (PID=2633) to work on /Users/wanghaojin/Desktop/exchange@NUS/IS3107/HW/Project/news_data_pipeline/.venv/lib/python3.11/site-packages/airflow/example_dags/example_task_group_decorator.py
[2024-04-12T14:15:15.675+0800] {processor.py:830} INFO - Processing file /Users/wanghaojin/Desktop/exchange@NUS/IS3107/HW/Project/news_data_pipeline/.venv/lib/python3.11/site-packages/airflow/example_dags/example_task_group_decorator.py for tasks to queue
[2024-04-12T14:15:15.676+0800] {logging_mixin.py:188} INFO - [2024-04-12T14:15:15.676+0800] {dagbag.py:538} INFO - Filling up the DagBag from /Users/wanghaojin/Desktop/exchange@NUS/IS3107/HW/Project/news_data_pipeline/.venv/lib/python3.11/site-packages/airflow/example_dags/example_task_group_decorator.py
[2024-04-12T14:15:15.698+0800] {processor.py:840} INFO - DAG(s) 'example_task_group_decorator' retrieved from /Users/wanghaojin/Desktop/exchange@NUS/IS3107/HW/Project/news_data_pipeline/.venv/lib/python3.11/site-packages/airflow/example_dags/example_task_group_decorator.py
[2024-04-12T14:15:15.822+0800] {logging_mixin.py:188} INFO - [2024-04-12T14:15:15.822+0800] {override.py:1769} INFO - Created Permission View: can read on DAG:example_task_group_decorator
[2024-04-12T14:15:15.827+0800] {logging_mixin.py:188} INFO - [2024-04-12T14:15:15.827+0800] {override.py:1769} INFO - Created Permission View: can delete on DAG:example_task_group_decorator
[2024-04-12T14:15:15.830+0800] {logging_mixin.py:188} INFO - [2024-04-12T14:15:15.830+0800] {override.py:1769} INFO - Created Permission View: can edit on DAG:example_task_group_decorator
[2024-04-12T14:15:15.830+0800] {logging_mixin.py:188} INFO - [2024-04-12T14:15:15.830+0800] {dag.py:3036} INFO - Sync 1 DAGs
[2024-04-12T14:15:15.835+0800] {logging_mixin.py:188} INFO - [2024-04-12T14:15:15.835+0800] {dag.py:3058} INFO - Creating ORM DAG for example_task_group_decorator
[2024-04-12T14:15:15.839+0800] {logging_mixin.py:188} INFO - [2024-04-12T14:15:15.839+0800] {dag.py:3823} INFO - Setting next_dagrun for example_task_group_decorator to 2024-04-11 00:00:00+00:00, run_after=2024-04-12 00:00:00+00:00
[2024-04-12T14:15:15.850+0800] {processor.py:183} INFO - Processing /Users/wanghaojin/Desktop/exchange@NUS/IS3107/HW/Project/news_data_pipeline/.venv/lib/python3.11/site-packages/airflow/example_dags/example_task_group_decorator.py took 0.176 seconds
[2024-04-12T14:16:53.435+0800] {processor.py:161} INFO - Started process (PID=2854) to work on /Users/wanghaojin/Desktop/exchange@NUS/IS3107/HW/Project/news_data_pipeline/.venv/lib/python3.11/site-packages/airflow/example_dags/example_task_group_decorator.py
[2024-04-12T14:16:53.435+0800] {processor.py:830} INFO - Processing file /Users/wanghaojin/Desktop/exchange@NUS/IS3107/HW/Project/news_data_pipeline/.venv/lib/python3.11/site-packages/airflow/example_dags/example_task_group_decorator.py for tasks to queue
[2024-04-12T14:16:53.436+0800] {logging_mixin.py:188} INFO - [2024-04-12T14:16:53.435+0800] {dagbag.py:538} INFO - Filling up the DagBag from /Users/wanghaojin/Desktop/exchange@NUS/IS3107/HW/Project/news_data_pipeline/.venv/lib/python3.11/site-packages/airflow/example_dags/example_task_group_decorator.py
[2024-04-12T14:16:53.458+0800] {processor.py:840} INFO - DAG(s) 'example_task_group_decorator' retrieved from /Users/wanghaojin/Desktop/exchange@NUS/IS3107/HW/Project/news_data_pipeline/.venv/lib/python3.11/site-packages/airflow/example_dags/example_task_group_decorator.py
[2024-04-12T14:16:53.537+0800] {logging_mixin.py:188} INFO - [2024-04-12T14:16:53.536+0800] {dag.py:3036} INFO - Sync 1 DAGs
[2024-04-12T14:16:53.546+0800] {logging_mixin.py:188} INFO - [2024-04-12T14:16:53.546+0800] {dag.py:3823} INFO - Setting next_dagrun for example_task_group_decorator to 2024-04-11 00:00:00+00:00, run_after=2024-04-12 00:00:00+00:00
[2024-04-12T14:16:53.556+0800] {processor.py:183} INFO - Processing /Users/wanghaojin/Desktop/exchange@NUS/IS3107/HW/Project/news_data_pipeline/.venv/lib/python3.11/site-packages/airflow/example_dags/example_task_group_decorator.py took 0.122 seconds
[2024-04-12T14:17:58.118+0800] {processor.py:161} INFO - Started process (PID=2966) to work on /Users/wanghaojin/Desktop/exchange@NUS/IS3107/HW/Project/news_data_pipeline/.venv/lib/python3.11/site-packages/airflow/example_dags/example_task_group_decorator.py
[2024-04-12T14:17:58.119+0800] {processor.py:830} INFO - Processing file /Users/wanghaojin/Desktop/exchange@NUS/IS3107/HW/Project/news_data_pipeline/.venv/lib/python3.11/site-packages/airflow/example_dags/example_task_group_decorator.py for tasks to queue
[2024-04-12T14:17:58.119+0800] {logging_mixin.py:188} INFO - [2024-04-12T14:17:58.119+0800] {dagbag.py:538} INFO - Filling up the DagBag from /Users/wanghaojin/Desktop/exchange@NUS/IS3107/HW/Project/news_data_pipeline/.venv/lib/python3.11/site-packages/airflow/example_dags/example_task_group_decorator.py
[2024-04-12T14:17:58.142+0800] {processor.py:840} INFO - DAG(s) 'example_task_group_decorator' retrieved from /Users/wanghaojin/Desktop/exchange@NUS/IS3107/HW/Project/news_data_pipeline/.venv/lib/python3.11/site-packages/airflow/example_dags/example_task_group_decorator.py
[2024-04-12T14:17:58.220+0800] {logging_mixin.py:188} INFO - [2024-04-12T14:17:58.220+0800] {dag.py:3036} INFO - Sync 1 DAGs
[2024-04-12T14:17:58.230+0800] {logging_mixin.py:188} INFO - [2024-04-12T14:17:58.230+0800] {dag.py:3823} INFO - Setting next_dagrun for example_task_group_decorator to 2024-04-11 00:00:00+00:00, run_after=2024-04-12 00:00:00+00:00
[2024-04-12T14:17:58.240+0800] {processor.py:183} INFO - Processing /Users/wanghaojin/Desktop/exchange@NUS/IS3107/HW/Project/news_data_pipeline/.venv/lib/python3.11/site-packages/airflow/example_dags/example_task_group_decorator.py took 0.122 seconds
