[2024-04-12T14:15:17.281+0800] {processor.py:161} INFO - Started process (PID=2635) to work on /Users/wanghaojin/Desktop/exchange@NUS/IS3107/HW/Project/news_data_pipeline/.venv/lib/python3.11/site-packages/airflow/example_dags/example_task_group.py
[2024-04-12T14:15:17.282+0800] {processor.py:830} INFO - Processing file /Users/wanghaojin/Desktop/exchange@NUS/IS3107/HW/Project/news_data_pipeline/.venv/lib/python3.11/site-packages/airflow/example_dags/example_task_group.py for tasks to queue
[2024-04-12T14:15:17.282+0800] {logging_mixin.py:188} INFO - [2024-04-12T14:15:17.282+0800] {dagbag.py:538} INFO - Filling up the DagBag from /Users/wanghaojin/Desktop/exchange@NUS/IS3107/HW/Project/news_data_pipeline/.venv/lib/python3.11/site-packages/airflow/example_dags/example_task_group.py
[2024-04-12T14:15:17.287+0800] {processor.py:840} INFO - DAG(s) 'example_task_group' retrieved from /Users/wanghaojin/Desktop/exchange@NUS/IS3107/HW/Project/news_data_pipeline/.venv/lib/python3.11/site-packages/airflow/example_dags/example_task_group.py
[2024-04-12T14:15:17.414+0800] {logging_mixin.py:188} INFO - [2024-04-12T14:15:17.414+0800] {override.py:1769} INFO - Created Permission View: can delete on DAG:example_task_group
[2024-04-12T14:15:17.419+0800] {logging_mixin.py:188} INFO - [2024-04-12T14:15:17.418+0800] {override.py:1769} INFO - Created Permission View: can edit on DAG:example_task_group
[2024-04-12T14:15:17.422+0800] {logging_mixin.py:188} INFO - [2024-04-12T14:15:17.421+0800] {override.py:1769} INFO - Created Permission View: can read on DAG:example_task_group
[2024-04-12T14:15:17.422+0800] {logging_mixin.py:188} INFO - [2024-04-12T14:15:17.422+0800] {dag.py:3036} INFO - Sync 1 DAGs
[2024-04-12T14:15:17.427+0800] {logging_mixin.py:188} INFO - [2024-04-12T14:15:17.427+0800] {dag.py:3058} INFO - Creating ORM DAG for example_task_group
[2024-04-12T14:15:17.431+0800] {logging_mixin.py:188} INFO - [2024-04-12T14:15:17.431+0800] {dag.py:3823} INFO - Setting next_dagrun for example_task_group to 2024-04-11 00:00:00+00:00, run_after=2024-04-12 00:00:00+00:00
[2024-04-12T14:15:17.440+0800] {processor.py:183} INFO - Processing /Users/wanghaojin/Desktop/exchange@NUS/IS3107/HW/Project/news_data_pipeline/.venv/lib/python3.11/site-packages/airflow/example_dags/example_task_group.py took 0.160 seconds
[2024-04-12T14:16:55.598+0800] {processor.py:161} INFO - Started process (PID=2863) to work on /Users/wanghaojin/Desktop/exchange@NUS/IS3107/HW/Project/news_data_pipeline/.venv/lib/python3.11/site-packages/airflow/example_dags/example_task_group.py
[2024-04-12T14:16:55.598+0800] {processor.py:830} INFO - Processing file /Users/wanghaojin/Desktop/exchange@NUS/IS3107/HW/Project/news_data_pipeline/.venv/lib/python3.11/site-packages/airflow/example_dags/example_task_group.py for tasks to queue
[2024-04-12T14:16:55.599+0800] {logging_mixin.py:188} INFO - [2024-04-12T14:16:55.598+0800] {dagbag.py:538} INFO - Filling up the DagBag from /Users/wanghaojin/Desktop/exchange@NUS/IS3107/HW/Project/news_data_pipeline/.venv/lib/python3.11/site-packages/airflow/example_dags/example_task_group.py
[2024-04-12T14:16:55.603+0800] {processor.py:840} INFO - DAG(s) 'example_task_group' retrieved from /Users/wanghaojin/Desktop/exchange@NUS/IS3107/HW/Project/news_data_pipeline/.venv/lib/python3.11/site-packages/airflow/example_dags/example_task_group.py
[2024-04-12T14:16:55.681+0800] {logging_mixin.py:188} INFO - [2024-04-12T14:16:55.681+0800] {dag.py:3036} INFO - Sync 1 DAGs
[2024-04-12T14:16:55.690+0800] {logging_mixin.py:188} INFO - [2024-04-12T14:16:55.690+0800] {dag.py:3823} INFO - Setting next_dagrun for example_task_group to 2024-04-11 00:00:00+00:00, run_after=2024-04-12 00:00:00+00:00
[2024-04-12T14:16:55.700+0800] {processor.py:183} INFO - Processing /Users/wanghaojin/Desktop/exchange@NUS/IS3107/HW/Project/news_data_pipeline/.venv/lib/python3.11/site-packages/airflow/example_dags/example_task_group.py took 0.103 seconds
[2024-04-12T14:18:00.280+0800] {processor.py:161} INFO - Started process (PID=2967) to work on /Users/wanghaojin/Desktop/exchange@NUS/IS3107/HW/Project/news_data_pipeline/.venv/lib/python3.11/site-packages/airflow/example_dags/example_task_group.py
[2024-04-12T14:18:00.281+0800] {processor.py:830} INFO - Processing file /Users/wanghaojin/Desktop/exchange@NUS/IS3107/HW/Project/news_data_pipeline/.venv/lib/python3.11/site-packages/airflow/example_dags/example_task_group.py for tasks to queue
[2024-04-12T14:18:00.281+0800] {logging_mixin.py:188} INFO - [2024-04-12T14:18:00.281+0800] {dagbag.py:538} INFO - Filling up the DagBag from /Users/wanghaojin/Desktop/exchange@NUS/IS3107/HW/Project/news_data_pipeline/.venv/lib/python3.11/site-packages/airflow/example_dags/example_task_group.py
[2024-04-12T14:18:00.286+0800] {processor.py:840} INFO - DAG(s) 'example_task_group' retrieved from /Users/wanghaojin/Desktop/exchange@NUS/IS3107/HW/Project/news_data_pipeline/.venv/lib/python3.11/site-packages/airflow/example_dags/example_task_group.py
[2024-04-12T14:18:00.365+0800] {logging_mixin.py:188} INFO - [2024-04-12T14:18:00.365+0800] {dag.py:3036} INFO - Sync 1 DAGs
[2024-04-12T14:18:00.375+0800] {logging_mixin.py:188} INFO - [2024-04-12T14:18:00.375+0800] {dag.py:3823} INFO - Setting next_dagrun for example_task_group to 2024-04-11 00:00:00+00:00, run_after=2024-04-12 00:00:00+00:00
[2024-04-12T14:18:00.385+0800] {processor.py:183} INFO - Processing /Users/wanghaojin/Desktop/exchange@NUS/IS3107/HW/Project/news_data_pipeline/.venv/lib/python3.11/site-packages/airflow/example_dags/example_task_group.py took 0.106 seconds
