[2024-04-12T19:28:16.975+0800] {processor.py:161} INFO - Started process (PID=3486) to work on /Users/wanghaojin/Desktop/exchange@NUS/IS3107/HW/Project/news_data_pipeline/.venv/lib/python3.11/site-packages/airflow/example_dags/example_bash_operator.py
[2024-04-12T19:28:16.976+0800] {processor.py:830} INFO - Processing file /Users/wanghaojin/Desktop/exchange@NUS/IS3107/HW/Project/news_data_pipeline/.venv/lib/python3.11/site-packages/airflow/example_dags/example_bash_operator.py for tasks to queue
[2024-04-12T19:28:16.976+0800] {logging_mixin.py:188} INFO - [2024-04-12T19:28:16.976+0800] {dagbag.py:538} INFO - Filling up the DagBag from /Users/wanghaojin/Desktop/exchange@NUS/IS3107/HW/Project/news_data_pipeline/.venv/lib/python3.11/site-packages/airflow/example_dags/example_bash_operator.py
[2024-04-12T19:28:16.985+0800] {processor.py:840} INFO - DAG(s) 'example_bash_operator' retrieved from /Users/wanghaojin/Desktop/exchange@NUS/IS3107/HW/Project/news_data_pipeline/.venv/lib/python3.11/site-packages/airflow/example_dags/example_bash_operator.py
[2024-04-12T19:28:17.070+0800] {logging_mixin.py:188} INFO - [2024-04-12T19:28:17.070+0800] {dag.py:3036} INFO - Sync 1 DAGs
[2024-04-12T19:28:17.081+0800] {logging_mixin.py:188} INFO - [2024-04-12T19:28:17.080+0800] {dag.py:3823} INFO - Setting next_dagrun for example_bash_operator to 2024-04-11 00:00:00+00:00, run_after=2024-04-12 00:00:00+00:00
[2024-04-12T19:28:17.090+0800] {processor.py:183} INFO - Processing /Users/wanghaojin/Desktop/exchange@NUS/IS3107/HW/Project/news_data_pipeline/.venv/lib/python3.11/site-packages/airflow/example_dags/example_bash_operator.py took 0.116 seconds
[2024-04-12T19:31:14.915+0800] {processor.py:161} INFO - Started process (PID=4230) to work on /Users/wanghaojin/Desktop/exchange@NUS/IS3107/HW/Project/news_data_pipeline/.venv/lib/python3.11/site-packages/airflow/example_dags/example_bash_operator.py
[2024-04-12T19:31:14.916+0800] {processor.py:830} INFO - Processing file /Users/wanghaojin/Desktop/exchange@NUS/IS3107/HW/Project/news_data_pipeline/.venv/lib/python3.11/site-packages/airflow/example_dags/example_bash_operator.py for tasks to queue
[2024-04-12T19:31:14.919+0800] {logging_mixin.py:188} INFO - [2024-04-12T19:31:14.919+0800] {dagbag.py:538} INFO - Filling up the DagBag from /Users/wanghaojin/Desktop/exchange@NUS/IS3107/HW/Project/news_data_pipeline/.venv/lib/python3.11/site-packages/airflow/example_dags/example_bash_operator.py
[2024-04-12T19:31:14.929+0800] {processor.py:840} INFO - DAG(s) 'example_bash_operator' retrieved from /Users/wanghaojin/Desktop/exchange@NUS/IS3107/HW/Project/news_data_pipeline/.venv/lib/python3.11/site-packages/airflow/example_dags/example_bash_operator.py
[2024-04-12T19:31:15.068+0800] {logging_mixin.py:188} INFO - [2024-04-12T19:31:15.068+0800] {dag.py:3036} INFO - Sync 1 DAGs
[2024-04-12T19:31:15.077+0800] {logging_mixin.py:188} INFO - [2024-04-12T19:31:15.077+0800] {dag.py:3823} INFO - Setting next_dagrun for example_bash_operator to 2024-04-11 00:00:00+00:00, run_after=2024-04-12 00:00:00+00:00
[2024-04-12T19:31:15.088+0800] {processor.py:183} INFO - Processing /Users/wanghaojin/Desktop/exchange@NUS/IS3107/HW/Project/news_data_pipeline/.venv/lib/python3.11/site-packages/airflow/example_dags/example_bash_operator.py took 0.175 seconds
[2024-04-12T19:33:02.377+0800] {processor.py:161} INFO - Started process (PID=4436) to work on /Users/wanghaojin/Desktop/exchange@NUS/IS3107/HW/Project/news_data_pipeline/.venv/lib/python3.11/site-packages/airflow/example_dags/example_bash_operator.py
[2024-04-12T19:33:02.378+0800] {processor.py:830} INFO - Processing file /Users/wanghaojin/Desktop/exchange@NUS/IS3107/HW/Project/news_data_pipeline/.venv/lib/python3.11/site-packages/airflow/example_dags/example_bash_operator.py for tasks to queue
[2024-04-12T19:33:02.378+0800] {logging_mixin.py:188} INFO - [2024-04-12T19:33:02.378+0800] {dagbag.py:538} INFO - Filling up the DagBag from /Users/wanghaojin/Desktop/exchange@NUS/IS3107/HW/Project/news_data_pipeline/.venv/lib/python3.11/site-packages/airflow/example_dags/example_bash_operator.py
[2024-04-12T19:33:02.385+0800] {processor.py:840} INFO - DAG(s) 'example_bash_operator' retrieved from /Users/wanghaojin/Desktop/exchange@NUS/IS3107/HW/Project/news_data_pipeline/.venv/lib/python3.11/site-packages/airflow/example_dags/example_bash_operator.py
[2024-04-12T19:33:02.510+0800] {logging_mixin.py:188} INFO - [2024-04-12T19:33:02.509+0800] {dag.py:3036} INFO - Sync 1 DAGs
[2024-04-12T19:33:02.519+0800] {logging_mixin.py:188} INFO - [2024-04-12T19:33:02.519+0800] {dag.py:3823} INFO - Setting next_dagrun for example_bash_operator to 2024-04-11 00:00:00+00:00, run_after=2024-04-12 00:00:00+00:00
[2024-04-12T19:33:02.529+0800] {processor.py:183} INFO - Processing /Users/wanghaojin/Desktop/exchange@NUS/IS3107/HW/Project/news_data_pipeline/.venv/lib/python3.11/site-packages/airflow/example_dags/example_bash_operator.py took 0.153 seconds
[2024-04-12T19:35:19.682+0800] {processor.py:161} INFO - Started process (PID=4635) to work on /Users/wanghaojin/Desktop/exchange@NUS/IS3107/HW/Project/news_data_pipeline/.venv/lib/python3.11/site-packages/airflow/example_dags/example_bash_operator.py
[2024-04-12T19:35:19.683+0800] {processor.py:830} INFO - Processing file /Users/wanghaojin/Desktop/exchange@NUS/IS3107/HW/Project/news_data_pipeline/.venv/lib/python3.11/site-packages/airflow/example_dags/example_bash_operator.py for tasks to queue
[2024-04-12T19:35:19.683+0800] {logging_mixin.py:188} INFO - [2024-04-12T19:35:19.683+0800] {dagbag.py:538} INFO - Filling up the DagBag from /Users/wanghaojin/Desktop/exchange@NUS/IS3107/HW/Project/news_data_pipeline/.venv/lib/python3.11/site-packages/airflow/example_dags/example_bash_operator.py
[2024-04-12T19:35:19.689+0800] {processor.py:840} INFO - DAG(s) 'example_bash_operator' retrieved from /Users/wanghaojin/Desktop/exchange@NUS/IS3107/HW/Project/news_data_pipeline/.venv/lib/python3.11/site-packages/airflow/example_dags/example_bash_operator.py
[2024-04-12T19:35:19.770+0800] {logging_mixin.py:188} INFO - [2024-04-12T19:35:19.770+0800] {dag.py:3036} INFO - Sync 1 DAGs
[2024-04-12T19:35:19.779+0800] {logging_mixin.py:188} INFO - [2024-04-12T19:35:19.779+0800] {dag.py:3823} INFO - Setting next_dagrun for example_bash_operator to 2024-04-11 00:00:00+00:00, run_after=2024-04-12 00:00:00+00:00
[2024-04-12T19:35:19.789+0800] {processor.py:183} INFO - Processing /Users/wanghaojin/Desktop/exchange@NUS/IS3107/HW/Project/news_data_pipeline/.venv/lib/python3.11/site-packages/airflow/example_dags/example_bash_operator.py took 0.108 seconds
[2024-04-12T19:37:35.792+0800] {processor.py:161} INFO - Started process (PID=4854) to work on /Users/wanghaojin/Desktop/exchange@NUS/IS3107/HW/Project/news_data_pipeline/.venv/lib/python3.11/site-packages/airflow/example_dags/example_bash_operator.py
[2024-04-12T19:37:35.793+0800] {processor.py:830} INFO - Processing file /Users/wanghaojin/Desktop/exchange@NUS/IS3107/HW/Project/news_data_pipeline/.venv/lib/python3.11/site-packages/airflow/example_dags/example_bash_operator.py for tasks to queue
[2024-04-12T19:37:35.793+0800] {logging_mixin.py:188} INFO - [2024-04-12T19:37:35.793+0800] {dagbag.py:538} INFO - Filling up the DagBag from /Users/wanghaojin/Desktop/exchange@NUS/IS3107/HW/Project/news_data_pipeline/.venv/lib/python3.11/site-packages/airflow/example_dags/example_bash_operator.py
[2024-04-12T19:37:35.799+0800] {processor.py:840} INFO - DAG(s) 'example_bash_operator' retrieved from /Users/wanghaojin/Desktop/exchange@NUS/IS3107/HW/Project/news_data_pipeline/.venv/lib/python3.11/site-packages/airflow/example_dags/example_bash_operator.py
[2024-04-12T19:37:35.880+0800] {logging_mixin.py:188} INFO - [2024-04-12T19:37:35.880+0800] {dag.py:3036} INFO - Sync 1 DAGs
[2024-04-12T19:37:35.889+0800] {logging_mixin.py:188} INFO - [2024-04-12T19:37:35.889+0800] {dag.py:3823} INFO - Setting next_dagrun for example_bash_operator to 2024-04-11 00:00:00+00:00, run_after=2024-04-12 00:00:00+00:00
[2024-04-12T19:37:35.900+0800] {processor.py:183} INFO - Processing /Users/wanghaojin/Desktop/exchange@NUS/IS3107/HW/Project/news_data_pipeline/.venv/lib/python3.11/site-packages/airflow/example_dags/example_bash_operator.py took 0.108 seconds
[2024-04-12T19:39:50.424+0800] {processor.py:161} INFO - Started process (PID=5066) to work on /Users/wanghaojin/Desktop/exchange@NUS/IS3107/HW/Project/news_data_pipeline/.venv/lib/python3.11/site-packages/airflow/example_dags/example_bash_operator.py
[2024-04-12T19:39:50.425+0800] {processor.py:830} INFO - Processing file /Users/wanghaojin/Desktop/exchange@NUS/IS3107/HW/Project/news_data_pipeline/.venv/lib/python3.11/site-packages/airflow/example_dags/example_bash_operator.py for tasks to queue
[2024-04-12T19:39:50.425+0800] {logging_mixin.py:188} INFO - [2024-04-12T19:39:50.425+0800] {dagbag.py:538} INFO - Filling up the DagBag from /Users/wanghaojin/Desktop/exchange@NUS/IS3107/HW/Project/news_data_pipeline/.venv/lib/python3.11/site-packages/airflow/example_dags/example_bash_operator.py
[2024-04-12T19:39:50.431+0800] {processor.py:840} INFO - DAG(s) 'example_bash_operator' retrieved from /Users/wanghaojin/Desktop/exchange@NUS/IS3107/HW/Project/news_data_pipeline/.venv/lib/python3.11/site-packages/airflow/example_dags/example_bash_operator.py
[2024-04-12T19:39:50.513+0800] {logging_mixin.py:188} INFO - [2024-04-12T19:39:50.513+0800] {dag.py:3036} INFO - Sync 1 DAGs
[2024-04-12T19:39:50.522+0800] {logging_mixin.py:188} INFO - [2024-04-12T19:39:50.522+0800] {dag.py:3823} INFO - Setting next_dagrun for example_bash_operator to 2024-04-11 00:00:00+00:00, run_after=2024-04-12 00:00:00+00:00
[2024-04-12T19:39:50.532+0800] {processor.py:183} INFO - Processing /Users/wanghaojin/Desktop/exchange@NUS/IS3107/HW/Project/news_data_pipeline/.venv/lib/python3.11/site-packages/airflow/example_dags/example_bash_operator.py took 0.108 seconds
[2024-04-12T19:42:04.872+0800] {processor.py:161} INFO - Started process (PID=5279) to work on /Users/wanghaojin/Desktop/exchange@NUS/IS3107/HW/Project/news_data_pipeline/.venv/lib/python3.11/site-packages/airflow/example_dags/example_bash_operator.py
[2024-04-12T19:42:04.873+0800] {processor.py:830} INFO - Processing file /Users/wanghaojin/Desktop/exchange@NUS/IS3107/HW/Project/news_data_pipeline/.venv/lib/python3.11/site-packages/airflow/example_dags/example_bash_operator.py for tasks to queue
[2024-04-12T19:42:04.873+0800] {logging_mixin.py:188} INFO - [2024-04-12T19:42:04.873+0800] {dagbag.py:538} INFO - Filling up the DagBag from /Users/wanghaojin/Desktop/exchange@NUS/IS3107/HW/Project/news_data_pipeline/.venv/lib/python3.11/site-packages/airflow/example_dags/example_bash_operator.py
[2024-04-12T19:42:04.879+0800] {processor.py:840} INFO - DAG(s) 'example_bash_operator' retrieved from /Users/wanghaojin/Desktop/exchange@NUS/IS3107/HW/Project/news_data_pipeline/.venv/lib/python3.11/site-packages/airflow/example_dags/example_bash_operator.py
[2024-04-12T19:42:04.960+0800] {logging_mixin.py:188} INFO - [2024-04-12T19:42:04.960+0800] {dag.py:3036} INFO - Sync 1 DAGs
[2024-04-12T19:42:04.969+0800] {logging_mixin.py:188} INFO - [2024-04-12T19:42:04.969+0800] {dag.py:3823} INFO - Setting next_dagrun for example_bash_operator to 2024-04-11 00:00:00+00:00, run_after=2024-04-12 00:00:00+00:00
[2024-04-12T19:42:04.979+0800] {processor.py:183} INFO - Processing /Users/wanghaojin/Desktop/exchange@NUS/IS3107/HW/Project/news_data_pipeline/.venv/lib/python3.11/site-packages/airflow/example_dags/example_bash_operator.py took 0.107 seconds
[2024-04-12T19:44:20.945+0800] {processor.py:161} INFO - Started process (PID=5492) to work on /Users/wanghaojin/Desktop/exchange@NUS/IS3107/HW/Project/news_data_pipeline/.venv/lib/python3.11/site-packages/airflow/example_dags/example_bash_operator.py
[2024-04-12T19:44:20.947+0800] {processor.py:830} INFO - Processing file /Users/wanghaojin/Desktop/exchange@NUS/IS3107/HW/Project/news_data_pipeline/.venv/lib/python3.11/site-packages/airflow/example_dags/example_bash_operator.py for tasks to queue
[2024-04-12T19:44:20.947+0800] {logging_mixin.py:188} INFO - [2024-04-12T19:44:20.947+0800] {dagbag.py:538} INFO - Filling up the DagBag from /Users/wanghaojin/Desktop/exchange@NUS/IS3107/HW/Project/news_data_pipeline/.venv/lib/python3.11/site-packages/airflow/example_dags/example_bash_operator.py
[2024-04-12T19:44:20.953+0800] {processor.py:840} INFO - DAG(s) 'example_bash_operator' retrieved from /Users/wanghaojin/Desktop/exchange@NUS/IS3107/HW/Project/news_data_pipeline/.venv/lib/python3.11/site-packages/airflow/example_dags/example_bash_operator.py
[2024-04-12T19:44:21.033+0800] {logging_mixin.py:188} INFO - [2024-04-12T19:44:21.033+0800] {dag.py:3036} INFO - Sync 1 DAGs
[2024-04-12T19:44:21.042+0800] {logging_mixin.py:188} INFO - [2024-04-12T19:44:21.042+0800] {dag.py:3823} INFO - Setting next_dagrun for example_bash_operator to 2024-04-11 00:00:00+00:00, run_after=2024-04-12 00:00:00+00:00
[2024-04-12T19:44:21.052+0800] {processor.py:183} INFO - Processing /Users/wanghaojin/Desktop/exchange@NUS/IS3107/HW/Project/news_data_pipeline/.venv/lib/python3.11/site-packages/airflow/example_dags/example_bash_operator.py took 0.108 seconds
[2024-04-12T19:46:35.667+0800] {processor.py:161} INFO - Started process (PID=5681) to work on /Users/wanghaojin/Desktop/exchange@NUS/IS3107/HW/Project/news_data_pipeline/.venv/lib/python3.11/site-packages/airflow/example_dags/example_bash_operator.py
[2024-04-12T19:46:35.668+0800] {processor.py:830} INFO - Processing file /Users/wanghaojin/Desktop/exchange@NUS/IS3107/HW/Project/news_data_pipeline/.venv/lib/python3.11/site-packages/airflow/example_dags/example_bash_operator.py for tasks to queue
[2024-04-12T19:46:35.668+0800] {logging_mixin.py:188} INFO - [2024-04-12T19:46:35.668+0800] {dagbag.py:538} INFO - Filling up the DagBag from /Users/wanghaojin/Desktop/exchange@NUS/IS3107/HW/Project/news_data_pipeline/.venv/lib/python3.11/site-packages/airflow/example_dags/example_bash_operator.py
[2024-04-12T19:46:35.675+0800] {processor.py:840} INFO - DAG(s) 'example_bash_operator' retrieved from /Users/wanghaojin/Desktop/exchange@NUS/IS3107/HW/Project/news_data_pipeline/.venv/lib/python3.11/site-packages/airflow/example_dags/example_bash_operator.py
[2024-04-12T19:46:35.755+0800] {logging_mixin.py:188} INFO - [2024-04-12T19:46:35.755+0800] {dag.py:3036} INFO - Sync 1 DAGs
[2024-04-12T19:46:35.765+0800] {logging_mixin.py:188} INFO - [2024-04-12T19:46:35.764+0800] {dag.py:3823} INFO - Setting next_dagrun for example_bash_operator to 2024-04-11 00:00:00+00:00, run_after=2024-04-12 00:00:00+00:00
[2024-04-12T19:46:35.775+0800] {processor.py:183} INFO - Processing /Users/wanghaojin/Desktop/exchange@NUS/IS3107/HW/Project/news_data_pipeline/.venv/lib/python3.11/site-packages/airflow/example_dags/example_bash_operator.py took 0.108 seconds
[2024-04-12T19:48:53.572+0800] {processor.py:161} INFO - Started process (PID=5888) to work on /Users/wanghaojin/Desktop/exchange@NUS/IS3107/HW/Project/news_data_pipeline/.venv/lib/python3.11/site-packages/airflow/example_dags/example_bash_operator.py
[2024-04-12T19:48:53.572+0800] {processor.py:830} INFO - Processing file /Users/wanghaojin/Desktop/exchange@NUS/IS3107/HW/Project/news_data_pipeline/.venv/lib/python3.11/site-packages/airflow/example_dags/example_bash_operator.py for tasks to queue
[2024-04-12T19:48:53.573+0800] {logging_mixin.py:188} INFO - [2024-04-12T19:48:53.573+0800] {dagbag.py:538} INFO - Filling up the DagBag from /Users/wanghaojin/Desktop/exchange@NUS/IS3107/HW/Project/news_data_pipeline/.venv/lib/python3.11/site-packages/airflow/example_dags/example_bash_operator.py
[2024-04-12T19:48:53.579+0800] {processor.py:840} INFO - DAG(s) 'example_bash_operator' retrieved from /Users/wanghaojin/Desktop/exchange@NUS/IS3107/HW/Project/news_data_pipeline/.venv/lib/python3.11/site-packages/airflow/example_dags/example_bash_operator.py
[2024-04-12T19:48:53.659+0800] {logging_mixin.py:188} INFO - [2024-04-12T19:48:53.659+0800] {dag.py:3036} INFO - Sync 1 DAGs
[2024-04-12T19:48:53.669+0800] {logging_mixin.py:188} INFO - [2024-04-12T19:48:53.669+0800] {dag.py:3823} INFO - Setting next_dagrun for example_bash_operator to 2024-04-11 00:00:00+00:00, run_after=2024-04-12 00:00:00+00:00
[2024-04-12T19:48:53.679+0800] {processor.py:183} INFO - Processing /Users/wanghaojin/Desktop/exchange@NUS/IS3107/HW/Project/news_data_pipeline/.venv/lib/python3.11/site-packages/airflow/example_dags/example_bash_operator.py took 0.108 seconds
[2024-04-12T19:51:09.721+0800] {processor.py:161} INFO - Started process (PID=6081) to work on /Users/wanghaojin/Desktop/exchange@NUS/IS3107/HW/Project/news_data_pipeline/.venv/lib/python3.11/site-packages/airflow/example_dags/example_bash_operator.py
[2024-04-12T19:51:09.722+0800] {processor.py:830} INFO - Processing file /Users/wanghaojin/Desktop/exchange@NUS/IS3107/HW/Project/news_data_pipeline/.venv/lib/python3.11/site-packages/airflow/example_dags/example_bash_operator.py for tasks to queue
[2024-04-12T19:51:09.722+0800] {logging_mixin.py:188} INFO - [2024-04-12T19:51:09.722+0800] {dagbag.py:538} INFO - Filling up the DagBag from /Users/wanghaojin/Desktop/exchange@NUS/IS3107/HW/Project/news_data_pipeline/.venv/lib/python3.11/site-packages/airflow/example_dags/example_bash_operator.py
[2024-04-12T19:51:09.728+0800] {processor.py:840} INFO - DAG(s) 'example_bash_operator' retrieved from /Users/wanghaojin/Desktop/exchange@NUS/IS3107/HW/Project/news_data_pipeline/.venv/lib/python3.11/site-packages/airflow/example_dags/example_bash_operator.py
[2024-04-12T19:51:09.809+0800] {logging_mixin.py:188} INFO - [2024-04-12T19:51:09.809+0800] {dag.py:3036} INFO - Sync 1 DAGs
[2024-04-12T19:51:09.819+0800] {logging_mixin.py:188} INFO - [2024-04-12T19:51:09.818+0800] {dag.py:3823} INFO - Setting next_dagrun for example_bash_operator to 2024-04-11 00:00:00+00:00, run_after=2024-04-12 00:00:00+00:00
[2024-04-12T19:51:09.829+0800] {processor.py:183} INFO - Processing /Users/wanghaojin/Desktop/exchange@NUS/IS3107/HW/Project/news_data_pipeline/.venv/lib/python3.11/site-packages/airflow/example_dags/example_bash_operator.py took 0.108 seconds
[2024-04-12T19:53:22.213+0800] {processor.py:161} INFO - Started process (PID=6248) to work on /Users/wanghaojin/Desktop/exchange@NUS/IS3107/HW/Project/news_data_pipeline/.venv/lib/python3.11/site-packages/airflow/example_dags/example_bash_operator.py
[2024-04-12T19:53:22.213+0800] {processor.py:830} INFO - Processing file /Users/wanghaojin/Desktop/exchange@NUS/IS3107/HW/Project/news_data_pipeline/.venv/lib/python3.11/site-packages/airflow/example_dags/example_bash_operator.py for tasks to queue
[2024-04-12T19:53:22.213+0800] {logging_mixin.py:188} INFO - [2024-04-12T19:53:22.213+0800] {dagbag.py:538} INFO - Filling up the DagBag from /Users/wanghaojin/Desktop/exchange@NUS/IS3107/HW/Project/news_data_pipeline/.venv/lib/python3.11/site-packages/airflow/example_dags/example_bash_operator.py
[2024-04-12T19:53:22.219+0800] {processor.py:840} INFO - DAG(s) 'example_bash_operator' retrieved from /Users/wanghaojin/Desktop/exchange@NUS/IS3107/HW/Project/news_data_pipeline/.venv/lib/python3.11/site-packages/airflow/example_dags/example_bash_operator.py
[2024-04-12T19:53:22.300+0800] {logging_mixin.py:188} INFO - [2024-04-12T19:53:22.300+0800] {dag.py:3036} INFO - Sync 1 DAGs
[2024-04-12T19:53:22.309+0800] {logging_mixin.py:188} INFO - [2024-04-12T19:53:22.309+0800] {dag.py:3823} INFO - Setting next_dagrun for example_bash_operator to 2024-04-11 00:00:00+00:00, run_after=2024-04-12 00:00:00+00:00
[2024-04-12T19:53:22.319+0800] {processor.py:183} INFO - Processing /Users/wanghaojin/Desktop/exchange@NUS/IS3107/HW/Project/news_data_pipeline/.venv/lib/python3.11/site-packages/airflow/example_dags/example_bash_operator.py took 0.107 seconds
[2024-04-12T19:55:38.905+0800] {processor.py:161} INFO - Started process (PID=6422) to work on /Users/wanghaojin/Desktop/exchange@NUS/IS3107/HW/Project/news_data_pipeline/.venv/lib/python3.11/site-packages/airflow/example_dags/example_bash_operator.py
[2024-04-12T19:55:38.906+0800] {processor.py:830} INFO - Processing file /Users/wanghaojin/Desktop/exchange@NUS/IS3107/HW/Project/news_data_pipeline/.venv/lib/python3.11/site-packages/airflow/example_dags/example_bash_operator.py for tasks to queue
[2024-04-12T19:55:38.906+0800] {logging_mixin.py:188} INFO - [2024-04-12T19:55:38.906+0800] {dagbag.py:538} INFO - Filling up the DagBag from /Users/wanghaojin/Desktop/exchange@NUS/IS3107/HW/Project/news_data_pipeline/.venv/lib/python3.11/site-packages/airflow/example_dags/example_bash_operator.py
[2024-04-12T19:55:38.913+0800] {processor.py:840} INFO - DAG(s) 'example_bash_operator' retrieved from /Users/wanghaojin/Desktop/exchange@NUS/IS3107/HW/Project/news_data_pipeline/.venv/lib/python3.11/site-packages/airflow/example_dags/example_bash_operator.py
[2024-04-12T19:55:38.993+0800] {logging_mixin.py:188} INFO - [2024-04-12T19:55:38.993+0800] {dag.py:3036} INFO - Sync 1 DAGs
[2024-04-12T19:55:39.003+0800] {logging_mixin.py:188} INFO - [2024-04-12T19:55:39.002+0800] {dag.py:3823} INFO - Setting next_dagrun for example_bash_operator to 2024-04-11 00:00:00+00:00, run_after=2024-04-12 00:00:00+00:00
[2024-04-12T19:55:39.013+0800] {processor.py:183} INFO - Processing /Users/wanghaojin/Desktop/exchange@NUS/IS3107/HW/Project/news_data_pipeline/.venv/lib/python3.11/site-packages/airflow/example_dags/example_bash_operator.py took 0.108 seconds
[2024-04-12T19:57:52.951+0800] {processor.py:161} INFO - Started process (PID=6550) to work on /Users/wanghaojin/Desktop/exchange@NUS/IS3107/HW/Project/news_data_pipeline/.venv/lib/python3.11/site-packages/airflow/example_dags/example_bash_operator.py
[2024-04-12T19:57:52.952+0800] {processor.py:830} INFO - Processing file /Users/wanghaojin/Desktop/exchange@NUS/IS3107/HW/Project/news_data_pipeline/.venv/lib/python3.11/site-packages/airflow/example_dags/example_bash_operator.py for tasks to queue
[2024-04-12T19:57:52.952+0800] {logging_mixin.py:188} INFO - [2024-04-12T19:57:52.952+0800] {dagbag.py:538} INFO - Filling up the DagBag from /Users/wanghaojin/Desktop/exchange@NUS/IS3107/HW/Project/news_data_pipeline/.venv/lib/python3.11/site-packages/airflow/example_dags/example_bash_operator.py
[2024-04-12T19:57:52.959+0800] {processor.py:840} INFO - DAG(s) 'example_bash_operator' retrieved from /Users/wanghaojin/Desktop/exchange@NUS/IS3107/HW/Project/news_data_pipeline/.venv/lib/python3.11/site-packages/airflow/example_dags/example_bash_operator.py
[2024-04-12T19:57:53.039+0800] {logging_mixin.py:188} INFO - [2024-04-12T19:57:53.039+0800] {dag.py:3036} INFO - Sync 1 DAGs
[2024-04-12T19:57:53.049+0800] {logging_mixin.py:188} INFO - [2024-04-12T19:57:53.048+0800] {dag.py:3823} INFO - Setting next_dagrun for example_bash_operator to 2024-04-11 00:00:00+00:00, run_after=2024-04-12 00:00:00+00:00
[2024-04-12T19:57:53.059+0800] {processor.py:183} INFO - Processing /Users/wanghaojin/Desktop/exchange@NUS/IS3107/HW/Project/news_data_pipeline/.venv/lib/python3.11/site-packages/airflow/example_dags/example_bash_operator.py took 0.108 seconds
[2024-04-12T20:00:06.270+0800] {processor.py:161} INFO - Started process (PID=6701) to work on /Users/wanghaojin/Desktop/exchange@NUS/IS3107/HW/Project/news_data_pipeline/.venv/lib/python3.11/site-packages/airflow/example_dags/example_bash_operator.py
[2024-04-12T20:00:06.271+0800] {processor.py:830} INFO - Processing file /Users/wanghaojin/Desktop/exchange@NUS/IS3107/HW/Project/news_data_pipeline/.venv/lib/python3.11/site-packages/airflow/example_dags/example_bash_operator.py for tasks to queue
[2024-04-12T20:00:06.271+0800] {logging_mixin.py:188} INFO - [2024-04-12T20:00:06.271+0800] {dagbag.py:538} INFO - Filling up the DagBag from /Users/wanghaojin/Desktop/exchange@NUS/IS3107/HW/Project/news_data_pipeline/.venv/lib/python3.11/site-packages/airflow/example_dags/example_bash_operator.py
[2024-04-12T20:00:06.278+0800] {processor.py:840} INFO - DAG(s) 'example_bash_operator' retrieved from /Users/wanghaojin/Desktop/exchange@NUS/IS3107/HW/Project/news_data_pipeline/.venv/lib/python3.11/site-packages/airflow/example_dags/example_bash_operator.py
[2024-04-12T20:00:06.359+0800] {logging_mixin.py:188} INFO - [2024-04-12T20:00:06.359+0800] {dag.py:3036} INFO - Sync 1 DAGs
[2024-04-12T20:00:06.369+0800] {logging_mixin.py:188} INFO - [2024-04-12T20:00:06.368+0800] {dag.py:3823} INFO - Setting next_dagrun for example_bash_operator to 2024-04-11 00:00:00+00:00, run_after=2024-04-12 00:00:00+00:00
[2024-04-12T20:00:06.379+0800] {processor.py:183} INFO - Processing /Users/wanghaojin/Desktop/exchange@NUS/IS3107/HW/Project/news_data_pipeline/.venv/lib/python3.11/site-packages/airflow/example_dags/example_bash_operator.py took 0.110 seconds
[2024-04-12T20:02:23.277+0800] {processor.py:161} INFO - Started process (PID=6878) to work on /Users/wanghaojin/Desktop/exchange@NUS/IS3107/HW/Project/news_data_pipeline/.venv/lib/python3.11/site-packages/airflow/example_dags/example_bash_operator.py
[2024-04-12T20:02:23.278+0800] {processor.py:830} INFO - Processing file /Users/wanghaojin/Desktop/exchange@NUS/IS3107/HW/Project/news_data_pipeline/.venv/lib/python3.11/site-packages/airflow/example_dags/example_bash_operator.py for tasks to queue
[2024-04-12T20:02:23.278+0800] {logging_mixin.py:188} INFO - [2024-04-12T20:02:23.278+0800] {dagbag.py:538} INFO - Filling up the DagBag from /Users/wanghaojin/Desktop/exchange@NUS/IS3107/HW/Project/news_data_pipeline/.venv/lib/python3.11/site-packages/airflow/example_dags/example_bash_operator.py
[2024-04-12T20:02:23.285+0800] {processor.py:840} INFO - DAG(s) 'example_bash_operator' retrieved from /Users/wanghaojin/Desktop/exchange@NUS/IS3107/HW/Project/news_data_pipeline/.venv/lib/python3.11/site-packages/airflow/example_dags/example_bash_operator.py
[2024-04-12T20:02:23.365+0800] {logging_mixin.py:188} INFO - [2024-04-12T20:02:23.365+0800] {dag.py:3036} INFO - Sync 1 DAGs
[2024-04-12T20:02:23.375+0800] {logging_mixin.py:188} INFO - [2024-04-12T20:02:23.375+0800] {dag.py:3823} INFO - Setting next_dagrun for example_bash_operator to 2024-04-11 00:00:00+00:00, run_after=2024-04-12 00:00:00+00:00
[2024-04-12T20:02:23.385+0800] {processor.py:183} INFO - Processing /Users/wanghaojin/Desktop/exchange@NUS/IS3107/HW/Project/news_data_pipeline/.venv/lib/python3.11/site-packages/airflow/example_dags/example_bash_operator.py took 0.108 seconds
[2024-04-12T20:04:44.400+0800] {processor.py:161} INFO - Started process (PID=7196) to work on /Users/wanghaojin/Desktop/exchange@NUS/IS3107/HW/Project/news_data_pipeline/.venv/lib/python3.11/site-packages/airflow/example_dags/example_bash_operator.py
[2024-04-12T20:04:44.401+0800] {processor.py:830} INFO - Processing file /Users/wanghaojin/Desktop/exchange@NUS/IS3107/HW/Project/news_data_pipeline/.venv/lib/python3.11/site-packages/airflow/example_dags/example_bash_operator.py for tasks to queue
[2024-04-12T20:04:44.402+0800] {logging_mixin.py:188} INFO - [2024-04-12T20:04:44.402+0800] {dagbag.py:538} INFO - Filling up the DagBag from /Users/wanghaojin/Desktop/exchange@NUS/IS3107/HW/Project/news_data_pipeline/.venv/lib/python3.11/site-packages/airflow/example_dags/example_bash_operator.py
[2024-04-12T20:04:44.408+0800] {processor.py:840} INFO - DAG(s) 'example_bash_operator' retrieved from /Users/wanghaojin/Desktop/exchange@NUS/IS3107/HW/Project/news_data_pipeline/.venv/lib/python3.11/site-packages/airflow/example_dags/example_bash_operator.py
[2024-04-12T20:04:44.488+0800] {logging_mixin.py:188} INFO - [2024-04-12T20:04:44.488+0800] {dag.py:3036} INFO - Sync 1 DAGs
[2024-04-12T20:04:44.498+0800] {logging_mixin.py:188} INFO - [2024-04-12T20:04:44.497+0800] {dag.py:3823} INFO - Setting next_dagrun for example_bash_operator to 2024-04-11 00:00:00+00:00, run_after=2024-04-12 00:00:00+00:00
[2024-04-12T20:04:44.508+0800] {processor.py:183} INFO - Processing /Users/wanghaojin/Desktop/exchange@NUS/IS3107/HW/Project/news_data_pipeline/.venv/lib/python3.11/site-packages/airflow/example_dags/example_bash_operator.py took 0.108 seconds
[2024-04-12T20:07:01.036+0800] {processor.py:161} INFO - Started process (PID=7412) to work on /Users/wanghaojin/Desktop/exchange@NUS/IS3107/HW/Project/news_data_pipeline/.venv/lib/python3.11/site-packages/airflow/example_dags/example_bash_operator.py
[2024-04-12T20:07:01.037+0800] {processor.py:830} INFO - Processing file /Users/wanghaojin/Desktop/exchange@NUS/IS3107/HW/Project/news_data_pipeline/.venv/lib/python3.11/site-packages/airflow/example_dags/example_bash_operator.py for tasks to queue
[2024-04-12T20:07:01.037+0800] {logging_mixin.py:188} INFO - [2024-04-12T20:07:01.037+0800] {dagbag.py:538} INFO - Filling up the DagBag from /Users/wanghaojin/Desktop/exchange@NUS/IS3107/HW/Project/news_data_pipeline/.venv/lib/python3.11/site-packages/airflow/example_dags/example_bash_operator.py
[2024-04-12T20:07:01.043+0800] {processor.py:840} INFO - DAG(s) 'example_bash_operator' retrieved from /Users/wanghaojin/Desktop/exchange@NUS/IS3107/HW/Project/news_data_pipeline/.venv/lib/python3.11/site-packages/airflow/example_dags/example_bash_operator.py
[2024-04-12T20:07:01.124+0800] {logging_mixin.py:188} INFO - [2024-04-12T20:07:01.124+0800] {dag.py:3036} INFO - Sync 1 DAGs
[2024-04-12T20:07:01.133+0800] {logging_mixin.py:188} INFO - [2024-04-12T20:07:01.133+0800] {dag.py:3823} INFO - Setting next_dagrun for example_bash_operator to 2024-04-11 00:00:00+00:00, run_after=2024-04-12 00:00:00+00:00
[2024-04-12T20:07:01.143+0800] {processor.py:183} INFO - Processing /Users/wanghaojin/Desktop/exchange@NUS/IS3107/HW/Project/news_data_pipeline/.venv/lib/python3.11/site-packages/airflow/example_dags/example_bash_operator.py took 0.108 seconds
[2024-04-12T20:09:17.954+0800] {processor.py:161} INFO - Started process (PID=7589) to work on /Users/wanghaojin/Desktop/exchange@NUS/IS3107/HW/Project/news_data_pipeline/.venv/lib/python3.11/site-packages/airflow/example_dags/example_bash_operator.py
[2024-04-12T20:09:17.955+0800] {processor.py:830} INFO - Processing file /Users/wanghaojin/Desktop/exchange@NUS/IS3107/HW/Project/news_data_pipeline/.venv/lib/python3.11/site-packages/airflow/example_dags/example_bash_operator.py for tasks to queue
[2024-04-12T20:09:17.955+0800] {logging_mixin.py:188} INFO - [2024-04-12T20:09:17.955+0800] {dagbag.py:538} INFO - Filling up the DagBag from /Users/wanghaojin/Desktop/exchange@NUS/IS3107/HW/Project/news_data_pipeline/.venv/lib/python3.11/site-packages/airflow/example_dags/example_bash_operator.py
[2024-04-12T20:09:17.961+0800] {processor.py:840} INFO - DAG(s) 'example_bash_operator' retrieved from /Users/wanghaojin/Desktop/exchange@NUS/IS3107/HW/Project/news_data_pipeline/.venv/lib/python3.11/site-packages/airflow/example_dags/example_bash_operator.py
[2024-04-12T20:09:18.042+0800] {logging_mixin.py:188} INFO - [2024-04-12T20:09:18.042+0800] {dag.py:3036} INFO - Sync 1 DAGs
[2024-04-12T20:09:18.051+0800] {logging_mixin.py:188} INFO - [2024-04-12T20:09:18.051+0800] {dag.py:3823} INFO - Setting next_dagrun for example_bash_operator to 2024-04-11 00:00:00+00:00, run_after=2024-04-12 00:00:00+00:00
[2024-04-12T20:09:18.061+0800] {processor.py:183} INFO - Processing /Users/wanghaojin/Desktop/exchange@NUS/IS3107/HW/Project/news_data_pipeline/.venv/lib/python3.11/site-packages/airflow/example_dags/example_bash_operator.py took 0.108 seconds
[2024-04-12T20:11:34.928+0800] {processor.py:161} INFO - Started process (PID=7794) to work on /Users/wanghaojin/Desktop/exchange@NUS/IS3107/HW/Project/news_data_pipeline/.venv/lib/python3.11/site-packages/airflow/example_dags/example_bash_operator.py
[2024-04-12T20:11:34.928+0800] {processor.py:830} INFO - Processing file /Users/wanghaojin/Desktop/exchange@NUS/IS3107/HW/Project/news_data_pipeline/.venv/lib/python3.11/site-packages/airflow/example_dags/example_bash_operator.py for tasks to queue
[2024-04-12T20:11:34.928+0800] {logging_mixin.py:188} INFO - [2024-04-12T20:11:34.928+0800] {dagbag.py:538} INFO - Filling up the DagBag from /Users/wanghaojin/Desktop/exchange@NUS/IS3107/HW/Project/news_data_pipeline/.venv/lib/python3.11/site-packages/airflow/example_dags/example_bash_operator.py
[2024-04-12T20:11:34.934+0800] {processor.py:840} INFO - DAG(s) 'example_bash_operator' retrieved from /Users/wanghaojin/Desktop/exchange@NUS/IS3107/HW/Project/news_data_pipeline/.venv/lib/python3.11/site-packages/airflow/example_dags/example_bash_operator.py
[2024-04-12T20:11:35.015+0800] {logging_mixin.py:188} INFO - [2024-04-12T20:11:35.015+0800] {dag.py:3036} INFO - Sync 1 DAGs
[2024-04-12T20:11:35.024+0800] {logging_mixin.py:188} INFO - [2024-04-12T20:11:35.024+0800] {dag.py:3823} INFO - Setting next_dagrun for example_bash_operator to 2024-04-11 00:00:00+00:00, run_after=2024-04-12 00:00:00+00:00
[2024-04-12T20:11:35.034+0800] {processor.py:183} INFO - Processing /Users/wanghaojin/Desktop/exchange@NUS/IS3107/HW/Project/news_data_pipeline/.venv/lib/python3.11/site-packages/airflow/example_dags/example_bash_operator.py took 0.107 seconds
[2024-04-12T20:13:52.372+0800] {processor.py:161} INFO - Started process (PID=8029) to work on /Users/wanghaojin/Desktop/exchange@NUS/IS3107/HW/Project/news_data_pipeline/.venv/lib/python3.11/site-packages/airflow/example_dags/example_bash_operator.py
[2024-04-12T20:13:52.374+0800] {processor.py:830} INFO - Processing file /Users/wanghaojin/Desktop/exchange@NUS/IS3107/HW/Project/news_data_pipeline/.venv/lib/python3.11/site-packages/airflow/example_dags/example_bash_operator.py for tasks to queue
[2024-04-12T20:13:52.374+0800] {logging_mixin.py:188} INFO - [2024-04-12T20:13:52.374+0800] {dagbag.py:538} INFO - Filling up the DagBag from /Users/wanghaojin/Desktop/exchange@NUS/IS3107/HW/Project/news_data_pipeline/.venv/lib/python3.11/site-packages/airflow/example_dags/example_bash_operator.py
[2024-04-12T20:13:52.380+0800] {processor.py:840} INFO - DAG(s) 'example_bash_operator' retrieved from /Users/wanghaojin/Desktop/exchange@NUS/IS3107/HW/Project/news_data_pipeline/.venv/lib/python3.11/site-packages/airflow/example_dags/example_bash_operator.py
[2024-04-12T20:13:52.462+0800] {logging_mixin.py:188} INFO - [2024-04-12T20:13:52.462+0800] {dag.py:3036} INFO - Sync 1 DAGs
[2024-04-12T20:13:52.471+0800] {logging_mixin.py:188} INFO - [2024-04-12T20:13:52.471+0800] {dag.py:3823} INFO - Setting next_dagrun for example_bash_operator to 2024-04-11 00:00:00+00:00, run_after=2024-04-12 00:00:00+00:00
[2024-04-12T20:13:52.482+0800] {processor.py:183} INFO - Processing /Users/wanghaojin/Desktop/exchange@NUS/IS3107/HW/Project/news_data_pipeline/.venv/lib/python3.11/site-packages/airflow/example_dags/example_bash_operator.py took 0.110 seconds
[2024-04-12T20:16:09.839+0800] {processor.py:161} INFO - Started process (PID=8308) to work on /Users/wanghaojin/Desktop/exchange@NUS/IS3107/HW/Project/news_data_pipeline/.venv/lib/python3.11/site-packages/airflow/example_dags/example_bash_operator.py
[2024-04-12T20:16:09.840+0800] {processor.py:830} INFO - Processing file /Users/wanghaojin/Desktop/exchange@NUS/IS3107/HW/Project/news_data_pipeline/.venv/lib/python3.11/site-packages/airflow/example_dags/example_bash_operator.py for tasks to queue
[2024-04-12T20:16:09.840+0800] {logging_mixin.py:188} INFO - [2024-04-12T20:16:09.840+0800] {dagbag.py:538} INFO - Filling up the DagBag from /Users/wanghaojin/Desktop/exchange@NUS/IS3107/HW/Project/news_data_pipeline/.venv/lib/python3.11/site-packages/airflow/example_dags/example_bash_operator.py
[2024-04-12T20:16:09.847+0800] {processor.py:840} INFO - DAG(s) 'example_bash_operator' retrieved from /Users/wanghaojin/Desktop/exchange@NUS/IS3107/HW/Project/news_data_pipeline/.venv/lib/python3.11/site-packages/airflow/example_dags/example_bash_operator.py
[2024-04-12T20:16:09.929+0800] {logging_mixin.py:188} INFO - [2024-04-12T20:16:09.928+0800] {dag.py:3036} INFO - Sync 1 DAGs
[2024-04-12T20:16:09.938+0800] {logging_mixin.py:188} INFO - [2024-04-12T20:16:09.938+0800] {dag.py:3823} INFO - Setting next_dagrun for example_bash_operator to 2024-04-11 00:00:00+00:00, run_after=2024-04-12 00:00:00+00:00
[2024-04-12T20:16:09.948+0800] {processor.py:183} INFO - Processing /Users/wanghaojin/Desktop/exchange@NUS/IS3107/HW/Project/news_data_pipeline/.venv/lib/python3.11/site-packages/airflow/example_dags/example_bash_operator.py took 0.110 seconds
[2024-04-12T20:19:51.004+0800] {processor.py:161} INFO - Started process (PID=8769) to work on /Users/wanghaojin/Desktop/exchange@NUS/IS3107/HW/Project/news_data_pipeline/.venv/lib/python3.11/site-packages/airflow/example_dags/example_bash_operator.py
[2024-04-12T20:19:51.005+0800] {processor.py:830} INFO - Processing file /Users/wanghaojin/Desktop/exchange@NUS/IS3107/HW/Project/news_data_pipeline/.venv/lib/python3.11/site-packages/airflow/example_dags/example_bash_operator.py for tasks to queue
[2024-04-12T20:19:51.006+0800] {logging_mixin.py:188} INFO - [2024-04-12T20:19:51.006+0800] {dagbag.py:538} INFO - Filling up the DagBag from /Users/wanghaojin/Desktop/exchange@NUS/IS3107/HW/Project/news_data_pipeline/.venv/lib/python3.11/site-packages/airflow/example_dags/example_bash_operator.py
[2024-04-12T20:19:51.012+0800] {processor.py:840} INFO - DAG(s) 'example_bash_operator' retrieved from /Users/wanghaojin/Desktop/exchange@NUS/IS3107/HW/Project/news_data_pipeline/.venv/lib/python3.11/site-packages/airflow/example_dags/example_bash_operator.py
[2024-04-12T20:19:51.136+0800] {logging_mixin.py:188} INFO - [2024-04-12T20:19:51.136+0800] {dag.py:3036} INFO - Sync 1 DAGs
[2024-04-12T20:19:51.145+0800] {logging_mixin.py:188} INFO - [2024-04-12T20:19:51.145+0800] {dag.py:3823} INFO - Setting next_dagrun for example_bash_operator to 2024-04-11 00:00:00+00:00, run_after=2024-04-12 00:00:00+00:00
[2024-04-12T20:19:51.156+0800] {processor.py:183} INFO - Processing /Users/wanghaojin/Desktop/exchange@NUS/IS3107/HW/Project/news_data_pipeline/.venv/lib/python3.11/site-packages/airflow/example_dags/example_bash_operator.py took 0.153 seconds
[2024-04-12T20:22:10.512+0800] {processor.py:161} INFO - Started process (PID=8971) to work on /Users/wanghaojin/Desktop/exchange@NUS/IS3107/HW/Project/news_data_pipeline/.venv/lib/python3.11/site-packages/airflow/example_dags/example_bash_operator.py
[2024-04-12T20:22:10.513+0800] {processor.py:830} INFO - Processing file /Users/wanghaojin/Desktop/exchange@NUS/IS3107/HW/Project/news_data_pipeline/.venv/lib/python3.11/site-packages/airflow/example_dags/example_bash_operator.py for tasks to queue
[2024-04-12T20:22:10.514+0800] {logging_mixin.py:188} INFO - [2024-04-12T20:22:10.514+0800] {dagbag.py:538} INFO - Filling up the DagBag from /Users/wanghaojin/Desktop/exchange@NUS/IS3107/HW/Project/news_data_pipeline/.venv/lib/python3.11/site-packages/airflow/example_dags/example_bash_operator.py
[2024-04-12T20:22:10.520+0800] {processor.py:840} INFO - DAG(s) 'example_bash_operator' retrieved from /Users/wanghaojin/Desktop/exchange@NUS/IS3107/HW/Project/news_data_pipeline/.venv/lib/python3.11/site-packages/airflow/example_dags/example_bash_operator.py
[2024-04-12T20:22:10.644+0800] {logging_mixin.py:188} INFO - [2024-04-12T20:22:10.644+0800] {dag.py:3036} INFO - Sync 1 DAGs
[2024-04-12T20:22:10.653+0800] {logging_mixin.py:188} INFO - [2024-04-12T20:22:10.653+0800] {dag.py:3823} INFO - Setting next_dagrun for example_bash_operator to 2024-04-11 00:00:00+00:00, run_after=2024-04-12 00:00:00+00:00
[2024-04-12T20:22:10.664+0800] {processor.py:183} INFO - Processing /Users/wanghaojin/Desktop/exchange@NUS/IS3107/HW/Project/news_data_pipeline/.venv/lib/python3.11/site-packages/airflow/example_dags/example_bash_operator.py took 0.152 seconds
[2024-04-12T20:24:26.255+0800] {processor.py:161} INFO - Started process (PID=9154) to work on /Users/wanghaojin/Desktop/exchange@NUS/IS3107/HW/Project/news_data_pipeline/.venv/lib/python3.11/site-packages/airflow/example_dags/example_bash_operator.py
[2024-04-12T20:24:26.257+0800] {processor.py:830} INFO - Processing file /Users/wanghaojin/Desktop/exchange@NUS/IS3107/HW/Project/news_data_pipeline/.venv/lib/python3.11/site-packages/airflow/example_dags/example_bash_operator.py for tasks to queue
[2024-04-12T20:24:26.257+0800] {logging_mixin.py:188} INFO - [2024-04-12T20:24:26.257+0800] {dagbag.py:538} INFO - Filling up the DagBag from /Users/wanghaojin/Desktop/exchange@NUS/IS3107/HW/Project/news_data_pipeline/.venv/lib/python3.11/site-packages/airflow/example_dags/example_bash_operator.py
[2024-04-12T20:24:26.263+0800] {processor.py:840} INFO - DAG(s) 'example_bash_operator' retrieved from /Users/wanghaojin/Desktop/exchange@NUS/IS3107/HW/Project/news_data_pipeline/.venv/lib/python3.11/site-packages/airflow/example_dags/example_bash_operator.py
[2024-04-12T20:24:26.345+0800] {logging_mixin.py:188} INFO - [2024-04-12T20:24:26.344+0800] {dag.py:3036} INFO - Sync 1 DAGs
[2024-04-12T20:24:26.354+0800] {logging_mixin.py:188} INFO - [2024-04-12T20:24:26.354+0800] {dag.py:3823} INFO - Setting next_dagrun for example_bash_operator to 2024-04-11 00:00:00+00:00, run_after=2024-04-12 00:00:00+00:00
[2024-04-12T20:24:26.364+0800] {processor.py:183} INFO - Processing /Users/wanghaojin/Desktop/exchange@NUS/IS3107/HW/Project/news_data_pipeline/.venv/lib/python3.11/site-packages/airflow/example_dags/example_bash_operator.py took 0.109 seconds
[2024-04-12T20:27:02.328+0800] {processor.py:161} INFO - Started process (PID=9430) to work on /Users/wanghaojin/Desktop/exchange@NUS/IS3107/HW/Project/news_data_pipeline/.venv/lib/python3.11/site-packages/airflow/example_dags/example_bash_operator.py
[2024-04-12T20:27:02.330+0800] {processor.py:830} INFO - Processing file /Users/wanghaojin/Desktop/exchange@NUS/IS3107/HW/Project/news_data_pipeline/.venv/lib/python3.11/site-packages/airflow/example_dags/example_bash_operator.py for tasks to queue
[2024-04-12T20:27:02.330+0800] {logging_mixin.py:188} INFO - [2024-04-12T20:27:02.330+0800] {dagbag.py:538} INFO - Filling up the DagBag from /Users/wanghaojin/Desktop/exchange@NUS/IS3107/HW/Project/news_data_pipeline/.venv/lib/python3.11/site-packages/airflow/example_dags/example_bash_operator.py
[2024-04-12T20:27:02.336+0800] {processor.py:840} INFO - DAG(s) 'example_bash_operator' retrieved from /Users/wanghaojin/Desktop/exchange@NUS/IS3107/HW/Project/news_data_pipeline/.venv/lib/python3.11/site-packages/airflow/example_dags/example_bash_operator.py
[2024-04-12T20:27:02.419+0800] {logging_mixin.py:188} INFO - [2024-04-12T20:27:02.419+0800] {dag.py:3036} INFO - Sync 1 DAGs
[2024-04-12T20:27:02.428+0800] {logging_mixin.py:188} INFO - [2024-04-12T20:27:02.428+0800] {dag.py:3823} INFO - Setting next_dagrun for example_bash_operator to 2024-04-11 00:00:00+00:00, run_after=2024-04-12 00:00:00+00:00
[2024-04-12T20:27:02.438+0800] {processor.py:183} INFO - Processing /Users/wanghaojin/Desktop/exchange@NUS/IS3107/HW/Project/news_data_pipeline/.venv/lib/python3.11/site-packages/airflow/example_dags/example_bash_operator.py took 0.110 seconds
[2024-04-12T20:30:54.084+0800] {processor.py:161} INFO - Started process (PID=9863) to work on /Users/wanghaojin/Desktop/exchange@NUS/IS3107/HW/Project/news_data_pipeline/.venv/lib/python3.11/site-packages/airflow/example_dags/example_bash_operator.py
[2024-04-12T20:30:54.085+0800] {processor.py:830} INFO - Processing file /Users/wanghaojin/Desktop/exchange@NUS/IS3107/HW/Project/news_data_pipeline/.venv/lib/python3.11/site-packages/airflow/example_dags/example_bash_operator.py for tasks to queue
[2024-04-12T20:30:54.085+0800] {logging_mixin.py:188} INFO - [2024-04-12T20:30:54.085+0800] {dagbag.py:538} INFO - Filling up the DagBag from /Users/wanghaojin/Desktop/exchange@NUS/IS3107/HW/Project/news_data_pipeline/.venv/lib/python3.11/site-packages/airflow/example_dags/example_bash_operator.py
[2024-04-12T20:30:54.091+0800] {processor.py:840} INFO - DAG(s) 'example_bash_operator' retrieved from /Users/wanghaojin/Desktop/exchange@NUS/IS3107/HW/Project/news_data_pipeline/.venv/lib/python3.11/site-packages/airflow/example_dags/example_bash_operator.py
[2024-04-12T20:30:54.253+0800] {logging_mixin.py:188} INFO - [2024-04-12T20:30:54.253+0800] {dag.py:3036} INFO - Sync 1 DAGs
[2024-04-12T20:30:54.265+0800] {logging_mixin.py:188} INFO - [2024-04-12T20:30:54.265+0800] {dag.py:3823} INFO - Setting next_dagrun for example_bash_operator to 2024-04-11 00:00:00+00:00, run_after=2024-04-12 00:00:00+00:00
[2024-04-12T20:30:54.277+0800] {processor.py:183} INFO - Processing /Users/wanghaojin/Desktop/exchange@NUS/IS3107/HW/Project/news_data_pipeline/.venv/lib/python3.11/site-packages/airflow/example_dags/example_bash_operator.py took 0.194 seconds
[2024-04-12T20:37:41.849+0800] {processor.py:161} INFO - Started process (PID=10598) to work on /Users/wanghaojin/Desktop/exchange@NUS/IS3107/HW/Project/news_data_pipeline/.venv/lib/python3.11/site-packages/airflow/example_dags/example_bash_operator.py
[2024-04-12T20:37:41.850+0800] {processor.py:830} INFO - Processing file /Users/wanghaojin/Desktop/exchange@NUS/IS3107/HW/Project/news_data_pipeline/.venv/lib/python3.11/site-packages/airflow/example_dags/example_bash_operator.py for tasks to queue
[2024-04-12T20:37:41.850+0800] {logging_mixin.py:188} INFO - [2024-04-12T20:37:41.850+0800] {dagbag.py:538} INFO - Filling up the DagBag from /Users/wanghaojin/Desktop/exchange@NUS/IS3107/HW/Project/news_data_pipeline/.venv/lib/python3.11/site-packages/airflow/example_dags/example_bash_operator.py
[2024-04-12T20:37:41.856+0800] {processor.py:840} INFO - DAG(s) 'example_bash_operator' retrieved from /Users/wanghaojin/Desktop/exchange@NUS/IS3107/HW/Project/news_data_pipeline/.venv/lib/python3.11/site-packages/airflow/example_dags/example_bash_operator.py
[2024-04-12T20:37:41.979+0800] {logging_mixin.py:188} INFO - [2024-04-12T20:37:41.979+0800] {dag.py:3036} INFO - Sync 1 DAGs
[2024-04-12T20:37:41.989+0800] {logging_mixin.py:188} INFO - [2024-04-12T20:37:41.988+0800] {dag.py:3823} INFO - Setting next_dagrun for example_bash_operator to 2024-04-11 00:00:00+00:00, run_after=2024-04-12 00:00:00+00:00
[2024-04-12T20:37:41.999+0800] {processor.py:183} INFO - Processing /Users/wanghaojin/Desktop/exchange@NUS/IS3107/HW/Project/news_data_pipeline/.venv/lib/python3.11/site-packages/airflow/example_dags/example_bash_operator.py took 0.151 seconds
[2024-04-12T20:39:58.143+0800] {processor.py:161} INFO - Started process (PID=10820) to work on /Users/wanghaojin/Desktop/exchange@NUS/IS3107/HW/Project/news_data_pipeline/.venv/lib/python3.11/site-packages/airflow/example_dags/example_bash_operator.py
[2024-04-12T20:39:58.143+0800] {processor.py:830} INFO - Processing file /Users/wanghaojin/Desktop/exchange@NUS/IS3107/HW/Project/news_data_pipeline/.venv/lib/python3.11/site-packages/airflow/example_dags/example_bash_operator.py for tasks to queue
[2024-04-12T20:39:58.144+0800] {logging_mixin.py:188} INFO - [2024-04-12T20:39:58.144+0800] {dagbag.py:538} INFO - Filling up the DagBag from /Users/wanghaojin/Desktop/exchange@NUS/IS3107/HW/Project/news_data_pipeline/.venv/lib/python3.11/site-packages/airflow/example_dags/example_bash_operator.py
[2024-04-12T20:39:58.150+0800] {processor.py:840} INFO - DAG(s) 'example_bash_operator' retrieved from /Users/wanghaojin/Desktop/exchange@NUS/IS3107/HW/Project/news_data_pipeline/.venv/lib/python3.11/site-packages/airflow/example_dags/example_bash_operator.py
[2024-04-12T20:39:58.231+0800] {logging_mixin.py:188} INFO - [2024-04-12T20:39:58.231+0800] {dag.py:3036} INFO - Sync 1 DAGs
[2024-04-12T20:39:58.240+0800] {logging_mixin.py:188} INFO - [2024-04-12T20:39:58.240+0800] {dag.py:3823} INFO - Setting next_dagrun for example_bash_operator to 2024-04-11 00:00:00+00:00, run_after=2024-04-12 00:00:00+00:00
[2024-04-12T20:39:58.250+0800] {processor.py:183} INFO - Processing /Users/wanghaojin/Desktop/exchange@NUS/IS3107/HW/Project/news_data_pipeline/.venv/lib/python3.11/site-packages/airflow/example_dags/example_bash_operator.py took 0.108 seconds
[2024-04-12T20:42:15.532+0800] {processor.py:161} INFO - Started process (PID=11028) to work on /Users/wanghaojin/Desktop/exchange@NUS/IS3107/HW/Project/news_data_pipeline/.venv/lib/python3.11/site-packages/airflow/example_dags/example_bash_operator.py
[2024-04-12T20:42:15.533+0800] {processor.py:830} INFO - Processing file /Users/wanghaojin/Desktop/exchange@NUS/IS3107/HW/Project/news_data_pipeline/.venv/lib/python3.11/site-packages/airflow/example_dags/example_bash_operator.py for tasks to queue
[2024-04-12T20:42:15.533+0800] {logging_mixin.py:188} INFO - [2024-04-12T20:42:15.533+0800] {dagbag.py:538} INFO - Filling up the DagBag from /Users/wanghaojin/Desktop/exchange@NUS/IS3107/HW/Project/news_data_pipeline/.venv/lib/python3.11/site-packages/airflow/example_dags/example_bash_operator.py
[2024-04-12T20:42:15.540+0800] {processor.py:840} INFO - DAG(s) 'example_bash_operator' retrieved from /Users/wanghaojin/Desktop/exchange@NUS/IS3107/HW/Project/news_data_pipeline/.venv/lib/python3.11/site-packages/airflow/example_dags/example_bash_operator.py
[2024-04-12T20:42:15.625+0800] {logging_mixin.py:188} INFO - [2024-04-12T20:42:15.625+0800] {dag.py:3036} INFO - Sync 1 DAGs
[2024-04-12T20:42:15.634+0800] {logging_mixin.py:188} INFO - [2024-04-12T20:42:15.634+0800] {dag.py:3823} INFO - Setting next_dagrun for example_bash_operator to 2024-04-11 00:00:00+00:00, run_after=2024-04-12 00:00:00+00:00
[2024-04-12T20:42:15.644+0800] {processor.py:183} INFO - Processing /Users/wanghaojin/Desktop/exchange@NUS/IS3107/HW/Project/news_data_pipeline/.venv/lib/python3.11/site-packages/airflow/example_dags/example_bash_operator.py took 0.112 seconds
