[2024-04-12T19:29:11.040+0800] {processor.py:161} INFO - Started process (PID=3575) to work on /Users/wanghaojin/Desktop/exchange@NUS/IS3107/HW/Project/news_data_pipeline/.venv/lib/python3.11/site-packages/airflow/example_dags/example_python_operator.py
[2024-04-12T19:29:11.040+0800] {processor.py:830} INFO - Processing file /Users/wanghaojin/Desktop/exchange@NUS/IS3107/HW/Project/news_data_pipeline/.venv/lib/python3.11/site-packages/airflow/example_dags/example_python_operator.py for tasks to queue
[2024-04-12T19:29:11.041+0800] {logging_mixin.py:188} INFO - [2024-04-12T19:29:11.040+0800] {dagbag.py:538} INFO - Filling up the DagBag from /Users/wanghaojin/Desktop/exchange@NUS/IS3107/HW/Project/news_data_pipeline/.venv/lib/python3.11/site-packages/airflow/example_dags/example_python_operator.py
[2024-04-12T19:29:11.057+0800] {processor.py:840} INFO - DAG(s) 'example_python_operator' retrieved from /Users/wanghaojin/Desktop/exchange@NUS/IS3107/HW/Project/news_data_pipeline/.venv/lib/python3.11/site-packages/airflow/example_dags/example_python_operator.py
[2024-04-12T19:29:11.196+0800] {logging_mixin.py:188} INFO - [2024-04-12T19:29:11.195+0800] {dag.py:3036} INFO - Sync 1 DAGs
[2024-04-12T19:29:11.200+0800] {logging_mixin.py:188} INFO - [2024-04-12T19:29:11.200+0800] {dag.py:3823} INFO - Setting next_dagrun for example_python_operator to None, run_after=None
[2024-04-12T19:29:11.210+0800] {processor.py:183} INFO - Processing /Users/wanghaojin/Desktop/exchange@NUS/IS3107/HW/Project/news_data_pipeline/.venv/lib/python3.11/site-packages/airflow/example_dags/example_python_operator.py took 0.171 seconds
[2024-04-12T19:30:30.380+0800] {processor.py:161} INFO - Started process (PID=4162) to work on /Users/wanghaojin/Desktop/exchange@NUS/IS3107/HW/Project/news_data_pipeline/.venv/lib/python3.11/site-packages/airflow/example_dags/example_python_operator.py
[2024-04-12T19:30:30.381+0800] {processor.py:830} INFO - Processing file /Users/wanghaojin/Desktop/exchange@NUS/IS3107/HW/Project/news_data_pipeline/.venv/lib/python3.11/site-packages/airflow/example_dags/example_python_operator.py for tasks to queue
[2024-04-12T19:30:30.381+0800] {logging_mixin.py:188} INFO - [2024-04-12T19:30:30.381+0800] {dagbag.py:538} INFO - Filling up the DagBag from /Users/wanghaojin/Desktop/exchange@NUS/IS3107/HW/Project/news_data_pipeline/.venv/lib/python3.11/site-packages/airflow/example_dags/example_python_operator.py
[2024-04-12T19:30:30.397+0800] {processor.py:840} INFO - DAG(s) 'example_python_operator' retrieved from /Users/wanghaojin/Desktop/exchange@NUS/IS3107/HW/Project/news_data_pipeline/.venv/lib/python3.11/site-packages/airflow/example_dags/example_python_operator.py
[2024-04-12T19:30:30.520+0800] {logging_mixin.py:188} INFO - [2024-04-12T19:30:30.519+0800] {dag.py:3036} INFO - Sync 1 DAGs
[2024-04-12T19:30:30.524+0800] {logging_mixin.py:188} INFO - [2024-04-12T19:30:30.524+0800] {dag.py:3823} INFO - Setting next_dagrun for example_python_operator to None, run_after=None
[2024-04-12T19:30:30.534+0800] {processor.py:183} INFO - Processing /Users/wanghaojin/Desktop/exchange@NUS/IS3107/HW/Project/news_data_pipeline/.venv/lib/python3.11/site-packages/airflow/example_dags/example_python_operator.py took 0.155 seconds
[2024-04-12T19:32:17.841+0800] {processor.py:161} INFO - Started process (PID=4339) to work on /Users/wanghaojin/Desktop/exchange@NUS/IS3107/HW/Project/news_data_pipeline/.venv/lib/python3.11/site-packages/airflow/example_dags/example_python_operator.py
[2024-04-12T19:32:17.842+0800] {processor.py:830} INFO - Processing file /Users/wanghaojin/Desktop/exchange@NUS/IS3107/HW/Project/news_data_pipeline/.venv/lib/python3.11/site-packages/airflow/example_dags/example_python_operator.py for tasks to queue
[2024-04-12T19:32:17.842+0800] {logging_mixin.py:188} INFO - [2024-04-12T19:32:17.842+0800] {dagbag.py:538} INFO - Filling up the DagBag from /Users/wanghaojin/Desktop/exchange@NUS/IS3107/HW/Project/news_data_pipeline/.venv/lib/python3.11/site-packages/airflow/example_dags/example_python_operator.py
[2024-04-12T19:32:17.858+0800] {processor.py:840} INFO - DAG(s) 'example_python_operator' retrieved from /Users/wanghaojin/Desktop/exchange@NUS/IS3107/HW/Project/news_data_pipeline/.venv/lib/python3.11/site-packages/airflow/example_dags/example_python_operator.py
[2024-04-12T19:32:17.976+0800] {logging_mixin.py:188} INFO - [2024-04-12T19:32:17.976+0800] {dag.py:3036} INFO - Sync 1 DAGs
[2024-04-12T19:32:17.981+0800] {logging_mixin.py:188} INFO - [2024-04-12T19:32:17.981+0800] {dag.py:3823} INFO - Setting next_dagrun for example_python_operator to None, run_after=None
[2024-04-12T19:32:17.991+0800] {processor.py:183} INFO - Processing /Users/wanghaojin/Desktop/exchange@NUS/IS3107/HW/Project/news_data_pipeline/.venv/lib/python3.11/site-packages/airflow/example_dags/example_python_operator.py took 0.150 seconds
[2024-04-12T19:33:56.532+0800] {processor.py:161} INFO - Started process (PID=4518) to work on /Users/wanghaojin/Desktop/exchange@NUS/IS3107/HW/Project/news_data_pipeline/.venv/lib/python3.11/site-packages/airflow/example_dags/example_python_operator.py
[2024-04-12T19:33:56.533+0800] {processor.py:830} INFO - Processing file /Users/wanghaojin/Desktop/exchange@NUS/IS3107/HW/Project/news_data_pipeline/.venv/lib/python3.11/site-packages/airflow/example_dags/example_python_operator.py for tasks to queue
[2024-04-12T19:33:56.533+0800] {logging_mixin.py:188} INFO - [2024-04-12T19:33:56.533+0800] {dagbag.py:538} INFO - Filling up the DagBag from /Users/wanghaojin/Desktop/exchange@NUS/IS3107/HW/Project/news_data_pipeline/.venv/lib/python3.11/site-packages/airflow/example_dags/example_python_operator.py
[2024-04-12T19:33:56.549+0800] {processor.py:840} INFO - DAG(s) 'example_python_operator' retrieved from /Users/wanghaojin/Desktop/exchange@NUS/IS3107/HW/Project/news_data_pipeline/.venv/lib/python3.11/site-packages/airflow/example_dags/example_python_operator.py
[2024-04-12T19:33:56.669+0800] {logging_mixin.py:188} INFO - [2024-04-12T19:33:56.669+0800] {dag.py:3036} INFO - Sync 1 DAGs
[2024-04-12T19:33:56.674+0800] {logging_mixin.py:188} INFO - [2024-04-12T19:33:56.674+0800] {dag.py:3823} INFO - Setting next_dagrun for example_python_operator to None, run_after=None
[2024-04-12T19:33:56.684+0800] {processor.py:183} INFO - Processing /Users/wanghaojin/Desktop/exchange@NUS/IS3107/HW/Project/news_data_pipeline/.venv/lib/python3.11/site-packages/airflow/example_dags/example_python_operator.py took 0.152 seconds
[2024-04-12T19:36:13.333+0800] {processor.py:161} INFO - Started process (PID=4729) to work on /Users/wanghaojin/Desktop/exchange@NUS/IS3107/HW/Project/news_data_pipeline/.venv/lib/python3.11/site-packages/airflow/example_dags/example_python_operator.py
[2024-04-12T19:36:13.333+0800] {processor.py:830} INFO - Processing file /Users/wanghaojin/Desktop/exchange@NUS/IS3107/HW/Project/news_data_pipeline/.venv/lib/python3.11/site-packages/airflow/example_dags/example_python_operator.py for tasks to queue
[2024-04-12T19:36:13.333+0800] {logging_mixin.py:188} INFO - [2024-04-12T19:36:13.333+0800] {dagbag.py:538} INFO - Filling up the DagBag from /Users/wanghaojin/Desktop/exchange@NUS/IS3107/HW/Project/news_data_pipeline/.venv/lib/python3.11/site-packages/airflow/example_dags/example_python_operator.py
[2024-04-12T19:36:13.349+0800] {processor.py:840} INFO - DAG(s) 'example_python_operator' retrieved from /Users/wanghaojin/Desktop/exchange@NUS/IS3107/HW/Project/news_data_pipeline/.venv/lib/python3.11/site-packages/airflow/example_dags/example_python_operator.py
[2024-04-12T19:36:13.469+0800] {logging_mixin.py:188} INFO - [2024-04-12T19:36:13.469+0800] {dag.py:3036} INFO - Sync 1 DAGs
[2024-04-12T19:36:13.473+0800] {logging_mixin.py:188} INFO - [2024-04-12T19:36:13.473+0800] {dag.py:3823} INFO - Setting next_dagrun for example_python_operator to None, run_after=None
[2024-04-12T19:36:13.484+0800] {processor.py:183} INFO - Processing /Users/wanghaojin/Desktop/exchange@NUS/IS3107/HW/Project/news_data_pipeline/.venv/lib/python3.11/site-packages/airflow/example_dags/example_python_operator.py took 0.152 seconds
[2024-04-12T19:38:29.744+0800] {processor.py:161} INFO - Started process (PID=4937) to work on /Users/wanghaojin/Desktop/exchange@NUS/IS3107/HW/Project/news_data_pipeline/.venv/lib/python3.11/site-packages/airflow/example_dags/example_python_operator.py
[2024-04-12T19:38:29.745+0800] {processor.py:830} INFO - Processing file /Users/wanghaojin/Desktop/exchange@NUS/IS3107/HW/Project/news_data_pipeline/.venv/lib/python3.11/site-packages/airflow/example_dags/example_python_operator.py for tasks to queue
[2024-04-12T19:38:29.745+0800] {logging_mixin.py:188} INFO - [2024-04-12T19:38:29.745+0800] {dagbag.py:538} INFO - Filling up the DagBag from /Users/wanghaojin/Desktop/exchange@NUS/IS3107/HW/Project/news_data_pipeline/.venv/lib/python3.11/site-packages/airflow/example_dags/example_python_operator.py
[2024-04-12T19:38:29.761+0800] {processor.py:840} INFO - DAG(s) 'example_python_operator' retrieved from /Users/wanghaojin/Desktop/exchange@NUS/IS3107/HW/Project/news_data_pipeline/.venv/lib/python3.11/site-packages/airflow/example_dags/example_python_operator.py
[2024-04-12T19:38:29.882+0800] {logging_mixin.py:188} INFO - [2024-04-12T19:38:29.881+0800] {dag.py:3036} INFO - Sync 1 DAGs
[2024-04-12T19:38:29.886+0800] {logging_mixin.py:188} INFO - [2024-04-12T19:38:29.886+0800] {dag.py:3823} INFO - Setting next_dagrun for example_python_operator to None, run_after=None
[2024-04-12T19:38:29.896+0800] {processor.py:183} INFO - Processing /Users/wanghaojin/Desktop/exchange@NUS/IS3107/HW/Project/news_data_pipeline/.venv/lib/python3.11/site-packages/airflow/example_dags/example_python_operator.py took 0.153 seconds
[2024-04-12T19:40:41.818+0800] {processor.py:161} INFO - Started process (PID=5146) to work on /Users/wanghaojin/Desktop/exchange@NUS/IS3107/HW/Project/news_data_pipeline/.venv/lib/python3.11/site-packages/airflow/example_dags/example_python_operator.py
[2024-04-12T19:40:41.818+0800] {processor.py:830} INFO - Processing file /Users/wanghaojin/Desktop/exchange@NUS/IS3107/HW/Project/news_data_pipeline/.venv/lib/python3.11/site-packages/airflow/example_dags/example_python_operator.py for tasks to queue
[2024-04-12T19:40:41.819+0800] {logging_mixin.py:188} INFO - [2024-04-12T19:40:41.819+0800] {dagbag.py:538} INFO - Filling up the DagBag from /Users/wanghaojin/Desktop/exchange@NUS/IS3107/HW/Project/news_data_pipeline/.venv/lib/python3.11/site-packages/airflow/example_dags/example_python_operator.py
[2024-04-12T19:40:41.834+0800] {processor.py:840} INFO - DAG(s) 'example_python_operator' retrieved from /Users/wanghaojin/Desktop/exchange@NUS/IS3107/HW/Project/news_data_pipeline/.venv/lib/python3.11/site-packages/airflow/example_dags/example_python_operator.py
[2024-04-12T19:40:41.954+0800] {logging_mixin.py:188} INFO - [2024-04-12T19:40:41.954+0800] {dag.py:3036} INFO - Sync 1 DAGs
[2024-04-12T19:40:41.958+0800] {logging_mixin.py:188} INFO - [2024-04-12T19:40:41.958+0800] {dag.py:3823} INFO - Setting next_dagrun for example_python_operator to None, run_after=None
[2024-04-12T19:40:41.969+0800] {processor.py:183} INFO - Processing /Users/wanghaojin/Desktop/exchange@NUS/IS3107/HW/Project/news_data_pipeline/.venv/lib/python3.11/site-packages/airflow/example_dags/example_python_operator.py took 0.151 seconds
[2024-04-12T19:42:58.536+0800] {processor.py:161} INFO - Started process (PID=5360) to work on /Users/wanghaojin/Desktop/exchange@NUS/IS3107/HW/Project/news_data_pipeline/.venv/lib/python3.11/site-packages/airflow/example_dags/example_python_operator.py
[2024-04-12T19:42:58.537+0800] {processor.py:830} INFO - Processing file /Users/wanghaojin/Desktop/exchange@NUS/IS3107/HW/Project/news_data_pipeline/.venv/lib/python3.11/site-packages/airflow/example_dags/example_python_operator.py for tasks to queue
[2024-04-12T19:42:58.537+0800] {logging_mixin.py:188} INFO - [2024-04-12T19:42:58.537+0800] {dagbag.py:538} INFO - Filling up the DagBag from /Users/wanghaojin/Desktop/exchange@NUS/IS3107/HW/Project/news_data_pipeline/.venv/lib/python3.11/site-packages/airflow/example_dags/example_python_operator.py
[2024-04-12T19:42:58.552+0800] {processor.py:840} INFO - DAG(s) 'example_python_operator' retrieved from /Users/wanghaojin/Desktop/exchange@NUS/IS3107/HW/Project/news_data_pipeline/.venv/lib/python3.11/site-packages/airflow/example_dags/example_python_operator.py
[2024-04-12T19:42:58.672+0800] {logging_mixin.py:188} INFO - [2024-04-12T19:42:58.671+0800] {dag.py:3036} INFO - Sync 1 DAGs
[2024-04-12T19:42:58.676+0800] {logging_mixin.py:188} INFO - [2024-04-12T19:42:58.676+0800] {dag.py:3823} INFO - Setting next_dagrun for example_python_operator to None, run_after=None
[2024-04-12T19:42:58.686+0800] {processor.py:183} INFO - Processing /Users/wanghaojin/Desktop/exchange@NUS/IS3107/HW/Project/news_data_pipeline/.venv/lib/python3.11/site-packages/airflow/example_dags/example_python_operator.py took 0.151 seconds
[2024-04-12T19:45:15.128+0800] {processor.py:161} INFO - Started process (PID=5591) to work on /Users/wanghaojin/Desktop/exchange@NUS/IS3107/HW/Project/news_data_pipeline/.venv/lib/python3.11/site-packages/airflow/example_dags/example_python_operator.py
[2024-04-12T19:45:15.130+0800] {processor.py:830} INFO - Processing file /Users/wanghaojin/Desktop/exchange@NUS/IS3107/HW/Project/news_data_pipeline/.venv/lib/python3.11/site-packages/airflow/example_dags/example_python_operator.py for tasks to queue
[2024-04-12T19:45:15.131+0800] {logging_mixin.py:188} INFO - [2024-04-12T19:45:15.131+0800] {dagbag.py:538} INFO - Filling up the DagBag from /Users/wanghaojin/Desktop/exchange@NUS/IS3107/HW/Project/news_data_pipeline/.venv/lib/python3.11/site-packages/airflow/example_dags/example_python_operator.py
[2024-04-12T19:45:15.147+0800] {processor.py:840} INFO - DAG(s) 'example_python_operator' retrieved from /Users/wanghaojin/Desktop/exchange@NUS/IS3107/HW/Project/news_data_pipeline/.venv/lib/python3.11/site-packages/airflow/example_dags/example_python_operator.py
[2024-04-12T19:45:15.289+0800] {logging_mixin.py:188} INFO - [2024-04-12T19:45:15.289+0800] {dag.py:3036} INFO - Sync 1 DAGs
[2024-04-12T19:45:15.294+0800] {logging_mixin.py:188} INFO - [2024-04-12T19:45:15.293+0800] {dag.py:3823} INFO - Setting next_dagrun for example_python_operator to None, run_after=None
[2024-04-12T19:45:15.304+0800] {processor.py:183} INFO - Processing /Users/wanghaojin/Desktop/exchange@NUS/IS3107/HW/Project/news_data_pipeline/.venv/lib/python3.11/site-packages/airflow/example_dags/example_python_operator.py took 0.176 seconds
[2024-04-12T19:47:30.616+0800] {processor.py:161} INFO - Started process (PID=5752) to work on /Users/wanghaojin/Desktop/exchange@NUS/IS3107/HW/Project/news_data_pipeline/.venv/lib/python3.11/site-packages/airflow/example_dags/example_python_operator.py
[2024-04-12T19:47:30.617+0800] {processor.py:830} INFO - Processing file /Users/wanghaojin/Desktop/exchange@NUS/IS3107/HW/Project/news_data_pipeline/.venv/lib/python3.11/site-packages/airflow/example_dags/example_python_operator.py for tasks to queue
[2024-04-12T19:47:30.617+0800] {logging_mixin.py:188} INFO - [2024-04-12T19:47:30.617+0800] {dagbag.py:538} INFO - Filling up the DagBag from /Users/wanghaojin/Desktop/exchange@NUS/IS3107/HW/Project/news_data_pipeline/.venv/lib/python3.11/site-packages/airflow/example_dags/example_python_operator.py
[2024-04-12T19:47:30.632+0800] {processor.py:840} INFO - DAG(s) 'example_python_operator' retrieved from /Users/wanghaojin/Desktop/exchange@NUS/IS3107/HW/Project/news_data_pipeline/.venv/lib/python3.11/site-packages/airflow/example_dags/example_python_operator.py
[2024-04-12T19:47:30.753+0800] {logging_mixin.py:188} INFO - [2024-04-12T19:47:30.753+0800] {dag.py:3036} INFO - Sync 1 DAGs
[2024-04-12T19:47:30.757+0800] {logging_mixin.py:188} INFO - [2024-04-12T19:47:30.757+0800] {dag.py:3823} INFO - Setting next_dagrun for example_python_operator to None, run_after=None
[2024-04-12T19:47:30.768+0800] {processor.py:183} INFO - Processing /Users/wanghaojin/Desktop/exchange@NUS/IS3107/HW/Project/news_data_pipeline/.venv/lib/python3.11/site-packages/airflow/example_dags/example_python_operator.py took 0.152 seconds
[2024-04-12T19:49:46.945+0800] {processor.py:161} INFO - Started process (PID=5969) to work on /Users/wanghaojin/Desktop/exchange@NUS/IS3107/HW/Project/news_data_pipeline/.venv/lib/python3.11/site-packages/airflow/example_dags/example_python_operator.py
[2024-04-12T19:49:46.945+0800] {processor.py:830} INFO - Processing file /Users/wanghaojin/Desktop/exchange@NUS/IS3107/HW/Project/news_data_pipeline/.venv/lib/python3.11/site-packages/airflow/example_dags/example_python_operator.py for tasks to queue
[2024-04-12T19:49:46.946+0800] {logging_mixin.py:188} INFO - [2024-04-12T19:49:46.946+0800] {dagbag.py:538} INFO - Filling up the DagBag from /Users/wanghaojin/Desktop/exchange@NUS/IS3107/HW/Project/news_data_pipeline/.venv/lib/python3.11/site-packages/airflow/example_dags/example_python_operator.py
[2024-04-12T19:49:46.961+0800] {processor.py:840} INFO - DAG(s) 'example_python_operator' retrieved from /Users/wanghaojin/Desktop/exchange@NUS/IS3107/HW/Project/news_data_pipeline/.venv/lib/python3.11/site-packages/airflow/example_dags/example_python_operator.py
[2024-04-12T19:49:47.082+0800] {logging_mixin.py:188} INFO - [2024-04-12T19:49:47.082+0800] {dag.py:3036} INFO - Sync 1 DAGs
[2024-04-12T19:49:47.086+0800] {logging_mixin.py:188} INFO - [2024-04-12T19:49:47.086+0800] {dag.py:3823} INFO - Setting next_dagrun for example_python_operator to None, run_after=None
[2024-04-12T19:49:47.097+0800] {processor.py:183} INFO - Processing /Users/wanghaojin/Desktop/exchange@NUS/IS3107/HW/Project/news_data_pipeline/.venv/lib/python3.11/site-packages/airflow/example_dags/example_python_operator.py took 0.152 seconds
[2024-04-12T19:52:02.059+0800] {processor.py:161} INFO - Started process (PID=6164) to work on /Users/wanghaojin/Desktop/exchange@NUS/IS3107/HW/Project/news_data_pipeline/.venv/lib/python3.11/site-packages/airflow/example_dags/example_python_operator.py
[2024-04-12T19:52:02.059+0800] {processor.py:830} INFO - Processing file /Users/wanghaojin/Desktop/exchange@NUS/IS3107/HW/Project/news_data_pipeline/.venv/lib/python3.11/site-packages/airflow/example_dags/example_python_operator.py for tasks to queue
[2024-04-12T19:52:02.060+0800] {logging_mixin.py:188} INFO - [2024-04-12T19:52:02.060+0800] {dagbag.py:538} INFO - Filling up the DagBag from /Users/wanghaojin/Desktop/exchange@NUS/IS3107/HW/Project/news_data_pipeline/.venv/lib/python3.11/site-packages/airflow/example_dags/example_python_operator.py
[2024-04-12T19:52:02.075+0800] {processor.py:840} INFO - DAG(s) 'example_python_operator' retrieved from /Users/wanghaojin/Desktop/exchange@NUS/IS3107/HW/Project/news_data_pipeline/.venv/lib/python3.11/site-packages/airflow/example_dags/example_python_operator.py
[2024-04-12T19:52:02.196+0800] {logging_mixin.py:188} INFO - [2024-04-12T19:52:02.196+0800] {dag.py:3036} INFO - Sync 1 DAGs
[2024-04-12T19:52:02.200+0800] {logging_mixin.py:188} INFO - [2024-04-12T19:52:02.200+0800] {dag.py:3823} INFO - Setting next_dagrun for example_python_operator to None, run_after=None
[2024-04-12T19:52:02.211+0800] {processor.py:183} INFO - Processing /Users/wanghaojin/Desktop/exchange@NUS/IS3107/HW/Project/news_data_pipeline/.venv/lib/python3.11/site-packages/airflow/example_dags/example_python_operator.py took 0.152 seconds
[2024-04-12T19:54:16.874+0800] {processor.py:161} INFO - Started process (PID=6298) to work on /Users/wanghaojin/Desktop/exchange@NUS/IS3107/HW/Project/news_data_pipeline/.venv/lib/python3.11/site-packages/airflow/example_dags/example_python_operator.py
[2024-04-12T19:54:16.874+0800] {processor.py:830} INFO - Processing file /Users/wanghaojin/Desktop/exchange@NUS/IS3107/HW/Project/news_data_pipeline/.venv/lib/python3.11/site-packages/airflow/example_dags/example_python_operator.py for tasks to queue
[2024-04-12T19:54:16.874+0800] {logging_mixin.py:188} INFO - [2024-04-12T19:54:16.874+0800] {dagbag.py:538} INFO - Filling up the DagBag from /Users/wanghaojin/Desktop/exchange@NUS/IS3107/HW/Project/news_data_pipeline/.venv/lib/python3.11/site-packages/airflow/example_dags/example_python_operator.py
[2024-04-12T19:54:16.890+0800] {processor.py:840} INFO - DAG(s) 'example_python_operator' retrieved from /Users/wanghaojin/Desktop/exchange@NUS/IS3107/HW/Project/news_data_pipeline/.venv/lib/python3.11/site-packages/airflow/example_dags/example_python_operator.py
[2024-04-12T19:54:17.010+0800] {logging_mixin.py:188} INFO - [2024-04-12T19:54:17.010+0800] {dag.py:3036} INFO - Sync 1 DAGs
[2024-04-12T19:54:17.014+0800] {logging_mixin.py:188} INFO - [2024-04-12T19:54:17.014+0800] {dag.py:3823} INFO - Setting next_dagrun for example_python_operator to None, run_after=None
[2024-04-12T19:54:17.025+0800] {processor.py:183} INFO - Processing /Users/wanghaojin/Desktop/exchange@NUS/IS3107/HW/Project/news_data_pipeline/.venv/lib/python3.11/site-packages/airflow/example_dags/example_python_operator.py took 0.152 seconds
[2024-04-12T19:56:32.276+0800] {processor.py:161} INFO - Started process (PID=6474) to work on /Users/wanghaojin/Desktop/exchange@NUS/IS3107/HW/Project/news_data_pipeline/.venv/lib/python3.11/site-packages/airflow/example_dags/example_python_operator.py
[2024-04-12T19:56:32.277+0800] {processor.py:830} INFO - Processing file /Users/wanghaojin/Desktop/exchange@NUS/IS3107/HW/Project/news_data_pipeline/.venv/lib/python3.11/site-packages/airflow/example_dags/example_python_operator.py for tasks to queue
[2024-04-12T19:56:32.278+0800] {logging_mixin.py:188} INFO - [2024-04-12T19:56:32.278+0800] {dagbag.py:538} INFO - Filling up the DagBag from /Users/wanghaojin/Desktop/exchange@NUS/IS3107/HW/Project/news_data_pipeline/.venv/lib/python3.11/site-packages/airflow/example_dags/example_python_operator.py
[2024-04-12T19:56:32.293+0800] {processor.py:840} INFO - DAG(s) 'example_python_operator' retrieved from /Users/wanghaojin/Desktop/exchange@NUS/IS3107/HW/Project/news_data_pipeline/.venv/lib/python3.11/site-packages/airflow/example_dags/example_python_operator.py
[2024-04-12T19:56:32.414+0800] {logging_mixin.py:188} INFO - [2024-04-12T19:56:32.414+0800] {dag.py:3036} INFO - Sync 1 DAGs
[2024-04-12T19:56:32.418+0800] {logging_mixin.py:188} INFO - [2024-04-12T19:56:32.418+0800] {dag.py:3823} INFO - Setting next_dagrun for example_python_operator to None, run_after=None
[2024-04-12T19:56:32.429+0800] {processor.py:183} INFO - Processing /Users/wanghaojin/Desktop/exchange@NUS/IS3107/HW/Project/news_data_pipeline/.venv/lib/python3.11/site-packages/airflow/example_dags/example_python_operator.py took 0.153 seconds
[2024-04-12T19:58:44.217+0800] {processor.py:161} INFO - Started process (PID=6600) to work on /Users/wanghaojin/Desktop/exchange@NUS/IS3107/HW/Project/news_data_pipeline/.venv/lib/python3.11/site-packages/airflow/example_dags/example_python_operator.py
[2024-04-12T19:58:44.219+0800] {processor.py:830} INFO - Processing file /Users/wanghaojin/Desktop/exchange@NUS/IS3107/HW/Project/news_data_pipeline/.venv/lib/python3.11/site-packages/airflow/example_dags/example_python_operator.py for tasks to queue
[2024-04-12T19:58:44.219+0800] {logging_mixin.py:188} INFO - [2024-04-12T19:58:44.219+0800] {dagbag.py:538} INFO - Filling up the DagBag from /Users/wanghaojin/Desktop/exchange@NUS/IS3107/HW/Project/news_data_pipeline/.venv/lib/python3.11/site-packages/airflow/example_dags/example_python_operator.py
[2024-04-12T19:58:44.234+0800] {processor.py:840} INFO - DAG(s) 'example_python_operator' retrieved from /Users/wanghaojin/Desktop/exchange@NUS/IS3107/HW/Project/news_data_pipeline/.venv/lib/python3.11/site-packages/airflow/example_dags/example_python_operator.py
[2024-04-12T19:58:44.355+0800] {logging_mixin.py:188} INFO - [2024-04-12T19:58:44.354+0800] {dag.py:3036} INFO - Sync 1 DAGs
[2024-04-12T19:58:44.359+0800] {logging_mixin.py:188} INFO - [2024-04-12T19:58:44.359+0800] {dag.py:3823} INFO - Setting next_dagrun for example_python_operator to None, run_after=None
[2024-04-12T19:58:44.369+0800] {processor.py:183} INFO - Processing /Users/wanghaojin/Desktop/exchange@NUS/IS3107/HW/Project/news_data_pipeline/.venv/lib/python3.11/site-packages/airflow/example_dags/example_python_operator.py took 0.152 seconds
[2024-04-12T20:01:00.423+0800] {processor.py:161} INFO - Started process (PID=6774) to work on /Users/wanghaojin/Desktop/exchange@NUS/IS3107/HW/Project/news_data_pipeline/.venv/lib/python3.11/site-packages/airflow/example_dags/example_python_operator.py
[2024-04-12T20:01:00.423+0800] {processor.py:830} INFO - Processing file /Users/wanghaojin/Desktop/exchange@NUS/IS3107/HW/Project/news_data_pipeline/.venv/lib/python3.11/site-packages/airflow/example_dags/example_python_operator.py for tasks to queue
[2024-04-12T20:01:00.423+0800] {logging_mixin.py:188} INFO - [2024-04-12T20:01:00.423+0800] {dagbag.py:538} INFO - Filling up the DagBag from /Users/wanghaojin/Desktop/exchange@NUS/IS3107/HW/Project/news_data_pipeline/.venv/lib/python3.11/site-packages/airflow/example_dags/example_python_operator.py
[2024-04-12T20:01:00.439+0800] {processor.py:840} INFO - DAG(s) 'example_python_operator' retrieved from /Users/wanghaojin/Desktop/exchange@NUS/IS3107/HW/Project/news_data_pipeline/.venv/lib/python3.11/site-packages/airflow/example_dags/example_python_operator.py
[2024-04-12T20:01:00.559+0800] {logging_mixin.py:188} INFO - [2024-04-12T20:01:00.559+0800] {dag.py:3036} INFO - Sync 1 DAGs
[2024-04-12T20:01:00.564+0800] {logging_mixin.py:188} INFO - [2024-04-12T20:01:00.563+0800] {dag.py:3823} INFO - Setting next_dagrun for example_python_operator to None, run_after=None
[2024-04-12T20:01:00.574+0800] {processor.py:183} INFO - Processing /Users/wanghaojin/Desktop/exchange@NUS/IS3107/HW/Project/news_data_pipeline/.venv/lib/python3.11/site-packages/airflow/example_dags/example_python_operator.py took 0.152 seconds
[2024-04-12T20:03:21.935+0800] {processor.py:161} INFO - Started process (PID=7078) to work on /Users/wanghaojin/Desktop/exchange@NUS/IS3107/HW/Project/news_data_pipeline/.venv/lib/python3.11/site-packages/airflow/example_dags/example_python_operator.py
[2024-04-12T20:03:21.936+0800] {processor.py:830} INFO - Processing file /Users/wanghaojin/Desktop/exchange@NUS/IS3107/HW/Project/news_data_pipeline/.venv/lib/python3.11/site-packages/airflow/example_dags/example_python_operator.py for tasks to queue
[2024-04-12T20:03:21.937+0800] {logging_mixin.py:188} INFO - [2024-04-12T20:03:21.937+0800] {dagbag.py:538} INFO - Filling up the DagBag from /Users/wanghaojin/Desktop/exchange@NUS/IS3107/HW/Project/news_data_pipeline/.venv/lib/python3.11/site-packages/airflow/example_dags/example_python_operator.py
[2024-04-12T20:03:21.953+0800] {processor.py:840} INFO - DAG(s) 'example_python_operator' retrieved from /Users/wanghaojin/Desktop/exchange@NUS/IS3107/HW/Project/news_data_pipeline/.venv/lib/python3.11/site-packages/airflow/example_dags/example_python_operator.py
[2024-04-12T20:03:22.095+0800] {logging_mixin.py:188} INFO - [2024-04-12T20:03:22.095+0800] {dag.py:3036} INFO - Sync 1 DAGs
[2024-04-12T20:03:22.100+0800] {logging_mixin.py:188} INFO - [2024-04-12T20:03:22.099+0800] {dag.py:3823} INFO - Setting next_dagrun for example_python_operator to None, run_after=None
[2024-04-12T20:03:22.110+0800] {processor.py:183} INFO - Processing /Users/wanghaojin/Desktop/exchange@NUS/IS3107/HW/Project/news_data_pipeline/.venv/lib/python3.11/site-packages/airflow/example_dags/example_python_operator.py took 0.176 seconds
[2024-04-12T20:05:38.479+0800] {processor.py:161} INFO - Started process (PID=7274) to work on /Users/wanghaojin/Desktop/exchange@NUS/IS3107/HW/Project/news_data_pipeline/.venv/lib/python3.11/site-packages/airflow/example_dags/example_python_operator.py
[2024-04-12T20:05:38.480+0800] {processor.py:830} INFO - Processing file /Users/wanghaojin/Desktop/exchange@NUS/IS3107/HW/Project/news_data_pipeline/.venv/lib/python3.11/site-packages/airflow/example_dags/example_python_operator.py for tasks to queue
[2024-04-12T20:05:38.480+0800] {logging_mixin.py:188} INFO - [2024-04-12T20:05:38.480+0800] {dagbag.py:538} INFO - Filling up the DagBag from /Users/wanghaojin/Desktop/exchange@NUS/IS3107/HW/Project/news_data_pipeline/.venv/lib/python3.11/site-packages/airflow/example_dags/example_python_operator.py
[2024-04-12T20:05:38.496+0800] {processor.py:840} INFO - DAG(s) 'example_python_operator' retrieved from /Users/wanghaojin/Desktop/exchange@NUS/IS3107/HW/Project/news_data_pipeline/.venv/lib/python3.11/site-packages/airflow/example_dags/example_python_operator.py
[2024-04-12T20:05:38.617+0800] {logging_mixin.py:188} INFO - [2024-04-12T20:05:38.617+0800] {dag.py:3036} INFO - Sync 1 DAGs
[2024-04-12T20:05:38.622+0800] {logging_mixin.py:188} INFO - [2024-04-12T20:05:38.622+0800] {dag.py:3823} INFO - Setting next_dagrun for example_python_operator to None, run_after=None
[2024-04-12T20:05:38.632+0800] {processor.py:183} INFO - Processing /Users/wanghaojin/Desktop/exchange@NUS/IS3107/HW/Project/news_data_pipeline/.venv/lib/python3.11/site-packages/airflow/example_dags/example_python_operator.py took 0.154 seconds
[2024-04-12T20:07:55.689+0800] {processor.py:161} INFO - Started process (PID=7496) to work on /Users/wanghaojin/Desktop/exchange@NUS/IS3107/HW/Project/news_data_pipeline/.venv/lib/python3.11/site-packages/airflow/example_dags/example_python_operator.py
[2024-04-12T20:07:55.690+0800] {processor.py:830} INFO - Processing file /Users/wanghaojin/Desktop/exchange@NUS/IS3107/HW/Project/news_data_pipeline/.venv/lib/python3.11/site-packages/airflow/example_dags/example_python_operator.py for tasks to queue
[2024-04-12T20:07:55.690+0800] {logging_mixin.py:188} INFO - [2024-04-12T20:07:55.690+0800] {dagbag.py:538} INFO - Filling up the DagBag from /Users/wanghaojin/Desktop/exchange@NUS/IS3107/HW/Project/news_data_pipeline/.venv/lib/python3.11/site-packages/airflow/example_dags/example_python_operator.py
[2024-04-12T20:07:55.706+0800] {processor.py:840} INFO - DAG(s) 'example_python_operator' retrieved from /Users/wanghaojin/Desktop/exchange@NUS/IS3107/HW/Project/news_data_pipeline/.venv/lib/python3.11/site-packages/airflow/example_dags/example_python_operator.py
[2024-04-12T20:07:55.838+0800] {logging_mixin.py:188} INFO - [2024-04-12T20:07:55.838+0800] {dag.py:3036} INFO - Sync 1 DAGs
[2024-04-12T20:07:55.842+0800] {logging_mixin.py:188} INFO - [2024-04-12T20:07:55.842+0800] {dag.py:3823} INFO - Setting next_dagrun for example_python_operator to None, run_after=None
[2024-04-12T20:07:55.853+0800] {processor.py:183} INFO - Processing /Users/wanghaojin/Desktop/exchange@NUS/IS3107/HW/Project/news_data_pipeline/.venv/lib/python3.11/site-packages/airflow/example_dags/example_python_operator.py took 0.165 seconds
[2024-04-12T20:10:12.602+0800] {processor.py:161} INFO - Started process (PID=7669) to work on /Users/wanghaojin/Desktop/exchange@NUS/IS3107/HW/Project/news_data_pipeline/.venv/lib/python3.11/site-packages/airflow/example_dags/example_python_operator.py
[2024-04-12T20:10:12.603+0800] {processor.py:830} INFO - Processing file /Users/wanghaojin/Desktop/exchange@NUS/IS3107/HW/Project/news_data_pipeline/.venv/lib/python3.11/site-packages/airflow/example_dags/example_python_operator.py for tasks to queue
[2024-04-12T20:10:12.603+0800] {logging_mixin.py:188} INFO - [2024-04-12T20:10:12.603+0800] {dagbag.py:538} INFO - Filling up the DagBag from /Users/wanghaojin/Desktop/exchange@NUS/IS3107/HW/Project/news_data_pipeline/.venv/lib/python3.11/site-packages/airflow/example_dags/example_python_operator.py
[2024-04-12T20:10:12.619+0800] {processor.py:840} INFO - DAG(s) 'example_python_operator' retrieved from /Users/wanghaojin/Desktop/exchange@NUS/IS3107/HW/Project/news_data_pipeline/.venv/lib/python3.11/site-packages/airflow/example_dags/example_python_operator.py
[2024-04-12T20:10:12.738+0800] {logging_mixin.py:188} INFO - [2024-04-12T20:10:12.738+0800] {dag.py:3036} INFO - Sync 1 DAGs
[2024-04-12T20:10:12.743+0800] {logging_mixin.py:188} INFO - [2024-04-12T20:10:12.743+0800] {dag.py:3823} INFO - Setting next_dagrun for example_python_operator to None, run_after=None
[2024-04-12T20:10:12.753+0800] {processor.py:183} INFO - Processing /Users/wanghaojin/Desktop/exchange@NUS/IS3107/HW/Project/news_data_pipeline/.venv/lib/python3.11/site-packages/airflow/example_dags/example_python_operator.py took 0.152 seconds
[2024-04-12T20:12:30.574+0800] {processor.py:161} INFO - Started process (PID=7909) to work on /Users/wanghaojin/Desktop/exchange@NUS/IS3107/HW/Project/news_data_pipeline/.venv/lib/python3.11/site-packages/airflow/example_dags/example_python_operator.py
[2024-04-12T20:12:30.576+0800] {processor.py:830} INFO - Processing file /Users/wanghaojin/Desktop/exchange@NUS/IS3107/HW/Project/news_data_pipeline/.venv/lib/python3.11/site-packages/airflow/example_dags/example_python_operator.py for tasks to queue
[2024-04-12T20:12:30.577+0800] {logging_mixin.py:188} INFO - [2024-04-12T20:12:30.577+0800] {dagbag.py:538} INFO - Filling up the DagBag from /Users/wanghaojin/Desktop/exchange@NUS/IS3107/HW/Project/news_data_pipeline/.venv/lib/python3.11/site-packages/airflow/example_dags/example_python_operator.py
[2024-04-12T20:12:30.593+0800] {processor.py:840} INFO - DAG(s) 'example_python_operator' retrieved from /Users/wanghaojin/Desktop/exchange@NUS/IS3107/HW/Project/news_data_pipeline/.venv/lib/python3.11/site-packages/airflow/example_dags/example_python_operator.py
[2024-04-12T20:12:30.741+0800] {logging_mixin.py:188} INFO - [2024-04-12T20:12:30.741+0800] {dag.py:3036} INFO - Sync 1 DAGs
[2024-04-12T20:12:30.745+0800] {logging_mixin.py:188} INFO - [2024-04-12T20:12:30.745+0800] {dag.py:3823} INFO - Setting next_dagrun for example_python_operator to None, run_after=None
[2024-04-12T20:12:30.755+0800] {processor.py:183} INFO - Processing /Users/wanghaojin/Desktop/exchange@NUS/IS3107/HW/Project/news_data_pipeline/.venv/lib/python3.11/site-packages/airflow/example_dags/example_python_operator.py took 0.182 seconds
[2024-04-12T20:14:47.026+0800] {processor.py:161} INFO - Started process (PID=8137) to work on /Users/wanghaojin/Desktop/exchange@NUS/IS3107/HW/Project/news_data_pipeline/.venv/lib/python3.11/site-packages/airflow/example_dags/example_python_operator.py
[2024-04-12T20:14:47.028+0800] {processor.py:830} INFO - Processing file /Users/wanghaojin/Desktop/exchange@NUS/IS3107/HW/Project/news_data_pipeline/.venv/lib/python3.11/site-packages/airflow/example_dags/example_python_operator.py for tasks to queue
[2024-04-12T20:14:47.028+0800] {logging_mixin.py:188} INFO - [2024-04-12T20:14:47.028+0800] {dagbag.py:538} INFO - Filling up the DagBag from /Users/wanghaojin/Desktop/exchange@NUS/IS3107/HW/Project/news_data_pipeline/.venv/lib/python3.11/site-packages/airflow/example_dags/example_python_operator.py
[2024-04-12T20:14:47.044+0800] {processor.py:840} INFO - DAG(s) 'example_python_operator' retrieved from /Users/wanghaojin/Desktop/exchange@NUS/IS3107/HW/Project/news_data_pipeline/.venv/lib/python3.11/site-packages/airflow/example_dags/example_python_operator.py
[2024-04-12T20:14:47.167+0800] {logging_mixin.py:188} INFO - [2024-04-12T20:14:47.167+0800] {dag.py:3036} INFO - Sync 1 DAGs
[2024-04-12T20:14:47.172+0800] {logging_mixin.py:188} INFO - [2024-04-12T20:14:47.172+0800] {dag.py:3823} INFO - Setting next_dagrun for example_python_operator to None, run_after=None
[2024-04-12T20:14:47.182+0800] {processor.py:183} INFO - Processing /Users/wanghaojin/Desktop/exchange@NUS/IS3107/HW/Project/news_data_pipeline/.venv/lib/python3.11/site-packages/airflow/example_dags/example_python_operator.py took 0.157 seconds
[2024-04-12T20:17:05.384+0800] {processor.py:161} INFO - Started process (PID=8430) to work on /Users/wanghaojin/Desktop/exchange@NUS/IS3107/HW/Project/news_data_pipeline/.venv/lib/python3.11/site-packages/airflow/example_dags/example_python_operator.py
[2024-04-12T20:17:05.385+0800] {processor.py:830} INFO - Processing file /Users/wanghaojin/Desktop/exchange@NUS/IS3107/HW/Project/news_data_pipeline/.venv/lib/python3.11/site-packages/airflow/example_dags/example_python_operator.py for tasks to queue
[2024-04-12T20:17:05.386+0800] {logging_mixin.py:188} INFO - [2024-04-12T20:17:05.386+0800] {dagbag.py:538} INFO - Filling up the DagBag from /Users/wanghaojin/Desktop/exchange@NUS/IS3107/HW/Project/news_data_pipeline/.venv/lib/python3.11/site-packages/airflow/example_dags/example_python_operator.py
[2024-04-12T20:17:05.402+0800] {processor.py:840} INFO - DAG(s) 'example_python_operator' retrieved from /Users/wanghaojin/Desktop/exchange@NUS/IS3107/HW/Project/news_data_pipeline/.venv/lib/python3.11/site-packages/airflow/example_dags/example_python_operator.py
[2024-04-12T20:17:05.528+0800] {logging_mixin.py:188} INFO - [2024-04-12T20:17:05.528+0800] {dag.py:3036} INFO - Sync 1 DAGs
[2024-04-12T20:17:05.533+0800] {logging_mixin.py:188} INFO - [2024-04-12T20:17:05.533+0800] {dag.py:3823} INFO - Setting next_dagrun for example_python_operator to None, run_after=None
[2024-04-12T20:17:05.544+0800] {processor.py:183} INFO - Processing /Users/wanghaojin/Desktop/exchange@NUS/IS3107/HW/Project/news_data_pipeline/.venv/lib/python3.11/site-packages/airflow/example_dags/example_python_operator.py took 0.160 seconds
[2024-04-12T20:19:06.373+0800] {processor.py:161} INFO - Started process (PID=8729) to work on /Users/wanghaojin/Desktop/exchange@NUS/IS3107/HW/Project/news_data_pipeline/.venv/lib/python3.11/site-packages/airflow/example_dags/example_python_operator.py
[2024-04-12T20:19:06.375+0800] {processor.py:830} INFO - Processing file /Users/wanghaojin/Desktop/exchange@NUS/IS3107/HW/Project/news_data_pipeline/.venv/lib/python3.11/site-packages/airflow/example_dags/example_python_operator.py for tasks to queue
[2024-04-12T20:19:06.375+0800] {logging_mixin.py:188} INFO - [2024-04-12T20:19:06.375+0800] {dagbag.py:538} INFO - Filling up the DagBag from /Users/wanghaojin/Desktop/exchange@NUS/IS3107/HW/Project/news_data_pipeline/.venv/lib/python3.11/site-packages/airflow/example_dags/example_python_operator.py
[2024-04-12T20:19:06.390+0800] {processor.py:840} INFO - DAG(s) 'example_python_operator' retrieved from /Users/wanghaojin/Desktop/exchange@NUS/IS3107/HW/Project/news_data_pipeline/.venv/lib/python3.11/site-packages/airflow/example_dags/example_python_operator.py
[2024-04-12T20:19:06.511+0800] {logging_mixin.py:188} INFO - [2024-04-12T20:19:06.511+0800] {dag.py:3036} INFO - Sync 1 DAGs
[2024-04-12T20:19:06.516+0800] {logging_mixin.py:188} INFO - [2024-04-12T20:19:06.516+0800] {dag.py:3823} INFO - Setting next_dagrun for example_python_operator to None, run_after=None
[2024-04-12T20:19:06.526+0800] {processor.py:183} INFO - Processing /Users/wanghaojin/Desktop/exchange@NUS/IS3107/HW/Project/news_data_pipeline/.venv/lib/python3.11/site-packages/airflow/example_dags/example_python_operator.py took 0.153 seconds
[2024-04-12T20:21:25.850+0800] {processor.py:161} INFO - Started process (PID=8929) to work on /Users/wanghaojin/Desktop/exchange@NUS/IS3107/HW/Project/news_data_pipeline/.venv/lib/python3.11/site-packages/airflow/example_dags/example_python_operator.py
[2024-04-12T20:21:25.851+0800] {processor.py:830} INFO - Processing file /Users/wanghaojin/Desktop/exchange@NUS/IS3107/HW/Project/news_data_pipeline/.venv/lib/python3.11/site-packages/airflow/example_dags/example_python_operator.py for tasks to queue
[2024-04-12T20:21:25.852+0800] {logging_mixin.py:188} INFO - [2024-04-12T20:21:25.852+0800] {dagbag.py:538} INFO - Filling up the DagBag from /Users/wanghaojin/Desktop/exchange@NUS/IS3107/HW/Project/news_data_pipeline/.venv/lib/python3.11/site-packages/airflow/example_dags/example_python_operator.py
[2024-04-12T20:21:25.867+0800] {processor.py:840} INFO - DAG(s) 'example_python_operator' retrieved from /Users/wanghaojin/Desktop/exchange@NUS/IS3107/HW/Project/news_data_pipeline/.venv/lib/python3.11/site-packages/airflow/example_dags/example_python_operator.py
[2024-04-12T20:21:25.986+0800] {logging_mixin.py:188} INFO - [2024-04-12T20:21:25.986+0800] {dag.py:3036} INFO - Sync 1 DAGs
[2024-04-12T20:21:25.991+0800] {logging_mixin.py:188} INFO - [2024-04-12T20:21:25.991+0800] {dag.py:3823} INFO - Setting next_dagrun for example_python_operator to None, run_after=None
[2024-04-12T20:21:26.001+0800] {processor.py:183} INFO - Processing /Users/wanghaojin/Desktop/exchange@NUS/IS3107/HW/Project/news_data_pipeline/.venv/lib/python3.11/site-packages/airflow/example_dags/example_python_operator.py took 0.152 seconds
[2024-04-12T20:23:04.496+0800] {processor.py:161} INFO - Started process (PID=9022) to work on /Users/wanghaojin/Desktop/exchange@NUS/IS3107/HW/Project/news_data_pipeline/.venv/lib/python3.11/site-packages/airflow/example_dags/example_python_operator.py
[2024-04-12T20:23:04.497+0800] {processor.py:830} INFO - Processing file /Users/wanghaojin/Desktop/exchange@NUS/IS3107/HW/Project/news_data_pipeline/.venv/lib/python3.11/site-packages/airflow/example_dags/example_python_operator.py for tasks to queue
[2024-04-12T20:23:04.497+0800] {logging_mixin.py:188} INFO - [2024-04-12T20:23:04.497+0800] {dagbag.py:538} INFO - Filling up the DagBag from /Users/wanghaojin/Desktop/exchange@NUS/IS3107/HW/Project/news_data_pipeline/.venv/lib/python3.11/site-packages/airflow/example_dags/example_python_operator.py
[2024-04-12T20:23:04.512+0800] {processor.py:840} INFO - DAG(s) 'example_python_operator' retrieved from /Users/wanghaojin/Desktop/exchange@NUS/IS3107/HW/Project/news_data_pipeline/.venv/lib/python3.11/site-packages/airflow/example_dags/example_python_operator.py
[2024-04-12T20:23:04.632+0800] {logging_mixin.py:188} INFO - [2024-04-12T20:23:04.632+0800] {dag.py:3036} INFO - Sync 1 DAGs
[2024-04-12T20:23:04.637+0800] {logging_mixin.py:188} INFO - [2024-04-12T20:23:04.637+0800] {dag.py:3823} INFO - Setting next_dagrun for example_python_operator to None, run_after=None
[2024-04-12T20:23:04.647+0800] {processor.py:183} INFO - Processing /Users/wanghaojin/Desktop/exchange@NUS/IS3107/HW/Project/news_data_pipeline/.venv/lib/python3.11/site-packages/airflow/example_dags/example_python_operator.py took 0.152 seconds
[2024-04-12T20:25:37.931+0800] {processor.py:161} INFO - Started process (PID=9265) to work on /Users/wanghaojin/Desktop/exchange@NUS/IS3107/HW/Project/news_data_pipeline/.venv/lib/python3.11/site-packages/airflow/example_dags/example_python_operator.py
[2024-04-12T20:25:37.932+0800] {processor.py:830} INFO - Processing file /Users/wanghaojin/Desktop/exchange@NUS/IS3107/HW/Project/news_data_pipeline/.venv/lib/python3.11/site-packages/airflow/example_dags/example_python_operator.py for tasks to queue
[2024-04-12T20:25:37.933+0800] {logging_mixin.py:188} INFO - [2024-04-12T20:25:37.932+0800] {dagbag.py:538} INFO - Filling up the DagBag from /Users/wanghaojin/Desktop/exchange@NUS/IS3107/HW/Project/news_data_pipeline/.venv/lib/python3.11/site-packages/airflow/example_dags/example_python_operator.py
[2024-04-12T20:25:37.948+0800] {processor.py:840} INFO - DAG(s) 'example_python_operator' retrieved from /Users/wanghaojin/Desktop/exchange@NUS/IS3107/HW/Project/news_data_pipeline/.venv/lib/python3.11/site-packages/airflow/example_dags/example_python_operator.py
[2024-04-12T20:25:38.068+0800] {logging_mixin.py:188} INFO - [2024-04-12T20:25:38.067+0800] {dag.py:3036} INFO - Sync 1 DAGs
[2024-04-12T20:25:38.072+0800] {logging_mixin.py:188} INFO - [2024-04-12T20:25:38.072+0800] {dag.py:3823} INFO - Setting next_dagrun for example_python_operator to None, run_after=None
[2024-04-12T20:25:38.082+0800] {processor.py:183} INFO - Processing /Users/wanghaojin/Desktop/exchange@NUS/IS3107/HW/Project/news_data_pipeline/.venv/lib/python3.11/site-packages/airflow/example_dags/example_python_operator.py took 0.152 seconds
[2024-04-12T20:27:57.362+0800] {processor.py:161} INFO - Started process (PID=9522) to work on /Users/wanghaojin/Desktop/exchange@NUS/IS3107/HW/Project/news_data_pipeline/.venv/lib/python3.11/site-packages/airflow/example_dags/example_python_operator.py
[2024-04-12T20:27:57.363+0800] {processor.py:830} INFO - Processing file /Users/wanghaojin/Desktop/exchange@NUS/IS3107/HW/Project/news_data_pipeline/.venv/lib/python3.11/site-packages/airflow/example_dags/example_python_operator.py for tasks to queue
[2024-04-12T20:27:57.363+0800] {logging_mixin.py:188} INFO - [2024-04-12T20:27:57.363+0800] {dagbag.py:538} INFO - Filling up the DagBag from /Users/wanghaojin/Desktop/exchange@NUS/IS3107/HW/Project/news_data_pipeline/.venv/lib/python3.11/site-packages/airflow/example_dags/example_python_operator.py
[2024-04-12T20:27:57.379+0800] {processor.py:840} INFO - DAG(s) 'example_python_operator' retrieved from /Users/wanghaojin/Desktop/exchange@NUS/IS3107/HW/Project/news_data_pipeline/.venv/lib/python3.11/site-packages/airflow/example_dags/example_python_operator.py
[2024-04-12T20:27:57.516+0800] {logging_mixin.py:188} INFO - [2024-04-12T20:27:57.516+0800] {dag.py:3036} INFO - Sync 1 DAGs
[2024-04-12T20:27:57.521+0800] {logging_mixin.py:188} INFO - [2024-04-12T20:27:57.521+0800] {dag.py:3823} INFO - Setting next_dagrun for example_python_operator to None, run_after=None
[2024-04-12T20:27:57.531+0800] {processor.py:183} INFO - Processing /Users/wanghaojin/Desktop/exchange@NUS/IS3107/HW/Project/news_data_pipeline/.venv/lib/python3.11/site-packages/airflow/example_dags/example_python_operator.py took 0.169 seconds
[2024-04-12T20:30:11.050+0800] {processor.py:161} INFO - Started process (PID=9813) to work on /Users/wanghaojin/Desktop/exchange@NUS/IS3107/HW/Project/news_data_pipeline/.venv/lib/python3.11/site-packages/airflow/example_dags/example_python_operator.py
[2024-04-12T20:30:11.052+0800] {processor.py:830} INFO - Processing file /Users/wanghaojin/Desktop/exchange@NUS/IS3107/HW/Project/news_data_pipeline/.venv/lib/python3.11/site-packages/airflow/example_dags/example_python_operator.py for tasks to queue
[2024-04-12T20:30:11.052+0800] {logging_mixin.py:188} INFO - [2024-04-12T20:30:11.052+0800] {dagbag.py:538} INFO - Filling up the DagBag from /Users/wanghaojin/Desktop/exchange@NUS/IS3107/HW/Project/news_data_pipeline/.venv/lib/python3.11/site-packages/airflow/example_dags/example_python_operator.py
[2024-04-12T20:30:11.068+0800] {processor.py:840} INFO - DAG(s) 'example_python_operator' retrieved from /Users/wanghaojin/Desktop/exchange@NUS/IS3107/HW/Project/news_data_pipeline/.venv/lib/python3.11/site-packages/airflow/example_dags/example_python_operator.py
[2024-04-12T20:30:11.195+0800] {logging_mixin.py:188} INFO - [2024-04-12T20:30:11.195+0800] {dag.py:3036} INFO - Sync 1 DAGs
[2024-04-12T20:30:11.200+0800] {logging_mixin.py:188} INFO - [2024-04-12T20:30:11.200+0800] {dag.py:3823} INFO - Setting next_dagrun for example_python_operator to None, run_after=None
[2024-04-12T20:30:11.211+0800] {processor.py:183} INFO - Processing /Users/wanghaojin/Desktop/exchange@NUS/IS3107/HW/Project/news_data_pipeline/.venv/lib/python3.11/site-packages/airflow/example_dags/example_python_operator.py took 0.161 seconds
[2024-04-12T20:31:50.671+0800] {processor.py:161} INFO - Started process (PID=9953) to work on /Users/wanghaojin/Desktop/exchange@NUS/IS3107/HW/Project/news_data_pipeline/.venv/lib/python3.11/site-packages/airflow/example_dags/example_python_operator.py
[2024-04-12T20:31:50.672+0800] {processor.py:830} INFO - Processing file /Users/wanghaojin/Desktop/exchange@NUS/IS3107/HW/Project/news_data_pipeline/.venv/lib/python3.11/site-packages/airflow/example_dags/example_python_operator.py for tasks to queue
[2024-04-12T20:31:50.673+0800] {logging_mixin.py:188} INFO - [2024-04-12T20:31:50.672+0800] {dagbag.py:538} INFO - Filling up the DagBag from /Users/wanghaojin/Desktop/exchange@NUS/IS3107/HW/Project/news_data_pipeline/.venv/lib/python3.11/site-packages/airflow/example_dags/example_python_operator.py
[2024-04-12T20:31:50.691+0800] {processor.py:840} INFO - DAG(s) 'example_python_operator' retrieved from /Users/wanghaojin/Desktop/exchange@NUS/IS3107/HW/Project/news_data_pipeline/.venv/lib/python3.11/site-packages/airflow/example_dags/example_python_operator.py
[2024-04-12T20:31:50.852+0800] {logging_mixin.py:188} INFO - [2024-04-12T20:31:50.851+0800] {dag.py:3036} INFO - Sync 1 DAGs
[2024-04-12T20:31:50.856+0800] {logging_mixin.py:188} INFO - [2024-04-12T20:31:50.856+0800] {dag.py:3823} INFO - Setting next_dagrun for example_python_operator to None, run_after=None
[2024-04-12T20:31:50.867+0800] {processor.py:183} INFO - Processing /Users/wanghaojin/Desktop/exchange@NUS/IS3107/HW/Project/news_data_pipeline/.venv/lib/python3.11/site-packages/airflow/example_dags/example_python_operator.py took 0.196 seconds
[2024-04-12T20:34:28.765+0800] {processor.py:161} INFO - Started process (PID=10256) to work on /Users/wanghaojin/Desktop/exchange@NUS/IS3107/HW/Project/news_data_pipeline/.venv/lib/python3.11/site-packages/airflow/example_dags/example_python_operator.py
[2024-04-12T20:34:28.767+0800] {processor.py:830} INFO - Processing file /Users/wanghaojin/Desktop/exchange@NUS/IS3107/HW/Project/news_data_pipeline/.venv/lib/python3.11/site-packages/airflow/example_dags/example_python_operator.py for tasks to queue
[2024-04-12T20:34:28.767+0800] {logging_mixin.py:188} INFO - [2024-04-12T20:34:28.767+0800] {dagbag.py:538} INFO - Filling up the DagBag from /Users/wanghaojin/Desktop/exchange@NUS/IS3107/HW/Project/news_data_pipeline/.venv/lib/python3.11/site-packages/airflow/example_dags/example_python_operator.py
[2024-04-12T20:34:28.783+0800] {processor.py:840} INFO - DAG(s) 'example_python_operator' retrieved from /Users/wanghaojin/Desktop/exchange@NUS/IS3107/HW/Project/news_data_pipeline/.venv/lib/python3.11/site-packages/airflow/example_dags/example_python_operator.py
[2024-04-12T20:34:28.906+0800] {logging_mixin.py:188} INFO - [2024-04-12T20:34:28.906+0800] {dag.py:3036} INFO - Sync 1 DAGs
[2024-04-12T20:34:28.910+0800] {logging_mixin.py:188} INFO - [2024-04-12T20:34:28.910+0800] {dag.py:3823} INFO - Setting next_dagrun for example_python_operator to None, run_after=None
[2024-04-12T20:34:28.921+0800] {processor.py:183} INFO - Processing /Users/wanghaojin/Desktop/exchange@NUS/IS3107/HW/Project/news_data_pipeline/.venv/lib/python3.11/site-packages/airflow/example_dags/example_python_operator.py took 0.156 seconds
[2024-04-12T20:35:36.519+0800] {processor.py:161} INFO - Started process (PID=10387) to work on /Users/wanghaojin/Desktop/exchange@NUS/IS3107/HW/Project/news_data_pipeline/.venv/lib/python3.11/site-packages/airflow/example_dags/example_python_operator.py
[2024-04-12T20:35:36.519+0800] {processor.py:830} INFO - Processing file /Users/wanghaojin/Desktop/exchange@NUS/IS3107/HW/Project/news_data_pipeline/.venv/lib/python3.11/site-packages/airflow/example_dags/example_python_operator.py for tasks to queue
[2024-04-12T20:35:36.519+0800] {logging_mixin.py:188} INFO - [2024-04-12T20:35:36.519+0800] {dagbag.py:538} INFO - Filling up the DagBag from /Users/wanghaojin/Desktop/exchange@NUS/IS3107/HW/Project/news_data_pipeline/.venv/lib/python3.11/site-packages/airflow/example_dags/example_python_operator.py
[2024-04-12T20:35:36.535+0800] {processor.py:840} INFO - DAG(s) 'example_python_operator' retrieved from /Users/wanghaojin/Desktop/exchange@NUS/IS3107/HW/Project/news_data_pipeline/.venv/lib/python3.11/site-packages/airflow/example_dags/example_python_operator.py
[2024-04-12T20:35:36.655+0800] {logging_mixin.py:188} INFO - [2024-04-12T20:35:36.655+0800] {dag.py:3036} INFO - Sync 1 DAGs
[2024-04-12T20:35:36.660+0800] {logging_mixin.py:188} INFO - [2024-04-12T20:35:36.659+0800] {dag.py:3823} INFO - Setting next_dagrun for example_python_operator to None, run_after=None
[2024-04-12T20:35:36.670+0800] {processor.py:183} INFO - Processing /Users/wanghaojin/Desktop/exchange@NUS/IS3107/HW/Project/news_data_pipeline/.venv/lib/python3.11/site-packages/airflow/example_dags/example_python_operator.py took 0.152 seconds
[2024-04-12T20:36:57.468+0800] {processor.py:161} INFO - Started process (PID=10547) to work on /Users/wanghaojin/Desktop/exchange@NUS/IS3107/HW/Project/news_data_pipeline/.venv/lib/python3.11/site-packages/airflow/example_dags/example_python_operator.py
[2024-04-12T20:36:57.469+0800] {processor.py:830} INFO - Processing file /Users/wanghaojin/Desktop/exchange@NUS/IS3107/HW/Project/news_data_pipeline/.venv/lib/python3.11/site-packages/airflow/example_dags/example_python_operator.py for tasks to queue
[2024-04-12T20:36:57.469+0800] {logging_mixin.py:188} INFO - [2024-04-12T20:36:57.469+0800] {dagbag.py:538} INFO - Filling up the DagBag from /Users/wanghaojin/Desktop/exchange@NUS/IS3107/HW/Project/news_data_pipeline/.venv/lib/python3.11/site-packages/airflow/example_dags/example_python_operator.py
[2024-04-12T20:36:57.484+0800] {processor.py:840} INFO - DAG(s) 'example_python_operator' retrieved from /Users/wanghaojin/Desktop/exchange@NUS/IS3107/HW/Project/news_data_pipeline/.venv/lib/python3.11/site-packages/airflow/example_dags/example_python_operator.py
[2024-04-12T20:36:57.606+0800] {logging_mixin.py:188} INFO - [2024-04-12T20:36:57.605+0800] {dag.py:3036} INFO - Sync 1 DAGs
[2024-04-12T20:36:57.610+0800] {logging_mixin.py:188} INFO - [2024-04-12T20:36:57.610+0800] {dag.py:3823} INFO - Setting next_dagrun for example_python_operator to None, run_after=None
[2024-04-12T20:36:57.620+0800] {processor.py:183} INFO - Processing /Users/wanghaojin/Desktop/exchange@NUS/IS3107/HW/Project/news_data_pipeline/.venv/lib/python3.11/site-packages/airflow/example_dags/example_python_operator.py took 0.153 seconds
[2024-04-12T20:38:37.107+0800] {processor.py:161} INFO - Started process (PID=10685) to work on /Users/wanghaojin/Desktop/exchange@NUS/IS3107/HW/Project/news_data_pipeline/.venv/lib/python3.11/site-packages/airflow/example_dags/example_python_operator.py
[2024-04-12T20:38:37.107+0800] {processor.py:830} INFO - Processing file /Users/wanghaojin/Desktop/exchange@NUS/IS3107/HW/Project/news_data_pipeline/.venv/lib/python3.11/site-packages/airflow/example_dags/example_python_operator.py for tasks to queue
[2024-04-12T20:38:37.108+0800] {logging_mixin.py:188} INFO - [2024-04-12T20:38:37.108+0800] {dagbag.py:538} INFO - Filling up the DagBag from /Users/wanghaojin/Desktop/exchange@NUS/IS3107/HW/Project/news_data_pipeline/.venv/lib/python3.11/site-packages/airflow/example_dags/example_python_operator.py
[2024-04-12T20:38:37.123+0800] {processor.py:840} INFO - DAG(s) 'example_python_operator' retrieved from /Users/wanghaojin/Desktop/exchange@NUS/IS3107/HW/Project/news_data_pipeline/.venv/lib/python3.11/site-packages/airflow/example_dags/example_python_operator.py
[2024-04-12T20:38:37.244+0800] {logging_mixin.py:188} INFO - [2024-04-12T20:38:37.244+0800] {dag.py:3036} INFO - Sync 1 DAGs
[2024-04-12T20:38:37.249+0800] {logging_mixin.py:188} INFO - [2024-04-12T20:38:37.248+0800] {dag.py:3823} INFO - Setting next_dagrun for example_python_operator to None, run_after=None
[2024-04-12T20:38:37.259+0800] {processor.py:183} INFO - Processing /Users/wanghaojin/Desktop/exchange@NUS/IS3107/HW/Project/news_data_pipeline/.venv/lib/python3.11/site-packages/airflow/example_dags/example_python_operator.py took 0.153 seconds
[2024-04-12T20:40:52.067+0800] {processor.py:161} INFO - Started process (PID=10886) to work on /Users/wanghaojin/Desktop/exchange@NUS/IS3107/HW/Project/news_data_pipeline/.venv/lib/python3.11/site-packages/airflow/example_dags/example_python_operator.py
[2024-04-12T20:40:52.067+0800] {processor.py:830} INFO - Processing file /Users/wanghaojin/Desktop/exchange@NUS/IS3107/HW/Project/news_data_pipeline/.venv/lib/python3.11/site-packages/airflow/example_dags/example_python_operator.py for tasks to queue
[2024-04-12T20:40:52.068+0800] {logging_mixin.py:188} INFO - [2024-04-12T20:40:52.068+0800] {dagbag.py:538} INFO - Filling up the DagBag from /Users/wanghaojin/Desktop/exchange@NUS/IS3107/HW/Project/news_data_pipeline/.venv/lib/python3.11/site-packages/airflow/example_dags/example_python_operator.py
[2024-04-12T20:40:52.083+0800] {processor.py:840} INFO - DAG(s) 'example_python_operator' retrieved from /Users/wanghaojin/Desktop/exchange@NUS/IS3107/HW/Project/news_data_pipeline/.venv/lib/python3.11/site-packages/airflow/example_dags/example_python_operator.py
[2024-04-12T20:40:52.204+0800] {logging_mixin.py:188} INFO - [2024-04-12T20:40:52.204+0800] {dag.py:3036} INFO - Sync 1 DAGs
[2024-04-12T20:40:52.209+0800] {logging_mixin.py:188} INFO - [2024-04-12T20:40:52.209+0800] {dag.py:3823} INFO - Setting next_dagrun for example_python_operator to None, run_after=None
[2024-04-12T20:40:52.219+0800] {processor.py:183} INFO - Processing /Users/wanghaojin/Desktop/exchange@NUS/IS3107/HW/Project/news_data_pipeline/.venv/lib/python3.11/site-packages/airflow/example_dags/example_python_operator.py took 0.153 seconds
[2024-04-12T20:43:13.852+0800] {processor.py:161} INFO - Started process (PID=11116) to work on /Users/wanghaojin/Desktop/exchange@NUS/IS3107/HW/Project/news_data_pipeline/.venv/lib/python3.11/site-packages/airflow/example_dags/example_python_operator.py
[2024-04-12T20:43:13.853+0800] {processor.py:830} INFO - Processing file /Users/wanghaojin/Desktop/exchange@NUS/IS3107/HW/Project/news_data_pipeline/.venv/lib/python3.11/site-packages/airflow/example_dags/example_python_operator.py for tasks to queue
[2024-04-12T20:43:13.853+0800] {logging_mixin.py:188} INFO - [2024-04-12T20:43:13.853+0800] {dagbag.py:538} INFO - Filling up the DagBag from /Users/wanghaojin/Desktop/exchange@NUS/IS3107/HW/Project/news_data_pipeline/.venv/lib/python3.11/site-packages/airflow/example_dags/example_python_operator.py
[2024-04-12T20:43:13.870+0800] {processor.py:840} INFO - DAG(s) 'example_python_operator' retrieved from /Users/wanghaojin/Desktop/exchange@NUS/IS3107/HW/Project/news_data_pipeline/.venv/lib/python3.11/site-packages/airflow/example_dags/example_python_operator.py
[2024-04-12T20:43:14.010+0800] {logging_mixin.py:188} INFO - [2024-04-12T20:43:14.010+0800] {dag.py:3036} INFO - Sync 1 DAGs
[2024-04-12T20:43:14.014+0800] {logging_mixin.py:188} INFO - [2024-04-12T20:43:14.014+0800] {dag.py:3823} INFO - Setting next_dagrun for example_python_operator to None, run_after=None
[2024-04-12T20:43:14.024+0800] {processor.py:183} INFO - Processing /Users/wanghaojin/Desktop/exchange@NUS/IS3107/HW/Project/news_data_pipeline/.venv/lib/python3.11/site-packages/airflow/example_dags/example_python_operator.py took 0.174 seconds
[2024-04-12T20:48:49.507+0800] {processor.py:161} INFO - Started process (PID=11792) to work on /Users/wanghaojin/Desktop/exchange@NUS/IS3107/HW/Project/news_data_pipeline/.venv/lib/python3.11/site-packages/airflow/example_dags/example_python_operator.py
[2024-04-12T20:48:49.508+0800] {processor.py:830} INFO - Processing file /Users/wanghaojin/Desktop/exchange@NUS/IS3107/HW/Project/news_data_pipeline/.venv/lib/python3.11/site-packages/airflow/example_dags/example_python_operator.py for tasks to queue
[2024-04-12T20:48:49.509+0800] {logging_mixin.py:188} INFO - [2024-04-12T20:48:49.509+0800] {dagbag.py:538} INFO - Filling up the DagBag from /Users/wanghaojin/Desktop/exchange@NUS/IS3107/HW/Project/news_data_pipeline/.venv/lib/python3.11/site-packages/airflow/example_dags/example_python_operator.py
[2024-04-12T20:48:49.525+0800] {processor.py:840} INFO - DAG(s) 'example_python_operator' retrieved from /Users/wanghaojin/Desktop/exchange@NUS/IS3107/HW/Project/news_data_pipeline/.venv/lib/python3.11/site-packages/airflow/example_dags/example_python_operator.py
[2024-04-12T20:48:49.647+0800] {logging_mixin.py:188} INFO - [2024-04-12T20:48:49.647+0800] {dag.py:3036} INFO - Sync 1 DAGs
[2024-04-12T20:48:49.651+0800] {logging_mixin.py:188} INFO - [2024-04-12T20:48:49.651+0800] {dag.py:3823} INFO - Setting next_dagrun for example_python_operator to None, run_after=None
[2024-04-12T20:48:49.663+0800] {processor.py:183} INFO - Processing /Users/wanghaojin/Desktop/exchange@NUS/IS3107/HW/Project/news_data_pipeline/.venv/lib/python3.11/site-packages/airflow/example_dags/example_python_operator.py took 0.156 seconds
[2024-04-12T20:50:11.860+0800] {processor.py:161} INFO - Started process (PID=11929) to work on /Users/wanghaojin/Desktop/exchange@NUS/IS3107/HW/Project/news_data_pipeline/.venv/lib/python3.11/site-packages/airflow/example_dags/example_python_operator.py
[2024-04-12T20:50:11.861+0800] {processor.py:830} INFO - Processing file /Users/wanghaojin/Desktop/exchange@NUS/IS3107/HW/Project/news_data_pipeline/.venv/lib/python3.11/site-packages/airflow/example_dags/example_python_operator.py for tasks to queue
[2024-04-12T20:50:11.862+0800] {logging_mixin.py:188} INFO - [2024-04-12T20:50:11.862+0800] {dagbag.py:538} INFO - Filling up the DagBag from /Users/wanghaojin/Desktop/exchange@NUS/IS3107/HW/Project/news_data_pipeline/.venv/lib/python3.11/site-packages/airflow/example_dags/example_python_operator.py
[2024-04-12T20:50:11.879+0800] {processor.py:840} INFO - DAG(s) 'example_python_operator' retrieved from /Users/wanghaojin/Desktop/exchange@NUS/IS3107/HW/Project/news_data_pipeline/.venv/lib/python3.11/site-packages/airflow/example_dags/example_python_operator.py
[2024-04-12T20:50:12.002+0800] {logging_mixin.py:188} INFO - [2024-04-12T20:50:12.002+0800] {dag.py:3036} INFO - Sync 1 DAGs
[2024-04-12T20:50:12.006+0800] {logging_mixin.py:188} INFO - [2024-04-12T20:50:12.006+0800] {dag.py:3823} INFO - Setting next_dagrun for example_python_operator to None, run_after=None
[2024-04-12T20:50:12.017+0800] {processor.py:183} INFO - Processing /Users/wanghaojin/Desktop/exchange@NUS/IS3107/HW/Project/news_data_pipeline/.venv/lib/python3.11/site-packages/airflow/example_dags/example_python_operator.py took 0.158 seconds
