[2024-04-12T19:29:03.311+0800] {processor.py:161} INFO - Started process (PID=3564) to work on /Users/wanghaojin/Desktop/exchange@NUS/IS3107/HW/Project/news_data_pipeline/.venv/lib/python3.11/site-packages/airflow/example_dags/example_setup_teardown_taskflow.py
[2024-04-12T19:29:03.312+0800] {processor.py:830} INFO - Processing file /Users/wanghaojin/Desktop/exchange@NUS/IS3107/HW/Project/news_data_pipeline/.venv/lib/python3.11/site-packages/airflow/example_dags/example_setup_teardown_taskflow.py for tasks to queue
[2024-04-12T19:29:03.312+0800] {logging_mixin.py:188} INFO - [2024-04-12T19:29:03.312+0800] {dagbag.py:538} INFO - Filling up the DagBag from /Users/wanghaojin/Desktop/exchange@NUS/IS3107/HW/Project/news_data_pipeline/.venv/lib/python3.11/site-packages/airflow/example_dags/example_setup_teardown_taskflow.py
[2024-04-12T19:29:03.333+0800] {processor.py:840} INFO - DAG(s) 'example_setup_teardown_taskflow' retrieved from /Users/wanghaojin/Desktop/exchange@NUS/IS3107/HW/Project/news_data_pipeline/.venv/lib/python3.11/site-packages/airflow/example_dags/example_setup_teardown_taskflow.py
[2024-04-12T19:29:03.411+0800] {logging_mixin.py:188} INFO - [2024-04-12T19:29:03.411+0800] {dag.py:3036} INFO - Sync 1 DAGs
[2024-04-12T19:29:03.420+0800] {logging_mixin.py:188} INFO - [2024-04-12T19:29:03.420+0800] {dag.py:3823} INFO - Setting next_dagrun for example_setup_teardown_taskflow to 2024-04-11 00:00:00+00:00, run_after=2024-04-12 00:00:00+00:00
[2024-04-12T19:29:03.431+0800] {processor.py:183} INFO - Processing /Users/wanghaojin/Desktop/exchange@NUS/IS3107/HW/Project/news_data_pipeline/.venv/lib/python3.11/site-packages/airflow/example_dags/example_setup_teardown_taskflow.py took 0.120 seconds
[2024-04-12T19:30:22.179+0800] {processor.py:161} INFO - Started process (PID=4154) to work on /Users/wanghaojin/Desktop/exchange@NUS/IS3107/HW/Project/news_data_pipeline/.venv/lib/python3.11/site-packages/airflow/example_dags/example_setup_teardown_taskflow.py
[2024-04-12T19:30:22.181+0800] {processor.py:830} INFO - Processing file /Users/wanghaojin/Desktop/exchange@NUS/IS3107/HW/Project/news_data_pipeline/.venv/lib/python3.11/site-packages/airflow/example_dags/example_setup_teardown_taskflow.py for tasks to queue
[2024-04-12T19:30:22.181+0800] {logging_mixin.py:188} INFO - [2024-04-12T19:30:22.181+0800] {dagbag.py:538} INFO - Filling up the DagBag from /Users/wanghaojin/Desktop/exchange@NUS/IS3107/HW/Project/news_data_pipeline/.venv/lib/python3.11/site-packages/airflow/example_dags/example_setup_teardown_taskflow.py
[2024-04-12T19:30:22.203+0800] {processor.py:840} INFO - DAG(s) 'example_setup_teardown_taskflow' retrieved from /Users/wanghaojin/Desktop/exchange@NUS/IS3107/HW/Project/news_data_pipeline/.venv/lib/python3.11/site-packages/airflow/example_dags/example_setup_teardown_taskflow.py
[2024-04-12T19:30:22.330+0800] {logging_mixin.py:188} INFO - [2024-04-12T19:30:22.330+0800] {dag.py:3036} INFO - Sync 1 DAGs
[2024-04-12T19:30:22.339+0800] {logging_mixin.py:188} INFO - [2024-04-12T19:30:22.338+0800] {dag.py:3823} INFO - Setting next_dagrun for example_setup_teardown_taskflow to 2024-04-11 00:00:00+00:00, run_after=2024-04-12 00:00:00+00:00
[2024-04-12T19:30:22.350+0800] {processor.py:183} INFO - Processing /Users/wanghaojin/Desktop/exchange@NUS/IS3107/HW/Project/news_data_pipeline/.venv/lib/python3.11/site-packages/airflow/example_dags/example_setup_teardown_taskflow.py took 0.171 seconds
[2024-04-12T19:32:09.447+0800] {processor.py:161} INFO - Started process (PID=4329) to work on /Users/wanghaojin/Desktop/exchange@NUS/IS3107/HW/Project/news_data_pipeline/.venv/lib/python3.11/site-packages/airflow/example_dags/example_setup_teardown_taskflow.py
[2024-04-12T19:32:09.448+0800] {processor.py:830} INFO - Processing file /Users/wanghaojin/Desktop/exchange@NUS/IS3107/HW/Project/news_data_pipeline/.venv/lib/python3.11/site-packages/airflow/example_dags/example_setup_teardown_taskflow.py for tasks to queue
[2024-04-12T19:32:09.448+0800] {logging_mixin.py:188} INFO - [2024-04-12T19:32:09.448+0800] {dagbag.py:538} INFO - Filling up the DagBag from /Users/wanghaojin/Desktop/exchange@NUS/IS3107/HW/Project/news_data_pipeline/.venv/lib/python3.11/site-packages/airflow/example_dags/example_setup_teardown_taskflow.py
[2024-04-12T19:32:09.469+0800] {processor.py:840} INFO - DAG(s) 'example_setup_teardown_taskflow' retrieved from /Users/wanghaojin/Desktop/exchange@NUS/IS3107/HW/Project/news_data_pipeline/.venv/lib/python3.11/site-packages/airflow/example_dags/example_setup_teardown_taskflow.py
[2024-04-12T19:32:09.588+0800] {logging_mixin.py:188} INFO - [2024-04-12T19:32:09.588+0800] {dag.py:3036} INFO - Sync 1 DAGs
[2024-04-12T19:32:09.596+0800] {logging_mixin.py:188} INFO - [2024-04-12T19:32:09.596+0800] {dag.py:3823} INFO - Setting next_dagrun for example_setup_teardown_taskflow to 2024-04-11 00:00:00+00:00, run_after=2024-04-12 00:00:00+00:00
[2024-04-12T19:32:09.607+0800] {processor.py:183} INFO - Processing /Users/wanghaojin/Desktop/exchange@NUS/IS3107/HW/Project/news_data_pipeline/.venv/lib/python3.11/site-packages/airflow/example_dags/example_setup_teardown_taskflow.py took 0.161 seconds
[2024-04-12T19:33:48.707+0800] {processor.py:161} INFO - Started process (PID=4503) to work on /Users/wanghaojin/Desktop/exchange@NUS/IS3107/HW/Project/news_data_pipeline/.venv/lib/python3.11/site-packages/airflow/example_dags/example_setup_teardown_taskflow.py
[2024-04-12T19:33:48.707+0800] {processor.py:830} INFO - Processing file /Users/wanghaojin/Desktop/exchange@NUS/IS3107/HW/Project/news_data_pipeline/.venv/lib/python3.11/site-packages/airflow/example_dags/example_setup_teardown_taskflow.py for tasks to queue
[2024-04-12T19:33:48.707+0800] {logging_mixin.py:188} INFO - [2024-04-12T19:33:48.707+0800] {dagbag.py:538} INFO - Filling up the DagBag from /Users/wanghaojin/Desktop/exchange@NUS/IS3107/HW/Project/news_data_pipeline/.venv/lib/python3.11/site-packages/airflow/example_dags/example_setup_teardown_taskflow.py
[2024-04-12T19:33:48.728+0800] {processor.py:840} INFO - DAG(s) 'example_setup_teardown_taskflow' retrieved from /Users/wanghaojin/Desktop/exchange@NUS/IS3107/HW/Project/news_data_pipeline/.venv/lib/python3.11/site-packages/airflow/example_dags/example_setup_teardown_taskflow.py
[2024-04-12T19:33:48.804+0800] {logging_mixin.py:188} INFO - [2024-04-12T19:33:48.804+0800] {dag.py:3036} INFO - Sync 1 DAGs
[2024-04-12T19:33:48.814+0800] {logging_mixin.py:188} INFO - [2024-04-12T19:33:48.814+0800] {dag.py:3823} INFO - Setting next_dagrun for example_setup_teardown_taskflow to 2024-04-11 00:00:00+00:00, run_after=2024-04-12 00:00:00+00:00
[2024-04-12T19:33:48.824+0800] {processor.py:183} INFO - Processing /Users/wanghaojin/Desktop/exchange@NUS/IS3107/HW/Project/news_data_pipeline/.venv/lib/python3.11/site-packages/airflow/example_dags/example_setup_teardown_taskflow.py took 0.118 seconds
[2024-04-12T19:36:05.036+0800] {processor.py:161} INFO - Started process (PID=4719) to work on /Users/wanghaojin/Desktop/exchange@NUS/IS3107/HW/Project/news_data_pipeline/.venv/lib/python3.11/site-packages/airflow/example_dags/example_setup_teardown_taskflow.py
[2024-04-12T19:36:05.036+0800] {processor.py:830} INFO - Processing file /Users/wanghaojin/Desktop/exchange@NUS/IS3107/HW/Project/news_data_pipeline/.venv/lib/python3.11/site-packages/airflow/example_dags/example_setup_teardown_taskflow.py for tasks to queue
[2024-04-12T19:36:05.037+0800] {logging_mixin.py:188} INFO - [2024-04-12T19:36:05.036+0800] {dagbag.py:538} INFO - Filling up the DagBag from /Users/wanghaojin/Desktop/exchange@NUS/IS3107/HW/Project/news_data_pipeline/.venv/lib/python3.11/site-packages/airflow/example_dags/example_setup_teardown_taskflow.py
[2024-04-12T19:36:05.057+0800] {processor.py:840} INFO - DAG(s) 'example_setup_teardown_taskflow' retrieved from /Users/wanghaojin/Desktop/exchange@NUS/IS3107/HW/Project/news_data_pipeline/.venv/lib/python3.11/site-packages/airflow/example_dags/example_setup_teardown_taskflow.py
[2024-04-12T19:36:05.134+0800] {logging_mixin.py:188} INFO - [2024-04-12T19:36:05.133+0800] {dag.py:3036} INFO - Sync 1 DAGs
[2024-04-12T19:36:05.143+0800] {logging_mixin.py:188} INFO - [2024-04-12T19:36:05.143+0800] {dag.py:3823} INFO - Setting next_dagrun for example_setup_teardown_taskflow to 2024-04-11 00:00:00+00:00, run_after=2024-04-12 00:00:00+00:00
[2024-04-12T19:36:05.153+0800] {processor.py:183} INFO - Processing /Users/wanghaojin/Desktop/exchange@NUS/IS3107/HW/Project/news_data_pipeline/.venv/lib/python3.11/site-packages/airflow/example_dags/example_setup_teardown_taskflow.py took 0.118 seconds
[2024-04-12T19:38:22.349+0800] {processor.py:161} INFO - Started process (PID=4920) to work on /Users/wanghaojin/Desktop/exchange@NUS/IS3107/HW/Project/news_data_pipeline/.venv/lib/python3.11/site-packages/airflow/example_dags/example_setup_teardown_taskflow.py
[2024-04-12T19:38:22.349+0800] {processor.py:830} INFO - Processing file /Users/wanghaojin/Desktop/exchange@NUS/IS3107/HW/Project/news_data_pipeline/.venv/lib/python3.11/site-packages/airflow/example_dags/example_setup_teardown_taskflow.py for tasks to queue
[2024-04-12T19:38:22.349+0800] {logging_mixin.py:188} INFO - [2024-04-12T19:38:22.349+0800] {dagbag.py:538} INFO - Filling up the DagBag from /Users/wanghaojin/Desktop/exchange@NUS/IS3107/HW/Project/news_data_pipeline/.venv/lib/python3.11/site-packages/airflow/example_dags/example_setup_teardown_taskflow.py
[2024-04-12T19:38:22.370+0800] {processor.py:840} INFO - DAG(s) 'example_setup_teardown_taskflow' retrieved from /Users/wanghaojin/Desktop/exchange@NUS/IS3107/HW/Project/news_data_pipeline/.venv/lib/python3.11/site-packages/airflow/example_dags/example_setup_teardown_taskflow.py
[2024-04-12T19:38:22.450+0800] {logging_mixin.py:188} INFO - [2024-04-12T19:38:22.450+0800] {dag.py:3036} INFO - Sync 1 DAGs
[2024-04-12T19:38:22.459+0800] {logging_mixin.py:188} INFO - [2024-04-12T19:38:22.459+0800] {dag.py:3823} INFO - Setting next_dagrun for example_setup_teardown_taskflow to 2024-04-11 00:00:00+00:00, run_after=2024-04-12 00:00:00+00:00
[2024-04-12T19:38:22.469+0800] {processor.py:183} INFO - Processing /Users/wanghaojin/Desktop/exchange@NUS/IS3107/HW/Project/news_data_pipeline/.venv/lib/python3.11/site-packages/airflow/example_dags/example_setup_teardown_taskflow.py took 0.122 seconds
[2024-04-12T19:40:33.565+0800] {processor.py:161} INFO - Started process (PID=5134) to work on /Users/wanghaojin/Desktop/exchange@NUS/IS3107/HW/Project/news_data_pipeline/.venv/lib/python3.11/site-packages/airflow/example_dags/example_setup_teardown_taskflow.py
[2024-04-12T19:40:33.566+0800] {processor.py:830} INFO - Processing file /Users/wanghaojin/Desktop/exchange@NUS/IS3107/HW/Project/news_data_pipeline/.venv/lib/python3.11/site-packages/airflow/example_dags/example_setup_teardown_taskflow.py for tasks to queue
[2024-04-12T19:40:33.566+0800] {logging_mixin.py:188} INFO - [2024-04-12T19:40:33.566+0800] {dagbag.py:538} INFO - Filling up the DagBag from /Users/wanghaojin/Desktop/exchange@NUS/IS3107/HW/Project/news_data_pipeline/.venv/lib/python3.11/site-packages/airflow/example_dags/example_setup_teardown_taskflow.py
[2024-04-12T19:40:33.586+0800] {processor.py:840} INFO - DAG(s) 'example_setup_teardown_taskflow' retrieved from /Users/wanghaojin/Desktop/exchange@NUS/IS3107/HW/Project/news_data_pipeline/.venv/lib/python3.11/site-packages/airflow/example_dags/example_setup_teardown_taskflow.py
[2024-04-12T19:40:33.663+0800] {logging_mixin.py:188} INFO - [2024-04-12T19:40:33.663+0800] {dag.py:3036} INFO - Sync 1 DAGs
[2024-04-12T19:40:33.672+0800] {logging_mixin.py:188} INFO - [2024-04-12T19:40:33.672+0800] {dag.py:3823} INFO - Setting next_dagrun for example_setup_teardown_taskflow to 2024-04-11 00:00:00+00:00, run_after=2024-04-12 00:00:00+00:00
[2024-04-12T19:40:33.682+0800] {processor.py:183} INFO - Processing /Users/wanghaojin/Desktop/exchange@NUS/IS3107/HW/Project/news_data_pipeline/.venv/lib/python3.11/site-packages/airflow/example_dags/example_setup_teardown_taskflow.py took 0.118 seconds
[2024-04-12T19:42:49.964+0800] {processor.py:161} INFO - Started process (PID=5345) to work on /Users/wanghaojin/Desktop/exchange@NUS/IS3107/HW/Project/news_data_pipeline/.venv/lib/python3.11/site-packages/airflow/example_dags/example_setup_teardown_taskflow.py
[2024-04-12T19:42:49.965+0800] {processor.py:830} INFO - Processing file /Users/wanghaojin/Desktop/exchange@NUS/IS3107/HW/Project/news_data_pipeline/.venv/lib/python3.11/site-packages/airflow/example_dags/example_setup_teardown_taskflow.py for tasks to queue
[2024-04-12T19:42:49.965+0800] {logging_mixin.py:188} INFO - [2024-04-12T19:42:49.965+0800] {dagbag.py:538} INFO - Filling up the DagBag from /Users/wanghaojin/Desktop/exchange@NUS/IS3107/HW/Project/news_data_pipeline/.venv/lib/python3.11/site-packages/airflow/example_dags/example_setup_teardown_taskflow.py
[2024-04-12T19:42:49.985+0800] {processor.py:840} INFO - DAG(s) 'example_setup_teardown_taskflow' retrieved from /Users/wanghaojin/Desktop/exchange@NUS/IS3107/HW/Project/news_data_pipeline/.venv/lib/python3.11/site-packages/airflow/example_dags/example_setup_teardown_taskflow.py
[2024-04-12T19:42:50.062+0800] {logging_mixin.py:188} INFO - [2024-04-12T19:42:50.061+0800] {dag.py:3036} INFO - Sync 1 DAGs
[2024-04-12T19:42:50.071+0800] {logging_mixin.py:188} INFO - [2024-04-12T19:42:50.071+0800] {dag.py:3823} INFO - Setting next_dagrun for example_setup_teardown_taskflow to 2024-04-11 00:00:00+00:00, run_after=2024-04-12 00:00:00+00:00
[2024-04-12T19:42:50.084+0800] {processor.py:183} INFO - Processing /Users/wanghaojin/Desktop/exchange@NUS/IS3107/HW/Project/news_data_pipeline/.venv/lib/python3.11/site-packages/airflow/example_dags/example_setup_teardown_taskflow.py took 0.120 seconds
[2024-04-12T19:45:06.745+0800] {processor.py:161} INFO - Started process (PID=5571) to work on /Users/wanghaojin/Desktop/exchange@NUS/IS3107/HW/Project/news_data_pipeline/.venv/lib/python3.11/site-packages/airflow/example_dags/example_setup_teardown_taskflow.py
[2024-04-12T19:45:06.746+0800] {processor.py:830} INFO - Processing file /Users/wanghaojin/Desktop/exchange@NUS/IS3107/HW/Project/news_data_pipeline/.venv/lib/python3.11/site-packages/airflow/example_dags/example_setup_teardown_taskflow.py for tasks to queue
[2024-04-12T19:45:06.746+0800] {logging_mixin.py:188} INFO - [2024-04-12T19:45:06.746+0800] {dagbag.py:538} INFO - Filling up the DagBag from /Users/wanghaojin/Desktop/exchange@NUS/IS3107/HW/Project/news_data_pipeline/.venv/lib/python3.11/site-packages/airflow/example_dags/example_setup_teardown_taskflow.py
[2024-04-12T19:45:06.767+0800] {processor.py:840} INFO - DAG(s) 'example_setup_teardown_taskflow' retrieved from /Users/wanghaojin/Desktop/exchange@NUS/IS3107/HW/Project/news_data_pipeline/.venv/lib/python3.11/site-packages/airflow/example_dags/example_setup_teardown_taskflow.py
[2024-04-12T19:45:06.842+0800] {logging_mixin.py:188} INFO - [2024-04-12T19:45:06.842+0800] {dag.py:3036} INFO - Sync 1 DAGs
[2024-04-12T19:45:06.852+0800] {logging_mixin.py:188} INFO - [2024-04-12T19:45:06.852+0800] {dag.py:3823} INFO - Setting next_dagrun for example_setup_teardown_taskflow to 2024-04-11 00:00:00+00:00, run_after=2024-04-12 00:00:00+00:00
[2024-04-12T19:45:06.862+0800] {processor.py:183} INFO - Processing /Users/wanghaojin/Desktop/exchange@NUS/IS3107/HW/Project/news_data_pipeline/.venv/lib/python3.11/site-packages/airflow/example_dags/example_setup_teardown_taskflow.py took 0.118 seconds
[2024-04-12T19:47:22.530+0800] {processor.py:161} INFO - Started process (PID=5738) to work on /Users/wanghaojin/Desktop/exchange@NUS/IS3107/HW/Project/news_data_pipeline/.venv/lib/python3.11/site-packages/airflow/example_dags/example_setup_teardown_taskflow.py
[2024-04-12T19:47:22.532+0800] {processor.py:830} INFO - Processing file /Users/wanghaojin/Desktop/exchange@NUS/IS3107/HW/Project/news_data_pipeline/.venv/lib/python3.11/site-packages/airflow/example_dags/example_setup_teardown_taskflow.py for tasks to queue
[2024-04-12T19:47:22.532+0800] {logging_mixin.py:188} INFO - [2024-04-12T19:47:22.532+0800] {dagbag.py:538} INFO - Filling up the DagBag from /Users/wanghaojin/Desktop/exchange@NUS/IS3107/HW/Project/news_data_pipeline/.venv/lib/python3.11/site-packages/airflow/example_dags/example_setup_teardown_taskflow.py
[2024-04-12T19:47:22.552+0800] {processor.py:840} INFO - DAG(s) 'example_setup_teardown_taskflow' retrieved from /Users/wanghaojin/Desktop/exchange@NUS/IS3107/HW/Project/news_data_pipeline/.venv/lib/python3.11/site-packages/airflow/example_dags/example_setup_teardown_taskflow.py
[2024-04-12T19:47:22.630+0800] {logging_mixin.py:188} INFO - [2024-04-12T19:47:22.629+0800] {dag.py:3036} INFO - Sync 1 DAGs
[2024-04-12T19:47:22.639+0800] {logging_mixin.py:188} INFO - [2024-04-12T19:47:22.639+0800] {dag.py:3823} INFO - Setting next_dagrun for example_setup_teardown_taskflow to 2024-04-11 00:00:00+00:00, run_after=2024-04-12 00:00:00+00:00
[2024-04-12T19:47:22.649+0800] {processor.py:183} INFO - Processing /Users/wanghaojin/Desktop/exchange@NUS/IS3107/HW/Project/news_data_pipeline/.venv/lib/python3.11/site-packages/airflow/example_dags/example_setup_teardown_taskflow.py took 0.119 seconds
[2024-04-12T19:49:39.175+0800] {processor.py:161} INFO - Started process (PID=5956) to work on /Users/wanghaojin/Desktop/exchange@NUS/IS3107/HW/Project/news_data_pipeline/.venv/lib/python3.11/site-packages/airflow/example_dags/example_setup_teardown_taskflow.py
[2024-04-12T19:49:39.175+0800] {processor.py:830} INFO - Processing file /Users/wanghaojin/Desktop/exchange@NUS/IS3107/HW/Project/news_data_pipeline/.venv/lib/python3.11/site-packages/airflow/example_dags/example_setup_teardown_taskflow.py for tasks to queue
[2024-04-12T19:49:39.176+0800] {logging_mixin.py:188} INFO - [2024-04-12T19:49:39.175+0800] {dagbag.py:538} INFO - Filling up the DagBag from /Users/wanghaojin/Desktop/exchange@NUS/IS3107/HW/Project/news_data_pipeline/.venv/lib/python3.11/site-packages/airflow/example_dags/example_setup_teardown_taskflow.py
[2024-04-12T19:49:39.196+0800] {processor.py:840} INFO - DAG(s) 'example_setup_teardown_taskflow' retrieved from /Users/wanghaojin/Desktop/exchange@NUS/IS3107/HW/Project/news_data_pipeline/.venv/lib/python3.11/site-packages/airflow/example_dags/example_setup_teardown_taskflow.py
[2024-04-12T19:49:39.272+0800] {logging_mixin.py:188} INFO - [2024-04-12T19:49:39.272+0800] {dag.py:3036} INFO - Sync 1 DAGs
[2024-04-12T19:49:39.281+0800] {logging_mixin.py:188} INFO - [2024-04-12T19:49:39.281+0800] {dag.py:3823} INFO - Setting next_dagrun for example_setup_teardown_taskflow to 2024-04-11 00:00:00+00:00, run_after=2024-04-12 00:00:00+00:00
[2024-04-12T19:49:39.292+0800] {processor.py:183} INFO - Processing /Users/wanghaojin/Desktop/exchange@NUS/IS3107/HW/Project/news_data_pipeline/.venv/lib/python3.11/site-packages/airflow/example_dags/example_setup_teardown_taskflow.py took 0.117 seconds
[2024-04-12T19:51:53.484+0800] {processor.py:161} INFO - Started process (PID=6153) to work on /Users/wanghaojin/Desktop/exchange@NUS/IS3107/HW/Project/news_data_pipeline/.venv/lib/python3.11/site-packages/airflow/example_dags/example_setup_teardown_taskflow.py
[2024-04-12T19:51:53.484+0800] {processor.py:830} INFO - Processing file /Users/wanghaojin/Desktop/exchange@NUS/IS3107/HW/Project/news_data_pipeline/.venv/lib/python3.11/site-packages/airflow/example_dags/example_setup_teardown_taskflow.py for tasks to queue
[2024-04-12T19:51:53.485+0800] {logging_mixin.py:188} INFO - [2024-04-12T19:51:53.484+0800] {dagbag.py:538} INFO - Filling up the DagBag from /Users/wanghaojin/Desktop/exchange@NUS/IS3107/HW/Project/news_data_pipeline/.venv/lib/python3.11/site-packages/airflow/example_dags/example_setup_teardown_taskflow.py
[2024-04-12T19:51:53.504+0800] {processor.py:840} INFO - DAG(s) 'example_setup_teardown_taskflow' retrieved from /Users/wanghaojin/Desktop/exchange@NUS/IS3107/HW/Project/news_data_pipeline/.venv/lib/python3.11/site-packages/airflow/example_dags/example_setup_teardown_taskflow.py
[2024-04-12T19:51:53.582+0800] {logging_mixin.py:188} INFO - [2024-04-12T19:51:53.581+0800] {dag.py:3036} INFO - Sync 1 DAGs
[2024-04-12T19:51:53.591+0800] {logging_mixin.py:188} INFO - [2024-04-12T19:51:53.591+0800] {dag.py:3823} INFO - Setting next_dagrun for example_setup_teardown_taskflow to 2024-04-11 00:00:00+00:00, run_after=2024-04-12 00:00:00+00:00
[2024-04-12T19:51:53.601+0800] {processor.py:183} INFO - Processing /Users/wanghaojin/Desktop/exchange@NUS/IS3107/HW/Project/news_data_pipeline/.venv/lib/python3.11/site-packages/airflow/example_dags/example_setup_teardown_taskflow.py took 0.118 seconds
[2024-04-12T19:54:08.859+0800] {processor.py:161} INFO - Started process (PID=6291) to work on /Users/wanghaojin/Desktop/exchange@NUS/IS3107/HW/Project/news_data_pipeline/.venv/lib/python3.11/site-packages/airflow/example_dags/example_setup_teardown_taskflow.py
[2024-04-12T19:54:08.860+0800] {processor.py:830} INFO - Processing file /Users/wanghaojin/Desktop/exchange@NUS/IS3107/HW/Project/news_data_pipeline/.venv/lib/python3.11/site-packages/airflow/example_dags/example_setup_teardown_taskflow.py for tasks to queue
[2024-04-12T19:54:08.860+0800] {logging_mixin.py:188} INFO - [2024-04-12T19:54:08.860+0800] {dagbag.py:538} INFO - Filling up the DagBag from /Users/wanghaojin/Desktop/exchange@NUS/IS3107/HW/Project/news_data_pipeline/.venv/lib/python3.11/site-packages/airflow/example_dags/example_setup_teardown_taskflow.py
[2024-04-12T19:54:08.880+0800] {processor.py:840} INFO - DAG(s) 'example_setup_teardown_taskflow' retrieved from /Users/wanghaojin/Desktop/exchange@NUS/IS3107/HW/Project/news_data_pipeline/.venv/lib/python3.11/site-packages/airflow/example_dags/example_setup_teardown_taskflow.py
[2024-04-12T19:54:08.957+0800] {logging_mixin.py:188} INFO - [2024-04-12T19:54:08.957+0800] {dag.py:3036} INFO - Sync 1 DAGs
[2024-04-12T19:54:08.966+0800] {logging_mixin.py:188} INFO - [2024-04-12T19:54:08.966+0800] {dag.py:3823} INFO - Setting next_dagrun for example_setup_teardown_taskflow to 2024-04-11 00:00:00+00:00, run_after=2024-04-12 00:00:00+00:00
[2024-04-12T19:54:08.976+0800] {processor.py:183} INFO - Processing /Users/wanghaojin/Desktop/exchange@NUS/IS3107/HW/Project/news_data_pipeline/.venv/lib/python3.11/site-packages/airflow/example_dags/example_setup_teardown_taskflow.py took 0.117 seconds
[2024-04-12T19:56:25.597+0800] {processor.py:161} INFO - Started process (PID=6468) to work on /Users/wanghaojin/Desktop/exchange@NUS/IS3107/HW/Project/news_data_pipeline/.venv/lib/python3.11/site-packages/airflow/example_dags/example_setup_teardown_taskflow.py
[2024-04-12T19:56:25.598+0800] {processor.py:830} INFO - Processing file /Users/wanghaojin/Desktop/exchange@NUS/IS3107/HW/Project/news_data_pipeline/.venv/lib/python3.11/site-packages/airflow/example_dags/example_setup_teardown_taskflow.py for tasks to queue
[2024-04-12T19:56:25.598+0800] {logging_mixin.py:188} INFO - [2024-04-12T19:56:25.598+0800] {dagbag.py:538} INFO - Filling up the DagBag from /Users/wanghaojin/Desktop/exchange@NUS/IS3107/HW/Project/news_data_pipeline/.venv/lib/python3.11/site-packages/airflow/example_dags/example_setup_teardown_taskflow.py
[2024-04-12T19:56:25.619+0800] {processor.py:840} INFO - DAG(s) 'example_setup_teardown_taskflow' retrieved from /Users/wanghaojin/Desktop/exchange@NUS/IS3107/HW/Project/news_data_pipeline/.venv/lib/python3.11/site-packages/airflow/example_dags/example_setup_teardown_taskflow.py
[2024-04-12T19:56:25.695+0800] {logging_mixin.py:188} INFO - [2024-04-12T19:56:25.695+0800] {dag.py:3036} INFO - Sync 1 DAGs
[2024-04-12T19:56:25.705+0800] {logging_mixin.py:188} INFO - [2024-04-12T19:56:25.704+0800] {dag.py:3823} INFO - Setting next_dagrun for example_setup_teardown_taskflow to 2024-04-11 00:00:00+00:00, run_after=2024-04-12 00:00:00+00:00
[2024-04-12T19:56:25.715+0800] {processor.py:183} INFO - Processing /Users/wanghaojin/Desktop/exchange@NUS/IS3107/HW/Project/news_data_pipeline/.venv/lib/python3.11/site-packages/airflow/example_dags/example_setup_teardown_taskflow.py took 0.119 seconds
[2024-04-12T19:58:36.469+0800] {processor.py:161} INFO - Started process (PID=6594) to work on /Users/wanghaojin/Desktop/exchange@NUS/IS3107/HW/Project/news_data_pipeline/.venv/lib/python3.11/site-packages/airflow/example_dags/example_setup_teardown_taskflow.py
[2024-04-12T19:58:36.470+0800] {processor.py:830} INFO - Processing file /Users/wanghaojin/Desktop/exchange@NUS/IS3107/HW/Project/news_data_pipeline/.venv/lib/python3.11/site-packages/airflow/example_dags/example_setup_teardown_taskflow.py for tasks to queue
[2024-04-12T19:58:36.470+0800] {logging_mixin.py:188} INFO - [2024-04-12T19:58:36.470+0800] {dagbag.py:538} INFO - Filling up the DagBag from /Users/wanghaojin/Desktop/exchange@NUS/IS3107/HW/Project/news_data_pipeline/.venv/lib/python3.11/site-packages/airflow/example_dags/example_setup_teardown_taskflow.py
[2024-04-12T19:58:36.491+0800] {processor.py:840} INFO - DAG(s) 'example_setup_teardown_taskflow' retrieved from /Users/wanghaojin/Desktop/exchange@NUS/IS3107/HW/Project/news_data_pipeline/.venv/lib/python3.11/site-packages/airflow/example_dags/example_setup_teardown_taskflow.py
[2024-04-12T19:58:36.568+0800] {logging_mixin.py:188} INFO - [2024-04-12T19:58:36.567+0800] {dag.py:3036} INFO - Sync 1 DAGs
[2024-04-12T19:58:36.577+0800] {logging_mixin.py:188} INFO - [2024-04-12T19:58:36.577+0800] {dag.py:3823} INFO - Setting next_dagrun for example_setup_teardown_taskflow to 2024-04-11 00:00:00+00:00, run_after=2024-04-12 00:00:00+00:00
[2024-04-12T19:58:36.587+0800] {processor.py:183} INFO - Processing /Users/wanghaojin/Desktop/exchange@NUS/IS3107/HW/Project/news_data_pipeline/.venv/lib/python3.11/site-packages/airflow/example_dags/example_setup_teardown_taskflow.py took 0.119 seconds
[2024-04-12T20:00:52.597+0800] {processor.py:161} INFO - Started process (PID=6761) to work on /Users/wanghaojin/Desktop/exchange@NUS/IS3107/HW/Project/news_data_pipeline/.venv/lib/python3.11/site-packages/airflow/example_dags/example_setup_teardown_taskflow.py
[2024-04-12T20:00:52.598+0800] {processor.py:830} INFO - Processing file /Users/wanghaojin/Desktop/exchange@NUS/IS3107/HW/Project/news_data_pipeline/.venv/lib/python3.11/site-packages/airflow/example_dags/example_setup_teardown_taskflow.py for tasks to queue
[2024-04-12T20:00:52.598+0800] {logging_mixin.py:188} INFO - [2024-04-12T20:00:52.598+0800] {dagbag.py:538} INFO - Filling up the DagBag from /Users/wanghaojin/Desktop/exchange@NUS/IS3107/HW/Project/news_data_pipeline/.venv/lib/python3.11/site-packages/airflow/example_dags/example_setup_teardown_taskflow.py
[2024-04-12T20:00:52.619+0800] {processor.py:840} INFO - DAG(s) 'example_setup_teardown_taskflow' retrieved from /Users/wanghaojin/Desktop/exchange@NUS/IS3107/HW/Project/news_data_pipeline/.venv/lib/python3.11/site-packages/airflow/example_dags/example_setup_teardown_taskflow.py
[2024-04-12T20:00:52.695+0800] {logging_mixin.py:188} INFO - [2024-04-12T20:00:52.695+0800] {dag.py:3036} INFO - Sync 1 DAGs
[2024-04-12T20:00:52.704+0800] {logging_mixin.py:188} INFO - [2024-04-12T20:00:52.704+0800] {dag.py:3823} INFO - Setting next_dagrun for example_setup_teardown_taskflow to 2024-04-11 00:00:00+00:00, run_after=2024-04-12 00:00:00+00:00
[2024-04-12T20:00:52.714+0800] {processor.py:183} INFO - Processing /Users/wanghaojin/Desktop/exchange@NUS/IS3107/HW/Project/news_data_pipeline/.venv/lib/python3.11/site-packages/airflow/example_dags/example_setup_teardown_taskflow.py took 0.118 seconds
[2024-04-12T20:03:13.642+0800] {processor.py:161} INFO - Started process (PID=7066) to work on /Users/wanghaojin/Desktop/exchange@NUS/IS3107/HW/Project/news_data_pipeline/.venv/lib/python3.11/site-packages/airflow/example_dags/example_setup_teardown_taskflow.py
[2024-04-12T20:03:13.644+0800] {processor.py:830} INFO - Processing file /Users/wanghaojin/Desktop/exchange@NUS/IS3107/HW/Project/news_data_pipeline/.venv/lib/python3.11/site-packages/airflow/example_dags/example_setup_teardown_taskflow.py for tasks to queue
[2024-04-12T20:03:13.644+0800] {logging_mixin.py:188} INFO - [2024-04-12T20:03:13.644+0800] {dagbag.py:538} INFO - Filling up the DagBag from /Users/wanghaojin/Desktop/exchange@NUS/IS3107/HW/Project/news_data_pipeline/.venv/lib/python3.11/site-packages/airflow/example_dags/example_setup_teardown_taskflow.py
[2024-04-12T20:03:13.665+0800] {processor.py:840} INFO - DAG(s) 'example_setup_teardown_taskflow' retrieved from /Users/wanghaojin/Desktop/exchange@NUS/IS3107/HW/Project/news_data_pipeline/.venv/lib/python3.11/site-packages/airflow/example_dags/example_setup_teardown_taskflow.py
[2024-04-12T20:03:13.741+0800] {logging_mixin.py:188} INFO - [2024-04-12T20:03:13.741+0800] {dag.py:3036} INFO - Sync 1 DAGs
[2024-04-12T20:03:13.750+0800] {logging_mixin.py:188} INFO - [2024-04-12T20:03:13.750+0800] {dag.py:3823} INFO - Setting next_dagrun for example_setup_teardown_taskflow to 2024-04-11 00:00:00+00:00, run_after=2024-04-12 00:00:00+00:00
[2024-04-12T20:03:13.760+0800] {processor.py:183} INFO - Processing /Users/wanghaojin/Desktop/exchange@NUS/IS3107/HW/Project/news_data_pipeline/.venv/lib/python3.11/site-packages/airflow/example_dags/example_setup_teardown_taskflow.py took 0.119 seconds
[2024-04-12T20:05:30.087+0800] {processor.py:161} INFO - Started process (PID=7263) to work on /Users/wanghaojin/Desktop/exchange@NUS/IS3107/HW/Project/news_data_pipeline/.venv/lib/python3.11/site-packages/airflow/example_dags/example_setup_teardown_taskflow.py
[2024-04-12T20:05:30.088+0800] {processor.py:830} INFO - Processing file /Users/wanghaojin/Desktop/exchange@NUS/IS3107/HW/Project/news_data_pipeline/.venv/lib/python3.11/site-packages/airflow/example_dags/example_setup_teardown_taskflow.py for tasks to queue
[2024-04-12T20:05:30.088+0800] {logging_mixin.py:188} INFO - [2024-04-12T20:05:30.088+0800] {dagbag.py:538} INFO - Filling up the DagBag from /Users/wanghaojin/Desktop/exchange@NUS/IS3107/HW/Project/news_data_pipeline/.venv/lib/python3.11/site-packages/airflow/example_dags/example_setup_teardown_taskflow.py
[2024-04-12T20:05:30.109+0800] {processor.py:840} INFO - DAG(s) 'example_setup_teardown_taskflow' retrieved from /Users/wanghaojin/Desktop/exchange@NUS/IS3107/HW/Project/news_data_pipeline/.venv/lib/python3.11/site-packages/airflow/example_dags/example_setup_teardown_taskflow.py
[2024-04-12T20:05:30.185+0800] {logging_mixin.py:188} INFO - [2024-04-12T20:05:30.185+0800] {dag.py:3036} INFO - Sync 1 DAGs
[2024-04-12T20:05:30.195+0800] {logging_mixin.py:188} INFO - [2024-04-12T20:05:30.195+0800] {dag.py:3823} INFO - Setting next_dagrun for example_setup_teardown_taskflow to 2024-04-11 00:00:00+00:00, run_after=2024-04-12 00:00:00+00:00
[2024-04-12T20:05:30.205+0800] {processor.py:183} INFO - Processing /Users/wanghaojin/Desktop/exchange@NUS/IS3107/HW/Project/news_data_pipeline/.venv/lib/python3.11/site-packages/airflow/example_dags/example_setup_teardown_taskflow.py took 0.118 seconds
[2024-04-12T20:07:47.676+0800] {processor.py:161} INFO - Started process (PID=7482) to work on /Users/wanghaojin/Desktop/exchange@NUS/IS3107/HW/Project/news_data_pipeline/.venv/lib/python3.11/site-packages/airflow/example_dags/example_setup_teardown_taskflow.py
[2024-04-12T20:07:47.677+0800] {processor.py:830} INFO - Processing file /Users/wanghaojin/Desktop/exchange@NUS/IS3107/HW/Project/news_data_pipeline/.venv/lib/python3.11/site-packages/airflow/example_dags/example_setup_teardown_taskflow.py for tasks to queue
[2024-04-12T20:07:47.677+0800] {logging_mixin.py:188} INFO - [2024-04-12T20:07:47.677+0800] {dagbag.py:538} INFO - Filling up the DagBag from /Users/wanghaojin/Desktop/exchange@NUS/IS3107/HW/Project/news_data_pipeline/.venv/lib/python3.11/site-packages/airflow/example_dags/example_setup_teardown_taskflow.py
[2024-04-12T20:07:47.697+0800] {processor.py:840} INFO - DAG(s) 'example_setup_teardown_taskflow' retrieved from /Users/wanghaojin/Desktop/exchange@NUS/IS3107/HW/Project/news_data_pipeline/.venv/lib/python3.11/site-packages/airflow/example_dags/example_setup_teardown_taskflow.py
[2024-04-12T20:07:47.774+0800] {logging_mixin.py:188} INFO - [2024-04-12T20:07:47.774+0800] {dag.py:3036} INFO - Sync 1 DAGs
[2024-04-12T20:07:47.784+0800] {logging_mixin.py:188} INFO - [2024-04-12T20:07:47.784+0800] {dag.py:3823} INFO - Setting next_dagrun for example_setup_teardown_taskflow to 2024-04-11 00:00:00+00:00, run_after=2024-04-12 00:00:00+00:00
[2024-04-12T20:07:47.794+0800] {processor.py:183} INFO - Processing /Users/wanghaojin/Desktop/exchange@NUS/IS3107/HW/Project/news_data_pipeline/.venv/lib/python3.11/site-packages/airflow/example_dags/example_setup_teardown_taskflow.py took 0.118 seconds
[2024-04-12T20:10:04.307+0800] {processor.py:161} INFO - Started process (PID=7658) to work on /Users/wanghaojin/Desktop/exchange@NUS/IS3107/HW/Project/news_data_pipeline/.venv/lib/python3.11/site-packages/airflow/example_dags/example_setup_teardown_taskflow.py
[2024-04-12T20:10:04.308+0800] {processor.py:830} INFO - Processing file /Users/wanghaojin/Desktop/exchange@NUS/IS3107/HW/Project/news_data_pipeline/.venv/lib/python3.11/site-packages/airflow/example_dags/example_setup_teardown_taskflow.py for tasks to queue
[2024-04-12T20:10:04.308+0800] {logging_mixin.py:188} INFO - [2024-04-12T20:10:04.308+0800] {dagbag.py:538} INFO - Filling up the DagBag from /Users/wanghaojin/Desktop/exchange@NUS/IS3107/HW/Project/news_data_pipeline/.venv/lib/python3.11/site-packages/airflow/example_dags/example_setup_teardown_taskflow.py
[2024-04-12T20:10:04.328+0800] {processor.py:840} INFO - DAG(s) 'example_setup_teardown_taskflow' retrieved from /Users/wanghaojin/Desktop/exchange@NUS/IS3107/HW/Project/news_data_pipeline/.venv/lib/python3.11/site-packages/airflow/example_dags/example_setup_teardown_taskflow.py
[2024-04-12T20:10:04.405+0800] {logging_mixin.py:188} INFO - [2024-04-12T20:10:04.405+0800] {dag.py:3036} INFO - Sync 1 DAGs
[2024-04-12T20:10:04.414+0800] {logging_mixin.py:188} INFO - [2024-04-12T20:10:04.414+0800] {dag.py:3823} INFO - Setting next_dagrun for example_setup_teardown_taskflow to 2024-04-11 00:00:00+00:00, run_after=2024-04-12 00:00:00+00:00
[2024-04-12T20:10:04.425+0800] {processor.py:183} INFO - Processing /Users/wanghaojin/Desktop/exchange@NUS/IS3107/HW/Project/news_data_pipeline/.venv/lib/python3.11/site-packages/airflow/example_dags/example_setup_teardown_taskflow.py took 0.118 seconds
[2024-04-12T20:12:22.237+0800] {processor.py:161} INFO - Started process (PID=7893) to work on /Users/wanghaojin/Desktop/exchange@NUS/IS3107/HW/Project/news_data_pipeline/.venv/lib/python3.11/site-packages/airflow/example_dags/example_setup_teardown_taskflow.py
[2024-04-12T20:12:22.237+0800] {processor.py:830} INFO - Processing file /Users/wanghaojin/Desktop/exchange@NUS/IS3107/HW/Project/news_data_pipeline/.venv/lib/python3.11/site-packages/airflow/example_dags/example_setup_teardown_taskflow.py for tasks to queue
[2024-04-12T20:12:22.238+0800] {logging_mixin.py:188} INFO - [2024-04-12T20:12:22.238+0800] {dagbag.py:538} INFO - Filling up the DagBag from /Users/wanghaojin/Desktop/exchange@NUS/IS3107/HW/Project/news_data_pipeline/.venv/lib/python3.11/site-packages/airflow/example_dags/example_setup_teardown_taskflow.py
[2024-04-12T20:12:22.258+0800] {processor.py:840} INFO - DAG(s) 'example_setup_teardown_taskflow' retrieved from /Users/wanghaojin/Desktop/exchange@NUS/IS3107/HW/Project/news_data_pipeline/.venv/lib/python3.11/site-packages/airflow/example_dags/example_setup_teardown_taskflow.py
[2024-04-12T20:12:22.342+0800] {logging_mixin.py:188} INFO - [2024-04-12T20:12:22.342+0800] {dag.py:3036} INFO - Sync 1 DAGs
[2024-04-12T20:12:22.352+0800] {logging_mixin.py:188} INFO - [2024-04-12T20:12:22.351+0800] {dag.py:3823} INFO - Setting next_dagrun for example_setup_teardown_taskflow to 2024-04-11 00:00:00+00:00, run_after=2024-04-12 00:00:00+00:00
[2024-04-12T20:12:22.362+0800] {processor.py:183} INFO - Processing /Users/wanghaojin/Desktop/exchange@NUS/IS3107/HW/Project/news_data_pipeline/.venv/lib/python3.11/site-packages/airflow/example_dags/example_setup_teardown_taskflow.py took 0.126 seconds
[2024-04-12T20:14:39.629+0800] {processor.py:161} INFO - Started process (PID=8125) to work on /Users/wanghaojin/Desktop/exchange@NUS/IS3107/HW/Project/news_data_pipeline/.venv/lib/python3.11/site-packages/airflow/example_dags/example_setup_teardown_taskflow.py
[2024-04-12T20:14:39.630+0800] {processor.py:830} INFO - Processing file /Users/wanghaojin/Desktop/exchange@NUS/IS3107/HW/Project/news_data_pipeline/.venv/lib/python3.11/site-packages/airflow/example_dags/example_setup_teardown_taskflow.py for tasks to queue
[2024-04-12T20:14:39.631+0800] {logging_mixin.py:188} INFO - [2024-04-12T20:14:39.631+0800] {dagbag.py:538} INFO - Filling up the DagBag from /Users/wanghaojin/Desktop/exchange@NUS/IS3107/HW/Project/news_data_pipeline/.venv/lib/python3.11/site-packages/airflow/example_dags/example_setup_teardown_taskflow.py
[2024-04-12T20:14:39.651+0800] {processor.py:840} INFO - DAG(s) 'example_setup_teardown_taskflow' retrieved from /Users/wanghaojin/Desktop/exchange@NUS/IS3107/HW/Project/news_data_pipeline/.venv/lib/python3.11/site-packages/airflow/example_dags/example_setup_teardown_taskflow.py
[2024-04-12T20:14:39.730+0800] {logging_mixin.py:188} INFO - [2024-04-12T20:14:39.730+0800] {dag.py:3036} INFO - Sync 1 DAGs
[2024-04-12T20:14:39.740+0800] {logging_mixin.py:188} INFO - [2024-04-12T20:14:39.740+0800] {dag.py:3823} INFO - Setting next_dagrun for example_setup_teardown_taskflow to 2024-04-11 00:00:00+00:00, run_after=2024-04-12 00:00:00+00:00
[2024-04-12T20:14:39.750+0800] {processor.py:183} INFO - Processing /Users/wanghaojin/Desktop/exchange@NUS/IS3107/HW/Project/news_data_pipeline/.venv/lib/python3.11/site-packages/airflow/example_dags/example_setup_teardown_taskflow.py took 0.122 seconds
[2024-04-12T20:16:56.933+0800] {processor.py:161} INFO - Started process (PID=8417) to work on /Users/wanghaojin/Desktop/exchange@NUS/IS3107/HW/Project/news_data_pipeline/.venv/lib/python3.11/site-packages/airflow/example_dags/example_setup_teardown_taskflow.py
[2024-04-12T20:16:56.935+0800] {processor.py:830} INFO - Processing file /Users/wanghaojin/Desktop/exchange@NUS/IS3107/HW/Project/news_data_pipeline/.venv/lib/python3.11/site-packages/airflow/example_dags/example_setup_teardown_taskflow.py for tasks to queue
[2024-04-12T20:16:56.935+0800] {logging_mixin.py:188} INFO - [2024-04-12T20:16:56.935+0800] {dagbag.py:538} INFO - Filling up the DagBag from /Users/wanghaojin/Desktop/exchange@NUS/IS3107/HW/Project/news_data_pipeline/.venv/lib/python3.11/site-packages/airflow/example_dags/example_setup_teardown_taskflow.py
[2024-04-12T20:16:56.957+0800] {processor.py:840} INFO - DAG(s) 'example_setup_teardown_taskflow' retrieved from /Users/wanghaojin/Desktop/exchange@NUS/IS3107/HW/Project/news_data_pipeline/.venv/lib/python3.11/site-packages/airflow/example_dags/example_setup_teardown_taskflow.py
[2024-04-12T20:16:57.041+0800] {logging_mixin.py:188} INFO - [2024-04-12T20:16:57.041+0800] {dag.py:3036} INFO - Sync 1 DAGs
[2024-04-12T20:16:57.050+0800] {logging_mixin.py:188} INFO - [2024-04-12T20:16:57.050+0800] {dag.py:3823} INFO - Setting next_dagrun for example_setup_teardown_taskflow to 2024-04-11 00:00:00+00:00, run_after=2024-04-12 00:00:00+00:00
[2024-04-12T20:16:57.061+0800] {processor.py:183} INFO - Processing /Users/wanghaojin/Desktop/exchange@NUS/IS3107/HW/Project/news_data_pipeline/.venv/lib/python3.11/site-packages/airflow/example_dags/example_setup_teardown_taskflow.py took 0.128 seconds
[2024-04-12T20:18:58.630+0800] {processor.py:161} INFO - Started process (PID=8723) to work on /Users/wanghaojin/Desktop/exchange@NUS/IS3107/HW/Project/news_data_pipeline/.venv/lib/python3.11/site-packages/airflow/example_dags/example_setup_teardown_taskflow.py
[2024-04-12T20:18:58.631+0800] {processor.py:830} INFO - Processing file /Users/wanghaojin/Desktop/exchange@NUS/IS3107/HW/Project/news_data_pipeline/.venv/lib/python3.11/site-packages/airflow/example_dags/example_setup_teardown_taskflow.py for tasks to queue
[2024-04-12T20:18:58.631+0800] {logging_mixin.py:188} INFO - [2024-04-12T20:18:58.631+0800] {dagbag.py:538} INFO - Filling up the DagBag from /Users/wanghaojin/Desktop/exchange@NUS/IS3107/HW/Project/news_data_pipeline/.venv/lib/python3.11/site-packages/airflow/example_dags/example_setup_teardown_taskflow.py
[2024-04-12T20:18:58.651+0800] {processor.py:840} INFO - DAG(s) 'example_setup_teardown_taskflow' retrieved from /Users/wanghaojin/Desktop/exchange@NUS/IS3107/HW/Project/news_data_pipeline/.venv/lib/python3.11/site-packages/airflow/example_dags/example_setup_teardown_taskflow.py
[2024-04-12T20:18:58.772+0800] {logging_mixin.py:188} INFO - [2024-04-12T20:18:58.772+0800] {dag.py:3036} INFO - Sync 1 DAGs
[2024-04-12T20:18:58.780+0800] {logging_mixin.py:188} INFO - [2024-04-12T20:18:58.780+0800] {dag.py:3823} INFO - Setting next_dagrun for example_setup_teardown_taskflow to 2024-04-11 00:00:00+00:00, run_after=2024-04-12 00:00:00+00:00
[2024-04-12T20:18:58.791+0800] {processor.py:183} INFO - Processing /Users/wanghaojin/Desktop/exchange@NUS/IS3107/HW/Project/news_data_pipeline/.venv/lib/python3.11/site-packages/airflow/example_dags/example_setup_teardown_taskflow.py took 0.162 seconds
[2024-04-12T20:21:18.045+0800] {processor.py:161} INFO - Started process (PID=8922) to work on /Users/wanghaojin/Desktop/exchange@NUS/IS3107/HW/Project/news_data_pipeline/.venv/lib/python3.11/site-packages/airflow/example_dags/example_setup_teardown_taskflow.py
[2024-04-12T20:21:18.046+0800] {processor.py:830} INFO - Processing file /Users/wanghaojin/Desktop/exchange@NUS/IS3107/HW/Project/news_data_pipeline/.venv/lib/python3.11/site-packages/airflow/example_dags/example_setup_teardown_taskflow.py for tasks to queue
[2024-04-12T20:21:18.046+0800] {logging_mixin.py:188} INFO - [2024-04-12T20:21:18.046+0800] {dagbag.py:538} INFO - Filling up the DagBag from /Users/wanghaojin/Desktop/exchange@NUS/IS3107/HW/Project/news_data_pipeline/.venv/lib/python3.11/site-packages/airflow/example_dags/example_setup_teardown_taskflow.py
[2024-04-12T20:21:18.066+0800] {processor.py:840} INFO - DAG(s) 'example_setup_teardown_taskflow' retrieved from /Users/wanghaojin/Desktop/exchange@NUS/IS3107/HW/Project/news_data_pipeline/.venv/lib/python3.11/site-packages/airflow/example_dags/example_setup_teardown_taskflow.py
[2024-04-12T20:21:18.186+0800] {logging_mixin.py:188} INFO - [2024-04-12T20:21:18.186+0800] {dag.py:3036} INFO - Sync 1 DAGs
[2024-04-12T20:21:18.194+0800] {logging_mixin.py:188} INFO - [2024-04-12T20:21:18.194+0800] {dag.py:3823} INFO - Setting next_dagrun for example_setup_teardown_taskflow to 2024-04-11 00:00:00+00:00, run_after=2024-04-12 00:00:00+00:00
[2024-04-12T20:21:18.205+0800] {processor.py:183} INFO - Processing /Users/wanghaojin/Desktop/exchange@NUS/IS3107/HW/Project/news_data_pipeline/.venv/lib/python3.11/site-packages/airflow/example_dags/example_setup_teardown_taskflow.py took 0.161 seconds
[2024-04-12T20:22:56.887+0800] {processor.py:161} INFO - Started process (PID=9017) to work on /Users/wanghaojin/Desktop/exchange@NUS/IS3107/HW/Project/news_data_pipeline/.venv/lib/python3.11/site-packages/airflow/example_dags/example_setup_teardown_taskflow.py
[2024-04-12T20:22:56.888+0800] {processor.py:830} INFO - Processing file /Users/wanghaojin/Desktop/exchange@NUS/IS3107/HW/Project/news_data_pipeline/.venv/lib/python3.11/site-packages/airflow/example_dags/example_setup_teardown_taskflow.py for tasks to queue
[2024-04-12T20:22:56.888+0800] {logging_mixin.py:188} INFO - [2024-04-12T20:22:56.888+0800] {dagbag.py:538} INFO - Filling up the DagBag from /Users/wanghaojin/Desktop/exchange@NUS/IS3107/HW/Project/news_data_pipeline/.venv/lib/python3.11/site-packages/airflow/example_dags/example_setup_teardown_taskflow.py
[2024-04-12T20:22:56.908+0800] {processor.py:840} INFO - DAG(s) 'example_setup_teardown_taskflow' retrieved from /Users/wanghaojin/Desktop/exchange@NUS/IS3107/HW/Project/news_data_pipeline/.venv/lib/python3.11/site-packages/airflow/example_dags/example_setup_teardown_taskflow.py
[2024-04-12T20:22:56.984+0800] {logging_mixin.py:188} INFO - [2024-04-12T20:22:56.984+0800] {dag.py:3036} INFO - Sync 1 DAGs
[2024-04-12T20:22:56.993+0800] {logging_mixin.py:188} INFO - [2024-04-12T20:22:56.993+0800] {dag.py:3823} INFO - Setting next_dagrun for example_setup_teardown_taskflow to 2024-04-11 00:00:00+00:00, run_after=2024-04-12 00:00:00+00:00
[2024-04-12T20:22:57.004+0800] {processor.py:183} INFO - Processing /Users/wanghaojin/Desktop/exchange@NUS/IS3107/HW/Project/news_data_pipeline/.venv/lib/python3.11/site-packages/airflow/example_dags/example_setup_teardown_taskflow.py took 0.117 seconds
[2024-04-12T20:25:30.151+0800] {processor.py:161} INFO - Started process (PID=9256) to work on /Users/wanghaojin/Desktop/exchange@NUS/IS3107/HW/Project/news_data_pipeline/.venv/lib/python3.11/site-packages/airflow/example_dags/example_setup_teardown_taskflow.py
[2024-04-12T20:25:30.152+0800] {processor.py:830} INFO - Processing file /Users/wanghaojin/Desktop/exchange@NUS/IS3107/HW/Project/news_data_pipeline/.venv/lib/python3.11/site-packages/airflow/example_dags/example_setup_teardown_taskflow.py for tasks to queue
[2024-04-12T20:25:30.152+0800] {logging_mixin.py:188} INFO - [2024-04-12T20:25:30.152+0800] {dagbag.py:538} INFO - Filling up the DagBag from /Users/wanghaojin/Desktop/exchange@NUS/IS3107/HW/Project/news_data_pipeline/.venv/lib/python3.11/site-packages/airflow/example_dags/example_setup_teardown_taskflow.py
[2024-04-12T20:25:30.173+0800] {processor.py:840} INFO - DAG(s) 'example_setup_teardown_taskflow' retrieved from /Users/wanghaojin/Desktop/exchange@NUS/IS3107/HW/Project/news_data_pipeline/.venv/lib/python3.11/site-packages/airflow/example_dags/example_setup_teardown_taskflow.py
[2024-04-12T20:25:30.249+0800] {logging_mixin.py:188} INFO - [2024-04-12T20:25:30.249+0800] {dag.py:3036} INFO - Sync 1 DAGs
[2024-04-12T20:25:30.258+0800] {logging_mixin.py:188} INFO - [2024-04-12T20:25:30.258+0800] {dag.py:3823} INFO - Setting next_dagrun for example_setup_teardown_taskflow to 2024-04-11 00:00:00+00:00, run_after=2024-04-12 00:00:00+00:00
[2024-04-12T20:25:30.269+0800] {processor.py:183} INFO - Processing /Users/wanghaojin/Desktop/exchange@NUS/IS3107/HW/Project/news_data_pipeline/.venv/lib/python3.11/site-packages/airflow/example_dags/example_setup_teardown_taskflow.py took 0.118 seconds
[2024-04-12T20:27:49.076+0800] {processor.py:161} INFO - Started process (PID=9509) to work on /Users/wanghaojin/Desktop/exchange@NUS/IS3107/HW/Project/news_data_pipeline/.venv/lib/python3.11/site-packages/airflow/example_dags/example_setup_teardown_taskflow.py
[2024-04-12T20:27:49.077+0800] {processor.py:830} INFO - Processing file /Users/wanghaojin/Desktop/exchange@NUS/IS3107/HW/Project/news_data_pipeline/.venv/lib/python3.11/site-packages/airflow/example_dags/example_setup_teardown_taskflow.py for tasks to queue
[2024-04-12T20:27:49.078+0800] {logging_mixin.py:188} INFO - [2024-04-12T20:27:49.077+0800] {dagbag.py:538} INFO - Filling up the DagBag from /Users/wanghaojin/Desktop/exchange@NUS/IS3107/HW/Project/news_data_pipeline/.venv/lib/python3.11/site-packages/airflow/example_dags/example_setup_teardown_taskflow.py
[2024-04-12T20:27:49.098+0800] {processor.py:840} INFO - DAG(s) 'example_setup_teardown_taskflow' retrieved from /Users/wanghaojin/Desktop/exchange@NUS/IS3107/HW/Project/news_data_pipeline/.venv/lib/python3.11/site-packages/airflow/example_dags/example_setup_teardown_taskflow.py
[2024-04-12T20:27:49.175+0800] {logging_mixin.py:188} INFO - [2024-04-12T20:27:49.174+0800] {dag.py:3036} INFO - Sync 1 DAGs
[2024-04-12T20:27:49.184+0800] {logging_mixin.py:188} INFO - [2024-04-12T20:27:49.184+0800] {dag.py:3823} INFO - Setting next_dagrun for example_setup_teardown_taskflow to 2024-04-11 00:00:00+00:00, run_after=2024-04-12 00:00:00+00:00
[2024-04-12T20:27:49.194+0800] {processor.py:183} INFO - Processing /Users/wanghaojin/Desktop/exchange@NUS/IS3107/HW/Project/news_data_pipeline/.venv/lib/python3.11/site-packages/airflow/example_dags/example_setup_teardown_taskflow.py took 0.118 seconds
[2024-04-12T20:30:02.560+0800] {processor.py:161} INFO - Started process (PID=9799) to work on /Users/wanghaojin/Desktop/exchange@NUS/IS3107/HW/Project/news_data_pipeline/.venv/lib/python3.11/site-packages/airflow/example_dags/example_setup_teardown_taskflow.py
[2024-04-12T20:30:02.561+0800] {processor.py:830} INFO - Processing file /Users/wanghaojin/Desktop/exchange@NUS/IS3107/HW/Project/news_data_pipeline/.venv/lib/python3.11/site-packages/airflow/example_dags/example_setup_teardown_taskflow.py for tasks to queue
[2024-04-12T20:30:02.561+0800] {logging_mixin.py:188} INFO - [2024-04-12T20:30:02.561+0800] {dagbag.py:538} INFO - Filling up the DagBag from /Users/wanghaojin/Desktop/exchange@NUS/IS3107/HW/Project/news_data_pipeline/.venv/lib/python3.11/site-packages/airflow/example_dags/example_setup_teardown_taskflow.py
[2024-04-12T20:30:02.582+0800] {processor.py:840} INFO - DAG(s) 'example_setup_teardown_taskflow' retrieved from /Users/wanghaojin/Desktop/exchange@NUS/IS3107/HW/Project/news_data_pipeline/.venv/lib/python3.11/site-packages/airflow/example_dags/example_setup_teardown_taskflow.py
[2024-04-12T20:30:02.704+0800] {logging_mixin.py:188} INFO - [2024-04-12T20:30:02.704+0800] {dag.py:3036} INFO - Sync 1 DAGs
[2024-04-12T20:30:02.712+0800] {logging_mixin.py:188} INFO - [2024-04-12T20:30:02.712+0800] {dag.py:3823} INFO - Setting next_dagrun for example_setup_teardown_taskflow to 2024-04-11 00:00:00+00:00, run_after=2024-04-12 00:00:00+00:00
[2024-04-12T20:30:02.723+0800] {processor.py:183} INFO - Processing /Users/wanghaojin/Desktop/exchange@NUS/IS3107/HW/Project/news_data_pipeline/.venv/lib/python3.11/site-packages/airflow/example_dags/example_setup_teardown_taskflow.py took 0.164 seconds
[2024-04-12T20:31:42.235+0800] {processor.py:161} INFO - Started process (PID=9936) to work on /Users/wanghaojin/Desktop/exchange@NUS/IS3107/HW/Project/news_data_pipeline/.venv/lib/python3.11/site-packages/airflow/example_dags/example_setup_teardown_taskflow.py
[2024-04-12T20:31:42.237+0800] {processor.py:830} INFO - Processing file /Users/wanghaojin/Desktop/exchange@NUS/IS3107/HW/Project/news_data_pipeline/.venv/lib/python3.11/site-packages/airflow/example_dags/example_setup_teardown_taskflow.py for tasks to queue
[2024-04-12T20:31:42.237+0800] {logging_mixin.py:188} INFO - [2024-04-12T20:31:42.237+0800] {dagbag.py:538} INFO - Filling up the DagBag from /Users/wanghaojin/Desktop/exchange@NUS/IS3107/HW/Project/news_data_pipeline/.venv/lib/python3.11/site-packages/airflow/example_dags/example_setup_teardown_taskflow.py
[2024-04-12T20:31:42.257+0800] {processor.py:840} INFO - DAG(s) 'example_setup_teardown_taskflow' retrieved from /Users/wanghaojin/Desktop/exchange@NUS/IS3107/HW/Project/news_data_pipeline/.venv/lib/python3.11/site-packages/airflow/example_dags/example_setup_teardown_taskflow.py
[2024-04-12T20:31:42.334+0800] {logging_mixin.py:188} INFO - [2024-04-12T20:31:42.334+0800] {dag.py:3036} INFO - Sync 1 DAGs
[2024-04-12T20:31:42.344+0800] {logging_mixin.py:188} INFO - [2024-04-12T20:31:42.344+0800] {dag.py:3823} INFO - Setting next_dagrun for example_setup_teardown_taskflow to 2024-04-11 00:00:00+00:00, run_after=2024-04-12 00:00:00+00:00
[2024-04-12T20:31:42.354+0800] {processor.py:183} INFO - Processing /Users/wanghaojin/Desktop/exchange@NUS/IS3107/HW/Project/news_data_pipeline/.venv/lib/python3.11/site-packages/airflow/example_dags/example_setup_teardown_taskflow.py took 0.119 seconds
[2024-04-12T20:34:21.592+0800] {processor.py:161} INFO - Started process (PID=10244) to work on /Users/wanghaojin/Desktop/exchange@NUS/IS3107/HW/Project/news_data_pipeline/.venv/lib/python3.11/site-packages/airflow/example_dags/example_setup_teardown_taskflow.py
[2024-04-12T20:34:21.593+0800] {processor.py:830} INFO - Processing file /Users/wanghaojin/Desktop/exchange@NUS/IS3107/HW/Project/news_data_pipeline/.venv/lib/python3.11/site-packages/airflow/example_dags/example_setup_teardown_taskflow.py for tasks to queue
[2024-04-12T20:34:21.593+0800] {logging_mixin.py:188} INFO - [2024-04-12T20:34:21.593+0800] {dagbag.py:538} INFO - Filling up the DagBag from /Users/wanghaojin/Desktop/exchange@NUS/IS3107/HW/Project/news_data_pipeline/.venv/lib/python3.11/site-packages/airflow/example_dags/example_setup_teardown_taskflow.py
[2024-04-12T20:34:21.614+0800] {processor.py:840} INFO - DAG(s) 'example_setup_teardown_taskflow' retrieved from /Users/wanghaojin/Desktop/exchange@NUS/IS3107/HW/Project/news_data_pipeline/.venv/lib/python3.11/site-packages/airflow/example_dags/example_setup_teardown_taskflow.py
[2024-04-12T20:34:21.735+0800] {logging_mixin.py:188} INFO - [2024-04-12T20:34:21.734+0800] {dag.py:3036} INFO - Sync 1 DAGs
[2024-04-12T20:34:21.743+0800] {logging_mixin.py:188} INFO - [2024-04-12T20:34:21.743+0800] {dag.py:3823} INFO - Setting next_dagrun for example_setup_teardown_taskflow to 2024-04-11 00:00:00+00:00, run_after=2024-04-12 00:00:00+00:00
[2024-04-12T20:34:21.754+0800] {processor.py:183} INFO - Processing /Users/wanghaojin/Desktop/exchange@NUS/IS3107/HW/Project/news_data_pipeline/.venv/lib/python3.11/site-packages/airflow/example_dags/example_setup_teardown_taskflow.py took 0.163 seconds
[2024-04-12T20:35:28.083+0800] {processor.py:161} INFO - Started process (PID=10373) to work on /Users/wanghaojin/Desktop/exchange@NUS/IS3107/HW/Project/news_data_pipeline/.venv/lib/python3.11/site-packages/airflow/example_dags/example_setup_teardown_taskflow.py
[2024-04-12T20:35:28.084+0800] {processor.py:830} INFO - Processing file /Users/wanghaojin/Desktop/exchange@NUS/IS3107/HW/Project/news_data_pipeline/.venv/lib/python3.11/site-packages/airflow/example_dags/example_setup_teardown_taskflow.py for tasks to queue
[2024-04-12T20:35:28.084+0800] {logging_mixin.py:188} INFO - [2024-04-12T20:35:28.084+0800] {dagbag.py:538} INFO - Filling up the DagBag from /Users/wanghaojin/Desktop/exchange@NUS/IS3107/HW/Project/news_data_pipeline/.venv/lib/python3.11/site-packages/airflow/example_dags/example_setup_teardown_taskflow.py
[2024-04-12T20:35:28.104+0800] {processor.py:840} INFO - DAG(s) 'example_setup_teardown_taskflow' retrieved from /Users/wanghaojin/Desktop/exchange@NUS/IS3107/HW/Project/news_data_pipeline/.venv/lib/python3.11/site-packages/airflow/example_dags/example_setup_teardown_taskflow.py
[2024-04-12T20:35:28.227+0800] {logging_mixin.py:188} INFO - [2024-04-12T20:35:28.227+0800] {dag.py:3036} INFO - Sync 1 DAGs
[2024-04-12T20:35:28.236+0800] {logging_mixin.py:188} INFO - [2024-04-12T20:35:28.236+0800] {dag.py:3823} INFO - Setting next_dagrun for example_setup_teardown_taskflow to 2024-04-11 00:00:00+00:00, run_after=2024-04-12 00:00:00+00:00
[2024-04-12T20:35:28.247+0800] {processor.py:183} INFO - Processing /Users/wanghaojin/Desktop/exchange@NUS/IS3107/HW/Project/news_data_pipeline/.venv/lib/python3.11/site-packages/airflow/example_dags/example_setup_teardown_taskflow.py took 0.165 seconds
[2024-04-12T20:36:49.036+0800] {processor.py:161} INFO - Started process (PID=10534) to work on /Users/wanghaojin/Desktop/exchange@NUS/IS3107/HW/Project/news_data_pipeline/.venv/lib/python3.11/site-packages/airflow/example_dags/example_setup_teardown_taskflow.py
[2024-04-12T20:36:49.036+0800] {processor.py:830} INFO - Processing file /Users/wanghaojin/Desktop/exchange@NUS/IS3107/HW/Project/news_data_pipeline/.venv/lib/python3.11/site-packages/airflow/example_dags/example_setup_teardown_taskflow.py for tasks to queue
[2024-04-12T20:36:49.037+0800] {logging_mixin.py:188} INFO - [2024-04-12T20:36:49.037+0800] {dagbag.py:538} INFO - Filling up the DagBag from /Users/wanghaojin/Desktop/exchange@NUS/IS3107/HW/Project/news_data_pipeline/.venv/lib/python3.11/site-packages/airflow/example_dags/example_setup_teardown_taskflow.py
[2024-04-12T20:36:49.057+0800] {processor.py:840} INFO - DAG(s) 'example_setup_teardown_taskflow' retrieved from /Users/wanghaojin/Desktop/exchange@NUS/IS3107/HW/Project/news_data_pipeline/.venv/lib/python3.11/site-packages/airflow/example_dags/example_setup_teardown_taskflow.py
[2024-04-12T20:36:49.177+0800] {logging_mixin.py:188} INFO - [2024-04-12T20:36:49.177+0800] {dag.py:3036} INFO - Sync 1 DAGs
[2024-04-12T20:36:49.185+0800] {logging_mixin.py:188} INFO - [2024-04-12T20:36:49.185+0800] {dag.py:3823} INFO - Setting next_dagrun for example_setup_teardown_taskflow to 2024-04-11 00:00:00+00:00, run_after=2024-04-12 00:00:00+00:00
[2024-04-12T20:36:49.196+0800] {processor.py:183} INFO - Processing /Users/wanghaojin/Desktop/exchange@NUS/IS3107/HW/Project/news_data_pipeline/.venv/lib/python3.11/site-packages/airflow/example_dags/example_setup_teardown_taskflow.py took 0.161 seconds
[2024-04-12T20:38:28.775+0800] {processor.py:161} INFO - Started process (PID=10672) to work on /Users/wanghaojin/Desktop/exchange@NUS/IS3107/HW/Project/news_data_pipeline/.venv/lib/python3.11/site-packages/airflow/example_dags/example_setup_teardown_taskflow.py
[2024-04-12T20:38:28.775+0800] {processor.py:830} INFO - Processing file /Users/wanghaojin/Desktop/exchange@NUS/IS3107/HW/Project/news_data_pipeline/.venv/lib/python3.11/site-packages/airflow/example_dags/example_setup_teardown_taskflow.py for tasks to queue
[2024-04-12T20:38:28.776+0800] {logging_mixin.py:188} INFO - [2024-04-12T20:38:28.776+0800] {dagbag.py:538} INFO - Filling up the DagBag from /Users/wanghaojin/Desktop/exchange@NUS/IS3107/HW/Project/news_data_pipeline/.venv/lib/python3.11/site-packages/airflow/example_dags/example_setup_teardown_taskflow.py
[2024-04-12T20:38:28.796+0800] {processor.py:840} INFO - DAG(s) 'example_setup_teardown_taskflow' retrieved from /Users/wanghaojin/Desktop/exchange@NUS/IS3107/HW/Project/news_data_pipeline/.venv/lib/python3.11/site-packages/airflow/example_dags/example_setup_teardown_taskflow.py
[2024-04-12T20:38:28.872+0800] {logging_mixin.py:188} INFO - [2024-04-12T20:38:28.872+0800] {dag.py:3036} INFO - Sync 1 DAGs
[2024-04-12T20:38:28.881+0800] {logging_mixin.py:188} INFO - [2024-04-12T20:38:28.881+0800] {dag.py:3823} INFO - Setting next_dagrun for example_setup_teardown_taskflow to 2024-04-11 00:00:00+00:00, run_after=2024-04-12 00:00:00+00:00
[2024-04-12T20:38:28.892+0800] {processor.py:183} INFO - Processing /Users/wanghaojin/Desktop/exchange@NUS/IS3107/HW/Project/news_data_pipeline/.venv/lib/python3.11/site-packages/airflow/example_dags/example_setup_teardown_taskflow.py took 0.117 seconds
[2024-04-12T20:40:44.946+0800] {processor.py:161} INFO - Started process (PID=10876) to work on /Users/wanghaojin/Desktop/exchange@NUS/IS3107/HW/Project/news_data_pipeline/.venv/lib/python3.11/site-packages/airflow/example_dags/example_setup_teardown_taskflow.py
[2024-04-12T20:40:44.946+0800] {processor.py:830} INFO - Processing file /Users/wanghaojin/Desktop/exchange@NUS/IS3107/HW/Project/news_data_pipeline/.venv/lib/python3.11/site-packages/airflow/example_dags/example_setup_teardown_taskflow.py for tasks to queue
[2024-04-12T20:40:44.947+0800] {logging_mixin.py:188} INFO - [2024-04-12T20:40:44.947+0800] {dagbag.py:538} INFO - Filling up the DagBag from /Users/wanghaojin/Desktop/exchange@NUS/IS3107/HW/Project/news_data_pipeline/.venv/lib/python3.11/site-packages/airflow/example_dags/example_setup_teardown_taskflow.py
[2024-04-12T20:40:44.967+0800] {processor.py:840} INFO - DAG(s) 'example_setup_teardown_taskflow' retrieved from /Users/wanghaojin/Desktop/exchange@NUS/IS3107/HW/Project/news_data_pipeline/.venv/lib/python3.11/site-packages/airflow/example_dags/example_setup_teardown_taskflow.py
[2024-04-12T20:40:45.043+0800] {logging_mixin.py:188} INFO - [2024-04-12T20:40:45.043+0800] {dag.py:3036} INFO - Sync 1 DAGs
[2024-04-12T20:40:45.052+0800] {logging_mixin.py:188} INFO - [2024-04-12T20:40:45.052+0800] {dag.py:3823} INFO - Setting next_dagrun for example_setup_teardown_taskflow to 2024-04-11 00:00:00+00:00, run_after=2024-04-12 00:00:00+00:00
[2024-04-12T20:40:45.063+0800] {processor.py:183} INFO - Processing /Users/wanghaojin/Desktop/exchange@NUS/IS3107/HW/Project/news_data_pipeline/.venv/lib/python3.11/site-packages/airflow/example_dags/example_setup_teardown_taskflow.py took 0.117 seconds
[2024-04-12T20:43:06.216+0800] {processor.py:161} INFO - Started process (PID=11104) to work on /Users/wanghaojin/Desktop/exchange@NUS/IS3107/HW/Project/news_data_pipeline/.venv/lib/python3.11/site-packages/airflow/example_dags/example_setup_teardown_taskflow.py
[2024-04-12T20:43:06.217+0800] {processor.py:830} INFO - Processing file /Users/wanghaojin/Desktop/exchange@NUS/IS3107/HW/Project/news_data_pipeline/.venv/lib/python3.11/site-packages/airflow/example_dags/example_setup_teardown_taskflow.py for tasks to queue
[2024-04-12T20:43:06.217+0800] {logging_mixin.py:188} INFO - [2024-04-12T20:43:06.217+0800] {dagbag.py:538} INFO - Filling up the DagBag from /Users/wanghaojin/Desktop/exchange@NUS/IS3107/HW/Project/news_data_pipeline/.venv/lib/python3.11/site-packages/airflow/example_dags/example_setup_teardown_taskflow.py
[2024-04-12T20:43:06.238+0800] {processor.py:840} INFO - DAG(s) 'example_setup_teardown_taskflow' retrieved from /Users/wanghaojin/Desktop/exchange@NUS/IS3107/HW/Project/news_data_pipeline/.venv/lib/python3.11/site-packages/airflow/example_dags/example_setup_teardown_taskflow.py
[2024-04-12T20:43:06.315+0800] {logging_mixin.py:188} INFO - [2024-04-12T20:43:06.314+0800] {dag.py:3036} INFO - Sync 1 DAGs
[2024-04-12T20:43:06.324+0800] {logging_mixin.py:188} INFO - [2024-04-12T20:43:06.324+0800] {dag.py:3823} INFO - Setting next_dagrun for example_setup_teardown_taskflow to 2024-04-11 00:00:00+00:00, run_after=2024-04-12 00:00:00+00:00
[2024-04-12T20:43:06.334+0800] {processor.py:183} INFO - Processing /Users/wanghaojin/Desktop/exchange@NUS/IS3107/HW/Project/news_data_pipeline/.venv/lib/python3.11/site-packages/airflow/example_dags/example_setup_teardown_taskflow.py took 0.119 seconds
[2024-04-12T20:46:08.317+0800] {processor.py:161} INFO - Started process (PID=11425) to work on /Users/wanghaojin/Desktop/exchange@NUS/IS3107/HW/Project/news_data_pipeline/.venv/lib/python3.11/site-packages/airflow/example_dags/example_setup_teardown_taskflow.py
[2024-04-12T20:46:08.318+0800] {processor.py:830} INFO - Processing file /Users/wanghaojin/Desktop/exchange@NUS/IS3107/HW/Project/news_data_pipeline/.venv/lib/python3.11/site-packages/airflow/example_dags/example_setup_teardown_taskflow.py for tasks to queue
[2024-04-12T20:46:08.318+0800] {logging_mixin.py:188} INFO - [2024-04-12T20:46:08.318+0800] {dagbag.py:538} INFO - Filling up the DagBag from /Users/wanghaojin/Desktop/exchange@NUS/IS3107/HW/Project/news_data_pipeline/.venv/lib/python3.11/site-packages/airflow/example_dags/example_setup_teardown_taskflow.py
[2024-04-12T20:46:08.339+0800] {processor.py:840} INFO - DAG(s) 'example_setup_teardown_taskflow' retrieved from /Users/wanghaojin/Desktop/exchange@NUS/IS3107/HW/Project/news_data_pipeline/.venv/lib/python3.11/site-packages/airflow/example_dags/example_setup_teardown_taskflow.py
[2024-04-12T20:46:08.460+0800] {logging_mixin.py:188} INFO - [2024-04-12T20:46:08.460+0800] {dag.py:3036} INFO - Sync 1 DAGs
[2024-04-12T20:46:08.470+0800] {logging_mixin.py:188} INFO - [2024-04-12T20:46:08.470+0800] {dag.py:3823} INFO - Setting next_dagrun for example_setup_teardown_taskflow to 2024-04-11 00:00:00+00:00, run_after=2024-04-12 00:00:00+00:00
[2024-04-12T20:46:08.481+0800] {processor.py:183} INFO - Processing /Users/wanghaojin/Desktop/exchange@NUS/IS3107/HW/Project/news_data_pipeline/.venv/lib/python3.11/site-packages/airflow/example_dags/example_setup_teardown_taskflow.py took 0.165 seconds
[2024-04-12T20:48:41.021+0800] {processor.py:161} INFO - Started process (PID=11776) to work on /Users/wanghaojin/Desktop/exchange@NUS/IS3107/HW/Project/news_data_pipeline/.venv/lib/python3.11/site-packages/airflow/example_dags/example_setup_teardown_taskflow.py
[2024-04-12T20:48:41.021+0800] {processor.py:830} INFO - Processing file /Users/wanghaojin/Desktop/exchange@NUS/IS3107/HW/Project/news_data_pipeline/.venv/lib/python3.11/site-packages/airflow/example_dags/example_setup_teardown_taskflow.py for tasks to queue
[2024-04-12T20:48:41.022+0800] {logging_mixin.py:188} INFO - [2024-04-12T20:48:41.022+0800] {dagbag.py:538} INFO - Filling up the DagBag from /Users/wanghaojin/Desktop/exchange@NUS/IS3107/HW/Project/news_data_pipeline/.venv/lib/python3.11/site-packages/airflow/example_dags/example_setup_teardown_taskflow.py
[2024-04-12T20:48:41.043+0800] {processor.py:840} INFO - DAG(s) 'example_setup_teardown_taskflow' retrieved from /Users/wanghaojin/Desktop/exchange@NUS/IS3107/HW/Project/news_data_pipeline/.venv/lib/python3.11/site-packages/airflow/example_dags/example_setup_teardown_taskflow.py
[2024-04-12T20:48:41.164+0800] {logging_mixin.py:188} INFO - [2024-04-12T20:48:41.163+0800] {dag.py:3036} INFO - Sync 1 DAGs
[2024-04-12T20:48:41.172+0800] {logging_mixin.py:188} INFO - [2024-04-12T20:48:41.172+0800] {dag.py:3823} INFO - Setting next_dagrun for example_setup_teardown_taskflow to 2024-04-11 00:00:00+00:00, run_after=2024-04-12 00:00:00+00:00
[2024-04-12T20:48:41.183+0800] {processor.py:183} INFO - Processing /Users/wanghaojin/Desktop/exchange@NUS/IS3107/HW/Project/news_data_pipeline/.venv/lib/python3.11/site-packages/airflow/example_dags/example_setup_teardown_taskflow.py took 0.163 seconds
[2024-04-12T20:50:00.267+0800] {processor.py:161} INFO - Started process (PID=11905) to work on /Users/wanghaojin/Desktop/exchange@NUS/IS3107/HW/Project/news_data_pipeline/.venv/lib/python3.11/site-packages/airflow/example_dags/example_setup_teardown_taskflow.py
[2024-04-12T20:50:00.268+0800] {processor.py:830} INFO - Processing file /Users/wanghaojin/Desktop/exchange@NUS/IS3107/HW/Project/news_data_pipeline/.venv/lib/python3.11/site-packages/airflow/example_dags/example_setup_teardown_taskflow.py for tasks to queue
[2024-04-12T20:50:00.268+0800] {logging_mixin.py:188} INFO - [2024-04-12T20:50:00.268+0800] {dagbag.py:538} INFO - Filling up the DagBag from /Users/wanghaojin/Desktop/exchange@NUS/IS3107/HW/Project/news_data_pipeline/.venv/lib/python3.11/site-packages/airflow/example_dags/example_setup_teardown_taskflow.py
[2024-04-12T20:50:00.289+0800] {processor.py:840} INFO - DAG(s) 'example_setup_teardown_taskflow' retrieved from /Users/wanghaojin/Desktop/exchange@NUS/IS3107/HW/Project/news_data_pipeline/.venv/lib/python3.11/site-packages/airflow/example_dags/example_setup_teardown_taskflow.py
[2024-04-12T20:50:00.509+0800] {logging_mixin.py:188} INFO - [2024-04-12T20:50:00.508+0800] {dag.py:3036} INFO - Sync 1 DAGs
[2024-04-12T20:50:00.519+0800] {logging_mixin.py:188} INFO - [2024-04-12T20:50:00.518+0800] {dag.py:3823} INFO - Setting next_dagrun for example_setup_teardown_taskflow to 2024-04-11 00:00:00+00:00, run_after=2024-04-12 00:00:00+00:00
[2024-04-12T20:50:00.530+0800] {processor.py:183} INFO - Processing /Users/wanghaojin/Desktop/exchange@NUS/IS3107/HW/Project/news_data_pipeline/.venv/lib/python3.11/site-packages/airflow/example_dags/example_setup_teardown_taskflow.py took 0.263 seconds
