[2024-04-12T14:15:11.693+0800] {processor.py:161} INFO - Started process (PID=2629) to work on /Users/wanghaojin/Desktop/exchange@NUS/IS3107/HW/Project/news_data_pipeline/.venv/lib/python3.11/site-packages/airflow/example_dags/example_trigger_controller_dag.py
[2024-04-12T14:15:11.694+0800] {processor.py:830} INFO - Processing file /Users/wanghaojin/Desktop/exchange@NUS/IS3107/HW/Project/news_data_pipeline/.venv/lib/python3.11/site-packages/airflow/example_dags/example_trigger_controller_dag.py for tasks to queue
[2024-04-12T14:15:11.694+0800] {logging_mixin.py:188} INFO - [2024-04-12T14:15:11.694+0800] {dagbag.py:538} INFO - Filling up the DagBag from /Users/wanghaojin/Desktop/exchange@NUS/IS3107/HW/Project/news_data_pipeline/.venv/lib/python3.11/site-packages/airflow/example_dags/example_trigger_controller_dag.py
[2024-04-12T14:15:11.699+0800] {processor.py:840} INFO - DAG(s) 'example_trigger_controller_dag' retrieved from /Users/wanghaojin/Desktop/exchange@NUS/IS3107/HW/Project/news_data_pipeline/.venv/lib/python3.11/site-packages/airflow/example_dags/example_trigger_controller_dag.py
[2024-04-12T14:15:11.822+0800] {logging_mixin.py:188} INFO - [2024-04-12T14:15:11.822+0800] {override.py:1769} INFO - Created Permission View: can delete on DAG:example_trigger_controller_dag
[2024-04-12T14:15:11.827+0800] {logging_mixin.py:188} INFO - [2024-04-12T14:15:11.827+0800] {override.py:1769} INFO - Created Permission View: can read on DAG:example_trigger_controller_dag
[2024-04-12T14:15:11.830+0800] {logging_mixin.py:188} INFO - [2024-04-12T14:15:11.830+0800] {override.py:1769} INFO - Created Permission View: can edit on DAG:example_trigger_controller_dag
[2024-04-12T14:15:11.830+0800] {logging_mixin.py:188} INFO - [2024-04-12T14:15:11.830+0800] {dag.py:3036} INFO - Sync 1 DAGs
[2024-04-12T14:15:11.836+0800] {logging_mixin.py:188} INFO - [2024-04-12T14:15:11.836+0800] {dag.py:3058} INFO - Creating ORM DAG for example_trigger_controller_dag
[2024-04-12T14:15:11.840+0800] {logging_mixin.py:188} INFO - [2024-04-12T14:15:11.840+0800] {dag.py:3823} INFO - Setting next_dagrun for example_trigger_controller_dag to 2021-01-01 00:00:00+00:00, run_after=2021-01-01 00:00:00+00:00
[2024-04-12T14:15:11.849+0800] {processor.py:183} INFO - Processing /Users/wanghaojin/Desktop/exchange@NUS/IS3107/HW/Project/news_data_pipeline/.venv/lib/python3.11/site-packages/airflow/example_dags/example_trigger_controller_dag.py took 0.156 seconds
[2024-04-12T14:16:49.690+0800] {processor.py:161} INFO - Started process (PID=2835) to work on /Users/wanghaojin/Desktop/exchange@NUS/IS3107/HW/Project/news_data_pipeline/.venv/lib/python3.11/site-packages/airflow/example_dags/example_trigger_controller_dag.py
[2024-04-12T14:16:49.690+0800] {processor.py:830} INFO - Processing file /Users/wanghaojin/Desktop/exchange@NUS/IS3107/HW/Project/news_data_pipeline/.venv/lib/python3.11/site-packages/airflow/example_dags/example_trigger_controller_dag.py for tasks to queue
[2024-04-12T14:16:49.690+0800] {logging_mixin.py:188} INFO - [2024-04-12T14:16:49.690+0800] {dagbag.py:538} INFO - Filling up the DagBag from /Users/wanghaojin/Desktop/exchange@NUS/IS3107/HW/Project/news_data_pipeline/.venv/lib/python3.11/site-packages/airflow/example_dags/example_trigger_controller_dag.py
[2024-04-12T14:16:49.696+0800] {processor.py:840} INFO - DAG(s) 'example_trigger_controller_dag' retrieved from /Users/wanghaojin/Desktop/exchange@NUS/IS3107/HW/Project/news_data_pipeline/.venv/lib/python3.11/site-packages/airflow/example_dags/example_trigger_controller_dag.py
[2024-04-12T14:16:49.772+0800] {logging_mixin.py:188} INFO - [2024-04-12T14:16:49.772+0800] {dag.py:3036} INFO - Sync 1 DAGs
[2024-04-12T14:16:49.780+0800] {logging_mixin.py:188} INFO - [2024-04-12T14:16:49.780+0800] {dag.py:3823} INFO - Setting next_dagrun for example_trigger_controller_dag to 2021-01-01 00:00:00+00:00, run_after=2021-01-01 00:00:00+00:00
[2024-04-12T14:16:49.791+0800] {processor.py:183} INFO - Processing /Users/wanghaojin/Desktop/exchange@NUS/IS3107/HW/Project/news_data_pipeline/.venv/lib/python3.11/site-packages/airflow/example_dags/example_trigger_controller_dag.py took 0.102 seconds
[2024-04-12T14:17:54.260+0800] {processor.py:161} INFO - Started process (PID=2960) to work on /Users/wanghaojin/Desktop/exchange@NUS/IS3107/HW/Project/news_data_pipeline/.venv/lib/python3.11/site-packages/airflow/example_dags/example_trigger_controller_dag.py
[2024-04-12T14:17:54.261+0800] {processor.py:830} INFO - Processing file /Users/wanghaojin/Desktop/exchange@NUS/IS3107/HW/Project/news_data_pipeline/.venv/lib/python3.11/site-packages/airflow/example_dags/example_trigger_controller_dag.py for tasks to queue
[2024-04-12T14:17:54.262+0800] {logging_mixin.py:188} INFO - [2024-04-12T14:17:54.262+0800] {dagbag.py:538} INFO - Filling up the DagBag from /Users/wanghaojin/Desktop/exchange@NUS/IS3107/HW/Project/news_data_pipeline/.venv/lib/python3.11/site-packages/airflow/example_dags/example_trigger_controller_dag.py
[2024-04-12T14:17:54.267+0800] {processor.py:840} INFO - DAG(s) 'example_trigger_controller_dag' retrieved from /Users/wanghaojin/Desktop/exchange@NUS/IS3107/HW/Project/news_data_pipeline/.venv/lib/python3.11/site-packages/airflow/example_dags/example_trigger_controller_dag.py
[2024-04-12T14:17:54.344+0800] {logging_mixin.py:188} INFO - [2024-04-12T14:17:54.344+0800] {dag.py:3036} INFO - Sync 1 DAGs
[2024-04-12T14:17:54.352+0800] {logging_mixin.py:188} INFO - [2024-04-12T14:17:54.352+0800] {dag.py:3823} INFO - Setting next_dagrun for example_trigger_controller_dag to 2021-01-01 00:00:00+00:00, run_after=2021-01-01 00:00:00+00:00
[2024-04-12T14:17:54.363+0800] {processor.py:183} INFO - Processing /Users/wanghaojin/Desktop/exchange@NUS/IS3107/HW/Project/news_data_pipeline/.venv/lib/python3.11/site-packages/airflow/example_dags/example_trigger_controller_dag.py took 0.103 seconds
