[2024-04-12T19:27:56.719+0800] {processor.py:161} INFO - Started process (PID=3444) to work on /Users/wanghaojin/Desktop/exchange@NUS/IS3107/HW/Project/news_data_pipeline/.venv/lib/python3.11/site-packages/airflow/example_dags/example_dynamic_task_mapping.py
[2024-04-12T19:27:56.719+0800] {processor.py:830} INFO - Processing file /Users/wanghaojin/Desktop/exchange@NUS/IS3107/HW/Project/news_data_pipeline/.venv/lib/python3.11/site-packages/airflow/example_dags/example_dynamic_task_mapping.py for tasks to queue
[2024-04-12T19:27:56.720+0800] {logging_mixin.py:188} INFO - [2024-04-12T19:27:56.719+0800] {dagbag.py:538} INFO - Filling up the DagBag from /Users/wanghaojin/Desktop/exchange@NUS/IS3107/HW/Project/news_data_pipeline/.venv/lib/python3.11/site-packages/airflow/example_dags/example_dynamic_task_mapping.py
[2024-04-12T19:27:56.739+0800] {processor.py:840} INFO - DAG(s) 'example_dynamic_task_mapping' retrieved from /Users/wanghaojin/Desktop/exchange@NUS/IS3107/HW/Project/news_data_pipeline/.venv/lib/python3.11/site-packages/airflow/example_dags/example_dynamic_task_mapping.py
[2024-04-12T19:27:56.815+0800] {logging_mixin.py:188} INFO - [2024-04-12T19:27:56.815+0800] {dag.py:3036} INFO - Sync 1 DAGs
[2024-04-12T19:27:56.825+0800] {logging_mixin.py:188} INFO - [2024-04-12T19:27:56.825+0800] {dag.py:3823} INFO - Setting next_dagrun for example_dynamic_task_mapping to 2022-03-04 00:00:00+00:00, run_after=2022-03-05 00:00:00+00:00
[2024-04-12T19:27:56.834+0800] {processor.py:183} INFO - Processing /Users/wanghaojin/Desktop/exchange@NUS/IS3107/HW/Project/news_data_pipeline/.venv/lib/python3.11/site-packages/airflow/example_dags/example_dynamic_task_mapping.py took 0.116 seconds
[2024-04-12T19:30:53.962+0800] {processor.py:161} INFO - Started process (PID=4193) to work on /Users/wanghaojin/Desktop/exchange@NUS/IS3107/HW/Project/news_data_pipeline/.venv/lib/python3.11/site-packages/airflow/example_dags/example_dynamic_task_mapping.py
[2024-04-12T19:30:53.963+0800] {processor.py:830} INFO - Processing file /Users/wanghaojin/Desktop/exchange@NUS/IS3107/HW/Project/news_data_pipeline/.venv/lib/python3.11/site-packages/airflow/example_dags/example_dynamic_task_mapping.py for tasks to queue
[2024-04-12T19:30:53.964+0800] {logging_mixin.py:188} INFO - [2024-04-12T19:30:53.963+0800] {dagbag.py:538} INFO - Filling up the DagBag from /Users/wanghaojin/Desktop/exchange@NUS/IS3107/HW/Project/news_data_pipeline/.venv/lib/python3.11/site-packages/airflow/example_dags/example_dynamic_task_mapping.py
[2024-04-12T19:30:53.982+0800] {processor.py:840} INFO - DAG(s) 'example_dynamic_task_mapping' retrieved from /Users/wanghaojin/Desktop/exchange@NUS/IS3107/HW/Project/news_data_pipeline/.venv/lib/python3.11/site-packages/airflow/example_dags/example_dynamic_task_mapping.py
[2024-04-12T19:30:54.101+0800] {logging_mixin.py:188} INFO - [2024-04-12T19:30:54.100+0800] {dag.py:3036} INFO - Sync 1 DAGs
[2024-04-12T19:30:54.109+0800] {logging_mixin.py:188} INFO - [2024-04-12T19:30:54.109+0800] {dag.py:3823} INFO - Setting next_dagrun for example_dynamic_task_mapping to 2022-03-04 00:00:00+00:00, run_after=2022-03-05 00:00:00+00:00
[2024-04-12T19:30:54.120+0800] {processor.py:183} INFO - Processing /Users/wanghaojin/Desktop/exchange@NUS/IS3107/HW/Project/news_data_pipeline/.venv/lib/python3.11/site-packages/airflow/example_dags/example_dynamic_task_mapping.py took 0.158 seconds
[2024-04-12T19:32:41.801+0800] {processor.py:161} INFO - Started process (PID=4406) to work on /Users/wanghaojin/Desktop/exchange@NUS/IS3107/HW/Project/news_data_pipeline/.venv/lib/python3.11/site-packages/airflow/example_dags/example_dynamic_task_mapping.py
[2024-04-12T19:32:41.802+0800] {processor.py:830} INFO - Processing file /Users/wanghaojin/Desktop/exchange@NUS/IS3107/HW/Project/news_data_pipeline/.venv/lib/python3.11/site-packages/airflow/example_dags/example_dynamic_task_mapping.py for tasks to queue
[2024-04-12T19:32:41.802+0800] {logging_mixin.py:188} INFO - [2024-04-12T19:32:41.802+0800] {dagbag.py:538} INFO - Filling up the DagBag from /Users/wanghaojin/Desktop/exchange@NUS/IS3107/HW/Project/news_data_pipeline/.venv/lib/python3.11/site-packages/airflow/example_dags/example_dynamic_task_mapping.py
[2024-04-12T19:32:41.821+0800] {processor.py:840} INFO - DAG(s) 'example_dynamic_task_mapping' retrieved from /Users/wanghaojin/Desktop/exchange@NUS/IS3107/HW/Project/news_data_pipeline/.venv/lib/python3.11/site-packages/airflow/example_dags/example_dynamic_task_mapping.py
[2024-04-12T19:32:41.940+0800] {logging_mixin.py:188} INFO - [2024-04-12T19:32:41.940+0800] {dag.py:3036} INFO - Sync 1 DAGs
[2024-04-12T19:32:41.948+0800] {logging_mixin.py:188} INFO - [2024-04-12T19:32:41.948+0800] {dag.py:3823} INFO - Setting next_dagrun for example_dynamic_task_mapping to 2022-03-04 00:00:00+00:00, run_after=2022-03-05 00:00:00+00:00
[2024-04-12T19:32:41.959+0800] {processor.py:183} INFO - Processing /Users/wanghaojin/Desktop/exchange@NUS/IS3107/HW/Project/news_data_pipeline/.venv/lib/python3.11/site-packages/airflow/example_dags/example_dynamic_task_mapping.py took 0.159 seconds
[2024-04-12T19:34:59.040+0800] {processor.py:161} INFO - Started process (PID=4605) to work on /Users/wanghaojin/Desktop/exchange@NUS/IS3107/HW/Project/news_data_pipeline/.venv/lib/python3.11/site-packages/airflow/example_dags/example_dynamic_task_mapping.py
[2024-04-12T19:34:59.041+0800] {processor.py:830} INFO - Processing file /Users/wanghaojin/Desktop/exchange@NUS/IS3107/HW/Project/news_data_pipeline/.venv/lib/python3.11/site-packages/airflow/example_dags/example_dynamic_task_mapping.py for tasks to queue
[2024-04-12T19:34:59.041+0800] {logging_mixin.py:188} INFO - [2024-04-12T19:34:59.041+0800] {dagbag.py:538} INFO - Filling up the DagBag from /Users/wanghaojin/Desktop/exchange@NUS/IS3107/HW/Project/news_data_pipeline/.venv/lib/python3.11/site-packages/airflow/example_dags/example_dynamic_task_mapping.py
[2024-04-12T19:34:59.060+0800] {processor.py:840} INFO - DAG(s) 'example_dynamic_task_mapping' retrieved from /Users/wanghaojin/Desktop/exchange@NUS/IS3107/HW/Project/news_data_pipeline/.venv/lib/python3.11/site-packages/airflow/example_dags/example_dynamic_task_mapping.py
[2024-04-12T19:34:59.135+0800] {logging_mixin.py:188} INFO - [2024-04-12T19:34:59.135+0800] {dag.py:3036} INFO - Sync 1 DAGs
[2024-04-12T19:34:59.145+0800] {logging_mixin.py:188} INFO - [2024-04-12T19:34:59.144+0800] {dag.py:3823} INFO - Setting next_dagrun for example_dynamic_task_mapping to 2022-03-04 00:00:00+00:00, run_after=2022-03-05 00:00:00+00:00
[2024-04-12T19:34:59.155+0800] {processor.py:183} INFO - Processing /Users/wanghaojin/Desktop/exchange@NUS/IS3107/HW/Project/news_data_pipeline/.venv/lib/python3.11/site-packages/airflow/example_dags/example_dynamic_task_mapping.py took 0.115 seconds
[2024-04-12T19:37:15.960+0800] {processor.py:161} INFO - Started process (PID=4823) to work on /Users/wanghaojin/Desktop/exchange@NUS/IS3107/HW/Project/news_data_pipeline/.venv/lib/python3.11/site-packages/airflow/example_dags/example_dynamic_task_mapping.py
[2024-04-12T19:37:15.961+0800] {processor.py:830} INFO - Processing file /Users/wanghaojin/Desktop/exchange@NUS/IS3107/HW/Project/news_data_pipeline/.venv/lib/python3.11/site-packages/airflow/example_dags/example_dynamic_task_mapping.py for tasks to queue
[2024-04-12T19:37:15.961+0800] {logging_mixin.py:188} INFO - [2024-04-12T19:37:15.961+0800] {dagbag.py:538} INFO - Filling up the DagBag from /Users/wanghaojin/Desktop/exchange@NUS/IS3107/HW/Project/news_data_pipeline/.venv/lib/python3.11/site-packages/airflow/example_dags/example_dynamic_task_mapping.py
[2024-04-12T19:37:15.980+0800] {processor.py:840} INFO - DAG(s) 'example_dynamic_task_mapping' retrieved from /Users/wanghaojin/Desktop/exchange@NUS/IS3107/HW/Project/news_data_pipeline/.venv/lib/python3.11/site-packages/airflow/example_dags/example_dynamic_task_mapping.py
[2024-04-12T19:37:16.055+0800] {logging_mixin.py:188} INFO - [2024-04-12T19:37:16.055+0800] {dag.py:3036} INFO - Sync 1 DAGs
[2024-04-12T19:37:16.064+0800] {logging_mixin.py:188} INFO - [2024-04-12T19:37:16.064+0800] {dag.py:3823} INFO - Setting next_dagrun for example_dynamic_task_mapping to 2022-03-04 00:00:00+00:00, run_after=2022-03-05 00:00:00+00:00
[2024-04-12T19:37:16.074+0800] {processor.py:183} INFO - Processing /Users/wanghaojin/Desktop/exchange@NUS/IS3107/HW/Project/news_data_pipeline/.venv/lib/python3.11/site-packages/airflow/example_dags/example_dynamic_task_mapping.py took 0.115 seconds
[2024-04-12T19:39:30.033+0800] {processor.py:161} INFO - Started process (PID=5037) to work on /Users/wanghaojin/Desktop/exchange@NUS/IS3107/HW/Project/news_data_pipeline/.venv/lib/python3.11/site-packages/airflow/example_dags/example_dynamic_task_mapping.py
[2024-04-12T19:39:30.033+0800] {processor.py:830} INFO - Processing file /Users/wanghaojin/Desktop/exchange@NUS/IS3107/HW/Project/news_data_pipeline/.venv/lib/python3.11/site-packages/airflow/example_dags/example_dynamic_task_mapping.py for tasks to queue
[2024-04-12T19:39:30.034+0800] {logging_mixin.py:188} INFO - [2024-04-12T19:39:30.034+0800] {dagbag.py:538} INFO - Filling up the DagBag from /Users/wanghaojin/Desktop/exchange@NUS/IS3107/HW/Project/news_data_pipeline/.venv/lib/python3.11/site-packages/airflow/example_dags/example_dynamic_task_mapping.py
[2024-04-12T19:39:30.052+0800] {processor.py:840} INFO - DAG(s) 'example_dynamic_task_mapping' retrieved from /Users/wanghaojin/Desktop/exchange@NUS/IS3107/HW/Project/news_data_pipeline/.venv/lib/python3.11/site-packages/airflow/example_dags/example_dynamic_task_mapping.py
[2024-04-12T19:39:30.128+0800] {logging_mixin.py:188} INFO - [2024-04-12T19:39:30.128+0800] {dag.py:3036} INFO - Sync 1 DAGs
[2024-04-12T19:39:30.138+0800] {logging_mixin.py:188} INFO - [2024-04-12T19:39:30.137+0800] {dag.py:3823} INFO - Setting next_dagrun for example_dynamic_task_mapping to 2022-03-04 00:00:00+00:00, run_after=2022-03-05 00:00:00+00:00
[2024-04-12T19:39:30.148+0800] {processor.py:183} INFO - Processing /Users/wanghaojin/Desktop/exchange@NUS/IS3107/HW/Project/news_data_pipeline/.venv/lib/python3.11/site-packages/airflow/example_dags/example_dynamic_task_mapping.py took 0.115 seconds
[2024-04-12T19:41:44.502+0800] {processor.py:161} INFO - Started process (PID=5249) to work on /Users/wanghaojin/Desktop/exchange@NUS/IS3107/HW/Project/news_data_pipeline/.venv/lib/python3.11/site-packages/airflow/example_dags/example_dynamic_task_mapping.py
[2024-04-12T19:41:44.503+0800] {processor.py:830} INFO - Processing file /Users/wanghaojin/Desktop/exchange@NUS/IS3107/HW/Project/news_data_pipeline/.venv/lib/python3.11/site-packages/airflow/example_dags/example_dynamic_task_mapping.py for tasks to queue
[2024-04-12T19:41:44.503+0800] {logging_mixin.py:188} INFO - [2024-04-12T19:41:44.503+0800] {dagbag.py:538} INFO - Filling up the DagBag from /Users/wanghaojin/Desktop/exchange@NUS/IS3107/HW/Project/news_data_pipeline/.venv/lib/python3.11/site-packages/airflow/example_dags/example_dynamic_task_mapping.py
[2024-04-12T19:41:44.522+0800] {processor.py:840} INFO - DAG(s) 'example_dynamic_task_mapping' retrieved from /Users/wanghaojin/Desktop/exchange@NUS/IS3107/HW/Project/news_data_pipeline/.venv/lib/python3.11/site-packages/airflow/example_dags/example_dynamic_task_mapping.py
[2024-04-12T19:41:44.597+0800] {logging_mixin.py:188} INFO - [2024-04-12T19:41:44.597+0800] {dag.py:3036} INFO - Sync 1 DAGs
[2024-04-12T19:41:44.607+0800] {logging_mixin.py:188} INFO - [2024-04-12T19:41:44.606+0800] {dag.py:3823} INFO - Setting next_dagrun for example_dynamic_task_mapping to 2022-03-04 00:00:00+00:00, run_after=2022-03-05 00:00:00+00:00
[2024-04-12T19:41:44.617+0800] {processor.py:183} INFO - Processing /Users/wanghaojin/Desktop/exchange@NUS/IS3107/HW/Project/news_data_pipeline/.venv/lib/python3.11/site-packages/airflow/example_dags/example_dynamic_task_mapping.py took 0.115 seconds
[2024-04-12T19:44:00.360+0800] {processor.py:161} INFO - Started process (PID=5455) to work on /Users/wanghaojin/Desktop/exchange@NUS/IS3107/HW/Project/news_data_pipeline/.venv/lib/python3.11/site-packages/airflow/example_dags/example_dynamic_task_mapping.py
[2024-04-12T19:44:00.361+0800] {processor.py:830} INFO - Processing file /Users/wanghaojin/Desktop/exchange@NUS/IS3107/HW/Project/news_data_pipeline/.venv/lib/python3.11/site-packages/airflow/example_dags/example_dynamic_task_mapping.py for tasks to queue
[2024-04-12T19:44:00.362+0800] {logging_mixin.py:188} INFO - [2024-04-12T19:44:00.362+0800] {dagbag.py:538} INFO - Filling up the DagBag from /Users/wanghaojin/Desktop/exchange@NUS/IS3107/HW/Project/news_data_pipeline/.venv/lib/python3.11/site-packages/airflow/example_dags/example_dynamic_task_mapping.py
[2024-04-12T19:44:00.381+0800] {processor.py:840} INFO - DAG(s) 'example_dynamic_task_mapping' retrieved from /Users/wanghaojin/Desktop/exchange@NUS/IS3107/HW/Project/news_data_pipeline/.venv/lib/python3.11/site-packages/airflow/example_dags/example_dynamic_task_mapping.py
[2024-04-12T19:44:00.456+0800] {logging_mixin.py:188} INFO - [2024-04-12T19:44:00.455+0800] {dag.py:3036} INFO - Sync 1 DAGs
[2024-04-12T19:44:00.465+0800] {logging_mixin.py:188} INFO - [2024-04-12T19:44:00.465+0800] {dag.py:3823} INFO - Setting next_dagrun for example_dynamic_task_mapping to 2022-03-04 00:00:00+00:00, run_after=2022-03-05 00:00:00+00:00
[2024-04-12T19:44:00.475+0800] {processor.py:183} INFO - Processing /Users/wanghaojin/Desktop/exchange@NUS/IS3107/HW/Project/news_data_pipeline/.venv/lib/python3.11/site-packages/airflow/example_dags/example_dynamic_task_mapping.py took 0.115 seconds
[2024-04-12T19:46:15.787+0800] {processor.py:161} INFO - Started process (PID=5659) to work on /Users/wanghaojin/Desktop/exchange@NUS/IS3107/HW/Project/news_data_pipeline/.venv/lib/python3.11/site-packages/airflow/example_dags/example_dynamic_task_mapping.py
[2024-04-12T19:46:15.788+0800] {processor.py:830} INFO - Processing file /Users/wanghaojin/Desktop/exchange@NUS/IS3107/HW/Project/news_data_pipeline/.venv/lib/python3.11/site-packages/airflow/example_dags/example_dynamic_task_mapping.py for tasks to queue
[2024-04-12T19:46:15.789+0800] {logging_mixin.py:188} INFO - [2024-04-12T19:46:15.789+0800] {dagbag.py:538} INFO - Filling up the DagBag from /Users/wanghaojin/Desktop/exchange@NUS/IS3107/HW/Project/news_data_pipeline/.venv/lib/python3.11/site-packages/airflow/example_dags/example_dynamic_task_mapping.py
[2024-04-12T19:46:15.808+0800] {processor.py:840} INFO - DAG(s) 'example_dynamic_task_mapping' retrieved from /Users/wanghaojin/Desktop/exchange@NUS/IS3107/HW/Project/news_data_pipeline/.venv/lib/python3.11/site-packages/airflow/example_dags/example_dynamic_task_mapping.py
[2024-04-12T19:46:15.883+0800] {logging_mixin.py:188} INFO - [2024-04-12T19:46:15.883+0800] {dag.py:3036} INFO - Sync 1 DAGs
[2024-04-12T19:46:15.892+0800] {logging_mixin.py:188} INFO - [2024-04-12T19:46:15.892+0800] {dag.py:3823} INFO - Setting next_dagrun for example_dynamic_task_mapping to 2022-03-04 00:00:00+00:00, run_after=2022-03-05 00:00:00+00:00
[2024-04-12T19:46:15.902+0800] {processor.py:183} INFO - Processing /Users/wanghaojin/Desktop/exchange@NUS/IS3107/HW/Project/news_data_pipeline/.venv/lib/python3.11/site-packages/airflow/example_dags/example_dynamic_task_mapping.py took 0.115 seconds
[2024-04-12T19:48:33.724+0800] {processor.py:161} INFO - Started process (PID=5860) to work on /Users/wanghaojin/Desktop/exchange@NUS/IS3107/HW/Project/news_data_pipeline/.venv/lib/python3.11/site-packages/airflow/example_dags/example_dynamic_task_mapping.py
[2024-04-12T19:48:33.724+0800] {processor.py:830} INFO - Processing file /Users/wanghaojin/Desktop/exchange@NUS/IS3107/HW/Project/news_data_pipeline/.venv/lib/python3.11/site-packages/airflow/example_dags/example_dynamic_task_mapping.py for tasks to queue
[2024-04-12T19:48:33.724+0800] {logging_mixin.py:188} INFO - [2024-04-12T19:48:33.724+0800] {dagbag.py:538} INFO - Filling up the DagBag from /Users/wanghaojin/Desktop/exchange@NUS/IS3107/HW/Project/news_data_pipeline/.venv/lib/python3.11/site-packages/airflow/example_dags/example_dynamic_task_mapping.py
[2024-04-12T19:48:33.743+0800] {processor.py:840} INFO - DAG(s) 'example_dynamic_task_mapping' retrieved from /Users/wanghaojin/Desktop/exchange@NUS/IS3107/HW/Project/news_data_pipeline/.venv/lib/python3.11/site-packages/airflow/example_dags/example_dynamic_task_mapping.py
[2024-04-12T19:48:33.818+0800] {logging_mixin.py:188} INFO - [2024-04-12T19:48:33.818+0800] {dag.py:3036} INFO - Sync 1 DAGs
[2024-04-12T19:48:33.827+0800] {logging_mixin.py:188} INFO - [2024-04-12T19:48:33.827+0800] {dag.py:3823} INFO - Setting next_dagrun for example_dynamic_task_mapping to 2022-03-04 00:00:00+00:00, run_after=2022-03-05 00:00:00+00:00
[2024-04-12T19:48:33.837+0800] {processor.py:183} INFO - Processing /Users/wanghaojin/Desktop/exchange@NUS/IS3107/HW/Project/news_data_pipeline/.venv/lib/python3.11/site-packages/airflow/example_dags/example_dynamic_task_mapping.py took 0.115 seconds
[2024-04-12T19:50:49.072+0800] {processor.py:161} INFO - Started process (PID=6056) to work on /Users/wanghaojin/Desktop/exchange@NUS/IS3107/HW/Project/news_data_pipeline/.venv/lib/python3.11/site-packages/airflow/example_dags/example_dynamic_task_mapping.py
[2024-04-12T19:50:49.072+0800] {processor.py:830} INFO - Processing file /Users/wanghaojin/Desktop/exchange@NUS/IS3107/HW/Project/news_data_pipeline/.venv/lib/python3.11/site-packages/airflow/example_dags/example_dynamic_task_mapping.py for tasks to queue
[2024-04-12T19:50:49.073+0800] {logging_mixin.py:188} INFO - [2024-04-12T19:50:49.073+0800] {dagbag.py:538} INFO - Filling up the DagBag from /Users/wanghaojin/Desktop/exchange@NUS/IS3107/HW/Project/news_data_pipeline/.venv/lib/python3.11/site-packages/airflow/example_dags/example_dynamic_task_mapping.py
[2024-04-12T19:50:49.091+0800] {processor.py:840} INFO - DAG(s) 'example_dynamic_task_mapping' retrieved from /Users/wanghaojin/Desktop/exchange@NUS/IS3107/HW/Project/news_data_pipeline/.venv/lib/python3.11/site-packages/airflow/example_dags/example_dynamic_task_mapping.py
[2024-04-12T19:50:49.166+0800] {logging_mixin.py:188} INFO - [2024-04-12T19:50:49.166+0800] {dag.py:3036} INFO - Sync 1 DAGs
[2024-04-12T19:50:49.176+0800] {logging_mixin.py:188} INFO - [2024-04-12T19:50:49.175+0800] {dag.py:3823} INFO - Setting next_dagrun for example_dynamic_task_mapping to 2022-03-04 00:00:00+00:00, run_after=2022-03-05 00:00:00+00:00
[2024-04-12T19:50:49.186+0800] {processor.py:183} INFO - Processing /Users/wanghaojin/Desktop/exchange@NUS/IS3107/HW/Project/news_data_pipeline/.venv/lib/python3.11/site-packages/airflow/example_dags/example_dynamic_task_mapping.py took 0.114 seconds
[2024-04-12T19:53:02.576+0800] {processor.py:161} INFO - Started process (PID=6232) to work on /Users/wanghaojin/Desktop/exchange@NUS/IS3107/HW/Project/news_data_pipeline/.venv/lib/python3.11/site-packages/airflow/example_dags/example_dynamic_task_mapping.py
[2024-04-12T19:53:02.577+0800] {processor.py:830} INFO - Processing file /Users/wanghaojin/Desktop/exchange@NUS/IS3107/HW/Project/news_data_pipeline/.venv/lib/python3.11/site-packages/airflow/example_dags/example_dynamic_task_mapping.py for tasks to queue
[2024-04-12T19:53:02.577+0800] {logging_mixin.py:188} INFO - [2024-04-12T19:53:02.577+0800] {dagbag.py:538} INFO - Filling up the DagBag from /Users/wanghaojin/Desktop/exchange@NUS/IS3107/HW/Project/news_data_pipeline/.venv/lib/python3.11/site-packages/airflow/example_dags/example_dynamic_task_mapping.py
[2024-04-12T19:53:02.596+0800] {processor.py:840} INFO - DAG(s) 'example_dynamic_task_mapping' retrieved from /Users/wanghaojin/Desktop/exchange@NUS/IS3107/HW/Project/news_data_pipeline/.venv/lib/python3.11/site-packages/airflow/example_dags/example_dynamic_task_mapping.py
[2024-04-12T19:53:02.671+0800] {logging_mixin.py:188} INFO - [2024-04-12T19:53:02.671+0800] {dag.py:3036} INFO - Sync 1 DAGs
[2024-04-12T19:53:02.680+0800] {logging_mixin.py:188} INFO - [2024-04-12T19:53:02.680+0800] {dag.py:3823} INFO - Setting next_dagrun for example_dynamic_task_mapping to 2022-03-04 00:00:00+00:00, run_after=2022-03-05 00:00:00+00:00
[2024-04-12T19:53:02.691+0800] {processor.py:183} INFO - Processing /Users/wanghaojin/Desktop/exchange@NUS/IS3107/HW/Project/news_data_pipeline/.venv/lib/python3.11/site-packages/airflow/example_dags/example_dynamic_task_mapping.py took 0.115 seconds
[2024-04-12T19:55:19.619+0800] {processor.py:161} INFO - Started process (PID=6394) to work on /Users/wanghaojin/Desktop/exchange@NUS/IS3107/HW/Project/news_data_pipeline/.venv/lib/python3.11/site-packages/airflow/example_dags/example_dynamic_task_mapping.py
[2024-04-12T19:55:19.620+0800] {processor.py:830} INFO - Processing file /Users/wanghaojin/Desktop/exchange@NUS/IS3107/HW/Project/news_data_pipeline/.venv/lib/python3.11/site-packages/airflow/example_dags/example_dynamic_task_mapping.py for tasks to queue
[2024-04-12T19:55:19.620+0800] {logging_mixin.py:188} INFO - [2024-04-12T19:55:19.620+0800] {dagbag.py:538} INFO - Filling up the DagBag from /Users/wanghaojin/Desktop/exchange@NUS/IS3107/HW/Project/news_data_pipeline/.venv/lib/python3.11/site-packages/airflow/example_dags/example_dynamic_task_mapping.py
[2024-04-12T19:55:19.639+0800] {processor.py:840} INFO - DAG(s) 'example_dynamic_task_mapping' retrieved from /Users/wanghaojin/Desktop/exchange@NUS/IS3107/HW/Project/news_data_pipeline/.venv/lib/python3.11/site-packages/airflow/example_dags/example_dynamic_task_mapping.py
[2024-04-12T19:55:19.715+0800] {logging_mixin.py:188} INFO - [2024-04-12T19:55:19.714+0800] {dag.py:3036} INFO - Sync 1 DAGs
[2024-04-12T19:55:19.724+0800] {logging_mixin.py:188} INFO - [2024-04-12T19:55:19.724+0800] {dag.py:3823} INFO - Setting next_dagrun for example_dynamic_task_mapping to 2022-03-04 00:00:00+00:00, run_after=2022-03-05 00:00:00+00:00
[2024-04-12T19:55:19.734+0800] {processor.py:183} INFO - Processing /Users/wanghaojin/Desktop/exchange@NUS/IS3107/HW/Project/news_data_pipeline/.venv/lib/python3.11/site-packages/airflow/example_dags/example_dynamic_task_mapping.py took 0.115 seconds
[2024-04-12T19:57:32.451+0800] {processor.py:161} INFO - Started process (PID=6530) to work on /Users/wanghaojin/Desktop/exchange@NUS/IS3107/HW/Project/news_data_pipeline/.venv/lib/python3.11/site-packages/airflow/example_dags/example_dynamic_task_mapping.py
[2024-04-12T19:57:32.452+0800] {processor.py:830} INFO - Processing file /Users/wanghaojin/Desktop/exchange@NUS/IS3107/HW/Project/news_data_pipeline/.venv/lib/python3.11/site-packages/airflow/example_dags/example_dynamic_task_mapping.py for tasks to queue
[2024-04-12T19:57:32.452+0800] {logging_mixin.py:188} INFO - [2024-04-12T19:57:32.452+0800] {dagbag.py:538} INFO - Filling up the DagBag from /Users/wanghaojin/Desktop/exchange@NUS/IS3107/HW/Project/news_data_pipeline/.venv/lib/python3.11/site-packages/airflow/example_dags/example_dynamic_task_mapping.py
[2024-04-12T19:57:32.472+0800] {processor.py:840} INFO - DAG(s) 'example_dynamic_task_mapping' retrieved from /Users/wanghaojin/Desktop/exchange@NUS/IS3107/HW/Project/news_data_pipeline/.venv/lib/python3.11/site-packages/airflow/example_dags/example_dynamic_task_mapping.py
[2024-04-12T19:57:32.548+0800] {logging_mixin.py:188} INFO - [2024-04-12T19:57:32.548+0800] {dag.py:3036} INFO - Sync 1 DAGs
[2024-04-12T19:57:32.557+0800] {logging_mixin.py:188} INFO - [2024-04-12T19:57:32.557+0800] {dag.py:3823} INFO - Setting next_dagrun for example_dynamic_task_mapping to 2022-03-04 00:00:00+00:00, run_after=2022-03-05 00:00:00+00:00
[2024-04-12T19:57:32.567+0800] {processor.py:183} INFO - Processing /Users/wanghaojin/Desktop/exchange@NUS/IS3107/HW/Project/news_data_pipeline/.venv/lib/python3.11/site-packages/airflow/example_dags/example_dynamic_task_mapping.py took 0.117 seconds
[2024-04-12T19:59:45.366+0800] {processor.py:161} INFO - Started process (PID=6656) to work on /Users/wanghaojin/Desktop/exchange@NUS/IS3107/HW/Project/news_data_pipeline/.venv/lib/python3.11/site-packages/airflow/example_dags/example_dynamic_task_mapping.py
[2024-04-12T19:59:45.367+0800] {processor.py:830} INFO - Processing file /Users/wanghaojin/Desktop/exchange@NUS/IS3107/HW/Project/news_data_pipeline/.venv/lib/python3.11/site-packages/airflow/example_dags/example_dynamic_task_mapping.py for tasks to queue
[2024-04-12T19:59:45.367+0800] {logging_mixin.py:188} INFO - [2024-04-12T19:59:45.367+0800] {dagbag.py:538} INFO - Filling up the DagBag from /Users/wanghaojin/Desktop/exchange@NUS/IS3107/HW/Project/news_data_pipeline/.venv/lib/python3.11/site-packages/airflow/example_dags/example_dynamic_task_mapping.py
[2024-04-12T19:59:45.387+0800] {processor.py:840} INFO - DAG(s) 'example_dynamic_task_mapping' retrieved from /Users/wanghaojin/Desktop/exchange@NUS/IS3107/HW/Project/news_data_pipeline/.venv/lib/python3.11/site-packages/airflow/example_dags/example_dynamic_task_mapping.py
[2024-04-12T19:59:45.466+0800] {logging_mixin.py:188} INFO - [2024-04-12T19:59:45.465+0800] {dag.py:3036} INFO - Sync 1 DAGs
[2024-04-12T19:59:45.475+0800] {logging_mixin.py:188} INFO - [2024-04-12T19:59:45.475+0800] {dag.py:3823} INFO - Setting next_dagrun for example_dynamic_task_mapping to 2022-03-04 00:00:00+00:00, run_after=2022-03-05 00:00:00+00:00
[2024-04-12T19:59:45.485+0800] {processor.py:183} INFO - Processing /Users/wanghaojin/Desktop/exchange@NUS/IS3107/HW/Project/news_data_pipeline/.venv/lib/python3.11/site-packages/airflow/example_dags/example_dynamic_task_mapping.py took 0.120 seconds
[2024-04-12T20:02:02.908+0800] {processor.py:161} INFO - Started process (PID=6850) to work on /Users/wanghaojin/Desktop/exchange@NUS/IS3107/HW/Project/news_data_pipeline/.venv/lib/python3.11/site-packages/airflow/example_dags/example_dynamic_task_mapping.py
[2024-04-12T20:02:02.909+0800] {processor.py:830} INFO - Processing file /Users/wanghaojin/Desktop/exchange@NUS/IS3107/HW/Project/news_data_pipeline/.venv/lib/python3.11/site-packages/airflow/example_dags/example_dynamic_task_mapping.py for tasks to queue
[2024-04-12T20:02:02.910+0800] {logging_mixin.py:188} INFO - [2024-04-12T20:02:02.909+0800] {dagbag.py:538} INFO - Filling up the DagBag from /Users/wanghaojin/Desktop/exchange@NUS/IS3107/HW/Project/news_data_pipeline/.venv/lib/python3.11/site-packages/airflow/example_dags/example_dynamic_task_mapping.py
[2024-04-12T20:02:02.929+0800] {processor.py:840} INFO - DAG(s) 'example_dynamic_task_mapping' retrieved from /Users/wanghaojin/Desktop/exchange@NUS/IS3107/HW/Project/news_data_pipeline/.venv/lib/python3.11/site-packages/airflow/example_dags/example_dynamic_task_mapping.py
[2024-04-12T20:02:03.005+0800] {logging_mixin.py:188} INFO - [2024-04-12T20:02:03.005+0800] {dag.py:3036} INFO - Sync 1 DAGs
[2024-04-12T20:02:03.015+0800] {logging_mixin.py:188} INFO - [2024-04-12T20:02:03.014+0800] {dag.py:3823} INFO - Setting next_dagrun for example_dynamic_task_mapping to 2022-03-04 00:00:00+00:00, run_after=2022-03-05 00:00:00+00:00
[2024-04-12T20:02:03.025+0800] {processor.py:183} INFO - Processing /Users/wanghaojin/Desktop/exchange@NUS/IS3107/HW/Project/news_data_pipeline/.venv/lib/python3.11/site-packages/airflow/example_dags/example_dynamic_task_mapping.py took 0.117 seconds
[2024-04-12T20:04:23.857+0800] {processor.py:161} INFO - Started process (PID=7165) to work on /Users/wanghaojin/Desktop/exchange@NUS/IS3107/HW/Project/news_data_pipeline/.venv/lib/python3.11/site-packages/airflow/example_dags/example_dynamic_task_mapping.py
[2024-04-12T20:04:23.858+0800] {processor.py:830} INFO - Processing file /Users/wanghaojin/Desktop/exchange@NUS/IS3107/HW/Project/news_data_pipeline/.venv/lib/python3.11/site-packages/airflow/example_dags/example_dynamic_task_mapping.py for tasks to queue
[2024-04-12T20:04:23.858+0800] {logging_mixin.py:188} INFO - [2024-04-12T20:04:23.858+0800] {dagbag.py:538} INFO - Filling up the DagBag from /Users/wanghaojin/Desktop/exchange@NUS/IS3107/HW/Project/news_data_pipeline/.venv/lib/python3.11/site-packages/airflow/example_dags/example_dynamic_task_mapping.py
[2024-04-12T20:04:23.877+0800] {processor.py:840} INFO - DAG(s) 'example_dynamic_task_mapping' retrieved from /Users/wanghaojin/Desktop/exchange@NUS/IS3107/HW/Project/news_data_pipeline/.venv/lib/python3.11/site-packages/airflow/example_dags/example_dynamic_task_mapping.py
[2024-04-12T20:04:23.952+0800] {logging_mixin.py:188} INFO - [2024-04-12T20:04:23.952+0800] {dag.py:3036} INFO - Sync 1 DAGs
[2024-04-12T20:04:23.961+0800] {logging_mixin.py:188} INFO - [2024-04-12T20:04:23.961+0800] {dag.py:3823} INFO - Setting next_dagrun for example_dynamic_task_mapping to 2022-03-04 00:00:00+00:00, run_after=2022-03-05 00:00:00+00:00
[2024-04-12T20:04:23.971+0800] {processor.py:183} INFO - Processing /Users/wanghaojin/Desktop/exchange@NUS/IS3107/HW/Project/news_data_pipeline/.venv/lib/python3.11/site-packages/airflow/example_dags/example_dynamic_task_mapping.py took 0.115 seconds
[2024-04-12T20:06:41.088+0800] {processor.py:161} INFO - Started process (PID=7383) to work on /Users/wanghaojin/Desktop/exchange@NUS/IS3107/HW/Project/news_data_pipeline/.venv/lib/python3.11/site-packages/airflow/example_dags/example_dynamic_task_mapping.py
[2024-04-12T20:06:41.088+0800] {processor.py:830} INFO - Processing file /Users/wanghaojin/Desktop/exchange@NUS/IS3107/HW/Project/news_data_pipeline/.venv/lib/python3.11/site-packages/airflow/example_dags/example_dynamic_task_mapping.py for tasks to queue
[2024-04-12T20:06:41.089+0800] {logging_mixin.py:188} INFO - [2024-04-12T20:06:41.088+0800] {dagbag.py:538} INFO - Filling up the DagBag from /Users/wanghaojin/Desktop/exchange@NUS/IS3107/HW/Project/news_data_pipeline/.venv/lib/python3.11/site-packages/airflow/example_dags/example_dynamic_task_mapping.py
[2024-04-12T20:06:41.107+0800] {processor.py:840} INFO - DAG(s) 'example_dynamic_task_mapping' retrieved from /Users/wanghaojin/Desktop/exchange@NUS/IS3107/HW/Project/news_data_pipeline/.venv/lib/python3.11/site-packages/airflow/example_dags/example_dynamic_task_mapping.py
[2024-04-12T20:06:41.183+0800] {logging_mixin.py:188} INFO - [2024-04-12T20:06:41.183+0800] {dag.py:3036} INFO - Sync 1 DAGs
[2024-04-12T20:06:41.192+0800] {logging_mixin.py:188} INFO - [2024-04-12T20:06:41.192+0800] {dag.py:3823} INFO - Setting next_dagrun for example_dynamic_task_mapping to 2022-03-04 00:00:00+00:00, run_after=2022-03-05 00:00:00+00:00
[2024-04-12T20:06:41.202+0800] {processor.py:183} INFO - Processing /Users/wanghaojin/Desktop/exchange@NUS/IS3107/HW/Project/news_data_pipeline/.venv/lib/python3.11/site-packages/airflow/example_dags/example_dynamic_task_mapping.py took 0.115 seconds
[2024-04-12T20:08:58.195+0800] {processor.py:161} INFO - Started process (PID=7573) to work on /Users/wanghaojin/Desktop/exchange@NUS/IS3107/HW/Project/news_data_pipeline/.venv/lib/python3.11/site-packages/airflow/example_dags/example_dynamic_task_mapping.py
[2024-04-12T20:08:58.195+0800] {processor.py:830} INFO - Processing file /Users/wanghaojin/Desktop/exchange@NUS/IS3107/HW/Project/news_data_pipeline/.venv/lib/python3.11/site-packages/airflow/example_dags/example_dynamic_task_mapping.py for tasks to queue
[2024-04-12T20:08:58.195+0800] {logging_mixin.py:188} INFO - [2024-04-12T20:08:58.195+0800] {dagbag.py:538} INFO - Filling up the DagBag from /Users/wanghaojin/Desktop/exchange@NUS/IS3107/HW/Project/news_data_pipeline/.venv/lib/python3.11/site-packages/airflow/example_dags/example_dynamic_task_mapping.py
[2024-04-12T20:08:58.216+0800] {processor.py:840} INFO - DAG(s) 'example_dynamic_task_mapping' retrieved from /Users/wanghaojin/Desktop/exchange@NUS/IS3107/HW/Project/news_data_pipeline/.venv/lib/python3.11/site-packages/airflow/example_dags/example_dynamic_task_mapping.py
[2024-04-12T20:08:58.292+0800] {logging_mixin.py:188} INFO - [2024-04-12T20:08:58.292+0800] {dag.py:3036} INFO - Sync 1 DAGs
[2024-04-12T20:08:58.301+0800] {logging_mixin.py:188} INFO - [2024-04-12T20:08:58.301+0800] {dag.py:3823} INFO - Setting next_dagrun for example_dynamic_task_mapping to 2022-03-04 00:00:00+00:00, run_after=2022-03-05 00:00:00+00:00
[2024-04-12T20:08:58.312+0800] {processor.py:183} INFO - Processing /Users/wanghaojin/Desktop/exchange@NUS/IS3107/HW/Project/news_data_pipeline/.venv/lib/python3.11/site-packages/airflow/example_dags/example_dynamic_task_mapping.py took 0.118 seconds
[2024-04-12T20:11:15.250+0800] {processor.py:161} INFO - Started process (PID=7761) to work on /Users/wanghaojin/Desktop/exchange@NUS/IS3107/HW/Project/news_data_pipeline/.venv/lib/python3.11/site-packages/airflow/example_dags/example_dynamic_task_mapping.py
[2024-04-12T20:11:15.250+0800] {processor.py:830} INFO - Processing file /Users/wanghaojin/Desktop/exchange@NUS/IS3107/HW/Project/news_data_pipeline/.venv/lib/python3.11/site-packages/airflow/example_dags/example_dynamic_task_mapping.py for tasks to queue
[2024-04-12T20:11:15.251+0800] {logging_mixin.py:188} INFO - [2024-04-12T20:11:15.250+0800] {dagbag.py:538} INFO - Filling up the DagBag from /Users/wanghaojin/Desktop/exchange@NUS/IS3107/HW/Project/news_data_pipeline/.venv/lib/python3.11/site-packages/airflow/example_dags/example_dynamic_task_mapping.py
[2024-04-12T20:11:15.269+0800] {processor.py:840} INFO - DAG(s) 'example_dynamic_task_mapping' retrieved from /Users/wanghaojin/Desktop/exchange@NUS/IS3107/HW/Project/news_data_pipeline/.venv/lib/python3.11/site-packages/airflow/example_dags/example_dynamic_task_mapping.py
[2024-04-12T20:11:15.345+0800] {logging_mixin.py:188} INFO - [2024-04-12T20:11:15.345+0800] {dag.py:3036} INFO - Sync 1 DAGs
[2024-04-12T20:11:15.354+0800] {logging_mixin.py:188} INFO - [2024-04-12T20:11:15.354+0800] {dag.py:3823} INFO - Setting next_dagrun for example_dynamic_task_mapping to 2022-03-04 00:00:00+00:00, run_after=2022-03-05 00:00:00+00:00
[2024-04-12T20:11:15.364+0800] {processor.py:183} INFO - Processing /Users/wanghaojin/Desktop/exchange@NUS/IS3107/HW/Project/news_data_pipeline/.venv/lib/python3.11/site-packages/airflow/example_dags/example_dynamic_task_mapping.py took 0.115 seconds
[2024-04-12T20:13:32.678+0800] {processor.py:161} INFO - Started process (PID=7995) to work on /Users/wanghaojin/Desktop/exchange@NUS/IS3107/HW/Project/news_data_pipeline/.venv/lib/python3.11/site-packages/airflow/example_dags/example_dynamic_task_mapping.py
[2024-04-12T20:13:32.679+0800] {processor.py:830} INFO - Processing file /Users/wanghaojin/Desktop/exchange@NUS/IS3107/HW/Project/news_data_pipeline/.venv/lib/python3.11/site-packages/airflow/example_dags/example_dynamic_task_mapping.py for tasks to queue
[2024-04-12T20:13:32.679+0800] {logging_mixin.py:188} INFO - [2024-04-12T20:13:32.679+0800] {dagbag.py:538} INFO - Filling up the DagBag from /Users/wanghaojin/Desktop/exchange@NUS/IS3107/HW/Project/news_data_pipeline/.venv/lib/python3.11/site-packages/airflow/example_dags/example_dynamic_task_mapping.py
[2024-04-12T20:13:32.699+0800] {processor.py:840} INFO - DAG(s) 'example_dynamic_task_mapping' retrieved from /Users/wanghaojin/Desktop/exchange@NUS/IS3107/HW/Project/news_data_pipeline/.venv/lib/python3.11/site-packages/airflow/example_dags/example_dynamic_task_mapping.py
[2024-04-12T20:13:32.776+0800] {logging_mixin.py:188} INFO - [2024-04-12T20:13:32.776+0800] {dag.py:3036} INFO - Sync 1 DAGs
[2024-04-12T20:13:32.786+0800] {logging_mixin.py:188} INFO - [2024-04-12T20:13:32.786+0800] {dag.py:3823} INFO - Setting next_dagrun for example_dynamic_task_mapping to 2022-03-04 00:00:00+00:00, run_after=2022-03-05 00:00:00+00:00
[2024-04-12T20:13:32.797+0800] {processor.py:183} INFO - Processing /Users/wanghaojin/Desktop/exchange@NUS/IS3107/HW/Project/news_data_pipeline/.venv/lib/python3.11/site-packages/airflow/example_dags/example_dynamic_task_mapping.py took 0.120 seconds
[2024-04-12T20:15:49.938+0800] {processor.py:161} INFO - Started process (PID=8254) to work on /Users/wanghaojin/Desktop/exchange@NUS/IS3107/HW/Project/news_data_pipeline/.venv/lib/python3.11/site-packages/airflow/example_dags/example_dynamic_task_mapping.py
[2024-04-12T20:15:49.939+0800] {processor.py:830} INFO - Processing file /Users/wanghaojin/Desktop/exchange@NUS/IS3107/HW/Project/news_data_pipeline/.venv/lib/python3.11/site-packages/airflow/example_dags/example_dynamic_task_mapping.py for tasks to queue
[2024-04-12T20:15:49.939+0800] {logging_mixin.py:188} INFO - [2024-04-12T20:15:49.939+0800] {dagbag.py:538} INFO - Filling up the DagBag from /Users/wanghaojin/Desktop/exchange@NUS/IS3107/HW/Project/news_data_pipeline/.venv/lib/python3.11/site-packages/airflow/example_dags/example_dynamic_task_mapping.py
[2024-04-12T20:15:49.959+0800] {processor.py:840} INFO - DAG(s) 'example_dynamic_task_mapping' retrieved from /Users/wanghaojin/Desktop/exchange@NUS/IS3107/HW/Project/news_data_pipeline/.venv/lib/python3.11/site-packages/airflow/example_dags/example_dynamic_task_mapping.py
[2024-04-12T20:15:50.037+0800] {logging_mixin.py:188} INFO - [2024-04-12T20:15:50.036+0800] {dag.py:3036} INFO - Sync 1 DAGs
[2024-04-12T20:15:50.046+0800] {logging_mixin.py:188} INFO - [2024-04-12T20:15:50.046+0800] {dag.py:3823} INFO - Setting next_dagrun for example_dynamic_task_mapping to 2022-03-04 00:00:00+00:00, run_after=2022-03-05 00:00:00+00:00
[2024-04-12T20:15:50.056+0800] {processor.py:183} INFO - Processing /Users/wanghaojin/Desktop/exchange@NUS/IS3107/HW/Project/news_data_pipeline/.venv/lib/python3.11/site-packages/airflow/example_dags/example_dynamic_task_mapping.py took 0.119 seconds
[2024-04-12T20:19:30.431+0800] {processor.py:161} INFO - Started process (PID=8753) to work on /Users/wanghaojin/Desktop/exchange@NUS/IS3107/HW/Project/news_data_pipeline/.venv/lib/python3.11/site-packages/airflow/example_dags/example_dynamic_task_mapping.py
[2024-04-12T20:19:30.432+0800] {processor.py:830} INFO - Processing file /Users/wanghaojin/Desktop/exchange@NUS/IS3107/HW/Project/news_data_pipeline/.venv/lib/python3.11/site-packages/airflow/example_dags/example_dynamic_task_mapping.py for tasks to queue
[2024-04-12T20:19:30.433+0800] {logging_mixin.py:188} INFO - [2024-04-12T20:19:30.432+0800] {dagbag.py:538} INFO - Filling up the DagBag from /Users/wanghaojin/Desktop/exchange@NUS/IS3107/HW/Project/news_data_pipeline/.venv/lib/python3.11/site-packages/airflow/example_dags/example_dynamic_task_mapping.py
[2024-04-12T20:19:30.451+0800] {processor.py:840} INFO - DAG(s) 'example_dynamic_task_mapping' retrieved from /Users/wanghaojin/Desktop/exchange@NUS/IS3107/HW/Project/news_data_pipeline/.venv/lib/python3.11/site-packages/airflow/example_dags/example_dynamic_task_mapping.py
[2024-04-12T20:19:30.570+0800] {logging_mixin.py:188} INFO - [2024-04-12T20:19:30.569+0800] {dag.py:3036} INFO - Sync 1 DAGs
[2024-04-12T20:19:30.578+0800] {logging_mixin.py:188} INFO - [2024-04-12T20:19:30.578+0800] {dag.py:3823} INFO - Setting next_dagrun for example_dynamic_task_mapping to 2022-03-04 00:00:00+00:00, run_after=2022-03-05 00:00:00+00:00
[2024-04-12T20:19:30.588+0800] {processor.py:183} INFO - Processing /Users/wanghaojin/Desktop/exchange@NUS/IS3107/HW/Project/news_data_pipeline/.venv/lib/python3.11/site-packages/airflow/example_dags/example_dynamic_task_mapping.py took 0.158 seconds
[2024-04-12T20:21:49.876+0800] {processor.py:161} INFO - Started process (PID=8954) to work on /Users/wanghaojin/Desktop/exchange@NUS/IS3107/HW/Project/news_data_pipeline/.venv/lib/python3.11/site-packages/airflow/example_dags/example_dynamic_task_mapping.py
[2024-04-12T20:21:49.878+0800] {processor.py:830} INFO - Processing file /Users/wanghaojin/Desktop/exchange@NUS/IS3107/HW/Project/news_data_pipeline/.venv/lib/python3.11/site-packages/airflow/example_dags/example_dynamic_task_mapping.py for tasks to queue
[2024-04-12T20:21:49.878+0800] {logging_mixin.py:188} INFO - [2024-04-12T20:21:49.878+0800] {dagbag.py:538} INFO - Filling up the DagBag from /Users/wanghaojin/Desktop/exchange@NUS/IS3107/HW/Project/news_data_pipeline/.venv/lib/python3.11/site-packages/airflow/example_dags/example_dynamic_task_mapping.py
[2024-04-12T20:21:49.897+0800] {processor.py:840} INFO - DAG(s) 'example_dynamic_task_mapping' retrieved from /Users/wanghaojin/Desktop/exchange@NUS/IS3107/HW/Project/news_data_pipeline/.venv/lib/python3.11/site-packages/airflow/example_dags/example_dynamic_task_mapping.py
[2024-04-12T20:21:50.015+0800] {logging_mixin.py:188} INFO - [2024-04-12T20:21:50.015+0800] {dag.py:3036} INFO - Sync 1 DAGs
[2024-04-12T20:21:50.023+0800] {logging_mixin.py:188} INFO - [2024-04-12T20:21:50.023+0800] {dag.py:3823} INFO - Setting next_dagrun for example_dynamic_task_mapping to 2022-03-04 00:00:00+00:00, run_after=2022-03-05 00:00:00+00:00
[2024-04-12T20:21:50.034+0800] {processor.py:183} INFO - Processing /Users/wanghaojin/Desktop/exchange@NUS/IS3107/HW/Project/news_data_pipeline/.venv/lib/python3.11/site-packages/airflow/example_dags/example_dynamic_task_mapping.py took 0.158 seconds
[2024-04-12T20:24:05.445+0800] {processor.py:161} INFO - Started process (PID=9120) to work on /Users/wanghaojin/Desktop/exchange@NUS/IS3107/HW/Project/news_data_pipeline/.venv/lib/python3.11/site-packages/airflow/example_dags/example_dynamic_task_mapping.py
[2024-04-12T20:24:05.445+0800] {processor.py:830} INFO - Processing file /Users/wanghaojin/Desktop/exchange@NUS/IS3107/HW/Project/news_data_pipeline/.venv/lib/python3.11/site-packages/airflow/example_dags/example_dynamic_task_mapping.py for tasks to queue
[2024-04-12T20:24:05.446+0800] {logging_mixin.py:188} INFO - [2024-04-12T20:24:05.446+0800] {dagbag.py:538} INFO - Filling up the DagBag from /Users/wanghaojin/Desktop/exchange@NUS/IS3107/HW/Project/news_data_pipeline/.venv/lib/python3.11/site-packages/airflow/example_dags/example_dynamic_task_mapping.py
[2024-04-12T20:24:05.466+0800] {processor.py:840} INFO - DAG(s) 'example_dynamic_task_mapping' retrieved from /Users/wanghaojin/Desktop/exchange@NUS/IS3107/HW/Project/news_data_pipeline/.venv/lib/python3.11/site-packages/airflow/example_dags/example_dynamic_task_mapping.py
[2024-04-12T20:24:05.542+0800] {logging_mixin.py:188} INFO - [2024-04-12T20:24:05.542+0800] {dag.py:3036} INFO - Sync 1 DAGs
[2024-04-12T20:24:05.551+0800] {logging_mixin.py:188} INFO - [2024-04-12T20:24:05.551+0800] {dag.py:3823} INFO - Setting next_dagrun for example_dynamic_task_mapping to 2022-03-04 00:00:00+00:00, run_after=2022-03-05 00:00:00+00:00
[2024-04-12T20:24:05.562+0800] {processor.py:183} INFO - Processing /Users/wanghaojin/Desktop/exchange@NUS/IS3107/HW/Project/news_data_pipeline/.venv/lib/python3.11/site-packages/airflow/example_dags/example_dynamic_task_mapping.py took 0.117 seconds
[2024-04-12T20:26:41.111+0800] {processor.py:161} INFO - Started process (PID=9373) to work on /Users/wanghaojin/Desktop/exchange@NUS/IS3107/HW/Project/news_data_pipeline/.venv/lib/python3.11/site-packages/airflow/example_dags/example_dynamic_task_mapping.py
[2024-04-12T20:26:41.112+0800] {processor.py:830} INFO - Processing file /Users/wanghaojin/Desktop/exchange@NUS/IS3107/HW/Project/news_data_pipeline/.venv/lib/python3.11/site-packages/airflow/example_dags/example_dynamic_task_mapping.py for tasks to queue
[2024-04-12T20:26:41.113+0800] {logging_mixin.py:188} INFO - [2024-04-12T20:26:41.112+0800] {dagbag.py:538} INFO - Filling up the DagBag from /Users/wanghaojin/Desktop/exchange@NUS/IS3107/HW/Project/news_data_pipeline/.venv/lib/python3.11/site-packages/airflow/example_dags/example_dynamic_task_mapping.py
[2024-04-12T20:26:41.131+0800] {processor.py:840} INFO - DAG(s) 'example_dynamic_task_mapping' retrieved from /Users/wanghaojin/Desktop/exchange@NUS/IS3107/HW/Project/news_data_pipeline/.venv/lib/python3.11/site-packages/airflow/example_dags/example_dynamic_task_mapping.py
[2024-04-12T20:26:41.207+0800] {logging_mixin.py:188} INFO - [2024-04-12T20:26:41.207+0800] {dag.py:3036} INFO - Sync 1 DAGs
[2024-04-12T20:26:41.216+0800] {logging_mixin.py:188} INFO - [2024-04-12T20:26:41.216+0800] {dag.py:3823} INFO - Setting next_dagrun for example_dynamic_task_mapping to 2022-03-04 00:00:00+00:00, run_after=2022-03-05 00:00:00+00:00
[2024-04-12T20:26:41.226+0800] {processor.py:183} INFO - Processing /Users/wanghaojin/Desktop/exchange@NUS/IS3107/HW/Project/news_data_pipeline/.venv/lib/python3.11/site-packages/airflow/example_dags/example_dynamic_task_mapping.py took 0.115 seconds
[2024-04-12T20:28:56.854+0800] {processor.py:161} INFO - Started process (PID=9605) to work on /Users/wanghaojin/Desktop/exchange@NUS/IS3107/HW/Project/news_data_pipeline/.venv/lib/python3.11/site-packages/airflow/example_dags/example_dynamic_task_mapping.py
[2024-04-12T20:28:56.855+0800] {processor.py:830} INFO - Processing file /Users/wanghaojin/Desktop/exchange@NUS/IS3107/HW/Project/news_data_pipeline/.venv/lib/python3.11/site-packages/airflow/example_dags/example_dynamic_task_mapping.py for tasks to queue
[2024-04-12T20:28:56.855+0800] {logging_mixin.py:188} INFO - [2024-04-12T20:28:56.855+0800] {dagbag.py:538} INFO - Filling up the DagBag from /Users/wanghaojin/Desktop/exchange@NUS/IS3107/HW/Project/news_data_pipeline/.venv/lib/python3.11/site-packages/airflow/example_dags/example_dynamic_task_mapping.py
[2024-04-12T20:28:56.874+0800] {processor.py:840} INFO - DAG(s) 'example_dynamic_task_mapping' retrieved from /Users/wanghaojin/Desktop/exchange@NUS/IS3107/HW/Project/news_data_pipeline/.venv/lib/python3.11/site-packages/airflow/example_dags/example_dynamic_task_mapping.py
[2024-04-12T20:28:56.950+0800] {logging_mixin.py:188} INFO - [2024-04-12T20:28:56.949+0800] {dag.py:3036} INFO - Sync 1 DAGs
[2024-04-12T20:28:56.959+0800] {logging_mixin.py:188} INFO - [2024-04-12T20:28:56.959+0800] {dag.py:3823} INFO - Setting next_dagrun for example_dynamic_task_mapping to 2022-03-04 00:00:00+00:00, run_after=2022-03-05 00:00:00+00:00
[2024-04-12T20:28:56.969+0800] {processor.py:183} INFO - Processing /Users/wanghaojin/Desktop/exchange@NUS/IS3107/HW/Project/news_data_pipeline/.venv/lib/python3.11/site-packages/airflow/example_dags/example_dynamic_task_mapping.py took 0.116 seconds
[2024-04-12T20:30:35.296+0800] {processor.py:161} INFO - Started process (PID=9845) to work on /Users/wanghaojin/Desktop/exchange@NUS/IS3107/HW/Project/news_data_pipeline/.venv/lib/python3.11/site-packages/airflow/example_dags/example_dynamic_task_mapping.py
[2024-04-12T20:30:35.298+0800] {processor.py:830} INFO - Processing file /Users/wanghaojin/Desktop/exchange@NUS/IS3107/HW/Project/news_data_pipeline/.venv/lib/python3.11/site-packages/airflow/example_dags/example_dynamic_task_mapping.py for tasks to queue
[2024-04-12T20:30:35.298+0800] {logging_mixin.py:188} INFO - [2024-04-12T20:30:35.298+0800] {dagbag.py:538} INFO - Filling up the DagBag from /Users/wanghaojin/Desktop/exchange@NUS/IS3107/HW/Project/news_data_pipeline/.venv/lib/python3.11/site-packages/airflow/example_dags/example_dynamic_task_mapping.py
[2024-04-12T20:30:35.317+0800] {processor.py:840} INFO - DAG(s) 'example_dynamic_task_mapping' retrieved from /Users/wanghaojin/Desktop/exchange@NUS/IS3107/HW/Project/news_data_pipeline/.venv/lib/python3.11/site-packages/airflow/example_dags/example_dynamic_task_mapping.py
[2024-04-12T20:30:35.435+0800] {logging_mixin.py:188} INFO - [2024-04-12T20:30:35.435+0800] {dag.py:3036} INFO - Sync 1 DAGs
[2024-04-12T20:30:35.443+0800] {logging_mixin.py:188} INFO - [2024-04-12T20:30:35.443+0800] {dag.py:3823} INFO - Setting next_dagrun for example_dynamic_task_mapping to 2022-03-04 00:00:00+00:00, run_after=2022-03-05 00:00:00+00:00
[2024-04-12T20:30:35.454+0800] {processor.py:183} INFO - Processing /Users/wanghaojin/Desktop/exchange@NUS/IS3107/HW/Project/news_data_pipeline/.venv/lib/python3.11/site-packages/airflow/example_dags/example_dynamic_task_mapping.py took 0.158 seconds
[2024-04-12T20:37:22.227+0800] {processor.py:161} INFO - Started process (PID=10578) to work on /Users/wanghaojin/Desktop/exchange@NUS/IS3107/HW/Project/news_data_pipeline/.venv/lib/python3.11/site-packages/airflow/example_dags/example_dynamic_task_mapping.py
[2024-04-12T20:37:22.228+0800] {processor.py:830} INFO - Processing file /Users/wanghaojin/Desktop/exchange@NUS/IS3107/HW/Project/news_data_pipeline/.venv/lib/python3.11/site-packages/airflow/example_dags/example_dynamic_task_mapping.py for tasks to queue
[2024-04-12T20:37:22.229+0800] {logging_mixin.py:188} INFO - [2024-04-12T20:37:22.228+0800] {dagbag.py:538} INFO - Filling up the DagBag from /Users/wanghaojin/Desktop/exchange@NUS/IS3107/HW/Project/news_data_pipeline/.venv/lib/python3.11/site-packages/airflow/example_dags/example_dynamic_task_mapping.py
[2024-04-12T20:37:22.247+0800] {processor.py:840} INFO - DAG(s) 'example_dynamic_task_mapping' retrieved from /Users/wanghaojin/Desktop/exchange@NUS/IS3107/HW/Project/news_data_pipeline/.venv/lib/python3.11/site-packages/airflow/example_dags/example_dynamic_task_mapping.py
[2024-04-12T20:37:22.365+0800] {logging_mixin.py:188} INFO - [2024-04-12T20:37:22.365+0800] {dag.py:3036} INFO - Sync 1 DAGs
[2024-04-12T20:37:22.373+0800] {logging_mixin.py:188} INFO - [2024-04-12T20:37:22.373+0800] {dag.py:3823} INFO - Setting next_dagrun for example_dynamic_task_mapping to 2022-03-04 00:00:00+00:00, run_after=2022-03-05 00:00:00+00:00
[2024-04-12T20:37:22.384+0800] {processor.py:183} INFO - Processing /Users/wanghaojin/Desktop/exchange@NUS/IS3107/HW/Project/news_data_pipeline/.venv/lib/python3.11/site-packages/airflow/example_dags/example_dynamic_task_mapping.py took 0.158 seconds
[2024-04-12T20:39:37.762+0800] {processor.py:161} INFO - Started process (PID=10791) to work on /Users/wanghaojin/Desktop/exchange@NUS/IS3107/HW/Project/news_data_pipeline/.venv/lib/python3.11/site-packages/airflow/example_dags/example_dynamic_task_mapping.py
[2024-04-12T20:39:37.762+0800] {processor.py:830} INFO - Processing file /Users/wanghaojin/Desktop/exchange@NUS/IS3107/HW/Project/news_data_pipeline/.venv/lib/python3.11/site-packages/airflow/example_dags/example_dynamic_task_mapping.py for tasks to queue
[2024-04-12T20:39:37.762+0800] {logging_mixin.py:188} INFO - [2024-04-12T20:39:37.762+0800] {dagbag.py:538} INFO - Filling up the DagBag from /Users/wanghaojin/Desktop/exchange@NUS/IS3107/HW/Project/news_data_pipeline/.venv/lib/python3.11/site-packages/airflow/example_dags/example_dynamic_task_mapping.py
[2024-04-12T20:39:37.781+0800] {processor.py:840} INFO - DAG(s) 'example_dynamic_task_mapping' retrieved from /Users/wanghaojin/Desktop/exchange@NUS/IS3107/HW/Project/news_data_pipeline/.venv/lib/python3.11/site-packages/airflow/example_dags/example_dynamic_task_mapping.py
[2024-04-12T20:39:37.857+0800] {logging_mixin.py:188} INFO - [2024-04-12T20:39:37.857+0800] {dag.py:3036} INFO - Sync 1 DAGs
[2024-04-12T20:39:37.866+0800] {logging_mixin.py:188} INFO - [2024-04-12T20:39:37.866+0800] {dag.py:3823} INFO - Setting next_dagrun for example_dynamic_task_mapping to 2022-03-04 00:00:00+00:00, run_after=2022-03-05 00:00:00+00:00
[2024-04-12T20:39:37.876+0800] {processor.py:183} INFO - Processing /Users/wanghaojin/Desktop/exchange@NUS/IS3107/HW/Project/news_data_pipeline/.venv/lib/python3.11/site-packages/airflow/example_dags/example_dynamic_task_mapping.py took 0.115 seconds
[2024-04-12T20:41:54.920+0800] {processor.py:161} INFO - Started process (PID=10970) to work on /Users/wanghaojin/Desktop/exchange@NUS/IS3107/HW/Project/news_data_pipeline/.venv/lib/python3.11/site-packages/airflow/example_dags/example_dynamic_task_mapping.py
[2024-04-12T20:41:54.920+0800] {processor.py:830} INFO - Processing file /Users/wanghaojin/Desktop/exchange@NUS/IS3107/HW/Project/news_data_pipeline/.venv/lib/python3.11/site-packages/airflow/example_dags/example_dynamic_task_mapping.py for tasks to queue
[2024-04-12T20:41:54.921+0800] {logging_mixin.py:188} INFO - [2024-04-12T20:41:54.921+0800] {dagbag.py:538} INFO - Filling up the DagBag from /Users/wanghaojin/Desktop/exchange@NUS/IS3107/HW/Project/news_data_pipeline/.venv/lib/python3.11/site-packages/airflow/example_dags/example_dynamic_task_mapping.py
[2024-04-12T20:41:54.940+0800] {processor.py:840} INFO - DAG(s) 'example_dynamic_task_mapping' retrieved from /Users/wanghaojin/Desktop/exchange@NUS/IS3107/HW/Project/news_data_pipeline/.venv/lib/python3.11/site-packages/airflow/example_dags/example_dynamic_task_mapping.py
[2024-04-12T20:41:55.015+0800] {logging_mixin.py:188} INFO - [2024-04-12T20:41:55.015+0800] {dag.py:3036} INFO - Sync 1 DAGs
[2024-04-12T20:41:55.025+0800] {logging_mixin.py:188} INFO - [2024-04-12T20:41:55.024+0800] {dag.py:3823} INFO - Setting next_dagrun for example_dynamic_task_mapping to 2022-03-04 00:00:00+00:00, run_after=2022-03-05 00:00:00+00:00
[2024-04-12T20:41:55.035+0800] {processor.py:183} INFO - Processing /Users/wanghaojin/Desktop/exchange@NUS/IS3107/HW/Project/news_data_pipeline/.venv/lib/python3.11/site-packages/airflow/example_dags/example_dynamic_task_mapping.py took 0.115 seconds
[2024-04-12T20:44:16.864+0800] {processor.py:161} INFO - Started process (PID=11180) to work on /Users/wanghaojin/Desktop/exchange@NUS/IS3107/HW/Project/news_data_pipeline/.venv/lib/python3.11/site-packages/airflow/example_dags/example_dynamic_task_mapping.py
[2024-04-12T20:44:16.865+0800] {processor.py:830} INFO - Processing file /Users/wanghaojin/Desktop/exchange@NUS/IS3107/HW/Project/news_data_pipeline/.venv/lib/python3.11/site-packages/airflow/example_dags/example_dynamic_task_mapping.py for tasks to queue
[2024-04-12T20:44:16.866+0800] {logging_mixin.py:188} INFO - [2024-04-12T20:44:16.866+0800] {dagbag.py:538} INFO - Filling up the DagBag from /Users/wanghaojin/Desktop/exchange@NUS/IS3107/HW/Project/news_data_pipeline/.venv/lib/python3.11/site-packages/airflow/example_dags/example_dynamic_task_mapping.py
[2024-04-12T20:44:16.885+0800] {processor.py:840} INFO - DAG(s) 'example_dynamic_task_mapping' retrieved from /Users/wanghaojin/Desktop/exchange@NUS/IS3107/HW/Project/news_data_pipeline/.venv/lib/python3.11/site-packages/airflow/example_dags/example_dynamic_task_mapping.py
[2024-04-12T20:44:16.960+0800] {logging_mixin.py:188} INFO - [2024-04-12T20:44:16.960+0800] {dag.py:3036} INFO - Sync 1 DAGs
[2024-04-12T20:44:16.969+0800] {logging_mixin.py:188} INFO - [2024-04-12T20:44:16.969+0800] {dag.py:3823} INFO - Setting next_dagrun for example_dynamic_task_mapping to 2022-03-04 00:00:00+00:00, run_after=2022-03-05 00:00:00+00:00
[2024-04-12T20:44:16.979+0800] {processor.py:183} INFO - Processing /Users/wanghaojin/Desktop/exchange@NUS/IS3107/HW/Project/news_data_pipeline/.venv/lib/python3.11/site-packages/airflow/example_dags/example_dynamic_task_mapping.py took 0.115 seconds
[2024-04-12T20:50:37.340+0800] {processor.py:161} INFO - Started process (PID=11970) to work on /Users/wanghaojin/Desktop/exchange@NUS/IS3107/HW/Project/news_data_pipeline/.venv/lib/python3.11/site-packages/airflow/example_dags/example_dynamic_task_mapping.py
[2024-04-12T20:50:37.341+0800] {processor.py:830} INFO - Processing file /Users/wanghaojin/Desktop/exchange@NUS/IS3107/HW/Project/news_data_pipeline/.venv/lib/python3.11/site-packages/airflow/example_dags/example_dynamic_task_mapping.py for tasks to queue
[2024-04-12T20:50:37.341+0800] {logging_mixin.py:188} INFO - [2024-04-12T20:50:37.341+0800] {dagbag.py:538} INFO - Filling up the DagBag from /Users/wanghaojin/Desktop/exchange@NUS/IS3107/HW/Project/news_data_pipeline/.venv/lib/python3.11/site-packages/airflow/example_dags/example_dynamic_task_mapping.py
[2024-04-12T20:50:37.361+0800] {processor.py:840} INFO - DAG(s) 'example_dynamic_task_mapping' retrieved from /Users/wanghaojin/Desktop/exchange@NUS/IS3107/HW/Project/news_data_pipeline/.venv/lib/python3.11/site-packages/airflow/example_dags/example_dynamic_task_mapping.py
[2024-04-12T20:50:37.480+0800] {logging_mixin.py:188} INFO - [2024-04-12T20:50:37.480+0800] {dag.py:3036} INFO - Sync 1 DAGs
[2024-04-12T20:50:37.488+0800] {logging_mixin.py:188} INFO - [2024-04-12T20:50:37.488+0800] {dag.py:3823} INFO - Setting next_dagrun for example_dynamic_task_mapping to 2022-03-04 00:00:00+00:00, run_after=2022-03-05 00:00:00+00:00
[2024-04-12T20:50:37.499+0800] {processor.py:183} INFO - Processing /Users/wanghaojin/Desktop/exchange@NUS/IS3107/HW/Project/news_data_pipeline/.venv/lib/python3.11/site-packages/airflow/example_dags/example_dynamic_task_mapping.py took 0.160 seconds
[2024-04-12T20:53:06.458+0800] {processor.py:161} INFO - Started process (PID=12210) to work on /Users/wanghaojin/Desktop/exchange@NUS/IS3107/HW/Project/news_data_pipeline/.venv/lib/python3.11/site-packages/airflow/example_dags/example_dynamic_task_mapping.py
[2024-04-12T20:53:06.459+0800] {processor.py:830} INFO - Processing file /Users/wanghaojin/Desktop/exchange@NUS/IS3107/HW/Project/news_data_pipeline/.venv/lib/python3.11/site-packages/airflow/example_dags/example_dynamic_task_mapping.py for tasks to queue
[2024-04-12T20:53:06.459+0800] {logging_mixin.py:188} INFO - [2024-04-12T20:53:06.459+0800] {dagbag.py:538} INFO - Filling up the DagBag from /Users/wanghaojin/Desktop/exchange@NUS/IS3107/HW/Project/news_data_pipeline/.venv/lib/python3.11/site-packages/airflow/example_dags/example_dynamic_task_mapping.py
[2024-04-12T20:53:06.478+0800] {processor.py:840} INFO - DAG(s) 'example_dynamic_task_mapping' retrieved from /Users/wanghaojin/Desktop/exchange@NUS/IS3107/HW/Project/news_data_pipeline/.venv/lib/python3.11/site-packages/airflow/example_dags/example_dynamic_task_mapping.py
[2024-04-12T20:53:06.553+0800] {logging_mixin.py:188} INFO - [2024-04-12T20:53:06.552+0800] {dag.py:3036} INFO - Sync 1 DAGs
[2024-04-12T20:53:06.562+0800] {logging_mixin.py:188} INFO - [2024-04-12T20:53:06.562+0800] {dag.py:3823} INFO - Setting next_dagrun for example_dynamic_task_mapping to 2022-03-04 00:00:00+00:00, run_after=2022-03-05 00:00:00+00:00
[2024-04-12T20:53:06.572+0800] {processor.py:183} INFO - Processing /Users/wanghaojin/Desktop/exchange@NUS/IS3107/HW/Project/news_data_pipeline/.venv/lib/python3.11/site-packages/airflow/example_dags/example_dynamic_task_mapping.py took 0.114 seconds
[2024-04-12T20:55:34.336+0800] {processor.py:161} INFO - Started process (PID=12464) to work on /Users/wanghaojin/Desktop/exchange@NUS/IS3107/HW/Project/news_data_pipeline/.venv/lib/python3.11/site-packages/airflow/example_dags/example_dynamic_task_mapping.py
[2024-04-12T20:55:34.338+0800] {processor.py:830} INFO - Processing file /Users/wanghaojin/Desktop/exchange@NUS/IS3107/HW/Project/news_data_pipeline/.venv/lib/python3.11/site-packages/airflow/example_dags/example_dynamic_task_mapping.py for tasks to queue
[2024-04-12T20:55:34.339+0800] {logging_mixin.py:188} INFO - [2024-04-12T20:55:34.339+0800] {dagbag.py:538} INFO - Filling up the DagBag from /Users/wanghaojin/Desktop/exchange@NUS/IS3107/HW/Project/news_data_pipeline/.venv/lib/python3.11/site-packages/airflow/example_dags/example_dynamic_task_mapping.py
[2024-04-12T20:55:34.358+0800] {processor.py:840} INFO - DAG(s) 'example_dynamic_task_mapping' retrieved from /Users/wanghaojin/Desktop/exchange@NUS/IS3107/HW/Project/news_data_pipeline/.venv/lib/python3.11/site-packages/airflow/example_dags/example_dynamic_task_mapping.py
[2024-04-12T20:55:34.436+0800] {logging_mixin.py:188} INFO - [2024-04-12T20:55:34.435+0800] {dag.py:3036} INFO - Sync 1 DAGs
[2024-04-12T20:55:34.445+0800] {logging_mixin.py:188} INFO - [2024-04-12T20:55:34.445+0800] {dag.py:3823} INFO - Setting next_dagrun for example_dynamic_task_mapping to 2022-03-04 00:00:00+00:00, run_after=2022-03-05 00:00:00+00:00
[2024-04-12T20:55:34.455+0800] {processor.py:183} INFO - Processing /Users/wanghaojin/Desktop/exchange@NUS/IS3107/HW/Project/news_data_pipeline/.venv/lib/python3.11/site-packages/airflow/example_dags/example_dynamic_task_mapping.py took 0.119 seconds
[2024-04-12T20:57:55.160+0800] {processor.py:161} INFO - Started process (PID=12647) to work on /Users/wanghaojin/Desktop/exchange@NUS/IS3107/HW/Project/news_data_pipeline/.venv/lib/python3.11/site-packages/airflow/example_dags/example_dynamic_task_mapping.py
[2024-04-12T20:57:55.161+0800] {processor.py:830} INFO - Processing file /Users/wanghaojin/Desktop/exchange@NUS/IS3107/HW/Project/news_data_pipeline/.venv/lib/python3.11/site-packages/airflow/example_dags/example_dynamic_task_mapping.py for tasks to queue
[2024-04-12T20:57:55.162+0800] {logging_mixin.py:188} INFO - [2024-04-12T20:57:55.161+0800] {dagbag.py:538} INFO - Filling up the DagBag from /Users/wanghaojin/Desktop/exchange@NUS/IS3107/HW/Project/news_data_pipeline/.venv/lib/python3.11/site-packages/airflow/example_dags/example_dynamic_task_mapping.py
[2024-04-12T20:57:55.180+0800] {processor.py:840} INFO - DAG(s) 'example_dynamic_task_mapping' retrieved from /Users/wanghaojin/Desktop/exchange@NUS/IS3107/HW/Project/news_data_pipeline/.venv/lib/python3.11/site-packages/airflow/example_dags/example_dynamic_task_mapping.py
[2024-04-12T20:57:55.258+0800] {logging_mixin.py:188} INFO - [2024-04-12T20:57:55.258+0800] {dag.py:3036} INFO - Sync 1 DAGs
[2024-04-12T20:57:55.268+0800] {logging_mixin.py:188} INFO - [2024-04-12T20:57:55.267+0800] {dag.py:3823} INFO - Setting next_dagrun for example_dynamic_task_mapping to 2022-03-04 00:00:00+00:00, run_after=2022-03-05 00:00:00+00:00
[2024-04-12T20:57:55.278+0800] {processor.py:183} INFO - Processing /Users/wanghaojin/Desktop/exchange@NUS/IS3107/HW/Project/news_data_pipeline/.venv/lib/python3.11/site-packages/airflow/example_dags/example_dynamic_task_mapping.py took 0.119 seconds
[2024-04-12T21:00:21.660+0800] {processor.py:161} INFO - Started process (PID=12874) to work on /Users/wanghaojin/Desktop/exchange@NUS/IS3107/HW/Project/news_data_pipeline/.venv/lib/python3.11/site-packages/airflow/example_dags/example_dynamic_task_mapping.py
[2024-04-12T21:00:21.662+0800] {processor.py:830} INFO - Processing file /Users/wanghaojin/Desktop/exchange@NUS/IS3107/HW/Project/news_data_pipeline/.venv/lib/python3.11/site-packages/airflow/example_dags/example_dynamic_task_mapping.py for tasks to queue
[2024-04-12T21:00:21.662+0800] {logging_mixin.py:188} INFO - [2024-04-12T21:00:21.662+0800] {dagbag.py:538} INFO - Filling up the DagBag from /Users/wanghaojin/Desktop/exchange@NUS/IS3107/HW/Project/news_data_pipeline/.venv/lib/python3.11/site-packages/airflow/example_dags/example_dynamic_task_mapping.py
[2024-04-12T21:00:21.681+0800] {processor.py:840} INFO - DAG(s) 'example_dynamic_task_mapping' retrieved from /Users/wanghaojin/Desktop/exchange@NUS/IS3107/HW/Project/news_data_pipeline/.venv/lib/python3.11/site-packages/airflow/example_dags/example_dynamic_task_mapping.py
[2024-04-12T21:00:21.757+0800] {logging_mixin.py:188} INFO - [2024-04-12T21:00:21.756+0800] {dag.py:3036} INFO - Sync 1 DAGs
[2024-04-12T21:00:21.766+0800] {logging_mixin.py:188} INFO - [2024-04-12T21:00:21.766+0800] {dag.py:3823} INFO - Setting next_dagrun for example_dynamic_task_mapping to 2022-03-04 00:00:00+00:00, run_after=2022-03-05 00:00:00+00:00
[2024-04-12T21:00:21.776+0800] {processor.py:183} INFO - Processing /Users/wanghaojin/Desktop/exchange@NUS/IS3107/HW/Project/news_data_pipeline/.venv/lib/python3.11/site-packages/airflow/example_dags/example_dynamic_task_mapping.py took 0.117 seconds
[2024-04-12T21:02:45.766+0800] {processor.py:161} INFO - Started process (PID=13203) to work on /Users/wanghaojin/Desktop/exchange@NUS/IS3107/HW/Project/news_data_pipeline/.venv/lib/python3.11/site-packages/airflow/example_dags/example_dynamic_task_mapping.py
[2024-04-12T21:02:45.767+0800] {processor.py:830} INFO - Processing file /Users/wanghaojin/Desktop/exchange@NUS/IS3107/HW/Project/news_data_pipeline/.venv/lib/python3.11/site-packages/airflow/example_dags/example_dynamic_task_mapping.py for tasks to queue
[2024-04-12T21:02:45.767+0800] {logging_mixin.py:188} INFO - [2024-04-12T21:02:45.767+0800] {dagbag.py:538} INFO - Filling up the DagBag from /Users/wanghaojin/Desktop/exchange@NUS/IS3107/HW/Project/news_data_pipeline/.venv/lib/python3.11/site-packages/airflow/example_dags/example_dynamic_task_mapping.py
[2024-04-12T21:02:45.786+0800] {processor.py:840} INFO - DAG(s) 'example_dynamic_task_mapping' retrieved from /Users/wanghaojin/Desktop/exchange@NUS/IS3107/HW/Project/news_data_pipeline/.venv/lib/python3.11/site-packages/airflow/example_dags/example_dynamic_task_mapping.py
[2024-04-12T21:02:45.862+0800] {logging_mixin.py:188} INFO - [2024-04-12T21:02:45.861+0800] {dag.py:3036} INFO - Sync 1 DAGs
[2024-04-12T21:02:45.871+0800] {logging_mixin.py:188} INFO - [2024-04-12T21:02:45.871+0800] {dag.py:3823} INFO - Setting next_dagrun for example_dynamic_task_mapping to 2022-03-04 00:00:00+00:00, run_after=2022-03-05 00:00:00+00:00
[2024-04-12T21:02:45.880+0800] {processor.py:183} INFO - Processing /Users/wanghaojin/Desktop/exchange@NUS/IS3107/HW/Project/news_data_pipeline/.venv/lib/python3.11/site-packages/airflow/example_dags/example_dynamic_task_mapping.py took 0.115 seconds
[2024-04-12T21:05:07.447+0800] {processor.py:161} INFO - Started process (PID=13394) to work on /Users/wanghaojin/Desktop/exchange@NUS/IS3107/HW/Project/news_data_pipeline/.venv/lib/python3.11/site-packages/airflow/example_dags/example_dynamic_task_mapping.py
[2024-04-12T21:05:07.449+0800] {processor.py:830} INFO - Processing file /Users/wanghaojin/Desktop/exchange@NUS/IS3107/HW/Project/news_data_pipeline/.venv/lib/python3.11/site-packages/airflow/example_dags/example_dynamic_task_mapping.py for tasks to queue
[2024-04-12T21:05:07.449+0800] {logging_mixin.py:188} INFO - [2024-04-12T21:05:07.449+0800] {dagbag.py:538} INFO - Filling up the DagBag from /Users/wanghaojin/Desktop/exchange@NUS/IS3107/HW/Project/news_data_pipeline/.venv/lib/python3.11/site-packages/airflow/example_dags/example_dynamic_task_mapping.py
[2024-04-12T21:05:07.468+0800] {processor.py:840} INFO - DAG(s) 'example_dynamic_task_mapping' retrieved from /Users/wanghaojin/Desktop/exchange@NUS/IS3107/HW/Project/news_data_pipeline/.venv/lib/python3.11/site-packages/airflow/example_dags/example_dynamic_task_mapping.py
[2024-04-12T21:05:07.544+0800] {logging_mixin.py:188} INFO - [2024-04-12T21:05:07.544+0800] {dag.py:3036} INFO - Sync 1 DAGs
[2024-04-12T21:05:07.553+0800] {logging_mixin.py:188} INFO - [2024-04-12T21:05:07.553+0800] {dag.py:3823} INFO - Setting next_dagrun for example_dynamic_task_mapping to 2022-03-04 00:00:00+00:00, run_after=2022-03-05 00:00:00+00:00
[2024-04-12T21:05:07.563+0800] {processor.py:183} INFO - Processing /Users/wanghaojin/Desktop/exchange@NUS/IS3107/HW/Project/news_data_pipeline/.venv/lib/python3.11/site-packages/airflow/example_dags/example_dynamic_task_mapping.py took 0.116 seconds
[2024-04-12T21:07:32.326+0800] {processor.py:161} INFO - Started process (PID=13676) to work on /Users/wanghaojin/Desktop/exchange@NUS/IS3107/HW/Project/news_data_pipeline/.venv/lib/python3.11/site-packages/airflow/example_dags/example_dynamic_task_mapping.py
[2024-04-12T21:07:32.327+0800] {processor.py:830} INFO - Processing file /Users/wanghaojin/Desktop/exchange@NUS/IS3107/HW/Project/news_data_pipeline/.venv/lib/python3.11/site-packages/airflow/example_dags/example_dynamic_task_mapping.py for tasks to queue
[2024-04-12T21:07:32.327+0800] {logging_mixin.py:188} INFO - [2024-04-12T21:07:32.327+0800] {dagbag.py:538} INFO - Filling up the DagBag from /Users/wanghaojin/Desktop/exchange@NUS/IS3107/HW/Project/news_data_pipeline/.venv/lib/python3.11/site-packages/airflow/example_dags/example_dynamic_task_mapping.py
[2024-04-12T21:07:32.346+0800] {processor.py:840} INFO - DAG(s) 'example_dynamic_task_mapping' retrieved from /Users/wanghaojin/Desktop/exchange@NUS/IS3107/HW/Project/news_data_pipeline/.venv/lib/python3.11/site-packages/airflow/example_dags/example_dynamic_task_mapping.py
[2024-04-12T21:07:32.421+0800] {logging_mixin.py:188} INFO - [2024-04-12T21:07:32.421+0800] {dag.py:3036} INFO - Sync 1 DAGs
[2024-04-12T21:07:32.430+0800] {logging_mixin.py:188} INFO - [2024-04-12T21:07:32.430+0800] {dag.py:3823} INFO - Setting next_dagrun for example_dynamic_task_mapping to 2022-03-04 00:00:00+00:00, run_after=2022-03-05 00:00:00+00:00
[2024-04-12T21:07:32.440+0800] {processor.py:183} INFO - Processing /Users/wanghaojin/Desktop/exchange@NUS/IS3107/HW/Project/news_data_pipeline/.venv/lib/python3.11/site-packages/airflow/example_dags/example_dynamic_task_mapping.py took 0.115 seconds
[2024-04-12T21:09:50.846+0800] {processor.py:161} INFO - Started process (PID=13975) to work on /Users/wanghaojin/Desktop/exchange@NUS/IS3107/HW/Project/news_data_pipeline/.venv/lib/python3.11/site-packages/airflow/example_dags/example_dynamic_task_mapping.py
[2024-04-12T21:09:50.847+0800] {processor.py:830} INFO - Processing file /Users/wanghaojin/Desktop/exchange@NUS/IS3107/HW/Project/news_data_pipeline/.venv/lib/python3.11/site-packages/airflow/example_dags/example_dynamic_task_mapping.py for tasks to queue
[2024-04-12T21:09:50.848+0800] {logging_mixin.py:188} INFO - [2024-04-12T21:09:50.848+0800] {dagbag.py:538} INFO - Filling up the DagBag from /Users/wanghaojin/Desktop/exchange@NUS/IS3107/HW/Project/news_data_pipeline/.venv/lib/python3.11/site-packages/airflow/example_dags/example_dynamic_task_mapping.py
[2024-04-12T21:09:50.868+0800] {processor.py:840} INFO - DAG(s) 'example_dynamic_task_mapping' retrieved from /Users/wanghaojin/Desktop/exchange@NUS/IS3107/HW/Project/news_data_pipeline/.venv/lib/python3.11/site-packages/airflow/example_dags/example_dynamic_task_mapping.py
[2024-04-12T21:09:50.948+0800] {logging_mixin.py:188} INFO - [2024-04-12T21:09:50.948+0800] {dag.py:3036} INFO - Sync 1 DAGs
[2024-04-12T21:09:50.958+0800] {logging_mixin.py:188} INFO - [2024-04-12T21:09:50.958+0800] {dag.py:3823} INFO - Setting next_dagrun for example_dynamic_task_mapping to 2022-03-04 00:00:00+00:00, run_after=2022-03-05 00:00:00+00:00
[2024-04-12T21:09:50.968+0800] {processor.py:183} INFO - Processing /Users/wanghaojin/Desktop/exchange@NUS/IS3107/HW/Project/news_data_pipeline/.venv/lib/python3.11/site-packages/airflow/example_dags/example_dynamic_task_mapping.py took 0.123 seconds
[2024-04-12T21:12:09.381+0800] {processor.py:161} INFO - Started process (PID=14202) to work on /Users/wanghaojin/Desktop/exchange@NUS/IS3107/HW/Project/news_data_pipeline/.venv/lib/python3.11/site-packages/airflow/example_dags/example_dynamic_task_mapping.py
[2024-04-12T21:12:09.383+0800] {processor.py:830} INFO - Processing file /Users/wanghaojin/Desktop/exchange@NUS/IS3107/HW/Project/news_data_pipeline/.venv/lib/python3.11/site-packages/airflow/example_dags/example_dynamic_task_mapping.py for tasks to queue
[2024-04-12T21:12:09.383+0800] {logging_mixin.py:188} INFO - [2024-04-12T21:12:09.383+0800] {dagbag.py:538} INFO - Filling up the DagBag from /Users/wanghaojin/Desktop/exchange@NUS/IS3107/HW/Project/news_data_pipeline/.venv/lib/python3.11/site-packages/airflow/example_dags/example_dynamic_task_mapping.py
[2024-04-12T21:12:09.403+0800] {processor.py:840} INFO - DAG(s) 'example_dynamic_task_mapping' retrieved from /Users/wanghaojin/Desktop/exchange@NUS/IS3107/HW/Project/news_data_pipeline/.venv/lib/python3.11/site-packages/airflow/example_dags/example_dynamic_task_mapping.py
[2024-04-12T21:12:09.479+0800] {logging_mixin.py:188} INFO - [2024-04-12T21:12:09.479+0800] {dag.py:3036} INFO - Sync 1 DAGs
[2024-04-12T21:12:09.488+0800] {logging_mixin.py:188} INFO - [2024-04-12T21:12:09.488+0800] {dag.py:3823} INFO - Setting next_dagrun for example_dynamic_task_mapping to 2022-03-04 00:00:00+00:00, run_after=2022-03-05 00:00:00+00:00
[2024-04-12T21:12:09.500+0800] {processor.py:183} INFO - Processing /Users/wanghaojin/Desktop/exchange@NUS/IS3107/HW/Project/news_data_pipeline/.venv/lib/python3.11/site-packages/airflow/example_dags/example_dynamic_task_mapping.py took 0.120 seconds
[2024-04-12T21:14:28.844+0800] {processor.py:161} INFO - Started process (PID=14474) to work on /Users/wanghaojin/Desktop/exchange@NUS/IS3107/HW/Project/news_data_pipeline/.venv/lib/python3.11/site-packages/airflow/example_dags/example_dynamic_task_mapping.py
[2024-04-12T21:14:28.845+0800] {processor.py:830} INFO - Processing file /Users/wanghaojin/Desktop/exchange@NUS/IS3107/HW/Project/news_data_pipeline/.venv/lib/python3.11/site-packages/airflow/example_dags/example_dynamic_task_mapping.py for tasks to queue
[2024-04-12T21:14:28.846+0800] {logging_mixin.py:188} INFO - [2024-04-12T21:14:28.846+0800] {dagbag.py:538} INFO - Filling up the DagBag from /Users/wanghaojin/Desktop/exchange@NUS/IS3107/HW/Project/news_data_pipeline/.venv/lib/python3.11/site-packages/airflow/example_dags/example_dynamic_task_mapping.py
[2024-04-12T21:14:28.868+0800] {processor.py:840} INFO - DAG(s) 'example_dynamic_task_mapping' retrieved from /Users/wanghaojin/Desktop/exchange@NUS/IS3107/HW/Project/news_data_pipeline/.venv/lib/python3.11/site-packages/airflow/example_dags/example_dynamic_task_mapping.py
[2024-04-12T21:15:59.665+0800] {processor.py:161} INFO - Started process (PID=14637) to work on /Users/wanghaojin/Desktop/exchange@NUS/IS3107/HW/Project/news_data_pipeline/.venv/lib/python3.11/site-packages/airflow/example_dags/example_dynamic_task_mapping.py
[2024-04-12T21:15:59.666+0800] {processor.py:830} INFO - Processing file /Users/wanghaojin/Desktop/exchange@NUS/IS3107/HW/Project/news_data_pipeline/.venv/lib/python3.11/site-packages/airflow/example_dags/example_dynamic_task_mapping.py for tasks to queue
[2024-04-12T21:15:59.666+0800] {logging_mixin.py:188} INFO - [2024-04-12T21:15:59.666+0800] {dagbag.py:538} INFO - Filling up the DagBag from /Users/wanghaojin/Desktop/exchange@NUS/IS3107/HW/Project/news_data_pipeline/.venv/lib/python3.11/site-packages/airflow/example_dags/example_dynamic_task_mapping.py
[2024-04-12T21:15:59.685+0800] {processor.py:840} INFO - DAG(s) 'example_dynamic_task_mapping' retrieved from /Users/wanghaojin/Desktop/exchange@NUS/IS3107/HW/Project/news_data_pipeline/.venv/lib/python3.11/site-packages/airflow/example_dags/example_dynamic_task_mapping.py
[2024-04-12T21:15:59.805+0800] {logging_mixin.py:188} INFO - [2024-04-12T21:15:59.805+0800] {dag.py:3036} INFO - Sync 1 DAGs
[2024-04-12T21:15:59.813+0800] {logging_mixin.py:188} INFO - [2024-04-12T21:15:59.813+0800] {dag.py:3823} INFO - Setting next_dagrun for example_dynamic_task_mapping to 2022-03-04 00:00:00+00:00, run_after=2022-03-05 00:00:00+00:00
[2024-04-12T21:15:59.824+0800] {processor.py:183} INFO - Processing /Users/wanghaojin/Desktop/exchange@NUS/IS3107/HW/Project/news_data_pipeline/.venv/lib/python3.11/site-packages/airflow/example_dags/example_dynamic_task_mapping.py took 0.160 seconds
[2024-04-12T21:18:19.187+0800] {processor.py:161} INFO - Started process (PID=14830) to work on /Users/wanghaojin/Desktop/exchange@NUS/IS3107/HW/Project/news_data_pipeline/.venv/lib/python3.11/site-packages/airflow/example_dags/example_dynamic_task_mapping.py
[2024-04-12T21:18:19.188+0800] {processor.py:830} INFO - Processing file /Users/wanghaojin/Desktop/exchange@NUS/IS3107/HW/Project/news_data_pipeline/.venv/lib/python3.11/site-packages/airflow/example_dags/example_dynamic_task_mapping.py for tasks to queue
[2024-04-12T21:18:19.188+0800] {logging_mixin.py:188} INFO - [2024-04-12T21:18:19.188+0800] {dagbag.py:538} INFO - Filling up the DagBag from /Users/wanghaojin/Desktop/exchange@NUS/IS3107/HW/Project/news_data_pipeline/.venv/lib/python3.11/site-packages/airflow/example_dags/example_dynamic_task_mapping.py
[2024-04-12T21:18:19.207+0800] {processor.py:840} INFO - DAG(s) 'example_dynamic_task_mapping' retrieved from /Users/wanghaojin/Desktop/exchange@NUS/IS3107/HW/Project/news_data_pipeline/.venv/lib/python3.11/site-packages/airflow/example_dags/example_dynamic_task_mapping.py
[2024-04-12T21:18:19.282+0800] {logging_mixin.py:188} INFO - [2024-04-12T21:18:19.282+0800] {dag.py:3036} INFO - Sync 1 DAGs
[2024-04-12T21:18:19.292+0800] {logging_mixin.py:188} INFO - [2024-04-12T21:18:19.292+0800] {dag.py:3823} INFO - Setting next_dagrun for example_dynamic_task_mapping to 2022-03-04 00:00:00+00:00, run_after=2022-03-05 00:00:00+00:00
[2024-04-12T21:18:19.302+0800] {processor.py:183} INFO - Processing /Users/wanghaojin/Desktop/exchange@NUS/IS3107/HW/Project/news_data_pipeline/.venv/lib/python3.11/site-packages/airflow/example_dags/example_dynamic_task_mapping.py took 0.115 seconds
[2024-04-12T21:38:26.356+0800] {processor.py:161} INFO - Started process (PID=16345) to work on /Users/wanghaojin/Desktop/exchange@NUS/IS3107/HW/Project/news_data_pipeline/.venv/lib/python3.11/site-packages/airflow/example_dags/example_dynamic_task_mapping.py
[2024-04-12T21:38:26.357+0800] {processor.py:830} INFO - Processing file /Users/wanghaojin/Desktop/exchange@NUS/IS3107/HW/Project/news_data_pipeline/.venv/lib/python3.11/site-packages/airflow/example_dags/example_dynamic_task_mapping.py for tasks to queue
[2024-04-12T21:38:26.358+0800] {logging_mixin.py:188} INFO - [2024-04-12T21:38:26.358+0800] {dagbag.py:538} INFO - Filling up the DagBag from /Users/wanghaojin/Desktop/exchange@NUS/IS3107/HW/Project/news_data_pipeline/.venv/lib/python3.11/site-packages/airflow/example_dags/example_dynamic_task_mapping.py
[2024-04-12T21:38:26.392+0800] {processor.py:840} INFO - DAG(s) 'example_dynamic_task_mapping' retrieved from /Users/wanghaojin/Desktop/exchange@NUS/IS3107/HW/Project/news_data_pipeline/.venv/lib/python3.11/site-packages/airflow/example_dags/example_dynamic_task_mapping.py
[2024-04-12T21:38:26.603+0800] {logging_mixin.py:188} INFO - [2024-04-12T21:38:26.603+0800] {dag.py:3036} INFO - Sync 1 DAGs
[2024-04-12T21:38:26.618+0800] {logging_mixin.py:188} INFO - [2024-04-12T21:38:26.617+0800] {dag.py:3823} INFO - Setting next_dagrun for example_dynamic_task_mapping to 2022-03-04 00:00:00+00:00, run_after=2022-03-05 00:00:00+00:00
[2024-04-12T21:38:26.637+0800] {processor.py:183} INFO - Processing /Users/wanghaojin/Desktop/exchange@NUS/IS3107/HW/Project/news_data_pipeline/.venv/lib/python3.11/site-packages/airflow/example_dags/example_dynamic_task_mapping.py took 0.282 seconds
[2024-04-12T21:40:46.970+0800] {processor.py:161} INFO - Started process (PID=16455) to work on /Users/wanghaojin/Desktop/exchange@NUS/IS3107/HW/Project/news_data_pipeline/.venv/lib/python3.11/site-packages/airflow/example_dags/example_dynamic_task_mapping.py
[2024-04-12T21:40:46.971+0800] {processor.py:830} INFO - Processing file /Users/wanghaojin/Desktop/exchange@NUS/IS3107/HW/Project/news_data_pipeline/.venv/lib/python3.11/site-packages/airflow/example_dags/example_dynamic_task_mapping.py for tasks to queue
[2024-04-12T21:40:46.972+0800] {logging_mixin.py:188} INFO - [2024-04-12T21:40:46.972+0800] {dagbag.py:538} INFO - Filling up the DagBag from /Users/wanghaojin/Desktop/exchange@NUS/IS3107/HW/Project/news_data_pipeline/.venv/lib/python3.11/site-packages/airflow/example_dags/example_dynamic_task_mapping.py
[2024-04-12T21:40:47.006+0800] {processor.py:840} INFO - DAG(s) 'example_dynamic_task_mapping' retrieved from /Users/wanghaojin/Desktop/exchange@NUS/IS3107/HW/Project/news_data_pipeline/.venv/lib/python3.11/site-packages/airflow/example_dags/example_dynamic_task_mapping.py
[2024-04-12T21:40:47.140+0800] {logging_mixin.py:188} INFO - [2024-04-12T21:40:47.140+0800] {dag.py:3036} INFO - Sync 1 DAGs
[2024-04-12T21:40:47.157+0800] {logging_mixin.py:188} INFO - [2024-04-12T21:40:47.156+0800] {dag.py:3823} INFO - Setting next_dagrun for example_dynamic_task_mapping to 2022-03-04 00:00:00+00:00, run_after=2022-03-05 00:00:00+00:00
[2024-04-12T21:40:47.174+0800] {processor.py:183} INFO - Processing /Users/wanghaojin/Desktop/exchange@NUS/IS3107/HW/Project/news_data_pipeline/.venv/lib/python3.11/site-packages/airflow/example_dags/example_dynamic_task_mapping.py took 0.205 seconds
[2024-04-12T21:52:16.055+0800] {processor.py:161} INFO - Started process (PID=16692) to work on /Users/wanghaojin/Desktop/exchange@NUS/IS3107/HW/Project/news_data_pipeline/.venv/lib/python3.11/site-packages/airflow/example_dags/example_dynamic_task_mapping.py
[2024-04-12T21:52:16.057+0800] {processor.py:830} INFO - Processing file /Users/wanghaojin/Desktop/exchange@NUS/IS3107/HW/Project/news_data_pipeline/.venv/lib/python3.11/site-packages/airflow/example_dags/example_dynamic_task_mapping.py for tasks to queue
[2024-04-12T21:52:16.058+0800] {logging_mixin.py:188} INFO - [2024-04-12T21:52:16.057+0800] {dagbag.py:538} INFO - Filling up the DagBag from /Users/wanghaojin/Desktop/exchange@NUS/IS3107/HW/Project/news_data_pipeline/.venv/lib/python3.11/site-packages/airflow/example_dags/example_dynamic_task_mapping.py
[2024-04-12T21:52:16.098+0800] {processor.py:840} INFO - DAG(s) 'example_dynamic_task_mapping' retrieved from /Users/wanghaojin/Desktop/exchange@NUS/IS3107/HW/Project/news_data_pipeline/.venv/lib/python3.11/site-packages/airflow/example_dags/example_dynamic_task_mapping.py
[2024-04-12T21:52:16.301+0800] {logging_mixin.py:188} INFO - [2024-04-12T21:52:16.300+0800] {dag.py:3036} INFO - Sync 1 DAGs
[2024-04-12T21:52:16.322+0800] {logging_mixin.py:188} INFO - [2024-04-12T21:52:16.321+0800] {dag.py:3823} INFO - Setting next_dagrun for example_dynamic_task_mapping to 2022-03-04 00:00:00+00:00, run_after=2022-03-05 00:00:00+00:00
[2024-04-12T21:52:16.342+0800] {processor.py:183} INFO - Processing /Users/wanghaojin/Desktop/exchange@NUS/IS3107/HW/Project/news_data_pipeline/.venv/lib/python3.11/site-packages/airflow/example_dags/example_dynamic_task_mapping.py took 0.288 seconds
