[2024-04-12T14:15:21.687+0800] {processor.py:161} INFO - Started process (PID=2639) to work on /Users/wanghaojin/Desktop/exchange@NUS/IS3107/HW/Project/news_data_pipeline/.venv/lib/python3.11/site-packages/airflow/example_dags/example_sla_dag.py
[2024-04-12T14:15:21.688+0800] {processor.py:830} INFO - Processing file /Users/wanghaojin/Desktop/exchange@NUS/IS3107/HW/Project/news_data_pipeline/.venv/lib/python3.11/site-packages/airflow/example_dags/example_sla_dag.py for tasks to queue
[2024-04-12T14:15:21.688+0800] {logging_mixin.py:188} INFO - [2024-04-12T14:15:21.688+0800] {dagbag.py:538} INFO - Filling up the DagBag from /Users/wanghaojin/Desktop/exchange@NUS/IS3107/HW/Project/news_data_pipeline/.venv/lib/python3.11/site-packages/airflow/example_dags/example_sla_dag.py
[2024-04-12T14:15:21.708+0800] {processor.py:840} INFO - DAG(s) 'example_sla_dag' retrieved from /Users/wanghaojin/Desktop/exchange@NUS/IS3107/HW/Project/news_data_pipeline/.venv/lib/python3.11/site-packages/airflow/example_dags/example_sla_dag.py
[2024-04-12T14:15:21.828+0800] {logging_mixin.py:188} INFO - [2024-04-12T14:15:21.827+0800] {override.py:1769} INFO - Created Permission View: can read on DAG:example_sla_dag
[2024-04-12T14:15:21.832+0800] {logging_mixin.py:188} INFO - [2024-04-12T14:15:21.832+0800] {override.py:1769} INFO - Created Permission View: can delete on DAG:example_sla_dag
[2024-04-12T14:15:21.835+0800] {logging_mixin.py:188} INFO - [2024-04-12T14:15:21.835+0800] {override.py:1769} INFO - Created Permission View: can edit on DAG:example_sla_dag
[2024-04-12T14:15:21.835+0800] {logging_mixin.py:188} INFO - [2024-04-12T14:15:21.835+0800] {dag.py:3036} INFO - Sync 1 DAGs
[2024-04-12T14:15:21.840+0800] {logging_mixin.py:188} INFO - [2024-04-12T14:15:21.840+0800] {dag.py:3058} INFO - Creating ORM DAG for example_sla_dag
[2024-04-12T14:15:21.846+0800] {logging_mixin.py:188} INFO - [2024-04-12T14:15:21.846+0800] {dag.py:3823} INFO - Setting next_dagrun for example_sla_dag to 2024-04-12 06:12:00+00:00, run_after=2024-04-12 06:14:00+00:00
[2024-04-12T14:15:21.854+0800] {processor.py:183} INFO - Processing /Users/wanghaojin/Desktop/exchange@NUS/IS3107/HW/Project/news_data_pipeline/.venv/lib/python3.11/site-packages/airflow/example_dags/example_sla_dag.py took 0.168 seconds
[2024-04-12T14:16:59.610+0800] {processor.py:161} INFO - Started process (PID=2880) to work on /Users/wanghaojin/Desktop/exchange@NUS/IS3107/HW/Project/news_data_pipeline/.venv/lib/python3.11/site-packages/airflow/example_dags/example_sla_dag.py
[2024-04-12T14:16:59.610+0800] {processor.py:830} INFO - Processing file /Users/wanghaojin/Desktop/exchange@NUS/IS3107/HW/Project/news_data_pipeline/.venv/lib/python3.11/site-packages/airflow/example_dags/example_sla_dag.py for tasks to queue
[2024-04-12T14:16:59.611+0800] {logging_mixin.py:188} INFO - [2024-04-12T14:16:59.611+0800] {dagbag.py:538} INFO - Filling up the DagBag from /Users/wanghaojin/Desktop/exchange@NUS/IS3107/HW/Project/news_data_pipeline/.venv/lib/python3.11/site-packages/airflow/example_dags/example_sla_dag.py
[2024-04-12T14:16:59.630+0800] {processor.py:840} INFO - DAG(s) 'example_sla_dag' retrieved from /Users/wanghaojin/Desktop/exchange@NUS/IS3107/HW/Project/news_data_pipeline/.venv/lib/python3.11/site-packages/airflow/example_dags/example_sla_dag.py
[2024-04-12T14:16:59.743+0800] {logging_mixin.py:188} INFO - [2024-04-12T14:16:59.743+0800] {dag.py:3036} INFO - Sync 1 DAGs
[2024-04-12T14:16:59.754+0800] {logging_mixin.py:188} INFO - [2024-04-12T14:16:59.754+0800] {dag.py:3823} INFO - Setting next_dagrun for example_sla_dag to 2024-04-12 06:14:00+00:00, run_after=2024-04-12 06:16:00+00:00
[2024-04-12T14:16:59.764+0800] {processor.py:183} INFO - Processing /Users/wanghaojin/Desktop/exchange@NUS/IS3107/HW/Project/news_data_pipeline/.venv/lib/python3.11/site-packages/airflow/example_dags/example_sla_dag.py took 0.155 seconds
[2024-04-12T14:18:04.626+0800] {processor.py:161} INFO - Started process (PID=2980) to work on /Users/wanghaojin/Desktop/exchange@NUS/IS3107/HW/Project/news_data_pipeline/.venv/lib/python3.11/site-packages/airflow/example_dags/example_sla_dag.py
[2024-04-12T14:18:04.628+0800] {processor.py:830} INFO - Processing file /Users/wanghaojin/Desktop/exchange@NUS/IS3107/HW/Project/news_data_pipeline/.venv/lib/python3.11/site-packages/airflow/example_dags/example_sla_dag.py for tasks to queue
[2024-04-12T14:18:04.628+0800] {logging_mixin.py:188} INFO - [2024-04-12T14:18:04.628+0800] {dagbag.py:538} INFO - Filling up the DagBag from /Users/wanghaojin/Desktop/exchange@NUS/IS3107/HW/Project/news_data_pipeline/.venv/lib/python3.11/site-packages/airflow/example_dags/example_sla_dag.py
[2024-04-12T14:18:04.648+0800] {processor.py:840} INFO - DAG(s) 'example_sla_dag' retrieved from /Users/wanghaojin/Desktop/exchange@NUS/IS3107/HW/Project/news_data_pipeline/.venv/lib/python3.11/site-packages/airflow/example_dags/example_sla_dag.py
[2024-04-12T14:18:04.725+0800] {logging_mixin.py:188} INFO - [2024-04-12T14:18:04.725+0800] {dag.py:3036} INFO - Sync 1 DAGs
[2024-04-12T14:18:04.736+0800] {logging_mixin.py:188} INFO - [2024-04-12T14:18:04.736+0800] {dag.py:3823} INFO - Setting next_dagrun for example_sla_dag to 2024-04-12 06:16:00+00:00, run_after=2024-04-12 06:18:00+00:00
[2024-04-12T14:18:04.746+0800] {processor.py:183} INFO - Processing /Users/wanghaojin/Desktop/exchange@NUS/IS3107/HW/Project/news_data_pipeline/.venv/lib/python3.11/site-packages/airflow/example_dags/example_sla_dag.py took 0.121 seconds
