[2024-04-12T14:15:09.481+0800] {processor.py:161} INFO - Started process (PID=2626) to work on /Users/wanghaojin/Desktop/exchange@NUS/IS3107/HW/Project/news_data_pipeline/.venv/lib/python3.11/site-packages/airflow/example_dags/example_trigger_target_dag.py
[2024-04-12T14:15:09.482+0800] {processor.py:830} INFO - Processing file /Users/wanghaojin/Desktop/exchange@NUS/IS3107/HW/Project/news_data_pipeline/.venv/lib/python3.11/site-packages/airflow/example_dags/example_trigger_target_dag.py for tasks to queue
[2024-04-12T14:15:09.482+0800] {logging_mixin.py:188} INFO - [2024-04-12T14:15:09.482+0800] {dagbag.py:538} INFO - Filling up the DagBag from /Users/wanghaojin/Desktop/exchange@NUS/IS3107/HW/Project/news_data_pipeline/.venv/lib/python3.11/site-packages/airflow/example_dags/example_trigger_target_dag.py
[2024-04-12T14:15:09.502+0800] {processor.py:840} INFO - DAG(s) 'example_trigger_target_dag' retrieved from /Users/wanghaojin/Desktop/exchange@NUS/IS3107/HW/Project/news_data_pipeline/.venv/lib/python3.11/site-packages/airflow/example_dags/example_trigger_target_dag.py
[2024-04-12T14:15:09.626+0800] {logging_mixin.py:188} INFO - [2024-04-12T14:15:09.625+0800] {override.py:1769} INFO - Created Permission View: can delete on DAG:example_trigger_target_dag
[2024-04-12T14:15:09.630+0800] {logging_mixin.py:188} INFO - [2024-04-12T14:15:09.630+0800] {override.py:1769} INFO - Created Permission View: can read on DAG:example_trigger_target_dag
[2024-04-12T14:15:09.633+0800] {logging_mixin.py:188} INFO - [2024-04-12T14:15:09.633+0800] {override.py:1769} INFO - Created Permission View: can edit on DAG:example_trigger_target_dag
[2024-04-12T14:15:09.633+0800] {logging_mixin.py:188} INFO - [2024-04-12T14:15:09.633+0800] {dag.py:3036} INFO - Sync 1 DAGs
[2024-04-12T14:15:09.638+0800] {logging_mixin.py:188} INFO - [2024-04-12T14:15:09.638+0800] {dag.py:3058} INFO - Creating ORM DAG for example_trigger_target_dag
[2024-04-12T14:15:09.639+0800] {logging_mixin.py:188} INFO - [2024-04-12T14:15:09.639+0800] {dag.py:3823} INFO - Setting next_dagrun for example_trigger_target_dag to None, run_after=None
[2024-04-12T14:15:09.648+0800] {processor.py:183} INFO - Processing /Users/wanghaojin/Desktop/exchange@NUS/IS3107/HW/Project/news_data_pipeline/.venv/lib/python3.11/site-packages/airflow/example_dags/example_trigger_target_dag.py took 0.167 seconds
[2024-04-12T14:16:47.546+0800] {processor.py:161} INFO - Started process (PID=2831) to work on /Users/wanghaojin/Desktop/exchange@NUS/IS3107/HW/Project/news_data_pipeline/.venv/lib/python3.11/site-packages/airflow/example_dags/example_trigger_target_dag.py
[2024-04-12T14:16:47.546+0800] {processor.py:830} INFO - Processing file /Users/wanghaojin/Desktop/exchange@NUS/IS3107/HW/Project/news_data_pipeline/.venv/lib/python3.11/site-packages/airflow/example_dags/example_trigger_target_dag.py for tasks to queue
[2024-04-12T14:16:47.547+0800] {logging_mixin.py:188} INFO - [2024-04-12T14:16:47.546+0800] {dagbag.py:538} INFO - Filling up the DagBag from /Users/wanghaojin/Desktop/exchange@NUS/IS3107/HW/Project/news_data_pipeline/.venv/lib/python3.11/site-packages/airflow/example_dags/example_trigger_target_dag.py
[2024-04-12T14:16:47.565+0800] {processor.py:840} INFO - DAG(s) 'example_trigger_target_dag' retrieved from /Users/wanghaojin/Desktop/exchange@NUS/IS3107/HW/Project/news_data_pipeline/.venv/lib/python3.11/site-packages/airflow/example_dags/example_trigger_target_dag.py
[2024-04-12T14:16:47.643+0800] {logging_mixin.py:188} INFO - [2024-04-12T14:16:47.643+0800] {dag.py:3036} INFO - Sync 1 DAGs
[2024-04-12T14:16:47.648+0800] {logging_mixin.py:188} INFO - [2024-04-12T14:16:47.648+0800] {dag.py:3823} INFO - Setting next_dagrun for example_trigger_target_dag to None, run_after=None
[2024-04-12T14:16:47.659+0800] {processor.py:183} INFO - Processing /Users/wanghaojin/Desktop/exchange@NUS/IS3107/HW/Project/news_data_pipeline/.venv/lib/python3.11/site-packages/airflow/example_dags/example_trigger_target_dag.py took 0.114 seconds
[2024-04-12T14:17:52.475+0800] {processor.py:161} INFO - Started process (PID=2956) to work on /Users/wanghaojin/Desktop/exchange@NUS/IS3107/HW/Project/news_data_pipeline/.venv/lib/python3.11/site-packages/airflow/example_dags/example_trigger_target_dag.py
[2024-04-12T14:17:52.476+0800] {processor.py:830} INFO - Processing file /Users/wanghaojin/Desktop/exchange@NUS/IS3107/HW/Project/news_data_pipeline/.venv/lib/python3.11/site-packages/airflow/example_dags/example_trigger_target_dag.py for tasks to queue
[2024-04-12T14:17:52.476+0800] {logging_mixin.py:188} INFO - [2024-04-12T14:17:52.476+0800] {dagbag.py:538} INFO - Filling up the DagBag from /Users/wanghaojin/Desktop/exchange@NUS/IS3107/HW/Project/news_data_pipeline/.venv/lib/python3.11/site-packages/airflow/example_dags/example_trigger_target_dag.py
[2024-04-12T14:17:52.496+0800] {processor.py:840} INFO - DAG(s) 'example_trigger_target_dag' retrieved from /Users/wanghaojin/Desktop/exchange@NUS/IS3107/HW/Project/news_data_pipeline/.venv/lib/python3.11/site-packages/airflow/example_dags/example_trigger_target_dag.py
[2024-04-12T14:17:52.571+0800] {logging_mixin.py:188} INFO - [2024-04-12T14:17:52.571+0800] {dag.py:3036} INFO - Sync 1 DAGs
[2024-04-12T14:17:52.577+0800] {logging_mixin.py:188} INFO - [2024-04-12T14:17:52.577+0800] {dag.py:3823} INFO - Setting next_dagrun for example_trigger_target_dag to None, run_after=None
[2024-04-12T14:17:52.587+0800] {processor.py:183} INFO - Processing /Users/wanghaojin/Desktop/exchange@NUS/IS3107/HW/Project/news_data_pipeline/.venv/lib/python3.11/site-packages/airflow/example_dags/example_trigger_target_dag.py took 0.113 seconds
