[2024-04-12T19:29:05.480+0800] {processor.py:161} INFO - Started process (PID=3565) to work on /Users/wanghaojin/Desktop/exchange@NUS/IS3107/HW/Project/news_data_pipeline/.venv/lib/python3.11/site-packages/airflow/example_dags/example_setup_teardown.py
[2024-04-12T19:29:05.480+0800] {processor.py:830} INFO - Processing file /Users/wanghaojin/Desktop/exchange@NUS/IS3107/HW/Project/news_data_pipeline/.venv/lib/python3.11/site-packages/airflow/example_dags/example_setup_teardown.py for tasks to queue
[2024-04-12T19:29:05.481+0800] {logging_mixin.py:188} INFO - [2024-04-12T19:29:05.481+0800] {dagbag.py:538} INFO - Filling up the DagBag from /Users/wanghaojin/Desktop/exchange@NUS/IS3107/HW/Project/news_data_pipeline/.venv/lib/python3.11/site-packages/airflow/example_dags/example_setup_teardown.py
[2024-04-12T19:29:05.486+0800] {processor.py:840} INFO - DAG(s) 'example_setup_teardown' retrieved from /Users/wanghaojin/Desktop/exchange@NUS/IS3107/HW/Project/news_data_pipeline/.venv/lib/python3.11/site-packages/airflow/example_dags/example_setup_teardown.py
[2024-04-12T19:29:05.563+0800] {logging_mixin.py:188} INFO - [2024-04-12T19:29:05.563+0800] {dag.py:3036} INFO - Sync 1 DAGs
[2024-04-12T19:29:05.572+0800] {logging_mixin.py:188} INFO - [2024-04-12T19:29:05.572+0800] {dag.py:3823} INFO - Setting next_dagrun for example_setup_teardown to 2024-04-11 00:00:00+00:00, run_after=2024-04-12 00:00:00+00:00
[2024-04-12T19:29:05.582+0800] {processor.py:183} INFO - Processing /Users/wanghaojin/Desktop/exchange@NUS/IS3107/HW/Project/news_data_pipeline/.venv/lib/python3.11/site-packages/airflow/example_dags/example_setup_teardown.py took 0.103 seconds
[2024-04-12T19:30:24.415+0800] {processor.py:161} INFO - Started process (PID=4156) to work on /Users/wanghaojin/Desktop/exchange@NUS/IS3107/HW/Project/news_data_pipeline/.venv/lib/python3.11/site-packages/airflow/example_dags/example_setup_teardown.py
[2024-04-12T19:30:24.416+0800] {processor.py:830} INFO - Processing file /Users/wanghaojin/Desktop/exchange@NUS/IS3107/HW/Project/news_data_pipeline/.venv/lib/python3.11/site-packages/airflow/example_dags/example_setup_teardown.py for tasks to queue
[2024-04-12T19:30:24.417+0800] {logging_mixin.py:188} INFO - [2024-04-12T19:30:24.417+0800] {dagbag.py:538} INFO - Filling up the DagBag from /Users/wanghaojin/Desktop/exchange@NUS/IS3107/HW/Project/news_data_pipeline/.venv/lib/python3.11/site-packages/airflow/example_dags/example_setup_teardown.py
[2024-04-12T19:30:24.421+0800] {processor.py:840} INFO - DAG(s) 'example_setup_teardown' retrieved from /Users/wanghaojin/Desktop/exchange@NUS/IS3107/HW/Project/news_data_pipeline/.venv/lib/python3.11/site-packages/airflow/example_dags/example_setup_teardown.py
[2024-04-12T19:30:24.542+0800] {logging_mixin.py:188} INFO - [2024-04-12T19:30:24.541+0800] {dag.py:3036} INFO - Sync 1 DAGs
[2024-04-12T19:30:24.550+0800] {logging_mixin.py:188} INFO - [2024-04-12T19:30:24.550+0800] {dag.py:3823} INFO - Setting next_dagrun for example_setup_teardown to 2024-04-11 00:00:00+00:00, run_after=2024-04-12 00:00:00+00:00
[2024-04-12T19:30:24.560+0800] {processor.py:183} INFO - Processing /Users/wanghaojin/Desktop/exchange@NUS/IS3107/HW/Project/news_data_pipeline/.venv/lib/python3.11/site-packages/airflow/example_dags/example_setup_teardown.py took 0.146 seconds
[2024-04-12T19:32:11.648+0800] {processor.py:161} INFO - Started process (PID=4332) to work on /Users/wanghaojin/Desktop/exchange@NUS/IS3107/HW/Project/news_data_pipeline/.venv/lib/python3.11/site-packages/airflow/example_dags/example_setup_teardown.py
[2024-04-12T19:32:11.649+0800] {processor.py:830} INFO - Processing file /Users/wanghaojin/Desktop/exchange@NUS/IS3107/HW/Project/news_data_pipeline/.venv/lib/python3.11/site-packages/airflow/example_dags/example_setup_teardown.py for tasks to queue
[2024-04-12T19:32:11.649+0800] {logging_mixin.py:188} INFO - [2024-04-12T19:32:11.649+0800] {dagbag.py:538} INFO - Filling up the DagBag from /Users/wanghaojin/Desktop/exchange@NUS/IS3107/HW/Project/news_data_pipeline/.venv/lib/python3.11/site-packages/airflow/example_dags/example_setup_teardown.py
[2024-04-12T19:32:11.653+0800] {processor.py:840} INFO - DAG(s) 'example_setup_teardown' retrieved from /Users/wanghaojin/Desktop/exchange@NUS/IS3107/HW/Project/news_data_pipeline/.venv/lib/python3.11/site-packages/airflow/example_dags/example_setup_teardown.py
[2024-04-12T19:32:11.774+0800] {logging_mixin.py:188} INFO - [2024-04-12T19:32:11.774+0800] {dag.py:3036} INFO - Sync 1 DAGs
[2024-04-12T19:32:11.783+0800] {logging_mixin.py:188} INFO - [2024-04-12T19:32:11.783+0800] {dag.py:3823} INFO - Setting next_dagrun for example_setup_teardown to 2024-04-11 00:00:00+00:00, run_after=2024-04-12 00:00:00+00:00
[2024-04-12T19:32:11.794+0800] {processor.py:183} INFO - Processing /Users/wanghaojin/Desktop/exchange@NUS/IS3107/HW/Project/news_data_pipeline/.venv/lib/python3.11/site-packages/airflow/example_dags/example_setup_teardown.py took 0.147 seconds
[2024-04-12T19:33:50.081+0800] {processor.py:161} INFO - Started process (PID=4504) to work on /Users/wanghaojin/Desktop/exchange@NUS/IS3107/HW/Project/news_data_pipeline/.venv/lib/python3.11/site-packages/airflow/example_dags/example_setup_teardown.py
[2024-04-12T19:33:50.081+0800] {processor.py:830} INFO - Processing file /Users/wanghaojin/Desktop/exchange@NUS/IS3107/HW/Project/news_data_pipeline/.venv/lib/python3.11/site-packages/airflow/example_dags/example_setup_teardown.py for tasks to queue
[2024-04-12T19:33:50.081+0800] {logging_mixin.py:188} INFO - [2024-04-12T19:33:50.081+0800] {dagbag.py:538} INFO - Filling up the DagBag from /Users/wanghaojin/Desktop/exchange@NUS/IS3107/HW/Project/news_data_pipeline/.venv/lib/python3.11/site-packages/airflow/example_dags/example_setup_teardown.py
[2024-04-12T19:33:50.086+0800] {processor.py:840} INFO - DAG(s) 'example_setup_teardown' retrieved from /Users/wanghaojin/Desktop/exchange@NUS/IS3107/HW/Project/news_data_pipeline/.venv/lib/python3.11/site-packages/airflow/example_dags/example_setup_teardown.py
[2024-04-12T19:33:50.165+0800] {logging_mixin.py:188} INFO - [2024-04-12T19:33:50.165+0800] {dag.py:3036} INFO - Sync 1 DAGs
[2024-04-12T19:33:50.174+0800] {logging_mixin.py:188} INFO - [2024-04-12T19:33:50.173+0800] {dag.py:3823} INFO - Setting next_dagrun for example_setup_teardown to 2024-04-11 00:00:00+00:00, run_after=2024-04-12 00:00:00+00:00
[2024-04-12T19:33:50.184+0800] {processor.py:183} INFO - Processing /Users/wanghaojin/Desktop/exchange@NUS/IS3107/HW/Project/news_data_pipeline/.venv/lib/python3.11/site-packages/airflow/example_dags/example_setup_teardown.py took 0.104 seconds
[2024-04-12T19:36:07.183+0800] {processor.py:161} INFO - Started process (PID=4720) to work on /Users/wanghaojin/Desktop/exchange@NUS/IS3107/HW/Project/news_data_pipeline/.venv/lib/python3.11/site-packages/airflow/example_dags/example_setup_teardown.py
[2024-04-12T19:36:07.184+0800] {processor.py:830} INFO - Processing file /Users/wanghaojin/Desktop/exchange@NUS/IS3107/HW/Project/news_data_pipeline/.venv/lib/python3.11/site-packages/airflow/example_dags/example_setup_teardown.py for tasks to queue
[2024-04-12T19:36:07.184+0800] {logging_mixin.py:188} INFO - [2024-04-12T19:36:07.184+0800] {dagbag.py:538} INFO - Filling up the DagBag from /Users/wanghaojin/Desktop/exchange@NUS/IS3107/HW/Project/news_data_pipeline/.venv/lib/python3.11/site-packages/airflow/example_dags/example_setup_teardown.py
[2024-04-12T19:36:07.188+0800] {processor.py:840} INFO - DAG(s) 'example_setup_teardown' retrieved from /Users/wanghaojin/Desktop/exchange@NUS/IS3107/HW/Project/news_data_pipeline/.venv/lib/python3.11/site-packages/airflow/example_dags/example_setup_teardown.py
[2024-04-12T19:36:07.266+0800] {logging_mixin.py:188} INFO - [2024-04-12T19:36:07.266+0800] {dag.py:3036} INFO - Sync 1 DAGs
[2024-04-12T19:36:07.275+0800] {logging_mixin.py:188} INFO - [2024-04-12T19:36:07.275+0800] {dag.py:3823} INFO - Setting next_dagrun for example_setup_teardown to 2024-04-11 00:00:00+00:00, run_after=2024-04-12 00:00:00+00:00
[2024-04-12T19:36:07.285+0800] {processor.py:183} INFO - Processing /Users/wanghaojin/Desktop/exchange@NUS/IS3107/HW/Project/news_data_pipeline/.venv/lib/python3.11/site-packages/airflow/example_dags/example_setup_teardown.py took 0.102 seconds
[2024-04-12T19:38:24.212+0800] {processor.py:161} INFO - Started process (PID=4926) to work on /Users/wanghaojin/Desktop/exchange@NUS/IS3107/HW/Project/news_data_pipeline/.venv/lib/python3.11/site-packages/airflow/example_dags/example_setup_teardown.py
[2024-04-12T19:38:24.213+0800] {processor.py:830} INFO - Processing file /Users/wanghaojin/Desktop/exchange@NUS/IS3107/HW/Project/news_data_pipeline/.venv/lib/python3.11/site-packages/airflow/example_dags/example_setup_teardown.py for tasks to queue
[2024-04-12T19:38:24.213+0800] {logging_mixin.py:188} INFO - [2024-04-12T19:38:24.213+0800] {dagbag.py:538} INFO - Filling up the DagBag from /Users/wanghaojin/Desktop/exchange@NUS/IS3107/HW/Project/news_data_pipeline/.venv/lib/python3.11/site-packages/airflow/example_dags/example_setup_teardown.py
[2024-04-12T19:38:24.218+0800] {processor.py:840} INFO - DAG(s) 'example_setup_teardown' retrieved from /Users/wanghaojin/Desktop/exchange@NUS/IS3107/HW/Project/news_data_pipeline/.venv/lib/python3.11/site-packages/airflow/example_dags/example_setup_teardown.py
[2024-04-12T19:38:24.300+0800] {logging_mixin.py:188} INFO - [2024-04-12T19:38:24.300+0800] {dag.py:3036} INFO - Sync 1 DAGs
[2024-04-12T19:38:24.309+0800] {logging_mixin.py:188} INFO - [2024-04-12T19:38:24.309+0800] {dag.py:3823} INFO - Setting next_dagrun for example_setup_teardown to 2024-04-11 00:00:00+00:00, run_after=2024-04-12 00:00:00+00:00
[2024-04-12T19:38:24.319+0800] {processor.py:183} INFO - Processing /Users/wanghaojin/Desktop/exchange@NUS/IS3107/HW/Project/news_data_pipeline/.venv/lib/python3.11/site-packages/airflow/example_dags/example_setup_teardown.py took 0.108 seconds
[2024-04-12T19:40:35.702+0800] {processor.py:161} INFO - Started process (PID=5135) to work on /Users/wanghaojin/Desktop/exchange@NUS/IS3107/HW/Project/news_data_pipeline/.venv/lib/python3.11/site-packages/airflow/example_dags/example_setup_teardown.py
[2024-04-12T19:40:35.703+0800] {processor.py:830} INFO - Processing file /Users/wanghaojin/Desktop/exchange@NUS/IS3107/HW/Project/news_data_pipeline/.venv/lib/python3.11/site-packages/airflow/example_dags/example_setup_teardown.py for tasks to queue
[2024-04-12T19:40:35.703+0800] {logging_mixin.py:188} INFO - [2024-04-12T19:40:35.703+0800] {dagbag.py:538} INFO - Filling up the DagBag from /Users/wanghaojin/Desktop/exchange@NUS/IS3107/HW/Project/news_data_pipeline/.venv/lib/python3.11/site-packages/airflow/example_dags/example_setup_teardown.py
[2024-04-12T19:40:35.707+0800] {processor.py:840} INFO - DAG(s) 'example_setup_teardown' retrieved from /Users/wanghaojin/Desktop/exchange@NUS/IS3107/HW/Project/news_data_pipeline/.venv/lib/python3.11/site-packages/airflow/example_dags/example_setup_teardown.py
[2024-04-12T19:40:35.785+0800] {logging_mixin.py:188} INFO - [2024-04-12T19:40:35.785+0800] {dag.py:3036} INFO - Sync 1 DAGs
[2024-04-12T19:40:35.794+0800] {logging_mixin.py:188} INFO - [2024-04-12T19:40:35.794+0800] {dag.py:3823} INFO - Setting next_dagrun for example_setup_teardown to 2024-04-11 00:00:00+00:00, run_after=2024-04-12 00:00:00+00:00
[2024-04-12T19:40:35.804+0800] {processor.py:183} INFO - Processing /Users/wanghaojin/Desktop/exchange@NUS/IS3107/HW/Project/news_data_pipeline/.venv/lib/python3.11/site-packages/airflow/example_dags/example_setup_teardown.py took 0.102 seconds
[2024-04-12T19:42:52.122+0800] {processor.py:161} INFO - Started process (PID=5348) to work on /Users/wanghaojin/Desktop/exchange@NUS/IS3107/HW/Project/news_data_pipeline/.venv/lib/python3.11/site-packages/airflow/example_dags/example_setup_teardown.py
[2024-04-12T19:42:52.122+0800] {processor.py:830} INFO - Processing file /Users/wanghaojin/Desktop/exchange@NUS/IS3107/HW/Project/news_data_pipeline/.venv/lib/python3.11/site-packages/airflow/example_dags/example_setup_teardown.py for tasks to queue
[2024-04-12T19:42:52.122+0800] {logging_mixin.py:188} INFO - [2024-04-12T19:42:52.122+0800] {dagbag.py:538} INFO - Filling up the DagBag from /Users/wanghaojin/Desktop/exchange@NUS/IS3107/HW/Project/news_data_pipeline/.venv/lib/python3.11/site-packages/airflow/example_dags/example_setup_teardown.py
[2024-04-12T19:42:52.127+0800] {processor.py:840} INFO - DAG(s) 'example_setup_teardown' retrieved from /Users/wanghaojin/Desktop/exchange@NUS/IS3107/HW/Project/news_data_pipeline/.venv/lib/python3.11/site-packages/airflow/example_dags/example_setup_teardown.py
[2024-04-12T19:42:52.204+0800] {logging_mixin.py:188} INFO - [2024-04-12T19:42:52.204+0800] {dag.py:3036} INFO - Sync 1 DAGs
[2024-04-12T19:42:52.213+0800] {logging_mixin.py:188} INFO - [2024-04-12T19:42:52.213+0800] {dag.py:3823} INFO - Setting next_dagrun for example_setup_teardown to 2024-04-11 00:00:00+00:00, run_after=2024-04-12 00:00:00+00:00
[2024-04-12T19:42:52.223+0800] {processor.py:183} INFO - Processing /Users/wanghaojin/Desktop/exchange@NUS/IS3107/HW/Project/news_data_pipeline/.venv/lib/python3.11/site-packages/airflow/example_dags/example_setup_teardown.py took 0.102 seconds
[2024-04-12T19:45:08.912+0800] {processor.py:161} INFO - Started process (PID=5572) to work on /Users/wanghaojin/Desktop/exchange@NUS/IS3107/HW/Project/news_data_pipeline/.venv/lib/python3.11/site-packages/airflow/example_dags/example_setup_teardown.py
[2024-04-12T19:45:08.913+0800] {processor.py:830} INFO - Processing file /Users/wanghaojin/Desktop/exchange@NUS/IS3107/HW/Project/news_data_pipeline/.venv/lib/python3.11/site-packages/airflow/example_dags/example_setup_teardown.py for tasks to queue
[2024-04-12T19:45:08.913+0800] {logging_mixin.py:188} INFO - [2024-04-12T19:45:08.913+0800] {dagbag.py:538} INFO - Filling up the DagBag from /Users/wanghaojin/Desktop/exchange@NUS/IS3107/HW/Project/news_data_pipeline/.venv/lib/python3.11/site-packages/airflow/example_dags/example_setup_teardown.py
[2024-04-12T19:45:08.918+0800] {processor.py:840} INFO - DAG(s) 'example_setup_teardown' retrieved from /Users/wanghaojin/Desktop/exchange@NUS/IS3107/HW/Project/news_data_pipeline/.venv/lib/python3.11/site-packages/airflow/example_dags/example_setup_teardown.py
[2024-04-12T19:45:08.997+0800] {logging_mixin.py:188} INFO - [2024-04-12T19:45:08.997+0800] {dag.py:3036} INFO - Sync 1 DAGs
[2024-04-12T19:45:09.006+0800] {logging_mixin.py:188} INFO - [2024-04-12T19:45:09.006+0800] {dag.py:3823} INFO - Setting next_dagrun for example_setup_teardown to 2024-04-11 00:00:00+00:00, run_after=2024-04-12 00:00:00+00:00
[2024-04-12T19:45:09.016+0800] {processor.py:183} INFO - Processing /Users/wanghaojin/Desktop/exchange@NUS/IS3107/HW/Project/news_data_pipeline/.venv/lib/python3.11/site-packages/airflow/example_dags/example_setup_teardown.py took 0.105 seconds
[2024-04-12T19:47:24.676+0800] {processor.py:161} INFO - Started process (PID=5743) to work on /Users/wanghaojin/Desktop/exchange@NUS/IS3107/HW/Project/news_data_pipeline/.venv/lib/python3.11/site-packages/airflow/example_dags/example_setup_teardown.py
[2024-04-12T19:47:24.678+0800] {processor.py:830} INFO - Processing file /Users/wanghaojin/Desktop/exchange@NUS/IS3107/HW/Project/news_data_pipeline/.venv/lib/python3.11/site-packages/airflow/example_dags/example_setup_teardown.py for tasks to queue
[2024-04-12T19:47:24.678+0800] {logging_mixin.py:188} INFO - [2024-04-12T19:47:24.678+0800] {dagbag.py:538} INFO - Filling up the DagBag from /Users/wanghaojin/Desktop/exchange@NUS/IS3107/HW/Project/news_data_pipeline/.venv/lib/python3.11/site-packages/airflow/example_dags/example_setup_teardown.py
[2024-04-12T19:47:24.682+0800] {processor.py:840} INFO - DAG(s) 'example_setup_teardown' retrieved from /Users/wanghaojin/Desktop/exchange@NUS/IS3107/HW/Project/news_data_pipeline/.venv/lib/python3.11/site-packages/airflow/example_dags/example_setup_teardown.py
[2024-04-12T19:47:24.759+0800] {logging_mixin.py:188} INFO - [2024-04-12T19:47:24.759+0800] {dag.py:3036} INFO - Sync 1 DAGs
[2024-04-12T19:47:24.768+0800] {logging_mixin.py:188} INFO - [2024-04-12T19:47:24.768+0800] {dag.py:3823} INFO - Setting next_dagrun for example_setup_teardown to 2024-04-11 00:00:00+00:00, run_after=2024-04-12 00:00:00+00:00
[2024-04-12T19:47:24.778+0800] {processor.py:183} INFO - Processing /Users/wanghaojin/Desktop/exchange@NUS/IS3107/HW/Project/news_data_pipeline/.venv/lib/python3.11/site-packages/airflow/example_dags/example_setup_teardown.py took 0.103 seconds
[2024-04-12T19:49:41.328+0800] {processor.py:161} INFO - Started process (PID=5960) to work on /Users/wanghaojin/Desktop/exchange@NUS/IS3107/HW/Project/news_data_pipeline/.venv/lib/python3.11/site-packages/airflow/example_dags/example_setup_teardown.py
[2024-04-12T19:49:41.328+0800] {processor.py:830} INFO - Processing file /Users/wanghaojin/Desktop/exchange@NUS/IS3107/HW/Project/news_data_pipeline/.venv/lib/python3.11/site-packages/airflow/example_dags/example_setup_teardown.py for tasks to queue
[2024-04-12T19:49:41.329+0800] {logging_mixin.py:188} INFO - [2024-04-12T19:49:41.328+0800] {dagbag.py:538} INFO - Filling up the DagBag from /Users/wanghaojin/Desktop/exchange@NUS/IS3107/HW/Project/news_data_pipeline/.venv/lib/python3.11/site-packages/airflow/example_dags/example_setup_teardown.py
[2024-04-12T19:49:41.333+0800] {processor.py:840} INFO - DAG(s) 'example_setup_teardown' retrieved from /Users/wanghaojin/Desktop/exchange@NUS/IS3107/HW/Project/news_data_pipeline/.venv/lib/python3.11/site-packages/airflow/example_dags/example_setup_teardown.py
[2024-04-12T19:49:41.411+0800] {logging_mixin.py:188} INFO - [2024-04-12T19:49:41.411+0800] {dag.py:3036} INFO - Sync 1 DAGs
[2024-04-12T19:49:41.419+0800] {logging_mixin.py:188} INFO - [2024-04-12T19:49:41.419+0800] {dag.py:3823} INFO - Setting next_dagrun for example_setup_teardown to 2024-04-11 00:00:00+00:00, run_after=2024-04-12 00:00:00+00:00
[2024-04-12T19:49:41.430+0800] {processor.py:183} INFO - Processing /Users/wanghaojin/Desktop/exchange@NUS/IS3107/HW/Project/news_data_pipeline/.venv/lib/python3.11/site-packages/airflow/example_dags/example_setup_teardown.py took 0.103 seconds
[2024-04-12T19:51:55.629+0800] {processor.py:161} INFO - Started process (PID=6158) to work on /Users/wanghaojin/Desktop/exchange@NUS/IS3107/HW/Project/news_data_pipeline/.venv/lib/python3.11/site-packages/airflow/example_dags/example_setup_teardown.py
[2024-04-12T19:51:55.629+0800] {processor.py:830} INFO - Processing file /Users/wanghaojin/Desktop/exchange@NUS/IS3107/HW/Project/news_data_pipeline/.venv/lib/python3.11/site-packages/airflow/example_dags/example_setup_teardown.py for tasks to queue
[2024-04-12T19:51:55.630+0800] {logging_mixin.py:188} INFO - [2024-04-12T19:51:55.630+0800] {dagbag.py:538} INFO - Filling up the DagBag from /Users/wanghaojin/Desktop/exchange@NUS/IS3107/HW/Project/news_data_pipeline/.venv/lib/python3.11/site-packages/airflow/example_dags/example_setup_teardown.py
[2024-04-12T19:51:55.634+0800] {processor.py:840} INFO - DAG(s) 'example_setup_teardown' retrieved from /Users/wanghaojin/Desktop/exchange@NUS/IS3107/HW/Project/news_data_pipeline/.venv/lib/python3.11/site-packages/airflow/example_dags/example_setup_teardown.py
[2024-04-12T19:51:55.712+0800] {logging_mixin.py:188} INFO - [2024-04-12T19:51:55.712+0800] {dag.py:3036} INFO - Sync 1 DAGs
[2024-04-12T19:51:55.720+0800] {logging_mixin.py:188} INFO - [2024-04-12T19:51:55.720+0800] {dag.py:3823} INFO - Setting next_dagrun for example_setup_teardown to 2024-04-11 00:00:00+00:00, run_after=2024-04-12 00:00:00+00:00
[2024-04-12T19:51:55.731+0800] {processor.py:183} INFO - Processing /Users/wanghaojin/Desktop/exchange@NUS/IS3107/HW/Project/news_data_pipeline/.venv/lib/python3.11/site-packages/airflow/example_dags/example_setup_teardown.py took 0.102 seconds
[2024-04-12T19:54:10.715+0800] {processor.py:161} INFO - Started process (PID=6292) to work on /Users/wanghaojin/Desktop/exchange@NUS/IS3107/HW/Project/news_data_pipeline/.venv/lib/python3.11/site-packages/airflow/example_dags/example_setup_teardown.py
[2024-04-12T19:54:10.715+0800] {processor.py:830} INFO - Processing file /Users/wanghaojin/Desktop/exchange@NUS/IS3107/HW/Project/news_data_pipeline/.venv/lib/python3.11/site-packages/airflow/example_dags/example_setup_teardown.py for tasks to queue
[2024-04-12T19:54:10.715+0800] {logging_mixin.py:188} INFO - [2024-04-12T19:54:10.715+0800] {dagbag.py:538} INFO - Filling up the DagBag from /Users/wanghaojin/Desktop/exchange@NUS/IS3107/HW/Project/news_data_pipeline/.venv/lib/python3.11/site-packages/airflow/example_dags/example_setup_teardown.py
[2024-04-12T19:54:10.720+0800] {processor.py:840} INFO - DAG(s) 'example_setup_teardown' retrieved from /Users/wanghaojin/Desktop/exchange@NUS/IS3107/HW/Project/news_data_pipeline/.venv/lib/python3.11/site-packages/airflow/example_dags/example_setup_teardown.py
[2024-04-12T19:54:10.797+0800] {logging_mixin.py:188} INFO - [2024-04-12T19:54:10.797+0800] {dag.py:3036} INFO - Sync 1 DAGs
[2024-04-12T19:54:10.806+0800] {logging_mixin.py:188} INFO - [2024-04-12T19:54:10.806+0800] {dag.py:3823} INFO - Setting next_dagrun for example_setup_teardown to 2024-04-11 00:00:00+00:00, run_after=2024-04-12 00:00:00+00:00
[2024-04-12T19:54:10.816+0800] {processor.py:183} INFO - Processing /Users/wanghaojin/Desktop/exchange@NUS/IS3107/HW/Project/news_data_pipeline/.venv/lib/python3.11/site-packages/airflow/example_dags/example_setup_teardown.py took 0.102 seconds
[2024-04-12T19:56:27.761+0800] {processor.py:161} INFO - Started process (PID=6469) to work on /Users/wanghaojin/Desktop/exchange@NUS/IS3107/HW/Project/news_data_pipeline/.venv/lib/python3.11/site-packages/airflow/example_dags/example_setup_teardown.py
[2024-04-12T19:56:27.762+0800] {processor.py:830} INFO - Processing file /Users/wanghaojin/Desktop/exchange@NUS/IS3107/HW/Project/news_data_pipeline/.venv/lib/python3.11/site-packages/airflow/example_dags/example_setup_teardown.py for tasks to queue
[2024-04-12T19:56:27.763+0800] {logging_mixin.py:188} INFO - [2024-04-12T19:56:27.763+0800] {dagbag.py:538} INFO - Filling up the DagBag from /Users/wanghaojin/Desktop/exchange@NUS/IS3107/HW/Project/news_data_pipeline/.venv/lib/python3.11/site-packages/airflow/example_dags/example_setup_teardown.py
[2024-04-12T19:56:27.767+0800] {processor.py:840} INFO - DAG(s) 'example_setup_teardown' retrieved from /Users/wanghaojin/Desktop/exchange@NUS/IS3107/HW/Project/news_data_pipeline/.venv/lib/python3.11/site-packages/airflow/example_dags/example_setup_teardown.py
[2024-04-12T19:56:27.845+0800] {logging_mixin.py:188} INFO - [2024-04-12T19:56:27.845+0800] {dag.py:3036} INFO - Sync 1 DAGs
[2024-04-12T19:56:27.854+0800] {logging_mixin.py:188} INFO - [2024-04-12T19:56:27.854+0800] {dag.py:3823} INFO - Setting next_dagrun for example_setup_teardown to 2024-04-11 00:00:00+00:00, run_after=2024-04-12 00:00:00+00:00
[2024-04-12T19:56:27.864+0800] {processor.py:183} INFO - Processing /Users/wanghaojin/Desktop/exchange@NUS/IS3107/HW/Project/news_data_pipeline/.venv/lib/python3.11/site-packages/airflow/example_dags/example_setup_teardown.py took 0.103 seconds
[2024-04-12T19:58:38.280+0800] {processor.py:161} INFO - Started process (PID=6595) to work on /Users/wanghaojin/Desktop/exchange@NUS/IS3107/HW/Project/news_data_pipeline/.venv/lib/python3.11/site-packages/airflow/example_dags/example_setup_teardown.py
[2024-04-12T19:58:38.281+0800] {processor.py:830} INFO - Processing file /Users/wanghaojin/Desktop/exchange@NUS/IS3107/HW/Project/news_data_pipeline/.venv/lib/python3.11/site-packages/airflow/example_dags/example_setup_teardown.py for tasks to queue
[2024-04-12T19:58:38.282+0800] {logging_mixin.py:188} INFO - [2024-04-12T19:58:38.282+0800] {dagbag.py:538} INFO - Filling up the DagBag from /Users/wanghaojin/Desktop/exchange@NUS/IS3107/HW/Project/news_data_pipeline/.venv/lib/python3.11/site-packages/airflow/example_dags/example_setup_teardown.py
[2024-04-12T19:58:38.286+0800] {processor.py:840} INFO - DAG(s) 'example_setup_teardown' retrieved from /Users/wanghaojin/Desktop/exchange@NUS/IS3107/HW/Project/news_data_pipeline/.venv/lib/python3.11/site-packages/airflow/example_dags/example_setup_teardown.py
[2024-04-12T19:58:38.363+0800] {logging_mixin.py:188} INFO - [2024-04-12T19:58:38.363+0800] {dag.py:3036} INFO - Sync 1 DAGs
[2024-04-12T19:58:38.372+0800] {logging_mixin.py:188} INFO - [2024-04-12T19:58:38.372+0800] {dag.py:3823} INFO - Setting next_dagrun for example_setup_teardown to 2024-04-11 00:00:00+00:00, run_after=2024-04-12 00:00:00+00:00
[2024-04-12T19:58:38.382+0800] {processor.py:183} INFO - Processing /Users/wanghaojin/Desktop/exchange@NUS/IS3107/HW/Project/news_data_pipeline/.venv/lib/python3.11/site-packages/airflow/example_dags/example_setup_teardown.py took 0.102 seconds
[2024-04-12T20:00:54.749+0800] {processor.py:161} INFO - Started process (PID=6767) to work on /Users/wanghaojin/Desktop/exchange@NUS/IS3107/HW/Project/news_data_pipeline/.venv/lib/python3.11/site-packages/airflow/example_dags/example_setup_teardown.py
[2024-04-12T20:00:54.749+0800] {processor.py:830} INFO - Processing file /Users/wanghaojin/Desktop/exchange@NUS/IS3107/HW/Project/news_data_pipeline/.venv/lib/python3.11/site-packages/airflow/example_dags/example_setup_teardown.py for tasks to queue
[2024-04-12T20:00:54.750+0800] {logging_mixin.py:188} INFO - [2024-04-12T20:00:54.750+0800] {dagbag.py:538} INFO - Filling up the DagBag from /Users/wanghaojin/Desktop/exchange@NUS/IS3107/HW/Project/news_data_pipeline/.venv/lib/python3.11/site-packages/airflow/example_dags/example_setup_teardown.py
[2024-04-12T20:00:54.754+0800] {processor.py:840} INFO - DAG(s) 'example_setup_teardown' retrieved from /Users/wanghaojin/Desktop/exchange@NUS/IS3107/HW/Project/news_data_pipeline/.venv/lib/python3.11/site-packages/airflow/example_dags/example_setup_teardown.py
[2024-04-12T20:00:54.831+0800] {logging_mixin.py:188} INFO - [2024-04-12T20:00:54.831+0800] {dag.py:3036} INFO - Sync 1 DAGs
[2024-04-12T20:00:54.840+0800] {logging_mixin.py:188} INFO - [2024-04-12T20:00:54.840+0800] {dag.py:3823} INFO - Setting next_dagrun for example_setup_teardown to 2024-04-11 00:00:00+00:00, run_after=2024-04-12 00:00:00+00:00
[2024-04-12T20:00:54.850+0800] {processor.py:183} INFO - Processing /Users/wanghaojin/Desktop/exchange@NUS/IS3107/HW/Project/news_data_pipeline/.venv/lib/python3.11/site-packages/airflow/example_dags/example_setup_teardown.py took 0.102 seconds
[2024-04-12T20:03:15.818+0800] {processor.py:161} INFO - Started process (PID=7070) to work on /Users/wanghaojin/Desktop/exchange@NUS/IS3107/HW/Project/news_data_pipeline/.venv/lib/python3.11/site-packages/airflow/example_dags/example_setup_teardown.py
[2024-04-12T20:03:15.819+0800] {processor.py:830} INFO - Processing file /Users/wanghaojin/Desktop/exchange@NUS/IS3107/HW/Project/news_data_pipeline/.venv/lib/python3.11/site-packages/airflow/example_dags/example_setup_teardown.py for tasks to queue
[2024-04-12T20:03:15.820+0800] {logging_mixin.py:188} INFO - [2024-04-12T20:03:15.820+0800] {dagbag.py:538} INFO - Filling up the DagBag from /Users/wanghaojin/Desktop/exchange@NUS/IS3107/HW/Project/news_data_pipeline/.venv/lib/python3.11/site-packages/airflow/example_dags/example_setup_teardown.py
[2024-04-12T20:03:15.824+0800] {processor.py:840} INFO - DAG(s) 'example_setup_teardown' retrieved from /Users/wanghaojin/Desktop/exchange@NUS/IS3107/HW/Project/news_data_pipeline/.venv/lib/python3.11/site-packages/airflow/example_dags/example_setup_teardown.py
[2024-04-12T20:03:15.903+0800] {logging_mixin.py:188} INFO - [2024-04-12T20:03:15.903+0800] {dag.py:3036} INFO - Sync 1 DAGs
[2024-04-12T20:03:15.912+0800] {logging_mixin.py:188} INFO - [2024-04-12T20:03:15.912+0800] {dag.py:3823} INFO - Setting next_dagrun for example_setup_teardown to 2024-04-11 00:00:00+00:00, run_after=2024-04-12 00:00:00+00:00
[2024-04-12T20:03:15.922+0800] {processor.py:183} INFO - Processing /Users/wanghaojin/Desktop/exchange@NUS/IS3107/HW/Project/news_data_pipeline/.venv/lib/python3.11/site-packages/airflow/example_dags/example_setup_teardown.py took 0.105 seconds
[2024-04-12T20:05:32.235+0800] {processor.py:161} INFO - Started process (PID=7264) to work on /Users/wanghaojin/Desktop/exchange@NUS/IS3107/HW/Project/news_data_pipeline/.venv/lib/python3.11/site-packages/airflow/example_dags/example_setup_teardown.py
[2024-04-12T20:05:32.235+0800] {processor.py:830} INFO - Processing file /Users/wanghaojin/Desktop/exchange@NUS/IS3107/HW/Project/news_data_pipeline/.venv/lib/python3.11/site-packages/airflow/example_dags/example_setup_teardown.py for tasks to queue
[2024-04-12T20:05:32.236+0800] {logging_mixin.py:188} INFO - [2024-04-12T20:05:32.236+0800] {dagbag.py:538} INFO - Filling up the DagBag from /Users/wanghaojin/Desktop/exchange@NUS/IS3107/HW/Project/news_data_pipeline/.venv/lib/python3.11/site-packages/airflow/example_dags/example_setup_teardown.py
[2024-04-12T20:05:32.240+0800] {processor.py:840} INFO - DAG(s) 'example_setup_teardown' retrieved from /Users/wanghaojin/Desktop/exchange@NUS/IS3107/HW/Project/news_data_pipeline/.venv/lib/python3.11/site-packages/airflow/example_dags/example_setup_teardown.py
[2024-04-12T20:05:32.317+0800] {logging_mixin.py:188} INFO - [2024-04-12T20:05:32.316+0800] {dag.py:3036} INFO - Sync 1 DAGs
[2024-04-12T20:05:32.325+0800] {logging_mixin.py:188} INFO - [2024-04-12T20:05:32.325+0800] {dag.py:3823} INFO - Setting next_dagrun for example_setup_teardown to 2024-04-11 00:00:00+00:00, run_after=2024-04-12 00:00:00+00:00
[2024-04-12T20:05:32.336+0800] {processor.py:183} INFO - Processing /Users/wanghaojin/Desktop/exchange@NUS/IS3107/HW/Project/news_data_pipeline/.venv/lib/python3.11/site-packages/airflow/example_dags/example_setup_teardown.py took 0.101 seconds
[2024-04-12T20:07:49.540+0800] {processor.py:161} INFO - Started process (PID=7486) to work on /Users/wanghaojin/Desktop/exchange@NUS/IS3107/HW/Project/news_data_pipeline/.venv/lib/python3.11/site-packages/airflow/example_dags/example_setup_teardown.py
[2024-04-12T20:07:49.540+0800] {processor.py:830} INFO - Processing file /Users/wanghaojin/Desktop/exchange@NUS/IS3107/HW/Project/news_data_pipeline/.venv/lib/python3.11/site-packages/airflow/example_dags/example_setup_teardown.py for tasks to queue
[2024-04-12T20:07:49.541+0800] {logging_mixin.py:188} INFO - [2024-04-12T20:07:49.541+0800] {dagbag.py:538} INFO - Filling up the DagBag from /Users/wanghaojin/Desktop/exchange@NUS/IS3107/HW/Project/news_data_pipeline/.venv/lib/python3.11/site-packages/airflow/example_dags/example_setup_teardown.py
[2024-04-12T20:07:49.545+0800] {processor.py:840} INFO - DAG(s) 'example_setup_teardown' retrieved from /Users/wanghaojin/Desktop/exchange@NUS/IS3107/HW/Project/news_data_pipeline/.venv/lib/python3.11/site-packages/airflow/example_dags/example_setup_teardown.py
[2024-04-12T20:07:49.623+0800] {logging_mixin.py:188} INFO - [2024-04-12T20:07:49.623+0800] {dag.py:3036} INFO - Sync 1 DAGs
[2024-04-12T20:07:49.632+0800] {logging_mixin.py:188} INFO - [2024-04-12T20:07:49.631+0800] {dag.py:3823} INFO - Setting next_dagrun for example_setup_teardown to 2024-04-11 00:00:00+00:00, run_after=2024-04-12 00:00:00+00:00
[2024-04-12T20:07:49.642+0800] {processor.py:183} INFO - Processing /Users/wanghaojin/Desktop/exchange@NUS/IS3107/HW/Project/news_data_pipeline/.venv/lib/python3.11/site-packages/airflow/example_dags/example_setup_teardown.py took 0.103 seconds
[2024-04-12T20:10:06.405+0800] {processor.py:161} INFO - Started process (PID=7659) to work on /Users/wanghaojin/Desktop/exchange@NUS/IS3107/HW/Project/news_data_pipeline/.venv/lib/python3.11/site-packages/airflow/example_dags/example_setup_teardown.py
[2024-04-12T20:10:06.405+0800] {processor.py:830} INFO - Processing file /Users/wanghaojin/Desktop/exchange@NUS/IS3107/HW/Project/news_data_pipeline/.venv/lib/python3.11/site-packages/airflow/example_dags/example_setup_teardown.py for tasks to queue
[2024-04-12T20:10:06.406+0800] {logging_mixin.py:188} INFO - [2024-04-12T20:10:06.406+0800] {dagbag.py:538} INFO - Filling up the DagBag from /Users/wanghaojin/Desktop/exchange@NUS/IS3107/HW/Project/news_data_pipeline/.venv/lib/python3.11/site-packages/airflow/example_dags/example_setup_teardown.py
[2024-04-12T20:10:06.410+0800] {processor.py:840} INFO - DAG(s) 'example_setup_teardown' retrieved from /Users/wanghaojin/Desktop/exchange@NUS/IS3107/HW/Project/news_data_pipeline/.venv/lib/python3.11/site-packages/airflow/example_dags/example_setup_teardown.py
[2024-04-12T20:10:06.488+0800] {logging_mixin.py:188} INFO - [2024-04-12T20:10:06.488+0800] {dag.py:3036} INFO - Sync 1 DAGs
[2024-04-12T20:10:06.496+0800] {logging_mixin.py:188} INFO - [2024-04-12T20:10:06.496+0800] {dag.py:3823} INFO - Setting next_dagrun for example_setup_teardown to 2024-04-11 00:00:00+00:00, run_after=2024-04-12 00:00:00+00:00
[2024-04-12T20:10:06.506+0800] {processor.py:183} INFO - Processing /Users/wanghaojin/Desktop/exchange@NUS/IS3107/HW/Project/news_data_pipeline/.venv/lib/python3.11/site-packages/airflow/example_dags/example_setup_teardown.py took 0.102 seconds
[2024-04-12T20:12:24.404+0800] {processor.py:161} INFO - Started process (PID=7897) to work on /Users/wanghaojin/Desktop/exchange@NUS/IS3107/HW/Project/news_data_pipeline/.venv/lib/python3.11/site-packages/airflow/example_dags/example_setup_teardown.py
[2024-04-12T20:12:24.405+0800] {processor.py:830} INFO - Processing file /Users/wanghaojin/Desktop/exchange@NUS/IS3107/HW/Project/news_data_pipeline/.venv/lib/python3.11/site-packages/airflow/example_dags/example_setup_teardown.py for tasks to queue
[2024-04-12T20:12:24.405+0800] {logging_mixin.py:188} INFO - [2024-04-12T20:12:24.405+0800] {dagbag.py:538} INFO - Filling up the DagBag from /Users/wanghaojin/Desktop/exchange@NUS/IS3107/HW/Project/news_data_pipeline/.venv/lib/python3.11/site-packages/airflow/example_dags/example_setup_teardown.py
[2024-04-12T20:12:24.409+0800] {processor.py:840} INFO - DAG(s) 'example_setup_teardown' retrieved from /Users/wanghaojin/Desktop/exchange@NUS/IS3107/HW/Project/news_data_pipeline/.venv/lib/python3.11/site-packages/airflow/example_dags/example_setup_teardown.py
[2024-04-12T20:12:24.490+0800] {logging_mixin.py:188} INFO - [2024-04-12T20:12:24.490+0800] {dag.py:3036} INFO - Sync 1 DAGs
[2024-04-12T20:12:24.499+0800] {logging_mixin.py:188} INFO - [2024-04-12T20:12:24.499+0800] {dag.py:3823} INFO - Setting next_dagrun for example_setup_teardown to 2024-04-11 00:00:00+00:00, run_after=2024-04-12 00:00:00+00:00
[2024-04-12T20:12:24.509+0800] {processor.py:183} INFO - Processing /Users/wanghaojin/Desktop/exchange@NUS/IS3107/HW/Project/news_data_pipeline/.venv/lib/python3.11/site-packages/airflow/example_dags/example_setup_teardown.py took 0.106 seconds
[2024-04-12T20:14:40.882+0800] {processor.py:161} INFO - Started process (PID=8126) to work on /Users/wanghaojin/Desktop/exchange@NUS/IS3107/HW/Project/news_data_pipeline/.venv/lib/python3.11/site-packages/airflow/example_dags/example_setup_teardown.py
[2024-04-12T20:14:40.883+0800] {processor.py:830} INFO - Processing file /Users/wanghaojin/Desktop/exchange@NUS/IS3107/HW/Project/news_data_pipeline/.venv/lib/python3.11/site-packages/airflow/example_dags/example_setup_teardown.py for tasks to queue
[2024-04-12T20:14:40.884+0800] {logging_mixin.py:188} INFO - [2024-04-12T20:14:40.884+0800] {dagbag.py:538} INFO - Filling up the DagBag from /Users/wanghaojin/Desktop/exchange@NUS/IS3107/HW/Project/news_data_pipeline/.venv/lib/python3.11/site-packages/airflow/example_dags/example_setup_teardown.py
[2024-04-12T20:14:40.888+0800] {processor.py:840} INFO - DAG(s) 'example_setup_teardown' retrieved from /Users/wanghaojin/Desktop/exchange@NUS/IS3107/HW/Project/news_data_pipeline/.venv/lib/python3.11/site-packages/airflow/example_dags/example_setup_teardown.py
[2024-04-12T20:14:40.969+0800] {logging_mixin.py:188} INFO - [2024-04-12T20:14:40.968+0800] {dag.py:3036} INFO - Sync 1 DAGs
[2024-04-12T20:14:40.977+0800] {logging_mixin.py:188} INFO - [2024-04-12T20:14:40.977+0800] {dag.py:3823} INFO - Setting next_dagrun for example_setup_teardown to 2024-04-11 00:00:00+00:00, run_after=2024-04-12 00:00:00+00:00
[2024-04-12T20:14:40.988+0800] {processor.py:183} INFO - Processing /Users/wanghaojin/Desktop/exchange@NUS/IS3107/HW/Project/news_data_pipeline/.venv/lib/python3.11/site-packages/airflow/example_dags/example_setup_teardown.py took 0.106 seconds
[2024-04-12T20:16:59.095+0800] {processor.py:161} INFO - Started process (PID=8422) to work on /Users/wanghaojin/Desktop/exchange@NUS/IS3107/HW/Project/news_data_pipeline/.venv/lib/python3.11/site-packages/airflow/example_dags/example_setup_teardown.py
[2024-04-12T20:16:59.096+0800] {processor.py:830} INFO - Processing file /Users/wanghaojin/Desktop/exchange@NUS/IS3107/HW/Project/news_data_pipeline/.venv/lib/python3.11/site-packages/airflow/example_dags/example_setup_teardown.py for tasks to queue
[2024-04-12T20:16:59.097+0800] {logging_mixin.py:188} INFO - [2024-04-12T20:16:59.097+0800] {dagbag.py:538} INFO - Filling up the DagBag from /Users/wanghaojin/Desktop/exchange@NUS/IS3107/HW/Project/news_data_pipeline/.venv/lib/python3.11/site-packages/airflow/example_dags/example_setup_teardown.py
[2024-04-12T20:16:59.101+0800] {processor.py:840} INFO - DAG(s) 'example_setup_teardown' retrieved from /Users/wanghaojin/Desktop/exchange@NUS/IS3107/HW/Project/news_data_pipeline/.venv/lib/python3.11/site-packages/airflow/example_dags/example_setup_teardown.py
[2024-04-12T20:16:59.183+0800] {logging_mixin.py:188} INFO - [2024-04-12T20:16:59.183+0800] {dag.py:3036} INFO - Sync 1 DAGs
[2024-04-12T20:16:59.192+0800] {logging_mixin.py:188} INFO - [2024-04-12T20:16:59.191+0800] {dag.py:3823} INFO - Setting next_dagrun for example_setup_teardown to 2024-04-11 00:00:00+00:00, run_after=2024-04-12 00:00:00+00:00
[2024-04-12T20:16:59.202+0800] {processor.py:183} INFO - Processing /Users/wanghaojin/Desktop/exchange@NUS/IS3107/HW/Project/news_data_pipeline/.venv/lib/python3.11/site-packages/airflow/example_dags/example_setup_teardown.py took 0.107 seconds
[2024-04-12T20:19:00.154+0800] {processor.py:161} INFO - Started process (PID=8724) to work on /Users/wanghaojin/Desktop/exchange@NUS/IS3107/HW/Project/news_data_pipeline/.venv/lib/python3.11/site-packages/airflow/example_dags/example_setup_teardown.py
[2024-04-12T20:19:00.155+0800] {processor.py:830} INFO - Processing file /Users/wanghaojin/Desktop/exchange@NUS/IS3107/HW/Project/news_data_pipeline/.venv/lib/python3.11/site-packages/airflow/example_dags/example_setup_teardown.py for tasks to queue
[2024-04-12T20:19:00.155+0800] {logging_mixin.py:188} INFO - [2024-04-12T20:19:00.155+0800] {dagbag.py:538} INFO - Filling up the DagBag from /Users/wanghaojin/Desktop/exchange@NUS/IS3107/HW/Project/news_data_pipeline/.venv/lib/python3.11/site-packages/airflow/example_dags/example_setup_teardown.py
[2024-04-12T20:19:00.159+0800] {processor.py:840} INFO - DAG(s) 'example_setup_teardown' retrieved from /Users/wanghaojin/Desktop/exchange@NUS/IS3107/HW/Project/news_data_pipeline/.venv/lib/python3.11/site-packages/airflow/example_dags/example_setup_teardown.py
[2024-04-12T20:19:00.281+0800] {logging_mixin.py:188} INFO - [2024-04-12T20:19:00.281+0800] {dag.py:3036} INFO - Sync 1 DAGs
[2024-04-12T20:19:00.290+0800] {logging_mixin.py:188} INFO - [2024-04-12T20:19:00.290+0800] {dag.py:3823} INFO - Setting next_dagrun for example_setup_teardown to 2024-04-11 00:00:00+00:00, run_after=2024-04-12 00:00:00+00:00
[2024-04-12T20:19:00.300+0800] {processor.py:183} INFO - Processing /Users/wanghaojin/Desktop/exchange@NUS/IS3107/HW/Project/news_data_pipeline/.venv/lib/python3.11/site-packages/airflow/example_dags/example_setup_teardown.py took 0.147 seconds
[2024-04-12T20:21:19.635+0800] {processor.py:161} INFO - Started process (PID=8923) to work on /Users/wanghaojin/Desktop/exchange@NUS/IS3107/HW/Project/news_data_pipeline/.venv/lib/python3.11/site-packages/airflow/example_dags/example_setup_teardown.py
[2024-04-12T20:21:19.636+0800] {processor.py:830} INFO - Processing file /Users/wanghaojin/Desktop/exchange@NUS/IS3107/HW/Project/news_data_pipeline/.venv/lib/python3.11/site-packages/airflow/example_dags/example_setup_teardown.py for tasks to queue
[2024-04-12T20:21:19.637+0800] {logging_mixin.py:188} INFO - [2024-04-12T20:21:19.637+0800] {dagbag.py:538} INFO - Filling up the DagBag from /Users/wanghaojin/Desktop/exchange@NUS/IS3107/HW/Project/news_data_pipeline/.venv/lib/python3.11/site-packages/airflow/example_dags/example_setup_teardown.py
[2024-04-12T20:21:19.641+0800] {processor.py:840} INFO - DAG(s) 'example_setup_teardown' retrieved from /Users/wanghaojin/Desktop/exchange@NUS/IS3107/HW/Project/news_data_pipeline/.venv/lib/python3.11/site-packages/airflow/example_dags/example_setup_teardown.py
[2024-04-12T20:21:19.761+0800] {logging_mixin.py:188} INFO - [2024-04-12T20:21:19.760+0800] {dag.py:3036} INFO - Sync 1 DAGs
[2024-04-12T20:21:19.770+0800] {logging_mixin.py:188} INFO - [2024-04-12T20:21:19.769+0800] {dag.py:3823} INFO - Setting next_dagrun for example_setup_teardown to 2024-04-11 00:00:00+00:00, run_after=2024-04-12 00:00:00+00:00
[2024-04-12T20:21:19.780+0800] {processor.py:183} INFO - Processing /Users/wanghaojin/Desktop/exchange@NUS/IS3107/HW/Project/news_data_pipeline/.venv/lib/python3.11/site-packages/airflow/example_dags/example_setup_teardown.py took 0.145 seconds
[2024-04-12T20:22:59.045+0800] {processor.py:161} INFO - Started process (PID=9019) to work on /Users/wanghaojin/Desktop/exchange@NUS/IS3107/HW/Project/news_data_pipeline/.venv/lib/python3.11/site-packages/airflow/example_dags/example_setup_teardown.py
[2024-04-12T20:22:59.045+0800] {processor.py:830} INFO - Processing file /Users/wanghaojin/Desktop/exchange@NUS/IS3107/HW/Project/news_data_pipeline/.venv/lib/python3.11/site-packages/airflow/example_dags/example_setup_teardown.py for tasks to queue
[2024-04-12T20:22:59.046+0800] {logging_mixin.py:188} INFO - [2024-04-12T20:22:59.046+0800] {dagbag.py:538} INFO - Filling up the DagBag from /Users/wanghaojin/Desktop/exchange@NUS/IS3107/HW/Project/news_data_pipeline/.venv/lib/python3.11/site-packages/airflow/example_dags/example_setup_teardown.py
[2024-04-12T20:22:59.050+0800] {processor.py:840} INFO - DAG(s) 'example_setup_teardown' retrieved from /Users/wanghaojin/Desktop/exchange@NUS/IS3107/HW/Project/news_data_pipeline/.venv/lib/python3.11/site-packages/airflow/example_dags/example_setup_teardown.py
[2024-04-12T20:22:59.128+0800] {logging_mixin.py:188} INFO - [2024-04-12T20:22:59.128+0800] {dag.py:3036} INFO - Sync 1 DAGs
[2024-04-12T20:22:59.137+0800] {logging_mixin.py:188} INFO - [2024-04-12T20:22:59.136+0800] {dag.py:3823} INFO - Setting next_dagrun for example_setup_teardown to 2024-04-11 00:00:00+00:00, run_after=2024-04-12 00:00:00+00:00
[2024-04-12T20:22:59.147+0800] {processor.py:183} INFO - Processing /Users/wanghaojin/Desktop/exchange@NUS/IS3107/HW/Project/news_data_pipeline/.venv/lib/python3.11/site-packages/airflow/example_dags/example_setup_teardown.py took 0.102 seconds
[2024-04-12T20:25:31.957+0800] {processor.py:161} INFO - Started process (PID=9257) to work on /Users/wanghaojin/Desktop/exchange@NUS/IS3107/HW/Project/news_data_pipeline/.venv/lib/python3.11/site-packages/airflow/example_dags/example_setup_teardown.py
[2024-04-12T20:25:31.958+0800] {processor.py:830} INFO - Processing file /Users/wanghaojin/Desktop/exchange@NUS/IS3107/HW/Project/news_data_pipeline/.venv/lib/python3.11/site-packages/airflow/example_dags/example_setup_teardown.py for tasks to queue
[2024-04-12T20:25:31.959+0800] {logging_mixin.py:188} INFO - [2024-04-12T20:25:31.958+0800] {dagbag.py:538} INFO - Filling up the DagBag from /Users/wanghaojin/Desktop/exchange@NUS/IS3107/HW/Project/news_data_pipeline/.venv/lib/python3.11/site-packages/airflow/example_dags/example_setup_teardown.py
[2024-04-12T20:25:31.963+0800] {processor.py:840} INFO - DAG(s) 'example_setup_teardown' retrieved from /Users/wanghaojin/Desktop/exchange@NUS/IS3107/HW/Project/news_data_pipeline/.venv/lib/python3.11/site-packages/airflow/example_dags/example_setup_teardown.py
[2024-04-12T20:25:32.042+0800] {logging_mixin.py:188} INFO - [2024-04-12T20:25:32.042+0800] {dag.py:3036} INFO - Sync 1 DAGs
[2024-04-12T20:25:32.050+0800] {logging_mixin.py:188} INFO - [2024-04-12T20:25:32.050+0800] {dag.py:3823} INFO - Setting next_dagrun for example_setup_teardown to 2024-04-11 00:00:00+00:00, run_after=2024-04-12 00:00:00+00:00
[2024-04-12T20:25:32.060+0800] {processor.py:183} INFO - Processing /Users/wanghaojin/Desktop/exchange@NUS/IS3107/HW/Project/news_data_pipeline/.venv/lib/python3.11/site-packages/airflow/example_dags/example_setup_teardown.py took 0.104 seconds
[2024-04-12T20:27:51.223+0800] {processor.py:161} INFO - Started process (PID=9512) to work on /Users/wanghaojin/Desktop/exchange@NUS/IS3107/HW/Project/news_data_pipeline/.venv/lib/python3.11/site-packages/airflow/example_dags/example_setup_teardown.py
[2024-04-12T20:27:51.224+0800] {processor.py:830} INFO - Processing file /Users/wanghaojin/Desktop/exchange@NUS/IS3107/HW/Project/news_data_pipeline/.venv/lib/python3.11/site-packages/airflow/example_dags/example_setup_teardown.py for tasks to queue
[2024-04-12T20:27:51.225+0800] {logging_mixin.py:188} INFO - [2024-04-12T20:27:51.224+0800] {dagbag.py:538} INFO - Filling up the DagBag from /Users/wanghaojin/Desktop/exchange@NUS/IS3107/HW/Project/news_data_pipeline/.venv/lib/python3.11/site-packages/airflow/example_dags/example_setup_teardown.py
[2024-04-12T20:27:51.229+0800] {processor.py:840} INFO - DAG(s) 'example_setup_teardown' retrieved from /Users/wanghaojin/Desktop/exchange@NUS/IS3107/HW/Project/news_data_pipeline/.venv/lib/python3.11/site-packages/airflow/example_dags/example_setup_teardown.py
[2024-04-12T20:27:51.307+0800] {logging_mixin.py:188} INFO - [2024-04-12T20:27:51.307+0800] {dag.py:3036} INFO - Sync 1 DAGs
[2024-04-12T20:27:51.316+0800] {logging_mixin.py:188} INFO - [2024-04-12T20:27:51.316+0800] {dag.py:3823} INFO - Setting next_dagrun for example_setup_teardown to 2024-04-11 00:00:00+00:00, run_after=2024-04-12 00:00:00+00:00
[2024-04-12T20:27:51.326+0800] {processor.py:183} INFO - Processing /Users/wanghaojin/Desktop/exchange@NUS/IS3107/HW/Project/news_data_pipeline/.venv/lib/python3.11/site-packages/airflow/example_dags/example_setup_teardown.py took 0.103 seconds
[2024-04-12T20:30:04.822+0800] {processor.py:161} INFO - Started process (PID=9803) to work on /Users/wanghaojin/Desktop/exchange@NUS/IS3107/HW/Project/news_data_pipeline/.venv/lib/python3.11/site-packages/airflow/example_dags/example_setup_teardown.py
[2024-04-12T20:30:04.823+0800] {processor.py:830} INFO - Processing file /Users/wanghaojin/Desktop/exchange@NUS/IS3107/HW/Project/news_data_pipeline/.venv/lib/python3.11/site-packages/airflow/example_dags/example_setup_teardown.py for tasks to queue
[2024-04-12T20:30:04.824+0800] {logging_mixin.py:188} INFO - [2024-04-12T20:30:04.824+0800] {dagbag.py:538} INFO - Filling up the DagBag from /Users/wanghaojin/Desktop/exchange@NUS/IS3107/HW/Project/news_data_pipeline/.venv/lib/python3.11/site-packages/airflow/example_dags/example_setup_teardown.py
[2024-04-12T20:30:04.829+0800] {processor.py:840} INFO - DAG(s) 'example_setup_teardown' retrieved from /Users/wanghaojin/Desktop/exchange@NUS/IS3107/HW/Project/news_data_pipeline/.venv/lib/python3.11/site-packages/airflow/example_dags/example_setup_teardown.py
[2024-04-12T20:30:05.000+0800] {logging_mixin.py:188} INFO - [2024-04-12T20:30:04.999+0800] {dag.py:3036} INFO - Sync 1 DAGs
[2024-04-12T20:30:05.014+0800] {logging_mixin.py:188} INFO - [2024-04-12T20:30:05.014+0800] {dag.py:3823} INFO - Setting next_dagrun for example_setup_teardown to 2024-04-11 00:00:00+00:00, run_after=2024-04-12 00:00:00+00:00
[2024-04-12T20:30:05.031+0800] {processor.py:183} INFO - Processing /Users/wanghaojin/Desktop/exchange@NUS/IS3107/HW/Project/news_data_pipeline/.venv/lib/python3.11/site-packages/airflow/example_dags/example_setup_teardown.py took 0.209 seconds
[2024-04-12T20:31:44.475+0800] {processor.py:161} INFO - Started process (PID=9939) to work on /Users/wanghaojin/Desktop/exchange@NUS/IS3107/HW/Project/news_data_pipeline/.venv/lib/python3.11/site-packages/airflow/example_dags/example_setup_teardown.py
[2024-04-12T20:31:44.476+0800] {processor.py:830} INFO - Processing file /Users/wanghaojin/Desktop/exchange@NUS/IS3107/HW/Project/news_data_pipeline/.venv/lib/python3.11/site-packages/airflow/example_dags/example_setup_teardown.py for tasks to queue
[2024-04-12T20:31:44.476+0800] {logging_mixin.py:188} INFO - [2024-04-12T20:31:44.476+0800] {dagbag.py:538} INFO - Filling up the DagBag from /Users/wanghaojin/Desktop/exchange@NUS/IS3107/HW/Project/news_data_pipeline/.venv/lib/python3.11/site-packages/airflow/example_dags/example_setup_teardown.py
[2024-04-12T20:31:44.481+0800] {processor.py:840} INFO - DAG(s) 'example_setup_teardown' retrieved from /Users/wanghaojin/Desktop/exchange@NUS/IS3107/HW/Project/news_data_pipeline/.venv/lib/python3.11/site-packages/airflow/example_dags/example_setup_teardown.py
[2024-04-12T20:31:44.563+0800] {logging_mixin.py:188} INFO - [2024-04-12T20:31:44.563+0800] {dag.py:3036} INFO - Sync 1 DAGs
[2024-04-12T20:31:44.572+0800] {logging_mixin.py:188} INFO - [2024-04-12T20:31:44.572+0800] {dag.py:3823} INFO - Setting next_dagrun for example_setup_teardown to 2024-04-11 00:00:00+00:00, run_after=2024-04-12 00:00:00+00:00
[2024-04-12T20:31:44.582+0800] {processor.py:183} INFO - Processing /Users/wanghaojin/Desktop/exchange@NUS/IS3107/HW/Project/news_data_pipeline/.venv/lib/python3.11/site-packages/airflow/example_dags/example_setup_teardown.py took 0.108 seconds
[2024-04-12T20:34:23.802+0800] {processor.py:161} INFO - Started process (PID=10245) to work on /Users/wanghaojin/Desktop/exchange@NUS/IS3107/HW/Project/news_data_pipeline/.venv/lib/python3.11/site-packages/airflow/example_dags/example_setup_teardown.py
[2024-04-12T20:34:23.803+0800] {processor.py:830} INFO - Processing file /Users/wanghaojin/Desktop/exchange@NUS/IS3107/HW/Project/news_data_pipeline/.venv/lib/python3.11/site-packages/airflow/example_dags/example_setup_teardown.py for tasks to queue
[2024-04-12T20:34:23.803+0800] {logging_mixin.py:188} INFO - [2024-04-12T20:34:23.803+0800] {dagbag.py:538} INFO - Filling up the DagBag from /Users/wanghaojin/Desktop/exchange@NUS/IS3107/HW/Project/news_data_pipeline/.venv/lib/python3.11/site-packages/airflow/example_dags/example_setup_teardown.py
[2024-04-12T20:34:23.807+0800] {processor.py:840} INFO - DAG(s) 'example_setup_teardown' retrieved from /Users/wanghaojin/Desktop/exchange@NUS/IS3107/HW/Project/news_data_pipeline/.venv/lib/python3.11/site-packages/airflow/example_dags/example_setup_teardown.py
[2024-04-12T20:34:23.928+0800] {logging_mixin.py:188} INFO - [2024-04-12T20:34:23.928+0800] {dag.py:3036} INFO - Sync 1 DAGs
[2024-04-12T20:34:23.938+0800] {logging_mixin.py:188} INFO - [2024-04-12T20:34:23.938+0800] {dag.py:3823} INFO - Setting next_dagrun for example_setup_teardown to 2024-04-11 00:00:00+00:00, run_after=2024-04-12 00:00:00+00:00
[2024-04-12T20:34:23.948+0800] {processor.py:183} INFO - Processing /Users/wanghaojin/Desktop/exchange@NUS/IS3107/HW/Project/news_data_pipeline/.venv/lib/python3.11/site-packages/airflow/example_dags/example_setup_teardown.py took 0.147 seconds
[2024-04-12T20:35:30.317+0800] {processor.py:161} INFO - Started process (PID=10378) to work on /Users/wanghaojin/Desktop/exchange@NUS/IS3107/HW/Project/news_data_pipeline/.venv/lib/python3.11/site-packages/airflow/example_dags/example_setup_teardown.py
[2024-04-12T20:35:30.318+0800] {processor.py:830} INFO - Processing file /Users/wanghaojin/Desktop/exchange@NUS/IS3107/HW/Project/news_data_pipeline/.venv/lib/python3.11/site-packages/airflow/example_dags/example_setup_teardown.py for tasks to queue
[2024-04-12T20:35:30.318+0800] {logging_mixin.py:188} INFO - [2024-04-12T20:35:30.318+0800] {dagbag.py:538} INFO - Filling up the DagBag from /Users/wanghaojin/Desktop/exchange@NUS/IS3107/HW/Project/news_data_pipeline/.venv/lib/python3.11/site-packages/airflow/example_dags/example_setup_teardown.py
[2024-04-12T20:35:30.322+0800] {processor.py:840} INFO - DAG(s) 'example_setup_teardown' retrieved from /Users/wanghaojin/Desktop/exchange@NUS/IS3107/HW/Project/news_data_pipeline/.venv/lib/python3.11/site-packages/airflow/example_dags/example_setup_teardown.py
[2024-04-12T20:35:30.444+0800] {logging_mixin.py:188} INFO - [2024-04-12T20:35:30.444+0800] {dag.py:3036} INFO - Sync 1 DAGs
[2024-04-12T20:35:30.453+0800] {logging_mixin.py:188} INFO - [2024-04-12T20:35:30.453+0800] {dag.py:3823} INFO - Setting next_dagrun for example_setup_teardown to 2024-04-11 00:00:00+00:00, run_after=2024-04-12 00:00:00+00:00
[2024-04-12T20:35:30.464+0800] {processor.py:183} INFO - Processing /Users/wanghaojin/Desktop/exchange@NUS/IS3107/HW/Project/news_data_pipeline/.venv/lib/python3.11/site-packages/airflow/example_dags/example_setup_teardown.py took 0.148 seconds
[2024-04-12T20:36:51.248+0800] {processor.py:161} INFO - Started process (PID=10539) to work on /Users/wanghaojin/Desktop/exchange@NUS/IS3107/HW/Project/news_data_pipeline/.venv/lib/python3.11/site-packages/airflow/example_dags/example_setup_teardown.py
[2024-04-12T20:36:51.249+0800] {processor.py:830} INFO - Processing file /Users/wanghaojin/Desktop/exchange@NUS/IS3107/HW/Project/news_data_pipeline/.venv/lib/python3.11/site-packages/airflow/example_dags/example_setup_teardown.py for tasks to queue
[2024-04-12T20:36:51.249+0800] {logging_mixin.py:188} INFO - [2024-04-12T20:36:51.249+0800] {dagbag.py:538} INFO - Filling up the DagBag from /Users/wanghaojin/Desktop/exchange@NUS/IS3107/HW/Project/news_data_pipeline/.venv/lib/python3.11/site-packages/airflow/example_dags/example_setup_teardown.py
[2024-04-12T20:36:51.254+0800] {processor.py:840} INFO - DAG(s) 'example_setup_teardown' retrieved from /Users/wanghaojin/Desktop/exchange@NUS/IS3107/HW/Project/news_data_pipeline/.venv/lib/python3.11/site-packages/airflow/example_dags/example_setup_teardown.py
[2024-04-12T20:36:51.379+0800] {logging_mixin.py:188} INFO - [2024-04-12T20:36:51.379+0800] {dag.py:3036} INFO - Sync 1 DAGs
[2024-04-12T20:36:51.388+0800] {logging_mixin.py:188} INFO - [2024-04-12T20:36:51.388+0800] {dag.py:3823} INFO - Setting next_dagrun for example_setup_teardown to 2024-04-11 00:00:00+00:00, run_after=2024-04-12 00:00:00+00:00
[2024-04-12T20:36:51.398+0800] {processor.py:183} INFO - Processing /Users/wanghaojin/Desktop/exchange@NUS/IS3107/HW/Project/news_data_pipeline/.venv/lib/python3.11/site-packages/airflow/example_dags/example_setup_teardown.py took 0.151 seconds
[2024-04-12T20:38:30.945+0800] {processor.py:161} INFO - Started process (PID=10677) to work on /Users/wanghaojin/Desktop/exchange@NUS/IS3107/HW/Project/news_data_pipeline/.venv/lib/python3.11/site-packages/airflow/example_dags/example_setup_teardown.py
[2024-04-12T20:38:30.945+0800] {processor.py:830} INFO - Processing file /Users/wanghaojin/Desktop/exchange@NUS/IS3107/HW/Project/news_data_pipeline/.venv/lib/python3.11/site-packages/airflow/example_dags/example_setup_teardown.py for tasks to queue
[2024-04-12T20:38:30.946+0800] {logging_mixin.py:188} INFO - [2024-04-12T20:38:30.946+0800] {dagbag.py:538} INFO - Filling up the DagBag from /Users/wanghaojin/Desktop/exchange@NUS/IS3107/HW/Project/news_data_pipeline/.venv/lib/python3.11/site-packages/airflow/example_dags/example_setup_teardown.py
[2024-04-12T20:38:30.950+0800] {processor.py:840} INFO - DAG(s) 'example_setup_teardown' retrieved from /Users/wanghaojin/Desktop/exchange@NUS/IS3107/HW/Project/news_data_pipeline/.venv/lib/python3.11/site-packages/airflow/example_dags/example_setup_teardown.py
[2024-04-12T20:38:31.027+0800] {logging_mixin.py:188} INFO - [2024-04-12T20:38:31.027+0800] {dag.py:3036} INFO - Sync 1 DAGs
[2024-04-12T20:38:31.036+0800] {logging_mixin.py:188} INFO - [2024-04-12T20:38:31.036+0800] {dag.py:3823} INFO - Setting next_dagrun for example_setup_teardown to 2024-04-11 00:00:00+00:00, run_after=2024-04-12 00:00:00+00:00
[2024-04-12T20:38:31.046+0800] {processor.py:183} INFO - Processing /Users/wanghaojin/Desktop/exchange@NUS/IS3107/HW/Project/news_data_pipeline/.venv/lib/python3.11/site-packages/airflow/example_dags/example_setup_teardown.py took 0.102 seconds
[2024-04-12T20:40:47.087+0800] {processor.py:161} INFO - Started process (PID=10879) to work on /Users/wanghaojin/Desktop/exchange@NUS/IS3107/HW/Project/news_data_pipeline/.venv/lib/python3.11/site-packages/airflow/example_dags/example_setup_teardown.py
[2024-04-12T20:40:47.088+0800] {processor.py:830} INFO - Processing file /Users/wanghaojin/Desktop/exchange@NUS/IS3107/HW/Project/news_data_pipeline/.venv/lib/python3.11/site-packages/airflow/example_dags/example_setup_teardown.py for tasks to queue
[2024-04-12T20:40:47.088+0800] {logging_mixin.py:188} INFO - [2024-04-12T20:40:47.088+0800] {dagbag.py:538} INFO - Filling up the DagBag from /Users/wanghaojin/Desktop/exchange@NUS/IS3107/HW/Project/news_data_pipeline/.venv/lib/python3.11/site-packages/airflow/example_dags/example_setup_teardown.py
[2024-04-12T20:40:47.092+0800] {processor.py:840} INFO - DAG(s) 'example_setup_teardown' retrieved from /Users/wanghaojin/Desktop/exchange@NUS/IS3107/HW/Project/news_data_pipeline/.venv/lib/python3.11/site-packages/airflow/example_dags/example_setup_teardown.py
[2024-04-12T20:40:47.171+0800] {logging_mixin.py:188} INFO - [2024-04-12T20:40:47.171+0800] {dag.py:3036} INFO - Sync 1 DAGs
[2024-04-12T20:40:47.180+0800] {logging_mixin.py:188} INFO - [2024-04-12T20:40:47.179+0800] {dag.py:3823} INFO - Setting next_dagrun for example_setup_teardown to 2024-04-11 00:00:00+00:00, run_after=2024-04-12 00:00:00+00:00
[2024-04-12T20:40:47.190+0800] {processor.py:183} INFO - Processing /Users/wanghaojin/Desktop/exchange@NUS/IS3107/HW/Project/news_data_pipeline/.venv/lib/python3.11/site-packages/airflow/example_dags/example_setup_teardown.py took 0.103 seconds
[2024-04-12T20:43:08.401+0800] {processor.py:161} INFO - Started process (PID=11108) to work on /Users/wanghaojin/Desktop/exchange@NUS/IS3107/HW/Project/news_data_pipeline/.venv/lib/python3.11/site-packages/airflow/example_dags/example_setup_teardown.py
[2024-04-12T20:43:08.401+0800] {processor.py:830} INFO - Processing file /Users/wanghaojin/Desktop/exchange@NUS/IS3107/HW/Project/news_data_pipeline/.venv/lib/python3.11/site-packages/airflow/example_dags/example_setup_teardown.py for tasks to queue
[2024-04-12T20:43:08.402+0800] {logging_mixin.py:188} INFO - [2024-04-12T20:43:08.401+0800] {dagbag.py:538} INFO - Filling up the DagBag from /Users/wanghaojin/Desktop/exchange@NUS/IS3107/HW/Project/news_data_pipeline/.venv/lib/python3.11/site-packages/airflow/example_dags/example_setup_teardown.py
[2024-04-12T20:43:08.406+0800] {processor.py:840} INFO - DAG(s) 'example_setup_teardown' retrieved from /Users/wanghaojin/Desktop/exchange@NUS/IS3107/HW/Project/news_data_pipeline/.venv/lib/python3.11/site-packages/airflow/example_dags/example_setup_teardown.py
[2024-04-12T20:43:08.484+0800] {logging_mixin.py:188} INFO - [2024-04-12T20:43:08.484+0800] {dag.py:3036} INFO - Sync 1 DAGs
[2024-04-12T20:43:08.493+0800] {logging_mixin.py:188} INFO - [2024-04-12T20:43:08.493+0800] {dag.py:3823} INFO - Setting next_dagrun for example_setup_teardown to 2024-04-11 00:00:00+00:00, run_after=2024-04-12 00:00:00+00:00
[2024-04-12T20:43:08.503+0800] {processor.py:183} INFO - Processing /Users/wanghaojin/Desktop/exchange@NUS/IS3107/HW/Project/news_data_pipeline/.venv/lib/python3.11/site-packages/airflow/example_dags/example_setup_teardown.py took 0.103 seconds
[2024-04-12T20:46:10.555+0800] {processor.py:161} INFO - Started process (PID=11429) to work on /Users/wanghaojin/Desktop/exchange@NUS/IS3107/HW/Project/news_data_pipeline/.venv/lib/python3.11/site-packages/airflow/example_dags/example_setup_teardown.py
[2024-04-12T20:46:10.556+0800] {processor.py:830} INFO - Processing file /Users/wanghaojin/Desktop/exchange@NUS/IS3107/HW/Project/news_data_pipeline/.venv/lib/python3.11/site-packages/airflow/example_dags/example_setup_teardown.py for tasks to queue
[2024-04-12T20:46:10.557+0800] {logging_mixin.py:188} INFO - [2024-04-12T20:46:10.557+0800] {dagbag.py:538} INFO - Filling up the DagBag from /Users/wanghaojin/Desktop/exchange@NUS/IS3107/HW/Project/news_data_pipeline/.venv/lib/python3.11/site-packages/airflow/example_dags/example_setup_teardown.py
[2024-04-12T20:46:10.561+0800] {processor.py:840} INFO - DAG(s) 'example_setup_teardown' retrieved from /Users/wanghaojin/Desktop/exchange@NUS/IS3107/HW/Project/news_data_pipeline/.venv/lib/python3.11/site-packages/airflow/example_dags/example_setup_teardown.py
[2024-04-12T20:46:10.682+0800] {logging_mixin.py:188} INFO - [2024-04-12T20:46:10.682+0800] {dag.py:3036} INFO - Sync 1 DAGs
[2024-04-12T20:46:10.691+0800] {logging_mixin.py:188} INFO - [2024-04-12T20:46:10.691+0800] {dag.py:3823} INFO - Setting next_dagrun for example_setup_teardown to 2024-04-11 00:00:00+00:00, run_after=2024-04-12 00:00:00+00:00
[2024-04-12T20:46:10.702+0800] {processor.py:183} INFO - Processing /Users/wanghaojin/Desktop/exchange@NUS/IS3107/HW/Project/news_data_pipeline/.venv/lib/python3.11/site-packages/airflow/example_dags/example_setup_teardown.py took 0.147 seconds
[2024-04-12T20:48:43.271+0800] {processor.py:161} INFO - Started process (PID=11778) to work on /Users/wanghaojin/Desktop/exchange@NUS/IS3107/HW/Project/news_data_pipeline/.venv/lib/python3.11/site-packages/airflow/example_dags/example_setup_teardown.py
[2024-04-12T20:48:43.273+0800] {processor.py:830} INFO - Processing file /Users/wanghaojin/Desktop/exchange@NUS/IS3107/HW/Project/news_data_pipeline/.venv/lib/python3.11/site-packages/airflow/example_dags/example_setup_teardown.py for tasks to queue
[2024-04-12T20:48:43.273+0800] {logging_mixin.py:188} INFO - [2024-04-12T20:48:43.273+0800] {dagbag.py:538} INFO - Filling up the DagBag from /Users/wanghaojin/Desktop/exchange@NUS/IS3107/HW/Project/news_data_pipeline/.venv/lib/python3.11/site-packages/airflow/example_dags/example_setup_teardown.py
[2024-04-12T20:48:43.277+0800] {processor.py:840} INFO - DAG(s) 'example_setup_teardown' retrieved from /Users/wanghaojin/Desktop/exchange@NUS/IS3107/HW/Project/news_data_pipeline/.venv/lib/python3.11/site-packages/airflow/example_dags/example_setup_teardown.py
[2024-04-12T20:48:43.399+0800] {logging_mixin.py:188} INFO - [2024-04-12T20:48:43.399+0800] {dag.py:3036} INFO - Sync 1 DAGs
[2024-04-12T20:48:43.408+0800] {logging_mixin.py:188} INFO - [2024-04-12T20:48:43.408+0800] {dag.py:3823} INFO - Setting next_dagrun for example_setup_teardown to 2024-04-11 00:00:00+00:00, run_after=2024-04-12 00:00:00+00:00
[2024-04-12T20:48:43.418+0800] {processor.py:183} INFO - Processing /Users/wanghaojin/Desktop/exchange@NUS/IS3107/HW/Project/news_data_pipeline/.venv/lib/python3.11/site-packages/airflow/example_dags/example_setup_teardown.py took 0.147 seconds
[2024-04-12T20:50:02.837+0800] {processor.py:161} INFO - Started process (PID=11914) to work on /Users/wanghaojin/Desktop/exchange@NUS/IS3107/HW/Project/news_data_pipeline/.venv/lib/python3.11/site-packages/airflow/example_dags/example_setup_teardown.py
[2024-04-12T20:50:02.838+0800] {processor.py:830} INFO - Processing file /Users/wanghaojin/Desktop/exchange@NUS/IS3107/HW/Project/news_data_pipeline/.venv/lib/python3.11/site-packages/airflow/example_dags/example_setup_teardown.py for tasks to queue
[2024-04-12T20:50:02.839+0800] {logging_mixin.py:188} INFO - [2024-04-12T20:50:02.839+0800] {dagbag.py:538} INFO - Filling up the DagBag from /Users/wanghaojin/Desktop/exchange@NUS/IS3107/HW/Project/news_data_pipeline/.venv/lib/python3.11/site-packages/airflow/example_dags/example_setup_teardown.py
[2024-04-12T20:50:02.843+0800] {processor.py:840} INFO - DAG(s) 'example_setup_teardown' retrieved from /Users/wanghaojin/Desktop/exchange@NUS/IS3107/HW/Project/news_data_pipeline/.venv/lib/python3.11/site-packages/airflow/example_dags/example_setup_teardown.py
[2024-04-12T20:50:02.967+0800] {logging_mixin.py:188} INFO - [2024-04-12T20:50:02.967+0800] {dag.py:3036} INFO - Sync 1 DAGs
[2024-04-12T20:50:02.976+0800] {logging_mixin.py:188} INFO - [2024-04-12T20:50:02.976+0800] {dag.py:3823} INFO - Setting next_dagrun for example_setup_teardown to 2024-04-11 00:00:00+00:00, run_after=2024-04-12 00:00:00+00:00
[2024-04-12T20:50:02.986+0800] {processor.py:183} INFO - Processing /Users/wanghaojin/Desktop/exchange@NUS/IS3107/HW/Project/news_data_pipeline/.venv/lib/python3.11/site-packages/airflow/example_dags/example_setup_teardown.py took 0.150 seconds
[2024-04-12T20:51:46.890+0800] {processor.py:161} INFO - Started process (PID=12079) to work on /Users/wanghaojin/Desktop/exchange@NUS/IS3107/HW/Project/news_data_pipeline/.venv/lib/python3.11/site-packages/airflow/example_dags/example_setup_teardown.py
[2024-04-12T20:51:46.890+0800] {processor.py:830} INFO - Processing file /Users/wanghaojin/Desktop/exchange@NUS/IS3107/HW/Project/news_data_pipeline/.venv/lib/python3.11/site-packages/airflow/example_dags/example_setup_teardown.py for tasks to queue
[2024-04-12T20:51:46.891+0800] {logging_mixin.py:188} INFO - [2024-04-12T20:51:46.890+0800] {dagbag.py:538} INFO - Filling up the DagBag from /Users/wanghaojin/Desktop/exchange@NUS/IS3107/HW/Project/news_data_pipeline/.venv/lib/python3.11/site-packages/airflow/example_dags/example_setup_teardown.py
[2024-04-12T20:51:46.896+0800] {processor.py:840} INFO - DAG(s) 'example_setup_teardown' retrieved from /Users/wanghaojin/Desktop/exchange@NUS/IS3107/HW/Project/news_data_pipeline/.venv/lib/python3.11/site-packages/airflow/example_dags/example_setup_teardown.py
[2024-04-12T20:51:46.973+0800] {logging_mixin.py:188} INFO - [2024-04-12T20:51:46.972+0800] {dag.py:3036} INFO - Sync 1 DAGs
[2024-04-12T20:51:46.981+0800] {logging_mixin.py:188} INFO - [2024-04-12T20:51:46.981+0800] {dag.py:3823} INFO - Setting next_dagrun for example_setup_teardown to 2024-04-11 00:00:00+00:00, run_after=2024-04-12 00:00:00+00:00
[2024-04-12T20:51:46.991+0800] {processor.py:183} INFO - Processing /Users/wanghaojin/Desktop/exchange@NUS/IS3107/HW/Project/news_data_pipeline/.venv/lib/python3.11/site-packages/airflow/example_dags/example_setup_teardown.py took 0.102 seconds
[2024-04-12T20:54:13.328+0800] {processor.py:161} INFO - Started process (PID=12315) to work on /Users/wanghaojin/Desktop/exchange@NUS/IS3107/HW/Project/news_data_pipeline/.venv/lib/python3.11/site-packages/airflow/example_dags/example_setup_teardown.py
[2024-04-12T20:54:13.329+0800] {processor.py:830} INFO - Processing file /Users/wanghaojin/Desktop/exchange@NUS/IS3107/HW/Project/news_data_pipeline/.venv/lib/python3.11/site-packages/airflow/example_dags/example_setup_teardown.py for tasks to queue
[2024-04-12T20:54:13.330+0800] {logging_mixin.py:188} INFO - [2024-04-12T20:54:13.330+0800] {dagbag.py:538} INFO - Filling up the DagBag from /Users/wanghaojin/Desktop/exchange@NUS/IS3107/HW/Project/news_data_pipeline/.venv/lib/python3.11/site-packages/airflow/example_dags/example_setup_teardown.py
[2024-04-12T20:54:13.334+0800] {processor.py:840} INFO - DAG(s) 'example_setup_teardown' retrieved from /Users/wanghaojin/Desktop/exchange@NUS/IS3107/HW/Project/news_data_pipeline/.venv/lib/python3.11/site-packages/airflow/example_dags/example_setup_teardown.py
[2024-04-12T20:54:13.411+0800] {logging_mixin.py:188} INFO - [2024-04-12T20:54:13.411+0800] {dag.py:3036} INFO - Sync 1 DAGs
[2024-04-12T20:54:13.420+0800] {logging_mixin.py:188} INFO - [2024-04-12T20:54:13.420+0800] {dag.py:3823} INFO - Setting next_dagrun for example_setup_teardown to 2024-04-11 00:00:00+00:00, run_after=2024-04-12 00:00:00+00:00
[2024-04-12T20:54:13.430+0800] {processor.py:183} INFO - Processing /Users/wanghaojin/Desktop/exchange@NUS/IS3107/HW/Project/news_data_pipeline/.venv/lib/python3.11/site-packages/airflow/example_dags/example_setup_teardown.py took 0.102 seconds
[2024-04-12T20:56:46.314+0800] {processor.py:161} INFO - Started process (PID=12582) to work on /Users/wanghaojin/Desktop/exchange@NUS/IS3107/HW/Project/news_data_pipeline/.venv/lib/python3.11/site-packages/airflow/example_dags/example_setup_teardown.py
[2024-04-12T20:56:46.315+0800] {processor.py:830} INFO - Processing file /Users/wanghaojin/Desktop/exchange@NUS/IS3107/HW/Project/news_data_pipeline/.venv/lib/python3.11/site-packages/airflow/example_dags/example_setup_teardown.py for tasks to queue
[2024-04-12T20:56:46.316+0800] {logging_mixin.py:188} INFO - [2024-04-12T20:56:46.316+0800] {dagbag.py:538} INFO - Filling up the DagBag from /Users/wanghaojin/Desktop/exchange@NUS/IS3107/HW/Project/news_data_pipeline/.venv/lib/python3.11/site-packages/airflow/example_dags/example_setup_teardown.py
[2024-04-12T20:56:46.320+0800] {processor.py:840} INFO - DAG(s) 'example_setup_teardown' retrieved from /Users/wanghaojin/Desktop/exchange@NUS/IS3107/HW/Project/news_data_pipeline/.venv/lib/python3.11/site-packages/airflow/example_dags/example_setup_teardown.py
[2024-04-12T20:56:46.398+0800] {logging_mixin.py:188} INFO - [2024-04-12T20:56:46.398+0800] {dag.py:3036} INFO - Sync 1 DAGs
[2024-04-12T20:56:46.407+0800] {logging_mixin.py:188} INFO - [2024-04-12T20:56:46.407+0800] {dag.py:3823} INFO - Setting next_dagrun for example_setup_teardown to 2024-04-11 00:00:00+00:00, run_after=2024-04-12 00:00:00+00:00
[2024-04-12T20:56:46.417+0800] {processor.py:183} INFO - Processing /Users/wanghaojin/Desktop/exchange@NUS/IS3107/HW/Project/news_data_pipeline/.venv/lib/python3.11/site-packages/airflow/example_dags/example_setup_teardown.py took 0.103 seconds
[2024-04-12T20:59:02.769+0800] {processor.py:161} INFO - Started process (PID=12750) to work on /Users/wanghaojin/Desktop/exchange@NUS/IS3107/HW/Project/news_data_pipeline/.venv/lib/python3.11/site-packages/airflow/example_dags/example_setup_teardown.py
[2024-04-12T20:59:02.770+0800] {processor.py:830} INFO - Processing file /Users/wanghaojin/Desktop/exchange@NUS/IS3107/HW/Project/news_data_pipeline/.venv/lib/python3.11/site-packages/airflow/example_dags/example_setup_teardown.py for tasks to queue
[2024-04-12T20:59:02.771+0800] {logging_mixin.py:188} INFO - [2024-04-12T20:59:02.770+0800] {dagbag.py:538} INFO - Filling up the DagBag from /Users/wanghaojin/Desktop/exchange@NUS/IS3107/HW/Project/news_data_pipeline/.venv/lib/python3.11/site-packages/airflow/example_dags/example_setup_teardown.py
[2024-04-12T20:59:02.775+0800] {processor.py:840} INFO - DAG(s) 'example_setup_teardown' retrieved from /Users/wanghaojin/Desktop/exchange@NUS/IS3107/HW/Project/news_data_pipeline/.venv/lib/python3.11/site-packages/airflow/example_dags/example_setup_teardown.py
[2024-04-12T20:59:02.859+0800] {logging_mixin.py:188} INFO - [2024-04-12T20:59:02.859+0800] {dag.py:3036} INFO - Sync 1 DAGs
[2024-04-12T20:59:02.868+0800] {logging_mixin.py:188} INFO - [2024-04-12T20:59:02.868+0800] {dag.py:3823} INFO - Setting next_dagrun for example_setup_teardown to 2024-04-11 00:00:00+00:00, run_after=2024-04-12 00:00:00+00:00
[2024-04-12T20:59:02.878+0800] {processor.py:183} INFO - Processing /Users/wanghaojin/Desktop/exchange@NUS/IS3107/HW/Project/news_data_pipeline/.venv/lib/python3.11/site-packages/airflow/example_dags/example_setup_teardown.py took 0.110 seconds
[2024-04-12T21:01:33.281+0800] {processor.py:161} INFO - Started process (PID=13090) to work on /Users/wanghaojin/Desktop/exchange@NUS/IS3107/HW/Project/news_data_pipeline/.venv/lib/python3.11/site-packages/airflow/example_dags/example_setup_teardown.py
[2024-04-12T21:01:33.282+0800] {processor.py:830} INFO - Processing file /Users/wanghaojin/Desktop/exchange@NUS/IS3107/HW/Project/news_data_pipeline/.venv/lib/python3.11/site-packages/airflow/example_dags/example_setup_teardown.py for tasks to queue
[2024-04-12T21:01:33.282+0800] {logging_mixin.py:188} INFO - [2024-04-12T21:01:33.282+0800] {dagbag.py:538} INFO - Filling up the DagBag from /Users/wanghaojin/Desktop/exchange@NUS/IS3107/HW/Project/news_data_pipeline/.venv/lib/python3.11/site-packages/airflow/example_dags/example_setup_teardown.py
[2024-04-12T21:01:33.287+0800] {processor.py:840} INFO - DAG(s) 'example_setup_teardown' retrieved from /Users/wanghaojin/Desktop/exchange@NUS/IS3107/HW/Project/news_data_pipeline/.venv/lib/python3.11/site-packages/airflow/example_dags/example_setup_teardown.py
[2024-04-12T21:01:33.364+0800] {logging_mixin.py:188} INFO - [2024-04-12T21:01:33.364+0800] {dag.py:3036} INFO - Sync 1 DAGs
[2024-04-12T21:01:33.372+0800] {logging_mixin.py:188} INFO - [2024-04-12T21:01:33.372+0800] {dag.py:3823} INFO - Setting next_dagrun for example_setup_teardown to 2024-04-11 00:00:00+00:00, run_after=2024-04-12 00:00:00+00:00
[2024-04-12T21:01:33.382+0800] {processor.py:183} INFO - Processing /Users/wanghaojin/Desktop/exchange@NUS/IS3107/HW/Project/news_data_pipeline/.venv/lib/python3.11/site-packages/airflow/example_dags/example_setup_teardown.py took 0.102 seconds
[2024-04-12T21:03:52.288+0800] {processor.py:161} INFO - Started process (PID=13261) to work on /Users/wanghaojin/Desktop/exchange@NUS/IS3107/HW/Project/news_data_pipeline/.venv/lib/python3.11/site-packages/airflow/example_dags/example_setup_teardown.py
[2024-04-12T21:03:52.289+0800] {processor.py:830} INFO - Processing file /Users/wanghaojin/Desktop/exchange@NUS/IS3107/HW/Project/news_data_pipeline/.venv/lib/python3.11/site-packages/airflow/example_dags/example_setup_teardown.py for tasks to queue
[2024-04-12T21:03:52.290+0800] {logging_mixin.py:188} INFO - [2024-04-12T21:03:52.289+0800] {dagbag.py:538} INFO - Filling up the DagBag from /Users/wanghaojin/Desktop/exchange@NUS/IS3107/HW/Project/news_data_pipeline/.venv/lib/python3.11/site-packages/airflow/example_dags/example_setup_teardown.py
[2024-04-12T21:03:52.294+0800] {processor.py:840} INFO - DAG(s) 'example_setup_teardown' retrieved from /Users/wanghaojin/Desktop/exchange@NUS/IS3107/HW/Project/news_data_pipeline/.venv/lib/python3.11/site-packages/airflow/example_dags/example_setup_teardown.py
[2024-04-12T21:03:52.371+0800] {logging_mixin.py:188} INFO - [2024-04-12T21:03:52.371+0800] {dag.py:3036} INFO - Sync 1 DAGs
[2024-04-12T21:03:52.380+0800] {logging_mixin.py:188} INFO - [2024-04-12T21:03:52.380+0800] {dag.py:3823} INFO - Setting next_dagrun for example_setup_teardown to 2024-04-11 00:00:00+00:00, run_after=2024-04-12 00:00:00+00:00
[2024-04-12T21:03:52.390+0800] {processor.py:183} INFO - Processing /Users/wanghaojin/Desktop/exchange@NUS/IS3107/HW/Project/news_data_pipeline/.venv/lib/python3.11/site-packages/airflow/example_dags/example_setup_teardown.py took 0.102 seconds
[2024-04-12T21:06:18.726+0800] {processor.py:161} INFO - Started process (PID=13564) to work on /Users/wanghaojin/Desktop/exchange@NUS/IS3107/HW/Project/news_data_pipeline/.venv/lib/python3.11/site-packages/airflow/example_dags/example_setup_teardown.py
[2024-04-12T21:06:18.728+0800] {processor.py:830} INFO - Processing file /Users/wanghaojin/Desktop/exchange@NUS/IS3107/HW/Project/news_data_pipeline/.venv/lib/python3.11/site-packages/airflow/example_dags/example_setup_teardown.py for tasks to queue
[2024-04-12T21:06:18.728+0800] {logging_mixin.py:188} INFO - [2024-04-12T21:06:18.728+0800] {dagbag.py:538} INFO - Filling up the DagBag from /Users/wanghaojin/Desktop/exchange@NUS/IS3107/HW/Project/news_data_pipeline/.venv/lib/python3.11/site-packages/airflow/example_dags/example_setup_teardown.py
[2024-04-12T21:06:18.732+0800] {processor.py:840} INFO - DAG(s) 'example_setup_teardown' retrieved from /Users/wanghaojin/Desktop/exchange@NUS/IS3107/HW/Project/news_data_pipeline/.venv/lib/python3.11/site-packages/airflow/example_dags/example_setup_teardown.py
[2024-04-12T21:06:18.818+0800] {logging_mixin.py:188} INFO - [2024-04-12T21:06:18.817+0800] {dag.py:3036} INFO - Sync 1 DAGs
[2024-04-12T21:06:18.827+0800] {logging_mixin.py:188} INFO - [2024-04-12T21:06:18.827+0800] {dag.py:3823} INFO - Setting next_dagrun for example_setup_teardown to 2024-04-11 00:00:00+00:00, run_after=2024-04-12 00:00:00+00:00
[2024-04-12T21:06:18.838+0800] {processor.py:183} INFO - Processing /Users/wanghaojin/Desktop/exchange@NUS/IS3107/HW/Project/news_data_pipeline/.venv/lib/python3.11/site-packages/airflow/example_dags/example_setup_teardown.py took 0.112 seconds
[2024-04-12T21:08:39.303+0800] {processor.py:161} INFO - Started process (PID=13809) to work on /Users/wanghaojin/Desktop/exchange@NUS/IS3107/HW/Project/news_data_pipeline/.venv/lib/python3.11/site-packages/airflow/example_dags/example_setup_teardown.py
[2024-04-12T21:08:39.304+0800] {processor.py:830} INFO - Processing file /Users/wanghaojin/Desktop/exchange@NUS/IS3107/HW/Project/news_data_pipeline/.venv/lib/python3.11/site-packages/airflow/example_dags/example_setup_teardown.py for tasks to queue
[2024-04-12T21:08:39.304+0800] {logging_mixin.py:188} INFO - [2024-04-12T21:08:39.304+0800] {dagbag.py:538} INFO - Filling up the DagBag from /Users/wanghaojin/Desktop/exchange@NUS/IS3107/HW/Project/news_data_pipeline/.venv/lib/python3.11/site-packages/airflow/example_dags/example_setup_teardown.py
[2024-04-12T21:08:39.309+0800] {processor.py:840} INFO - DAG(s) 'example_setup_teardown' retrieved from /Users/wanghaojin/Desktop/exchange@NUS/IS3107/HW/Project/news_data_pipeline/.venv/lib/python3.11/site-packages/airflow/example_dags/example_setup_teardown.py
[2024-04-12T21:08:39.386+0800] {logging_mixin.py:188} INFO - [2024-04-12T21:08:39.386+0800] {dag.py:3036} INFO - Sync 1 DAGs
[2024-04-12T21:08:39.395+0800] {logging_mixin.py:188} INFO - [2024-04-12T21:08:39.395+0800] {dag.py:3823} INFO - Setting next_dagrun for example_setup_teardown to 2024-04-11 00:00:00+00:00, run_after=2024-04-12 00:00:00+00:00
[2024-04-12T21:08:39.405+0800] {processor.py:183} INFO - Processing /Users/wanghaojin/Desktop/exchange@NUS/IS3107/HW/Project/news_data_pipeline/.venv/lib/python3.11/site-packages/airflow/example_dags/example_setup_teardown.py took 0.103 seconds
[2024-04-12T21:10:58.670+0800] {processor.py:161} INFO - Started process (PID=14107) to work on /Users/wanghaojin/Desktop/exchange@NUS/IS3107/HW/Project/news_data_pipeline/.venv/lib/python3.11/site-packages/airflow/example_dags/example_setup_teardown.py
[2024-04-12T21:10:58.671+0800] {processor.py:830} INFO - Processing file /Users/wanghaojin/Desktop/exchange@NUS/IS3107/HW/Project/news_data_pipeline/.venv/lib/python3.11/site-packages/airflow/example_dags/example_setup_teardown.py for tasks to queue
[2024-04-12T21:10:58.672+0800] {logging_mixin.py:188} INFO - [2024-04-12T21:10:58.672+0800] {dagbag.py:538} INFO - Filling up the DagBag from /Users/wanghaojin/Desktop/exchange@NUS/IS3107/HW/Project/news_data_pipeline/.venv/lib/python3.11/site-packages/airflow/example_dags/example_setup_teardown.py
[2024-04-12T21:10:58.676+0800] {processor.py:840} INFO - DAG(s) 'example_setup_teardown' retrieved from /Users/wanghaojin/Desktop/exchange@NUS/IS3107/HW/Project/news_data_pipeline/.venv/lib/python3.11/site-packages/airflow/example_dags/example_setup_teardown.py
[2024-04-12T21:10:58.754+0800] {logging_mixin.py:188} INFO - [2024-04-12T21:10:58.754+0800] {dag.py:3036} INFO - Sync 1 DAGs
[2024-04-12T21:10:58.763+0800] {logging_mixin.py:188} INFO - [2024-04-12T21:10:58.762+0800] {dag.py:3823} INFO - Setting next_dagrun for example_setup_teardown to 2024-04-11 00:00:00+00:00, run_after=2024-04-12 00:00:00+00:00
[2024-04-12T21:10:58.773+0800] {processor.py:183} INFO - Processing /Users/wanghaojin/Desktop/exchange@NUS/IS3107/HW/Project/news_data_pipeline/.venv/lib/python3.11/site-packages/airflow/example_dags/example_setup_teardown.py took 0.103 seconds
[2024-04-12T21:13:18.024+0800] {processor.py:161} INFO - Started process (PID=14309) to work on /Users/wanghaojin/Desktop/exchange@NUS/IS3107/HW/Project/news_data_pipeline/.venv/lib/python3.11/site-packages/airflow/example_dags/example_setup_teardown.py
[2024-04-12T21:13:18.025+0800] {processor.py:830} INFO - Processing file /Users/wanghaojin/Desktop/exchange@NUS/IS3107/HW/Project/news_data_pipeline/.venv/lib/python3.11/site-packages/airflow/example_dags/example_setup_teardown.py for tasks to queue
[2024-04-12T21:13:18.026+0800] {logging_mixin.py:188} INFO - [2024-04-12T21:13:18.026+0800] {dagbag.py:538} INFO - Filling up the DagBag from /Users/wanghaojin/Desktop/exchange@NUS/IS3107/HW/Project/news_data_pipeline/.venv/lib/python3.11/site-packages/airflow/example_dags/example_setup_teardown.py
[2024-04-12T21:13:18.030+0800] {processor.py:840} INFO - DAG(s) 'example_setup_teardown' retrieved from /Users/wanghaojin/Desktop/exchange@NUS/IS3107/HW/Project/news_data_pipeline/.venv/lib/python3.11/site-packages/airflow/example_dags/example_setup_teardown.py
[2024-04-12T21:13:18.108+0800] {logging_mixin.py:188} INFO - [2024-04-12T21:13:18.108+0800] {dag.py:3036} INFO - Sync 1 DAGs
[2024-04-12T21:13:18.117+0800] {logging_mixin.py:188} INFO - [2024-04-12T21:13:18.117+0800] {dag.py:3823} INFO - Setting next_dagrun for example_setup_teardown to 2024-04-11 00:00:00+00:00, run_after=2024-04-12 00:00:00+00:00
[2024-04-12T21:13:18.127+0800] {processor.py:183} INFO - Processing /Users/wanghaojin/Desktop/exchange@NUS/IS3107/HW/Project/news_data_pipeline/.venv/lib/python3.11/site-packages/airflow/example_dags/example_setup_teardown.py took 0.104 seconds
[2024-04-12T21:15:28.161+0800] {processor.py:161} INFO - Started process (PID=14587) to work on /Users/wanghaojin/Desktop/exchange@NUS/IS3107/HW/Project/news_data_pipeline/.venv/lib/python3.11/site-packages/airflow/example_dags/example_setup_teardown.py
[2024-04-12T21:15:28.163+0800] {processor.py:830} INFO - Processing file /Users/wanghaojin/Desktop/exchange@NUS/IS3107/HW/Project/news_data_pipeline/.venv/lib/python3.11/site-packages/airflow/example_dags/example_setup_teardown.py for tasks to queue
[2024-04-12T21:15:28.163+0800] {logging_mixin.py:188} INFO - [2024-04-12T21:15:28.163+0800] {dagbag.py:538} INFO - Filling up the DagBag from /Users/wanghaojin/Desktop/exchange@NUS/IS3107/HW/Project/news_data_pipeline/.venv/lib/python3.11/site-packages/airflow/example_dags/example_setup_teardown.py
[2024-04-12T21:15:28.168+0800] {processor.py:840} INFO - DAG(s) 'example_setup_teardown' retrieved from /Users/wanghaojin/Desktop/exchange@NUS/IS3107/HW/Project/news_data_pipeline/.venv/lib/python3.11/site-packages/airflow/example_dags/example_setup_teardown.py
[2024-04-12T21:15:28.296+0800] {logging_mixin.py:188} INFO - [2024-04-12T21:15:28.296+0800] {dag.py:3036} INFO - Sync 1 DAGs
[2024-04-12T21:15:28.305+0800] {logging_mixin.py:188} INFO - [2024-04-12T21:15:28.305+0800] {dag.py:3823} INFO - Setting next_dagrun for example_setup_teardown to 2024-04-11 00:00:00+00:00, run_after=2024-04-12 00:00:00+00:00
[2024-04-12T21:15:28.316+0800] {processor.py:183} INFO - Processing /Users/wanghaojin/Desktop/exchange@NUS/IS3107/HW/Project/news_data_pipeline/.venv/lib/python3.11/site-packages/airflow/example_dags/example_setup_teardown.py took 0.155 seconds
[2024-04-12T21:17:09.624+0800] {processor.py:161} INFO - Started process (PID=14767) to work on /Users/wanghaojin/Desktop/exchange@NUS/IS3107/HW/Project/news_data_pipeline/.venv/lib/python3.11/site-packages/airflow/example_dags/example_setup_teardown.py
[2024-04-12T21:17:09.625+0800] {processor.py:830} INFO - Processing file /Users/wanghaojin/Desktop/exchange@NUS/IS3107/HW/Project/news_data_pipeline/.venv/lib/python3.11/site-packages/airflow/example_dags/example_setup_teardown.py for tasks to queue
[2024-04-12T21:17:09.625+0800] {logging_mixin.py:188} INFO - [2024-04-12T21:17:09.625+0800] {dagbag.py:538} INFO - Filling up the DagBag from /Users/wanghaojin/Desktop/exchange@NUS/IS3107/HW/Project/news_data_pipeline/.venv/lib/python3.11/site-packages/airflow/example_dags/example_setup_teardown.py
[2024-04-12T21:17:09.630+0800] {processor.py:840} INFO - DAG(s) 'example_setup_teardown' retrieved from /Users/wanghaojin/Desktop/exchange@NUS/IS3107/HW/Project/news_data_pipeline/.venv/lib/python3.11/site-packages/airflow/example_dags/example_setup_teardown.py
[2024-04-12T21:17:09.708+0800] {logging_mixin.py:188} INFO - [2024-04-12T21:17:09.707+0800] {dag.py:3036} INFO - Sync 1 DAGs
[2024-04-12T21:17:09.716+0800] {logging_mixin.py:188} INFO - [2024-04-12T21:17:09.716+0800] {dag.py:3823} INFO - Setting next_dagrun for example_setup_teardown to 2024-04-11 00:00:00+00:00, run_after=2024-04-12 00:00:00+00:00
[2024-04-12T21:17:09.726+0800] {processor.py:183} INFO - Processing /Users/wanghaojin/Desktop/exchange@NUS/IS3107/HW/Project/news_data_pipeline/.venv/lib/python3.11/site-packages/airflow/example_dags/example_setup_teardown.py took 0.103 seconds
[2024-04-12T21:19:23.367+0800] {processor.py:161} INFO - Started process (PID=14885) to work on /Users/wanghaojin/Desktop/exchange@NUS/IS3107/HW/Project/news_data_pipeline/.venv/lib/python3.11/site-packages/airflow/example_dags/example_setup_teardown.py
[2024-04-12T21:19:23.367+0800] {processor.py:830} INFO - Processing file /Users/wanghaojin/Desktop/exchange@NUS/IS3107/HW/Project/news_data_pipeline/.venv/lib/python3.11/site-packages/airflow/example_dags/example_setup_teardown.py for tasks to queue
[2024-04-12T21:19:23.368+0800] {logging_mixin.py:188} INFO - [2024-04-12T21:19:23.368+0800] {dagbag.py:538} INFO - Filling up the DagBag from /Users/wanghaojin/Desktop/exchange@NUS/IS3107/HW/Project/news_data_pipeline/.venv/lib/python3.11/site-packages/airflow/example_dags/example_setup_teardown.py
[2024-04-12T21:19:23.372+0800] {processor.py:840} INFO - DAG(s) 'example_setup_teardown' retrieved from /Users/wanghaojin/Desktop/exchange@NUS/IS3107/HW/Project/news_data_pipeline/.venv/lib/python3.11/site-packages/airflow/example_dags/example_setup_teardown.py
[2024-04-12T21:19:23.456+0800] {logging_mixin.py:188} INFO - [2024-04-12T21:19:23.456+0800] {dag.py:3036} INFO - Sync 1 DAGs
[2024-04-12T21:19:23.465+0800] {logging_mixin.py:188} INFO - [2024-04-12T21:19:23.465+0800] {dag.py:3823} INFO - Setting next_dagrun for example_setup_teardown to 2024-04-11 00:00:00+00:00, run_after=2024-04-12 00:00:00+00:00
[2024-04-12T21:19:23.475+0800] {processor.py:183} INFO - Processing /Users/wanghaojin/Desktop/exchange@NUS/IS3107/HW/Project/news_data_pipeline/.venv/lib/python3.11/site-packages/airflow/example_dags/example_setup_teardown.py took 0.109 seconds
[2024-04-12T21:37:43.117+0800] {processor.py:161} INFO - Started process (PID=16316) to work on /Users/wanghaojin/Desktop/exchange@NUS/IS3107/HW/Project/news_data_pipeline/.venv/lib/python3.11/site-packages/airflow/example_dags/example_setup_teardown.py
[2024-04-12T21:37:43.119+0800] {processor.py:830} INFO - Processing file /Users/wanghaojin/Desktop/exchange@NUS/IS3107/HW/Project/news_data_pipeline/.venv/lib/python3.11/site-packages/airflow/example_dags/example_setup_teardown.py for tasks to queue
[2024-04-12T21:37:43.119+0800] {logging_mixin.py:188} INFO - [2024-04-12T21:37:43.119+0800] {dagbag.py:538} INFO - Filling up the DagBag from /Users/wanghaojin/Desktop/exchange@NUS/IS3107/HW/Project/news_data_pipeline/.venv/lib/python3.11/site-packages/airflow/example_dags/example_setup_teardown.py
[2024-04-12T21:37:43.125+0800] {processor.py:840} INFO - DAG(s) 'example_setup_teardown' retrieved from /Users/wanghaojin/Desktop/exchange@NUS/IS3107/HW/Project/news_data_pipeline/.venv/lib/python3.11/site-packages/airflow/example_dags/example_setup_teardown.py
[2024-04-12T21:37:43.331+0800] {logging_mixin.py:188} INFO - [2024-04-12T21:37:43.331+0800] {dag.py:3036} INFO - Sync 1 DAGs
[2024-04-12T21:37:43.347+0800] {logging_mixin.py:188} INFO - [2024-04-12T21:37:43.347+0800] {dag.py:3823} INFO - Setting next_dagrun for example_setup_teardown to 2024-04-11 00:00:00+00:00, run_after=2024-04-12 00:00:00+00:00
[2024-04-12T21:37:43.364+0800] {processor.py:183} INFO - Processing /Users/wanghaojin/Desktop/exchange@NUS/IS3107/HW/Project/news_data_pipeline/.venv/lib/python3.11/site-packages/airflow/example_dags/example_setup_teardown.py took 0.249 seconds
[2024-04-12T21:40:04.805+0800] {processor.py:161} INFO - Started process (PID=16421) to work on /Users/wanghaojin/Desktop/exchange@NUS/IS3107/HW/Project/news_data_pipeline/.venv/lib/python3.11/site-packages/airflow/example_dags/example_setup_teardown.py
[2024-04-12T21:40:04.806+0800] {processor.py:830} INFO - Processing file /Users/wanghaojin/Desktop/exchange@NUS/IS3107/HW/Project/news_data_pipeline/.venv/lib/python3.11/site-packages/airflow/example_dags/example_setup_teardown.py for tasks to queue
[2024-04-12T21:40:04.807+0800] {logging_mixin.py:188} INFO - [2024-04-12T21:40:04.807+0800] {dagbag.py:538} INFO - Filling up the DagBag from /Users/wanghaojin/Desktop/exchange@NUS/IS3107/HW/Project/news_data_pipeline/.venv/lib/python3.11/site-packages/airflow/example_dags/example_setup_teardown.py
[2024-04-12T21:40:04.815+0800] {processor.py:840} INFO - DAG(s) 'example_setup_teardown' retrieved from /Users/wanghaojin/Desktop/exchange@NUS/IS3107/HW/Project/news_data_pipeline/.venv/lib/python3.11/site-packages/airflow/example_dags/example_setup_teardown.py
[2024-04-12T21:40:04.956+0800] {logging_mixin.py:188} INFO - [2024-04-12T21:40:04.955+0800] {dag.py:3036} INFO - Sync 1 DAGs
[2024-04-12T21:40:04.971+0800] {logging_mixin.py:188} INFO - [2024-04-12T21:40:04.971+0800] {dag.py:3823} INFO - Setting next_dagrun for example_setup_teardown to 2024-04-11 00:00:00+00:00, run_after=2024-04-12 00:00:00+00:00
[2024-04-12T21:40:04.989+0800] {processor.py:183} INFO - Processing /Users/wanghaojin/Desktop/exchange@NUS/IS3107/HW/Project/news_data_pipeline/.venv/lib/python3.11/site-packages/airflow/example_dags/example_setup_teardown.py took 0.185 seconds
[2024-04-12T21:43:52.501+0800] {processor.py:161} INFO - Started process (PID=16532) to work on /Users/wanghaojin/Desktop/exchange@NUS/IS3107/HW/Project/news_data_pipeline/.venv/lib/python3.11/site-packages/airflow/example_dags/example_setup_teardown.py
[2024-04-12T21:43:52.503+0800] {processor.py:830} INFO - Processing file /Users/wanghaojin/Desktop/exchange@NUS/IS3107/HW/Project/news_data_pipeline/.venv/lib/python3.11/site-packages/airflow/example_dags/example_setup_teardown.py for tasks to queue
[2024-04-12T21:43:52.503+0800] {logging_mixin.py:188} INFO - [2024-04-12T21:43:52.503+0800] {dagbag.py:538} INFO - Filling up the DagBag from /Users/wanghaojin/Desktop/exchange@NUS/IS3107/HW/Project/news_data_pipeline/.venv/lib/python3.11/site-packages/airflow/example_dags/example_setup_teardown.py
[2024-04-12T21:43:52.514+0800] {processor.py:840} INFO - DAG(s) 'example_setup_teardown' retrieved from /Users/wanghaojin/Desktop/exchange@NUS/IS3107/HW/Project/news_data_pipeline/.venv/lib/python3.11/site-packages/airflow/example_dags/example_setup_teardown.py
[2024-04-12T21:43:52.652+0800] {logging_mixin.py:188} INFO - [2024-04-12T21:43:52.652+0800] {dag.py:3036} INFO - Sync 1 DAGs
[2024-04-12T21:43:52.669+0800] {logging_mixin.py:188} INFO - [2024-04-12T21:43:52.669+0800] {dag.py:3823} INFO - Setting next_dagrun for example_setup_teardown to 2024-04-11 00:00:00+00:00, run_after=2024-04-12 00:00:00+00:00
[2024-04-12T21:43:52.686+0800] {processor.py:183} INFO - Processing /Users/wanghaojin/Desktop/exchange@NUS/IS3107/HW/Project/news_data_pipeline/.venv/lib/python3.11/site-packages/airflow/example_dags/example_setup_teardown.py took 0.186 seconds
[2024-04-12T21:50:57.462+0800] {processor.py:161} INFO - Started process (PID=16641) to work on /Users/wanghaojin/Desktop/exchange@NUS/IS3107/HW/Project/news_data_pipeline/.venv/lib/python3.11/site-packages/airflow/example_dags/example_setup_teardown.py
[2024-04-12T21:50:57.463+0800] {processor.py:830} INFO - Processing file /Users/wanghaojin/Desktop/exchange@NUS/IS3107/HW/Project/news_data_pipeline/.venv/lib/python3.11/site-packages/airflow/example_dags/example_setup_teardown.py for tasks to queue
[2024-04-12T21:50:57.464+0800] {logging_mixin.py:188} INFO - [2024-04-12T21:50:57.463+0800] {dagbag.py:538} INFO - Filling up the DagBag from /Users/wanghaojin/Desktop/exchange@NUS/IS3107/HW/Project/news_data_pipeline/.venv/lib/python3.11/site-packages/airflow/example_dags/example_setup_teardown.py
[2024-04-12T21:50:57.471+0800] {processor.py:840} INFO - DAG(s) 'example_setup_teardown' retrieved from /Users/wanghaojin/Desktop/exchange@NUS/IS3107/HW/Project/news_data_pipeline/.venv/lib/python3.11/site-packages/airflow/example_dags/example_setup_teardown.py
[2024-04-12T21:50:57.608+0800] {logging_mixin.py:188} INFO - [2024-04-12T21:50:57.607+0800] {dag.py:3036} INFO - Sync 1 DAGs
[2024-04-12T21:50:57.624+0800] {logging_mixin.py:188} INFO - [2024-04-12T21:50:57.623+0800] {dag.py:3823} INFO - Setting next_dagrun for example_setup_teardown to 2024-04-11 00:00:00+00:00, run_after=2024-04-12 00:00:00+00:00
[2024-04-12T21:50:57.640+0800] {processor.py:183} INFO - Processing /Users/wanghaojin/Desktop/exchange@NUS/IS3107/HW/Project/news_data_pipeline/.venv/lib/python3.11/site-packages/airflow/example_dags/example_setup_teardown.py took 0.179 seconds
