[2024-04-12T19:28:59.868+0800] {processor.py:161} INFO - Started process (PID=3557) to work on /Users/wanghaojin/Desktop/exchange@NUS/IS3107/HW/Project/news_data_pipeline/.venv/lib/python3.11/site-packages/airflow/example_dags/example_short_circuit_operator.py
[2024-04-12T19:28:59.868+0800] {processor.py:830} INFO - Processing file /Users/wanghaojin/Desktop/exchange@NUS/IS3107/HW/Project/news_data_pipeline/.venv/lib/python3.11/site-packages/airflow/example_dags/example_short_circuit_operator.py for tasks to queue
[2024-04-12T19:28:59.869+0800] {logging_mixin.py:188} INFO - [2024-04-12T19:28:59.868+0800] {dagbag.py:538} INFO - Filling up the DagBag from /Users/wanghaojin/Desktop/exchange@NUS/IS3107/HW/Project/news_data_pipeline/.venv/lib/python3.11/site-packages/airflow/example_dags/example_short_circuit_operator.py
[2024-04-12T19:28:59.883+0800] {processor.py:840} INFO - DAG(s) 'example_short_circuit_operator' retrieved from /Users/wanghaojin/Desktop/exchange@NUS/IS3107/HW/Project/news_data_pipeline/.venv/lib/python3.11/site-packages/airflow/example_dags/example_short_circuit_operator.py
[2024-04-12T19:28:59.961+0800] {logging_mixin.py:188} INFO - [2024-04-12T19:28:59.960+0800] {dag.py:3036} INFO - Sync 1 DAGs
[2024-04-12T19:28:59.970+0800] {logging_mixin.py:188} INFO - [2024-04-12T19:28:59.970+0800] {dag.py:3823} INFO - Setting next_dagrun for example_short_circuit_operator to 2024-04-11 00:00:00+00:00, run_after=2024-04-12 00:00:00+00:00
[2024-04-12T19:28:59.980+0800] {processor.py:183} INFO - Processing /Users/wanghaojin/Desktop/exchange@NUS/IS3107/HW/Project/news_data_pipeline/.venv/lib/python3.11/site-packages/airflow/example_dags/example_short_circuit_operator.py took 0.113 seconds
[2024-04-12T19:30:17.681+0800] {processor.py:161} INFO - Started process (PID=4147) to work on /Users/wanghaojin/Desktop/exchange@NUS/IS3107/HW/Project/news_data_pipeline/.venv/lib/python3.11/site-packages/airflow/example_dags/example_short_circuit_operator.py
[2024-04-12T19:30:17.682+0800] {processor.py:830} INFO - Processing file /Users/wanghaojin/Desktop/exchange@NUS/IS3107/HW/Project/news_data_pipeline/.venv/lib/python3.11/site-packages/airflow/example_dags/example_short_circuit_operator.py for tasks to queue
[2024-04-12T19:30:17.683+0800] {logging_mixin.py:188} INFO - [2024-04-12T19:30:17.682+0800] {dagbag.py:538} INFO - Filling up the DagBag from /Users/wanghaojin/Desktop/exchange@NUS/IS3107/HW/Project/news_data_pipeline/.venv/lib/python3.11/site-packages/airflow/example_dags/example_short_circuit_operator.py
[2024-04-12T19:30:17.697+0800] {processor.py:840} INFO - DAG(s) 'example_short_circuit_operator' retrieved from /Users/wanghaojin/Desktop/exchange@NUS/IS3107/HW/Project/news_data_pipeline/.venv/lib/python3.11/site-packages/airflow/example_dags/example_short_circuit_operator.py
[2024-04-12T19:30:17.819+0800] {logging_mixin.py:188} INFO - [2024-04-12T19:30:17.818+0800] {dag.py:3036} INFO - Sync 1 DAGs
[2024-04-12T19:30:17.827+0800] {logging_mixin.py:188} INFO - [2024-04-12T19:30:17.827+0800] {dag.py:3823} INFO - Setting next_dagrun for example_short_circuit_operator to 2024-04-11 00:00:00+00:00, run_after=2024-04-12 00:00:00+00:00
[2024-04-12T19:30:17.837+0800] {processor.py:183} INFO - Processing /Users/wanghaojin/Desktop/exchange@NUS/IS3107/HW/Project/news_data_pipeline/.venv/lib/python3.11/site-packages/airflow/example_dags/example_short_circuit_operator.py took 0.156 seconds
[2024-04-12T19:32:05.955+0800] {processor.py:161} INFO - Started process (PID=4324) to work on /Users/wanghaojin/Desktop/exchange@NUS/IS3107/HW/Project/news_data_pipeline/.venv/lib/python3.11/site-packages/airflow/example_dags/example_short_circuit_operator.py
[2024-04-12T19:32:05.956+0800] {processor.py:830} INFO - Processing file /Users/wanghaojin/Desktop/exchange@NUS/IS3107/HW/Project/news_data_pipeline/.venv/lib/python3.11/site-packages/airflow/example_dags/example_short_circuit_operator.py for tasks to queue
[2024-04-12T19:32:05.956+0800] {logging_mixin.py:188} INFO - [2024-04-12T19:32:05.956+0800] {dagbag.py:538} INFO - Filling up the DagBag from /Users/wanghaojin/Desktop/exchange@NUS/IS3107/HW/Project/news_data_pipeline/.venv/lib/python3.11/site-packages/airflow/example_dags/example_short_circuit_operator.py
[2024-04-12T19:32:05.970+0800] {processor.py:840} INFO - DAG(s) 'example_short_circuit_operator' retrieved from /Users/wanghaojin/Desktop/exchange@NUS/IS3107/HW/Project/news_data_pipeline/.venv/lib/python3.11/site-packages/airflow/example_dags/example_short_circuit_operator.py
[2024-04-12T19:32:06.091+0800] {logging_mixin.py:188} INFO - [2024-04-12T19:32:06.091+0800] {dag.py:3036} INFO - Sync 1 DAGs
[2024-04-12T19:32:06.099+0800] {logging_mixin.py:188} INFO - [2024-04-12T19:32:06.099+0800] {dag.py:3823} INFO - Setting next_dagrun for example_short_circuit_operator to 2024-04-11 00:00:00+00:00, run_after=2024-04-12 00:00:00+00:00
[2024-04-12T19:32:06.110+0800] {processor.py:183} INFO - Processing /Users/wanghaojin/Desktop/exchange@NUS/IS3107/HW/Project/news_data_pipeline/.venv/lib/python3.11/site-packages/airflow/example_dags/example_short_circuit_operator.py took 0.156 seconds
[2024-04-12T19:33:45.089+0800] {processor.py:161} INFO - Started process (PID=4498) to work on /Users/wanghaojin/Desktop/exchange@NUS/IS3107/HW/Project/news_data_pipeline/.venv/lib/python3.11/site-packages/airflow/example_dags/example_short_circuit_operator.py
[2024-04-12T19:33:45.090+0800] {processor.py:830} INFO - Processing file /Users/wanghaojin/Desktop/exchange@NUS/IS3107/HW/Project/news_data_pipeline/.venv/lib/python3.11/site-packages/airflow/example_dags/example_short_circuit_operator.py for tasks to queue
[2024-04-12T19:33:45.090+0800] {logging_mixin.py:188} INFO - [2024-04-12T19:33:45.090+0800] {dagbag.py:538} INFO - Filling up the DagBag from /Users/wanghaojin/Desktop/exchange@NUS/IS3107/HW/Project/news_data_pipeline/.venv/lib/python3.11/site-packages/airflow/example_dags/example_short_circuit_operator.py
[2024-04-12T19:33:45.105+0800] {processor.py:840} INFO - DAG(s) 'example_short_circuit_operator' retrieved from /Users/wanghaojin/Desktop/exchange@NUS/IS3107/HW/Project/news_data_pipeline/.venv/lib/python3.11/site-packages/airflow/example_dags/example_short_circuit_operator.py
[2024-04-12T19:33:45.183+0800] {logging_mixin.py:188} INFO - [2024-04-12T19:33:45.183+0800] {dag.py:3036} INFO - Sync 1 DAGs
[2024-04-12T19:33:45.193+0800] {logging_mixin.py:188} INFO - [2024-04-12T19:33:45.192+0800] {dag.py:3823} INFO - Setting next_dagrun for example_short_circuit_operator to 2024-04-11 00:00:00+00:00, run_after=2024-04-12 00:00:00+00:00
[2024-04-12T19:33:45.203+0800] {processor.py:183} INFO - Processing /Users/wanghaojin/Desktop/exchange@NUS/IS3107/HW/Project/news_data_pipeline/.venv/lib/python3.11/site-packages/airflow/example_dags/example_short_circuit_operator.py took 0.114 seconds
[2024-04-12T19:36:01.045+0800] {processor.py:161} INFO - Started process (PID=4711) to work on /Users/wanghaojin/Desktop/exchange@NUS/IS3107/HW/Project/news_data_pipeline/.venv/lib/python3.11/site-packages/airflow/example_dags/example_short_circuit_operator.py
[2024-04-12T19:36:01.045+0800] {processor.py:830} INFO - Processing file /Users/wanghaojin/Desktop/exchange@NUS/IS3107/HW/Project/news_data_pipeline/.venv/lib/python3.11/site-packages/airflow/example_dags/example_short_circuit_operator.py for tasks to queue
[2024-04-12T19:36:01.046+0800] {logging_mixin.py:188} INFO - [2024-04-12T19:36:01.046+0800] {dagbag.py:538} INFO - Filling up the DagBag from /Users/wanghaojin/Desktop/exchange@NUS/IS3107/HW/Project/news_data_pipeline/.venv/lib/python3.11/site-packages/airflow/example_dags/example_short_circuit_operator.py
[2024-04-12T19:36:01.059+0800] {processor.py:840} INFO - DAG(s) 'example_short_circuit_operator' retrieved from /Users/wanghaojin/Desktop/exchange@NUS/IS3107/HW/Project/news_data_pipeline/.venv/lib/python3.11/site-packages/airflow/example_dags/example_short_circuit_operator.py
[2024-04-12T19:36:01.137+0800] {logging_mixin.py:188} INFO - [2024-04-12T19:36:01.137+0800] {dag.py:3036} INFO - Sync 1 DAGs
[2024-04-12T19:36:01.147+0800] {logging_mixin.py:188} INFO - [2024-04-12T19:36:01.147+0800] {dag.py:3823} INFO - Setting next_dagrun for example_short_circuit_operator to 2024-04-11 00:00:00+00:00, run_after=2024-04-12 00:00:00+00:00
[2024-04-12T19:36:01.157+0800] {processor.py:183} INFO - Processing /Users/wanghaojin/Desktop/exchange@NUS/IS3107/HW/Project/news_data_pipeline/.venv/lib/python3.11/site-packages/airflow/example_dags/example_short_circuit_operator.py took 0.112 seconds
[2024-04-12T19:38:18.028+0800] {processor.py:161} INFO - Started process (PID=4916) to work on /Users/wanghaojin/Desktop/exchange@NUS/IS3107/HW/Project/news_data_pipeline/.venv/lib/python3.11/site-packages/airflow/example_dags/example_short_circuit_operator.py
[2024-04-12T19:38:18.029+0800] {processor.py:830} INFO - Processing file /Users/wanghaojin/Desktop/exchange@NUS/IS3107/HW/Project/news_data_pipeline/.venv/lib/python3.11/site-packages/airflow/example_dags/example_short_circuit_operator.py for tasks to queue
[2024-04-12T19:38:18.029+0800] {logging_mixin.py:188} INFO - [2024-04-12T19:38:18.029+0800] {dagbag.py:538} INFO - Filling up the DagBag from /Users/wanghaojin/Desktop/exchange@NUS/IS3107/HW/Project/news_data_pipeline/.venv/lib/python3.11/site-packages/airflow/example_dags/example_short_circuit_operator.py
[2024-04-12T19:38:18.043+0800] {processor.py:840} INFO - DAG(s) 'example_short_circuit_operator' retrieved from /Users/wanghaojin/Desktop/exchange@NUS/IS3107/HW/Project/news_data_pipeline/.venv/lib/python3.11/site-packages/airflow/example_dags/example_short_circuit_operator.py
[2024-04-12T19:38:18.122+0800] {logging_mixin.py:188} INFO - [2024-04-12T19:38:18.122+0800] {dag.py:3036} INFO - Sync 1 DAGs
[2024-04-12T19:38:18.132+0800] {logging_mixin.py:188} INFO - [2024-04-12T19:38:18.132+0800] {dag.py:3823} INFO - Setting next_dagrun for example_short_circuit_operator to 2024-04-11 00:00:00+00:00, run_after=2024-04-12 00:00:00+00:00
[2024-04-12T19:38:18.142+0800] {processor.py:183} INFO - Processing /Users/wanghaojin/Desktop/exchange@NUS/IS3107/HW/Project/news_data_pipeline/.venv/lib/python3.11/site-packages/airflow/example_dags/example_short_circuit_operator.py took 0.114 seconds
[2024-04-12T19:40:29.848+0800] {processor.py:161} INFO - Started process (PID=5126) to work on /Users/wanghaojin/Desktop/exchange@NUS/IS3107/HW/Project/news_data_pipeline/.venv/lib/python3.11/site-packages/airflow/example_dags/example_short_circuit_operator.py
[2024-04-12T19:40:29.848+0800] {processor.py:830} INFO - Processing file /Users/wanghaojin/Desktop/exchange@NUS/IS3107/HW/Project/news_data_pipeline/.venv/lib/python3.11/site-packages/airflow/example_dags/example_short_circuit_operator.py for tasks to queue
[2024-04-12T19:40:29.849+0800] {logging_mixin.py:188} INFO - [2024-04-12T19:40:29.848+0800] {dagbag.py:538} INFO - Filling up the DagBag from /Users/wanghaojin/Desktop/exchange@NUS/IS3107/HW/Project/news_data_pipeline/.venv/lib/python3.11/site-packages/airflow/example_dags/example_short_circuit_operator.py
[2024-04-12T19:40:29.862+0800] {processor.py:840} INFO - DAG(s) 'example_short_circuit_operator' retrieved from /Users/wanghaojin/Desktop/exchange@NUS/IS3107/HW/Project/news_data_pipeline/.venv/lib/python3.11/site-packages/airflow/example_dags/example_short_circuit_operator.py
[2024-04-12T19:40:29.940+0800] {logging_mixin.py:188} INFO - [2024-04-12T19:40:29.940+0800] {dag.py:3036} INFO - Sync 1 DAGs
[2024-04-12T19:40:29.949+0800] {logging_mixin.py:188} INFO - [2024-04-12T19:40:29.949+0800] {dag.py:3823} INFO - Setting next_dagrun for example_short_circuit_operator to 2024-04-11 00:00:00+00:00, run_after=2024-04-12 00:00:00+00:00
[2024-04-12T19:40:29.960+0800] {processor.py:183} INFO - Processing /Users/wanghaojin/Desktop/exchange@NUS/IS3107/HW/Project/news_data_pipeline/.venv/lib/python3.11/site-packages/airflow/example_dags/example_short_circuit_operator.py took 0.112 seconds
[2024-04-12T19:42:47.114+0800] {processor.py:161} INFO - Started process (PID=5340) to work on /Users/wanghaojin/Desktop/exchange@NUS/IS3107/HW/Project/news_data_pipeline/.venv/lib/python3.11/site-packages/airflow/example_dags/example_short_circuit_operator.py
[2024-04-12T19:42:47.114+0800] {processor.py:830} INFO - Processing file /Users/wanghaojin/Desktop/exchange@NUS/IS3107/HW/Project/news_data_pipeline/.venv/lib/python3.11/site-packages/airflow/example_dags/example_short_circuit_operator.py for tasks to queue
[2024-04-12T19:42:47.115+0800] {logging_mixin.py:188} INFO - [2024-04-12T19:42:47.115+0800] {dagbag.py:538} INFO - Filling up the DagBag from /Users/wanghaojin/Desktop/exchange@NUS/IS3107/HW/Project/news_data_pipeline/.venv/lib/python3.11/site-packages/airflow/example_dags/example_short_circuit_operator.py
[2024-04-12T19:42:47.129+0800] {processor.py:840} INFO - DAG(s) 'example_short_circuit_operator' retrieved from /Users/wanghaojin/Desktop/exchange@NUS/IS3107/HW/Project/news_data_pipeline/.venv/lib/python3.11/site-packages/airflow/example_dags/example_short_circuit_operator.py
[2024-04-12T19:42:47.207+0800] {logging_mixin.py:188} INFO - [2024-04-12T19:42:47.207+0800] {dag.py:3036} INFO - Sync 1 DAGs
[2024-04-12T19:42:47.216+0800] {logging_mixin.py:188} INFO - [2024-04-12T19:42:47.216+0800] {dag.py:3823} INFO - Setting next_dagrun for example_short_circuit_operator to 2024-04-11 00:00:00+00:00, run_after=2024-04-12 00:00:00+00:00
[2024-04-12T19:42:47.226+0800] {processor.py:183} INFO - Processing /Users/wanghaojin/Desktop/exchange@NUS/IS3107/HW/Project/news_data_pipeline/.venv/lib/python3.11/site-packages/airflow/example_dags/example_short_circuit_operator.py took 0.113 seconds
[2024-04-12T19:45:02.757+0800] {processor.py:161} INFO - Started process (PID=5568) to work on /Users/wanghaojin/Desktop/exchange@NUS/IS3107/HW/Project/news_data_pipeline/.venv/lib/python3.11/site-packages/airflow/example_dags/example_short_circuit_operator.py
[2024-04-12T19:45:02.759+0800] {processor.py:830} INFO - Processing file /Users/wanghaojin/Desktop/exchange@NUS/IS3107/HW/Project/news_data_pipeline/.venv/lib/python3.11/site-packages/airflow/example_dags/example_short_circuit_operator.py for tasks to queue
[2024-04-12T19:45:02.759+0800] {logging_mixin.py:188} INFO - [2024-04-12T19:45:02.759+0800] {dagbag.py:538} INFO - Filling up the DagBag from /Users/wanghaojin/Desktop/exchange@NUS/IS3107/HW/Project/news_data_pipeline/.venv/lib/python3.11/site-packages/airflow/example_dags/example_short_circuit_operator.py
[2024-04-12T19:45:02.773+0800] {processor.py:840} INFO - DAG(s) 'example_short_circuit_operator' retrieved from /Users/wanghaojin/Desktop/exchange@NUS/IS3107/HW/Project/news_data_pipeline/.venv/lib/python3.11/site-packages/airflow/example_dags/example_short_circuit_operator.py
[2024-04-12T19:45:02.851+0800] {logging_mixin.py:188} INFO - [2024-04-12T19:45:02.851+0800] {dag.py:3036} INFO - Sync 1 DAGs
[2024-04-12T19:45:02.860+0800] {logging_mixin.py:188} INFO - [2024-04-12T19:45:02.860+0800] {dag.py:3823} INFO - Setting next_dagrun for example_short_circuit_operator to 2024-04-11 00:00:00+00:00, run_after=2024-04-12 00:00:00+00:00
[2024-04-12T19:45:02.870+0800] {processor.py:183} INFO - Processing /Users/wanghaojin/Desktop/exchange@NUS/IS3107/HW/Project/news_data_pipeline/.venv/lib/python3.11/site-packages/airflow/example_dags/example_short_circuit_operator.py took 0.114 seconds
[2024-04-12T19:47:18.512+0800] {processor.py:161} INFO - Started process (PID=5734) to work on /Users/wanghaojin/Desktop/exchange@NUS/IS3107/HW/Project/news_data_pipeline/.venv/lib/python3.11/site-packages/airflow/example_dags/example_short_circuit_operator.py
[2024-04-12T19:47:18.513+0800] {processor.py:830} INFO - Processing file /Users/wanghaojin/Desktop/exchange@NUS/IS3107/HW/Project/news_data_pipeline/.venv/lib/python3.11/site-packages/airflow/example_dags/example_short_circuit_operator.py for tasks to queue
[2024-04-12T19:47:18.514+0800] {logging_mixin.py:188} INFO - [2024-04-12T19:47:18.514+0800] {dagbag.py:538} INFO - Filling up the DagBag from /Users/wanghaojin/Desktop/exchange@NUS/IS3107/HW/Project/news_data_pipeline/.venv/lib/python3.11/site-packages/airflow/example_dags/example_short_circuit_operator.py
[2024-04-12T19:47:18.527+0800] {processor.py:840} INFO - DAG(s) 'example_short_circuit_operator' retrieved from /Users/wanghaojin/Desktop/exchange@NUS/IS3107/HW/Project/news_data_pipeline/.venv/lib/python3.11/site-packages/airflow/example_dags/example_short_circuit_operator.py
[2024-04-12T19:47:18.605+0800] {logging_mixin.py:188} INFO - [2024-04-12T19:47:18.605+0800] {dag.py:3036} INFO - Sync 1 DAGs
[2024-04-12T19:47:18.614+0800] {logging_mixin.py:188} INFO - [2024-04-12T19:47:18.614+0800] {dag.py:3823} INFO - Setting next_dagrun for example_short_circuit_operator to 2024-04-11 00:00:00+00:00, run_after=2024-04-12 00:00:00+00:00
[2024-04-12T19:47:18.624+0800] {processor.py:183} INFO - Processing /Users/wanghaojin/Desktop/exchange@NUS/IS3107/HW/Project/news_data_pipeline/.venv/lib/python3.11/site-packages/airflow/example_dags/example_short_circuit_operator.py took 0.113 seconds
[2024-04-12T19:49:34.880+0800] {processor.py:161} INFO - Started process (PID=5953) to work on /Users/wanghaojin/Desktop/exchange@NUS/IS3107/HW/Project/news_data_pipeline/.venv/lib/python3.11/site-packages/airflow/example_dags/example_short_circuit_operator.py
[2024-04-12T19:49:34.881+0800] {processor.py:830} INFO - Processing file /Users/wanghaojin/Desktop/exchange@NUS/IS3107/HW/Project/news_data_pipeline/.venv/lib/python3.11/site-packages/airflow/example_dags/example_short_circuit_operator.py for tasks to queue
[2024-04-12T19:49:34.881+0800] {logging_mixin.py:188} INFO - [2024-04-12T19:49:34.881+0800] {dagbag.py:538} INFO - Filling up the DagBag from /Users/wanghaojin/Desktop/exchange@NUS/IS3107/HW/Project/news_data_pipeline/.venv/lib/python3.11/site-packages/airflow/example_dags/example_short_circuit_operator.py
[2024-04-12T19:49:34.895+0800] {processor.py:840} INFO - DAG(s) 'example_short_circuit_operator' retrieved from /Users/wanghaojin/Desktop/exchange@NUS/IS3107/HW/Project/news_data_pipeline/.venv/lib/python3.11/site-packages/airflow/example_dags/example_short_circuit_operator.py
[2024-04-12T19:49:34.974+0800] {logging_mixin.py:188} INFO - [2024-04-12T19:49:34.974+0800] {dag.py:3036} INFO - Sync 1 DAGs
[2024-04-12T19:49:34.984+0800] {logging_mixin.py:188} INFO - [2024-04-12T19:49:34.984+0800] {dag.py:3823} INFO - Setting next_dagrun for example_short_circuit_operator to 2024-04-11 00:00:00+00:00, run_after=2024-04-12 00:00:00+00:00
[2024-04-12T19:49:34.994+0800] {processor.py:183} INFO - Processing /Users/wanghaojin/Desktop/exchange@NUS/IS3107/HW/Project/news_data_pipeline/.venv/lib/python3.11/site-packages/airflow/example_dags/example_short_circuit_operator.py took 0.115 seconds
[2024-04-12T19:51:50.563+0800] {processor.py:161} INFO - Started process (PID=6149) to work on /Users/wanghaojin/Desktop/exchange@NUS/IS3107/HW/Project/news_data_pipeline/.venv/lib/python3.11/site-packages/airflow/example_dags/example_short_circuit_operator.py
[2024-04-12T19:51:50.564+0800] {processor.py:830} INFO - Processing file /Users/wanghaojin/Desktop/exchange@NUS/IS3107/HW/Project/news_data_pipeline/.venv/lib/python3.11/site-packages/airflow/example_dags/example_short_circuit_operator.py for tasks to queue
[2024-04-12T19:51:50.564+0800] {logging_mixin.py:188} INFO - [2024-04-12T19:51:50.564+0800] {dagbag.py:538} INFO - Filling up the DagBag from /Users/wanghaojin/Desktop/exchange@NUS/IS3107/HW/Project/news_data_pipeline/.venv/lib/python3.11/site-packages/airflow/example_dags/example_short_circuit_operator.py
[2024-04-12T19:51:50.578+0800] {processor.py:840} INFO - DAG(s) 'example_short_circuit_operator' retrieved from /Users/wanghaojin/Desktop/exchange@NUS/IS3107/HW/Project/news_data_pipeline/.venv/lib/python3.11/site-packages/airflow/example_dags/example_short_circuit_operator.py
[2024-04-12T19:51:50.656+0800] {logging_mixin.py:188} INFO - [2024-04-12T19:51:50.656+0800] {dag.py:3036} INFO - Sync 1 DAGs
[2024-04-12T19:51:50.665+0800] {logging_mixin.py:188} INFO - [2024-04-12T19:51:50.665+0800] {dag.py:3823} INFO - Setting next_dagrun for example_short_circuit_operator to 2024-04-11 00:00:00+00:00, run_after=2024-04-12 00:00:00+00:00
[2024-04-12T19:51:50.676+0800] {processor.py:183} INFO - Processing /Users/wanghaojin/Desktop/exchange@NUS/IS3107/HW/Project/news_data_pipeline/.venv/lib/python3.11/site-packages/airflow/example_dags/example_short_circuit_operator.py took 0.113 seconds
[2024-04-12T19:54:04.535+0800] {processor.py:161} INFO - Started process (PID=6287) to work on /Users/wanghaojin/Desktop/exchange@NUS/IS3107/HW/Project/news_data_pipeline/.venv/lib/python3.11/site-packages/airflow/example_dags/example_short_circuit_operator.py
[2024-04-12T19:54:04.535+0800] {processor.py:830} INFO - Processing file /Users/wanghaojin/Desktop/exchange@NUS/IS3107/HW/Project/news_data_pipeline/.venv/lib/python3.11/site-packages/airflow/example_dags/example_short_circuit_operator.py for tasks to queue
[2024-04-12T19:54:04.536+0800] {logging_mixin.py:188} INFO - [2024-04-12T19:54:04.535+0800] {dagbag.py:538} INFO - Filling up the DagBag from /Users/wanghaojin/Desktop/exchange@NUS/IS3107/HW/Project/news_data_pipeline/.venv/lib/python3.11/site-packages/airflow/example_dags/example_short_circuit_operator.py
[2024-04-12T19:54:04.549+0800] {processor.py:840} INFO - DAG(s) 'example_short_circuit_operator' retrieved from /Users/wanghaojin/Desktop/exchange@NUS/IS3107/HW/Project/news_data_pipeline/.venv/lib/python3.11/site-packages/airflow/example_dags/example_short_circuit_operator.py
[2024-04-12T19:54:04.628+0800] {logging_mixin.py:188} INFO - [2024-04-12T19:54:04.628+0800] {dag.py:3036} INFO - Sync 1 DAGs
[2024-04-12T19:54:04.637+0800] {logging_mixin.py:188} INFO - [2024-04-12T19:54:04.637+0800] {dag.py:3823} INFO - Setting next_dagrun for example_short_circuit_operator to 2024-04-11 00:00:00+00:00, run_after=2024-04-12 00:00:00+00:00
[2024-04-12T19:54:04.647+0800] {processor.py:183} INFO - Processing /Users/wanghaojin/Desktop/exchange@NUS/IS3107/HW/Project/news_data_pipeline/.venv/lib/python3.11/site-packages/airflow/example_dags/example_short_circuit_operator.py took 0.113 seconds
[2024-04-12T19:56:22.129+0800] {processor.py:161} INFO - Started process (PID=6461) to work on /Users/wanghaojin/Desktop/exchange@NUS/IS3107/HW/Project/news_data_pipeline/.venv/lib/python3.11/site-packages/airflow/example_dags/example_short_circuit_operator.py
[2024-04-12T19:56:22.130+0800] {processor.py:830} INFO - Processing file /Users/wanghaojin/Desktop/exchange@NUS/IS3107/HW/Project/news_data_pipeline/.venv/lib/python3.11/site-packages/airflow/example_dags/example_short_circuit_operator.py for tasks to queue
[2024-04-12T19:56:22.131+0800] {logging_mixin.py:188} INFO - [2024-04-12T19:56:22.130+0800] {dagbag.py:538} INFO - Filling up the DagBag from /Users/wanghaojin/Desktop/exchange@NUS/IS3107/HW/Project/news_data_pipeline/.venv/lib/python3.11/site-packages/airflow/example_dags/example_short_circuit_operator.py
[2024-04-12T19:56:22.145+0800] {processor.py:840} INFO - DAG(s) 'example_short_circuit_operator' retrieved from /Users/wanghaojin/Desktop/exchange@NUS/IS3107/HW/Project/news_data_pipeline/.venv/lib/python3.11/site-packages/airflow/example_dags/example_short_circuit_operator.py
[2024-04-12T19:56:22.222+0800] {logging_mixin.py:188} INFO - [2024-04-12T19:56:22.222+0800] {dag.py:3036} INFO - Sync 1 DAGs
[2024-04-12T19:56:22.232+0800] {logging_mixin.py:188} INFO - [2024-04-12T19:56:22.232+0800] {dag.py:3823} INFO - Setting next_dagrun for example_short_circuit_operator to 2024-04-11 00:00:00+00:00, run_after=2024-04-12 00:00:00+00:00
[2024-04-12T19:56:22.242+0800] {processor.py:183} INFO - Processing /Users/wanghaojin/Desktop/exchange@NUS/IS3107/HW/Project/news_data_pipeline/.venv/lib/python3.11/site-packages/airflow/example_dags/example_short_circuit_operator.py took 0.114 seconds
[2024-04-12T19:58:32.131+0800] {processor.py:161} INFO - Started process (PID=6589) to work on /Users/wanghaojin/Desktop/exchange@NUS/IS3107/HW/Project/news_data_pipeline/.venv/lib/python3.11/site-packages/airflow/example_dags/example_short_circuit_operator.py
[2024-04-12T19:58:32.132+0800] {processor.py:830} INFO - Processing file /Users/wanghaojin/Desktop/exchange@NUS/IS3107/HW/Project/news_data_pipeline/.venv/lib/python3.11/site-packages/airflow/example_dags/example_short_circuit_operator.py for tasks to queue
[2024-04-12T19:58:32.132+0800] {logging_mixin.py:188} INFO - [2024-04-12T19:58:32.132+0800] {dagbag.py:538} INFO - Filling up the DagBag from /Users/wanghaojin/Desktop/exchange@NUS/IS3107/HW/Project/news_data_pipeline/.venv/lib/python3.11/site-packages/airflow/example_dags/example_short_circuit_operator.py
[2024-04-12T19:58:32.147+0800] {processor.py:840} INFO - DAG(s) 'example_short_circuit_operator' retrieved from /Users/wanghaojin/Desktop/exchange@NUS/IS3107/HW/Project/news_data_pipeline/.venv/lib/python3.11/site-packages/airflow/example_dags/example_short_circuit_operator.py
[2024-04-12T19:58:32.225+0800] {logging_mixin.py:188} INFO - [2024-04-12T19:58:32.224+0800] {dag.py:3036} INFO - Sync 1 DAGs
[2024-04-12T19:58:32.234+0800] {logging_mixin.py:188} INFO - [2024-04-12T19:58:32.234+0800] {dag.py:3823} INFO - Setting next_dagrun for example_short_circuit_operator to 2024-04-11 00:00:00+00:00, run_after=2024-04-12 00:00:00+00:00
[2024-04-12T19:58:32.244+0800] {processor.py:183} INFO - Processing /Users/wanghaojin/Desktop/exchange@NUS/IS3107/HW/Project/news_data_pipeline/.venv/lib/python3.11/site-packages/airflow/example_dags/example_short_circuit_operator.py took 0.114 seconds
[2024-04-12T20:00:48.574+0800] {processor.py:161} INFO - Started process (PID=6755) to work on /Users/wanghaojin/Desktop/exchange@NUS/IS3107/HW/Project/news_data_pipeline/.venv/lib/python3.11/site-packages/airflow/example_dags/example_short_circuit_operator.py
[2024-04-12T20:00:48.574+0800] {processor.py:830} INFO - Processing file /Users/wanghaojin/Desktop/exchange@NUS/IS3107/HW/Project/news_data_pipeline/.venv/lib/python3.11/site-packages/airflow/example_dags/example_short_circuit_operator.py for tasks to queue
[2024-04-12T20:00:48.574+0800] {logging_mixin.py:188} INFO - [2024-04-12T20:00:48.574+0800] {dagbag.py:538} INFO - Filling up the DagBag from /Users/wanghaojin/Desktop/exchange@NUS/IS3107/HW/Project/news_data_pipeline/.venv/lib/python3.11/site-packages/airflow/example_dags/example_short_circuit_operator.py
[2024-04-12T20:00:48.589+0800] {processor.py:840} INFO - DAG(s) 'example_short_circuit_operator' retrieved from /Users/wanghaojin/Desktop/exchange@NUS/IS3107/HW/Project/news_data_pipeline/.venv/lib/python3.11/site-packages/airflow/example_dags/example_short_circuit_operator.py
[2024-04-12T20:00:48.667+0800] {logging_mixin.py:188} INFO - [2024-04-12T20:00:48.667+0800] {dag.py:3036} INFO - Sync 1 DAGs
[2024-04-12T20:00:48.677+0800] {logging_mixin.py:188} INFO - [2024-04-12T20:00:48.676+0800] {dag.py:3823} INFO - Setting next_dagrun for example_short_circuit_operator to 2024-04-11 00:00:00+00:00, run_after=2024-04-12 00:00:00+00:00
[2024-04-12T20:00:48.686+0800] {processor.py:183} INFO - Processing /Users/wanghaojin/Desktop/exchange@NUS/IS3107/HW/Project/news_data_pipeline/.venv/lib/python3.11/site-packages/airflow/example_dags/example_short_circuit_operator.py took 0.114 seconds
[2024-04-12T20:03:09.578+0800] {processor.py:161} INFO - Started process (PID=7059) to work on /Users/wanghaojin/Desktop/exchange@NUS/IS3107/HW/Project/news_data_pipeline/.venv/lib/python3.11/site-packages/airflow/example_dags/example_short_circuit_operator.py
[2024-04-12T20:03:09.579+0800] {processor.py:830} INFO - Processing file /Users/wanghaojin/Desktop/exchange@NUS/IS3107/HW/Project/news_data_pipeline/.venv/lib/python3.11/site-packages/airflow/example_dags/example_short_circuit_operator.py for tasks to queue
[2024-04-12T20:03:09.580+0800] {logging_mixin.py:188} INFO - [2024-04-12T20:03:09.580+0800] {dagbag.py:538} INFO - Filling up the DagBag from /Users/wanghaojin/Desktop/exchange@NUS/IS3107/HW/Project/news_data_pipeline/.venv/lib/python3.11/site-packages/airflow/example_dags/example_short_circuit_operator.py
[2024-04-12T20:03:09.594+0800] {processor.py:840} INFO - DAG(s) 'example_short_circuit_operator' retrieved from /Users/wanghaojin/Desktop/exchange@NUS/IS3107/HW/Project/news_data_pipeline/.venv/lib/python3.11/site-packages/airflow/example_dags/example_short_circuit_operator.py
[2024-04-12T20:03:09.675+0800] {logging_mixin.py:188} INFO - [2024-04-12T20:03:09.675+0800] {dag.py:3036} INFO - Sync 1 DAGs
[2024-04-12T20:03:09.685+0800] {logging_mixin.py:188} INFO - [2024-04-12T20:03:09.684+0800] {dag.py:3823} INFO - Setting next_dagrun for example_short_circuit_operator to 2024-04-11 00:00:00+00:00, run_after=2024-04-12 00:00:00+00:00
[2024-04-12T20:03:09.695+0800] {processor.py:183} INFO - Processing /Users/wanghaojin/Desktop/exchange@NUS/IS3107/HW/Project/news_data_pipeline/.venv/lib/python3.11/site-packages/airflow/example_dags/example_short_circuit_operator.py took 0.117 seconds
[2024-04-12T20:05:26.087+0800] {processor.py:161} INFO - Started process (PID=7257) to work on /Users/wanghaojin/Desktop/exchange@NUS/IS3107/HW/Project/news_data_pipeline/.venv/lib/python3.11/site-packages/airflow/example_dags/example_short_circuit_operator.py
[2024-04-12T20:05:26.088+0800] {processor.py:830} INFO - Processing file /Users/wanghaojin/Desktop/exchange@NUS/IS3107/HW/Project/news_data_pipeline/.venv/lib/python3.11/site-packages/airflow/example_dags/example_short_circuit_operator.py for tasks to queue
[2024-04-12T20:05:26.088+0800] {logging_mixin.py:188} INFO - [2024-04-12T20:05:26.088+0800] {dagbag.py:538} INFO - Filling up the DagBag from /Users/wanghaojin/Desktop/exchange@NUS/IS3107/HW/Project/news_data_pipeline/.venv/lib/python3.11/site-packages/airflow/example_dags/example_short_circuit_operator.py
[2024-04-12T20:05:26.102+0800] {processor.py:840} INFO - DAG(s) 'example_short_circuit_operator' retrieved from /Users/wanghaojin/Desktop/exchange@NUS/IS3107/HW/Project/news_data_pipeline/.venv/lib/python3.11/site-packages/airflow/example_dags/example_short_circuit_operator.py
[2024-04-12T20:05:26.180+0800] {logging_mixin.py:188} INFO - [2024-04-12T20:05:26.180+0800] {dag.py:3036} INFO - Sync 1 DAGs
[2024-04-12T20:05:26.190+0800] {logging_mixin.py:188} INFO - [2024-04-12T20:05:26.190+0800] {dag.py:3823} INFO - Setting next_dagrun for example_short_circuit_operator to 2024-04-11 00:00:00+00:00, run_after=2024-04-12 00:00:00+00:00
[2024-04-12T20:05:26.200+0800] {processor.py:183} INFO - Processing /Users/wanghaojin/Desktop/exchange@NUS/IS3107/HW/Project/news_data_pipeline/.venv/lib/python3.11/site-packages/airflow/example_dags/example_short_circuit_operator.py took 0.113 seconds
[2024-04-12T20:07:43.390+0800] {processor.py:161} INFO - Started process (PID=7476) to work on /Users/wanghaojin/Desktop/exchange@NUS/IS3107/HW/Project/news_data_pipeline/.venv/lib/python3.11/site-packages/airflow/example_dags/example_short_circuit_operator.py
[2024-04-12T20:07:43.391+0800] {processor.py:830} INFO - Processing file /Users/wanghaojin/Desktop/exchange@NUS/IS3107/HW/Project/news_data_pipeline/.venv/lib/python3.11/site-packages/airflow/example_dags/example_short_circuit_operator.py for tasks to queue
[2024-04-12T20:07:43.391+0800] {logging_mixin.py:188} INFO - [2024-04-12T20:07:43.391+0800] {dagbag.py:538} INFO - Filling up the DagBag from /Users/wanghaojin/Desktop/exchange@NUS/IS3107/HW/Project/news_data_pipeline/.venv/lib/python3.11/site-packages/airflow/example_dags/example_short_circuit_operator.py
[2024-04-12T20:07:43.405+0800] {processor.py:840} INFO - DAG(s) 'example_short_circuit_operator' retrieved from /Users/wanghaojin/Desktop/exchange@NUS/IS3107/HW/Project/news_data_pipeline/.venv/lib/python3.11/site-packages/airflow/example_dags/example_short_circuit_operator.py
[2024-04-12T20:07:43.483+0800] {logging_mixin.py:188} INFO - [2024-04-12T20:07:43.483+0800] {dag.py:3036} INFO - Sync 1 DAGs
[2024-04-12T20:07:43.493+0800] {logging_mixin.py:188} INFO - [2024-04-12T20:07:43.492+0800] {dag.py:3823} INFO - Setting next_dagrun for example_short_circuit_operator to 2024-04-11 00:00:00+00:00, run_after=2024-04-12 00:00:00+00:00
[2024-04-12T20:07:43.503+0800] {processor.py:183} INFO - Processing /Users/wanghaojin/Desktop/exchange@NUS/IS3107/HW/Project/news_data_pipeline/.venv/lib/python3.11/site-packages/airflow/example_dags/example_short_circuit_operator.py took 0.113 seconds
[2024-04-12T20:10:00.299+0800] {processor.py:161} INFO - Started process (PID=7648) to work on /Users/wanghaojin/Desktop/exchange@NUS/IS3107/HW/Project/news_data_pipeline/.venv/lib/python3.11/site-packages/airflow/example_dags/example_short_circuit_operator.py
[2024-04-12T20:10:00.299+0800] {processor.py:830} INFO - Processing file /Users/wanghaojin/Desktop/exchange@NUS/IS3107/HW/Project/news_data_pipeline/.venv/lib/python3.11/site-packages/airflow/example_dags/example_short_circuit_operator.py for tasks to queue
[2024-04-12T20:10:00.300+0800] {logging_mixin.py:188} INFO - [2024-04-12T20:10:00.300+0800] {dagbag.py:538} INFO - Filling up the DagBag from /Users/wanghaojin/Desktop/exchange@NUS/IS3107/HW/Project/news_data_pipeline/.venv/lib/python3.11/site-packages/airflow/example_dags/example_short_circuit_operator.py
[2024-04-12T20:10:00.314+0800] {processor.py:840} INFO - DAG(s) 'example_short_circuit_operator' retrieved from /Users/wanghaojin/Desktop/exchange@NUS/IS3107/HW/Project/news_data_pipeline/.venv/lib/python3.11/site-packages/airflow/example_dags/example_short_circuit_operator.py
[2024-04-12T20:10:00.392+0800] {logging_mixin.py:188} INFO - [2024-04-12T20:10:00.392+0800] {dag.py:3036} INFO - Sync 1 DAGs
[2024-04-12T20:10:00.402+0800] {logging_mixin.py:188} INFO - [2024-04-12T20:10:00.401+0800] {dag.py:3823} INFO - Setting next_dagrun for example_short_circuit_operator to 2024-04-11 00:00:00+00:00, run_after=2024-04-12 00:00:00+00:00
[2024-04-12T20:10:00.412+0800] {processor.py:183} INFO - Processing /Users/wanghaojin/Desktop/exchange@NUS/IS3107/HW/Project/news_data_pipeline/.venv/lib/python3.11/site-packages/airflow/example_dags/example_short_circuit_operator.py took 0.114 seconds
[2024-04-12T20:12:18.344+0800] {processor.py:161} INFO - Started process (PID=7883) to work on /Users/wanghaojin/Desktop/exchange@NUS/IS3107/HW/Project/news_data_pipeline/.venv/lib/python3.11/site-packages/airflow/example_dags/example_short_circuit_operator.py
[2024-04-12T20:12:18.345+0800] {processor.py:830} INFO - Processing file /Users/wanghaojin/Desktop/exchange@NUS/IS3107/HW/Project/news_data_pipeline/.venv/lib/python3.11/site-packages/airflow/example_dags/example_short_circuit_operator.py for tasks to queue
[2024-04-12T20:12:18.346+0800] {logging_mixin.py:188} INFO - [2024-04-12T20:12:18.346+0800] {dagbag.py:538} INFO - Filling up the DagBag from /Users/wanghaojin/Desktop/exchange@NUS/IS3107/HW/Project/news_data_pipeline/.venv/lib/python3.11/site-packages/airflow/example_dags/example_short_circuit_operator.py
[2024-04-12T20:12:18.360+0800] {processor.py:840} INFO - DAG(s) 'example_short_circuit_operator' retrieved from /Users/wanghaojin/Desktop/exchange@NUS/IS3107/HW/Project/news_data_pipeline/.venv/lib/python3.11/site-packages/airflow/example_dags/example_short_circuit_operator.py
[2024-04-12T20:12:18.444+0800] {logging_mixin.py:188} INFO - [2024-04-12T20:12:18.444+0800] {dag.py:3036} INFO - Sync 1 DAGs
[2024-04-12T20:12:18.455+0800] {logging_mixin.py:188} INFO - [2024-04-12T20:12:18.455+0800] {dag.py:3823} INFO - Setting next_dagrun for example_short_circuit_operator to 2024-04-11 00:00:00+00:00, run_after=2024-04-12 00:00:00+00:00
[2024-04-12T20:12:18.465+0800] {processor.py:183} INFO - Processing /Users/wanghaojin/Desktop/exchange@NUS/IS3107/HW/Project/news_data_pipeline/.venv/lib/python3.11/site-packages/airflow/example_dags/example_short_circuit_operator.py took 0.121 seconds
[2024-04-12T20:14:35.279+0800] {processor.py:161} INFO - Started process (PID=8119) to work on /Users/wanghaojin/Desktop/exchange@NUS/IS3107/HW/Project/news_data_pipeline/.venv/lib/python3.11/site-packages/airflow/example_dags/example_short_circuit_operator.py
[2024-04-12T20:14:35.280+0800] {processor.py:830} INFO - Processing file /Users/wanghaojin/Desktop/exchange@NUS/IS3107/HW/Project/news_data_pipeline/.venv/lib/python3.11/site-packages/airflow/example_dags/example_short_circuit_operator.py for tasks to queue
[2024-04-12T20:14:35.281+0800] {logging_mixin.py:188} INFO - [2024-04-12T20:14:35.281+0800] {dagbag.py:538} INFO - Filling up the DagBag from /Users/wanghaojin/Desktop/exchange@NUS/IS3107/HW/Project/news_data_pipeline/.venv/lib/python3.11/site-packages/airflow/example_dags/example_short_circuit_operator.py
[2024-04-12T20:14:35.295+0800] {processor.py:840} INFO - DAG(s) 'example_short_circuit_operator' retrieved from /Users/wanghaojin/Desktop/exchange@NUS/IS3107/HW/Project/news_data_pipeline/.venv/lib/python3.11/site-packages/airflow/example_dags/example_short_circuit_operator.py
[2024-04-12T20:14:35.376+0800] {logging_mixin.py:188} INFO - [2024-04-12T20:14:35.376+0800] {dag.py:3036} INFO - Sync 1 DAGs
[2024-04-12T20:14:35.385+0800] {logging_mixin.py:188} INFO - [2024-04-12T20:14:35.385+0800] {dag.py:3823} INFO - Setting next_dagrun for example_short_circuit_operator to 2024-04-11 00:00:00+00:00, run_after=2024-04-12 00:00:00+00:00
[2024-04-12T20:14:35.395+0800] {processor.py:183} INFO - Processing /Users/wanghaojin/Desktop/exchange@NUS/IS3107/HW/Project/news_data_pipeline/.venv/lib/python3.11/site-packages/airflow/example_dags/example_short_circuit_operator.py took 0.117 seconds
[2024-04-12T20:16:53.602+0800] {processor.py:161} INFO - Started process (PID=8408) to work on /Users/wanghaojin/Desktop/exchange@NUS/IS3107/HW/Project/news_data_pipeline/.venv/lib/python3.11/site-packages/airflow/example_dags/example_short_circuit_operator.py
[2024-04-12T20:16:53.604+0800] {processor.py:830} INFO - Processing file /Users/wanghaojin/Desktop/exchange@NUS/IS3107/HW/Project/news_data_pipeline/.venv/lib/python3.11/site-packages/airflow/example_dags/example_short_circuit_operator.py for tasks to queue
[2024-04-12T20:16:53.604+0800] {logging_mixin.py:188} INFO - [2024-04-12T20:16:53.604+0800] {dagbag.py:538} INFO - Filling up the DagBag from /Users/wanghaojin/Desktop/exchange@NUS/IS3107/HW/Project/news_data_pipeline/.venv/lib/python3.11/site-packages/airflow/example_dags/example_short_circuit_operator.py
[2024-04-12T20:16:53.618+0800] {processor.py:840} INFO - DAG(s) 'example_short_circuit_operator' retrieved from /Users/wanghaojin/Desktop/exchange@NUS/IS3107/HW/Project/news_data_pipeline/.venv/lib/python3.11/site-packages/airflow/example_dags/example_short_circuit_operator.py
[2024-04-12T20:16:53.703+0800] {logging_mixin.py:188} INFO - [2024-04-12T20:16:53.703+0800] {dag.py:3036} INFO - Sync 1 DAGs
[2024-04-12T20:16:53.713+0800] {logging_mixin.py:188} INFO - [2024-04-12T20:16:53.713+0800] {dag.py:3823} INFO - Setting next_dagrun for example_short_circuit_operator to 2024-04-11 00:00:00+00:00, run_after=2024-04-12 00:00:00+00:00
[2024-04-12T20:16:53.723+0800] {processor.py:183} INFO - Processing /Users/wanghaojin/Desktop/exchange@NUS/IS3107/HW/Project/news_data_pipeline/.venv/lib/python3.11/site-packages/airflow/example_dags/example_short_circuit_operator.py took 0.121 seconds
[2024-04-12T20:18:54.205+0800] {processor.py:161} INFO - Started process (PID=8717) to work on /Users/wanghaojin/Desktop/exchange@NUS/IS3107/HW/Project/news_data_pipeline/.venv/lib/python3.11/site-packages/airflow/example_dags/example_short_circuit_operator.py
[2024-04-12T20:18:54.206+0800] {processor.py:830} INFO - Processing file /Users/wanghaojin/Desktop/exchange@NUS/IS3107/HW/Project/news_data_pipeline/.venv/lib/python3.11/site-packages/airflow/example_dags/example_short_circuit_operator.py for tasks to queue
[2024-04-12T20:18:54.206+0800] {logging_mixin.py:188} INFO - [2024-04-12T20:18:54.206+0800] {dagbag.py:538} INFO - Filling up the DagBag from /Users/wanghaojin/Desktop/exchange@NUS/IS3107/HW/Project/news_data_pipeline/.venv/lib/python3.11/site-packages/airflow/example_dags/example_short_circuit_operator.py
[2024-04-12T20:18:54.220+0800] {processor.py:840} INFO - DAG(s) 'example_short_circuit_operator' retrieved from /Users/wanghaojin/Desktop/exchange@NUS/IS3107/HW/Project/news_data_pipeline/.venv/lib/python3.11/site-packages/airflow/example_dags/example_short_circuit_operator.py
[2024-04-12T20:18:54.341+0800] {logging_mixin.py:188} INFO - [2024-04-12T20:18:54.341+0800] {dag.py:3036} INFO - Sync 1 DAGs
[2024-04-12T20:18:54.349+0800] {logging_mixin.py:188} INFO - [2024-04-12T20:18:54.349+0800] {dag.py:3823} INFO - Setting next_dagrun for example_short_circuit_operator to 2024-04-11 00:00:00+00:00, run_after=2024-04-12 00:00:00+00:00
[2024-04-12T20:18:54.360+0800] {processor.py:183} INFO - Processing /Users/wanghaojin/Desktop/exchange@NUS/IS3107/HW/Project/news_data_pipeline/.venv/lib/python3.11/site-packages/airflow/example_dags/example_short_circuit_operator.py took 0.156 seconds
[2024-04-12T20:21:13.647+0800] {processor.py:161} INFO - Started process (PID=8917) to work on /Users/wanghaojin/Desktop/exchange@NUS/IS3107/HW/Project/news_data_pipeline/.venv/lib/python3.11/site-packages/airflow/example_dags/example_short_circuit_operator.py
[2024-04-12T20:21:13.648+0800] {processor.py:830} INFO - Processing file /Users/wanghaojin/Desktop/exchange@NUS/IS3107/HW/Project/news_data_pipeline/.venv/lib/python3.11/site-packages/airflow/example_dags/example_short_circuit_operator.py for tasks to queue
[2024-04-12T20:21:13.649+0800] {logging_mixin.py:188} INFO - [2024-04-12T20:21:13.649+0800] {dagbag.py:538} INFO - Filling up the DagBag from /Users/wanghaojin/Desktop/exchange@NUS/IS3107/HW/Project/news_data_pipeline/.venv/lib/python3.11/site-packages/airflow/example_dags/example_short_circuit_operator.py
[2024-04-12T20:21:13.663+0800] {processor.py:840} INFO - DAG(s) 'example_short_circuit_operator' retrieved from /Users/wanghaojin/Desktop/exchange@NUS/IS3107/HW/Project/news_data_pipeline/.venv/lib/python3.11/site-packages/airflow/example_dags/example_short_circuit_operator.py
[2024-04-12T20:21:13.783+0800] {logging_mixin.py:188} INFO - [2024-04-12T20:21:13.783+0800] {dag.py:3036} INFO - Sync 1 DAGs
[2024-04-12T20:21:13.791+0800] {logging_mixin.py:188} INFO - [2024-04-12T20:21:13.791+0800] {dag.py:3823} INFO - Setting next_dagrun for example_short_circuit_operator to 2024-04-11 00:00:00+00:00, run_after=2024-04-12 00:00:00+00:00
[2024-04-12T20:21:13.802+0800] {processor.py:183} INFO - Processing /Users/wanghaojin/Desktop/exchange@NUS/IS3107/HW/Project/news_data_pipeline/.venv/lib/python3.11/site-packages/airflow/example_dags/example_short_circuit_operator.py took 0.155 seconds
[2024-04-12T20:22:53.041+0800] {processor.py:161} INFO - Started process (PID=9013) to work on /Users/wanghaojin/Desktop/exchange@NUS/IS3107/HW/Project/news_data_pipeline/.venv/lib/python3.11/site-packages/airflow/example_dags/example_short_circuit_operator.py
[2024-04-12T20:22:53.042+0800] {processor.py:830} INFO - Processing file /Users/wanghaojin/Desktop/exchange@NUS/IS3107/HW/Project/news_data_pipeline/.venv/lib/python3.11/site-packages/airflow/example_dags/example_short_circuit_operator.py for tasks to queue
[2024-04-12T20:22:53.042+0800] {logging_mixin.py:188} INFO - [2024-04-12T20:22:53.042+0800] {dagbag.py:538} INFO - Filling up the DagBag from /Users/wanghaojin/Desktop/exchange@NUS/IS3107/HW/Project/news_data_pipeline/.venv/lib/python3.11/site-packages/airflow/example_dags/example_short_circuit_operator.py
[2024-04-12T20:22:53.056+0800] {processor.py:840} INFO - DAG(s) 'example_short_circuit_operator' retrieved from /Users/wanghaojin/Desktop/exchange@NUS/IS3107/HW/Project/news_data_pipeline/.venv/lib/python3.11/site-packages/airflow/example_dags/example_short_circuit_operator.py
[2024-04-12T20:22:53.133+0800] {logging_mixin.py:188} INFO - [2024-04-12T20:22:53.133+0800] {dag.py:3036} INFO - Sync 1 DAGs
[2024-04-12T20:22:53.143+0800] {logging_mixin.py:188} INFO - [2024-04-12T20:22:53.142+0800] {dag.py:3823} INFO - Setting next_dagrun for example_short_circuit_operator to 2024-04-11 00:00:00+00:00, run_after=2024-04-12 00:00:00+00:00
[2024-04-12T20:22:53.153+0800] {processor.py:183} INFO - Processing /Users/wanghaojin/Desktop/exchange@NUS/IS3107/HW/Project/news_data_pipeline/.venv/lib/python3.11/site-packages/airflow/example_dags/example_short_circuit_operator.py took 0.112 seconds
[2024-04-12T20:25:25.771+0800] {processor.py:161} INFO - Started process (PID=9252) to work on /Users/wanghaojin/Desktop/exchange@NUS/IS3107/HW/Project/news_data_pipeline/.venv/lib/python3.11/site-packages/airflow/example_dags/example_short_circuit_operator.py
[2024-04-12T20:25:25.773+0800] {processor.py:830} INFO - Processing file /Users/wanghaojin/Desktop/exchange@NUS/IS3107/HW/Project/news_data_pipeline/.venv/lib/python3.11/site-packages/airflow/example_dags/example_short_circuit_operator.py for tasks to queue
[2024-04-12T20:25:25.773+0800] {logging_mixin.py:188} INFO - [2024-04-12T20:25:25.773+0800] {dagbag.py:538} INFO - Filling up the DagBag from /Users/wanghaojin/Desktop/exchange@NUS/IS3107/HW/Project/news_data_pipeline/.venv/lib/python3.11/site-packages/airflow/example_dags/example_short_circuit_operator.py
[2024-04-12T20:25:25.787+0800] {processor.py:840} INFO - DAG(s) 'example_short_circuit_operator' retrieved from /Users/wanghaojin/Desktop/exchange@NUS/IS3107/HW/Project/news_data_pipeline/.venv/lib/python3.11/site-packages/airflow/example_dags/example_short_circuit_operator.py
[2024-04-12T20:25:25.864+0800] {logging_mixin.py:188} INFO - [2024-04-12T20:25:25.864+0800] {dag.py:3036} INFO - Sync 1 DAGs
[2024-04-12T20:25:25.874+0800] {logging_mixin.py:188} INFO - [2024-04-12T20:25:25.873+0800] {dag.py:3823} INFO - Setting next_dagrun for example_short_circuit_operator to 2024-04-11 00:00:00+00:00, run_after=2024-04-12 00:00:00+00:00
[2024-04-12T20:25:25.883+0800] {processor.py:183} INFO - Processing /Users/wanghaojin/Desktop/exchange@NUS/IS3107/HW/Project/news_data_pipeline/.venv/lib/python3.11/site-packages/airflow/example_dags/example_short_circuit_operator.py took 0.113 seconds
[2024-04-12T20:27:44.912+0800] {processor.py:161} INFO - Started process (PID=9500) to work on /Users/wanghaojin/Desktop/exchange@NUS/IS3107/HW/Project/news_data_pipeline/.venv/lib/python3.11/site-packages/airflow/example_dags/example_short_circuit_operator.py
[2024-04-12T20:27:44.913+0800] {processor.py:830} INFO - Processing file /Users/wanghaojin/Desktop/exchange@NUS/IS3107/HW/Project/news_data_pipeline/.venv/lib/python3.11/site-packages/airflow/example_dags/example_short_circuit_operator.py for tasks to queue
[2024-04-12T20:27:44.913+0800] {logging_mixin.py:188} INFO - [2024-04-12T20:27:44.913+0800] {dagbag.py:538} INFO - Filling up the DagBag from /Users/wanghaojin/Desktop/exchange@NUS/IS3107/HW/Project/news_data_pipeline/.venv/lib/python3.11/site-packages/airflow/example_dags/example_short_circuit_operator.py
[2024-04-12T20:27:44.927+0800] {processor.py:840} INFO - DAG(s) 'example_short_circuit_operator' retrieved from /Users/wanghaojin/Desktop/exchange@NUS/IS3107/HW/Project/news_data_pipeline/.venv/lib/python3.11/site-packages/airflow/example_dags/example_short_circuit_operator.py
[2024-04-12T20:27:45.004+0800] {logging_mixin.py:188} INFO - [2024-04-12T20:27:45.004+0800] {dag.py:3036} INFO - Sync 1 DAGs
[2024-04-12T20:27:45.014+0800] {logging_mixin.py:188} INFO - [2024-04-12T20:27:45.014+0800] {dag.py:3823} INFO - Setting next_dagrun for example_short_circuit_operator to 2024-04-11 00:00:00+00:00, run_after=2024-04-12 00:00:00+00:00
[2024-04-12T20:27:45.023+0800] {processor.py:183} INFO - Processing /Users/wanghaojin/Desktop/exchange@NUS/IS3107/HW/Project/news_data_pipeline/.venv/lib/python3.11/site-packages/airflow/example_dags/example_short_circuit_operator.py took 0.112 seconds
[2024-04-12T20:29:58.553+0800] {processor.py:161} INFO - Started process (PID=9792) to work on /Users/wanghaojin/Desktop/exchange@NUS/IS3107/HW/Project/news_data_pipeline/.venv/lib/python3.11/site-packages/airflow/example_dags/example_short_circuit_operator.py
[2024-04-12T20:29:58.555+0800] {processor.py:830} INFO - Processing file /Users/wanghaojin/Desktop/exchange@NUS/IS3107/HW/Project/news_data_pipeline/.venv/lib/python3.11/site-packages/airflow/example_dags/example_short_circuit_operator.py for tasks to queue
[2024-04-12T20:29:58.555+0800] {logging_mixin.py:188} INFO - [2024-04-12T20:29:58.555+0800] {dagbag.py:538} INFO - Filling up the DagBag from /Users/wanghaojin/Desktop/exchange@NUS/IS3107/HW/Project/news_data_pipeline/.venv/lib/python3.11/site-packages/airflow/example_dags/example_short_circuit_operator.py
[2024-04-12T20:29:58.569+0800] {processor.py:840} INFO - DAG(s) 'example_short_circuit_operator' retrieved from /Users/wanghaojin/Desktop/exchange@NUS/IS3107/HW/Project/news_data_pipeline/.venv/lib/python3.11/site-packages/airflow/example_dags/example_short_circuit_operator.py
[2024-04-12T20:29:58.693+0800] {logging_mixin.py:188} INFO - [2024-04-12T20:29:58.692+0800] {dag.py:3036} INFO - Sync 1 DAGs
[2024-04-12T20:29:58.701+0800] {logging_mixin.py:188} INFO - [2024-04-12T20:29:58.701+0800] {dag.py:3823} INFO - Setting next_dagrun for example_short_circuit_operator to 2024-04-11 00:00:00+00:00, run_after=2024-04-12 00:00:00+00:00
[2024-04-12T20:29:58.712+0800] {processor.py:183} INFO - Processing /Users/wanghaojin/Desktop/exchange@NUS/IS3107/HW/Project/news_data_pipeline/.venv/lib/python3.11/site-packages/airflow/example_dags/example_short_circuit_operator.py took 0.159 seconds
[2024-04-12T20:31:37.801+0800] {processor.py:161} INFO - Started process (PID=9931) to work on /Users/wanghaojin/Desktop/exchange@NUS/IS3107/HW/Project/news_data_pipeline/.venv/lib/python3.11/site-packages/airflow/example_dags/example_short_circuit_operator.py
[2024-04-12T20:31:37.801+0800] {processor.py:830} INFO - Processing file /Users/wanghaojin/Desktop/exchange@NUS/IS3107/HW/Project/news_data_pipeline/.venv/lib/python3.11/site-packages/airflow/example_dags/example_short_circuit_operator.py for tasks to queue
[2024-04-12T20:31:37.802+0800] {logging_mixin.py:188} INFO - [2024-04-12T20:31:37.801+0800] {dagbag.py:538} INFO - Filling up the DagBag from /Users/wanghaojin/Desktop/exchange@NUS/IS3107/HW/Project/news_data_pipeline/.venv/lib/python3.11/site-packages/airflow/example_dags/example_short_circuit_operator.py
[2024-04-12T20:31:37.816+0800] {processor.py:840} INFO - DAG(s) 'example_short_circuit_operator' retrieved from /Users/wanghaojin/Desktop/exchange@NUS/IS3107/HW/Project/news_data_pipeline/.venv/lib/python3.11/site-packages/airflow/example_dags/example_short_circuit_operator.py
[2024-04-12T20:31:37.894+0800] {logging_mixin.py:188} INFO - [2024-04-12T20:31:37.894+0800] {dag.py:3036} INFO - Sync 1 DAGs
[2024-04-12T20:31:37.904+0800] {logging_mixin.py:188} INFO - [2024-04-12T20:31:37.904+0800] {dag.py:3823} INFO - Setting next_dagrun for example_short_circuit_operator to 2024-04-11 00:00:00+00:00, run_after=2024-04-12 00:00:00+00:00
[2024-04-12T20:31:37.914+0800] {processor.py:183} INFO - Processing /Users/wanghaojin/Desktop/exchange@NUS/IS3107/HW/Project/news_data_pipeline/.venv/lib/python3.11/site-packages/airflow/example_dags/example_short_circuit_operator.py took 0.114 seconds
[2024-04-12T20:34:17.543+0800] {processor.py:161} INFO - Started process (PID=10238) to work on /Users/wanghaojin/Desktop/exchange@NUS/IS3107/HW/Project/news_data_pipeline/.venv/lib/python3.11/site-packages/airflow/example_dags/example_short_circuit_operator.py
[2024-04-12T20:34:17.545+0800] {processor.py:830} INFO - Processing file /Users/wanghaojin/Desktop/exchange@NUS/IS3107/HW/Project/news_data_pipeline/.venv/lib/python3.11/site-packages/airflow/example_dags/example_short_circuit_operator.py for tasks to queue
[2024-04-12T20:34:17.545+0800] {logging_mixin.py:188} INFO - [2024-04-12T20:34:17.545+0800] {dagbag.py:538} INFO - Filling up the DagBag from /Users/wanghaojin/Desktop/exchange@NUS/IS3107/HW/Project/news_data_pipeline/.venv/lib/python3.11/site-packages/airflow/example_dags/example_short_circuit_operator.py
[2024-04-12T20:34:17.559+0800] {processor.py:840} INFO - DAG(s) 'example_short_circuit_operator' retrieved from /Users/wanghaojin/Desktop/exchange@NUS/IS3107/HW/Project/news_data_pipeline/.venv/lib/python3.11/site-packages/airflow/example_dags/example_short_circuit_operator.py
[2024-04-12T20:34:17.682+0800] {logging_mixin.py:188} INFO - [2024-04-12T20:34:17.682+0800] {dag.py:3036} INFO - Sync 1 DAGs
[2024-04-12T20:34:17.691+0800] {logging_mixin.py:188} INFO - [2024-04-12T20:34:17.691+0800] {dag.py:3823} INFO - Setting next_dagrun for example_short_circuit_operator to 2024-04-11 00:00:00+00:00, run_after=2024-04-12 00:00:00+00:00
[2024-04-12T20:34:17.701+0800] {processor.py:183} INFO - Processing /Users/wanghaojin/Desktop/exchange@NUS/IS3107/HW/Project/news_data_pipeline/.venv/lib/python3.11/site-packages/airflow/example_dags/example_short_circuit_operator.py took 0.159 seconds
[2024-04-12T20:35:24.274+0800] {processor.py:161} INFO - Started process (PID=10369) to work on /Users/wanghaojin/Desktop/exchange@NUS/IS3107/HW/Project/news_data_pipeline/.venv/lib/python3.11/site-packages/airflow/example_dags/example_short_circuit_operator.py
[2024-04-12T20:35:24.276+0800] {processor.py:830} INFO - Processing file /Users/wanghaojin/Desktop/exchange@NUS/IS3107/HW/Project/news_data_pipeline/.venv/lib/python3.11/site-packages/airflow/example_dags/example_short_circuit_operator.py for tasks to queue
[2024-04-12T20:35:24.276+0800] {logging_mixin.py:188} INFO - [2024-04-12T20:35:24.276+0800] {dagbag.py:538} INFO - Filling up the DagBag from /Users/wanghaojin/Desktop/exchange@NUS/IS3107/HW/Project/news_data_pipeline/.venv/lib/python3.11/site-packages/airflow/example_dags/example_short_circuit_operator.py
[2024-04-12T20:35:24.290+0800] {processor.py:840} INFO - DAG(s) 'example_short_circuit_operator' retrieved from /Users/wanghaojin/Desktop/exchange@NUS/IS3107/HW/Project/news_data_pipeline/.venv/lib/python3.11/site-packages/airflow/example_dags/example_short_circuit_operator.py
[2024-04-12T20:35:24.411+0800] {logging_mixin.py:188} INFO - [2024-04-12T20:35:24.411+0800] {dag.py:3036} INFO - Sync 1 DAGs
[2024-04-12T20:35:24.419+0800] {logging_mixin.py:188} INFO - [2024-04-12T20:35:24.419+0800] {dag.py:3823} INFO - Setting next_dagrun for example_short_circuit_operator to 2024-04-11 00:00:00+00:00, run_after=2024-04-12 00:00:00+00:00
[2024-04-12T20:35:24.430+0800] {processor.py:183} INFO - Processing /Users/wanghaojin/Desktop/exchange@NUS/IS3107/HW/Project/news_data_pipeline/.venv/lib/python3.11/site-packages/airflow/example_dags/example_short_circuit_operator.py took 0.156 seconds
[2024-04-12T20:36:45.051+0800] {processor.py:161} INFO - Started process (PID=10527) to work on /Users/wanghaojin/Desktop/exchange@NUS/IS3107/HW/Project/news_data_pipeline/.venv/lib/python3.11/site-packages/airflow/example_dags/example_short_circuit_operator.py
[2024-04-12T20:36:45.052+0800] {processor.py:830} INFO - Processing file /Users/wanghaojin/Desktop/exchange@NUS/IS3107/HW/Project/news_data_pipeline/.venv/lib/python3.11/site-packages/airflow/example_dags/example_short_circuit_operator.py for tasks to queue
[2024-04-12T20:36:45.052+0800] {logging_mixin.py:188} INFO - [2024-04-12T20:36:45.052+0800] {dagbag.py:538} INFO - Filling up the DagBag from /Users/wanghaojin/Desktop/exchange@NUS/IS3107/HW/Project/news_data_pipeline/.venv/lib/python3.11/site-packages/airflow/example_dags/example_short_circuit_operator.py
[2024-04-12T20:36:45.066+0800] {processor.py:840} INFO - DAG(s) 'example_short_circuit_operator' retrieved from /Users/wanghaojin/Desktop/exchange@NUS/IS3107/HW/Project/news_data_pipeline/.venv/lib/python3.11/site-packages/airflow/example_dags/example_short_circuit_operator.py
[2024-04-12T20:36:45.188+0800] {logging_mixin.py:188} INFO - [2024-04-12T20:36:45.188+0800] {dag.py:3036} INFO - Sync 1 DAGs
[2024-04-12T20:36:45.196+0800] {logging_mixin.py:188} INFO - [2024-04-12T20:36:45.196+0800] {dag.py:3823} INFO - Setting next_dagrun for example_short_circuit_operator to 2024-04-11 00:00:00+00:00, run_after=2024-04-12 00:00:00+00:00
[2024-04-12T20:36:45.206+0800] {processor.py:183} INFO - Processing /Users/wanghaojin/Desktop/exchange@NUS/IS3107/HW/Project/news_data_pipeline/.venv/lib/python3.11/site-packages/airflow/example_dags/example_short_circuit_operator.py took 0.155 seconds
[2024-04-12T20:38:24.800+0800] {processor.py:161} INFO - Started process (PID=10663) to work on /Users/wanghaojin/Desktop/exchange@NUS/IS3107/HW/Project/news_data_pipeline/.venv/lib/python3.11/site-packages/airflow/example_dags/example_short_circuit_operator.py
[2024-04-12T20:38:24.801+0800] {processor.py:830} INFO - Processing file /Users/wanghaojin/Desktop/exchange@NUS/IS3107/HW/Project/news_data_pipeline/.venv/lib/python3.11/site-packages/airflow/example_dags/example_short_circuit_operator.py for tasks to queue
[2024-04-12T20:38:24.801+0800] {logging_mixin.py:188} INFO - [2024-04-12T20:38:24.801+0800] {dagbag.py:538} INFO - Filling up the DagBag from /Users/wanghaojin/Desktop/exchange@NUS/IS3107/HW/Project/news_data_pipeline/.venv/lib/python3.11/site-packages/airflow/example_dags/example_short_circuit_operator.py
[2024-04-12T20:38:24.815+0800] {processor.py:840} INFO - DAG(s) 'example_short_circuit_operator' retrieved from /Users/wanghaojin/Desktop/exchange@NUS/IS3107/HW/Project/news_data_pipeline/.venv/lib/python3.11/site-packages/airflow/example_dags/example_short_circuit_operator.py
[2024-04-12T20:38:24.893+0800] {logging_mixin.py:188} INFO - [2024-04-12T20:38:24.893+0800] {dag.py:3036} INFO - Sync 1 DAGs
[2024-04-12T20:38:24.903+0800] {logging_mixin.py:188} INFO - [2024-04-12T20:38:24.903+0800] {dag.py:3823} INFO - Setting next_dagrun for example_short_circuit_operator to 2024-04-11 00:00:00+00:00, run_after=2024-04-12 00:00:00+00:00
[2024-04-12T20:38:24.913+0800] {processor.py:183} INFO - Processing /Users/wanghaojin/Desktop/exchange@NUS/IS3107/HW/Project/news_data_pipeline/.venv/lib/python3.11/site-packages/airflow/example_dags/example_short_circuit_operator.py took 0.113 seconds
[2024-04-12T20:40:40.914+0800] {processor.py:161} INFO - Started process (PID=10871) to work on /Users/wanghaojin/Desktop/exchange@NUS/IS3107/HW/Project/news_data_pipeline/.venv/lib/python3.11/site-packages/airflow/example_dags/example_short_circuit_operator.py
[2024-04-12T20:40:40.915+0800] {processor.py:830} INFO - Processing file /Users/wanghaojin/Desktop/exchange@NUS/IS3107/HW/Project/news_data_pipeline/.venv/lib/python3.11/site-packages/airflow/example_dags/example_short_circuit_operator.py for tasks to queue
[2024-04-12T20:40:40.915+0800] {logging_mixin.py:188} INFO - [2024-04-12T20:40:40.915+0800] {dagbag.py:538} INFO - Filling up the DagBag from /Users/wanghaojin/Desktop/exchange@NUS/IS3107/HW/Project/news_data_pipeline/.venv/lib/python3.11/site-packages/airflow/example_dags/example_short_circuit_operator.py
[2024-04-12T20:40:40.929+0800] {processor.py:840} INFO - DAG(s) 'example_short_circuit_operator' retrieved from /Users/wanghaojin/Desktop/exchange@NUS/IS3107/HW/Project/news_data_pipeline/.venv/lib/python3.11/site-packages/airflow/example_dags/example_short_circuit_operator.py
[2024-04-12T20:40:41.008+0800] {logging_mixin.py:188} INFO - [2024-04-12T20:40:41.008+0800] {dag.py:3036} INFO - Sync 1 DAGs
[2024-04-12T20:40:41.017+0800] {logging_mixin.py:188} INFO - [2024-04-12T20:40:41.017+0800] {dag.py:3823} INFO - Setting next_dagrun for example_short_circuit_operator to 2024-04-11 00:00:00+00:00, run_after=2024-04-12 00:00:00+00:00
[2024-04-12T20:40:41.027+0800] {processor.py:183} INFO - Processing /Users/wanghaojin/Desktop/exchange@NUS/IS3107/HW/Project/news_data_pipeline/.venv/lib/python3.11/site-packages/airflow/example_dags/example_short_circuit_operator.py took 0.114 seconds
[2024-04-12T20:43:02.265+0800] {processor.py:161} INFO - Started process (PID=11094) to work on /Users/wanghaojin/Desktop/exchange@NUS/IS3107/HW/Project/news_data_pipeline/.venv/lib/python3.11/site-packages/airflow/example_dags/example_short_circuit_operator.py
[2024-04-12T20:43:02.266+0800] {processor.py:830} INFO - Processing file /Users/wanghaojin/Desktop/exchange@NUS/IS3107/HW/Project/news_data_pipeline/.venv/lib/python3.11/site-packages/airflow/example_dags/example_short_circuit_operator.py for tasks to queue
[2024-04-12T20:43:02.266+0800] {logging_mixin.py:188} INFO - [2024-04-12T20:43:02.266+0800] {dagbag.py:538} INFO - Filling up the DagBag from /Users/wanghaojin/Desktop/exchange@NUS/IS3107/HW/Project/news_data_pipeline/.venv/lib/python3.11/site-packages/airflow/example_dags/example_short_circuit_operator.py
[2024-04-12T20:43:02.281+0800] {processor.py:840} INFO - DAG(s) 'example_short_circuit_operator' retrieved from /Users/wanghaojin/Desktop/exchange@NUS/IS3107/HW/Project/news_data_pipeline/.venv/lib/python3.11/site-packages/airflow/example_dags/example_short_circuit_operator.py
[2024-04-12T20:43:02.359+0800] {logging_mixin.py:188} INFO - [2024-04-12T20:43:02.359+0800] {dag.py:3036} INFO - Sync 1 DAGs
[2024-04-12T20:43:02.369+0800] {logging_mixin.py:188} INFO - [2024-04-12T20:43:02.368+0800] {dag.py:3823} INFO - Setting next_dagrun for example_short_circuit_operator to 2024-04-11 00:00:00+00:00, run_after=2024-04-12 00:00:00+00:00
[2024-04-12T20:43:02.378+0800] {processor.py:183} INFO - Processing /Users/wanghaojin/Desktop/exchange@NUS/IS3107/HW/Project/news_data_pipeline/.venv/lib/python3.11/site-packages/airflow/example_dags/example_short_circuit_operator.py took 0.114 seconds
[2024-04-12T20:46:04.495+0800] {processor.py:161} INFO - Started process (PID=11421) to work on /Users/wanghaojin/Desktop/exchange@NUS/IS3107/HW/Project/news_data_pipeline/.venv/lib/python3.11/site-packages/airflow/example_dags/example_short_circuit_operator.py
[2024-04-12T20:46:04.496+0800] {processor.py:830} INFO - Processing file /Users/wanghaojin/Desktop/exchange@NUS/IS3107/HW/Project/news_data_pipeline/.venv/lib/python3.11/site-packages/airflow/example_dags/example_short_circuit_operator.py for tasks to queue
[2024-04-12T20:46:04.497+0800] {logging_mixin.py:188} INFO - [2024-04-12T20:46:04.497+0800] {dagbag.py:538} INFO - Filling up the DagBag from /Users/wanghaojin/Desktop/exchange@NUS/IS3107/HW/Project/news_data_pipeline/.venv/lib/python3.11/site-packages/airflow/example_dags/example_short_circuit_operator.py
[2024-04-12T20:46:04.511+0800] {processor.py:840} INFO - DAG(s) 'example_short_circuit_operator' retrieved from /Users/wanghaojin/Desktop/exchange@NUS/IS3107/HW/Project/news_data_pipeline/.venv/lib/python3.11/site-packages/airflow/example_dags/example_short_circuit_operator.py
[2024-04-12T20:46:04.633+0800] {logging_mixin.py:188} INFO - [2024-04-12T20:46:04.633+0800] {dag.py:3036} INFO - Sync 1 DAGs
[2024-04-12T20:46:04.641+0800] {logging_mixin.py:188} INFO - [2024-04-12T20:46:04.641+0800] {dag.py:3823} INFO - Setting next_dagrun for example_short_circuit_operator to 2024-04-11 00:00:00+00:00, run_after=2024-04-12 00:00:00+00:00
[2024-04-12T20:46:04.651+0800] {processor.py:183} INFO - Processing /Users/wanghaojin/Desktop/exchange@NUS/IS3107/HW/Project/news_data_pipeline/.venv/lib/python3.11/site-packages/airflow/example_dags/example_short_circuit_operator.py took 0.157 seconds
[2024-04-12T20:47:00.545+0800] {processor.py:161} INFO - Started process (PID=11533) to work on /Users/wanghaojin/Desktop/exchange@NUS/IS3107/HW/Project/news_data_pipeline/.venv/lib/python3.11/site-packages/airflow/example_dags/example_short_circuit_operator.py
[2024-04-12T20:47:00.545+0800] {processor.py:830} INFO - Processing file /Users/wanghaojin/Desktop/exchange@NUS/IS3107/HW/Project/news_data_pipeline/.venv/lib/python3.11/site-packages/airflow/example_dags/example_short_circuit_operator.py for tasks to queue
[2024-04-12T20:47:00.546+0800] {logging_mixin.py:188} INFO - [2024-04-12T20:47:00.546+0800] {dagbag.py:538} INFO - Filling up the DagBag from /Users/wanghaojin/Desktop/exchange@NUS/IS3107/HW/Project/news_data_pipeline/.venv/lib/python3.11/site-packages/airflow/example_dags/example_short_circuit_operator.py
[2024-04-12T20:47:00.559+0800] {processor.py:840} INFO - DAG(s) 'example_short_circuit_operator' retrieved from /Users/wanghaojin/Desktop/exchange@NUS/IS3107/HW/Project/news_data_pipeline/.venv/lib/python3.11/site-packages/airflow/example_dags/example_short_circuit_operator.py
[2024-04-12T20:47:00.681+0800] {logging_mixin.py:188} INFO - [2024-04-12T20:47:00.681+0800] {dag.py:3036} INFO - Sync 1 DAGs
[2024-04-12T20:47:00.689+0800] {logging_mixin.py:188} INFO - [2024-04-12T20:47:00.689+0800] {dag.py:3823} INFO - Setting next_dagrun for example_short_circuit_operator to 2024-04-11 00:00:00+00:00, run_after=2024-04-12 00:00:00+00:00
[2024-04-12T20:47:00.699+0800] {processor.py:183} INFO - Processing /Users/wanghaojin/Desktop/exchange@NUS/IS3107/HW/Project/news_data_pipeline/.venv/lib/python3.11/site-packages/airflow/example_dags/example_short_circuit_operator.py took 0.155 seconds
[2024-04-12T20:48:37.404+0800] {processor.py:161} INFO - Started process (PID=11772) to work on /Users/wanghaojin/Desktop/exchange@NUS/IS3107/HW/Project/news_data_pipeline/.venv/lib/python3.11/site-packages/airflow/example_dags/example_short_circuit_operator.py
[2024-04-12T20:48:37.405+0800] {processor.py:830} INFO - Processing file /Users/wanghaojin/Desktop/exchange@NUS/IS3107/HW/Project/news_data_pipeline/.venv/lib/python3.11/site-packages/airflow/example_dags/example_short_circuit_operator.py for tasks to queue
[2024-04-12T20:48:37.405+0800] {logging_mixin.py:188} INFO - [2024-04-12T20:48:37.405+0800] {dagbag.py:538} INFO - Filling up the DagBag from /Users/wanghaojin/Desktop/exchange@NUS/IS3107/HW/Project/news_data_pipeline/.venv/lib/python3.11/site-packages/airflow/example_dags/example_short_circuit_operator.py
[2024-04-12T20:48:37.419+0800] {processor.py:840} INFO - DAG(s) 'example_short_circuit_operator' retrieved from /Users/wanghaojin/Desktop/exchange@NUS/IS3107/HW/Project/news_data_pipeline/.venv/lib/python3.11/site-packages/airflow/example_dags/example_short_circuit_operator.py
[2024-04-12T20:48:37.542+0800] {logging_mixin.py:188} INFO - [2024-04-12T20:48:37.542+0800] {dag.py:3036} INFO - Sync 1 DAGs
[2024-04-12T20:48:37.551+0800] {logging_mixin.py:188} INFO - [2024-04-12T20:48:37.551+0800] {dag.py:3823} INFO - Setting next_dagrun for example_short_circuit_operator to 2024-04-11 00:00:00+00:00, run_after=2024-04-12 00:00:00+00:00
[2024-04-12T20:48:37.562+0800] {processor.py:183} INFO - Processing /Users/wanghaojin/Desktop/exchange@NUS/IS3107/HW/Project/news_data_pipeline/.venv/lib/python3.11/site-packages/airflow/example_dags/example_short_circuit_operator.py took 0.159 seconds
[2024-04-12T20:49:56.179+0800] {processor.py:161} INFO - Started process (PID=11898) to work on /Users/wanghaojin/Desktop/exchange@NUS/IS3107/HW/Project/news_data_pipeline/.venv/lib/python3.11/site-packages/airflow/example_dags/example_short_circuit_operator.py
[2024-04-12T20:49:56.180+0800] {processor.py:830} INFO - Processing file /Users/wanghaojin/Desktop/exchange@NUS/IS3107/HW/Project/news_data_pipeline/.venv/lib/python3.11/site-packages/airflow/example_dags/example_short_circuit_operator.py for tasks to queue
[2024-04-12T20:49:56.180+0800] {logging_mixin.py:188} INFO - [2024-04-12T20:49:56.180+0800] {dagbag.py:538} INFO - Filling up the DagBag from /Users/wanghaojin/Desktop/exchange@NUS/IS3107/HW/Project/news_data_pipeline/.venv/lib/python3.11/site-packages/airflow/example_dags/example_short_circuit_operator.py
[2024-04-12T20:49:56.194+0800] {processor.py:840} INFO - DAG(s) 'example_short_circuit_operator' retrieved from /Users/wanghaojin/Desktop/exchange@NUS/IS3107/HW/Project/news_data_pipeline/.venv/lib/python3.11/site-packages/airflow/example_dags/example_short_circuit_operator.py
[2024-04-12T20:49:56.315+0800] {logging_mixin.py:188} INFO - [2024-04-12T20:49:56.315+0800] {dag.py:3036} INFO - Sync 1 DAGs
[2024-04-12T20:49:56.323+0800] {logging_mixin.py:188} INFO - [2024-04-12T20:49:56.323+0800] {dag.py:3823} INFO - Setting next_dagrun for example_short_circuit_operator to 2024-04-11 00:00:00+00:00, run_after=2024-04-12 00:00:00+00:00
[2024-04-12T20:49:56.333+0800] {processor.py:183} INFO - Processing /Users/wanghaojin/Desktop/exchange@NUS/IS3107/HW/Project/news_data_pipeline/.venv/lib/python3.11/site-packages/airflow/example_dags/example_short_circuit_operator.py took 0.155 seconds
