[2024-04-12T19:28:57.712+0800] {processor.py:161} INFO - Started process (PID=3556) to work on /Users/wanghaojin/Desktop/exchange@NUS/IS3107/HW/Project/news_data_pipeline/.venv/lib/python3.11/site-packages/airflow/example_dags/example_skip_dag.py
[2024-04-12T19:28:57.713+0800] {processor.py:830} INFO - Processing file /Users/wanghaojin/Desktop/exchange@NUS/IS3107/HW/Project/news_data_pipeline/.venv/lib/python3.11/site-packages/airflow/example_dags/example_skip_dag.py for tasks to queue
[2024-04-12T19:28:57.713+0800] {logging_mixin.py:188} INFO - [2024-04-12T19:28:57.713+0800] {dagbag.py:538} INFO - Filling up the DagBag from /Users/wanghaojin/Desktop/exchange@NUS/IS3107/HW/Project/news_data_pipeline/.venv/lib/python3.11/site-packages/airflow/example_dags/example_skip_dag.py
[2024-04-12T19:28:57.718+0800] {processor.py:840} INFO - DAG(s) 'example_skip_dag' retrieved from /Users/wanghaojin/Desktop/exchange@NUS/IS3107/HW/Project/news_data_pipeline/.venv/lib/python3.11/site-packages/airflow/example_dags/example_skip_dag.py
[2024-04-12T19:28:57.801+0800] {logging_mixin.py:188} INFO - [2024-04-12T19:28:57.801+0800] {dag.py:3036} INFO - Sync 1 DAGs
[2024-04-12T19:28:57.809+0800] {logging_mixin.py:188} INFO - [2024-04-12T19:28:57.809+0800] {dag.py:3823} INFO - Setting next_dagrun for example_skip_dag to 2024-04-11 00:00:00+00:00, run_after=2024-04-12 00:00:00+00:00
[2024-04-12T19:28:57.820+0800] {processor.py:183} INFO - Processing /Users/wanghaojin/Desktop/exchange@NUS/IS3107/HW/Project/news_data_pipeline/.venv/lib/python3.11/site-packages/airflow/example_dags/example_skip_dag.py took 0.108 seconds
[2024-04-12T19:30:16.154+0800] {processor.py:161} INFO - Started process (PID=4146) to work on /Users/wanghaojin/Desktop/exchange@NUS/IS3107/HW/Project/news_data_pipeline/.venv/lib/python3.11/site-packages/airflow/example_dags/example_skip_dag.py
[2024-04-12T19:30:16.156+0800] {processor.py:830} INFO - Processing file /Users/wanghaojin/Desktop/exchange@NUS/IS3107/HW/Project/news_data_pipeline/.venv/lib/python3.11/site-packages/airflow/example_dags/example_skip_dag.py for tasks to queue
[2024-04-12T19:30:16.156+0800] {logging_mixin.py:188} INFO - [2024-04-12T19:30:16.156+0800] {dagbag.py:538} INFO - Filling up the DagBag from /Users/wanghaojin/Desktop/exchange@NUS/IS3107/HW/Project/news_data_pipeline/.venv/lib/python3.11/site-packages/airflow/example_dags/example_skip_dag.py
[2024-04-12T19:30:16.160+0800] {processor.py:840} INFO - DAG(s) 'example_skip_dag' retrieved from /Users/wanghaojin/Desktop/exchange@NUS/IS3107/HW/Project/news_data_pipeline/.venv/lib/python3.11/site-packages/airflow/example_dags/example_skip_dag.py
[2024-04-12T19:30:16.282+0800] {logging_mixin.py:188} INFO - [2024-04-12T19:30:16.281+0800] {dag.py:3036} INFO - Sync 1 DAGs
[2024-04-12T19:30:16.290+0800] {logging_mixin.py:188} INFO - [2024-04-12T19:30:16.290+0800] {dag.py:3823} INFO - Setting next_dagrun for example_skip_dag to 2024-04-11 00:00:00+00:00, run_after=2024-04-12 00:00:00+00:00
[2024-04-12T19:30:16.301+0800] {processor.py:183} INFO - Processing /Users/wanghaojin/Desktop/exchange@NUS/IS3107/HW/Project/news_data_pipeline/.venv/lib/python3.11/site-packages/airflow/example_dags/example_skip_dag.py took 0.147 seconds
[2024-04-12T19:32:03.764+0800] {processor.py:161} INFO - Started process (PID=4320) to work on /Users/wanghaojin/Desktop/exchange@NUS/IS3107/HW/Project/news_data_pipeline/.venv/lib/python3.11/site-packages/airflow/example_dags/example_skip_dag.py
[2024-04-12T19:32:03.765+0800] {processor.py:830} INFO - Processing file /Users/wanghaojin/Desktop/exchange@NUS/IS3107/HW/Project/news_data_pipeline/.venv/lib/python3.11/site-packages/airflow/example_dags/example_skip_dag.py for tasks to queue
[2024-04-12T19:32:03.765+0800] {logging_mixin.py:188} INFO - [2024-04-12T19:32:03.765+0800] {dagbag.py:538} INFO - Filling up the DagBag from /Users/wanghaojin/Desktop/exchange@NUS/IS3107/HW/Project/news_data_pipeline/.venv/lib/python3.11/site-packages/airflow/example_dags/example_skip_dag.py
[2024-04-12T19:32:03.770+0800] {processor.py:840} INFO - DAG(s) 'example_skip_dag' retrieved from /Users/wanghaojin/Desktop/exchange@NUS/IS3107/HW/Project/news_data_pipeline/.venv/lib/python3.11/site-packages/airflow/example_dags/example_skip_dag.py
[2024-04-12T19:32:03.890+0800] {logging_mixin.py:188} INFO - [2024-04-12T19:32:03.890+0800] {dag.py:3036} INFO - Sync 1 DAGs
[2024-04-12T19:32:03.899+0800] {logging_mixin.py:188} INFO - [2024-04-12T19:32:03.899+0800] {dag.py:3823} INFO - Setting next_dagrun for example_skip_dag to 2024-04-11 00:00:00+00:00, run_after=2024-04-12 00:00:00+00:00
[2024-04-12T19:32:03.909+0800] {processor.py:183} INFO - Processing /Users/wanghaojin/Desktop/exchange@NUS/IS3107/HW/Project/news_data_pipeline/.venv/lib/python3.11/site-packages/airflow/example_dags/example_skip_dag.py took 0.146 seconds
[2024-04-12T19:33:42.960+0800] {processor.py:161} INFO - Started process (PID=4497) to work on /Users/wanghaojin/Desktop/exchange@NUS/IS3107/HW/Project/news_data_pipeline/.venv/lib/python3.11/site-packages/airflow/example_dags/example_skip_dag.py
[2024-04-12T19:33:42.960+0800] {processor.py:830} INFO - Processing file /Users/wanghaojin/Desktop/exchange@NUS/IS3107/HW/Project/news_data_pipeline/.venv/lib/python3.11/site-packages/airflow/example_dags/example_skip_dag.py for tasks to queue
[2024-04-12T19:33:42.961+0800] {logging_mixin.py:188} INFO - [2024-04-12T19:33:42.961+0800] {dagbag.py:538} INFO - Filling up the DagBag from /Users/wanghaojin/Desktop/exchange@NUS/IS3107/HW/Project/news_data_pipeline/.venv/lib/python3.11/site-packages/airflow/example_dags/example_skip_dag.py
[2024-04-12T19:33:42.966+0800] {processor.py:840} INFO - DAG(s) 'example_skip_dag' retrieved from /Users/wanghaojin/Desktop/exchange@NUS/IS3107/HW/Project/news_data_pipeline/.venv/lib/python3.11/site-packages/airflow/example_dags/example_skip_dag.py
[2024-04-12T19:33:43.043+0800] {logging_mixin.py:188} INFO - [2024-04-12T19:33:43.043+0800] {dag.py:3036} INFO - Sync 1 DAGs
[2024-04-12T19:33:43.052+0800] {logging_mixin.py:188} INFO - [2024-04-12T19:33:43.052+0800] {dag.py:3823} INFO - Setting next_dagrun for example_skip_dag to 2024-04-11 00:00:00+00:00, run_after=2024-04-12 00:00:00+00:00
[2024-04-12T19:33:43.062+0800] {processor.py:183} INFO - Processing /Users/wanghaojin/Desktop/exchange@NUS/IS3107/HW/Project/news_data_pipeline/.venv/lib/python3.11/site-packages/airflow/example_dags/example_skip_dag.py took 0.103 seconds
[2024-04-12T19:35:58.913+0800] {processor.py:161} INFO - Started process (PID=4707) to work on /Users/wanghaojin/Desktop/exchange@NUS/IS3107/HW/Project/news_data_pipeline/.venv/lib/python3.11/site-packages/airflow/example_dags/example_skip_dag.py
[2024-04-12T19:35:58.914+0800] {processor.py:830} INFO - Processing file /Users/wanghaojin/Desktop/exchange@NUS/IS3107/HW/Project/news_data_pipeline/.venv/lib/python3.11/site-packages/airflow/example_dags/example_skip_dag.py for tasks to queue
[2024-04-12T19:35:58.914+0800] {logging_mixin.py:188} INFO - [2024-04-12T19:35:58.914+0800] {dagbag.py:538} INFO - Filling up the DagBag from /Users/wanghaojin/Desktop/exchange@NUS/IS3107/HW/Project/news_data_pipeline/.venv/lib/python3.11/site-packages/airflow/example_dags/example_skip_dag.py
[2024-04-12T19:35:58.918+0800] {processor.py:840} INFO - DAG(s) 'example_skip_dag' retrieved from /Users/wanghaojin/Desktop/exchange@NUS/IS3107/HW/Project/news_data_pipeline/.venv/lib/python3.11/site-packages/airflow/example_dags/example_skip_dag.py
[2024-04-12T19:35:58.996+0800] {logging_mixin.py:188} INFO - [2024-04-12T19:35:58.995+0800] {dag.py:3036} INFO - Sync 1 DAGs
[2024-04-12T19:35:59.004+0800] {logging_mixin.py:188} INFO - [2024-04-12T19:35:59.004+0800] {dag.py:3823} INFO - Setting next_dagrun for example_skip_dag to 2024-04-11 00:00:00+00:00, run_after=2024-04-12 00:00:00+00:00
[2024-04-12T19:35:59.014+0800] {processor.py:183} INFO - Processing /Users/wanghaojin/Desktop/exchange@NUS/IS3107/HW/Project/news_data_pipeline/.venv/lib/python3.11/site-packages/airflow/example_dags/example_skip_dag.py took 0.102 seconds
[2024-04-12T19:38:16.173+0800] {processor.py:161} INFO - Started process (PID=4912) to work on /Users/wanghaojin/Desktop/exchange@NUS/IS3107/HW/Project/news_data_pipeline/.venv/lib/python3.11/site-packages/airflow/example_dags/example_skip_dag.py
[2024-04-12T19:38:16.173+0800] {processor.py:830} INFO - Processing file /Users/wanghaojin/Desktop/exchange@NUS/IS3107/HW/Project/news_data_pipeline/.venv/lib/python3.11/site-packages/airflow/example_dags/example_skip_dag.py for tasks to queue
[2024-04-12T19:38:16.174+0800] {logging_mixin.py:188} INFO - [2024-04-12T19:38:16.174+0800] {dagbag.py:538} INFO - Filling up the DagBag from /Users/wanghaojin/Desktop/exchange@NUS/IS3107/HW/Project/news_data_pipeline/.venv/lib/python3.11/site-packages/airflow/example_dags/example_skip_dag.py
[2024-04-12T19:38:16.178+0800] {processor.py:840} INFO - DAG(s) 'example_skip_dag' retrieved from /Users/wanghaojin/Desktop/exchange@NUS/IS3107/HW/Project/news_data_pipeline/.venv/lib/python3.11/site-packages/airflow/example_dags/example_skip_dag.py
[2024-04-12T19:38:16.255+0800] {logging_mixin.py:188} INFO - [2024-04-12T19:38:16.255+0800] {dag.py:3036} INFO - Sync 1 DAGs
[2024-04-12T19:38:16.264+0800] {logging_mixin.py:188} INFO - [2024-04-12T19:38:16.264+0800] {dag.py:3823} INFO - Setting next_dagrun for example_skip_dag to 2024-04-11 00:00:00+00:00, run_after=2024-04-12 00:00:00+00:00
[2024-04-12T19:38:16.274+0800] {processor.py:183} INFO - Processing /Users/wanghaojin/Desktop/exchange@NUS/IS3107/HW/Project/news_data_pipeline/.venv/lib/python3.11/site-packages/airflow/example_dags/example_skip_dag.py took 0.101 seconds
[2024-04-12T19:40:27.713+0800] {processor.py:161} INFO - Started process (PID=5125) to work on /Users/wanghaojin/Desktop/exchange@NUS/IS3107/HW/Project/news_data_pipeline/.venv/lib/python3.11/site-packages/airflow/example_dags/example_skip_dag.py
[2024-04-12T19:40:27.713+0800] {processor.py:830} INFO - Processing file /Users/wanghaojin/Desktop/exchange@NUS/IS3107/HW/Project/news_data_pipeline/.venv/lib/python3.11/site-packages/airflow/example_dags/example_skip_dag.py for tasks to queue
[2024-04-12T19:40:27.713+0800] {logging_mixin.py:188} INFO - [2024-04-12T19:40:27.713+0800] {dagbag.py:538} INFO - Filling up the DagBag from /Users/wanghaojin/Desktop/exchange@NUS/IS3107/HW/Project/news_data_pipeline/.venv/lib/python3.11/site-packages/airflow/example_dags/example_skip_dag.py
[2024-04-12T19:40:27.718+0800] {processor.py:840} INFO - DAG(s) 'example_skip_dag' retrieved from /Users/wanghaojin/Desktop/exchange@NUS/IS3107/HW/Project/news_data_pipeline/.venv/lib/python3.11/site-packages/airflow/example_dags/example_skip_dag.py
[2024-04-12T19:40:27.796+0800] {logging_mixin.py:188} INFO - [2024-04-12T19:40:27.795+0800] {dag.py:3036} INFO - Sync 1 DAGs
[2024-04-12T19:40:27.804+0800] {logging_mixin.py:188} INFO - [2024-04-12T19:40:27.804+0800] {dag.py:3823} INFO - Setting next_dagrun for example_skip_dag to 2024-04-11 00:00:00+00:00, run_after=2024-04-12 00:00:00+00:00
[2024-04-12T19:40:27.814+0800] {processor.py:183} INFO - Processing /Users/wanghaojin/Desktop/exchange@NUS/IS3107/HW/Project/news_data_pipeline/.venv/lib/python3.11/site-packages/airflow/example_dags/example_skip_dag.py took 0.102 seconds
[2024-04-12T19:42:44.993+0800] {processor.py:161} INFO - Started process (PID=5338) to work on /Users/wanghaojin/Desktop/exchange@NUS/IS3107/HW/Project/news_data_pipeline/.venv/lib/python3.11/site-packages/airflow/example_dags/example_skip_dag.py
[2024-04-12T19:42:44.994+0800] {processor.py:830} INFO - Processing file /Users/wanghaojin/Desktop/exchange@NUS/IS3107/HW/Project/news_data_pipeline/.venv/lib/python3.11/site-packages/airflow/example_dags/example_skip_dag.py for tasks to queue
[2024-04-12T19:42:44.994+0800] {logging_mixin.py:188} INFO - [2024-04-12T19:42:44.994+0800] {dagbag.py:538} INFO - Filling up the DagBag from /Users/wanghaojin/Desktop/exchange@NUS/IS3107/HW/Project/news_data_pipeline/.venv/lib/python3.11/site-packages/airflow/example_dags/example_skip_dag.py
[2024-04-12T19:42:44.998+0800] {processor.py:840} INFO - DAG(s) 'example_skip_dag' retrieved from /Users/wanghaojin/Desktop/exchange@NUS/IS3107/HW/Project/news_data_pipeline/.venv/lib/python3.11/site-packages/airflow/example_dags/example_skip_dag.py
[2024-04-12T19:42:45.075+0800] {logging_mixin.py:188} INFO - [2024-04-12T19:42:45.075+0800] {dag.py:3036} INFO - Sync 1 DAGs
[2024-04-12T19:42:45.084+0800] {logging_mixin.py:188} INFO - [2024-04-12T19:42:45.084+0800] {dag.py:3823} INFO - Setting next_dagrun for example_skip_dag to 2024-04-11 00:00:00+00:00, run_after=2024-04-12 00:00:00+00:00
[2024-04-12T19:42:45.094+0800] {processor.py:183} INFO - Processing /Users/wanghaojin/Desktop/exchange@NUS/IS3107/HW/Project/news_data_pipeline/.venv/lib/python3.11/site-packages/airflow/example_dags/example_skip_dag.py took 0.101 seconds
[2024-04-12T19:45:00.592+0800] {processor.py:161} INFO - Started process (PID=5565) to work on /Users/wanghaojin/Desktop/exchange@NUS/IS3107/HW/Project/news_data_pipeline/.venv/lib/python3.11/site-packages/airflow/example_dags/example_skip_dag.py
[2024-04-12T19:45:00.592+0800] {processor.py:830} INFO - Processing file /Users/wanghaojin/Desktop/exchange@NUS/IS3107/HW/Project/news_data_pipeline/.venv/lib/python3.11/site-packages/airflow/example_dags/example_skip_dag.py for tasks to queue
[2024-04-12T19:45:00.593+0800] {logging_mixin.py:188} INFO - [2024-04-12T19:45:00.593+0800] {dagbag.py:538} INFO - Filling up the DagBag from /Users/wanghaojin/Desktop/exchange@NUS/IS3107/HW/Project/news_data_pipeline/.venv/lib/python3.11/site-packages/airflow/example_dags/example_skip_dag.py
[2024-04-12T19:45:00.598+0800] {processor.py:840} INFO - DAG(s) 'example_skip_dag' retrieved from /Users/wanghaojin/Desktop/exchange@NUS/IS3107/HW/Project/news_data_pipeline/.venv/lib/python3.11/site-packages/airflow/example_dags/example_skip_dag.py
[2024-04-12T19:45:00.684+0800] {logging_mixin.py:188} INFO - [2024-04-12T19:45:00.684+0800] {dag.py:3036} INFO - Sync 1 DAGs
[2024-04-12T19:45:00.693+0800] {logging_mixin.py:188} INFO - [2024-04-12T19:45:00.693+0800] {dag.py:3823} INFO - Setting next_dagrun for example_skip_dag to 2024-04-11 00:00:00+00:00, run_after=2024-04-12 00:00:00+00:00
[2024-04-12T19:45:00.703+0800] {processor.py:183} INFO - Processing /Users/wanghaojin/Desktop/exchange@NUS/IS3107/HW/Project/news_data_pipeline/.venv/lib/python3.11/site-packages/airflow/example_dags/example_skip_dag.py took 0.113 seconds
[2024-04-12T19:47:16.372+0800] {processor.py:161} INFO - Started process (PID=5730) to work on /Users/wanghaojin/Desktop/exchange@NUS/IS3107/HW/Project/news_data_pipeline/.venv/lib/python3.11/site-packages/airflow/example_dags/example_skip_dag.py
[2024-04-12T19:47:16.373+0800] {processor.py:830} INFO - Processing file /Users/wanghaojin/Desktop/exchange@NUS/IS3107/HW/Project/news_data_pipeline/.venv/lib/python3.11/site-packages/airflow/example_dags/example_skip_dag.py for tasks to queue
[2024-04-12T19:47:16.374+0800] {logging_mixin.py:188} INFO - [2024-04-12T19:47:16.374+0800] {dagbag.py:538} INFO - Filling up the DagBag from /Users/wanghaojin/Desktop/exchange@NUS/IS3107/HW/Project/news_data_pipeline/.venv/lib/python3.11/site-packages/airflow/example_dags/example_skip_dag.py
[2024-04-12T19:47:16.378+0800] {processor.py:840} INFO - DAG(s) 'example_skip_dag' retrieved from /Users/wanghaojin/Desktop/exchange@NUS/IS3107/HW/Project/news_data_pipeline/.venv/lib/python3.11/site-packages/airflow/example_dags/example_skip_dag.py
[2024-04-12T19:47:16.457+0800] {logging_mixin.py:188} INFO - [2024-04-12T19:47:16.456+0800] {dag.py:3036} INFO - Sync 1 DAGs
[2024-04-12T19:47:16.465+0800] {logging_mixin.py:188} INFO - [2024-04-12T19:47:16.465+0800] {dag.py:3823} INFO - Setting next_dagrun for example_skip_dag to 2024-04-11 00:00:00+00:00, run_after=2024-04-12 00:00:00+00:00
[2024-04-12T19:47:16.476+0800] {processor.py:183} INFO - Processing /Users/wanghaojin/Desktop/exchange@NUS/IS3107/HW/Project/news_data_pipeline/.venv/lib/python3.11/site-packages/airflow/example_dags/example_skip_dag.py took 0.104 seconds
[2024-04-12T19:49:33.661+0800] {processor.py:161} INFO - Started process (PID=5948) to work on /Users/wanghaojin/Desktop/exchange@NUS/IS3107/HW/Project/news_data_pipeline/.venv/lib/python3.11/site-packages/airflow/example_dags/example_skip_dag.py
[2024-04-12T19:49:33.661+0800] {processor.py:830} INFO - Processing file /Users/wanghaojin/Desktop/exchange@NUS/IS3107/HW/Project/news_data_pipeline/.venv/lib/python3.11/site-packages/airflow/example_dags/example_skip_dag.py for tasks to queue
[2024-04-12T19:49:33.662+0800] {logging_mixin.py:188} INFO - [2024-04-12T19:49:33.662+0800] {dagbag.py:538} INFO - Filling up the DagBag from /Users/wanghaojin/Desktop/exchange@NUS/IS3107/HW/Project/news_data_pipeline/.venv/lib/python3.11/site-packages/airflow/example_dags/example_skip_dag.py
[2024-04-12T19:49:33.666+0800] {processor.py:840} INFO - DAG(s) 'example_skip_dag' retrieved from /Users/wanghaojin/Desktop/exchange@NUS/IS3107/HW/Project/news_data_pipeline/.venv/lib/python3.11/site-packages/airflow/example_dags/example_skip_dag.py
[2024-04-12T19:49:33.747+0800] {logging_mixin.py:188} INFO - [2024-04-12T19:49:33.746+0800] {dag.py:3036} INFO - Sync 1 DAGs
[2024-04-12T19:49:33.755+0800] {logging_mixin.py:188} INFO - [2024-04-12T19:49:33.755+0800] {dag.py:3823} INFO - Setting next_dagrun for example_skip_dag to 2024-04-11 00:00:00+00:00, run_after=2024-04-12 00:00:00+00:00
[2024-04-12T19:49:33.766+0800] {processor.py:183} INFO - Processing /Users/wanghaojin/Desktop/exchange@NUS/IS3107/HW/Project/news_data_pipeline/.venv/lib/python3.11/site-packages/airflow/example_dags/example_skip_dag.py took 0.106 seconds
[2024-04-12T19:51:48.437+0800] {processor.py:161} INFO - Started process (PID=6144) to work on /Users/wanghaojin/Desktop/exchange@NUS/IS3107/HW/Project/news_data_pipeline/.venv/lib/python3.11/site-packages/airflow/example_dags/example_skip_dag.py
[2024-04-12T19:51:48.438+0800] {processor.py:830} INFO - Processing file /Users/wanghaojin/Desktop/exchange@NUS/IS3107/HW/Project/news_data_pipeline/.venv/lib/python3.11/site-packages/airflow/example_dags/example_skip_dag.py for tasks to queue
[2024-04-12T19:51:48.438+0800] {logging_mixin.py:188} INFO - [2024-04-12T19:51:48.438+0800] {dagbag.py:538} INFO - Filling up the DagBag from /Users/wanghaojin/Desktop/exchange@NUS/IS3107/HW/Project/news_data_pipeline/.venv/lib/python3.11/site-packages/airflow/example_dags/example_skip_dag.py
[2024-04-12T19:51:48.442+0800] {processor.py:840} INFO - DAG(s) 'example_skip_dag' retrieved from /Users/wanghaojin/Desktop/exchange@NUS/IS3107/HW/Project/news_data_pipeline/.venv/lib/python3.11/site-packages/airflow/example_dags/example_skip_dag.py
[2024-04-12T19:51:48.521+0800] {logging_mixin.py:188} INFO - [2024-04-12T19:51:48.521+0800] {dag.py:3036} INFO - Sync 1 DAGs
[2024-04-12T19:51:48.529+0800] {logging_mixin.py:188} INFO - [2024-04-12T19:51:48.529+0800] {dag.py:3823} INFO - Setting next_dagrun for example_skip_dag to 2024-04-11 00:00:00+00:00, run_after=2024-04-12 00:00:00+00:00
[2024-04-12T19:51:48.540+0800] {processor.py:183} INFO - Processing /Users/wanghaojin/Desktop/exchange@NUS/IS3107/HW/Project/news_data_pipeline/.venv/lib/python3.11/site-packages/airflow/example_dags/example_skip_dag.py took 0.103 seconds
[2024-04-12T19:54:02.378+0800] {processor.py:161} INFO - Started process (PID=6284) to work on /Users/wanghaojin/Desktop/exchange@NUS/IS3107/HW/Project/news_data_pipeline/.venv/lib/python3.11/site-packages/airflow/example_dags/example_skip_dag.py
[2024-04-12T19:54:02.378+0800] {processor.py:830} INFO - Processing file /Users/wanghaojin/Desktop/exchange@NUS/IS3107/HW/Project/news_data_pipeline/.venv/lib/python3.11/site-packages/airflow/example_dags/example_skip_dag.py for tasks to queue
[2024-04-12T19:54:02.379+0800] {logging_mixin.py:188} INFO - [2024-04-12T19:54:02.379+0800] {dagbag.py:538} INFO - Filling up the DagBag from /Users/wanghaojin/Desktop/exchange@NUS/IS3107/HW/Project/news_data_pipeline/.venv/lib/python3.11/site-packages/airflow/example_dags/example_skip_dag.py
[2024-04-12T19:54:02.383+0800] {processor.py:840} INFO - DAG(s) 'example_skip_dag' retrieved from /Users/wanghaojin/Desktop/exchange@NUS/IS3107/HW/Project/news_data_pipeline/.venv/lib/python3.11/site-packages/airflow/example_dags/example_skip_dag.py
[2024-04-12T19:54:02.461+0800] {logging_mixin.py:188} INFO - [2024-04-12T19:54:02.461+0800] {dag.py:3036} INFO - Sync 1 DAGs
[2024-04-12T19:54:02.470+0800] {logging_mixin.py:188} INFO - [2024-04-12T19:54:02.470+0800] {dag.py:3823} INFO - Setting next_dagrun for example_skip_dag to 2024-04-11 00:00:00+00:00, run_after=2024-04-12 00:00:00+00:00
[2024-04-12T19:54:02.480+0800] {processor.py:183} INFO - Processing /Users/wanghaojin/Desktop/exchange@NUS/IS3107/HW/Project/news_data_pipeline/.venv/lib/python3.11/site-packages/airflow/example_dags/example_skip_dag.py took 0.103 seconds
[2024-04-12T19:56:19.992+0800] {processor.py:161} INFO - Started process (PID=6459) to work on /Users/wanghaojin/Desktop/exchange@NUS/IS3107/HW/Project/news_data_pipeline/.venv/lib/python3.11/site-packages/airflow/example_dags/example_skip_dag.py
[2024-04-12T19:56:19.993+0800] {processor.py:830} INFO - Processing file /Users/wanghaojin/Desktop/exchange@NUS/IS3107/HW/Project/news_data_pipeline/.venv/lib/python3.11/site-packages/airflow/example_dags/example_skip_dag.py for tasks to queue
[2024-04-12T19:56:19.994+0800] {logging_mixin.py:188} INFO - [2024-04-12T19:56:19.993+0800] {dagbag.py:538} INFO - Filling up the DagBag from /Users/wanghaojin/Desktop/exchange@NUS/IS3107/HW/Project/news_data_pipeline/.venv/lib/python3.11/site-packages/airflow/example_dags/example_skip_dag.py
[2024-04-12T19:56:19.998+0800] {processor.py:840} INFO - DAG(s) 'example_skip_dag' retrieved from /Users/wanghaojin/Desktop/exchange@NUS/IS3107/HW/Project/news_data_pipeline/.venv/lib/python3.11/site-packages/airflow/example_dags/example_skip_dag.py
[2024-04-12T19:56:20.075+0800] {logging_mixin.py:188} INFO - [2024-04-12T19:56:20.075+0800] {dag.py:3036} INFO - Sync 1 DAGs
[2024-04-12T19:56:20.084+0800] {logging_mixin.py:188} INFO - [2024-04-12T19:56:20.084+0800] {dag.py:3823} INFO - Setting next_dagrun for example_skip_dag to 2024-04-11 00:00:00+00:00, run_after=2024-04-12 00:00:00+00:00
[2024-04-12T19:56:20.094+0800] {processor.py:183} INFO - Processing /Users/wanghaojin/Desktop/exchange@NUS/IS3107/HW/Project/news_data_pipeline/.venv/lib/python3.11/site-packages/airflow/example_dags/example_skip_dag.py took 0.103 seconds
[2024-04-12T19:58:30.285+0800] {processor.py:161} INFO - Started process (PID=6588) to work on /Users/wanghaojin/Desktop/exchange@NUS/IS3107/HW/Project/news_data_pipeline/.venv/lib/python3.11/site-packages/airflow/example_dags/example_skip_dag.py
[2024-04-12T19:58:30.287+0800] {processor.py:830} INFO - Processing file /Users/wanghaojin/Desktop/exchange@NUS/IS3107/HW/Project/news_data_pipeline/.venv/lib/python3.11/site-packages/airflow/example_dags/example_skip_dag.py for tasks to queue
[2024-04-12T19:58:30.287+0800] {logging_mixin.py:188} INFO - [2024-04-12T19:58:30.287+0800] {dagbag.py:538} INFO - Filling up the DagBag from /Users/wanghaojin/Desktop/exchange@NUS/IS3107/HW/Project/news_data_pipeline/.venv/lib/python3.11/site-packages/airflow/example_dags/example_skip_dag.py
[2024-04-12T19:58:30.292+0800] {processor.py:840} INFO - DAG(s) 'example_skip_dag' retrieved from /Users/wanghaojin/Desktop/exchange@NUS/IS3107/HW/Project/news_data_pipeline/.venv/lib/python3.11/site-packages/airflow/example_dags/example_skip_dag.py
[2024-04-12T19:58:30.369+0800] {logging_mixin.py:188} INFO - [2024-04-12T19:58:30.369+0800] {dag.py:3036} INFO - Sync 1 DAGs
[2024-04-12T19:58:30.378+0800] {logging_mixin.py:188} INFO - [2024-04-12T19:58:30.378+0800] {dag.py:3823} INFO - Setting next_dagrun for example_skip_dag to 2024-04-11 00:00:00+00:00, run_after=2024-04-12 00:00:00+00:00
[2024-04-12T19:58:30.388+0800] {processor.py:183} INFO - Processing /Users/wanghaojin/Desktop/exchange@NUS/IS3107/HW/Project/news_data_pipeline/.venv/lib/python3.11/site-packages/airflow/example_dags/example_skip_dag.py took 0.104 seconds
[2024-04-12T20:00:46.437+0800] {processor.py:161} INFO - Started process (PID=6754) to work on /Users/wanghaojin/Desktop/exchange@NUS/IS3107/HW/Project/news_data_pipeline/.venv/lib/python3.11/site-packages/airflow/example_dags/example_skip_dag.py
[2024-04-12T20:00:46.438+0800] {processor.py:830} INFO - Processing file /Users/wanghaojin/Desktop/exchange@NUS/IS3107/HW/Project/news_data_pipeline/.venv/lib/python3.11/site-packages/airflow/example_dags/example_skip_dag.py for tasks to queue
[2024-04-12T20:00:46.438+0800] {logging_mixin.py:188} INFO - [2024-04-12T20:00:46.438+0800] {dagbag.py:538} INFO - Filling up the DagBag from /Users/wanghaojin/Desktop/exchange@NUS/IS3107/HW/Project/news_data_pipeline/.venv/lib/python3.11/site-packages/airflow/example_dags/example_skip_dag.py
[2024-04-12T20:00:46.443+0800] {processor.py:840} INFO - DAG(s) 'example_skip_dag' retrieved from /Users/wanghaojin/Desktop/exchange@NUS/IS3107/HW/Project/news_data_pipeline/.venv/lib/python3.11/site-packages/airflow/example_dags/example_skip_dag.py
[2024-04-12T20:00:46.520+0800] {logging_mixin.py:188} INFO - [2024-04-12T20:00:46.520+0800] {dag.py:3036} INFO - Sync 1 DAGs
[2024-04-12T20:00:46.529+0800] {logging_mixin.py:188} INFO - [2024-04-12T20:00:46.529+0800] {dag.py:3823} INFO - Setting next_dagrun for example_skip_dag to 2024-04-11 00:00:00+00:00, run_after=2024-04-12 00:00:00+00:00
[2024-04-12T20:00:46.539+0800] {processor.py:183} INFO - Processing /Users/wanghaojin/Desktop/exchange@NUS/IS3107/HW/Project/news_data_pipeline/.venv/lib/python3.11/site-packages/airflow/example_dags/example_skip_dag.py took 0.103 seconds
[2024-04-12T20:03:07.433+0800] {processor.py:161} INFO - Started process (PID=7057) to work on /Users/wanghaojin/Desktop/exchange@NUS/IS3107/HW/Project/news_data_pipeline/.venv/lib/python3.11/site-packages/airflow/example_dags/example_skip_dag.py
[2024-04-12T20:03:07.435+0800] {processor.py:830} INFO - Processing file /Users/wanghaojin/Desktop/exchange@NUS/IS3107/HW/Project/news_data_pipeline/.venv/lib/python3.11/site-packages/airflow/example_dags/example_skip_dag.py for tasks to queue
[2024-04-12T20:03:07.436+0800] {logging_mixin.py:188} INFO - [2024-04-12T20:03:07.435+0800] {dagbag.py:538} INFO - Filling up the DagBag from /Users/wanghaojin/Desktop/exchange@NUS/IS3107/HW/Project/news_data_pipeline/.venv/lib/python3.11/site-packages/airflow/example_dags/example_skip_dag.py
[2024-04-12T20:03:07.440+0800] {processor.py:840} INFO - DAG(s) 'example_skip_dag' retrieved from /Users/wanghaojin/Desktop/exchange@NUS/IS3107/HW/Project/news_data_pipeline/.venv/lib/python3.11/site-packages/airflow/example_dags/example_skip_dag.py
[2024-04-12T20:03:07.518+0800] {logging_mixin.py:188} INFO - [2024-04-12T20:03:07.517+0800] {dag.py:3036} INFO - Sync 1 DAGs
[2024-04-12T20:03:07.526+0800] {logging_mixin.py:188} INFO - [2024-04-12T20:03:07.526+0800] {dag.py:3823} INFO - Setting next_dagrun for example_skip_dag to 2024-04-11 00:00:00+00:00, run_after=2024-04-12 00:00:00+00:00
[2024-04-12T20:03:07.536+0800] {processor.py:183} INFO - Processing /Users/wanghaojin/Desktop/exchange@NUS/IS3107/HW/Project/news_data_pipeline/.venv/lib/python3.11/site-packages/airflow/example_dags/example_skip_dag.py took 0.104 seconds
[2024-04-12T20:05:23.954+0800] {processor.py:161} INFO - Started process (PID=7254) to work on /Users/wanghaojin/Desktop/exchange@NUS/IS3107/HW/Project/news_data_pipeline/.venv/lib/python3.11/site-packages/airflow/example_dags/example_skip_dag.py
[2024-04-12T20:05:23.954+0800] {processor.py:830} INFO - Processing file /Users/wanghaojin/Desktop/exchange@NUS/IS3107/HW/Project/news_data_pipeline/.venv/lib/python3.11/site-packages/airflow/example_dags/example_skip_dag.py for tasks to queue
[2024-04-12T20:05:23.955+0800] {logging_mixin.py:188} INFO - [2024-04-12T20:05:23.954+0800] {dagbag.py:538} INFO - Filling up the DagBag from /Users/wanghaojin/Desktop/exchange@NUS/IS3107/HW/Project/news_data_pipeline/.venv/lib/python3.11/site-packages/airflow/example_dags/example_skip_dag.py
[2024-04-12T20:05:23.959+0800] {processor.py:840} INFO - DAG(s) 'example_skip_dag' retrieved from /Users/wanghaojin/Desktop/exchange@NUS/IS3107/HW/Project/news_data_pipeline/.venv/lib/python3.11/site-packages/airflow/example_dags/example_skip_dag.py
[2024-04-12T20:05:24.038+0800] {logging_mixin.py:188} INFO - [2024-04-12T20:05:24.038+0800] {dag.py:3036} INFO - Sync 1 DAGs
[2024-04-12T20:05:24.047+0800] {logging_mixin.py:188} INFO - [2024-04-12T20:05:24.047+0800] {dag.py:3823} INFO - Setting next_dagrun for example_skip_dag to 2024-04-11 00:00:00+00:00, run_after=2024-04-12 00:00:00+00:00
[2024-04-12T20:05:24.057+0800] {processor.py:183} INFO - Processing /Users/wanghaojin/Desktop/exchange@NUS/IS3107/HW/Project/news_data_pipeline/.venv/lib/python3.11/site-packages/airflow/example_dags/example_skip_dag.py took 0.104 seconds
[2024-04-12T20:07:41.254+0800] {processor.py:161} INFO - Started process (PID=7472) to work on /Users/wanghaojin/Desktop/exchange@NUS/IS3107/HW/Project/news_data_pipeline/.venv/lib/python3.11/site-packages/airflow/example_dags/example_skip_dag.py
[2024-04-12T20:07:41.254+0800] {processor.py:830} INFO - Processing file /Users/wanghaojin/Desktop/exchange@NUS/IS3107/HW/Project/news_data_pipeline/.venv/lib/python3.11/site-packages/airflow/example_dags/example_skip_dag.py for tasks to queue
[2024-04-12T20:07:41.255+0800] {logging_mixin.py:188} INFO - [2024-04-12T20:07:41.254+0800] {dagbag.py:538} INFO - Filling up the DagBag from /Users/wanghaojin/Desktop/exchange@NUS/IS3107/HW/Project/news_data_pipeline/.venv/lib/python3.11/site-packages/airflow/example_dags/example_skip_dag.py
[2024-04-12T20:07:41.259+0800] {processor.py:840} INFO - DAG(s) 'example_skip_dag' retrieved from /Users/wanghaojin/Desktop/exchange@NUS/IS3107/HW/Project/news_data_pipeline/.venv/lib/python3.11/site-packages/airflow/example_dags/example_skip_dag.py
[2024-04-12T20:07:41.336+0800] {logging_mixin.py:188} INFO - [2024-04-12T20:07:41.336+0800] {dag.py:3036} INFO - Sync 1 DAGs
[2024-04-12T20:07:41.345+0800] {logging_mixin.py:188} INFO - [2024-04-12T20:07:41.345+0800] {dag.py:3823} INFO - Setting next_dagrun for example_skip_dag to 2024-04-11 00:00:00+00:00, run_after=2024-04-12 00:00:00+00:00
[2024-04-12T20:07:41.355+0800] {processor.py:183} INFO - Processing /Users/wanghaojin/Desktop/exchange@NUS/IS3107/HW/Project/news_data_pipeline/.venv/lib/python3.11/site-packages/airflow/example_dags/example_skip_dag.py took 0.102 seconds
[2024-04-12T20:09:58.155+0800] {processor.py:161} INFO - Started process (PID=7647) to work on /Users/wanghaojin/Desktop/exchange@NUS/IS3107/HW/Project/news_data_pipeline/.venv/lib/python3.11/site-packages/airflow/example_dags/example_skip_dag.py
[2024-04-12T20:09:58.156+0800] {processor.py:830} INFO - Processing file /Users/wanghaojin/Desktop/exchange@NUS/IS3107/HW/Project/news_data_pipeline/.venv/lib/python3.11/site-packages/airflow/example_dags/example_skip_dag.py for tasks to queue
[2024-04-12T20:09:58.156+0800] {logging_mixin.py:188} INFO - [2024-04-12T20:09:58.156+0800] {dagbag.py:538} INFO - Filling up the DagBag from /Users/wanghaojin/Desktop/exchange@NUS/IS3107/HW/Project/news_data_pipeline/.venv/lib/python3.11/site-packages/airflow/example_dags/example_skip_dag.py
[2024-04-12T20:09:58.160+0800] {processor.py:840} INFO - DAG(s) 'example_skip_dag' retrieved from /Users/wanghaojin/Desktop/exchange@NUS/IS3107/HW/Project/news_data_pipeline/.venv/lib/python3.11/site-packages/airflow/example_dags/example_skip_dag.py
[2024-04-12T20:09:58.238+0800] {logging_mixin.py:188} INFO - [2024-04-12T20:09:58.238+0800] {dag.py:3036} INFO - Sync 1 DAGs
[2024-04-12T20:09:58.246+0800] {logging_mixin.py:188} INFO - [2024-04-12T20:09:58.246+0800] {dag.py:3823} INFO - Setting next_dagrun for example_skip_dag to 2024-04-11 00:00:00+00:00, run_after=2024-04-12 00:00:00+00:00
[2024-04-12T20:09:58.256+0800] {processor.py:183} INFO - Processing /Users/wanghaojin/Desktop/exchange@NUS/IS3107/HW/Project/news_data_pipeline/.venv/lib/python3.11/site-packages/airflow/example_dags/example_skip_dag.py took 0.102 seconds
[2024-04-12T20:12:16.044+0800] {processor.py:161} INFO - Started process (PID=7863) to work on /Users/wanghaojin/Desktop/exchange@NUS/IS3107/HW/Project/news_data_pipeline/.venv/lib/python3.11/site-packages/airflow/example_dags/example_skip_dag.py
[2024-04-12T20:12:16.045+0800] {processor.py:830} INFO - Processing file /Users/wanghaojin/Desktop/exchange@NUS/IS3107/HW/Project/news_data_pipeline/.venv/lib/python3.11/site-packages/airflow/example_dags/example_skip_dag.py for tasks to queue
[2024-04-12T20:12:16.046+0800] {logging_mixin.py:188} INFO - [2024-04-12T20:12:16.046+0800] {dagbag.py:538} INFO - Filling up the DagBag from /Users/wanghaojin/Desktop/exchange@NUS/IS3107/HW/Project/news_data_pipeline/.venv/lib/python3.11/site-packages/airflow/example_dags/example_skip_dag.py
[2024-04-12T20:12:16.051+0800] {processor.py:840} INFO - DAG(s) 'example_skip_dag' retrieved from /Users/wanghaojin/Desktop/exchange@NUS/IS3107/HW/Project/news_data_pipeline/.venv/lib/python3.11/site-packages/airflow/example_dags/example_skip_dag.py
[2024-04-12T20:12:16.143+0800] {logging_mixin.py:188} INFO - [2024-04-12T20:12:16.143+0800] {dag.py:3036} INFO - Sync 1 DAGs
[2024-04-12T20:12:16.152+0800] {logging_mixin.py:188} INFO - [2024-04-12T20:12:16.152+0800] {dag.py:3823} INFO - Setting next_dagrun for example_skip_dag to 2024-04-11 00:00:00+00:00, run_after=2024-04-12 00:00:00+00:00
[2024-04-12T20:12:16.162+0800] {processor.py:183} INFO - Processing /Users/wanghaojin/Desktop/exchange@NUS/IS3107/HW/Project/news_data_pipeline/.venv/lib/python3.11/site-packages/airflow/example_dags/example_skip_dag.py took 0.120 seconds
[2024-04-12T20:14:33.467+0800] {processor.py:161} INFO - Started process (PID=8110) to work on /Users/wanghaojin/Desktop/exchange@NUS/IS3107/HW/Project/news_data_pipeline/.venv/lib/python3.11/site-packages/airflow/example_dags/example_skip_dag.py
[2024-04-12T20:14:33.467+0800] {processor.py:830} INFO - Processing file /Users/wanghaojin/Desktop/exchange@NUS/IS3107/HW/Project/news_data_pipeline/.venv/lib/python3.11/site-packages/airflow/example_dags/example_skip_dag.py for tasks to queue
[2024-04-12T20:14:33.468+0800] {logging_mixin.py:188} INFO - [2024-04-12T20:14:33.468+0800] {dagbag.py:538} INFO - Filling up the DagBag from /Users/wanghaojin/Desktop/exchange@NUS/IS3107/HW/Project/news_data_pipeline/.venv/lib/python3.11/site-packages/airflow/example_dags/example_skip_dag.py
[2024-04-12T20:14:33.473+0800] {processor.py:840} INFO - DAG(s) 'example_skip_dag' retrieved from /Users/wanghaojin/Desktop/exchange@NUS/IS3107/HW/Project/news_data_pipeline/.venv/lib/python3.11/site-packages/airflow/example_dags/example_skip_dag.py
[2024-04-12T20:14:33.552+0800] {logging_mixin.py:188} INFO - [2024-04-12T20:14:33.552+0800] {dag.py:3036} INFO - Sync 1 DAGs
[2024-04-12T20:14:33.561+0800] {logging_mixin.py:188} INFO - [2024-04-12T20:14:33.561+0800] {dag.py:3823} INFO - Setting next_dagrun for example_skip_dag to 2024-04-11 00:00:00+00:00, run_after=2024-04-12 00:00:00+00:00
[2024-04-12T20:14:33.571+0800] {processor.py:183} INFO - Processing /Users/wanghaojin/Desktop/exchange@NUS/IS3107/HW/Project/news_data_pipeline/.venv/lib/python3.11/site-packages/airflow/example_dags/example_skip_dag.py took 0.105 seconds
[2024-04-12T20:16:51.402+0800] {processor.py:161} INFO - Started process (PID=8399) to work on /Users/wanghaojin/Desktop/exchange@NUS/IS3107/HW/Project/news_data_pipeline/.venv/lib/python3.11/site-packages/airflow/example_dags/example_skip_dag.py
[2024-04-12T20:16:51.403+0800] {processor.py:830} INFO - Processing file /Users/wanghaojin/Desktop/exchange@NUS/IS3107/HW/Project/news_data_pipeline/.venv/lib/python3.11/site-packages/airflow/example_dags/example_skip_dag.py for tasks to queue
[2024-04-12T20:16:51.403+0800] {logging_mixin.py:188} INFO - [2024-04-12T20:16:51.403+0800] {dagbag.py:538} INFO - Filling up the DagBag from /Users/wanghaojin/Desktop/exchange@NUS/IS3107/HW/Project/news_data_pipeline/.venv/lib/python3.11/site-packages/airflow/example_dags/example_skip_dag.py
[2024-04-12T20:16:51.408+0800] {processor.py:840} INFO - DAG(s) 'example_skip_dag' retrieved from /Users/wanghaojin/Desktop/exchange@NUS/IS3107/HW/Project/news_data_pipeline/.venv/lib/python3.11/site-packages/airflow/example_dags/example_skip_dag.py
[2024-04-12T20:16:51.486+0800] {logging_mixin.py:188} INFO - [2024-04-12T20:16:51.486+0800] {dag.py:3036} INFO - Sync 1 DAGs
[2024-04-12T20:16:51.495+0800] {logging_mixin.py:188} INFO - [2024-04-12T20:16:51.495+0800] {dag.py:3823} INFO - Setting next_dagrun for example_skip_dag to 2024-04-11 00:00:00+00:00, run_after=2024-04-12 00:00:00+00:00
[2024-04-12T20:16:51.505+0800] {processor.py:183} INFO - Processing /Users/wanghaojin/Desktop/exchange@NUS/IS3107/HW/Project/news_data_pipeline/.venv/lib/python3.11/site-packages/airflow/example_dags/example_skip_dag.py took 0.104 seconds
[2024-04-12T20:18:52.403+0800] {processor.py:161} INFO - Started process (PID=8716) to work on /Users/wanghaojin/Desktop/exchange@NUS/IS3107/HW/Project/news_data_pipeline/.venv/lib/python3.11/site-packages/airflow/example_dags/example_skip_dag.py
[2024-04-12T20:18:52.404+0800] {processor.py:830} INFO - Processing file /Users/wanghaojin/Desktop/exchange@NUS/IS3107/HW/Project/news_data_pipeline/.venv/lib/python3.11/site-packages/airflow/example_dags/example_skip_dag.py for tasks to queue
[2024-04-12T20:18:52.405+0800] {logging_mixin.py:188} INFO - [2024-04-12T20:18:52.405+0800] {dagbag.py:538} INFO - Filling up the DagBag from /Users/wanghaojin/Desktop/exchange@NUS/IS3107/HW/Project/news_data_pipeline/.venv/lib/python3.11/site-packages/airflow/example_dags/example_skip_dag.py
[2024-04-12T20:18:52.409+0800] {processor.py:840} INFO - DAG(s) 'example_skip_dag' retrieved from /Users/wanghaojin/Desktop/exchange@NUS/IS3107/HW/Project/news_data_pipeline/.venv/lib/python3.11/site-packages/airflow/example_dags/example_skip_dag.py
[2024-04-12T20:18:52.537+0800] {logging_mixin.py:188} INFO - [2024-04-12T20:18:52.537+0800] {dag.py:3036} INFO - Sync 1 DAGs
[2024-04-12T20:18:52.546+0800] {logging_mixin.py:188} INFO - [2024-04-12T20:18:52.546+0800] {dag.py:3823} INFO - Setting next_dagrun for example_skip_dag to 2024-04-11 00:00:00+00:00, run_after=2024-04-12 00:00:00+00:00
[2024-04-12T20:18:52.556+0800] {processor.py:183} INFO - Processing /Users/wanghaojin/Desktop/exchange@NUS/IS3107/HW/Project/news_data_pipeline/.venv/lib/python3.11/site-packages/airflow/example_dags/example_skip_dag.py took 0.153 seconds
[2024-04-12T20:21:11.866+0800] {processor.py:161} INFO - Started process (PID=8916) to work on /Users/wanghaojin/Desktop/exchange@NUS/IS3107/HW/Project/news_data_pipeline/.venv/lib/python3.11/site-packages/airflow/example_dags/example_skip_dag.py
[2024-04-12T20:21:11.867+0800] {processor.py:830} INFO - Processing file /Users/wanghaojin/Desktop/exchange@NUS/IS3107/HW/Project/news_data_pipeline/.venv/lib/python3.11/site-packages/airflow/example_dags/example_skip_dag.py for tasks to queue
[2024-04-12T20:21:11.867+0800] {logging_mixin.py:188} INFO - [2024-04-12T20:21:11.867+0800] {dagbag.py:538} INFO - Filling up the DagBag from /Users/wanghaojin/Desktop/exchange@NUS/IS3107/HW/Project/news_data_pipeline/.venv/lib/python3.11/site-packages/airflow/example_dags/example_skip_dag.py
[2024-04-12T20:21:11.871+0800] {processor.py:840} INFO - DAG(s) 'example_skip_dag' retrieved from /Users/wanghaojin/Desktop/exchange@NUS/IS3107/HW/Project/news_data_pipeline/.venv/lib/python3.11/site-packages/airflow/example_dags/example_skip_dag.py
[2024-04-12T20:21:11.992+0800] {logging_mixin.py:188} INFO - [2024-04-12T20:21:11.992+0800] {dag.py:3036} INFO - Sync 1 DAGs
[2024-04-12T20:21:12.001+0800] {logging_mixin.py:188} INFO - [2024-04-12T20:21:12.001+0800] {dag.py:3823} INFO - Setting next_dagrun for example_skip_dag to 2024-04-11 00:00:00+00:00, run_after=2024-04-12 00:00:00+00:00
[2024-04-12T20:21:12.011+0800] {processor.py:183} INFO - Processing /Users/wanghaojin/Desktop/exchange@NUS/IS3107/HW/Project/news_data_pipeline/.venv/lib/python3.11/site-packages/airflow/example_dags/example_skip_dag.py took 0.145 seconds
[2024-04-12T20:22:50.901+0800] {processor.py:161} INFO - Started process (PID=9012) to work on /Users/wanghaojin/Desktop/exchange@NUS/IS3107/HW/Project/news_data_pipeline/.venv/lib/python3.11/site-packages/airflow/example_dags/example_skip_dag.py
[2024-04-12T20:22:50.901+0800] {processor.py:830} INFO - Processing file /Users/wanghaojin/Desktop/exchange@NUS/IS3107/HW/Project/news_data_pipeline/.venv/lib/python3.11/site-packages/airflow/example_dags/example_skip_dag.py for tasks to queue
[2024-04-12T20:22:50.902+0800] {logging_mixin.py:188} INFO - [2024-04-12T20:22:50.902+0800] {dagbag.py:538} INFO - Filling up the DagBag from /Users/wanghaojin/Desktop/exchange@NUS/IS3107/HW/Project/news_data_pipeline/.venv/lib/python3.11/site-packages/airflow/example_dags/example_skip_dag.py
[2024-04-12T20:22:50.906+0800] {processor.py:840} INFO - DAG(s) 'example_skip_dag' retrieved from /Users/wanghaojin/Desktop/exchange@NUS/IS3107/HW/Project/news_data_pipeline/.venv/lib/python3.11/site-packages/airflow/example_dags/example_skip_dag.py
[2024-04-12T20:22:50.984+0800] {logging_mixin.py:188} INFO - [2024-04-12T20:22:50.984+0800] {dag.py:3036} INFO - Sync 1 DAGs
[2024-04-12T20:22:50.993+0800] {logging_mixin.py:188} INFO - [2024-04-12T20:22:50.992+0800] {dag.py:3823} INFO - Setting next_dagrun for example_skip_dag to 2024-04-11 00:00:00+00:00, run_after=2024-04-12 00:00:00+00:00
[2024-04-12T20:22:51.003+0800] {processor.py:183} INFO - Processing /Users/wanghaojin/Desktop/exchange@NUS/IS3107/HW/Project/news_data_pipeline/.venv/lib/python3.11/site-packages/airflow/example_dags/example_skip_dag.py took 0.103 seconds
[2024-04-12T20:25:23.934+0800] {processor.py:161} INFO - Started process (PID=9249) to work on /Users/wanghaojin/Desktop/exchange@NUS/IS3107/HW/Project/news_data_pipeline/.venv/lib/python3.11/site-packages/airflow/example_dags/example_skip_dag.py
[2024-04-12T20:25:23.936+0800] {processor.py:830} INFO - Processing file /Users/wanghaojin/Desktop/exchange@NUS/IS3107/HW/Project/news_data_pipeline/.venv/lib/python3.11/site-packages/airflow/example_dags/example_skip_dag.py for tasks to queue
[2024-04-12T20:25:23.936+0800] {logging_mixin.py:188} INFO - [2024-04-12T20:25:23.936+0800] {dagbag.py:538} INFO - Filling up the DagBag from /Users/wanghaojin/Desktop/exchange@NUS/IS3107/HW/Project/news_data_pipeline/.venv/lib/python3.11/site-packages/airflow/example_dags/example_skip_dag.py
[2024-04-12T20:25:23.940+0800] {processor.py:840} INFO - DAG(s) 'example_skip_dag' retrieved from /Users/wanghaojin/Desktop/exchange@NUS/IS3107/HW/Project/news_data_pipeline/.venv/lib/python3.11/site-packages/airflow/example_dags/example_skip_dag.py
[2024-04-12T20:25:24.018+0800] {logging_mixin.py:188} INFO - [2024-04-12T20:25:24.018+0800] {dag.py:3036} INFO - Sync 1 DAGs
[2024-04-12T20:25:24.026+0800] {logging_mixin.py:188} INFO - [2024-04-12T20:25:24.026+0800] {dag.py:3823} INFO - Setting next_dagrun for example_skip_dag to 2024-04-11 00:00:00+00:00, run_after=2024-04-12 00:00:00+00:00
[2024-04-12T20:25:24.037+0800] {processor.py:183} INFO - Processing /Users/wanghaojin/Desktop/exchange@NUS/IS3107/HW/Project/news_data_pipeline/.venv/lib/python3.11/site-packages/airflow/example_dags/example_skip_dag.py took 0.103 seconds
[2024-04-12T20:27:42.788+0800] {processor.py:161} INFO - Started process (PID=9495) to work on /Users/wanghaojin/Desktop/exchange@NUS/IS3107/HW/Project/news_data_pipeline/.venv/lib/python3.11/site-packages/airflow/example_dags/example_skip_dag.py
[2024-04-12T20:27:42.788+0800] {processor.py:830} INFO - Processing file /Users/wanghaojin/Desktop/exchange@NUS/IS3107/HW/Project/news_data_pipeline/.venv/lib/python3.11/site-packages/airflow/example_dags/example_skip_dag.py for tasks to queue
[2024-04-12T20:27:42.789+0800] {logging_mixin.py:188} INFO - [2024-04-12T20:27:42.789+0800] {dagbag.py:538} INFO - Filling up the DagBag from /Users/wanghaojin/Desktop/exchange@NUS/IS3107/HW/Project/news_data_pipeline/.venv/lib/python3.11/site-packages/airflow/example_dags/example_skip_dag.py
[2024-04-12T20:27:42.793+0800] {processor.py:840} INFO - DAG(s) 'example_skip_dag' retrieved from /Users/wanghaojin/Desktop/exchange@NUS/IS3107/HW/Project/news_data_pipeline/.venv/lib/python3.11/site-packages/airflow/example_dags/example_skip_dag.py
[2024-04-12T20:27:42.871+0800] {logging_mixin.py:188} INFO - [2024-04-12T20:27:42.871+0800] {dag.py:3036} INFO - Sync 1 DAGs
[2024-04-12T20:27:42.880+0800] {logging_mixin.py:188} INFO - [2024-04-12T20:27:42.880+0800] {dag.py:3823} INFO - Setting next_dagrun for example_skip_dag to 2024-04-11 00:00:00+00:00, run_after=2024-04-12 00:00:00+00:00
[2024-04-12T20:27:42.890+0800] {processor.py:183} INFO - Processing /Users/wanghaojin/Desktop/exchange@NUS/IS3107/HW/Project/news_data_pipeline/.venv/lib/python3.11/site-packages/airflow/example_dags/example_skip_dag.py took 0.103 seconds
[2024-04-12T20:29:56.291+0800] {processor.py:161} INFO - Started process (PID=9786) to work on /Users/wanghaojin/Desktop/exchange@NUS/IS3107/HW/Project/news_data_pipeline/.venv/lib/python3.11/site-packages/airflow/example_dags/example_skip_dag.py
[2024-04-12T20:29:56.292+0800] {processor.py:830} INFO - Processing file /Users/wanghaojin/Desktop/exchange@NUS/IS3107/HW/Project/news_data_pipeline/.venv/lib/python3.11/site-packages/airflow/example_dags/example_skip_dag.py for tasks to queue
[2024-04-12T20:29:56.293+0800] {logging_mixin.py:188} INFO - [2024-04-12T20:29:56.292+0800] {dagbag.py:538} INFO - Filling up the DagBag from /Users/wanghaojin/Desktop/exchange@NUS/IS3107/HW/Project/news_data_pipeline/.venv/lib/python3.11/site-packages/airflow/example_dags/example_skip_dag.py
[2024-04-12T20:29:56.297+0800] {processor.py:840} INFO - DAG(s) 'example_skip_dag' retrieved from /Users/wanghaojin/Desktop/exchange@NUS/IS3107/HW/Project/news_data_pipeline/.venv/lib/python3.11/site-packages/airflow/example_dags/example_skip_dag.py
[2024-04-12T20:29:56.424+0800] {logging_mixin.py:188} INFO - [2024-04-12T20:29:56.424+0800] {dag.py:3036} INFO - Sync 1 DAGs
[2024-04-12T20:29:56.433+0800] {logging_mixin.py:188} INFO - [2024-04-12T20:29:56.433+0800] {dag.py:3823} INFO - Setting next_dagrun for example_skip_dag to 2024-04-11 00:00:00+00:00, run_after=2024-04-12 00:00:00+00:00
[2024-04-12T20:29:56.444+0800] {processor.py:183} INFO - Processing /Users/wanghaojin/Desktop/exchange@NUS/IS3107/HW/Project/news_data_pipeline/.venv/lib/python3.11/site-packages/airflow/example_dags/example_skip_dag.py took 0.154 seconds
[2024-04-12T20:31:35.988+0800] {processor.py:161} INFO - Started process (PID=9930) to work on /Users/wanghaojin/Desktop/exchange@NUS/IS3107/HW/Project/news_data_pipeline/.venv/lib/python3.11/site-packages/airflow/example_dags/example_skip_dag.py
[2024-04-12T20:31:35.989+0800] {processor.py:830} INFO - Processing file /Users/wanghaojin/Desktop/exchange@NUS/IS3107/HW/Project/news_data_pipeline/.venv/lib/python3.11/site-packages/airflow/example_dags/example_skip_dag.py for tasks to queue
[2024-04-12T20:31:35.990+0800] {logging_mixin.py:188} INFO - [2024-04-12T20:31:35.990+0800] {dagbag.py:538} INFO - Filling up the DagBag from /Users/wanghaojin/Desktop/exchange@NUS/IS3107/HW/Project/news_data_pipeline/.venv/lib/python3.11/site-packages/airflow/example_dags/example_skip_dag.py
[2024-04-12T20:31:35.994+0800] {processor.py:840} INFO - DAG(s) 'example_skip_dag' retrieved from /Users/wanghaojin/Desktop/exchange@NUS/IS3107/HW/Project/news_data_pipeline/.venv/lib/python3.11/site-packages/airflow/example_dags/example_skip_dag.py
[2024-04-12T20:31:36.078+0800] {logging_mixin.py:188} INFO - [2024-04-12T20:31:36.078+0800] {dag.py:3036} INFO - Sync 1 DAGs
[2024-04-12T20:31:36.086+0800] {logging_mixin.py:188} INFO - [2024-04-12T20:31:36.086+0800] {dag.py:3823} INFO - Setting next_dagrun for example_skip_dag to 2024-04-11 00:00:00+00:00, run_after=2024-04-12 00:00:00+00:00
[2024-04-12T20:31:36.097+0800] {processor.py:183} INFO - Processing /Users/wanghaojin/Desktop/exchange@NUS/IS3107/HW/Project/news_data_pipeline/.venv/lib/python3.11/site-packages/airflow/example_dags/example_skip_dag.py took 0.110 seconds
[2024-04-12T20:34:15.321+0800] {processor.py:161} INFO - Started process (PID=10237) to work on /Users/wanghaojin/Desktop/exchange@NUS/IS3107/HW/Project/news_data_pipeline/.venv/lib/python3.11/site-packages/airflow/example_dags/example_skip_dag.py
[2024-04-12T20:34:15.323+0800] {processor.py:830} INFO - Processing file /Users/wanghaojin/Desktop/exchange@NUS/IS3107/HW/Project/news_data_pipeline/.venv/lib/python3.11/site-packages/airflow/example_dags/example_skip_dag.py for tasks to queue
[2024-04-12T20:34:15.323+0800] {logging_mixin.py:188} INFO - [2024-04-12T20:34:15.323+0800] {dagbag.py:538} INFO - Filling up the DagBag from /Users/wanghaojin/Desktop/exchange@NUS/IS3107/HW/Project/news_data_pipeline/.venv/lib/python3.11/site-packages/airflow/example_dags/example_skip_dag.py
[2024-04-12T20:34:15.327+0800] {processor.py:840} INFO - DAG(s) 'example_skip_dag' retrieved from /Users/wanghaojin/Desktop/exchange@NUS/IS3107/HW/Project/news_data_pipeline/.venv/lib/python3.11/site-packages/airflow/example_dags/example_skip_dag.py
[2024-04-12T20:34:15.450+0800] {logging_mixin.py:188} INFO - [2024-04-12T20:34:15.449+0800] {dag.py:3036} INFO - Sync 1 DAGs
[2024-04-12T20:34:15.459+0800] {logging_mixin.py:188} INFO - [2024-04-12T20:34:15.458+0800] {dag.py:3823} INFO - Setting next_dagrun for example_skip_dag to 2024-04-11 00:00:00+00:00, run_after=2024-04-12 00:00:00+00:00
[2024-04-12T20:34:15.469+0800] {processor.py:183} INFO - Processing /Users/wanghaojin/Desktop/exchange@NUS/IS3107/HW/Project/news_data_pipeline/.venv/lib/python3.11/site-packages/airflow/example_dags/example_skip_dag.py took 0.148 seconds
[2024-04-12T20:35:22.064+0800] {processor.py:161} INFO - Started process (PID=10365) to work on /Users/wanghaojin/Desktop/exchange@NUS/IS3107/HW/Project/news_data_pipeline/.venv/lib/python3.11/site-packages/airflow/example_dags/example_skip_dag.py
[2024-04-12T20:35:22.064+0800] {processor.py:830} INFO - Processing file /Users/wanghaojin/Desktop/exchange@NUS/IS3107/HW/Project/news_data_pipeline/.venv/lib/python3.11/site-packages/airflow/example_dags/example_skip_dag.py for tasks to queue
[2024-04-12T20:35:22.065+0800] {logging_mixin.py:188} INFO - [2024-04-12T20:35:22.065+0800] {dagbag.py:538} INFO - Filling up the DagBag from /Users/wanghaojin/Desktop/exchange@NUS/IS3107/HW/Project/news_data_pipeline/.venv/lib/python3.11/site-packages/airflow/example_dags/example_skip_dag.py
[2024-04-12T20:35:22.069+0800] {processor.py:840} INFO - DAG(s) 'example_skip_dag' retrieved from /Users/wanghaojin/Desktop/exchange@NUS/IS3107/HW/Project/news_data_pipeline/.venv/lib/python3.11/site-packages/airflow/example_dags/example_skip_dag.py
[2024-04-12T20:35:22.190+0800] {logging_mixin.py:188} INFO - [2024-04-12T20:35:22.190+0800] {dag.py:3036} INFO - Sync 1 DAGs
[2024-04-12T20:35:22.199+0800] {logging_mixin.py:188} INFO - [2024-04-12T20:35:22.199+0800] {dag.py:3823} INFO - Setting next_dagrun for example_skip_dag to 2024-04-11 00:00:00+00:00, run_after=2024-04-12 00:00:00+00:00
[2024-04-12T20:35:22.209+0800] {processor.py:183} INFO - Processing /Users/wanghaojin/Desktop/exchange@NUS/IS3107/HW/Project/news_data_pipeline/.venv/lib/python3.11/site-packages/airflow/example_dags/example_skip_dag.py took 0.146 seconds
[2024-04-12T20:36:43.248+0800] {processor.py:161} INFO - Started process (PID=10526) to work on /Users/wanghaojin/Desktop/exchange@NUS/IS3107/HW/Project/news_data_pipeline/.venv/lib/python3.11/site-packages/airflow/example_dags/example_skip_dag.py
[2024-04-12T20:36:43.249+0800] {processor.py:830} INFO - Processing file /Users/wanghaojin/Desktop/exchange@NUS/IS3107/HW/Project/news_data_pipeline/.venv/lib/python3.11/site-packages/airflow/example_dags/example_skip_dag.py for tasks to queue
[2024-04-12T20:36:43.249+0800] {logging_mixin.py:188} INFO - [2024-04-12T20:36:43.249+0800] {dagbag.py:538} INFO - Filling up the DagBag from /Users/wanghaojin/Desktop/exchange@NUS/IS3107/HW/Project/news_data_pipeline/.venv/lib/python3.11/site-packages/airflow/example_dags/example_skip_dag.py
[2024-04-12T20:36:43.253+0800] {processor.py:840} INFO - DAG(s) 'example_skip_dag' retrieved from /Users/wanghaojin/Desktop/exchange@NUS/IS3107/HW/Project/news_data_pipeline/.venv/lib/python3.11/site-packages/airflow/example_dags/example_skip_dag.py
[2024-04-12T20:36:43.375+0800] {logging_mixin.py:188} INFO - [2024-04-12T20:36:43.374+0800] {dag.py:3036} INFO - Sync 1 DAGs
[2024-04-12T20:36:43.383+0800] {logging_mixin.py:188} INFO - [2024-04-12T20:36:43.383+0800] {dag.py:3823} INFO - Setting next_dagrun for example_skip_dag to 2024-04-11 00:00:00+00:00, run_after=2024-04-12 00:00:00+00:00
[2024-04-12T20:36:43.394+0800] {processor.py:183} INFO - Processing /Users/wanghaojin/Desktop/exchange@NUS/IS3107/HW/Project/news_data_pipeline/.venv/lib/python3.11/site-packages/airflow/example_dags/example_skip_dag.py took 0.146 seconds
[2024-04-12T20:38:22.601+0800] {processor.py:161} INFO - Started process (PID=10662) to work on /Users/wanghaojin/Desktop/exchange@NUS/IS3107/HW/Project/news_data_pipeline/.venv/lib/python3.11/site-packages/airflow/example_dags/example_skip_dag.py
[2024-04-12T20:38:22.601+0800] {processor.py:830} INFO - Processing file /Users/wanghaojin/Desktop/exchange@NUS/IS3107/HW/Project/news_data_pipeline/.venv/lib/python3.11/site-packages/airflow/example_dags/example_skip_dag.py for tasks to queue
[2024-04-12T20:38:22.602+0800] {logging_mixin.py:188} INFO - [2024-04-12T20:38:22.602+0800] {dagbag.py:538} INFO - Filling up the DagBag from /Users/wanghaojin/Desktop/exchange@NUS/IS3107/HW/Project/news_data_pipeline/.venv/lib/python3.11/site-packages/airflow/example_dags/example_skip_dag.py
[2024-04-12T20:38:22.606+0800] {processor.py:840} INFO - DAG(s) 'example_skip_dag' retrieved from /Users/wanghaojin/Desktop/exchange@NUS/IS3107/HW/Project/news_data_pipeline/.venv/lib/python3.11/site-packages/airflow/example_dags/example_skip_dag.py
[2024-04-12T20:38:22.686+0800] {logging_mixin.py:188} INFO - [2024-04-12T20:38:22.686+0800] {dag.py:3036} INFO - Sync 1 DAGs
[2024-04-12T20:38:22.694+0800] {logging_mixin.py:188} INFO - [2024-04-12T20:38:22.694+0800] {dag.py:3823} INFO - Setting next_dagrun for example_skip_dag to 2024-04-11 00:00:00+00:00, run_after=2024-04-12 00:00:00+00:00
[2024-04-12T20:38:22.705+0800] {processor.py:183} INFO - Processing /Users/wanghaojin/Desktop/exchange@NUS/IS3107/HW/Project/news_data_pipeline/.venv/lib/python3.11/site-packages/airflow/example_dags/example_skip_dag.py took 0.104 seconds
[2024-04-12T20:40:38.755+0800] {processor.py:161} INFO - Started process (PID=10869) to work on /Users/wanghaojin/Desktop/exchange@NUS/IS3107/HW/Project/news_data_pipeline/.venv/lib/python3.11/site-packages/airflow/example_dags/example_skip_dag.py
[2024-04-12T20:40:38.756+0800] {processor.py:830} INFO - Processing file /Users/wanghaojin/Desktop/exchange@NUS/IS3107/HW/Project/news_data_pipeline/.venv/lib/python3.11/site-packages/airflow/example_dags/example_skip_dag.py for tasks to queue
[2024-04-12T20:40:38.756+0800] {logging_mixin.py:188} INFO - [2024-04-12T20:40:38.756+0800] {dagbag.py:538} INFO - Filling up the DagBag from /Users/wanghaojin/Desktop/exchange@NUS/IS3107/HW/Project/news_data_pipeline/.venv/lib/python3.11/site-packages/airflow/example_dags/example_skip_dag.py
[2024-04-12T20:40:38.760+0800] {processor.py:840} INFO - DAG(s) 'example_skip_dag' retrieved from /Users/wanghaojin/Desktop/exchange@NUS/IS3107/HW/Project/news_data_pipeline/.venv/lib/python3.11/site-packages/airflow/example_dags/example_skip_dag.py
[2024-04-12T20:40:38.838+0800] {logging_mixin.py:188} INFO - [2024-04-12T20:40:38.838+0800] {dag.py:3036} INFO - Sync 1 DAGs
[2024-04-12T20:40:38.847+0800] {logging_mixin.py:188} INFO - [2024-04-12T20:40:38.847+0800] {dag.py:3823} INFO - Setting next_dagrun for example_skip_dag to 2024-04-11 00:00:00+00:00, run_after=2024-04-12 00:00:00+00:00
[2024-04-12T20:40:38.857+0800] {processor.py:183} INFO - Processing /Users/wanghaojin/Desktop/exchange@NUS/IS3107/HW/Project/news_data_pipeline/.venv/lib/python3.11/site-packages/airflow/example_dags/example_skip_dag.py took 0.103 seconds
[2024-04-12T20:42:59.947+0800] {processor.py:161} INFO - Started process (PID=11092) to work on /Users/wanghaojin/Desktop/exchange@NUS/IS3107/HW/Project/news_data_pipeline/.venv/lib/python3.11/site-packages/airflow/example_dags/example_skip_dag.py
[2024-04-12T20:42:59.949+0800] {processor.py:830} INFO - Processing file /Users/wanghaojin/Desktop/exchange@NUS/IS3107/HW/Project/news_data_pipeline/.venv/lib/python3.11/site-packages/airflow/example_dags/example_skip_dag.py for tasks to queue
[2024-04-12T20:42:59.949+0800] {logging_mixin.py:188} INFO - [2024-04-12T20:42:59.949+0800] {dagbag.py:538} INFO - Filling up the DagBag from /Users/wanghaojin/Desktop/exchange@NUS/IS3107/HW/Project/news_data_pipeline/.venv/lib/python3.11/site-packages/airflow/example_dags/example_skip_dag.py
[2024-04-12T20:42:59.954+0800] {processor.py:840} INFO - DAG(s) 'example_skip_dag' retrieved from /Users/wanghaojin/Desktop/exchange@NUS/IS3107/HW/Project/news_data_pipeline/.venv/lib/python3.11/site-packages/airflow/example_dags/example_skip_dag.py
[2024-04-12T20:43:00.050+0800] {logging_mixin.py:188} INFO - [2024-04-12T20:43:00.050+0800] {dag.py:3036} INFO - Sync 1 DAGs
[2024-04-12T20:43:00.060+0800] {logging_mixin.py:188} INFO - [2024-04-12T20:43:00.060+0800] {dag.py:3823} INFO - Setting next_dagrun for example_skip_dag to 2024-04-11 00:00:00+00:00, run_after=2024-04-12 00:00:00+00:00
[2024-04-12T20:43:00.070+0800] {processor.py:183} INFO - Processing /Users/wanghaojin/Desktop/exchange@NUS/IS3107/HW/Project/news_data_pipeline/.venv/lib/python3.11/site-packages/airflow/example_dags/example_skip_dag.py took 0.124 seconds
[2024-04-12T20:46:02.274+0800] {processor.py:161} INFO - Started process (PID=11416) to work on /Users/wanghaojin/Desktop/exchange@NUS/IS3107/HW/Project/news_data_pipeline/.venv/lib/python3.11/site-packages/airflow/example_dags/example_skip_dag.py
[2024-04-12T20:46:02.276+0800] {processor.py:830} INFO - Processing file /Users/wanghaojin/Desktop/exchange@NUS/IS3107/HW/Project/news_data_pipeline/.venv/lib/python3.11/site-packages/airflow/example_dags/example_skip_dag.py for tasks to queue
[2024-04-12T20:46:02.277+0800] {logging_mixin.py:188} INFO - [2024-04-12T20:46:02.276+0800] {dagbag.py:538} INFO - Filling up the DagBag from /Users/wanghaojin/Desktop/exchange@NUS/IS3107/HW/Project/news_data_pipeline/.venv/lib/python3.11/site-packages/airflow/example_dags/example_skip_dag.py
[2024-04-12T20:46:02.281+0800] {processor.py:840} INFO - DAG(s) 'example_skip_dag' retrieved from /Users/wanghaojin/Desktop/exchange@NUS/IS3107/HW/Project/news_data_pipeline/.venv/lib/python3.11/site-packages/airflow/example_dags/example_skip_dag.py
[2024-04-12T20:46:02.404+0800] {logging_mixin.py:188} INFO - [2024-04-12T20:46:02.403+0800] {dag.py:3036} INFO - Sync 1 DAGs
[2024-04-12T20:46:02.412+0800] {logging_mixin.py:188} INFO - [2024-04-12T20:46:02.412+0800] {dag.py:3823} INFO - Setting next_dagrun for example_skip_dag to 2024-04-11 00:00:00+00:00, run_after=2024-04-12 00:00:00+00:00
[2024-04-12T20:46:02.423+0800] {processor.py:183} INFO - Processing /Users/wanghaojin/Desktop/exchange@NUS/IS3107/HW/Project/news_data_pipeline/.venv/lib/python3.11/site-packages/airflow/example_dags/example_skip_dag.py took 0.149 seconds
[2024-04-12T20:46:58.376+0800] {processor.py:161} INFO - Started process (PID=11529) to work on /Users/wanghaojin/Desktop/exchange@NUS/IS3107/HW/Project/news_data_pipeline/.venv/lib/python3.11/site-packages/airflow/example_dags/example_skip_dag.py
[2024-04-12T20:46:58.376+0800] {processor.py:830} INFO - Processing file /Users/wanghaojin/Desktop/exchange@NUS/IS3107/HW/Project/news_data_pipeline/.venv/lib/python3.11/site-packages/airflow/example_dags/example_skip_dag.py for tasks to queue
[2024-04-12T20:46:58.377+0800] {logging_mixin.py:188} INFO - [2024-04-12T20:46:58.376+0800] {dagbag.py:538} INFO - Filling up the DagBag from /Users/wanghaojin/Desktop/exchange@NUS/IS3107/HW/Project/news_data_pipeline/.venv/lib/python3.11/site-packages/airflow/example_dags/example_skip_dag.py
[2024-04-12T20:46:58.381+0800] {processor.py:840} INFO - DAG(s) 'example_skip_dag' retrieved from /Users/wanghaojin/Desktop/exchange@NUS/IS3107/HW/Project/news_data_pipeline/.venv/lib/python3.11/site-packages/airflow/example_dags/example_skip_dag.py
[2024-04-12T20:46:58.501+0800] {logging_mixin.py:188} INFO - [2024-04-12T20:46:58.501+0800] {dag.py:3036} INFO - Sync 1 DAGs
[2024-04-12T20:46:58.510+0800] {logging_mixin.py:188} INFO - [2024-04-12T20:46:58.510+0800] {dag.py:3823} INFO - Setting next_dagrun for example_skip_dag to 2024-04-11 00:00:00+00:00, run_after=2024-04-12 00:00:00+00:00
[2024-04-12T20:46:58.521+0800] {processor.py:183} INFO - Processing /Users/wanghaojin/Desktop/exchange@NUS/IS3107/HW/Project/news_data_pipeline/.venv/lib/python3.11/site-packages/airflow/example_dags/example_skip_dag.py took 0.145 seconds
[2024-04-12T20:48:35.200+0800] {processor.py:161} INFO - Started process (PID=11769) to work on /Users/wanghaojin/Desktop/exchange@NUS/IS3107/HW/Project/news_data_pipeline/.venv/lib/python3.11/site-packages/airflow/example_dags/example_skip_dag.py
[2024-04-12T20:48:35.201+0800] {processor.py:830} INFO - Processing file /Users/wanghaojin/Desktop/exchange@NUS/IS3107/HW/Project/news_data_pipeline/.venv/lib/python3.11/site-packages/airflow/example_dags/example_skip_dag.py for tasks to queue
[2024-04-12T20:48:35.202+0800] {logging_mixin.py:188} INFO - [2024-04-12T20:48:35.202+0800] {dagbag.py:538} INFO - Filling up the DagBag from /Users/wanghaojin/Desktop/exchange@NUS/IS3107/HW/Project/news_data_pipeline/.venv/lib/python3.11/site-packages/airflow/example_dags/example_skip_dag.py
[2024-04-12T20:48:35.206+0800] {processor.py:840} INFO - DAG(s) 'example_skip_dag' retrieved from /Users/wanghaojin/Desktop/exchange@NUS/IS3107/HW/Project/news_data_pipeline/.venv/lib/python3.11/site-packages/airflow/example_dags/example_skip_dag.py
[2024-04-12T20:48:35.327+0800] {logging_mixin.py:188} INFO - [2024-04-12T20:48:35.327+0800] {dag.py:3036} INFO - Sync 1 DAGs
[2024-04-12T20:48:35.336+0800] {logging_mixin.py:188} INFO - [2024-04-12T20:48:35.336+0800] {dag.py:3823} INFO - Setting next_dagrun for example_skip_dag to 2024-04-11 00:00:00+00:00, run_after=2024-04-12 00:00:00+00:00
[2024-04-12T20:48:35.346+0800] {processor.py:183} INFO - Processing /Users/wanghaojin/Desktop/exchange@NUS/IS3107/HW/Project/news_data_pipeline/.venv/lib/python3.11/site-packages/airflow/example_dags/example_skip_dag.py took 0.147 seconds
[2024-04-12T20:49:53.972+0800] {processor.py:161} INFO - Started process (PID=11897) to work on /Users/wanghaojin/Desktop/exchange@NUS/IS3107/HW/Project/news_data_pipeline/.venv/lib/python3.11/site-packages/airflow/example_dags/example_skip_dag.py
[2024-04-12T20:49:53.973+0800] {processor.py:830} INFO - Processing file /Users/wanghaojin/Desktop/exchange@NUS/IS3107/HW/Project/news_data_pipeline/.venv/lib/python3.11/site-packages/airflow/example_dags/example_skip_dag.py for tasks to queue
[2024-04-12T20:49:53.974+0800] {logging_mixin.py:188} INFO - [2024-04-12T20:49:53.973+0800] {dagbag.py:538} INFO - Filling up the DagBag from /Users/wanghaojin/Desktop/exchange@NUS/IS3107/HW/Project/news_data_pipeline/.venv/lib/python3.11/site-packages/airflow/example_dags/example_skip_dag.py
[2024-04-12T20:49:53.978+0800] {processor.py:840} INFO - DAG(s) 'example_skip_dag' retrieved from /Users/wanghaojin/Desktop/exchange@NUS/IS3107/HW/Project/news_data_pipeline/.venv/lib/python3.11/site-packages/airflow/example_dags/example_skip_dag.py
[2024-04-12T20:49:54.098+0800] {logging_mixin.py:188} INFO - [2024-04-12T20:49:54.098+0800] {dag.py:3036} INFO - Sync 1 DAGs
[2024-04-12T20:49:54.107+0800] {logging_mixin.py:188} INFO - [2024-04-12T20:49:54.107+0800] {dag.py:3823} INFO - Setting next_dagrun for example_skip_dag to 2024-04-11 00:00:00+00:00, run_after=2024-04-12 00:00:00+00:00
[2024-04-12T20:49:54.118+0800] {processor.py:183} INFO - Processing /Users/wanghaojin/Desktop/exchange@NUS/IS3107/HW/Project/news_data_pipeline/.venv/lib/python3.11/site-packages/airflow/example_dags/example_skip_dag.py took 0.147 seconds
