[2024-04-12T19:28:09.078+0800] {processor.py:161} INFO - Started process (PID=3478) to work on /Users/wanghaojin/Desktop/exchange@NUS/IS3107/HW/Project/news_data_pipeline/.venv/lib/python3.11/site-packages/airflow/example_dags/example_branch_operator.py
[2024-04-12T19:28:09.078+0800] {processor.py:830} INFO - Processing file /Users/wanghaojin/Desktop/exchange@NUS/IS3107/HW/Project/news_data_pipeline/.venv/lib/python3.11/site-packages/airflow/example_dags/example_branch_operator.py for tasks to queue
[2024-04-12T19:28:09.079+0800] {logging_mixin.py:188} INFO - [2024-04-12T19:28:09.079+0800] {dagbag.py:538} INFO - Filling up the DagBag from /Users/wanghaojin/Desktop/exchange@NUS/IS3107/HW/Project/news_data_pipeline/.venv/lib/python3.11/site-packages/airflow/example_dags/example_branch_operator.py
[2024-04-12T19:28:09.098+0800] {processor.py:840} INFO - DAG(s) 'example_branch_operator' retrieved from /Users/wanghaojin/Desktop/exchange@NUS/IS3107/HW/Project/news_data_pipeline/.venv/lib/python3.11/site-packages/airflow/example_dags/example_branch_operator.py
[2024-04-12T19:28:09.221+0800] {logging_mixin.py:188} INFO - [2024-04-12T19:28:09.221+0800] {dag.py:3036} INFO - Sync 1 DAGs
[2024-04-12T19:28:09.229+0800] {logging_mixin.py:188} INFO - [2024-04-12T19:28:09.229+0800] {dag.py:3823} INFO - Setting next_dagrun for example_branch_operator to 2024-04-11 00:00:00+00:00, run_after=2024-04-12 00:00:00+00:00
[2024-04-12T19:28:09.240+0800] {processor.py:183} INFO - Processing /Users/wanghaojin/Desktop/exchange@NUS/IS3107/HW/Project/news_data_pipeline/.venv/lib/python3.11/site-packages/airflow/example_dags/example_branch_operator.py took 0.162 seconds
[2024-04-12T19:31:06.334+0800] {processor.py:161} INFO - Started process (PID=4213) to work on /Users/wanghaojin/Desktop/exchange@NUS/IS3107/HW/Project/news_data_pipeline/.venv/lib/python3.11/site-packages/airflow/example_dags/example_branch_operator.py
[2024-04-12T19:31:06.334+0800] {processor.py:830} INFO - Processing file /Users/wanghaojin/Desktop/exchange@NUS/IS3107/HW/Project/news_data_pipeline/.venv/lib/python3.11/site-packages/airflow/example_dags/example_branch_operator.py for tasks to queue
[2024-04-12T19:31:06.335+0800] {logging_mixin.py:188} INFO - [2024-04-12T19:31:06.335+0800] {dagbag.py:538} INFO - Filling up the DagBag from /Users/wanghaojin/Desktop/exchange@NUS/IS3107/HW/Project/news_data_pipeline/.venv/lib/python3.11/site-packages/airflow/example_dags/example_branch_operator.py
[2024-04-12T19:31:06.354+0800] {processor.py:840} INFO - DAG(s) 'example_branch_operator' retrieved from /Users/wanghaojin/Desktop/exchange@NUS/IS3107/HW/Project/news_data_pipeline/.venv/lib/python3.11/site-packages/airflow/example_dags/example_branch_operator.py
[2024-04-12T19:31:06.479+0800] {logging_mixin.py:188} INFO - [2024-04-12T19:31:06.479+0800] {dag.py:3036} INFO - Sync 1 DAGs
[2024-04-12T19:31:06.488+0800] {logging_mixin.py:188} INFO - [2024-04-12T19:31:06.488+0800] {dag.py:3823} INFO - Setting next_dagrun for example_branch_operator to 2024-04-11 00:00:00+00:00, run_after=2024-04-12 00:00:00+00:00
[2024-04-12T19:31:06.498+0800] {processor.py:183} INFO - Processing /Users/wanghaojin/Desktop/exchange@NUS/IS3107/HW/Project/news_data_pipeline/.venv/lib/python3.11/site-packages/airflow/example_dags/example_branch_operator.py took 0.165 seconds
[2024-04-12T19:32:54.329+0800] {processor.py:161} INFO - Started process (PID=4424) to work on /Users/wanghaojin/Desktop/exchange@NUS/IS3107/HW/Project/news_data_pipeline/.venv/lib/python3.11/site-packages/airflow/example_dags/example_branch_operator.py
[2024-04-12T19:32:54.330+0800] {processor.py:830} INFO - Processing file /Users/wanghaojin/Desktop/exchange@NUS/IS3107/HW/Project/news_data_pipeline/.venv/lib/python3.11/site-packages/airflow/example_dags/example_branch_operator.py for tasks to queue
[2024-04-12T19:32:54.330+0800] {logging_mixin.py:188} INFO - [2024-04-12T19:32:54.330+0800] {dagbag.py:538} INFO - Filling up the DagBag from /Users/wanghaojin/Desktop/exchange@NUS/IS3107/HW/Project/news_data_pipeline/.venv/lib/python3.11/site-packages/airflow/example_dags/example_branch_operator.py
[2024-04-12T19:32:54.349+0800] {processor.py:840} INFO - DAG(s) 'example_branch_operator' retrieved from /Users/wanghaojin/Desktop/exchange@NUS/IS3107/HW/Project/news_data_pipeline/.venv/lib/python3.11/site-packages/airflow/example_dags/example_branch_operator.py
[2024-04-12T19:32:54.472+0800] {logging_mixin.py:188} INFO - [2024-04-12T19:32:54.471+0800] {dag.py:3036} INFO - Sync 1 DAGs
[2024-04-12T19:32:54.480+0800] {logging_mixin.py:188} INFO - [2024-04-12T19:32:54.480+0800] {dag.py:3823} INFO - Setting next_dagrun for example_branch_operator to 2024-04-11 00:00:00+00:00, run_after=2024-04-12 00:00:00+00:00
[2024-04-12T19:32:54.491+0800] {processor.py:183} INFO - Processing /Users/wanghaojin/Desktop/exchange@NUS/IS3107/HW/Project/news_data_pipeline/.venv/lib/python3.11/site-packages/airflow/example_dags/example_branch_operator.py took 0.162 seconds
[2024-04-12T19:35:11.342+0800] {processor.py:161} INFO - Started process (PID=4625) to work on /Users/wanghaojin/Desktop/exchange@NUS/IS3107/HW/Project/news_data_pipeline/.venv/lib/python3.11/site-packages/airflow/example_dags/example_branch_operator.py
[2024-04-12T19:35:11.342+0800] {processor.py:830} INFO - Processing file /Users/wanghaojin/Desktop/exchange@NUS/IS3107/HW/Project/news_data_pipeline/.venv/lib/python3.11/site-packages/airflow/example_dags/example_branch_operator.py for tasks to queue
[2024-04-12T19:35:11.343+0800] {logging_mixin.py:188} INFO - [2024-04-12T19:35:11.342+0800] {dagbag.py:538} INFO - Filling up the DagBag from /Users/wanghaojin/Desktop/exchange@NUS/IS3107/HW/Project/news_data_pipeline/.venv/lib/python3.11/site-packages/airflow/example_dags/example_branch_operator.py
[2024-04-12T19:35:11.362+0800] {processor.py:840} INFO - DAG(s) 'example_branch_operator' retrieved from /Users/wanghaojin/Desktop/exchange@NUS/IS3107/HW/Project/news_data_pipeline/.venv/lib/python3.11/site-packages/airflow/example_dags/example_branch_operator.py
[2024-04-12T19:35:11.485+0800] {logging_mixin.py:188} INFO - [2024-04-12T19:35:11.485+0800] {dag.py:3036} INFO - Sync 1 DAGs
[2024-04-12T19:35:11.493+0800] {logging_mixin.py:188} INFO - [2024-04-12T19:35:11.493+0800] {dag.py:3823} INFO - Setting next_dagrun for example_branch_operator to 2024-04-11 00:00:00+00:00, run_after=2024-04-12 00:00:00+00:00
[2024-04-12T19:35:11.504+0800] {processor.py:183} INFO - Processing /Users/wanghaojin/Desktop/exchange@NUS/IS3107/HW/Project/news_data_pipeline/.venv/lib/python3.11/site-packages/airflow/example_dags/example_branch_operator.py took 0.163 seconds
[2024-04-12T19:37:28.607+0800] {processor.py:161} INFO - Started process (PID=4844) to work on /Users/wanghaojin/Desktop/exchange@NUS/IS3107/HW/Project/news_data_pipeline/.venv/lib/python3.11/site-packages/airflow/example_dags/example_branch_operator.py
[2024-04-12T19:37:28.607+0800] {processor.py:830} INFO - Processing file /Users/wanghaojin/Desktop/exchange@NUS/IS3107/HW/Project/news_data_pipeline/.venv/lib/python3.11/site-packages/airflow/example_dags/example_branch_operator.py for tasks to queue
[2024-04-12T19:37:28.607+0800] {logging_mixin.py:188} INFO - [2024-04-12T19:37:28.607+0800] {dagbag.py:538} INFO - Filling up the DagBag from /Users/wanghaojin/Desktop/exchange@NUS/IS3107/HW/Project/news_data_pipeline/.venv/lib/python3.11/site-packages/airflow/example_dags/example_branch_operator.py
[2024-04-12T19:37:28.627+0800] {processor.py:840} INFO - DAG(s) 'example_branch_operator' retrieved from /Users/wanghaojin/Desktop/exchange@NUS/IS3107/HW/Project/news_data_pipeline/.venv/lib/python3.11/site-packages/airflow/example_dags/example_branch_operator.py
[2024-04-12T19:37:28.750+0800] {logging_mixin.py:188} INFO - [2024-04-12T19:37:28.749+0800] {dag.py:3036} INFO - Sync 1 DAGs
[2024-04-12T19:37:28.758+0800] {logging_mixin.py:188} INFO - [2024-04-12T19:37:28.758+0800] {dag.py:3823} INFO - Setting next_dagrun for example_branch_operator to 2024-04-11 00:00:00+00:00, run_after=2024-04-12 00:00:00+00:00
[2024-04-12T19:37:28.768+0800] {processor.py:183} INFO - Processing /Users/wanghaojin/Desktop/exchange@NUS/IS3107/HW/Project/news_data_pipeline/.venv/lib/python3.11/site-packages/airflow/example_dags/example_branch_operator.py took 0.162 seconds
[2024-04-12T19:39:42.071+0800] {processor.py:161} INFO - Started process (PID=5057) to work on /Users/wanghaojin/Desktop/exchange@NUS/IS3107/HW/Project/news_data_pipeline/.venv/lib/python3.11/site-packages/airflow/example_dags/example_branch_operator.py
[2024-04-12T19:39:42.071+0800] {processor.py:830} INFO - Processing file /Users/wanghaojin/Desktop/exchange@NUS/IS3107/HW/Project/news_data_pipeline/.venv/lib/python3.11/site-packages/airflow/example_dags/example_branch_operator.py for tasks to queue
[2024-04-12T19:39:42.072+0800] {logging_mixin.py:188} INFO - [2024-04-12T19:39:42.072+0800] {dagbag.py:538} INFO - Filling up the DagBag from /Users/wanghaojin/Desktop/exchange@NUS/IS3107/HW/Project/news_data_pipeline/.venv/lib/python3.11/site-packages/airflow/example_dags/example_branch_operator.py
[2024-04-12T19:39:42.091+0800] {processor.py:840} INFO - DAG(s) 'example_branch_operator' retrieved from /Users/wanghaojin/Desktop/exchange@NUS/IS3107/HW/Project/news_data_pipeline/.venv/lib/python3.11/site-packages/airflow/example_dags/example_branch_operator.py
[2024-04-12T19:39:42.213+0800] {logging_mixin.py:188} INFO - [2024-04-12T19:39:42.213+0800] {dag.py:3036} INFO - Sync 1 DAGs
[2024-04-12T19:39:42.222+0800] {logging_mixin.py:188} INFO - [2024-04-12T19:39:42.222+0800] {dag.py:3823} INFO - Setting next_dagrun for example_branch_operator to 2024-04-11 00:00:00+00:00, run_after=2024-04-12 00:00:00+00:00
[2024-04-12T19:39:42.232+0800] {processor.py:183} INFO - Processing /Users/wanghaojin/Desktop/exchange@NUS/IS3107/HW/Project/news_data_pipeline/.venv/lib/python3.11/site-packages/airflow/example_dags/example_branch_operator.py took 0.162 seconds
[2024-04-12T19:41:57.104+0800] {processor.py:161} INFO - Started process (PID=5268) to work on /Users/wanghaojin/Desktop/exchange@NUS/IS3107/HW/Project/news_data_pipeline/.venv/lib/python3.11/site-packages/airflow/example_dags/example_branch_operator.py
[2024-04-12T19:41:57.104+0800] {processor.py:830} INFO - Processing file /Users/wanghaojin/Desktop/exchange@NUS/IS3107/HW/Project/news_data_pipeline/.venv/lib/python3.11/site-packages/airflow/example_dags/example_branch_operator.py for tasks to queue
[2024-04-12T19:41:57.105+0800] {logging_mixin.py:188} INFO - [2024-04-12T19:41:57.105+0800] {dagbag.py:538} INFO - Filling up the DagBag from /Users/wanghaojin/Desktop/exchange@NUS/IS3107/HW/Project/news_data_pipeline/.venv/lib/python3.11/site-packages/airflow/example_dags/example_branch_operator.py
[2024-04-12T19:41:57.124+0800] {processor.py:840} INFO - DAG(s) 'example_branch_operator' retrieved from /Users/wanghaojin/Desktop/exchange@NUS/IS3107/HW/Project/news_data_pipeline/.venv/lib/python3.11/site-packages/airflow/example_dags/example_branch_operator.py
[2024-04-12T19:41:57.247+0800] {logging_mixin.py:188} INFO - [2024-04-12T19:41:57.247+0800] {dag.py:3036} INFO - Sync 1 DAGs
[2024-04-12T19:41:57.256+0800] {logging_mixin.py:188} INFO - [2024-04-12T19:41:57.256+0800] {dag.py:3823} INFO - Setting next_dagrun for example_branch_operator to 2024-04-11 00:00:00+00:00, run_after=2024-04-12 00:00:00+00:00
[2024-04-12T19:41:57.266+0800] {processor.py:183} INFO - Processing /Users/wanghaojin/Desktop/exchange@NUS/IS3107/HW/Project/news_data_pipeline/.venv/lib/python3.11/site-packages/airflow/example_dags/example_branch_operator.py took 0.163 seconds
[2024-04-12T19:44:12.629+0800] {processor.py:161} INFO - Started process (PID=5479) to work on /Users/wanghaojin/Desktop/exchange@NUS/IS3107/HW/Project/news_data_pipeline/.venv/lib/python3.11/site-packages/airflow/example_dags/example_branch_operator.py
[2024-04-12T19:44:12.630+0800] {processor.py:830} INFO - Processing file /Users/wanghaojin/Desktop/exchange@NUS/IS3107/HW/Project/news_data_pipeline/.venv/lib/python3.11/site-packages/airflow/example_dags/example_branch_operator.py for tasks to queue
[2024-04-12T19:44:12.630+0800] {logging_mixin.py:188} INFO - [2024-04-12T19:44:12.630+0800] {dagbag.py:538} INFO - Filling up the DagBag from /Users/wanghaojin/Desktop/exchange@NUS/IS3107/HW/Project/news_data_pipeline/.venv/lib/python3.11/site-packages/airflow/example_dags/example_branch_operator.py
[2024-04-12T19:44:12.650+0800] {processor.py:840} INFO - DAG(s) 'example_branch_operator' retrieved from /Users/wanghaojin/Desktop/exchange@NUS/IS3107/HW/Project/news_data_pipeline/.venv/lib/python3.11/site-packages/airflow/example_dags/example_branch_operator.py
[2024-04-12T19:44:12.773+0800] {logging_mixin.py:188} INFO - [2024-04-12T19:44:12.773+0800] {dag.py:3036} INFO - Sync 1 DAGs
[2024-04-12T19:44:12.781+0800] {logging_mixin.py:188} INFO - [2024-04-12T19:44:12.781+0800] {dag.py:3823} INFO - Setting next_dagrun for example_branch_operator to 2024-04-11 00:00:00+00:00, run_after=2024-04-12 00:00:00+00:00
[2024-04-12T19:44:12.792+0800] {processor.py:183} INFO - Processing /Users/wanghaojin/Desktop/exchange@NUS/IS3107/HW/Project/news_data_pipeline/.venv/lib/python3.11/site-packages/airflow/example_dags/example_branch_operator.py took 0.164 seconds
[2024-04-12T19:46:28.724+0800] {processor.py:161} INFO - Started process (PID=5671) to work on /Users/wanghaojin/Desktop/exchange@NUS/IS3107/HW/Project/news_data_pipeline/.venv/lib/python3.11/site-packages/airflow/example_dags/example_branch_operator.py
[2024-04-12T19:46:28.725+0800] {processor.py:830} INFO - Processing file /Users/wanghaojin/Desktop/exchange@NUS/IS3107/HW/Project/news_data_pipeline/.venv/lib/python3.11/site-packages/airflow/example_dags/example_branch_operator.py for tasks to queue
[2024-04-12T19:46:28.726+0800] {logging_mixin.py:188} INFO - [2024-04-12T19:46:28.726+0800] {dagbag.py:538} INFO - Filling up the DagBag from /Users/wanghaojin/Desktop/exchange@NUS/IS3107/HW/Project/news_data_pipeline/.venv/lib/python3.11/site-packages/airflow/example_dags/example_branch_operator.py
[2024-04-12T19:46:28.745+0800] {processor.py:840} INFO - DAG(s) 'example_branch_operator' retrieved from /Users/wanghaojin/Desktop/exchange@NUS/IS3107/HW/Project/news_data_pipeline/.venv/lib/python3.11/site-packages/airflow/example_dags/example_branch_operator.py
[2024-04-12T19:46:28.871+0800] {logging_mixin.py:188} INFO - [2024-04-12T19:46:28.870+0800] {dag.py:3036} INFO - Sync 1 DAGs
[2024-04-12T19:46:28.879+0800] {logging_mixin.py:188} INFO - [2024-04-12T19:46:28.879+0800] {dag.py:3823} INFO - Setting next_dagrun for example_branch_operator to 2024-04-11 00:00:00+00:00, run_after=2024-04-12 00:00:00+00:00
[2024-04-12T19:46:28.890+0800] {processor.py:183} INFO - Processing /Users/wanghaojin/Desktop/exchange@NUS/IS3107/HW/Project/news_data_pipeline/.venv/lib/python3.11/site-packages/airflow/example_dags/example_branch_operator.py took 0.166 seconds
[2024-04-12T19:48:45.214+0800] {processor.py:161} INFO - Started process (PID=5879) to work on /Users/wanghaojin/Desktop/exchange@NUS/IS3107/HW/Project/news_data_pipeline/.venv/lib/python3.11/site-packages/airflow/example_dags/example_branch_operator.py
[2024-04-12T19:48:45.215+0800] {processor.py:830} INFO - Processing file /Users/wanghaojin/Desktop/exchange@NUS/IS3107/HW/Project/news_data_pipeline/.venv/lib/python3.11/site-packages/airflow/example_dags/example_branch_operator.py for tasks to queue
[2024-04-12T19:48:45.215+0800] {logging_mixin.py:188} INFO - [2024-04-12T19:48:45.215+0800] {dagbag.py:538} INFO - Filling up the DagBag from /Users/wanghaojin/Desktop/exchange@NUS/IS3107/HW/Project/news_data_pipeline/.venv/lib/python3.11/site-packages/airflow/example_dags/example_branch_operator.py
[2024-04-12T19:48:45.234+0800] {processor.py:840} INFO - DAG(s) 'example_branch_operator' retrieved from /Users/wanghaojin/Desktop/exchange@NUS/IS3107/HW/Project/news_data_pipeline/.venv/lib/python3.11/site-packages/airflow/example_dags/example_branch_operator.py
[2024-04-12T19:48:45.357+0800] {logging_mixin.py:188} INFO - [2024-04-12T19:48:45.357+0800] {dag.py:3036} INFO - Sync 1 DAGs
[2024-04-12T19:48:45.365+0800] {logging_mixin.py:188} INFO - [2024-04-12T19:48:45.365+0800] {dag.py:3823} INFO - Setting next_dagrun for example_branch_operator to 2024-04-11 00:00:00+00:00, run_after=2024-04-12 00:00:00+00:00
[2024-04-12T19:48:45.376+0800] {processor.py:183} INFO - Processing /Users/wanghaojin/Desktop/exchange@NUS/IS3107/HW/Project/news_data_pipeline/.venv/lib/python3.11/site-packages/airflow/example_dags/example_branch_operator.py took 0.162 seconds
[2024-04-12T19:51:01.806+0800] {processor.py:161} INFO - Started process (PID=6066) to work on /Users/wanghaojin/Desktop/exchange@NUS/IS3107/HW/Project/news_data_pipeline/.venv/lib/python3.11/site-packages/airflow/example_dags/example_branch_operator.py
[2024-04-12T19:51:01.806+0800] {processor.py:830} INFO - Processing file /Users/wanghaojin/Desktop/exchange@NUS/IS3107/HW/Project/news_data_pipeline/.venv/lib/python3.11/site-packages/airflow/example_dags/example_branch_operator.py for tasks to queue
[2024-04-12T19:51:01.806+0800] {logging_mixin.py:188} INFO - [2024-04-12T19:51:01.806+0800] {dagbag.py:538} INFO - Filling up the DagBag from /Users/wanghaojin/Desktop/exchange@NUS/IS3107/HW/Project/news_data_pipeline/.venv/lib/python3.11/site-packages/airflow/example_dags/example_branch_operator.py
[2024-04-12T19:51:01.825+0800] {processor.py:840} INFO - DAG(s) 'example_branch_operator' retrieved from /Users/wanghaojin/Desktop/exchange@NUS/IS3107/HW/Project/news_data_pipeline/.venv/lib/python3.11/site-packages/airflow/example_dags/example_branch_operator.py
[2024-04-12T19:51:01.948+0800] {logging_mixin.py:188} INFO - [2024-04-12T19:51:01.948+0800] {dag.py:3036} INFO - Sync 1 DAGs
[2024-04-12T19:51:01.956+0800] {logging_mixin.py:188} INFO - [2024-04-12T19:51:01.956+0800] {dag.py:3823} INFO - Setting next_dagrun for example_branch_operator to 2024-04-11 00:00:00+00:00, run_after=2024-04-12 00:00:00+00:00
[2024-04-12T19:51:01.967+0800] {processor.py:183} INFO - Processing /Users/wanghaojin/Desktop/exchange@NUS/IS3107/HW/Project/news_data_pipeline/.venv/lib/python3.11/site-packages/airflow/example_dags/example_branch_operator.py took 0.162 seconds
[2024-04-12T19:53:14.765+0800] {processor.py:161} INFO - Started process (PID=6242) to work on /Users/wanghaojin/Desktop/exchange@NUS/IS3107/HW/Project/news_data_pipeline/.venv/lib/python3.11/site-packages/airflow/example_dags/example_branch_operator.py
[2024-04-12T19:53:14.765+0800] {processor.py:830} INFO - Processing file /Users/wanghaojin/Desktop/exchange@NUS/IS3107/HW/Project/news_data_pipeline/.venv/lib/python3.11/site-packages/airflow/example_dags/example_branch_operator.py for tasks to queue
[2024-04-12T19:53:14.765+0800] {logging_mixin.py:188} INFO - [2024-04-12T19:53:14.765+0800] {dagbag.py:538} INFO - Filling up the DagBag from /Users/wanghaojin/Desktop/exchange@NUS/IS3107/HW/Project/news_data_pipeline/.venv/lib/python3.11/site-packages/airflow/example_dags/example_branch_operator.py
[2024-04-12T19:53:14.785+0800] {processor.py:840} INFO - DAG(s) 'example_branch_operator' retrieved from /Users/wanghaojin/Desktop/exchange@NUS/IS3107/HW/Project/news_data_pipeline/.venv/lib/python3.11/site-packages/airflow/example_dags/example_branch_operator.py
[2024-04-12T19:53:14.907+0800] {logging_mixin.py:188} INFO - [2024-04-12T19:53:14.907+0800] {dag.py:3036} INFO - Sync 1 DAGs
[2024-04-12T19:53:14.915+0800] {logging_mixin.py:188} INFO - [2024-04-12T19:53:14.915+0800] {dag.py:3823} INFO - Setting next_dagrun for example_branch_operator to 2024-04-11 00:00:00+00:00, run_after=2024-04-12 00:00:00+00:00
[2024-04-12T19:53:14.926+0800] {processor.py:183} INFO - Processing /Users/wanghaojin/Desktop/exchange@NUS/IS3107/HW/Project/news_data_pipeline/.venv/lib/python3.11/site-packages/airflow/example_dags/example_branch_operator.py took 0.162 seconds
[2024-04-12T19:55:31.862+0800] {processor.py:161} INFO - Started process (PID=6412) to work on /Users/wanghaojin/Desktop/exchange@NUS/IS3107/HW/Project/news_data_pipeline/.venv/lib/python3.11/site-packages/airflow/example_dags/example_branch_operator.py
[2024-04-12T19:55:31.863+0800] {processor.py:830} INFO - Processing file /Users/wanghaojin/Desktop/exchange@NUS/IS3107/HW/Project/news_data_pipeline/.venv/lib/python3.11/site-packages/airflow/example_dags/example_branch_operator.py for tasks to queue
[2024-04-12T19:55:31.863+0800] {logging_mixin.py:188} INFO - [2024-04-12T19:55:31.863+0800] {dagbag.py:538} INFO - Filling up the DagBag from /Users/wanghaojin/Desktop/exchange@NUS/IS3107/HW/Project/news_data_pipeline/.venv/lib/python3.11/site-packages/airflow/example_dags/example_branch_operator.py
[2024-04-12T19:55:31.882+0800] {processor.py:840} INFO - DAG(s) 'example_branch_operator' retrieved from /Users/wanghaojin/Desktop/exchange@NUS/IS3107/HW/Project/news_data_pipeline/.venv/lib/python3.11/site-packages/airflow/example_dags/example_branch_operator.py
[2024-04-12T19:55:32.004+0800] {logging_mixin.py:188} INFO - [2024-04-12T19:55:32.004+0800] {dag.py:3036} INFO - Sync 1 DAGs
[2024-04-12T19:55:32.013+0800] {logging_mixin.py:188} INFO - [2024-04-12T19:55:32.013+0800] {dag.py:3823} INFO - Setting next_dagrun for example_branch_operator to 2024-04-11 00:00:00+00:00, run_after=2024-04-12 00:00:00+00:00
[2024-04-12T19:55:32.024+0800] {processor.py:183} INFO - Processing /Users/wanghaojin/Desktop/exchange@NUS/IS3107/HW/Project/news_data_pipeline/.venv/lib/python3.11/site-packages/airflow/example_dags/example_branch_operator.py took 0.163 seconds
[2024-04-12T19:57:45.024+0800] {processor.py:161} INFO - Started process (PID=6542) to work on /Users/wanghaojin/Desktop/exchange@NUS/IS3107/HW/Project/news_data_pipeline/.venv/lib/python3.11/site-packages/airflow/example_dags/example_branch_operator.py
[2024-04-12T19:57:45.025+0800] {processor.py:830} INFO - Processing file /Users/wanghaojin/Desktop/exchange@NUS/IS3107/HW/Project/news_data_pipeline/.venv/lib/python3.11/site-packages/airflow/example_dags/example_branch_operator.py for tasks to queue
[2024-04-12T19:57:45.025+0800] {logging_mixin.py:188} INFO - [2024-04-12T19:57:45.025+0800] {dagbag.py:538} INFO - Filling up the DagBag from /Users/wanghaojin/Desktop/exchange@NUS/IS3107/HW/Project/news_data_pipeline/.venv/lib/python3.11/site-packages/airflow/example_dags/example_branch_operator.py
[2024-04-12T19:57:45.045+0800] {processor.py:840} INFO - DAG(s) 'example_branch_operator' retrieved from /Users/wanghaojin/Desktop/exchange@NUS/IS3107/HW/Project/news_data_pipeline/.venv/lib/python3.11/site-packages/airflow/example_dags/example_branch_operator.py
[2024-04-12T19:57:45.173+0800] {logging_mixin.py:188} INFO - [2024-04-12T19:57:45.172+0800] {dag.py:3036} INFO - Sync 1 DAGs
[2024-04-12T19:57:45.182+0800] {logging_mixin.py:188} INFO - [2024-04-12T19:57:45.182+0800] {dag.py:3823} INFO - Setting next_dagrun for example_branch_operator to 2024-04-11 00:00:00+00:00, run_after=2024-04-12 00:00:00+00:00
[2024-04-12T19:57:45.192+0800] {processor.py:183} INFO - Processing /Users/wanghaojin/Desktop/exchange@NUS/IS3107/HW/Project/news_data_pipeline/.venv/lib/python3.11/site-packages/airflow/example_dags/example_branch_operator.py took 0.169 seconds
[2024-04-12T19:59:57.884+0800] {processor.py:161} INFO - Started process (PID=6686) to work on /Users/wanghaojin/Desktop/exchange@NUS/IS3107/HW/Project/news_data_pipeline/.venv/lib/python3.11/site-packages/airflow/example_dags/example_branch_operator.py
[2024-04-12T19:59:57.885+0800] {processor.py:830} INFO - Processing file /Users/wanghaojin/Desktop/exchange@NUS/IS3107/HW/Project/news_data_pipeline/.venv/lib/python3.11/site-packages/airflow/example_dags/example_branch_operator.py for tasks to queue
[2024-04-12T19:59:57.885+0800] {logging_mixin.py:188} INFO - [2024-04-12T19:59:57.885+0800] {dagbag.py:538} INFO - Filling up the DagBag from /Users/wanghaojin/Desktop/exchange@NUS/IS3107/HW/Project/news_data_pipeline/.venv/lib/python3.11/site-packages/airflow/example_dags/example_branch_operator.py
[2024-04-12T19:59:57.905+0800] {processor.py:840} INFO - DAG(s) 'example_branch_operator' retrieved from /Users/wanghaojin/Desktop/exchange@NUS/IS3107/HW/Project/news_data_pipeline/.venv/lib/python3.11/site-packages/airflow/example_dags/example_branch_operator.py
[2024-04-12T19:59:58.030+0800] {logging_mixin.py:188} INFO - [2024-04-12T19:59:58.029+0800] {dag.py:3036} INFO - Sync 1 DAGs
[2024-04-12T19:59:58.038+0800] {logging_mixin.py:188} INFO - [2024-04-12T19:59:58.038+0800] {dag.py:3823} INFO - Setting next_dagrun for example_branch_operator to 2024-04-11 00:00:00+00:00, run_after=2024-04-12 00:00:00+00:00
[2024-04-12T19:59:58.048+0800] {processor.py:183} INFO - Processing /Users/wanghaojin/Desktop/exchange@NUS/IS3107/HW/Project/news_data_pipeline/.venv/lib/python3.11/site-packages/airflow/example_dags/example_branch_operator.py took 0.165 seconds
[2024-04-12T20:02:14.872+0800] {processor.py:161} INFO - Started process (PID=6864) to work on /Users/wanghaojin/Desktop/exchange@NUS/IS3107/HW/Project/news_data_pipeline/.venv/lib/python3.11/site-packages/airflow/example_dags/example_branch_operator.py
[2024-04-12T20:02:14.873+0800] {processor.py:830} INFO - Processing file /Users/wanghaojin/Desktop/exchange@NUS/IS3107/HW/Project/news_data_pipeline/.venv/lib/python3.11/site-packages/airflow/example_dags/example_branch_operator.py for tasks to queue
[2024-04-12T20:02:14.874+0800] {logging_mixin.py:188} INFO - [2024-04-12T20:02:14.873+0800] {dagbag.py:538} INFO - Filling up the DagBag from /Users/wanghaojin/Desktop/exchange@NUS/IS3107/HW/Project/news_data_pipeline/.venv/lib/python3.11/site-packages/airflow/example_dags/example_branch_operator.py
[2024-04-12T20:02:14.892+0800] {processor.py:840} INFO - DAG(s) 'example_branch_operator' retrieved from /Users/wanghaojin/Desktop/exchange@NUS/IS3107/HW/Project/news_data_pipeline/.venv/lib/python3.11/site-packages/airflow/example_dags/example_branch_operator.py
[2024-04-12T20:02:15.015+0800] {logging_mixin.py:188} INFO - [2024-04-12T20:02:15.015+0800] {dag.py:3036} INFO - Sync 1 DAGs
[2024-04-12T20:02:15.024+0800] {logging_mixin.py:188} INFO - [2024-04-12T20:02:15.024+0800] {dag.py:3823} INFO - Setting next_dagrun for example_branch_operator to 2024-04-11 00:00:00+00:00, run_after=2024-04-12 00:00:00+00:00
[2024-04-12T20:02:15.035+0800] {processor.py:183} INFO - Processing /Users/wanghaojin/Desktop/exchange@NUS/IS3107/HW/Project/news_data_pipeline/.venv/lib/python3.11/site-packages/airflow/example_dags/example_branch_operator.py took 0.163 seconds
[2024-04-12T20:04:36.135+0800] {processor.py:161} INFO - Started process (PID=7183) to work on /Users/wanghaojin/Desktop/exchange@NUS/IS3107/HW/Project/news_data_pipeline/.venv/lib/python3.11/site-packages/airflow/example_dags/example_branch_operator.py
[2024-04-12T20:04:36.136+0800] {processor.py:830} INFO - Processing file /Users/wanghaojin/Desktop/exchange@NUS/IS3107/HW/Project/news_data_pipeline/.venv/lib/python3.11/site-packages/airflow/example_dags/example_branch_operator.py for tasks to queue
[2024-04-12T20:04:36.137+0800] {logging_mixin.py:188} INFO - [2024-04-12T20:04:36.137+0800] {dagbag.py:538} INFO - Filling up the DagBag from /Users/wanghaojin/Desktop/exchange@NUS/IS3107/HW/Project/news_data_pipeline/.venv/lib/python3.11/site-packages/airflow/example_dags/example_branch_operator.py
[2024-04-12T20:04:36.156+0800] {processor.py:840} INFO - DAG(s) 'example_branch_operator' retrieved from /Users/wanghaojin/Desktop/exchange@NUS/IS3107/HW/Project/news_data_pipeline/.venv/lib/python3.11/site-packages/airflow/example_dags/example_branch_operator.py
[2024-04-12T20:04:36.278+0800] {logging_mixin.py:188} INFO - [2024-04-12T20:04:36.277+0800] {dag.py:3036} INFO - Sync 1 DAGs
[2024-04-12T20:04:36.286+0800] {logging_mixin.py:188} INFO - [2024-04-12T20:04:36.286+0800] {dag.py:3823} INFO - Setting next_dagrun for example_branch_operator to 2024-04-11 00:00:00+00:00, run_after=2024-04-12 00:00:00+00:00
[2024-04-12T20:04:36.296+0800] {processor.py:183} INFO - Processing /Users/wanghaojin/Desktop/exchange@NUS/IS3107/HW/Project/news_data_pipeline/.venv/lib/python3.11/site-packages/airflow/example_dags/example_branch_operator.py took 0.162 seconds
[2024-04-12T20:06:52.829+0800] {processor.py:161} INFO - Started process (PID=7402) to work on /Users/wanghaojin/Desktop/exchange@NUS/IS3107/HW/Project/news_data_pipeline/.venv/lib/python3.11/site-packages/airflow/example_dags/example_branch_operator.py
[2024-04-12T20:06:52.830+0800] {processor.py:830} INFO - Processing file /Users/wanghaojin/Desktop/exchange@NUS/IS3107/HW/Project/news_data_pipeline/.venv/lib/python3.11/site-packages/airflow/example_dags/example_branch_operator.py for tasks to queue
[2024-04-12T20:06:52.830+0800] {logging_mixin.py:188} INFO - [2024-04-12T20:06:52.830+0800] {dagbag.py:538} INFO - Filling up the DagBag from /Users/wanghaojin/Desktop/exchange@NUS/IS3107/HW/Project/news_data_pipeline/.venv/lib/python3.11/site-packages/airflow/example_dags/example_branch_operator.py
[2024-04-12T20:06:52.849+0800] {processor.py:840} INFO - DAG(s) 'example_branch_operator' retrieved from /Users/wanghaojin/Desktop/exchange@NUS/IS3107/HW/Project/news_data_pipeline/.venv/lib/python3.11/site-packages/airflow/example_dags/example_branch_operator.py
[2024-04-12T20:06:52.972+0800] {logging_mixin.py:188} INFO - [2024-04-12T20:06:52.972+0800] {dag.py:3036} INFO - Sync 1 DAGs
[2024-04-12T20:06:52.980+0800] {logging_mixin.py:188} INFO - [2024-04-12T20:06:52.980+0800] {dag.py:3823} INFO - Setting next_dagrun for example_branch_operator to 2024-04-11 00:00:00+00:00, run_after=2024-04-12 00:00:00+00:00
[2024-04-12T20:06:52.991+0800] {processor.py:183} INFO - Processing /Users/wanghaojin/Desktop/exchange@NUS/IS3107/HW/Project/news_data_pipeline/.venv/lib/python3.11/site-packages/airflow/example_dags/example_branch_operator.py took 0.162 seconds
[2024-04-12T20:09:10.218+0800] {processor.py:161} INFO - Started process (PID=7582) to work on /Users/wanghaojin/Desktop/exchange@NUS/IS3107/HW/Project/news_data_pipeline/.venv/lib/python3.11/site-packages/airflow/example_dags/example_branch_operator.py
[2024-04-12T20:09:10.219+0800] {processor.py:830} INFO - Processing file /Users/wanghaojin/Desktop/exchange@NUS/IS3107/HW/Project/news_data_pipeline/.venv/lib/python3.11/site-packages/airflow/example_dags/example_branch_operator.py for tasks to queue
[2024-04-12T20:09:10.219+0800] {logging_mixin.py:188} INFO - [2024-04-12T20:09:10.219+0800] {dagbag.py:538} INFO - Filling up the DagBag from /Users/wanghaojin/Desktop/exchange@NUS/IS3107/HW/Project/news_data_pipeline/.venv/lib/python3.11/site-packages/airflow/example_dags/example_branch_operator.py
[2024-04-12T20:09:10.238+0800] {processor.py:840} INFO - DAG(s) 'example_branch_operator' retrieved from /Users/wanghaojin/Desktop/exchange@NUS/IS3107/HW/Project/news_data_pipeline/.venv/lib/python3.11/site-packages/airflow/example_dags/example_branch_operator.py
[2024-04-12T20:09:10.360+0800] {logging_mixin.py:188} INFO - [2024-04-12T20:09:10.360+0800] {dag.py:3036} INFO - Sync 1 DAGs
[2024-04-12T20:09:10.369+0800] {logging_mixin.py:188} INFO - [2024-04-12T20:09:10.369+0800] {dag.py:3823} INFO - Setting next_dagrun for example_branch_operator to 2024-04-11 00:00:00+00:00, run_after=2024-04-12 00:00:00+00:00
[2024-04-12T20:09:10.379+0800] {processor.py:183} INFO - Processing /Users/wanghaojin/Desktop/exchange@NUS/IS3107/HW/Project/news_data_pipeline/.venv/lib/python3.11/site-packages/airflow/example_dags/example_branch_operator.py took 0.162 seconds
[2024-04-12T20:11:27.124+0800] {processor.py:161} INFO - Started process (PID=7780) to work on /Users/wanghaojin/Desktop/exchange@NUS/IS3107/HW/Project/news_data_pipeline/.venv/lib/python3.11/site-packages/airflow/example_dags/example_branch_operator.py
[2024-04-12T20:11:27.125+0800] {processor.py:830} INFO - Processing file /Users/wanghaojin/Desktop/exchange@NUS/IS3107/HW/Project/news_data_pipeline/.venv/lib/python3.11/site-packages/airflow/example_dags/example_branch_operator.py for tasks to queue
[2024-04-12T20:11:27.125+0800] {logging_mixin.py:188} INFO - [2024-04-12T20:11:27.125+0800] {dagbag.py:538} INFO - Filling up the DagBag from /Users/wanghaojin/Desktop/exchange@NUS/IS3107/HW/Project/news_data_pipeline/.venv/lib/python3.11/site-packages/airflow/example_dags/example_branch_operator.py
[2024-04-12T20:11:27.145+0800] {processor.py:840} INFO - DAG(s) 'example_branch_operator' retrieved from /Users/wanghaojin/Desktop/exchange@NUS/IS3107/HW/Project/news_data_pipeline/.venv/lib/python3.11/site-packages/airflow/example_dags/example_branch_operator.py
[2024-04-12T20:11:27.266+0800] {logging_mixin.py:188} INFO - [2024-04-12T20:11:27.266+0800] {dag.py:3036} INFO - Sync 1 DAGs
[2024-04-12T20:11:27.275+0800] {logging_mixin.py:188} INFO - [2024-04-12T20:11:27.275+0800] {dag.py:3823} INFO - Setting next_dagrun for example_branch_operator to 2024-04-11 00:00:00+00:00, run_after=2024-04-12 00:00:00+00:00
[2024-04-12T20:11:27.285+0800] {processor.py:183} INFO - Processing /Users/wanghaojin/Desktop/exchange@NUS/IS3107/HW/Project/news_data_pipeline/.venv/lib/python3.11/site-packages/airflow/example_dags/example_branch_operator.py took 0.161 seconds
[2024-04-12T20:13:44.460+0800] {processor.py:161} INFO - Started process (PID=8018) to work on /Users/wanghaojin/Desktop/exchange@NUS/IS3107/HW/Project/news_data_pipeline/.venv/lib/python3.11/site-packages/airflow/example_dags/example_branch_operator.py
[2024-04-12T20:13:44.461+0800] {processor.py:830} INFO - Processing file /Users/wanghaojin/Desktop/exchange@NUS/IS3107/HW/Project/news_data_pipeline/.venv/lib/python3.11/site-packages/airflow/example_dags/example_branch_operator.py for tasks to queue
[2024-04-12T20:13:44.462+0800] {logging_mixin.py:188} INFO - [2024-04-12T20:13:44.462+0800] {dagbag.py:538} INFO - Filling up the DagBag from /Users/wanghaojin/Desktop/exchange@NUS/IS3107/HW/Project/news_data_pipeline/.venv/lib/python3.11/site-packages/airflow/example_dags/example_branch_operator.py
[2024-04-12T20:13:44.482+0800] {processor.py:840} INFO - DAG(s) 'example_branch_operator' retrieved from /Users/wanghaojin/Desktop/exchange@NUS/IS3107/HW/Project/news_data_pipeline/.venv/lib/python3.11/site-packages/airflow/example_dags/example_branch_operator.py
[2024-04-12T20:13:44.689+0800] {logging_mixin.py:188} INFO - [2024-04-12T20:13:44.688+0800] {dag.py:3036} INFO - Sync 1 DAGs
[2024-04-12T20:13:44.701+0800] {logging_mixin.py:188} INFO - [2024-04-12T20:13:44.701+0800] {dag.py:3823} INFO - Setting next_dagrun for example_branch_operator to 2024-04-11 00:00:00+00:00, run_after=2024-04-12 00:00:00+00:00
[2024-04-12T20:13:44.712+0800] {processor.py:183} INFO - Processing /Users/wanghaojin/Desktop/exchange@NUS/IS3107/HW/Project/news_data_pipeline/.venv/lib/python3.11/site-packages/airflow/example_dags/example_branch_operator.py took 0.252 seconds
[2024-04-12T20:16:01.720+0800] {processor.py:161} INFO - Started process (PID=8293) to work on /Users/wanghaojin/Desktop/exchange@NUS/IS3107/HW/Project/news_data_pipeline/.venv/lib/python3.11/site-packages/airflow/example_dags/example_branch_operator.py
[2024-04-12T20:16:01.722+0800] {processor.py:830} INFO - Processing file /Users/wanghaojin/Desktop/exchange@NUS/IS3107/HW/Project/news_data_pipeline/.venv/lib/python3.11/site-packages/airflow/example_dags/example_branch_operator.py for tasks to queue
[2024-04-12T20:16:01.722+0800] {logging_mixin.py:188} INFO - [2024-04-12T20:16:01.722+0800] {dagbag.py:538} INFO - Filling up the DagBag from /Users/wanghaojin/Desktop/exchange@NUS/IS3107/HW/Project/news_data_pipeline/.venv/lib/python3.11/site-packages/airflow/example_dags/example_branch_operator.py
[2024-04-12T20:16:01.741+0800] {processor.py:840} INFO - DAG(s) 'example_branch_operator' retrieved from /Users/wanghaojin/Desktop/exchange@NUS/IS3107/HW/Project/news_data_pipeline/.venv/lib/python3.11/site-packages/airflow/example_dags/example_branch_operator.py
[2024-04-12T20:16:01.868+0800] {logging_mixin.py:188} INFO - [2024-04-12T20:16:01.867+0800] {dag.py:3036} INFO - Sync 1 DAGs
[2024-04-12T20:16:01.876+0800] {logging_mixin.py:188} INFO - [2024-04-12T20:16:01.876+0800] {dag.py:3823} INFO - Setting next_dagrun for example_branch_operator to 2024-04-11 00:00:00+00:00, run_after=2024-04-12 00:00:00+00:00
[2024-04-12T20:16:01.887+0800] {processor.py:183} INFO - Processing /Users/wanghaojin/Desktop/exchange@NUS/IS3107/HW/Project/news_data_pipeline/.venv/lib/python3.11/site-packages/airflow/example_dags/example_branch_operator.py took 0.167 seconds
[2024-04-12T20:19:42.850+0800] {processor.py:161} INFO - Started process (PID=8762) to work on /Users/wanghaojin/Desktop/exchange@NUS/IS3107/HW/Project/news_data_pipeline/.venv/lib/python3.11/site-packages/airflow/example_dags/example_branch_operator.py
[2024-04-12T20:19:42.852+0800] {processor.py:830} INFO - Processing file /Users/wanghaojin/Desktop/exchange@NUS/IS3107/HW/Project/news_data_pipeline/.venv/lib/python3.11/site-packages/airflow/example_dags/example_branch_operator.py for tasks to queue
[2024-04-12T20:19:42.852+0800] {logging_mixin.py:188} INFO - [2024-04-12T20:19:42.852+0800] {dagbag.py:538} INFO - Filling up the DagBag from /Users/wanghaojin/Desktop/exchange@NUS/IS3107/HW/Project/news_data_pipeline/.venv/lib/python3.11/site-packages/airflow/example_dags/example_branch_operator.py
[2024-04-12T20:19:42.871+0800] {processor.py:840} INFO - DAG(s) 'example_branch_operator' retrieved from /Users/wanghaojin/Desktop/exchange@NUS/IS3107/HW/Project/news_data_pipeline/.venv/lib/python3.11/site-packages/airflow/example_dags/example_branch_operator.py
[2024-04-12T20:19:42.993+0800] {logging_mixin.py:188} INFO - [2024-04-12T20:19:42.993+0800] {dag.py:3036} INFO - Sync 1 DAGs
[2024-04-12T20:19:43.001+0800] {logging_mixin.py:188} INFO - [2024-04-12T20:19:43.001+0800] {dag.py:3823} INFO - Setting next_dagrun for example_branch_operator to 2024-04-11 00:00:00+00:00, run_after=2024-04-12 00:00:00+00:00
[2024-04-12T20:19:43.012+0800] {processor.py:183} INFO - Processing /Users/wanghaojin/Desktop/exchange@NUS/IS3107/HW/Project/news_data_pipeline/.venv/lib/python3.11/site-packages/airflow/example_dags/example_branch_operator.py took 0.162 seconds
[2024-04-12T20:22:02.287+0800] {processor.py:161} INFO - Started process (PID=8963) to work on /Users/wanghaojin/Desktop/exchange@NUS/IS3107/HW/Project/news_data_pipeline/.venv/lib/python3.11/site-packages/airflow/example_dags/example_branch_operator.py
[2024-04-12T20:22:02.288+0800] {processor.py:830} INFO - Processing file /Users/wanghaojin/Desktop/exchange@NUS/IS3107/HW/Project/news_data_pipeline/.venv/lib/python3.11/site-packages/airflow/example_dags/example_branch_operator.py for tasks to queue
[2024-04-12T20:22:02.288+0800] {logging_mixin.py:188} INFO - [2024-04-12T20:22:02.288+0800] {dagbag.py:538} INFO - Filling up the DagBag from /Users/wanghaojin/Desktop/exchange@NUS/IS3107/HW/Project/news_data_pipeline/.venv/lib/python3.11/site-packages/airflow/example_dags/example_branch_operator.py
[2024-04-12T20:22:02.307+0800] {processor.py:840} INFO - DAG(s) 'example_branch_operator' retrieved from /Users/wanghaojin/Desktop/exchange@NUS/IS3107/HW/Project/news_data_pipeline/.venv/lib/python3.11/site-packages/airflow/example_dags/example_branch_operator.py
[2024-04-12T20:22:02.429+0800] {logging_mixin.py:188} INFO - [2024-04-12T20:22:02.428+0800] {dag.py:3036} INFO - Sync 1 DAGs
[2024-04-12T20:22:02.437+0800] {logging_mixin.py:188} INFO - [2024-04-12T20:22:02.437+0800] {dag.py:3823} INFO - Setting next_dagrun for example_branch_operator to 2024-04-11 00:00:00+00:00, run_after=2024-04-12 00:00:00+00:00
[2024-04-12T20:22:02.448+0800] {processor.py:183} INFO - Processing /Users/wanghaojin/Desktop/exchange@NUS/IS3107/HW/Project/news_data_pipeline/.venv/lib/python3.11/site-packages/airflow/example_dags/example_branch_operator.py took 0.162 seconds
[2024-04-12T20:24:17.526+0800] {processor.py:161} INFO - Started process (PID=9140) to work on /Users/wanghaojin/Desktop/exchange@NUS/IS3107/HW/Project/news_data_pipeline/.venv/lib/python3.11/site-packages/airflow/example_dags/example_branch_operator.py
[2024-04-12T20:24:17.526+0800] {processor.py:830} INFO - Processing file /Users/wanghaojin/Desktop/exchange@NUS/IS3107/HW/Project/news_data_pipeline/.venv/lib/python3.11/site-packages/airflow/example_dags/example_branch_operator.py for tasks to queue
[2024-04-12T20:24:17.527+0800] {logging_mixin.py:188} INFO - [2024-04-12T20:24:17.527+0800] {dagbag.py:538} INFO - Filling up the DagBag from /Users/wanghaojin/Desktop/exchange@NUS/IS3107/HW/Project/news_data_pipeline/.venv/lib/python3.11/site-packages/airflow/example_dags/example_branch_operator.py
[2024-04-12T20:24:17.547+0800] {processor.py:840} INFO - DAG(s) 'example_branch_operator' retrieved from /Users/wanghaojin/Desktop/exchange@NUS/IS3107/HW/Project/news_data_pipeline/.venv/lib/python3.11/site-packages/airflow/example_dags/example_branch_operator.py
[2024-04-12T20:24:17.671+0800] {logging_mixin.py:188} INFO - [2024-04-12T20:24:17.671+0800] {dag.py:3036} INFO - Sync 1 DAGs
[2024-04-12T20:24:17.680+0800] {logging_mixin.py:188} INFO - [2024-04-12T20:24:17.680+0800] {dag.py:3823} INFO - Setting next_dagrun for example_branch_operator to 2024-04-11 00:00:00+00:00, run_after=2024-04-12 00:00:00+00:00
[2024-04-12T20:24:17.691+0800] {processor.py:183} INFO - Processing /Users/wanghaojin/Desktop/exchange@NUS/IS3107/HW/Project/news_data_pipeline/.venv/lib/python3.11/site-packages/airflow/example_dags/example_branch_operator.py took 0.166 seconds
[2024-04-12T20:26:53.702+0800] {processor.py:161} INFO - Started process (PID=9392) to work on /Users/wanghaojin/Desktop/exchange@NUS/IS3107/HW/Project/news_data_pipeline/.venv/lib/python3.11/site-packages/airflow/example_dags/example_branch_operator.py
[2024-04-12T20:26:53.703+0800] {processor.py:830} INFO - Processing file /Users/wanghaojin/Desktop/exchange@NUS/IS3107/HW/Project/news_data_pipeline/.venv/lib/python3.11/site-packages/airflow/example_dags/example_branch_operator.py for tasks to queue
[2024-04-12T20:26:53.704+0800] {logging_mixin.py:188} INFO - [2024-04-12T20:26:53.704+0800] {dagbag.py:538} INFO - Filling up the DagBag from /Users/wanghaojin/Desktop/exchange@NUS/IS3107/HW/Project/news_data_pipeline/.venv/lib/python3.11/site-packages/airflow/example_dags/example_branch_operator.py
[2024-04-12T20:26:53.723+0800] {processor.py:840} INFO - DAG(s) 'example_branch_operator' retrieved from /Users/wanghaojin/Desktop/exchange@NUS/IS3107/HW/Project/news_data_pipeline/.venv/lib/python3.11/site-packages/airflow/example_dags/example_branch_operator.py
[2024-04-12T20:26:53.847+0800] {logging_mixin.py:188} INFO - [2024-04-12T20:26:53.846+0800] {dag.py:3036} INFO - Sync 1 DAGs
[2024-04-12T20:26:53.855+0800] {logging_mixin.py:188} INFO - [2024-04-12T20:26:53.855+0800] {dag.py:3823} INFO - Setting next_dagrun for example_branch_operator to 2024-04-11 00:00:00+00:00, run_after=2024-04-12 00:00:00+00:00
[2024-04-12T20:26:53.866+0800] {processor.py:183} INFO - Processing /Users/wanghaojin/Desktop/exchange@NUS/IS3107/HW/Project/news_data_pipeline/.venv/lib/python3.11/site-packages/airflow/example_dags/example_branch_operator.py took 0.164 seconds
[2024-04-12T20:30:47.859+0800] {processor.py:161} INFO - Started process (PID=9858) to work on /Users/wanghaojin/Desktop/exchange@NUS/IS3107/HW/Project/news_data_pipeline/.venv/lib/python3.11/site-packages/airflow/example_dags/example_branch_operator.py
[2024-04-12T20:30:47.860+0800] {processor.py:830} INFO - Processing file /Users/wanghaojin/Desktop/exchange@NUS/IS3107/HW/Project/news_data_pipeline/.venv/lib/python3.11/site-packages/airflow/example_dags/example_branch_operator.py for tasks to queue
[2024-04-12T20:30:47.860+0800] {logging_mixin.py:188} INFO - [2024-04-12T20:30:47.860+0800] {dagbag.py:538} INFO - Filling up the DagBag from /Users/wanghaojin/Desktop/exchange@NUS/IS3107/HW/Project/news_data_pipeline/.venv/lib/python3.11/site-packages/airflow/example_dags/example_branch_operator.py
[2024-04-12T20:30:47.879+0800] {processor.py:840} INFO - DAG(s) 'example_branch_operator' retrieved from /Users/wanghaojin/Desktop/exchange@NUS/IS3107/HW/Project/news_data_pipeline/.venv/lib/python3.11/site-packages/airflow/example_dags/example_branch_operator.py
[2024-04-12T20:30:48.001+0800] {logging_mixin.py:188} INFO - [2024-04-12T20:30:48.001+0800] {dag.py:3036} INFO - Sync 1 DAGs
[2024-04-12T20:30:48.010+0800] {logging_mixin.py:188} INFO - [2024-04-12T20:30:48.010+0800] {dag.py:3823} INFO - Setting next_dagrun for example_branch_operator to 2024-04-11 00:00:00+00:00, run_after=2024-04-12 00:00:00+00:00
[2024-04-12T20:30:48.020+0800] {processor.py:183} INFO - Processing /Users/wanghaojin/Desktop/exchange@NUS/IS3107/HW/Project/news_data_pipeline/.venv/lib/python3.11/site-packages/airflow/example_dags/example_branch_operator.py took 0.162 seconds
[2024-04-12T20:37:34.409+0800] {processor.py:161} INFO - Started process (PID=10588) to work on /Users/wanghaojin/Desktop/exchange@NUS/IS3107/HW/Project/news_data_pipeline/.venv/lib/python3.11/site-packages/airflow/example_dags/example_branch_operator.py
[2024-04-12T20:37:34.411+0800] {processor.py:830} INFO - Processing file /Users/wanghaojin/Desktop/exchange@NUS/IS3107/HW/Project/news_data_pipeline/.venv/lib/python3.11/site-packages/airflow/example_dags/example_branch_operator.py for tasks to queue
[2024-04-12T20:37:34.411+0800] {logging_mixin.py:188} INFO - [2024-04-12T20:37:34.411+0800] {dagbag.py:538} INFO - Filling up the DagBag from /Users/wanghaojin/Desktop/exchange@NUS/IS3107/HW/Project/news_data_pipeline/.venv/lib/python3.11/site-packages/airflow/example_dags/example_branch_operator.py
[2024-04-12T20:37:34.430+0800] {processor.py:840} INFO - DAG(s) 'example_branch_operator' retrieved from /Users/wanghaojin/Desktop/exchange@NUS/IS3107/HW/Project/news_data_pipeline/.venv/lib/python3.11/site-packages/airflow/example_dags/example_branch_operator.py
[2024-04-12T20:37:34.552+0800] {logging_mixin.py:188} INFO - [2024-04-12T20:37:34.552+0800] {dag.py:3036} INFO - Sync 1 DAGs
[2024-04-12T20:37:34.561+0800] {logging_mixin.py:188} INFO - [2024-04-12T20:37:34.561+0800] {dag.py:3823} INFO - Setting next_dagrun for example_branch_operator to 2024-04-11 00:00:00+00:00, run_after=2024-04-12 00:00:00+00:00
[2024-04-12T20:37:34.571+0800] {processor.py:183} INFO - Processing /Users/wanghaojin/Desktop/exchange@NUS/IS3107/HW/Project/news_data_pipeline/.venv/lib/python3.11/site-packages/airflow/example_dags/example_branch_operator.py took 0.162 seconds
[2024-04-12T20:39:49.858+0800] {processor.py:161} INFO - Started process (PID=10807) to work on /Users/wanghaojin/Desktop/exchange@NUS/IS3107/HW/Project/news_data_pipeline/.venv/lib/python3.11/site-packages/airflow/example_dags/example_branch_operator.py
[2024-04-12T20:39:49.858+0800] {processor.py:830} INFO - Processing file /Users/wanghaojin/Desktop/exchange@NUS/IS3107/HW/Project/news_data_pipeline/.venv/lib/python3.11/site-packages/airflow/example_dags/example_branch_operator.py for tasks to queue
[2024-04-12T20:39:49.859+0800] {logging_mixin.py:188} INFO - [2024-04-12T20:39:49.858+0800] {dagbag.py:538} INFO - Filling up the DagBag from /Users/wanghaojin/Desktop/exchange@NUS/IS3107/HW/Project/news_data_pipeline/.venv/lib/python3.11/site-packages/airflow/example_dags/example_branch_operator.py
[2024-04-12T20:39:49.878+0800] {processor.py:840} INFO - DAG(s) 'example_branch_operator' retrieved from /Users/wanghaojin/Desktop/exchange@NUS/IS3107/HW/Project/news_data_pipeline/.venv/lib/python3.11/site-packages/airflow/example_dags/example_branch_operator.py
[2024-04-12T20:39:50.002+0800] {logging_mixin.py:188} INFO - [2024-04-12T20:39:50.002+0800] {dag.py:3036} INFO - Sync 1 DAGs
[2024-04-12T20:39:50.011+0800] {logging_mixin.py:188} INFO - [2024-04-12T20:39:50.010+0800] {dag.py:3823} INFO - Setting next_dagrun for example_branch_operator to 2024-04-11 00:00:00+00:00, run_after=2024-04-12 00:00:00+00:00
[2024-04-12T20:39:50.021+0800] {processor.py:183} INFO - Processing /Users/wanghaojin/Desktop/exchange@NUS/IS3107/HW/Project/news_data_pipeline/.venv/lib/python3.11/site-packages/airflow/example_dags/example_branch_operator.py took 0.164 seconds
[2024-04-12T20:42:07.233+0800] {processor.py:161} INFO - Started process (PID=11001) to work on /Users/wanghaojin/Desktop/exchange@NUS/IS3107/HW/Project/news_data_pipeline/.venv/lib/python3.11/site-packages/airflow/example_dags/example_branch_operator.py
[2024-04-12T20:42:07.234+0800] {processor.py:830} INFO - Processing file /Users/wanghaojin/Desktop/exchange@NUS/IS3107/HW/Project/news_data_pipeline/.venv/lib/python3.11/site-packages/airflow/example_dags/example_branch_operator.py for tasks to queue
[2024-04-12T20:42:07.234+0800] {logging_mixin.py:188} INFO - [2024-04-12T20:42:07.234+0800] {dagbag.py:538} INFO - Filling up the DagBag from /Users/wanghaojin/Desktop/exchange@NUS/IS3107/HW/Project/news_data_pipeline/.venv/lib/python3.11/site-packages/airflow/example_dags/example_branch_operator.py
[2024-04-12T20:42:07.254+0800] {processor.py:840} INFO - DAG(s) 'example_branch_operator' retrieved from /Users/wanghaojin/Desktop/exchange@NUS/IS3107/HW/Project/news_data_pipeline/.venv/lib/python3.11/site-packages/airflow/example_dags/example_branch_operator.py
[2024-04-12T20:42:07.379+0800] {logging_mixin.py:188} INFO - [2024-04-12T20:42:07.379+0800] {dag.py:3036} INFO - Sync 1 DAGs
[2024-04-12T20:42:07.388+0800] {logging_mixin.py:188} INFO - [2024-04-12T20:42:07.388+0800] {dag.py:3823} INFO - Setting next_dagrun for example_branch_operator to 2024-04-11 00:00:00+00:00, run_after=2024-04-12 00:00:00+00:00
[2024-04-12T20:42:07.398+0800] {processor.py:183} INFO - Processing /Users/wanghaojin/Desktop/exchange@NUS/IS3107/HW/Project/news_data_pipeline/.venv/lib/python3.11/site-packages/airflow/example_dags/example_branch_operator.py took 0.165 seconds
[2024-04-12T20:50:49.877+0800] {processor.py:161} INFO - Started process (PID=11983) to work on /Users/wanghaojin/Desktop/exchange@NUS/IS3107/HW/Project/news_data_pipeline/.venv/lib/python3.11/site-packages/airflow/example_dags/example_branch_operator.py
[2024-04-12T20:50:49.879+0800] {processor.py:830} INFO - Processing file /Users/wanghaojin/Desktop/exchange@NUS/IS3107/HW/Project/news_data_pipeline/.venv/lib/python3.11/site-packages/airflow/example_dags/example_branch_operator.py for tasks to queue
[2024-04-12T20:50:49.879+0800] {logging_mixin.py:188} INFO - [2024-04-12T20:50:49.879+0800] {dagbag.py:538} INFO - Filling up the DagBag from /Users/wanghaojin/Desktop/exchange@NUS/IS3107/HW/Project/news_data_pipeline/.venv/lib/python3.11/site-packages/airflow/example_dags/example_branch_operator.py
[2024-04-12T20:50:49.899+0800] {processor.py:840} INFO - DAG(s) 'example_branch_operator' retrieved from /Users/wanghaojin/Desktop/exchange@NUS/IS3107/HW/Project/news_data_pipeline/.venv/lib/python3.11/site-packages/airflow/example_dags/example_branch_operator.py
[2024-04-12T20:50:50.023+0800] {logging_mixin.py:188} INFO - [2024-04-12T20:50:50.023+0800] {dag.py:3036} INFO - Sync 1 DAGs
[2024-04-12T20:50:50.031+0800] {logging_mixin.py:188} INFO - [2024-04-12T20:50:50.031+0800] {dag.py:3823} INFO - Setting next_dagrun for example_branch_operator to 2024-04-11 00:00:00+00:00, run_after=2024-04-12 00:00:00+00:00
[2024-04-12T20:50:50.042+0800] {processor.py:183} INFO - Processing /Users/wanghaojin/Desktop/exchange@NUS/IS3107/HW/Project/news_data_pipeline/.venv/lib/python3.11/site-packages/airflow/example_dags/example_branch_operator.py took 0.165 seconds
[2024-04-12T20:53:18.637+0800] {processor.py:161} INFO - Started process (PID=12228) to work on /Users/wanghaojin/Desktop/exchange@NUS/IS3107/HW/Project/news_data_pipeline/.venv/lib/python3.11/site-packages/airflow/example_dags/example_branch_operator.py
[2024-04-12T20:53:18.638+0800] {processor.py:830} INFO - Processing file /Users/wanghaojin/Desktop/exchange@NUS/IS3107/HW/Project/news_data_pipeline/.venv/lib/python3.11/site-packages/airflow/example_dags/example_branch_operator.py for tasks to queue
[2024-04-12T20:53:18.638+0800] {logging_mixin.py:188} INFO - [2024-04-12T20:53:18.638+0800] {dagbag.py:538} INFO - Filling up the DagBag from /Users/wanghaojin/Desktop/exchange@NUS/IS3107/HW/Project/news_data_pipeline/.venv/lib/python3.11/site-packages/airflow/example_dags/example_branch_operator.py
[2024-04-12T20:53:18.657+0800] {processor.py:840} INFO - DAG(s) 'example_branch_operator' retrieved from /Users/wanghaojin/Desktop/exchange@NUS/IS3107/HW/Project/news_data_pipeline/.venv/lib/python3.11/site-packages/airflow/example_dags/example_branch_operator.py
[2024-04-12T20:53:18.779+0800] {logging_mixin.py:188} INFO - [2024-04-12T20:53:18.779+0800] {dag.py:3036} INFO - Sync 1 DAGs
[2024-04-12T20:53:18.788+0800] {logging_mixin.py:188} INFO - [2024-04-12T20:53:18.788+0800] {dag.py:3823} INFO - Setting next_dagrun for example_branch_operator to 2024-04-11 00:00:00+00:00, run_after=2024-04-12 00:00:00+00:00
[2024-04-12T20:53:18.798+0800] {processor.py:183} INFO - Processing /Users/wanghaojin/Desktop/exchange@NUS/IS3107/HW/Project/news_data_pipeline/.venv/lib/python3.11/site-packages/airflow/example_dags/example_branch_operator.py took 0.162 seconds
[2024-04-12T20:55:46.265+0800] {processor.py:161} INFO - Started process (PID=12484) to work on /Users/wanghaojin/Desktop/exchange@NUS/IS3107/HW/Project/news_data_pipeline/.venv/lib/python3.11/site-packages/airflow/example_dags/example_branch_operator.py
[2024-04-12T20:55:46.266+0800] {processor.py:830} INFO - Processing file /Users/wanghaojin/Desktop/exchange@NUS/IS3107/HW/Project/news_data_pipeline/.venv/lib/python3.11/site-packages/airflow/example_dags/example_branch_operator.py for tasks to queue
[2024-04-12T20:55:46.266+0800] {logging_mixin.py:188} INFO - [2024-04-12T20:55:46.266+0800] {dagbag.py:538} INFO - Filling up the DagBag from /Users/wanghaojin/Desktop/exchange@NUS/IS3107/HW/Project/news_data_pipeline/.venv/lib/python3.11/site-packages/airflow/example_dags/example_branch_operator.py
[2024-04-12T20:55:46.285+0800] {processor.py:840} INFO - DAG(s) 'example_branch_operator' retrieved from /Users/wanghaojin/Desktop/exchange@NUS/IS3107/HW/Project/news_data_pipeline/.venv/lib/python3.11/site-packages/airflow/example_dags/example_branch_operator.py
[2024-04-12T20:55:46.413+0800] {logging_mixin.py:188} INFO - [2024-04-12T20:55:46.412+0800] {dag.py:3036} INFO - Sync 1 DAGs
[2024-04-12T20:55:46.421+0800] {logging_mixin.py:188} INFO - [2024-04-12T20:55:46.421+0800] {dag.py:3823} INFO - Setting next_dagrun for example_branch_operator to 2024-04-11 00:00:00+00:00, run_after=2024-04-12 00:00:00+00:00
[2024-04-12T20:55:46.432+0800] {processor.py:183} INFO - Processing /Users/wanghaojin/Desktop/exchange@NUS/IS3107/HW/Project/news_data_pipeline/.venv/lib/python3.11/site-packages/airflow/example_dags/example_branch_operator.py took 0.168 seconds
[2024-04-12T20:58:07.456+0800] {processor.py:161} INFO - Started process (PID=12658) to work on /Users/wanghaojin/Desktop/exchange@NUS/IS3107/HW/Project/news_data_pipeline/.venv/lib/python3.11/site-packages/airflow/example_dags/example_branch_operator.py
[2024-04-12T20:58:07.457+0800] {processor.py:830} INFO - Processing file /Users/wanghaojin/Desktop/exchange@NUS/IS3107/HW/Project/news_data_pipeline/.venv/lib/python3.11/site-packages/airflow/example_dags/example_branch_operator.py for tasks to queue
[2024-04-12T20:58:07.457+0800] {logging_mixin.py:188} INFO - [2024-04-12T20:58:07.457+0800] {dagbag.py:538} INFO - Filling up the DagBag from /Users/wanghaojin/Desktop/exchange@NUS/IS3107/HW/Project/news_data_pipeline/.venv/lib/python3.11/site-packages/airflow/example_dags/example_branch_operator.py
[2024-04-12T20:58:07.477+0800] {processor.py:840} INFO - DAG(s) 'example_branch_operator' retrieved from /Users/wanghaojin/Desktop/exchange@NUS/IS3107/HW/Project/news_data_pipeline/.venv/lib/python3.11/site-packages/airflow/example_dags/example_branch_operator.py
[2024-04-12T20:58:07.600+0800] {logging_mixin.py:188} INFO - [2024-04-12T20:58:07.600+0800] {dag.py:3036} INFO - Sync 1 DAGs
[2024-04-12T20:58:07.608+0800] {logging_mixin.py:188} INFO - [2024-04-12T20:58:07.608+0800] {dag.py:3823} INFO - Setting next_dagrun for example_branch_operator to 2024-04-11 00:00:00+00:00, run_after=2024-04-12 00:00:00+00:00
[2024-04-12T20:58:07.619+0800] {processor.py:183} INFO - Processing /Users/wanghaojin/Desktop/exchange@NUS/IS3107/HW/Project/news_data_pipeline/.venv/lib/python3.11/site-packages/airflow/example_dags/example_branch_operator.py took 0.163 seconds
[2024-04-12T21:00:33.753+0800] {processor.py:161} INFO - Started process (PID=12894) to work on /Users/wanghaojin/Desktop/exchange@NUS/IS3107/HW/Project/news_data_pipeline/.venv/lib/python3.11/site-packages/airflow/example_dags/example_branch_operator.py
[2024-04-12T21:00:33.754+0800] {processor.py:830} INFO - Processing file /Users/wanghaojin/Desktop/exchange@NUS/IS3107/HW/Project/news_data_pipeline/.venv/lib/python3.11/site-packages/airflow/example_dags/example_branch_operator.py for tasks to queue
[2024-04-12T21:00:33.755+0800] {logging_mixin.py:188} INFO - [2024-04-12T21:00:33.755+0800] {dagbag.py:538} INFO - Filling up the DagBag from /Users/wanghaojin/Desktop/exchange@NUS/IS3107/HW/Project/news_data_pipeline/.venv/lib/python3.11/site-packages/airflow/example_dags/example_branch_operator.py
[2024-04-12T21:00:33.774+0800] {processor.py:840} INFO - DAG(s) 'example_branch_operator' retrieved from /Users/wanghaojin/Desktop/exchange@NUS/IS3107/HW/Project/news_data_pipeline/.venv/lib/python3.11/site-packages/airflow/example_dags/example_branch_operator.py
[2024-04-12T21:00:33.900+0800] {logging_mixin.py:188} INFO - [2024-04-12T21:00:33.899+0800] {dag.py:3036} INFO - Sync 1 DAGs
[2024-04-12T21:00:33.908+0800] {logging_mixin.py:188} INFO - [2024-04-12T21:00:33.908+0800] {dag.py:3823} INFO - Setting next_dagrun for example_branch_operator to 2024-04-11 00:00:00+00:00, run_after=2024-04-12 00:00:00+00:00
[2024-04-12T21:00:33.918+0800] {processor.py:183} INFO - Processing /Users/wanghaojin/Desktop/exchange@NUS/IS3107/HW/Project/news_data_pipeline/.venv/lib/python3.11/site-packages/airflow/example_dags/example_branch_operator.py took 0.166 seconds
[2024-04-12T21:02:58.125+0800] {processor.py:161} INFO - Started process (PID=13216) to work on /Users/wanghaojin/Desktop/exchange@NUS/IS3107/HW/Project/news_data_pipeline/.venv/lib/python3.11/site-packages/airflow/example_dags/example_branch_operator.py
[2024-04-12T21:02:58.126+0800] {processor.py:830} INFO - Processing file /Users/wanghaojin/Desktop/exchange@NUS/IS3107/HW/Project/news_data_pipeline/.venv/lib/python3.11/site-packages/airflow/example_dags/example_branch_operator.py for tasks to queue
[2024-04-12T21:02:58.126+0800] {logging_mixin.py:188} INFO - [2024-04-12T21:02:58.126+0800] {dagbag.py:538} INFO - Filling up the DagBag from /Users/wanghaojin/Desktop/exchange@NUS/IS3107/HW/Project/news_data_pipeline/.venv/lib/python3.11/site-packages/airflow/example_dags/example_branch_operator.py
[2024-04-12T21:02:58.145+0800] {processor.py:840} INFO - DAG(s) 'example_branch_operator' retrieved from /Users/wanghaojin/Desktop/exchange@NUS/IS3107/HW/Project/news_data_pipeline/.venv/lib/python3.11/site-packages/airflow/example_dags/example_branch_operator.py
[2024-04-12T21:02:58.268+0800] {logging_mixin.py:188} INFO - [2024-04-12T21:02:58.268+0800] {dag.py:3036} INFO - Sync 1 DAGs
[2024-04-12T21:02:58.276+0800] {logging_mixin.py:188} INFO - [2024-04-12T21:02:58.276+0800] {dag.py:3823} INFO - Setting next_dagrun for example_branch_operator to 2024-04-11 00:00:00+00:00, run_after=2024-04-12 00:00:00+00:00
[2024-04-12T21:02:58.286+0800] {processor.py:183} INFO - Processing /Users/wanghaojin/Desktop/exchange@NUS/IS3107/HW/Project/news_data_pipeline/.venv/lib/python3.11/site-packages/airflow/example_dags/example_branch_operator.py took 0.162 seconds
[2024-04-12T21:05:19.577+0800] {processor.py:161} INFO - Started process (PID=13426) to work on /Users/wanghaojin/Desktop/exchange@NUS/IS3107/HW/Project/news_data_pipeline/.venv/lib/python3.11/site-packages/airflow/example_dags/example_branch_operator.py
[2024-04-12T21:05:19.578+0800] {processor.py:830} INFO - Processing file /Users/wanghaojin/Desktop/exchange@NUS/IS3107/HW/Project/news_data_pipeline/.venv/lib/python3.11/site-packages/airflow/example_dags/example_branch_operator.py for tasks to queue
[2024-04-12T21:05:19.579+0800] {logging_mixin.py:188} INFO - [2024-04-12T21:05:19.579+0800] {dagbag.py:538} INFO - Filling up the DagBag from /Users/wanghaojin/Desktop/exchange@NUS/IS3107/HW/Project/news_data_pipeline/.venv/lib/python3.11/site-packages/airflow/example_dags/example_branch_operator.py
[2024-04-12T21:05:19.598+0800] {processor.py:840} INFO - DAG(s) 'example_branch_operator' retrieved from /Users/wanghaojin/Desktop/exchange@NUS/IS3107/HW/Project/news_data_pipeline/.venv/lib/python3.11/site-packages/airflow/example_dags/example_branch_operator.py
[2024-04-12T21:05:19.724+0800] {logging_mixin.py:188} INFO - [2024-04-12T21:05:19.724+0800] {dag.py:3036} INFO - Sync 1 DAGs
[2024-04-12T21:05:19.733+0800] {logging_mixin.py:188} INFO - [2024-04-12T21:05:19.733+0800] {dag.py:3823} INFO - Setting next_dagrun for example_branch_operator to 2024-04-11 00:00:00+00:00, run_after=2024-04-12 00:00:00+00:00
[2024-04-12T21:05:19.744+0800] {processor.py:183} INFO - Processing /Users/wanghaojin/Desktop/exchange@NUS/IS3107/HW/Project/news_data_pipeline/.venv/lib/python3.11/site-packages/airflow/example_dags/example_branch_operator.py took 0.167 seconds
[2024-04-12T21:07:44.652+0800] {processor.py:161} INFO - Started process (PID=13699) to work on /Users/wanghaojin/Desktop/exchange@NUS/IS3107/HW/Project/news_data_pipeline/.venv/lib/python3.11/site-packages/airflow/example_dags/example_branch_operator.py
[2024-04-12T21:07:44.654+0800] {processor.py:830} INFO - Processing file /Users/wanghaojin/Desktop/exchange@NUS/IS3107/HW/Project/news_data_pipeline/.venv/lib/python3.11/site-packages/airflow/example_dags/example_branch_operator.py for tasks to queue
[2024-04-12T21:07:44.654+0800] {logging_mixin.py:188} INFO - [2024-04-12T21:07:44.654+0800] {dagbag.py:538} INFO - Filling up the DagBag from /Users/wanghaojin/Desktop/exchange@NUS/IS3107/HW/Project/news_data_pipeline/.venv/lib/python3.11/site-packages/airflow/example_dags/example_branch_operator.py
[2024-04-12T21:07:44.673+0800] {processor.py:840} INFO - DAG(s) 'example_branch_operator' retrieved from /Users/wanghaojin/Desktop/exchange@NUS/IS3107/HW/Project/news_data_pipeline/.venv/lib/python3.11/site-packages/airflow/example_dags/example_branch_operator.py
[2024-04-12T21:07:44.794+0800] {logging_mixin.py:188} INFO - [2024-04-12T21:07:44.794+0800] {dag.py:3036} INFO - Sync 1 DAGs
[2024-04-12T21:07:44.803+0800] {logging_mixin.py:188} INFO - [2024-04-12T21:07:44.803+0800] {dag.py:3823} INFO - Setting next_dagrun for example_branch_operator to 2024-04-11 00:00:00+00:00, run_after=2024-04-12 00:00:00+00:00
[2024-04-12T21:07:44.813+0800] {processor.py:183} INFO - Processing /Users/wanghaojin/Desktop/exchange@NUS/IS3107/HW/Project/news_data_pipeline/.venv/lib/python3.11/site-packages/airflow/example_dags/example_branch_operator.py took 0.161 seconds
[2024-04-12T21:10:02.341+0800] {processor.py:161} INFO - Started process (PID=13999) to work on /Users/wanghaojin/Desktop/exchange@NUS/IS3107/HW/Project/news_data_pipeline/.venv/lib/python3.11/site-packages/airflow/example_dags/example_branch_operator.py
[2024-04-12T21:10:02.342+0800] {processor.py:830} INFO - Processing file /Users/wanghaojin/Desktop/exchange@NUS/IS3107/HW/Project/news_data_pipeline/.venv/lib/python3.11/site-packages/airflow/example_dags/example_branch_operator.py for tasks to queue
[2024-04-12T21:10:02.343+0800] {logging_mixin.py:188} INFO - [2024-04-12T21:10:02.343+0800] {dagbag.py:538} INFO - Filling up the DagBag from /Users/wanghaojin/Desktop/exchange@NUS/IS3107/HW/Project/news_data_pipeline/.venv/lib/python3.11/site-packages/airflow/example_dags/example_branch_operator.py
[2024-04-12T21:10:02.363+0800] {processor.py:840} INFO - DAG(s) 'example_branch_operator' retrieved from /Users/wanghaojin/Desktop/exchange@NUS/IS3107/HW/Project/news_data_pipeline/.venv/lib/python3.11/site-packages/airflow/example_dags/example_branch_operator.py
[2024-04-12T21:10:02.487+0800] {logging_mixin.py:188} INFO - [2024-04-12T21:10:02.487+0800] {dag.py:3036} INFO - Sync 1 DAGs
[2024-04-12T21:10:02.495+0800] {logging_mixin.py:188} INFO - [2024-04-12T21:10:02.495+0800] {dag.py:3823} INFO - Setting next_dagrun for example_branch_operator to 2024-04-11 00:00:00+00:00, run_after=2024-04-12 00:00:00+00:00
[2024-04-12T21:10:02.506+0800] {processor.py:183} INFO - Processing /Users/wanghaojin/Desktop/exchange@NUS/IS3107/HW/Project/news_data_pipeline/.venv/lib/python3.11/site-packages/airflow/example_dags/example_branch_operator.py took 0.165 seconds
[2024-04-12T21:12:21.648+0800] {processor.py:161} INFO - Started process (PID=14224) to work on /Users/wanghaojin/Desktop/exchange@NUS/IS3107/HW/Project/news_data_pipeline/.venv/lib/python3.11/site-packages/airflow/example_dags/example_branch_operator.py
[2024-04-12T21:12:21.648+0800] {processor.py:830} INFO - Processing file /Users/wanghaojin/Desktop/exchange@NUS/IS3107/HW/Project/news_data_pipeline/.venv/lib/python3.11/site-packages/airflow/example_dags/example_branch_operator.py for tasks to queue
[2024-04-12T21:12:21.649+0800] {logging_mixin.py:188} INFO - [2024-04-12T21:12:21.649+0800] {dagbag.py:538} INFO - Filling up the DagBag from /Users/wanghaojin/Desktop/exchange@NUS/IS3107/HW/Project/news_data_pipeline/.venv/lib/python3.11/site-packages/airflow/example_dags/example_branch_operator.py
[2024-04-12T21:12:21.669+0800] {processor.py:840} INFO - DAG(s) 'example_branch_operator' retrieved from /Users/wanghaojin/Desktop/exchange@NUS/IS3107/HW/Project/news_data_pipeline/.venv/lib/python3.11/site-packages/airflow/example_dags/example_branch_operator.py
[2024-04-12T21:12:21.796+0800] {logging_mixin.py:188} INFO - [2024-04-12T21:12:21.795+0800] {dag.py:3036} INFO - Sync 1 DAGs
[2024-04-12T21:12:21.804+0800] {logging_mixin.py:188} INFO - [2024-04-12T21:12:21.804+0800] {dag.py:3823} INFO - Setting next_dagrun for example_branch_operator to 2024-04-11 00:00:00+00:00, run_after=2024-04-12 00:00:00+00:00
[2024-04-12T21:12:21.815+0800] {processor.py:183} INFO - Processing /Users/wanghaojin/Desktop/exchange@NUS/IS3107/HW/Project/news_data_pipeline/.venv/lib/python3.11/site-packages/airflow/example_dags/example_branch_operator.py took 0.168 seconds
[2024-04-12T21:16:11.962+0800] {processor.py:161} INFO - Started process (PID=14655) to work on /Users/wanghaojin/Desktop/exchange@NUS/IS3107/HW/Project/news_data_pipeline/.venv/lib/python3.11/site-packages/airflow/example_dags/example_branch_operator.py
[2024-04-12T21:16:11.962+0800] {processor.py:830} INFO - Processing file /Users/wanghaojin/Desktop/exchange@NUS/IS3107/HW/Project/news_data_pipeline/.venv/lib/python3.11/site-packages/airflow/example_dags/example_branch_operator.py for tasks to queue
[2024-04-12T21:16:11.963+0800] {logging_mixin.py:188} INFO - [2024-04-12T21:16:11.963+0800] {dagbag.py:538} INFO - Filling up the DagBag from /Users/wanghaojin/Desktop/exchange@NUS/IS3107/HW/Project/news_data_pipeline/.venv/lib/python3.11/site-packages/airflow/example_dags/example_branch_operator.py
[2024-04-12T21:16:11.982+0800] {processor.py:840} INFO - DAG(s) 'example_branch_operator' retrieved from /Users/wanghaojin/Desktop/exchange@NUS/IS3107/HW/Project/news_data_pipeline/.venv/lib/python3.11/site-packages/airflow/example_dags/example_branch_operator.py
[2024-04-12T21:16:12.104+0800] {logging_mixin.py:188} INFO - [2024-04-12T21:16:12.104+0800] {dag.py:3036} INFO - Sync 1 DAGs
[2024-04-12T21:16:12.114+0800] {logging_mixin.py:188} INFO - [2024-04-12T21:16:12.114+0800] {dag.py:3823} INFO - Setting next_dagrun for example_branch_operator to 2024-04-11 00:00:00+00:00, run_after=2024-04-12 00:00:00+00:00
[2024-04-12T21:16:12.124+0800] {processor.py:183} INFO - Processing /Users/wanghaojin/Desktop/exchange@NUS/IS3107/HW/Project/news_data_pipeline/.venv/lib/python3.11/site-packages/airflow/example_dags/example_branch_operator.py took 0.164 seconds
[2024-04-12T21:18:31.508+0800] {processor.py:161} INFO - Started process (PID=14839) to work on /Users/wanghaojin/Desktop/exchange@NUS/IS3107/HW/Project/news_data_pipeline/.venv/lib/python3.11/site-packages/airflow/example_dags/example_branch_operator.py
[2024-04-12T21:18:31.509+0800] {processor.py:830} INFO - Processing file /Users/wanghaojin/Desktop/exchange@NUS/IS3107/HW/Project/news_data_pipeline/.venv/lib/python3.11/site-packages/airflow/example_dags/example_branch_operator.py for tasks to queue
[2024-04-12T21:18:31.510+0800] {logging_mixin.py:188} INFO - [2024-04-12T21:18:31.510+0800] {dagbag.py:538} INFO - Filling up the DagBag from /Users/wanghaojin/Desktop/exchange@NUS/IS3107/HW/Project/news_data_pipeline/.venv/lib/python3.11/site-packages/airflow/example_dags/example_branch_operator.py
[2024-04-12T21:18:31.529+0800] {processor.py:840} INFO - DAG(s) 'example_branch_operator' retrieved from /Users/wanghaojin/Desktop/exchange@NUS/IS3107/HW/Project/news_data_pipeline/.venv/lib/python3.11/site-packages/airflow/example_dags/example_branch_operator.py
[2024-04-12T21:18:31.651+0800] {logging_mixin.py:188} INFO - [2024-04-12T21:18:31.651+0800] {dag.py:3036} INFO - Sync 1 DAGs
[2024-04-12T21:18:31.660+0800] {logging_mixin.py:188} INFO - [2024-04-12T21:18:31.660+0800] {dag.py:3823} INFO - Setting next_dagrun for example_branch_operator to 2024-04-11 00:00:00+00:00, run_after=2024-04-12 00:00:00+00:00
[2024-04-12T21:18:31.670+0800] {processor.py:183} INFO - Processing /Users/wanghaojin/Desktop/exchange@NUS/IS3107/HW/Project/news_data_pipeline/.venv/lib/python3.11/site-packages/airflow/example_dags/example_branch_operator.py took 0.162 seconds
[2024-04-12T21:38:44.477+0800] {processor.py:161} INFO - Started process (PID=16360) to work on /Users/wanghaojin/Desktop/exchange@NUS/IS3107/HW/Project/news_data_pipeline/.venv/lib/python3.11/site-packages/airflow/example_dags/example_branch_operator.py
[2024-04-12T21:38:44.479+0800] {processor.py:830} INFO - Processing file /Users/wanghaojin/Desktop/exchange@NUS/IS3107/HW/Project/news_data_pipeline/.venv/lib/python3.11/site-packages/airflow/example_dags/example_branch_operator.py for tasks to queue
[2024-04-12T21:38:44.480+0800] {logging_mixin.py:188} INFO - [2024-04-12T21:38:44.480+0800] {dagbag.py:538} INFO - Filling up the DagBag from /Users/wanghaojin/Desktop/exchange@NUS/IS3107/HW/Project/news_data_pipeline/.venv/lib/python3.11/site-packages/airflow/example_dags/example_branch_operator.py
[2024-04-12T21:38:44.518+0800] {processor.py:840} INFO - DAG(s) 'example_branch_operator' retrieved from /Users/wanghaojin/Desktop/exchange@NUS/IS3107/HW/Project/news_data_pipeline/.venv/lib/python3.11/site-packages/airflow/example_dags/example_branch_operator.py
[2024-04-12T21:38:44.739+0800] {logging_mixin.py:188} INFO - [2024-04-12T21:38:44.739+0800] {dag.py:3036} INFO - Sync 1 DAGs
[2024-04-12T21:38:44.756+0800] {logging_mixin.py:188} INFO - [2024-04-12T21:38:44.756+0800] {dag.py:3823} INFO - Setting next_dagrun for example_branch_operator to 2024-04-11 00:00:00+00:00, run_after=2024-04-12 00:00:00+00:00
[2024-04-12T21:38:44.775+0800] {processor.py:183} INFO - Processing /Users/wanghaojin/Desktop/exchange@NUS/IS3107/HW/Project/news_data_pipeline/.venv/lib/python3.11/site-packages/airflow/example_dags/example_branch_operator.py took 0.298 seconds
[2024-04-12T21:44:21.747+0800] {processor.py:161} INFO - Started process (PID=16557) to work on /Users/wanghaojin/Desktop/exchange@NUS/IS3107/HW/Project/news_data_pipeline/.venv/lib/python3.11/site-packages/airflow/example_dags/example_branch_operator.py
[2024-04-12T21:44:21.749+0800] {processor.py:830} INFO - Processing file /Users/wanghaojin/Desktop/exchange@NUS/IS3107/HW/Project/news_data_pipeline/.venv/lib/python3.11/site-packages/airflow/example_dags/example_branch_operator.py for tasks to queue
[2024-04-12T21:44:21.750+0800] {logging_mixin.py:188} INFO - [2024-04-12T21:44:21.750+0800] {dagbag.py:538} INFO - Filling up the DagBag from /Users/wanghaojin/Desktop/exchange@NUS/IS3107/HW/Project/news_data_pipeline/.venv/lib/python3.11/site-packages/airflow/example_dags/example_branch_operator.py
[2024-04-12T21:44:21.785+0800] {processor.py:840} INFO - DAG(s) 'example_branch_operator' retrieved from /Users/wanghaojin/Desktop/exchange@NUS/IS3107/HW/Project/news_data_pipeline/.venv/lib/python3.11/site-packages/airflow/example_dags/example_branch_operator.py
[2024-04-12T21:44:21.995+0800] {logging_mixin.py:188} INFO - [2024-04-12T21:44:21.995+0800] {dag.py:3036} INFO - Sync 1 DAGs
[2024-04-12T21:44:22.010+0800] {logging_mixin.py:188} INFO - [2024-04-12T21:44:22.010+0800] {dag.py:3823} INFO - Setting next_dagrun for example_branch_operator to 2024-04-11 00:00:00+00:00, run_after=2024-04-12 00:00:00+00:00
[2024-04-12T21:44:22.028+0800] {processor.py:183} INFO - Processing /Users/wanghaojin/Desktop/exchange@NUS/IS3107/HW/Project/news_data_pipeline/.venv/lib/python3.11/site-packages/airflow/example_dags/example_branch_operator.py took 0.282 seconds
