[2024-04-12T19:28:07.188+0800] {processor.py:161} INFO - Started process (PID=3473) to work on /Users/wanghaojin/Desktop/exchange@NUS/IS3107/HW/Project/news_data_pipeline/.venv/lib/python3.11/site-packages/airflow/example_dags/example_branch_operator_decorator.py
[2024-04-12T19:28:07.189+0800] {processor.py:830} INFO - Processing file /Users/wanghaojin/Desktop/exchange@NUS/IS3107/HW/Project/news_data_pipeline/.venv/lib/python3.11/site-packages/airflow/example_dags/example_branch_operator_decorator.py for tasks to queue
[2024-04-12T19:28:07.189+0800] {logging_mixin.py:188} INFO - [2024-04-12T19:28:07.189+0800] {dagbag.py:538} INFO - Filling up the DagBag from /Users/wanghaojin/Desktop/exchange@NUS/IS3107/HW/Project/news_data_pipeline/.venv/lib/python3.11/site-packages/airflow/example_dags/example_branch_operator_decorator.py
[2024-04-12T19:28:07.217+0800] {processor.py:840} INFO - DAG(s) 'example_branch_python_operator_decorator' retrieved from /Users/wanghaojin/Desktop/exchange@NUS/IS3107/HW/Project/news_data_pipeline/.venv/lib/python3.11/site-packages/airflow/example_dags/example_branch_operator_decorator.py
[2024-04-12T19:28:07.342+0800] {logging_mixin.py:188} INFO - [2024-04-12T19:28:07.342+0800] {dag.py:3036} INFO - Sync 1 DAGs
[2024-04-12T19:28:07.351+0800] {logging_mixin.py:188} INFO - [2024-04-12T19:28:07.351+0800] {dag.py:3823} INFO - Setting next_dagrun for example_branch_python_operator_decorator to 2024-04-11 00:00:00+00:00, run_after=2024-04-12 00:00:00+00:00
[2024-04-12T19:28:07.362+0800] {processor.py:183} INFO - Processing /Users/wanghaojin/Desktop/exchange@NUS/IS3107/HW/Project/news_data_pipeline/.venv/lib/python3.11/site-packages/airflow/example_dags/example_branch_operator_decorator.py took 0.174 seconds
[2024-04-12T19:31:04.621+0800] {processor.py:161} INFO - Started process (PID=4212) to work on /Users/wanghaojin/Desktop/exchange@NUS/IS3107/HW/Project/news_data_pipeline/.venv/lib/python3.11/site-packages/airflow/example_dags/example_branch_operator_decorator.py
[2024-04-12T19:31:04.623+0800] {processor.py:830} INFO - Processing file /Users/wanghaojin/Desktop/exchange@NUS/IS3107/HW/Project/news_data_pipeline/.venv/lib/python3.11/site-packages/airflow/example_dags/example_branch_operator_decorator.py for tasks to queue
[2024-04-12T19:31:04.623+0800] {logging_mixin.py:188} INFO - [2024-04-12T19:31:04.623+0800] {dagbag.py:538} INFO - Filling up the DagBag from /Users/wanghaojin/Desktop/exchange@NUS/IS3107/HW/Project/news_data_pipeline/.venv/lib/python3.11/site-packages/airflow/example_dags/example_branch_operator_decorator.py
[2024-04-12T19:31:04.649+0800] {processor.py:840} INFO - DAG(s) 'example_branch_python_operator_decorator' retrieved from /Users/wanghaojin/Desktop/exchange@NUS/IS3107/HW/Project/news_data_pipeline/.venv/lib/python3.11/site-packages/airflow/example_dags/example_branch_operator_decorator.py
[2024-04-12T19:31:04.774+0800] {logging_mixin.py:188} INFO - [2024-04-12T19:31:04.774+0800] {dag.py:3036} INFO - Sync 1 DAGs
[2024-04-12T19:31:04.783+0800] {logging_mixin.py:188} INFO - [2024-04-12T19:31:04.782+0800] {dag.py:3823} INFO - Setting next_dagrun for example_branch_python_operator_decorator to 2024-04-11 00:00:00+00:00, run_after=2024-04-12 00:00:00+00:00
[2024-04-12T19:31:04.794+0800] {processor.py:183} INFO - Processing /Users/wanghaojin/Desktop/exchange@NUS/IS3107/HW/Project/news_data_pipeline/.venv/lib/python3.11/site-packages/airflow/example_dags/example_branch_operator_decorator.py took 0.173 seconds
[2024-04-12T19:32:52.117+0800] {processor.py:161} INFO - Started process (PID=4422) to work on /Users/wanghaojin/Desktop/exchange@NUS/IS3107/HW/Project/news_data_pipeline/.venv/lib/python3.11/site-packages/airflow/example_dags/example_branch_operator_decorator.py
[2024-04-12T19:32:52.119+0800] {processor.py:830} INFO - Processing file /Users/wanghaojin/Desktop/exchange@NUS/IS3107/HW/Project/news_data_pipeline/.venv/lib/python3.11/site-packages/airflow/example_dags/example_branch_operator_decorator.py for tasks to queue
[2024-04-12T19:32:52.119+0800] {logging_mixin.py:188} INFO - [2024-04-12T19:32:52.119+0800] {dagbag.py:538} INFO - Filling up the DagBag from /Users/wanghaojin/Desktop/exchange@NUS/IS3107/HW/Project/news_data_pipeline/.venv/lib/python3.11/site-packages/airflow/example_dags/example_branch_operator_decorator.py
[2024-04-12T19:32:52.145+0800] {processor.py:840} INFO - DAG(s) 'example_branch_python_operator_decorator' retrieved from /Users/wanghaojin/Desktop/exchange@NUS/IS3107/HW/Project/news_data_pipeline/.venv/lib/python3.11/site-packages/airflow/example_dags/example_branch_operator_decorator.py
[2024-04-12T19:32:52.268+0800] {logging_mixin.py:188} INFO - [2024-04-12T19:32:52.267+0800] {dag.py:3036} INFO - Sync 1 DAGs
[2024-04-12T19:32:52.276+0800] {logging_mixin.py:188} INFO - [2024-04-12T19:32:52.276+0800] {dag.py:3823} INFO - Setting next_dagrun for example_branch_python_operator_decorator to 2024-04-11 00:00:00+00:00, run_after=2024-04-12 00:00:00+00:00
[2024-04-12T19:32:52.287+0800] {processor.py:183} INFO - Processing /Users/wanghaojin/Desktop/exchange@NUS/IS3107/HW/Project/news_data_pipeline/.venv/lib/python3.11/site-packages/airflow/example_dags/example_branch_operator_decorator.py took 0.170 seconds
[2024-04-12T19:35:09.365+0800] {processor.py:161} INFO - Started process (PID=4619) to work on /Users/wanghaojin/Desktop/exchange@NUS/IS3107/HW/Project/news_data_pipeline/.venv/lib/python3.11/site-packages/airflow/example_dags/example_branch_operator_decorator.py
[2024-04-12T19:35:09.366+0800] {processor.py:830} INFO - Processing file /Users/wanghaojin/Desktop/exchange@NUS/IS3107/HW/Project/news_data_pipeline/.venv/lib/python3.11/site-packages/airflow/example_dags/example_branch_operator_decorator.py for tasks to queue
[2024-04-12T19:35:09.366+0800] {logging_mixin.py:188} INFO - [2024-04-12T19:35:09.366+0800] {dagbag.py:538} INFO - Filling up the DagBag from /Users/wanghaojin/Desktop/exchange@NUS/IS3107/HW/Project/news_data_pipeline/.venv/lib/python3.11/site-packages/airflow/example_dags/example_branch_operator_decorator.py
[2024-04-12T19:35:09.393+0800] {processor.py:840} INFO - DAG(s) 'example_branch_python_operator_decorator' retrieved from /Users/wanghaojin/Desktop/exchange@NUS/IS3107/HW/Project/news_data_pipeline/.venv/lib/python3.11/site-packages/airflow/example_dags/example_branch_operator_decorator.py
[2024-04-12T19:35:09.515+0800] {logging_mixin.py:188} INFO - [2024-04-12T19:35:09.515+0800] {dag.py:3036} INFO - Sync 1 DAGs
[2024-04-12T19:35:09.523+0800] {logging_mixin.py:188} INFO - [2024-04-12T19:35:09.523+0800] {dag.py:3823} INFO - Setting next_dagrun for example_branch_python_operator_decorator to 2024-04-11 00:00:00+00:00, run_after=2024-04-12 00:00:00+00:00
[2024-04-12T19:35:09.534+0800] {processor.py:183} INFO - Processing /Users/wanghaojin/Desktop/exchange@NUS/IS3107/HW/Project/news_data_pipeline/.venv/lib/python3.11/site-packages/airflow/example_dags/example_branch_operator_decorator.py took 0.169 seconds
[2024-04-12T19:37:26.402+0800] {processor.py:161} INFO - Started process (PID=4840) to work on /Users/wanghaojin/Desktop/exchange@NUS/IS3107/HW/Project/news_data_pipeline/.venv/lib/python3.11/site-packages/airflow/example_dags/example_branch_operator_decorator.py
[2024-04-12T19:37:26.403+0800] {processor.py:830} INFO - Processing file /Users/wanghaojin/Desktop/exchange@NUS/IS3107/HW/Project/news_data_pipeline/.venv/lib/python3.11/site-packages/airflow/example_dags/example_branch_operator_decorator.py for tasks to queue
[2024-04-12T19:37:26.403+0800] {logging_mixin.py:188} INFO - [2024-04-12T19:37:26.403+0800] {dagbag.py:538} INFO - Filling up the DagBag from /Users/wanghaojin/Desktop/exchange@NUS/IS3107/HW/Project/news_data_pipeline/.venv/lib/python3.11/site-packages/airflow/example_dags/example_branch_operator_decorator.py
[2024-04-12T19:37:26.430+0800] {processor.py:840} INFO - DAG(s) 'example_branch_python_operator_decorator' retrieved from /Users/wanghaojin/Desktop/exchange@NUS/IS3107/HW/Project/news_data_pipeline/.venv/lib/python3.11/site-packages/airflow/example_dags/example_branch_operator_decorator.py
[2024-04-12T19:37:26.552+0800] {logging_mixin.py:188} INFO - [2024-04-12T19:37:26.552+0800] {dag.py:3036} INFO - Sync 1 DAGs
[2024-04-12T19:37:26.561+0800] {logging_mixin.py:188} INFO - [2024-04-12T19:37:26.561+0800] {dag.py:3823} INFO - Setting next_dagrun for example_branch_python_operator_decorator to 2024-04-11 00:00:00+00:00, run_after=2024-04-12 00:00:00+00:00
[2024-04-12T19:37:26.572+0800] {processor.py:183} INFO - Processing /Users/wanghaojin/Desktop/exchange@NUS/IS3107/HW/Project/news_data_pipeline/.venv/lib/python3.11/site-packages/airflow/example_dags/example_branch_operator_decorator.py took 0.171 seconds
[2024-04-12T19:39:39.855+0800] {processor.py:161} INFO - Started process (PID=5051) to work on /Users/wanghaojin/Desktop/exchange@NUS/IS3107/HW/Project/news_data_pipeline/.venv/lib/python3.11/site-packages/airflow/example_dags/example_branch_operator_decorator.py
[2024-04-12T19:39:39.855+0800] {processor.py:830} INFO - Processing file /Users/wanghaojin/Desktop/exchange@NUS/IS3107/HW/Project/news_data_pipeline/.venv/lib/python3.11/site-packages/airflow/example_dags/example_branch_operator_decorator.py for tasks to queue
[2024-04-12T19:39:39.855+0800] {logging_mixin.py:188} INFO - [2024-04-12T19:39:39.855+0800] {dagbag.py:538} INFO - Filling up the DagBag from /Users/wanghaojin/Desktop/exchange@NUS/IS3107/HW/Project/news_data_pipeline/.venv/lib/python3.11/site-packages/airflow/example_dags/example_branch_operator_decorator.py
[2024-04-12T19:39:39.882+0800] {processor.py:840} INFO - DAG(s) 'example_branch_python_operator_decorator' retrieved from /Users/wanghaojin/Desktop/exchange@NUS/IS3107/HW/Project/news_data_pipeline/.venv/lib/python3.11/site-packages/airflow/example_dags/example_branch_operator_decorator.py
[2024-04-12T19:39:40.006+0800] {logging_mixin.py:188} INFO - [2024-04-12T19:39:40.005+0800] {dag.py:3036} INFO - Sync 1 DAGs
[2024-04-12T19:39:40.014+0800] {logging_mixin.py:188} INFO - [2024-04-12T19:39:40.014+0800] {dag.py:3823} INFO - Setting next_dagrun for example_branch_python_operator_decorator to 2024-04-11 00:00:00+00:00, run_after=2024-04-12 00:00:00+00:00
[2024-04-12T19:39:40.025+0800] {processor.py:183} INFO - Processing /Users/wanghaojin/Desktop/exchange@NUS/IS3107/HW/Project/news_data_pipeline/.venv/lib/python3.11/site-packages/airflow/example_dags/example_branch_operator_decorator.py took 0.171 seconds
[2024-04-12T19:41:54.894+0800] {processor.py:161} INFO - Started process (PID=5264) to work on /Users/wanghaojin/Desktop/exchange@NUS/IS3107/HW/Project/news_data_pipeline/.venv/lib/python3.11/site-packages/airflow/example_dags/example_branch_operator_decorator.py
[2024-04-12T19:41:54.894+0800] {processor.py:830} INFO - Processing file /Users/wanghaojin/Desktop/exchange@NUS/IS3107/HW/Project/news_data_pipeline/.venv/lib/python3.11/site-packages/airflow/example_dags/example_branch_operator_decorator.py for tasks to queue
[2024-04-12T19:41:54.895+0800] {logging_mixin.py:188} INFO - [2024-04-12T19:41:54.894+0800] {dagbag.py:538} INFO - Filling up the DagBag from /Users/wanghaojin/Desktop/exchange@NUS/IS3107/HW/Project/news_data_pipeline/.venv/lib/python3.11/site-packages/airflow/example_dags/example_branch_operator_decorator.py
[2024-04-12T19:41:54.920+0800] {processor.py:840} INFO - DAG(s) 'example_branch_python_operator_decorator' retrieved from /Users/wanghaojin/Desktop/exchange@NUS/IS3107/HW/Project/news_data_pipeline/.venv/lib/python3.11/site-packages/airflow/example_dags/example_branch_operator_decorator.py
[2024-04-12T19:41:55.043+0800] {logging_mixin.py:188} INFO - [2024-04-12T19:41:55.042+0800] {dag.py:3036} INFO - Sync 1 DAGs
[2024-04-12T19:41:55.051+0800] {logging_mixin.py:188} INFO - [2024-04-12T19:41:55.051+0800] {dag.py:3823} INFO - Setting next_dagrun for example_branch_python_operator_decorator to 2024-04-11 00:00:00+00:00, run_after=2024-04-12 00:00:00+00:00
[2024-04-12T19:41:55.062+0800] {processor.py:183} INFO - Processing /Users/wanghaojin/Desktop/exchange@NUS/IS3107/HW/Project/news_data_pipeline/.venv/lib/python3.11/site-packages/airflow/example_dags/example_branch_operator_decorator.py took 0.169 seconds
[2024-04-12T19:44:10.414+0800] {processor.py:161} INFO - Started process (PID=5476) to work on /Users/wanghaojin/Desktop/exchange@NUS/IS3107/HW/Project/news_data_pipeline/.venv/lib/python3.11/site-packages/airflow/example_dags/example_branch_operator_decorator.py
[2024-04-12T19:44:10.415+0800] {processor.py:830} INFO - Processing file /Users/wanghaojin/Desktop/exchange@NUS/IS3107/HW/Project/news_data_pipeline/.venv/lib/python3.11/site-packages/airflow/example_dags/example_branch_operator_decorator.py for tasks to queue
[2024-04-12T19:44:10.415+0800] {logging_mixin.py:188} INFO - [2024-04-12T19:44:10.415+0800] {dagbag.py:538} INFO - Filling up the DagBag from /Users/wanghaojin/Desktop/exchange@NUS/IS3107/HW/Project/news_data_pipeline/.venv/lib/python3.11/site-packages/airflow/example_dags/example_branch_operator_decorator.py
[2024-04-12T19:44:10.442+0800] {processor.py:840} INFO - DAG(s) 'example_branch_python_operator_decorator' retrieved from /Users/wanghaojin/Desktop/exchange@NUS/IS3107/HW/Project/news_data_pipeline/.venv/lib/python3.11/site-packages/airflow/example_dags/example_branch_operator_decorator.py
[2024-04-12T19:44:10.564+0800] {logging_mixin.py:188} INFO - [2024-04-12T19:44:10.563+0800] {dag.py:3036} INFO - Sync 1 DAGs
[2024-04-12T19:44:10.572+0800] {logging_mixin.py:188} INFO - [2024-04-12T19:44:10.572+0800] {dag.py:3823} INFO - Setting next_dagrun for example_branch_python_operator_decorator to 2024-04-11 00:00:00+00:00, run_after=2024-04-12 00:00:00+00:00
[2024-04-12T19:44:10.583+0800] {processor.py:183} INFO - Processing /Users/wanghaojin/Desktop/exchange@NUS/IS3107/HW/Project/news_data_pipeline/.venv/lib/python3.11/site-packages/airflow/example_dags/example_branch_operator_decorator.py took 0.170 seconds
[2024-04-12T19:46:26.421+0800] {processor.py:161} INFO - Started process (PID=5670) to work on /Users/wanghaojin/Desktop/exchange@NUS/IS3107/HW/Project/news_data_pipeline/.venv/lib/python3.11/site-packages/airflow/example_dags/example_branch_operator_decorator.py
[2024-04-12T19:46:26.422+0800] {processor.py:830} INFO - Processing file /Users/wanghaojin/Desktop/exchange@NUS/IS3107/HW/Project/news_data_pipeline/.venv/lib/python3.11/site-packages/airflow/example_dags/example_branch_operator_decorator.py for tasks to queue
[2024-04-12T19:46:26.422+0800] {logging_mixin.py:188} INFO - [2024-04-12T19:46:26.422+0800] {dagbag.py:538} INFO - Filling up the DagBag from /Users/wanghaojin/Desktop/exchange@NUS/IS3107/HW/Project/news_data_pipeline/.venv/lib/python3.11/site-packages/airflow/example_dags/example_branch_operator_decorator.py
[2024-04-12T19:46:26.448+0800] {processor.py:840} INFO - DAG(s) 'example_branch_python_operator_decorator' retrieved from /Users/wanghaojin/Desktop/exchange@NUS/IS3107/HW/Project/news_data_pipeline/.venv/lib/python3.11/site-packages/airflow/example_dags/example_branch_operator_decorator.py
[2024-04-12T19:46:26.569+0800] {logging_mixin.py:188} INFO - [2024-04-12T19:46:26.569+0800] {dag.py:3036} INFO - Sync 1 DAGs
[2024-04-12T19:46:26.578+0800] {logging_mixin.py:188} INFO - [2024-04-12T19:46:26.578+0800] {dag.py:3823} INFO - Setting next_dagrun for example_branch_python_operator_decorator to 2024-04-11 00:00:00+00:00, run_after=2024-04-12 00:00:00+00:00
[2024-04-12T19:46:26.589+0800] {processor.py:183} INFO - Processing /Users/wanghaojin/Desktop/exchange@NUS/IS3107/HW/Project/news_data_pipeline/.venv/lib/python3.11/site-packages/airflow/example_dags/example_branch_operator_decorator.py took 0.169 seconds
[2024-04-12T19:48:43.001+0800] {processor.py:161} INFO - Started process (PID=5874) to work on /Users/wanghaojin/Desktop/exchange@NUS/IS3107/HW/Project/news_data_pipeline/.venv/lib/python3.11/site-packages/airflow/example_dags/example_branch_operator_decorator.py
[2024-04-12T19:48:43.001+0800] {processor.py:830} INFO - Processing file /Users/wanghaojin/Desktop/exchange@NUS/IS3107/HW/Project/news_data_pipeline/.venv/lib/python3.11/site-packages/airflow/example_dags/example_branch_operator_decorator.py for tasks to queue
[2024-04-12T19:48:43.002+0800] {logging_mixin.py:188} INFO - [2024-04-12T19:48:43.001+0800] {dagbag.py:538} INFO - Filling up the DagBag from /Users/wanghaojin/Desktop/exchange@NUS/IS3107/HW/Project/news_data_pipeline/.venv/lib/python3.11/site-packages/airflow/example_dags/example_branch_operator_decorator.py
[2024-04-12T19:48:43.029+0800] {processor.py:840} INFO - DAG(s) 'example_branch_python_operator_decorator' retrieved from /Users/wanghaojin/Desktop/exchange@NUS/IS3107/HW/Project/news_data_pipeline/.venv/lib/python3.11/site-packages/airflow/example_dags/example_branch_operator_decorator.py
[2024-04-12T19:48:43.152+0800] {logging_mixin.py:188} INFO - [2024-04-12T19:48:43.152+0800] {dag.py:3036} INFO - Sync 1 DAGs
[2024-04-12T19:48:43.161+0800] {logging_mixin.py:188} INFO - [2024-04-12T19:48:43.161+0800] {dag.py:3823} INFO - Setting next_dagrun for example_branch_python_operator_decorator to 2024-04-11 00:00:00+00:00, run_after=2024-04-12 00:00:00+00:00
[2024-04-12T19:48:43.172+0800] {processor.py:183} INFO - Processing /Users/wanghaojin/Desktop/exchange@NUS/IS3107/HW/Project/news_data_pipeline/.venv/lib/python3.11/site-packages/airflow/example_dags/example_branch_operator_decorator.py took 0.172 seconds
[2024-04-12T19:50:59.585+0800] {processor.py:161} INFO - Started process (PID=6064) to work on /Users/wanghaojin/Desktop/exchange@NUS/IS3107/HW/Project/news_data_pipeline/.venv/lib/python3.11/site-packages/airflow/example_dags/example_branch_operator_decorator.py
[2024-04-12T19:50:59.585+0800] {processor.py:830} INFO - Processing file /Users/wanghaojin/Desktop/exchange@NUS/IS3107/HW/Project/news_data_pipeline/.venv/lib/python3.11/site-packages/airflow/example_dags/example_branch_operator_decorator.py for tasks to queue
[2024-04-12T19:50:59.586+0800] {logging_mixin.py:188} INFO - [2024-04-12T19:50:59.586+0800] {dagbag.py:538} INFO - Filling up the DagBag from /Users/wanghaojin/Desktop/exchange@NUS/IS3107/HW/Project/news_data_pipeline/.venv/lib/python3.11/site-packages/airflow/example_dags/example_branch_operator_decorator.py
[2024-04-12T19:50:59.612+0800] {processor.py:840} INFO - DAG(s) 'example_branch_python_operator_decorator' retrieved from /Users/wanghaojin/Desktop/exchange@NUS/IS3107/HW/Project/news_data_pipeline/.venv/lib/python3.11/site-packages/airflow/example_dags/example_branch_operator_decorator.py
[2024-04-12T19:50:59.737+0800] {logging_mixin.py:188} INFO - [2024-04-12T19:50:59.737+0800] {dag.py:3036} INFO - Sync 1 DAGs
[2024-04-12T19:50:59.746+0800] {logging_mixin.py:188} INFO - [2024-04-12T19:50:59.745+0800] {dag.py:3823} INFO - Setting next_dagrun for example_branch_python_operator_decorator to 2024-04-11 00:00:00+00:00, run_after=2024-04-12 00:00:00+00:00
[2024-04-12T19:50:59.757+0800] {processor.py:183} INFO - Processing /Users/wanghaojin/Desktop/exchange@NUS/IS3107/HW/Project/news_data_pipeline/.venv/lib/python3.11/site-packages/airflow/example_dags/example_branch_operator_decorator.py took 0.173 seconds
[2024-04-12T19:53:12.541+0800] {processor.py:161} INFO - Started process (PID=6240) to work on /Users/wanghaojin/Desktop/exchange@NUS/IS3107/HW/Project/news_data_pipeline/.venv/lib/python3.11/site-packages/airflow/example_dags/example_branch_operator_decorator.py
[2024-04-12T19:53:12.542+0800] {processor.py:830} INFO - Processing file /Users/wanghaojin/Desktop/exchange@NUS/IS3107/HW/Project/news_data_pipeline/.venv/lib/python3.11/site-packages/airflow/example_dags/example_branch_operator_decorator.py for tasks to queue
[2024-04-12T19:53:12.542+0800] {logging_mixin.py:188} INFO - [2024-04-12T19:53:12.542+0800] {dagbag.py:538} INFO - Filling up the DagBag from /Users/wanghaojin/Desktop/exchange@NUS/IS3107/HW/Project/news_data_pipeline/.venv/lib/python3.11/site-packages/airflow/example_dags/example_branch_operator_decorator.py
[2024-04-12T19:53:12.568+0800] {processor.py:840} INFO - DAG(s) 'example_branch_python_operator_decorator' retrieved from /Users/wanghaojin/Desktop/exchange@NUS/IS3107/HW/Project/news_data_pipeline/.venv/lib/python3.11/site-packages/airflow/example_dags/example_branch_operator_decorator.py
[2024-04-12T19:53:12.691+0800] {logging_mixin.py:188} INFO - [2024-04-12T19:53:12.691+0800] {dag.py:3036} INFO - Sync 1 DAGs
[2024-04-12T19:53:12.700+0800] {logging_mixin.py:188} INFO - [2024-04-12T19:53:12.700+0800] {dag.py:3823} INFO - Setting next_dagrun for example_branch_python_operator_decorator to 2024-04-11 00:00:00+00:00, run_after=2024-04-12 00:00:00+00:00
[2024-04-12T19:53:12.711+0800] {processor.py:183} INFO - Processing /Users/wanghaojin/Desktop/exchange@NUS/IS3107/HW/Project/news_data_pipeline/.venv/lib/python3.11/site-packages/airflow/example_dags/example_branch_operator_decorator.py took 0.171 seconds
[2024-04-12T19:55:29.829+0800] {processor.py:161} INFO - Started process (PID=6411) to work on /Users/wanghaojin/Desktop/exchange@NUS/IS3107/HW/Project/news_data_pipeline/.venv/lib/python3.11/site-packages/airflow/example_dags/example_branch_operator_decorator.py
[2024-04-12T19:55:29.830+0800] {processor.py:830} INFO - Processing file /Users/wanghaojin/Desktop/exchange@NUS/IS3107/HW/Project/news_data_pipeline/.venv/lib/python3.11/site-packages/airflow/example_dags/example_branch_operator_decorator.py for tasks to queue
[2024-04-12T19:55:29.830+0800] {logging_mixin.py:188} INFO - [2024-04-12T19:55:29.830+0800] {dagbag.py:538} INFO - Filling up the DagBag from /Users/wanghaojin/Desktop/exchange@NUS/IS3107/HW/Project/news_data_pipeline/.venv/lib/python3.11/site-packages/airflow/example_dags/example_branch_operator_decorator.py
[2024-04-12T19:55:29.857+0800] {processor.py:840} INFO - DAG(s) 'example_branch_python_operator_decorator' retrieved from /Users/wanghaojin/Desktop/exchange@NUS/IS3107/HW/Project/news_data_pipeline/.venv/lib/python3.11/site-packages/airflow/example_dags/example_branch_operator_decorator.py
[2024-04-12T19:55:29.979+0800] {logging_mixin.py:188} INFO - [2024-04-12T19:55:29.978+0800] {dag.py:3036} INFO - Sync 1 DAGs
[2024-04-12T19:55:29.987+0800] {logging_mixin.py:188} INFO - [2024-04-12T19:55:29.987+0800] {dag.py:3823} INFO - Setting next_dagrun for example_branch_python_operator_decorator to 2024-04-11 00:00:00+00:00, run_after=2024-04-12 00:00:00+00:00
[2024-04-12T19:55:29.998+0800] {processor.py:183} INFO - Processing /Users/wanghaojin/Desktop/exchange@NUS/IS3107/HW/Project/news_data_pipeline/.venv/lib/python3.11/site-packages/airflow/example_dags/example_branch_operator_decorator.py took 0.170 seconds
[2024-04-12T19:57:42.739+0800] {processor.py:161} INFO - Started process (PID=6538) to work on /Users/wanghaojin/Desktop/exchange@NUS/IS3107/HW/Project/news_data_pipeline/.venv/lib/python3.11/site-packages/airflow/example_dags/example_branch_operator_decorator.py
[2024-04-12T19:57:42.739+0800] {processor.py:830} INFO - Processing file /Users/wanghaojin/Desktop/exchange@NUS/IS3107/HW/Project/news_data_pipeline/.venv/lib/python3.11/site-packages/airflow/example_dags/example_branch_operator_decorator.py for tasks to queue
[2024-04-12T19:57:42.740+0800] {logging_mixin.py:188} INFO - [2024-04-12T19:57:42.740+0800] {dagbag.py:538} INFO - Filling up the DagBag from /Users/wanghaojin/Desktop/exchange@NUS/IS3107/HW/Project/news_data_pipeline/.venv/lib/python3.11/site-packages/airflow/example_dags/example_branch_operator_decorator.py
[2024-04-12T19:57:42.766+0800] {processor.py:840} INFO - DAG(s) 'example_branch_python_operator_decorator' retrieved from /Users/wanghaojin/Desktop/exchange@NUS/IS3107/HW/Project/news_data_pipeline/.venv/lib/python3.11/site-packages/airflow/example_dags/example_branch_operator_decorator.py
[2024-04-12T19:57:42.890+0800] {logging_mixin.py:188} INFO - [2024-04-12T19:57:42.890+0800] {dag.py:3036} INFO - Sync 1 DAGs
[2024-04-12T19:57:42.899+0800] {logging_mixin.py:188} INFO - [2024-04-12T19:57:42.899+0800] {dag.py:3823} INFO - Setting next_dagrun for example_branch_python_operator_decorator to 2024-04-11 00:00:00+00:00, run_after=2024-04-12 00:00:00+00:00
[2024-04-12T19:57:42.911+0800] {processor.py:183} INFO - Processing /Users/wanghaojin/Desktop/exchange@NUS/IS3107/HW/Project/news_data_pipeline/.venv/lib/python3.11/site-packages/airflow/example_dags/example_branch_operator_decorator.py took 0.172 seconds
[2024-04-12T19:59:55.657+0800] {processor.py:161} INFO - Started process (PID=6684) to work on /Users/wanghaojin/Desktop/exchange@NUS/IS3107/HW/Project/news_data_pipeline/.venv/lib/python3.11/site-packages/airflow/example_dags/example_branch_operator_decorator.py
[2024-04-12T19:59:55.657+0800] {processor.py:830} INFO - Processing file /Users/wanghaojin/Desktop/exchange@NUS/IS3107/HW/Project/news_data_pipeline/.venv/lib/python3.11/site-packages/airflow/example_dags/example_branch_operator_decorator.py for tasks to queue
[2024-04-12T19:59:55.658+0800] {logging_mixin.py:188} INFO - [2024-04-12T19:59:55.658+0800] {dagbag.py:538} INFO - Filling up the DagBag from /Users/wanghaojin/Desktop/exchange@NUS/IS3107/HW/Project/news_data_pipeline/.venv/lib/python3.11/site-packages/airflow/example_dags/example_branch_operator_decorator.py
[2024-04-12T19:59:55.684+0800] {processor.py:840} INFO - DAG(s) 'example_branch_python_operator_decorator' retrieved from /Users/wanghaojin/Desktop/exchange@NUS/IS3107/HW/Project/news_data_pipeline/.venv/lib/python3.11/site-packages/airflow/example_dags/example_branch_operator_decorator.py
[2024-04-12T19:59:55.811+0800] {logging_mixin.py:188} INFO - [2024-04-12T19:59:55.810+0800] {dag.py:3036} INFO - Sync 1 DAGs
[2024-04-12T19:59:55.819+0800] {logging_mixin.py:188} INFO - [2024-04-12T19:59:55.819+0800] {dag.py:3823} INFO - Setting next_dagrun for example_branch_python_operator_decorator to 2024-04-11 00:00:00+00:00, run_after=2024-04-12 00:00:00+00:00
[2024-04-12T19:59:55.830+0800] {processor.py:183} INFO - Processing /Users/wanghaojin/Desktop/exchange@NUS/IS3107/HW/Project/news_data_pipeline/.venv/lib/python3.11/site-packages/airflow/example_dags/example_branch_operator_decorator.py took 0.174 seconds
[2024-04-12T20:02:13.023+0800] {processor.py:161} INFO - Started process (PID=6861) to work on /Users/wanghaojin/Desktop/exchange@NUS/IS3107/HW/Project/news_data_pipeline/.venv/lib/python3.11/site-packages/airflow/example_dags/example_branch_operator_decorator.py
[2024-04-12T20:02:13.025+0800] {processor.py:830} INFO - Processing file /Users/wanghaojin/Desktop/exchange@NUS/IS3107/HW/Project/news_data_pipeline/.venv/lib/python3.11/site-packages/airflow/example_dags/example_branch_operator_decorator.py for tasks to queue
[2024-04-12T20:02:13.025+0800] {logging_mixin.py:188} INFO - [2024-04-12T20:02:13.025+0800] {dagbag.py:538} INFO - Filling up the DagBag from /Users/wanghaojin/Desktop/exchange@NUS/IS3107/HW/Project/news_data_pipeline/.venv/lib/python3.11/site-packages/airflow/example_dags/example_branch_operator_decorator.py
[2024-04-12T20:02:13.051+0800] {processor.py:840} INFO - DAG(s) 'example_branch_python_operator_decorator' retrieved from /Users/wanghaojin/Desktop/exchange@NUS/IS3107/HW/Project/news_data_pipeline/.venv/lib/python3.11/site-packages/airflow/example_dags/example_branch_operator_decorator.py
[2024-04-12T20:02:13.173+0800] {logging_mixin.py:188} INFO - [2024-04-12T20:02:13.173+0800] {dag.py:3036} INFO - Sync 1 DAGs
[2024-04-12T20:02:13.181+0800] {logging_mixin.py:188} INFO - [2024-04-12T20:02:13.181+0800] {dag.py:3823} INFO - Setting next_dagrun for example_branch_python_operator_decorator to 2024-04-11 00:00:00+00:00, run_after=2024-04-12 00:00:00+00:00
[2024-04-12T20:02:13.193+0800] {processor.py:183} INFO - Processing /Users/wanghaojin/Desktop/exchange@NUS/IS3107/HW/Project/news_data_pipeline/.venv/lib/python3.11/site-packages/airflow/example_dags/example_branch_operator_decorator.py took 0.170 seconds
[2024-04-12T20:04:34.279+0800] {processor.py:161} INFO - Started process (PID=7182) to work on /Users/wanghaojin/Desktop/exchange@NUS/IS3107/HW/Project/news_data_pipeline/.venv/lib/python3.11/site-packages/airflow/example_dags/example_branch_operator_decorator.py
[2024-04-12T20:04:34.281+0800] {processor.py:830} INFO - Processing file /Users/wanghaojin/Desktop/exchange@NUS/IS3107/HW/Project/news_data_pipeline/.venv/lib/python3.11/site-packages/airflow/example_dags/example_branch_operator_decorator.py for tasks to queue
[2024-04-12T20:04:34.281+0800] {logging_mixin.py:188} INFO - [2024-04-12T20:04:34.281+0800] {dagbag.py:538} INFO - Filling up the DagBag from /Users/wanghaojin/Desktop/exchange@NUS/IS3107/HW/Project/news_data_pipeline/.venv/lib/python3.11/site-packages/airflow/example_dags/example_branch_operator_decorator.py
[2024-04-12T20:04:34.307+0800] {processor.py:840} INFO - DAG(s) 'example_branch_python_operator_decorator' retrieved from /Users/wanghaojin/Desktop/exchange@NUS/IS3107/HW/Project/news_data_pipeline/.venv/lib/python3.11/site-packages/airflow/example_dags/example_branch_operator_decorator.py
[2024-04-12T20:04:34.430+0800] {logging_mixin.py:188} INFO - [2024-04-12T20:04:34.429+0800] {dag.py:3036} INFO - Sync 1 DAGs
[2024-04-12T20:04:34.438+0800] {logging_mixin.py:188} INFO - [2024-04-12T20:04:34.438+0800] {dag.py:3823} INFO - Setting next_dagrun for example_branch_python_operator_decorator to 2024-04-11 00:00:00+00:00, run_after=2024-04-12 00:00:00+00:00
[2024-04-12T20:04:34.449+0800] {processor.py:183} INFO - Processing /Users/wanghaojin/Desktop/exchange@NUS/IS3107/HW/Project/news_data_pipeline/.venv/lib/python3.11/site-packages/airflow/example_dags/example_branch_operator_decorator.py took 0.170 seconds
[2024-04-12T20:06:50.618+0800] {processor.py:161} INFO - Started process (PID=7397) to work on /Users/wanghaojin/Desktop/exchange@NUS/IS3107/HW/Project/news_data_pipeline/.venv/lib/python3.11/site-packages/airflow/example_dags/example_branch_operator_decorator.py
[2024-04-12T20:06:50.618+0800] {processor.py:830} INFO - Processing file /Users/wanghaojin/Desktop/exchange@NUS/IS3107/HW/Project/news_data_pipeline/.venv/lib/python3.11/site-packages/airflow/example_dags/example_branch_operator_decorator.py for tasks to queue
[2024-04-12T20:06:50.619+0800] {logging_mixin.py:188} INFO - [2024-04-12T20:06:50.619+0800] {dagbag.py:538} INFO - Filling up the DagBag from /Users/wanghaojin/Desktop/exchange@NUS/IS3107/HW/Project/news_data_pipeline/.venv/lib/python3.11/site-packages/airflow/example_dags/example_branch_operator_decorator.py
[2024-04-12T20:06:50.645+0800] {processor.py:840} INFO - DAG(s) 'example_branch_python_operator_decorator' retrieved from /Users/wanghaojin/Desktop/exchange@NUS/IS3107/HW/Project/news_data_pipeline/.venv/lib/python3.11/site-packages/airflow/example_dags/example_branch_operator_decorator.py
[2024-04-12T20:06:50.769+0800] {logging_mixin.py:188} INFO - [2024-04-12T20:06:50.769+0800] {dag.py:3036} INFO - Sync 1 DAGs
[2024-04-12T20:06:50.778+0800] {logging_mixin.py:188} INFO - [2024-04-12T20:06:50.778+0800] {dag.py:3823} INFO - Setting next_dagrun for example_branch_python_operator_decorator to 2024-04-11 00:00:00+00:00, run_after=2024-04-12 00:00:00+00:00
[2024-04-12T20:06:50.790+0800] {processor.py:183} INFO - Processing /Users/wanghaojin/Desktop/exchange@NUS/IS3107/HW/Project/news_data_pipeline/.venv/lib/python3.11/site-packages/airflow/example_dags/example_branch_operator_decorator.py took 0.173 seconds
[2024-04-12T20:09:07.996+0800] {processor.py:161} INFO - Started process (PID=7581) to work on /Users/wanghaojin/Desktop/exchange@NUS/IS3107/HW/Project/news_data_pipeline/.venv/lib/python3.11/site-packages/airflow/example_dags/example_branch_operator_decorator.py
[2024-04-12T20:09:07.996+0800] {processor.py:830} INFO - Processing file /Users/wanghaojin/Desktop/exchange@NUS/IS3107/HW/Project/news_data_pipeline/.venv/lib/python3.11/site-packages/airflow/example_dags/example_branch_operator_decorator.py for tasks to queue
[2024-04-12T20:09:07.996+0800] {logging_mixin.py:188} INFO - [2024-04-12T20:09:07.996+0800] {dagbag.py:538} INFO - Filling up the DagBag from /Users/wanghaojin/Desktop/exchange@NUS/IS3107/HW/Project/news_data_pipeline/.venv/lib/python3.11/site-packages/airflow/example_dags/example_branch_operator_decorator.py
[2024-04-12T20:09:08.023+0800] {processor.py:840} INFO - DAG(s) 'example_branch_python_operator_decorator' retrieved from /Users/wanghaojin/Desktop/exchange@NUS/IS3107/HW/Project/news_data_pipeline/.venv/lib/python3.11/site-packages/airflow/example_dags/example_branch_operator_decorator.py
[2024-04-12T20:09:08.147+0800] {logging_mixin.py:188} INFO - [2024-04-12T20:09:08.146+0800] {dag.py:3036} INFO - Sync 1 DAGs
[2024-04-12T20:09:08.155+0800] {logging_mixin.py:188} INFO - [2024-04-12T20:09:08.155+0800] {dag.py:3823} INFO - Setting next_dagrun for example_branch_python_operator_decorator to 2024-04-11 00:00:00+00:00, run_after=2024-04-12 00:00:00+00:00
[2024-04-12T20:09:08.167+0800] {processor.py:183} INFO - Processing /Users/wanghaojin/Desktop/exchange@NUS/IS3107/HW/Project/news_data_pipeline/.venv/lib/python3.11/site-packages/airflow/example_dags/example_branch_operator_decorator.py took 0.172 seconds
[2024-04-12T20:11:25.704+0800] {processor.py:161} INFO - Started process (PID=7776) to work on /Users/wanghaojin/Desktop/exchange@NUS/IS3107/HW/Project/news_data_pipeline/.venv/lib/python3.11/site-packages/airflow/example_dags/example_branch_operator_decorator.py
[2024-04-12T20:11:25.704+0800] {processor.py:830} INFO - Processing file /Users/wanghaojin/Desktop/exchange@NUS/IS3107/HW/Project/news_data_pipeline/.venv/lib/python3.11/site-packages/airflow/example_dags/example_branch_operator_decorator.py for tasks to queue
[2024-04-12T20:11:25.704+0800] {logging_mixin.py:188} INFO - [2024-04-12T20:11:25.704+0800] {dagbag.py:538} INFO - Filling up the DagBag from /Users/wanghaojin/Desktop/exchange@NUS/IS3107/HW/Project/news_data_pipeline/.venv/lib/python3.11/site-packages/airflow/example_dags/example_branch_operator_decorator.py
[2024-04-12T20:11:25.731+0800] {processor.py:840} INFO - DAG(s) 'example_branch_python_operator_decorator' retrieved from /Users/wanghaojin/Desktop/exchange@NUS/IS3107/HW/Project/news_data_pipeline/.venv/lib/python3.11/site-packages/airflow/example_dags/example_branch_operator_decorator.py
[2024-04-12T20:11:25.855+0800] {logging_mixin.py:188} INFO - [2024-04-12T20:11:25.855+0800] {dag.py:3036} INFO - Sync 1 DAGs
[2024-04-12T20:11:25.863+0800] {logging_mixin.py:188} INFO - [2024-04-12T20:11:25.863+0800] {dag.py:3823} INFO - Setting next_dagrun for example_branch_python_operator_decorator to 2024-04-11 00:00:00+00:00, run_after=2024-04-12 00:00:00+00:00
[2024-04-12T20:11:25.875+0800] {processor.py:183} INFO - Processing /Users/wanghaojin/Desktop/exchange@NUS/IS3107/HW/Project/news_data_pipeline/.venv/lib/python3.11/site-packages/airflow/example_dags/example_branch_operator_decorator.py took 0.172 seconds
[2024-04-12T20:13:42.217+0800] {processor.py:161} INFO - Started process (PID=8012) to work on /Users/wanghaojin/Desktop/exchange@NUS/IS3107/HW/Project/news_data_pipeline/.venv/lib/python3.11/site-packages/airflow/example_dags/example_branch_operator_decorator.py
[2024-04-12T20:13:42.218+0800] {processor.py:830} INFO - Processing file /Users/wanghaojin/Desktop/exchange@NUS/IS3107/HW/Project/news_data_pipeline/.venv/lib/python3.11/site-packages/airflow/example_dags/example_branch_operator_decorator.py for tasks to queue
[2024-04-12T20:13:42.219+0800] {logging_mixin.py:188} INFO - [2024-04-12T20:13:42.219+0800] {dagbag.py:538} INFO - Filling up the DagBag from /Users/wanghaojin/Desktop/exchange@NUS/IS3107/HW/Project/news_data_pipeline/.venv/lib/python3.11/site-packages/airflow/example_dags/example_branch_operator_decorator.py
[2024-04-12T20:13:42.245+0800] {processor.py:840} INFO - DAG(s) 'example_branch_python_operator_decorator' retrieved from /Users/wanghaojin/Desktop/exchange@NUS/IS3107/HW/Project/news_data_pipeline/.venv/lib/python3.11/site-packages/airflow/example_dags/example_branch_operator_decorator.py
[2024-04-12T20:13:42.369+0800] {logging_mixin.py:188} INFO - [2024-04-12T20:13:42.368+0800] {dag.py:3036} INFO - Sync 1 DAGs
[2024-04-12T20:13:42.377+0800] {logging_mixin.py:188} INFO - [2024-04-12T20:13:42.377+0800] {dag.py:3823} INFO - Setting next_dagrun for example_branch_python_operator_decorator to 2024-04-11 00:00:00+00:00, run_after=2024-04-12 00:00:00+00:00
[2024-04-12T20:13:42.388+0800] {processor.py:183} INFO - Processing /Users/wanghaojin/Desktop/exchange@NUS/IS3107/HW/Project/news_data_pipeline/.venv/lib/python3.11/site-packages/airflow/example_dags/example_branch_operator_decorator.py took 0.172 seconds
[2024-04-12T20:16:00.387+0800] {processor.py:161} INFO - Started process (PID=8284) to work on /Users/wanghaojin/Desktop/exchange@NUS/IS3107/HW/Project/news_data_pipeline/.venv/lib/python3.11/site-packages/airflow/example_dags/example_branch_operator_decorator.py
[2024-04-12T20:16:00.388+0800] {processor.py:830} INFO - Processing file /Users/wanghaojin/Desktop/exchange@NUS/IS3107/HW/Project/news_data_pipeline/.venv/lib/python3.11/site-packages/airflow/example_dags/example_branch_operator_decorator.py for tasks to queue
[2024-04-12T20:16:00.389+0800] {logging_mixin.py:188} INFO - [2024-04-12T20:16:00.388+0800] {dagbag.py:538} INFO - Filling up the DagBag from /Users/wanghaojin/Desktop/exchange@NUS/IS3107/HW/Project/news_data_pipeline/.venv/lib/python3.11/site-packages/airflow/example_dags/example_branch_operator_decorator.py
[2024-04-12T20:16:00.416+0800] {processor.py:840} INFO - DAG(s) 'example_branch_python_operator_decorator' retrieved from /Users/wanghaojin/Desktop/exchange@NUS/IS3107/HW/Project/news_data_pipeline/.venv/lib/python3.11/site-packages/airflow/example_dags/example_branch_operator_decorator.py
[2024-04-12T20:16:00.545+0800] {logging_mixin.py:188} INFO - [2024-04-12T20:16:00.544+0800] {dag.py:3036} INFO - Sync 1 DAGs
[2024-04-12T20:16:00.554+0800] {logging_mixin.py:188} INFO - [2024-04-12T20:16:00.553+0800] {dag.py:3823} INFO - Setting next_dagrun for example_branch_python_operator_decorator to 2024-04-11 00:00:00+00:00, run_after=2024-04-12 00:00:00+00:00
[2024-04-12T20:16:00.565+0800] {processor.py:183} INFO - Processing /Users/wanghaojin/Desktop/exchange@NUS/IS3107/HW/Project/news_data_pipeline/.venv/lib/python3.11/site-packages/airflow/example_dags/example_branch_operator_decorator.py took 0.179 seconds
[2024-04-12T20:19:41.064+0800] {processor.py:161} INFO - Started process (PID=8761) to work on /Users/wanghaojin/Desktop/exchange@NUS/IS3107/HW/Project/news_data_pipeline/.venv/lib/python3.11/site-packages/airflow/example_dags/example_branch_operator_decorator.py
[2024-04-12T20:19:41.066+0800] {processor.py:830} INFO - Processing file /Users/wanghaojin/Desktop/exchange@NUS/IS3107/HW/Project/news_data_pipeline/.venv/lib/python3.11/site-packages/airflow/example_dags/example_branch_operator_decorator.py for tasks to queue
[2024-04-12T20:19:41.066+0800] {logging_mixin.py:188} INFO - [2024-04-12T20:19:41.066+0800] {dagbag.py:538} INFO - Filling up the DagBag from /Users/wanghaojin/Desktop/exchange@NUS/IS3107/HW/Project/news_data_pipeline/.venv/lib/python3.11/site-packages/airflow/example_dags/example_branch_operator_decorator.py
[2024-04-12T20:19:41.092+0800] {processor.py:840} INFO - DAG(s) 'example_branch_python_operator_decorator' retrieved from /Users/wanghaojin/Desktop/exchange@NUS/IS3107/HW/Project/news_data_pipeline/.venv/lib/python3.11/site-packages/airflow/example_dags/example_branch_operator_decorator.py
[2024-04-12T20:19:41.214+0800] {logging_mixin.py:188} INFO - [2024-04-12T20:19:41.214+0800] {dag.py:3036} INFO - Sync 1 DAGs
[2024-04-12T20:19:41.223+0800] {logging_mixin.py:188} INFO - [2024-04-12T20:19:41.223+0800] {dag.py:3823} INFO - Setting next_dagrun for example_branch_python_operator_decorator to 2024-04-11 00:00:00+00:00, run_after=2024-04-12 00:00:00+00:00
[2024-04-12T20:19:41.234+0800] {processor.py:183} INFO - Processing /Users/wanghaojin/Desktop/exchange@NUS/IS3107/HW/Project/news_data_pipeline/.venv/lib/python3.11/site-packages/airflow/example_dags/example_branch_operator_decorator.py took 0.170 seconds
[2024-04-12T20:22:00.539+0800] {processor.py:161} INFO - Started process (PID=8962) to work on /Users/wanghaojin/Desktop/exchange@NUS/IS3107/HW/Project/news_data_pipeline/.venv/lib/python3.11/site-packages/airflow/example_dags/example_branch_operator_decorator.py
[2024-04-12T20:22:00.540+0800] {processor.py:830} INFO - Processing file /Users/wanghaojin/Desktop/exchange@NUS/IS3107/HW/Project/news_data_pipeline/.venv/lib/python3.11/site-packages/airflow/example_dags/example_branch_operator_decorator.py for tasks to queue
[2024-04-12T20:22:00.541+0800] {logging_mixin.py:188} INFO - [2024-04-12T20:22:00.540+0800] {dagbag.py:538} INFO - Filling up the DagBag from /Users/wanghaojin/Desktop/exchange@NUS/IS3107/HW/Project/news_data_pipeline/.venv/lib/python3.11/site-packages/airflow/example_dags/example_branch_operator_decorator.py
[2024-04-12T20:22:00.567+0800] {processor.py:840} INFO - DAG(s) 'example_branch_python_operator_decorator' retrieved from /Users/wanghaojin/Desktop/exchange@NUS/IS3107/HW/Project/news_data_pipeline/.venv/lib/python3.11/site-packages/airflow/example_dags/example_branch_operator_decorator.py
[2024-04-12T20:22:00.689+0800] {logging_mixin.py:188} INFO - [2024-04-12T20:22:00.689+0800] {dag.py:3036} INFO - Sync 1 DAGs
[2024-04-12T20:22:00.698+0800] {logging_mixin.py:188} INFO - [2024-04-12T20:22:00.698+0800] {dag.py:3823} INFO - Setting next_dagrun for example_branch_python_operator_decorator to 2024-04-11 00:00:00+00:00, run_after=2024-04-12 00:00:00+00:00
[2024-04-12T20:22:00.709+0800] {processor.py:183} INFO - Processing /Users/wanghaojin/Desktop/exchange@NUS/IS3107/HW/Project/news_data_pipeline/.venv/lib/python3.11/site-packages/airflow/example_dags/example_branch_operator_decorator.py took 0.171 seconds
[2024-04-12T20:24:15.811+0800] {processor.py:161} INFO - Started process (PID=9136) to work on /Users/wanghaojin/Desktop/exchange@NUS/IS3107/HW/Project/news_data_pipeline/.venv/lib/python3.11/site-packages/airflow/example_dags/example_branch_operator_decorator.py
[2024-04-12T20:24:15.812+0800] {processor.py:830} INFO - Processing file /Users/wanghaojin/Desktop/exchange@NUS/IS3107/HW/Project/news_data_pipeline/.venv/lib/python3.11/site-packages/airflow/example_dags/example_branch_operator_decorator.py for tasks to queue
[2024-04-12T20:24:15.812+0800] {logging_mixin.py:188} INFO - [2024-04-12T20:24:15.812+0800] {dagbag.py:538} INFO - Filling up the DagBag from /Users/wanghaojin/Desktop/exchange@NUS/IS3107/HW/Project/news_data_pipeline/.venv/lib/python3.11/site-packages/airflow/example_dags/example_branch_operator_decorator.py
[2024-04-12T20:24:15.840+0800] {processor.py:840} INFO - DAG(s) 'example_branch_python_operator_decorator' retrieved from /Users/wanghaojin/Desktop/exchange@NUS/IS3107/HW/Project/news_data_pipeline/.venv/lib/python3.11/site-packages/airflow/example_dags/example_branch_operator_decorator.py
[2024-04-12T20:24:15.974+0800] {logging_mixin.py:188} INFO - [2024-04-12T20:24:15.974+0800] {dag.py:3036} INFO - Sync 1 DAGs
[2024-04-12T20:24:15.984+0800] {logging_mixin.py:188} INFO - [2024-04-12T20:24:15.983+0800] {dag.py:3823} INFO - Setting next_dagrun for example_branch_python_operator_decorator to 2024-04-11 00:00:00+00:00, run_after=2024-04-12 00:00:00+00:00
[2024-04-12T20:24:15.996+0800] {processor.py:183} INFO - Processing /Users/wanghaojin/Desktop/exchange@NUS/IS3107/HW/Project/news_data_pipeline/.venv/lib/python3.11/site-packages/airflow/example_dags/example_branch_operator_decorator.py took 0.185 seconds
[2024-04-12T20:26:51.452+0800] {processor.py:161} INFO - Started process (PID=9391) to work on /Users/wanghaojin/Desktop/exchange@NUS/IS3107/HW/Project/news_data_pipeline/.venv/lib/python3.11/site-packages/airflow/example_dags/example_branch_operator_decorator.py
[2024-04-12T20:26:51.453+0800] {processor.py:830} INFO - Processing file /Users/wanghaojin/Desktop/exchange@NUS/IS3107/HW/Project/news_data_pipeline/.venv/lib/python3.11/site-packages/airflow/example_dags/example_branch_operator_decorator.py for tasks to queue
[2024-04-12T20:26:51.453+0800] {logging_mixin.py:188} INFO - [2024-04-12T20:26:51.453+0800] {dagbag.py:538} INFO - Filling up the DagBag from /Users/wanghaojin/Desktop/exchange@NUS/IS3107/HW/Project/news_data_pipeline/.venv/lib/python3.11/site-packages/airflow/example_dags/example_branch_operator_decorator.py
[2024-04-12T20:26:51.480+0800] {processor.py:840} INFO - DAG(s) 'example_branch_python_operator_decorator' retrieved from /Users/wanghaojin/Desktop/exchange@NUS/IS3107/HW/Project/news_data_pipeline/.venv/lib/python3.11/site-packages/airflow/example_dags/example_branch_operator_decorator.py
[2024-04-12T20:26:51.604+0800] {logging_mixin.py:188} INFO - [2024-04-12T20:26:51.604+0800] {dag.py:3036} INFO - Sync 1 DAGs
[2024-04-12T20:26:51.613+0800] {logging_mixin.py:188} INFO - [2024-04-12T20:26:51.613+0800] {dag.py:3823} INFO - Setting next_dagrun for example_branch_python_operator_decorator to 2024-04-11 00:00:00+00:00, run_after=2024-04-12 00:00:00+00:00
[2024-04-12T20:26:51.624+0800] {processor.py:183} INFO - Processing /Users/wanghaojin/Desktop/exchange@NUS/IS3107/HW/Project/news_data_pipeline/.venv/lib/python3.11/site-packages/airflow/example_dags/example_branch_operator_decorator.py took 0.173 seconds
[2024-04-12T20:29:07.361+0800] {processor.py:161} INFO - Started process (PID=9640) to work on /Users/wanghaojin/Desktop/exchange@NUS/IS3107/HW/Project/news_data_pipeline/.venv/lib/python3.11/site-packages/airflow/example_dags/example_branch_operator_decorator.py
[2024-04-12T20:29:07.363+0800] {processor.py:830} INFO - Processing file /Users/wanghaojin/Desktop/exchange@NUS/IS3107/HW/Project/news_data_pipeline/.venv/lib/python3.11/site-packages/airflow/example_dags/example_branch_operator_decorator.py for tasks to queue
[2024-04-12T20:29:07.363+0800] {logging_mixin.py:188} INFO - [2024-04-12T20:29:07.363+0800] {dagbag.py:538} INFO - Filling up the DagBag from /Users/wanghaojin/Desktop/exchange@NUS/IS3107/HW/Project/news_data_pipeline/.venv/lib/python3.11/site-packages/airflow/example_dags/example_branch_operator_decorator.py
[2024-04-12T20:29:07.389+0800] {processor.py:840} INFO - DAG(s) 'example_branch_python_operator_decorator' retrieved from /Users/wanghaojin/Desktop/exchange@NUS/IS3107/HW/Project/news_data_pipeline/.venv/lib/python3.11/site-packages/airflow/example_dags/example_branch_operator_decorator.py
[2024-04-12T20:29:07.517+0800] {logging_mixin.py:188} INFO - [2024-04-12T20:29:07.517+0800] {dag.py:3036} INFO - Sync 1 DAGs
[2024-04-12T20:29:07.526+0800] {logging_mixin.py:188} INFO - [2024-04-12T20:29:07.526+0800] {dag.py:3823} INFO - Setting next_dagrun for example_branch_python_operator_decorator to 2024-04-11 00:00:00+00:00, run_after=2024-04-12 00:00:00+00:00
[2024-04-12T20:29:07.537+0800] {processor.py:183} INFO - Processing /Users/wanghaojin/Desktop/exchange@NUS/IS3107/HW/Project/news_data_pipeline/.venv/lib/python3.11/site-packages/airflow/example_dags/example_branch_operator_decorator.py took 0.176 seconds
[2024-04-12T20:30:45.608+0800] {processor.py:161} INFO - Started process (PID=9857) to work on /Users/wanghaojin/Desktop/exchange@NUS/IS3107/HW/Project/news_data_pipeline/.venv/lib/python3.11/site-packages/airflow/example_dags/example_branch_operator_decorator.py
[2024-04-12T20:30:45.609+0800] {processor.py:830} INFO - Processing file /Users/wanghaojin/Desktop/exchange@NUS/IS3107/HW/Project/news_data_pipeline/.venv/lib/python3.11/site-packages/airflow/example_dags/example_branch_operator_decorator.py for tasks to queue
[2024-04-12T20:30:45.609+0800] {logging_mixin.py:188} INFO - [2024-04-12T20:30:45.609+0800] {dagbag.py:538} INFO - Filling up the DagBag from /Users/wanghaojin/Desktop/exchange@NUS/IS3107/HW/Project/news_data_pipeline/.venv/lib/python3.11/site-packages/airflow/example_dags/example_branch_operator_decorator.py
[2024-04-12T20:30:45.635+0800] {processor.py:840} INFO - DAG(s) 'example_branch_python_operator_decorator' retrieved from /Users/wanghaojin/Desktop/exchange@NUS/IS3107/HW/Project/news_data_pipeline/.venv/lib/python3.11/site-packages/airflow/example_dags/example_branch_operator_decorator.py
[2024-04-12T20:30:45.757+0800] {logging_mixin.py:188} INFO - [2024-04-12T20:30:45.757+0800] {dag.py:3036} INFO - Sync 1 DAGs
[2024-04-12T20:30:45.765+0800] {logging_mixin.py:188} INFO - [2024-04-12T20:30:45.765+0800] {dag.py:3823} INFO - Setting next_dagrun for example_branch_python_operator_decorator to 2024-04-11 00:00:00+00:00, run_after=2024-04-12 00:00:00+00:00
[2024-04-12T20:30:45.776+0800] {processor.py:183} INFO - Processing /Users/wanghaojin/Desktop/exchange@NUS/IS3107/HW/Project/news_data_pipeline/.venv/lib/python3.11/site-packages/airflow/example_dags/example_branch_operator_decorator.py took 0.169 seconds
[2024-04-12T20:37:32.869+0800] {processor.py:161} INFO - Started process (PID=10587) to work on /Users/wanghaojin/Desktop/exchange@NUS/IS3107/HW/Project/news_data_pipeline/.venv/lib/python3.11/site-packages/airflow/example_dags/example_branch_operator_decorator.py
[2024-04-12T20:37:32.870+0800] {processor.py:830} INFO - Processing file /Users/wanghaojin/Desktop/exchange@NUS/IS3107/HW/Project/news_data_pipeline/.venv/lib/python3.11/site-packages/airflow/example_dags/example_branch_operator_decorator.py for tasks to queue
[2024-04-12T20:37:32.870+0800] {logging_mixin.py:188} INFO - [2024-04-12T20:37:32.870+0800] {dagbag.py:538} INFO - Filling up the DagBag from /Users/wanghaojin/Desktop/exchange@NUS/IS3107/HW/Project/news_data_pipeline/.venv/lib/python3.11/site-packages/airflow/example_dags/example_branch_operator_decorator.py
[2024-04-12T20:37:32.896+0800] {processor.py:840} INFO - DAG(s) 'example_branch_python_operator_decorator' retrieved from /Users/wanghaojin/Desktop/exchange@NUS/IS3107/HW/Project/news_data_pipeline/.venv/lib/python3.11/site-packages/airflow/example_dags/example_branch_operator_decorator.py
[2024-04-12T20:37:33.019+0800] {logging_mixin.py:188} INFO - [2024-04-12T20:37:33.018+0800] {dag.py:3036} INFO - Sync 1 DAGs
[2024-04-12T20:37:33.027+0800] {logging_mixin.py:188} INFO - [2024-04-12T20:37:33.027+0800] {dag.py:3823} INFO - Setting next_dagrun for example_branch_python_operator_decorator to 2024-04-11 00:00:00+00:00, run_after=2024-04-12 00:00:00+00:00
[2024-04-12T20:37:33.038+0800] {processor.py:183} INFO - Processing /Users/wanghaojin/Desktop/exchange@NUS/IS3107/HW/Project/news_data_pipeline/.venv/lib/python3.11/site-packages/airflow/example_dags/example_branch_operator_decorator.py took 0.170 seconds
[2024-04-12T20:39:47.638+0800] {processor.py:161} INFO - Started process (PID=10805) to work on /Users/wanghaojin/Desktop/exchange@NUS/IS3107/HW/Project/news_data_pipeline/.venv/lib/python3.11/site-packages/airflow/example_dags/example_branch_operator_decorator.py
[2024-04-12T20:39:47.638+0800] {processor.py:830} INFO - Processing file /Users/wanghaojin/Desktop/exchange@NUS/IS3107/HW/Project/news_data_pipeline/.venv/lib/python3.11/site-packages/airflow/example_dags/example_branch_operator_decorator.py for tasks to queue
[2024-04-12T20:39:47.639+0800] {logging_mixin.py:188} INFO - [2024-04-12T20:39:47.639+0800] {dagbag.py:538} INFO - Filling up the DagBag from /Users/wanghaojin/Desktop/exchange@NUS/IS3107/HW/Project/news_data_pipeline/.venv/lib/python3.11/site-packages/airflow/example_dags/example_branch_operator_decorator.py
[2024-04-12T20:39:47.665+0800] {processor.py:840} INFO - DAG(s) 'example_branch_python_operator_decorator' retrieved from /Users/wanghaojin/Desktop/exchange@NUS/IS3107/HW/Project/news_data_pipeline/.venv/lib/python3.11/site-packages/airflow/example_dags/example_branch_operator_decorator.py
[2024-04-12T20:39:47.789+0800] {logging_mixin.py:188} INFO - [2024-04-12T20:39:47.788+0800] {dag.py:3036} INFO - Sync 1 DAGs
[2024-04-12T20:39:47.797+0800] {logging_mixin.py:188} INFO - [2024-04-12T20:39:47.797+0800] {dag.py:3823} INFO - Setting next_dagrun for example_branch_python_operator_decorator to 2024-04-11 00:00:00+00:00, run_after=2024-04-12 00:00:00+00:00
[2024-04-12T20:39:47.808+0800] {processor.py:183} INFO - Processing /Users/wanghaojin/Desktop/exchange@NUS/IS3107/HW/Project/news_data_pipeline/.venv/lib/python3.11/site-packages/airflow/example_dags/example_branch_operator_decorator.py took 0.171 seconds
[2024-04-12T20:42:05.553+0800] {processor.py:161} INFO - Started process (PID=10989) to work on /Users/wanghaojin/Desktop/exchange@NUS/IS3107/HW/Project/news_data_pipeline/.venv/lib/python3.11/site-packages/airflow/example_dags/example_branch_operator_decorator.py
[2024-04-12T20:42:05.554+0800] {processor.py:830} INFO - Processing file /Users/wanghaojin/Desktop/exchange@NUS/IS3107/HW/Project/news_data_pipeline/.venv/lib/python3.11/site-packages/airflow/example_dags/example_branch_operator_decorator.py for tasks to queue
[2024-04-12T20:42:05.554+0800] {logging_mixin.py:188} INFO - [2024-04-12T20:42:05.554+0800] {dagbag.py:538} INFO - Filling up the DagBag from /Users/wanghaojin/Desktop/exchange@NUS/IS3107/HW/Project/news_data_pipeline/.venv/lib/python3.11/site-packages/airflow/example_dags/example_branch_operator_decorator.py
[2024-04-12T20:42:05.581+0800] {processor.py:840} INFO - DAG(s) 'example_branch_python_operator_decorator' retrieved from /Users/wanghaojin/Desktop/exchange@NUS/IS3107/HW/Project/news_data_pipeline/.venv/lib/python3.11/site-packages/airflow/example_dags/example_branch_operator_decorator.py
[2024-04-12T20:42:05.703+0800] {logging_mixin.py:188} INFO - [2024-04-12T20:42:05.703+0800] {dag.py:3036} INFO - Sync 1 DAGs
[2024-04-12T20:42:05.712+0800] {logging_mixin.py:188} INFO - [2024-04-12T20:42:05.712+0800] {dag.py:3823} INFO - Setting next_dagrun for example_branch_python_operator_decorator to 2024-04-11 00:00:00+00:00, run_after=2024-04-12 00:00:00+00:00
[2024-04-12T20:42:05.723+0800] {processor.py:183} INFO - Processing /Users/wanghaojin/Desktop/exchange@NUS/IS3107/HW/Project/news_data_pipeline/.venv/lib/python3.11/site-packages/airflow/example_dags/example_branch_operator_decorator.py took 0.170 seconds
[2024-04-12T20:50:47.643+0800] {processor.py:161} INFO - Started process (PID=11981) to work on /Users/wanghaojin/Desktop/exchange@NUS/IS3107/HW/Project/news_data_pipeline/.venv/lib/python3.11/site-packages/airflow/example_dags/example_branch_operator_decorator.py
[2024-04-12T20:50:47.645+0800] {processor.py:830} INFO - Processing file /Users/wanghaojin/Desktop/exchange@NUS/IS3107/HW/Project/news_data_pipeline/.venv/lib/python3.11/site-packages/airflow/example_dags/example_branch_operator_decorator.py for tasks to queue
[2024-04-12T20:50:47.645+0800] {logging_mixin.py:188} INFO - [2024-04-12T20:50:47.645+0800] {dagbag.py:538} INFO - Filling up the DagBag from /Users/wanghaojin/Desktop/exchange@NUS/IS3107/HW/Project/news_data_pipeline/.venv/lib/python3.11/site-packages/airflow/example_dags/example_branch_operator_decorator.py
[2024-04-12T20:50:47.671+0800] {processor.py:840} INFO - DAG(s) 'example_branch_python_operator_decorator' retrieved from /Users/wanghaojin/Desktop/exchange@NUS/IS3107/HW/Project/news_data_pipeline/.venv/lib/python3.11/site-packages/airflow/example_dags/example_branch_operator_decorator.py
[2024-04-12T20:50:47.804+0800] {logging_mixin.py:188} INFO - [2024-04-12T20:50:47.804+0800] {dag.py:3036} INFO - Sync 1 DAGs
[2024-04-12T20:50:47.813+0800] {logging_mixin.py:188} INFO - [2024-04-12T20:50:47.813+0800] {dag.py:3823} INFO - Setting next_dagrun for example_branch_python_operator_decorator to 2024-04-11 00:00:00+00:00, run_after=2024-04-12 00:00:00+00:00
[2024-04-12T20:50:47.824+0800] {processor.py:183} INFO - Processing /Users/wanghaojin/Desktop/exchange@NUS/IS3107/HW/Project/news_data_pipeline/.venv/lib/python3.11/site-packages/airflow/example_dags/example_branch_operator_decorator.py took 0.181 seconds
