[2024-04-12T19:29:13.473+0800] {processor.py:161} INFO - Started process (PID=3577) to work on /Users/wanghaojin/Desktop/exchange@NUS/IS3107/HW/Project/news_data_pipeline/.venv/lib/python3.11/site-packages/airflow/example_dags/example_python_decorator.py
[2024-04-12T19:29:13.473+0800] {processor.py:830} INFO - Processing file /Users/wanghaojin/Desktop/exchange@NUS/IS3107/HW/Project/news_data_pipeline/.venv/lib/python3.11/site-packages/airflow/example_dags/example_python_decorator.py for tasks to queue
[2024-04-12T19:29:13.474+0800] {logging_mixin.py:188} INFO - [2024-04-12T19:29:13.474+0800] {dagbag.py:538} INFO - Filling up the DagBag from /Users/wanghaojin/Desktop/exchange@NUS/IS3107/HW/Project/news_data_pipeline/.venv/lib/python3.11/site-packages/airflow/example_dags/example_python_decorator.py
[2024-04-12T19:29:13.497+0800] {processor.py:840} INFO - DAG(s) 'example_python_decorator' retrieved from /Users/wanghaojin/Desktop/exchange@NUS/IS3107/HW/Project/news_data_pipeline/.venv/lib/python3.11/site-packages/airflow/example_dags/example_python_decorator.py
[2024-04-12T19:29:13.674+0800] {logging_mixin.py:188} INFO - [2024-04-12T19:29:13.674+0800] {dag.py:3036} INFO - Sync 1 DAGs
[2024-04-12T19:29:13.679+0800] {logging_mixin.py:188} INFO - [2024-04-12T19:29:13.679+0800] {dag.py:3823} INFO - Setting next_dagrun for example_python_decorator to None, run_after=None
[2024-04-12T19:29:13.691+0800] {processor.py:183} INFO - Processing /Users/wanghaojin/Desktop/exchange@NUS/IS3107/HW/Project/news_data_pipeline/.venv/lib/python3.11/site-packages/airflow/example_dags/example_python_decorator.py took 0.220 seconds
[2024-04-12T19:30:32.423+0800] {processor.py:161} INFO - Started process (PID=4169) to work on /Users/wanghaojin/Desktop/exchange@NUS/IS3107/HW/Project/news_data_pipeline/.venv/lib/python3.11/site-packages/airflow/example_dags/example_python_decorator.py
[2024-04-12T19:30:32.424+0800] {processor.py:830} INFO - Processing file /Users/wanghaojin/Desktop/exchange@NUS/IS3107/HW/Project/news_data_pipeline/.venv/lib/python3.11/site-packages/airflow/example_dags/example_python_decorator.py for tasks to queue
[2024-04-12T19:30:32.425+0800] {logging_mixin.py:188} INFO - [2024-04-12T19:30:32.425+0800] {dagbag.py:538} INFO - Filling up the DagBag from /Users/wanghaojin/Desktop/exchange@NUS/IS3107/HW/Project/news_data_pipeline/.venv/lib/python3.11/site-packages/airflow/example_dags/example_python_decorator.py
[2024-04-12T19:30:32.446+0800] {processor.py:840} INFO - DAG(s) 'example_python_decorator' retrieved from /Users/wanghaojin/Desktop/exchange@NUS/IS3107/HW/Project/news_data_pipeline/.venv/lib/python3.11/site-packages/airflow/example_dags/example_python_decorator.py
[2024-04-12T19:30:32.566+0800] {logging_mixin.py:188} INFO - [2024-04-12T19:30:32.566+0800] {dag.py:3036} INFO - Sync 1 DAGs
[2024-04-12T19:30:32.570+0800] {logging_mixin.py:188} INFO - [2024-04-12T19:30:32.570+0800] {dag.py:3823} INFO - Setting next_dagrun for example_python_decorator to None, run_after=None
[2024-04-12T19:30:32.581+0800] {processor.py:183} INFO - Processing /Users/wanghaojin/Desktop/exchange@NUS/IS3107/HW/Project/news_data_pipeline/.venv/lib/python3.11/site-packages/airflow/example_dags/example_python_decorator.py took 0.158 seconds
[2024-04-12T19:32:20.042+0800] {processor.py:161} INFO - Started process (PID=4343) to work on /Users/wanghaojin/Desktop/exchange@NUS/IS3107/HW/Project/news_data_pipeline/.venv/lib/python3.11/site-packages/airflow/example_dags/example_python_decorator.py
[2024-04-12T19:32:20.043+0800] {processor.py:830} INFO - Processing file /Users/wanghaojin/Desktop/exchange@NUS/IS3107/HW/Project/news_data_pipeline/.venv/lib/python3.11/site-packages/airflow/example_dags/example_python_decorator.py for tasks to queue
[2024-04-12T19:32:20.044+0800] {logging_mixin.py:188} INFO - [2024-04-12T19:32:20.044+0800] {dagbag.py:538} INFO - Filling up the DagBag from /Users/wanghaojin/Desktop/exchange@NUS/IS3107/HW/Project/news_data_pipeline/.venv/lib/python3.11/site-packages/airflow/example_dags/example_python_decorator.py
[2024-04-12T19:32:20.066+0800] {processor.py:840} INFO - DAG(s) 'example_python_decorator' retrieved from /Users/wanghaojin/Desktop/exchange@NUS/IS3107/HW/Project/news_data_pipeline/.venv/lib/python3.11/site-packages/airflow/example_dags/example_python_decorator.py
[2024-04-12T19:32:20.186+0800] {logging_mixin.py:188} INFO - [2024-04-12T19:32:20.185+0800] {dag.py:3036} INFO - Sync 1 DAGs
[2024-04-12T19:32:20.190+0800] {logging_mixin.py:188} INFO - [2024-04-12T19:32:20.190+0800] {dag.py:3823} INFO - Setting next_dagrun for example_python_decorator to None, run_after=None
[2024-04-12T19:32:20.200+0800] {processor.py:183} INFO - Processing /Users/wanghaojin/Desktop/exchange@NUS/IS3107/HW/Project/news_data_pipeline/.venv/lib/python3.11/site-packages/airflow/example_dags/example_python_decorator.py took 0.159 seconds
[2024-04-12T19:33:58.355+0800] {processor.py:161} INFO - Started process (PID=4519) to work on /Users/wanghaojin/Desktop/exchange@NUS/IS3107/HW/Project/news_data_pipeline/.venv/lib/python3.11/site-packages/airflow/example_dags/example_python_decorator.py
[2024-04-12T19:33:58.355+0800] {processor.py:830} INFO - Processing file /Users/wanghaojin/Desktop/exchange@NUS/IS3107/HW/Project/news_data_pipeline/.venv/lib/python3.11/site-packages/airflow/example_dags/example_python_decorator.py for tasks to queue
[2024-04-12T19:33:58.356+0800] {logging_mixin.py:188} INFO - [2024-04-12T19:33:58.356+0800] {dagbag.py:538} INFO - Filling up the DagBag from /Users/wanghaojin/Desktop/exchange@NUS/IS3107/HW/Project/news_data_pipeline/.venv/lib/python3.11/site-packages/airflow/example_dags/example_python_decorator.py
[2024-04-12T19:33:58.378+0800] {processor.py:840} INFO - DAG(s) 'example_python_decorator' retrieved from /Users/wanghaojin/Desktop/exchange@NUS/IS3107/HW/Project/news_data_pipeline/.venv/lib/python3.11/site-packages/airflow/example_dags/example_python_decorator.py
[2024-04-12T19:33:58.498+0800] {logging_mixin.py:188} INFO - [2024-04-12T19:33:58.497+0800] {dag.py:3036} INFO - Sync 1 DAGs
[2024-04-12T19:33:58.502+0800] {logging_mixin.py:188} INFO - [2024-04-12T19:33:58.502+0800] {dag.py:3823} INFO - Setting next_dagrun for example_python_decorator to None, run_after=None
[2024-04-12T19:33:58.512+0800] {processor.py:183} INFO - Processing /Users/wanghaojin/Desktop/exchange@NUS/IS3107/HW/Project/news_data_pipeline/.venv/lib/python3.11/site-packages/airflow/example_dags/example_python_decorator.py took 0.158 seconds
[2024-04-12T19:36:15.516+0800] {processor.py:161} INFO - Started process (PID=4733) to work on /Users/wanghaojin/Desktop/exchange@NUS/IS3107/HW/Project/news_data_pipeline/.venv/lib/python3.11/site-packages/airflow/example_dags/example_python_decorator.py
[2024-04-12T19:36:15.516+0800] {processor.py:830} INFO - Processing file /Users/wanghaojin/Desktop/exchange@NUS/IS3107/HW/Project/news_data_pipeline/.venv/lib/python3.11/site-packages/airflow/example_dags/example_python_decorator.py for tasks to queue
[2024-04-12T19:36:15.517+0800] {logging_mixin.py:188} INFO - [2024-04-12T19:36:15.516+0800] {dagbag.py:538} INFO - Filling up the DagBag from /Users/wanghaojin/Desktop/exchange@NUS/IS3107/HW/Project/news_data_pipeline/.venv/lib/python3.11/site-packages/airflow/example_dags/example_python_decorator.py
[2024-04-12T19:36:15.538+0800] {processor.py:840} INFO - DAG(s) 'example_python_decorator' retrieved from /Users/wanghaojin/Desktop/exchange@NUS/IS3107/HW/Project/news_data_pipeline/.venv/lib/python3.11/site-packages/airflow/example_dags/example_python_decorator.py
[2024-04-12T19:36:15.660+0800] {logging_mixin.py:188} INFO - [2024-04-12T19:36:15.660+0800] {dag.py:3036} INFO - Sync 1 DAGs
[2024-04-12T19:36:15.664+0800] {logging_mixin.py:188} INFO - [2024-04-12T19:36:15.664+0800] {dag.py:3823} INFO - Setting next_dagrun for example_python_decorator to None, run_after=None
[2024-04-12T19:36:15.675+0800] {processor.py:183} INFO - Processing /Users/wanghaojin/Desktop/exchange@NUS/IS3107/HW/Project/news_data_pipeline/.venv/lib/python3.11/site-packages/airflow/example_dags/example_python_decorator.py took 0.160 seconds
[2024-04-12T19:38:31.931+0800] {processor.py:161} INFO - Started process (PID=4944) to work on /Users/wanghaojin/Desktop/exchange@NUS/IS3107/HW/Project/news_data_pipeline/.venv/lib/python3.11/site-packages/airflow/example_dags/example_python_decorator.py
[2024-04-12T19:38:31.932+0800] {processor.py:830} INFO - Processing file /Users/wanghaojin/Desktop/exchange@NUS/IS3107/HW/Project/news_data_pipeline/.venv/lib/python3.11/site-packages/airflow/example_dags/example_python_decorator.py for tasks to queue
[2024-04-12T19:38:31.932+0800] {logging_mixin.py:188} INFO - [2024-04-12T19:38:31.932+0800] {dagbag.py:538} INFO - Filling up the DagBag from /Users/wanghaojin/Desktop/exchange@NUS/IS3107/HW/Project/news_data_pipeline/.venv/lib/python3.11/site-packages/airflow/example_dags/example_python_decorator.py
[2024-04-12T19:38:31.954+0800] {processor.py:840} INFO - DAG(s) 'example_python_decorator' retrieved from /Users/wanghaojin/Desktop/exchange@NUS/IS3107/HW/Project/news_data_pipeline/.venv/lib/python3.11/site-packages/airflow/example_dags/example_python_decorator.py
[2024-04-12T19:38:32.075+0800] {logging_mixin.py:188} INFO - [2024-04-12T19:38:32.075+0800] {dag.py:3036} INFO - Sync 1 DAGs
[2024-04-12T19:38:32.079+0800] {logging_mixin.py:188} INFO - [2024-04-12T19:38:32.079+0800] {dag.py:3823} INFO - Setting next_dagrun for example_python_decorator to None, run_after=None
[2024-04-12T19:38:32.090+0800] {processor.py:183} INFO - Processing /Users/wanghaojin/Desktop/exchange@NUS/IS3107/HW/Project/news_data_pipeline/.venv/lib/python3.11/site-packages/airflow/example_dags/example_python_decorator.py took 0.159 seconds
[2024-04-12T19:40:44.009+0800] {processor.py:161} INFO - Started process (PID=5148) to work on /Users/wanghaojin/Desktop/exchange@NUS/IS3107/HW/Project/news_data_pipeline/.venv/lib/python3.11/site-packages/airflow/example_dags/example_python_decorator.py
[2024-04-12T19:40:44.010+0800] {processor.py:830} INFO - Processing file /Users/wanghaojin/Desktop/exchange@NUS/IS3107/HW/Project/news_data_pipeline/.venv/lib/python3.11/site-packages/airflow/example_dags/example_python_decorator.py for tasks to queue
[2024-04-12T19:40:44.010+0800] {logging_mixin.py:188} INFO - [2024-04-12T19:40:44.010+0800] {dagbag.py:538} INFO - Filling up the DagBag from /Users/wanghaojin/Desktop/exchange@NUS/IS3107/HW/Project/news_data_pipeline/.venv/lib/python3.11/site-packages/airflow/example_dags/example_python_decorator.py
[2024-04-12T19:40:44.032+0800] {processor.py:840} INFO - DAG(s) 'example_python_decorator' retrieved from /Users/wanghaojin/Desktop/exchange@NUS/IS3107/HW/Project/news_data_pipeline/.venv/lib/python3.11/site-packages/airflow/example_dags/example_python_decorator.py
[2024-04-12T19:40:44.151+0800] {logging_mixin.py:188} INFO - [2024-04-12T19:40:44.151+0800] {dag.py:3036} INFO - Sync 1 DAGs
[2024-04-12T19:40:44.156+0800] {logging_mixin.py:188} INFO - [2024-04-12T19:40:44.156+0800] {dag.py:3823} INFO - Setting next_dagrun for example_python_decorator to None, run_after=None
[2024-04-12T19:40:44.166+0800] {processor.py:183} INFO - Processing /Users/wanghaojin/Desktop/exchange@NUS/IS3107/HW/Project/news_data_pipeline/.venv/lib/python3.11/site-packages/airflow/example_dags/example_python_decorator.py took 0.158 seconds
[2024-04-12T19:43:00.405+0800] {processor.py:161} INFO - Started process (PID=5361) to work on /Users/wanghaojin/Desktop/exchange@NUS/IS3107/HW/Project/news_data_pipeline/.venv/lib/python3.11/site-packages/airflow/example_dags/example_python_decorator.py
[2024-04-12T19:43:00.405+0800] {processor.py:830} INFO - Processing file /Users/wanghaojin/Desktop/exchange@NUS/IS3107/HW/Project/news_data_pipeline/.venv/lib/python3.11/site-packages/airflow/example_dags/example_python_decorator.py for tasks to queue
[2024-04-12T19:43:00.406+0800] {logging_mixin.py:188} INFO - [2024-04-12T19:43:00.406+0800] {dagbag.py:538} INFO - Filling up the DagBag from /Users/wanghaojin/Desktop/exchange@NUS/IS3107/HW/Project/news_data_pipeline/.venv/lib/python3.11/site-packages/airflow/example_dags/example_python_decorator.py
[2024-04-12T19:43:00.427+0800] {processor.py:840} INFO - DAG(s) 'example_python_decorator' retrieved from /Users/wanghaojin/Desktop/exchange@NUS/IS3107/HW/Project/news_data_pipeline/.venv/lib/python3.11/site-packages/airflow/example_dags/example_python_decorator.py
[2024-04-12T19:43:00.548+0800] {logging_mixin.py:188} INFO - [2024-04-12T19:43:00.547+0800] {dag.py:3036} INFO - Sync 1 DAGs
[2024-04-12T19:43:00.552+0800] {logging_mixin.py:188} INFO - [2024-04-12T19:43:00.552+0800] {dag.py:3823} INFO - Setting next_dagrun for example_python_decorator to None, run_after=None
[2024-04-12T19:43:00.562+0800] {processor.py:183} INFO - Processing /Users/wanghaojin/Desktop/exchange@NUS/IS3107/HW/Project/news_data_pipeline/.venv/lib/python3.11/site-packages/airflow/example_dags/example_python_decorator.py took 0.158 seconds
[2024-04-12T19:45:17.382+0800] {processor.py:161} INFO - Started process (PID=5594) to work on /Users/wanghaojin/Desktop/exchange@NUS/IS3107/HW/Project/news_data_pipeline/.venv/lib/python3.11/site-packages/airflow/example_dags/example_python_decorator.py
[2024-04-12T19:45:17.383+0800] {processor.py:830} INFO - Processing file /Users/wanghaojin/Desktop/exchange@NUS/IS3107/HW/Project/news_data_pipeline/.venv/lib/python3.11/site-packages/airflow/example_dags/example_python_decorator.py for tasks to queue
[2024-04-12T19:45:17.384+0800] {logging_mixin.py:188} INFO - [2024-04-12T19:45:17.384+0800] {dagbag.py:538} INFO - Filling up the DagBag from /Users/wanghaojin/Desktop/exchange@NUS/IS3107/HW/Project/news_data_pipeline/.venv/lib/python3.11/site-packages/airflow/example_dags/example_python_decorator.py
[2024-04-12T19:45:17.406+0800] {processor.py:840} INFO - DAG(s) 'example_python_decorator' retrieved from /Users/wanghaojin/Desktop/exchange@NUS/IS3107/HW/Project/news_data_pipeline/.venv/lib/python3.11/site-packages/airflow/example_dags/example_python_decorator.py
[2024-04-12T19:45:17.526+0800] {logging_mixin.py:188} INFO - [2024-04-12T19:45:17.525+0800] {dag.py:3036} INFO - Sync 1 DAGs
[2024-04-12T19:45:17.530+0800] {logging_mixin.py:188} INFO - [2024-04-12T19:45:17.530+0800] {dag.py:3823} INFO - Setting next_dagrun for example_python_decorator to None, run_after=None
[2024-04-12T19:45:17.541+0800] {processor.py:183} INFO - Processing /Users/wanghaojin/Desktop/exchange@NUS/IS3107/HW/Project/news_data_pipeline/.venv/lib/python3.11/site-packages/airflow/example_dags/example_python_decorator.py took 0.159 seconds
[2024-04-12T19:47:32.675+0800] {processor.py:161} INFO - Started process (PID=5755) to work on /Users/wanghaojin/Desktop/exchange@NUS/IS3107/HW/Project/news_data_pipeline/.venv/lib/python3.11/site-packages/airflow/example_dags/example_python_decorator.py
[2024-04-12T19:47:32.676+0800] {processor.py:830} INFO - Processing file /Users/wanghaojin/Desktop/exchange@NUS/IS3107/HW/Project/news_data_pipeline/.venv/lib/python3.11/site-packages/airflow/example_dags/example_python_decorator.py for tasks to queue
[2024-04-12T19:47:32.676+0800] {logging_mixin.py:188} INFO - [2024-04-12T19:47:32.676+0800] {dagbag.py:538} INFO - Filling up the DagBag from /Users/wanghaojin/Desktop/exchange@NUS/IS3107/HW/Project/news_data_pipeline/.venv/lib/python3.11/site-packages/airflow/example_dags/example_python_decorator.py
[2024-04-12T19:47:32.698+0800] {processor.py:840} INFO - DAG(s) 'example_python_decorator' retrieved from /Users/wanghaojin/Desktop/exchange@NUS/IS3107/HW/Project/news_data_pipeline/.venv/lib/python3.11/site-packages/airflow/example_dags/example_python_decorator.py
[2024-04-12T19:47:32.817+0800] {logging_mixin.py:188} INFO - [2024-04-12T19:47:32.817+0800] {dag.py:3036} INFO - Sync 1 DAGs
[2024-04-12T19:47:32.821+0800] {logging_mixin.py:188} INFO - [2024-04-12T19:47:32.821+0800] {dag.py:3823} INFO - Setting next_dagrun for example_python_decorator to None, run_after=None
[2024-04-12T19:47:32.832+0800] {processor.py:183} INFO - Processing /Users/wanghaojin/Desktop/exchange@NUS/IS3107/HW/Project/news_data_pipeline/.venv/lib/python3.11/site-packages/airflow/example_dags/example_python_decorator.py took 0.157 seconds
[2024-04-12T19:49:49.157+0800] {processor.py:161} INFO - Started process (PID=5970) to work on /Users/wanghaojin/Desktop/exchange@NUS/IS3107/HW/Project/news_data_pipeline/.venv/lib/python3.11/site-packages/airflow/example_dags/example_python_decorator.py
[2024-04-12T19:49:49.158+0800] {processor.py:830} INFO - Processing file /Users/wanghaojin/Desktop/exchange@NUS/IS3107/HW/Project/news_data_pipeline/.venv/lib/python3.11/site-packages/airflow/example_dags/example_python_decorator.py for tasks to queue
[2024-04-12T19:49:49.158+0800] {logging_mixin.py:188} INFO - [2024-04-12T19:49:49.158+0800] {dagbag.py:538} INFO - Filling up the DagBag from /Users/wanghaojin/Desktop/exchange@NUS/IS3107/HW/Project/news_data_pipeline/.venv/lib/python3.11/site-packages/airflow/example_dags/example_python_decorator.py
[2024-04-12T19:49:49.179+0800] {processor.py:840} INFO - DAG(s) 'example_python_decorator' retrieved from /Users/wanghaojin/Desktop/exchange@NUS/IS3107/HW/Project/news_data_pipeline/.venv/lib/python3.11/site-packages/airflow/example_dags/example_python_decorator.py
[2024-04-12T19:49:49.299+0800] {logging_mixin.py:188} INFO - [2024-04-12T19:49:49.299+0800] {dag.py:3036} INFO - Sync 1 DAGs
[2024-04-12T19:49:49.303+0800] {logging_mixin.py:188} INFO - [2024-04-12T19:49:49.303+0800] {dag.py:3823} INFO - Setting next_dagrun for example_python_decorator to None, run_after=None
[2024-04-12T19:49:49.314+0800] {processor.py:183} INFO - Processing /Users/wanghaojin/Desktop/exchange@NUS/IS3107/HW/Project/news_data_pipeline/.venv/lib/python3.11/site-packages/airflow/example_dags/example_python_decorator.py took 0.157 seconds
[2024-04-12T19:52:03.893+0800] {processor.py:161} INFO - Started process (PID=6167) to work on /Users/wanghaojin/Desktop/exchange@NUS/IS3107/HW/Project/news_data_pipeline/.venv/lib/python3.11/site-packages/airflow/example_dags/example_python_decorator.py
[2024-04-12T19:52:03.893+0800] {processor.py:830} INFO - Processing file /Users/wanghaojin/Desktop/exchange@NUS/IS3107/HW/Project/news_data_pipeline/.venv/lib/python3.11/site-packages/airflow/example_dags/example_python_decorator.py for tasks to queue
[2024-04-12T19:52:03.894+0800] {logging_mixin.py:188} INFO - [2024-04-12T19:52:03.893+0800] {dagbag.py:538} INFO - Filling up the DagBag from /Users/wanghaojin/Desktop/exchange@NUS/IS3107/HW/Project/news_data_pipeline/.venv/lib/python3.11/site-packages/airflow/example_dags/example_python_decorator.py
[2024-04-12T19:52:03.915+0800] {processor.py:840} INFO - DAG(s) 'example_python_decorator' retrieved from /Users/wanghaojin/Desktop/exchange@NUS/IS3107/HW/Project/news_data_pipeline/.venv/lib/python3.11/site-packages/airflow/example_dags/example_python_decorator.py
[2024-04-12T19:52:04.035+0800] {logging_mixin.py:188} INFO - [2024-04-12T19:52:04.035+0800] {dag.py:3036} INFO - Sync 1 DAGs
[2024-04-12T19:52:04.039+0800] {logging_mixin.py:188} INFO - [2024-04-12T19:52:04.039+0800] {dag.py:3823} INFO - Setting next_dagrun for example_python_decorator to None, run_after=None
[2024-04-12T19:52:04.050+0800] {processor.py:183} INFO - Processing /Users/wanghaojin/Desktop/exchange@NUS/IS3107/HW/Project/news_data_pipeline/.venv/lib/python3.11/site-packages/airflow/example_dags/example_python_decorator.py took 0.158 seconds
[2024-04-12T19:54:19.087+0800] {processor.py:161} INFO - Started process (PID=6299) to work on /Users/wanghaojin/Desktop/exchange@NUS/IS3107/HW/Project/news_data_pipeline/.venv/lib/python3.11/site-packages/airflow/example_dags/example_python_decorator.py
[2024-04-12T19:54:19.087+0800] {processor.py:830} INFO - Processing file /Users/wanghaojin/Desktop/exchange@NUS/IS3107/HW/Project/news_data_pipeline/.venv/lib/python3.11/site-packages/airflow/example_dags/example_python_decorator.py for tasks to queue
[2024-04-12T19:54:19.087+0800] {logging_mixin.py:188} INFO - [2024-04-12T19:54:19.087+0800] {dagbag.py:538} INFO - Filling up the DagBag from /Users/wanghaojin/Desktop/exchange@NUS/IS3107/HW/Project/news_data_pipeline/.venv/lib/python3.11/site-packages/airflow/example_dags/example_python_decorator.py
[2024-04-12T19:54:19.109+0800] {processor.py:840} INFO - DAG(s) 'example_python_decorator' retrieved from /Users/wanghaojin/Desktop/exchange@NUS/IS3107/HW/Project/news_data_pipeline/.venv/lib/python3.11/site-packages/airflow/example_dags/example_python_decorator.py
[2024-04-12T19:54:19.230+0800] {logging_mixin.py:188} INFO - [2024-04-12T19:54:19.230+0800] {dag.py:3036} INFO - Sync 1 DAGs
[2024-04-12T19:54:19.234+0800] {logging_mixin.py:188} INFO - [2024-04-12T19:54:19.234+0800] {dag.py:3823} INFO - Setting next_dagrun for example_python_decorator to None, run_after=None
[2024-04-12T19:54:19.245+0800] {processor.py:183} INFO - Processing /Users/wanghaojin/Desktop/exchange@NUS/IS3107/HW/Project/news_data_pipeline/.venv/lib/python3.11/site-packages/airflow/example_dags/example_python_decorator.py took 0.159 seconds
[2024-04-12T19:56:34.485+0800] {processor.py:161} INFO - Started process (PID=6477) to work on /Users/wanghaojin/Desktop/exchange@NUS/IS3107/HW/Project/news_data_pipeline/.venv/lib/python3.11/site-packages/airflow/example_dags/example_python_decorator.py
[2024-04-12T19:56:34.486+0800] {processor.py:830} INFO - Processing file /Users/wanghaojin/Desktop/exchange@NUS/IS3107/HW/Project/news_data_pipeline/.venv/lib/python3.11/site-packages/airflow/example_dags/example_python_decorator.py for tasks to queue
[2024-04-12T19:56:34.486+0800] {logging_mixin.py:188} INFO - [2024-04-12T19:56:34.486+0800] {dagbag.py:538} INFO - Filling up the DagBag from /Users/wanghaojin/Desktop/exchange@NUS/IS3107/HW/Project/news_data_pipeline/.venv/lib/python3.11/site-packages/airflow/example_dags/example_python_decorator.py
[2024-04-12T19:56:34.508+0800] {processor.py:840} INFO - DAG(s) 'example_python_decorator' retrieved from /Users/wanghaojin/Desktop/exchange@NUS/IS3107/HW/Project/news_data_pipeline/.venv/lib/python3.11/site-packages/airflow/example_dags/example_python_decorator.py
[2024-04-12T19:56:34.627+0800] {logging_mixin.py:188} INFO - [2024-04-12T19:56:34.627+0800] {dag.py:3036} INFO - Sync 1 DAGs
[2024-04-12T19:56:34.632+0800] {logging_mixin.py:188} INFO - [2024-04-12T19:56:34.632+0800] {dag.py:3823} INFO - Setting next_dagrun for example_python_decorator to None, run_after=None
[2024-04-12T19:56:34.642+0800] {processor.py:183} INFO - Processing /Users/wanghaojin/Desktop/exchange@NUS/IS3107/HW/Project/news_data_pipeline/.venv/lib/python3.11/site-packages/airflow/example_dags/example_python_decorator.py took 0.158 seconds
[2024-04-12T19:58:46.422+0800] {processor.py:161} INFO - Started process (PID=6602) to work on /Users/wanghaojin/Desktop/exchange@NUS/IS3107/HW/Project/news_data_pipeline/.venv/lib/python3.11/site-packages/airflow/example_dags/example_python_decorator.py
[2024-04-12T19:58:46.423+0800] {processor.py:830} INFO - Processing file /Users/wanghaojin/Desktop/exchange@NUS/IS3107/HW/Project/news_data_pipeline/.venv/lib/python3.11/site-packages/airflow/example_dags/example_python_decorator.py for tasks to queue
[2024-04-12T19:58:46.423+0800] {logging_mixin.py:188} INFO - [2024-04-12T19:58:46.423+0800] {dagbag.py:538} INFO - Filling up the DagBag from /Users/wanghaojin/Desktop/exchange@NUS/IS3107/HW/Project/news_data_pipeline/.venv/lib/python3.11/site-packages/airflow/example_dags/example_python_decorator.py
[2024-04-12T19:58:46.445+0800] {processor.py:840} INFO - DAG(s) 'example_python_decorator' retrieved from /Users/wanghaojin/Desktop/exchange@NUS/IS3107/HW/Project/news_data_pipeline/.venv/lib/python3.11/site-packages/airflow/example_dags/example_python_decorator.py
[2024-04-12T19:58:46.565+0800] {logging_mixin.py:188} INFO - [2024-04-12T19:58:46.564+0800] {dag.py:3036} INFO - Sync 1 DAGs
[2024-04-12T19:58:46.569+0800] {logging_mixin.py:188} INFO - [2024-04-12T19:58:46.569+0800] {dag.py:3823} INFO - Setting next_dagrun for example_python_decorator to None, run_after=None
[2024-04-12T19:58:46.579+0800] {processor.py:183} INFO - Processing /Users/wanghaojin/Desktop/exchange@NUS/IS3107/HW/Project/news_data_pipeline/.venv/lib/python3.11/site-packages/airflow/example_dags/example_python_decorator.py took 0.158 seconds
[2024-04-12T20:01:02.603+0800] {processor.py:161} INFO - Started process (PID=6775) to work on /Users/wanghaojin/Desktop/exchange@NUS/IS3107/HW/Project/news_data_pipeline/.venv/lib/python3.11/site-packages/airflow/example_dags/example_python_decorator.py
[2024-04-12T20:01:02.603+0800] {processor.py:830} INFO - Processing file /Users/wanghaojin/Desktop/exchange@NUS/IS3107/HW/Project/news_data_pipeline/.venv/lib/python3.11/site-packages/airflow/example_dags/example_python_decorator.py for tasks to queue
[2024-04-12T20:01:02.604+0800] {logging_mixin.py:188} INFO - [2024-04-12T20:01:02.603+0800] {dagbag.py:538} INFO - Filling up the DagBag from /Users/wanghaojin/Desktop/exchange@NUS/IS3107/HW/Project/news_data_pipeline/.venv/lib/python3.11/site-packages/airflow/example_dags/example_python_decorator.py
[2024-04-12T20:01:02.625+0800] {processor.py:840} INFO - DAG(s) 'example_python_decorator' retrieved from /Users/wanghaojin/Desktop/exchange@NUS/IS3107/HW/Project/news_data_pipeline/.venv/lib/python3.11/site-packages/airflow/example_dags/example_python_decorator.py
[2024-04-12T20:01:02.744+0800] {logging_mixin.py:188} INFO - [2024-04-12T20:01:02.744+0800] {dag.py:3036} INFO - Sync 1 DAGs
[2024-04-12T20:01:02.749+0800] {logging_mixin.py:188} INFO - [2024-04-12T20:01:02.748+0800] {dag.py:3823} INFO - Setting next_dagrun for example_python_decorator to None, run_after=None
[2024-04-12T20:01:02.759+0800] {processor.py:183} INFO - Processing /Users/wanghaojin/Desktop/exchange@NUS/IS3107/HW/Project/news_data_pipeline/.venv/lib/python3.11/site-packages/airflow/example_dags/example_python_decorator.py took 0.157 seconds
[2024-04-12T20:03:23.572+0800] {processor.py:161} INFO - Started process (PID=7081) to work on /Users/wanghaojin/Desktop/exchange@NUS/IS3107/HW/Project/news_data_pipeline/.venv/lib/python3.11/site-packages/airflow/example_dags/example_python_decorator.py
[2024-04-12T20:03:23.573+0800] {processor.py:830} INFO - Processing file /Users/wanghaojin/Desktop/exchange@NUS/IS3107/HW/Project/news_data_pipeline/.venv/lib/python3.11/site-packages/airflow/example_dags/example_python_decorator.py for tasks to queue
[2024-04-12T20:03:23.573+0800] {logging_mixin.py:188} INFO - [2024-04-12T20:03:23.573+0800] {dagbag.py:538} INFO - Filling up the DagBag from /Users/wanghaojin/Desktop/exchange@NUS/IS3107/HW/Project/news_data_pipeline/.venv/lib/python3.11/site-packages/airflow/example_dags/example_python_decorator.py
[2024-04-12T20:03:23.595+0800] {processor.py:840} INFO - DAG(s) 'example_python_decorator' retrieved from /Users/wanghaojin/Desktop/exchange@NUS/IS3107/HW/Project/news_data_pipeline/.venv/lib/python3.11/site-packages/airflow/example_dags/example_python_decorator.py
[2024-04-12T20:03:23.714+0800] {logging_mixin.py:188} INFO - [2024-04-12T20:03:23.714+0800] {dag.py:3036} INFO - Sync 1 DAGs
[2024-04-12T20:03:23.719+0800] {logging_mixin.py:188} INFO - [2024-04-12T20:03:23.718+0800] {dag.py:3823} INFO - Setting next_dagrun for example_python_decorator to None, run_after=None
[2024-04-12T20:03:23.729+0800] {processor.py:183} INFO - Processing /Users/wanghaojin/Desktop/exchange@NUS/IS3107/HW/Project/news_data_pipeline/.venv/lib/python3.11/site-packages/airflow/example_dags/example_python_decorator.py took 0.158 seconds
[2024-04-12T20:05:40.732+0800] {processor.py:161} INFO - Started process (PID=7279) to work on /Users/wanghaojin/Desktop/exchange@NUS/IS3107/HW/Project/news_data_pipeline/.venv/lib/python3.11/site-packages/airflow/example_dags/example_python_decorator.py
[2024-04-12T20:05:40.733+0800] {processor.py:830} INFO - Processing file /Users/wanghaojin/Desktop/exchange@NUS/IS3107/HW/Project/news_data_pipeline/.venv/lib/python3.11/site-packages/airflow/example_dags/example_python_decorator.py for tasks to queue
[2024-04-12T20:05:40.733+0800] {logging_mixin.py:188} INFO - [2024-04-12T20:05:40.733+0800] {dagbag.py:538} INFO - Filling up the DagBag from /Users/wanghaojin/Desktop/exchange@NUS/IS3107/HW/Project/news_data_pipeline/.venv/lib/python3.11/site-packages/airflow/example_dags/example_python_decorator.py
[2024-04-12T20:05:40.754+0800] {processor.py:840} INFO - DAG(s) 'example_python_decorator' retrieved from /Users/wanghaojin/Desktop/exchange@NUS/IS3107/HW/Project/news_data_pipeline/.venv/lib/python3.11/site-packages/airflow/example_dags/example_python_decorator.py
[2024-04-12T20:05:40.875+0800] {logging_mixin.py:188} INFO - [2024-04-12T20:05:40.875+0800] {dag.py:3036} INFO - Sync 1 DAGs
[2024-04-12T20:05:40.880+0800] {logging_mixin.py:188} INFO - [2024-04-12T20:05:40.880+0800] {dag.py:3823} INFO - Setting next_dagrun for example_python_decorator to None, run_after=None
[2024-04-12T20:05:40.891+0800] {processor.py:183} INFO - Processing /Users/wanghaojin/Desktop/exchange@NUS/IS3107/HW/Project/news_data_pipeline/.venv/lib/python3.11/site-packages/airflow/example_dags/example_python_decorator.py took 0.159 seconds
[2024-04-12T20:07:57.402+0800] {processor.py:161} INFO - Started process (PID=7498) to work on /Users/wanghaojin/Desktop/exchange@NUS/IS3107/HW/Project/news_data_pipeline/.venv/lib/python3.11/site-packages/airflow/example_dags/example_python_decorator.py
[2024-04-12T20:07:57.403+0800] {processor.py:830} INFO - Processing file /Users/wanghaojin/Desktop/exchange@NUS/IS3107/HW/Project/news_data_pipeline/.venv/lib/python3.11/site-packages/airflow/example_dags/example_python_decorator.py for tasks to queue
[2024-04-12T20:07:57.403+0800] {logging_mixin.py:188} INFO - [2024-04-12T20:07:57.403+0800] {dagbag.py:538} INFO - Filling up the DagBag from /Users/wanghaojin/Desktop/exchange@NUS/IS3107/HW/Project/news_data_pipeline/.venv/lib/python3.11/site-packages/airflow/example_dags/example_python_decorator.py
[2024-04-12T20:07:57.425+0800] {processor.py:840} INFO - DAG(s) 'example_python_decorator' retrieved from /Users/wanghaojin/Desktop/exchange@NUS/IS3107/HW/Project/news_data_pipeline/.venv/lib/python3.11/site-packages/airflow/example_dags/example_python_decorator.py
[2024-04-12T20:07:57.545+0800] {logging_mixin.py:188} INFO - [2024-04-12T20:07:57.545+0800] {dag.py:3036} INFO - Sync 1 DAGs
[2024-04-12T20:07:57.549+0800] {logging_mixin.py:188} INFO - [2024-04-12T20:07:57.549+0800] {dag.py:3823} INFO - Setting next_dagrun for example_python_decorator to None, run_after=None
[2024-04-12T20:07:57.559+0800] {processor.py:183} INFO - Processing /Users/wanghaojin/Desktop/exchange@NUS/IS3107/HW/Project/news_data_pipeline/.venv/lib/python3.11/site-packages/airflow/example_dags/example_python_decorator.py took 0.158 seconds
[2024-04-12T20:10:14.433+0800] {processor.py:161} INFO - Started process (PID=7672) to work on /Users/wanghaojin/Desktop/exchange@NUS/IS3107/HW/Project/news_data_pipeline/.venv/lib/python3.11/site-packages/airflow/example_dags/example_python_decorator.py
[2024-04-12T20:10:14.433+0800] {processor.py:830} INFO - Processing file /Users/wanghaojin/Desktop/exchange@NUS/IS3107/HW/Project/news_data_pipeline/.venv/lib/python3.11/site-packages/airflow/example_dags/example_python_decorator.py for tasks to queue
[2024-04-12T20:10:14.434+0800] {logging_mixin.py:188} INFO - [2024-04-12T20:10:14.433+0800] {dagbag.py:538} INFO - Filling up the DagBag from /Users/wanghaojin/Desktop/exchange@NUS/IS3107/HW/Project/news_data_pipeline/.venv/lib/python3.11/site-packages/airflow/example_dags/example_python_decorator.py
[2024-04-12T20:10:14.455+0800] {processor.py:840} INFO - DAG(s) 'example_python_decorator' retrieved from /Users/wanghaojin/Desktop/exchange@NUS/IS3107/HW/Project/news_data_pipeline/.venv/lib/python3.11/site-packages/airflow/example_dags/example_python_decorator.py
[2024-04-12T20:10:14.575+0800] {logging_mixin.py:188} INFO - [2024-04-12T20:10:14.575+0800] {dag.py:3036} INFO - Sync 1 DAGs
[2024-04-12T20:10:14.579+0800] {logging_mixin.py:188} INFO - [2024-04-12T20:10:14.579+0800] {dag.py:3823} INFO - Setting next_dagrun for example_python_decorator to None, run_after=None
[2024-04-12T20:10:14.590+0800] {processor.py:183} INFO - Processing /Users/wanghaojin/Desktop/exchange@NUS/IS3107/HW/Project/news_data_pipeline/.venv/lib/python3.11/site-packages/airflow/example_dags/example_python_decorator.py took 0.158 seconds
[2024-04-12T20:12:32.229+0800] {processor.py:161} INFO - Started process (PID=7910) to work on /Users/wanghaojin/Desktop/exchange@NUS/IS3107/HW/Project/news_data_pipeline/.venv/lib/python3.11/site-packages/airflow/example_dags/example_python_decorator.py
[2024-04-12T20:12:32.230+0800] {processor.py:830} INFO - Processing file /Users/wanghaojin/Desktop/exchange@NUS/IS3107/HW/Project/news_data_pipeline/.venv/lib/python3.11/site-packages/airflow/example_dags/example_python_decorator.py for tasks to queue
[2024-04-12T20:12:32.231+0800] {logging_mixin.py:188} INFO - [2024-04-12T20:12:32.231+0800] {dagbag.py:538} INFO - Filling up the DagBag from /Users/wanghaojin/Desktop/exchange@NUS/IS3107/HW/Project/news_data_pipeline/.venv/lib/python3.11/site-packages/airflow/example_dags/example_python_decorator.py
[2024-04-12T20:12:32.253+0800] {processor.py:840} INFO - DAG(s) 'example_python_decorator' retrieved from /Users/wanghaojin/Desktop/exchange@NUS/IS3107/HW/Project/news_data_pipeline/.venv/lib/python3.11/site-packages/airflow/example_dags/example_python_decorator.py
[2024-04-12T20:12:32.374+0800] {logging_mixin.py:188} INFO - [2024-04-12T20:12:32.374+0800] {dag.py:3036} INFO - Sync 1 DAGs
[2024-04-12T20:12:32.379+0800] {logging_mixin.py:188} INFO - [2024-04-12T20:12:32.379+0800] {dag.py:3823} INFO - Setting next_dagrun for example_python_decorator to None, run_after=None
[2024-04-12T20:12:32.390+0800] {processor.py:183} INFO - Processing /Users/wanghaojin/Desktop/exchange@NUS/IS3107/HW/Project/news_data_pipeline/.venv/lib/python3.11/site-packages/airflow/example_dags/example_python_decorator.py took 0.162 seconds
[2024-04-12T20:14:48.629+0800] {processor.py:161} INFO - Started process (PID=8142) to work on /Users/wanghaojin/Desktop/exchange@NUS/IS3107/HW/Project/news_data_pipeline/.venv/lib/python3.11/site-packages/airflow/example_dags/example_python_decorator.py
[2024-04-12T20:14:48.630+0800] {processor.py:830} INFO - Processing file /Users/wanghaojin/Desktop/exchange@NUS/IS3107/HW/Project/news_data_pipeline/.venv/lib/python3.11/site-packages/airflow/example_dags/example_python_decorator.py for tasks to queue
[2024-04-12T20:14:48.630+0800] {logging_mixin.py:188} INFO - [2024-04-12T20:14:48.630+0800] {dagbag.py:538} INFO - Filling up the DagBag from /Users/wanghaojin/Desktop/exchange@NUS/IS3107/HW/Project/news_data_pipeline/.venv/lib/python3.11/site-packages/airflow/example_dags/example_python_decorator.py
[2024-04-12T20:14:48.652+0800] {processor.py:840} INFO - DAG(s) 'example_python_decorator' retrieved from /Users/wanghaojin/Desktop/exchange@NUS/IS3107/HW/Project/news_data_pipeline/.venv/lib/python3.11/site-packages/airflow/example_dags/example_python_decorator.py
[2024-04-12T20:14:48.780+0800] {logging_mixin.py:188} INFO - [2024-04-12T20:14:48.779+0800] {dag.py:3036} INFO - Sync 1 DAGs
[2024-04-12T20:14:48.784+0800] {logging_mixin.py:188} INFO - [2024-04-12T20:14:48.784+0800] {dag.py:3823} INFO - Setting next_dagrun for example_python_decorator to None, run_after=None
[2024-04-12T20:14:48.797+0800] {processor.py:183} INFO - Processing /Users/wanghaojin/Desktop/exchange@NUS/IS3107/HW/Project/news_data_pipeline/.venv/lib/python3.11/site-packages/airflow/example_dags/example_python_decorator.py took 0.169 seconds
[2024-04-12T20:17:07.419+0800] {processor.py:161} INFO - Started process (PID=8432) to work on /Users/wanghaojin/Desktop/exchange@NUS/IS3107/HW/Project/news_data_pipeline/.venv/lib/python3.11/site-packages/airflow/example_dags/example_python_decorator.py
[2024-04-12T20:17:07.420+0800] {processor.py:830} INFO - Processing file /Users/wanghaojin/Desktop/exchange@NUS/IS3107/HW/Project/news_data_pipeline/.venv/lib/python3.11/site-packages/airflow/example_dags/example_python_decorator.py for tasks to queue
[2024-04-12T20:17:07.421+0800] {logging_mixin.py:188} INFO - [2024-04-12T20:17:07.420+0800] {dagbag.py:538} INFO - Filling up the DagBag from /Users/wanghaojin/Desktop/exchange@NUS/IS3107/HW/Project/news_data_pipeline/.venv/lib/python3.11/site-packages/airflow/example_dags/example_python_decorator.py
[2024-04-12T20:17:07.443+0800] {processor.py:840} INFO - DAG(s) 'example_python_decorator' retrieved from /Users/wanghaojin/Desktop/exchange@NUS/IS3107/HW/Project/news_data_pipeline/.venv/lib/python3.11/site-packages/airflow/example_dags/example_python_decorator.py
[2024-04-12T20:17:07.566+0800] {logging_mixin.py:188} INFO - [2024-04-12T20:17:07.566+0800] {dag.py:3036} INFO - Sync 1 DAGs
[2024-04-12T20:17:07.570+0800] {logging_mixin.py:188} INFO - [2024-04-12T20:17:07.570+0800] {dag.py:3823} INFO - Setting next_dagrun for example_python_decorator to None, run_after=None
[2024-04-12T20:17:07.581+0800] {processor.py:183} INFO - Processing /Users/wanghaojin/Desktop/exchange@NUS/IS3107/HW/Project/news_data_pipeline/.venv/lib/python3.11/site-packages/airflow/example_dags/example_python_decorator.py took 0.163 seconds
[2024-04-12T20:19:08.581+0800] {processor.py:161} INFO - Started process (PID=8731) to work on /Users/wanghaojin/Desktop/exchange@NUS/IS3107/HW/Project/news_data_pipeline/.venv/lib/python3.11/site-packages/airflow/example_dags/example_python_decorator.py
[2024-04-12T20:19:08.582+0800] {processor.py:830} INFO - Processing file /Users/wanghaojin/Desktop/exchange@NUS/IS3107/HW/Project/news_data_pipeline/.venv/lib/python3.11/site-packages/airflow/example_dags/example_python_decorator.py for tasks to queue
[2024-04-12T20:19:08.583+0800] {logging_mixin.py:188} INFO - [2024-04-12T20:19:08.582+0800] {dagbag.py:538} INFO - Filling up the DagBag from /Users/wanghaojin/Desktop/exchange@NUS/IS3107/HW/Project/news_data_pipeline/.venv/lib/python3.11/site-packages/airflow/example_dags/example_python_decorator.py
[2024-04-12T20:19:08.604+0800] {processor.py:840} INFO - DAG(s) 'example_python_decorator' retrieved from /Users/wanghaojin/Desktop/exchange@NUS/IS3107/HW/Project/news_data_pipeline/.venv/lib/python3.11/site-packages/airflow/example_dags/example_python_decorator.py
[2024-04-12T20:19:08.724+0800] {logging_mixin.py:188} INFO - [2024-04-12T20:19:08.723+0800] {dag.py:3036} INFO - Sync 1 DAGs
[2024-04-12T20:19:08.728+0800] {logging_mixin.py:188} INFO - [2024-04-12T20:19:08.728+0800] {dag.py:3823} INFO - Setting next_dagrun for example_python_decorator to None, run_after=None
[2024-04-12T20:19:08.738+0800] {processor.py:183} INFO - Processing /Users/wanghaojin/Desktop/exchange@NUS/IS3107/HW/Project/news_data_pipeline/.venv/lib/python3.11/site-packages/airflow/example_dags/example_python_decorator.py took 0.158 seconds
[2024-04-12T20:21:28.052+0800] {processor.py:161} INFO - Started process (PID=8931) to work on /Users/wanghaojin/Desktop/exchange@NUS/IS3107/HW/Project/news_data_pipeline/.venv/lib/python3.11/site-packages/airflow/example_dags/example_python_decorator.py
[2024-04-12T20:21:28.053+0800] {processor.py:830} INFO - Processing file /Users/wanghaojin/Desktop/exchange@NUS/IS3107/HW/Project/news_data_pipeline/.venv/lib/python3.11/site-packages/airflow/example_dags/example_python_decorator.py for tasks to queue
[2024-04-12T20:21:28.053+0800] {logging_mixin.py:188} INFO - [2024-04-12T20:21:28.053+0800] {dagbag.py:538} INFO - Filling up the DagBag from /Users/wanghaojin/Desktop/exchange@NUS/IS3107/HW/Project/news_data_pipeline/.venv/lib/python3.11/site-packages/airflow/example_dags/example_python_decorator.py
[2024-04-12T20:21:28.074+0800] {processor.py:840} INFO - DAG(s) 'example_python_decorator' retrieved from /Users/wanghaojin/Desktop/exchange@NUS/IS3107/HW/Project/news_data_pipeline/.venv/lib/python3.11/site-packages/airflow/example_dags/example_python_decorator.py
[2024-04-12T20:21:28.194+0800] {logging_mixin.py:188} INFO - [2024-04-12T20:21:28.194+0800] {dag.py:3036} INFO - Sync 1 DAGs
[2024-04-12T20:21:28.198+0800] {logging_mixin.py:188} INFO - [2024-04-12T20:21:28.198+0800] {dag.py:3823} INFO - Setting next_dagrun for example_python_decorator to None, run_after=None
[2024-04-12T20:21:28.208+0800] {processor.py:183} INFO - Processing /Users/wanghaojin/Desktop/exchange@NUS/IS3107/HW/Project/news_data_pipeline/.venv/lib/python3.11/site-packages/airflow/example_dags/example_python_decorator.py took 0.157 seconds
[2024-04-12T20:23:06.693+0800] {processor.py:161} INFO - Started process (PID=9025) to work on /Users/wanghaojin/Desktop/exchange@NUS/IS3107/HW/Project/news_data_pipeline/.venv/lib/python3.11/site-packages/airflow/example_dags/example_python_decorator.py
[2024-04-12T20:23:06.694+0800] {processor.py:830} INFO - Processing file /Users/wanghaojin/Desktop/exchange@NUS/IS3107/HW/Project/news_data_pipeline/.venv/lib/python3.11/site-packages/airflow/example_dags/example_python_decorator.py for tasks to queue
[2024-04-12T20:23:06.694+0800] {logging_mixin.py:188} INFO - [2024-04-12T20:23:06.694+0800] {dagbag.py:538} INFO - Filling up the DagBag from /Users/wanghaojin/Desktop/exchange@NUS/IS3107/HW/Project/news_data_pipeline/.venv/lib/python3.11/site-packages/airflow/example_dags/example_python_decorator.py
[2024-04-12T20:23:06.716+0800] {processor.py:840} INFO - DAG(s) 'example_python_decorator' retrieved from /Users/wanghaojin/Desktop/exchange@NUS/IS3107/HW/Project/news_data_pipeline/.venv/lib/python3.11/site-packages/airflow/example_dags/example_python_decorator.py
[2024-04-12T20:23:06.835+0800] {logging_mixin.py:188} INFO - [2024-04-12T20:23:06.835+0800] {dag.py:3036} INFO - Sync 1 DAGs
[2024-04-12T20:23:06.840+0800] {logging_mixin.py:188} INFO - [2024-04-12T20:23:06.839+0800] {dag.py:3823} INFO - Setting next_dagrun for example_python_decorator to None, run_after=None
[2024-04-12T20:23:06.850+0800] {processor.py:183} INFO - Processing /Users/wanghaojin/Desktop/exchange@NUS/IS3107/HW/Project/news_data_pipeline/.venv/lib/python3.11/site-packages/airflow/example_dags/example_python_decorator.py took 0.157 seconds
[2024-04-12T20:25:40.176+0800] {processor.py:161} INFO - Started process (PID=9269) to work on /Users/wanghaojin/Desktop/exchange@NUS/IS3107/HW/Project/news_data_pipeline/.venv/lib/python3.11/site-packages/airflow/example_dags/example_python_decorator.py
[2024-04-12T20:25:40.177+0800] {processor.py:830} INFO - Processing file /Users/wanghaojin/Desktop/exchange@NUS/IS3107/HW/Project/news_data_pipeline/.venv/lib/python3.11/site-packages/airflow/example_dags/example_python_decorator.py for tasks to queue
[2024-04-12T20:25:40.178+0800] {logging_mixin.py:188} INFO - [2024-04-12T20:25:40.178+0800] {dagbag.py:538} INFO - Filling up the DagBag from /Users/wanghaojin/Desktop/exchange@NUS/IS3107/HW/Project/news_data_pipeline/.venv/lib/python3.11/site-packages/airflow/example_dags/example_python_decorator.py
[2024-04-12T20:25:40.199+0800] {processor.py:840} INFO - DAG(s) 'example_python_decorator' retrieved from /Users/wanghaojin/Desktop/exchange@NUS/IS3107/HW/Project/news_data_pipeline/.venv/lib/python3.11/site-packages/airflow/example_dags/example_python_decorator.py
[2024-04-12T20:25:40.319+0800] {logging_mixin.py:188} INFO - [2024-04-12T20:25:40.319+0800] {dag.py:3036} INFO - Sync 1 DAGs
[2024-04-12T20:25:40.323+0800] {logging_mixin.py:188} INFO - [2024-04-12T20:25:40.323+0800] {dag.py:3823} INFO - Setting next_dagrun for example_python_decorator to None, run_after=None
[2024-04-12T20:25:40.333+0800] {processor.py:183} INFO - Processing /Users/wanghaojin/Desktop/exchange@NUS/IS3107/HW/Project/news_data_pipeline/.venv/lib/python3.11/site-packages/airflow/example_dags/example_python_decorator.py took 0.158 seconds
[2024-04-12T20:27:58.945+0800] {processor.py:161} INFO - Started process (PID=9524) to work on /Users/wanghaojin/Desktop/exchange@NUS/IS3107/HW/Project/news_data_pipeline/.venv/lib/python3.11/site-packages/airflow/example_dags/example_python_decorator.py
[2024-04-12T20:27:58.946+0800] {processor.py:830} INFO - Processing file /Users/wanghaojin/Desktop/exchange@NUS/IS3107/HW/Project/news_data_pipeline/.venv/lib/python3.11/site-packages/airflow/example_dags/example_python_decorator.py for tasks to queue
[2024-04-12T20:27:58.946+0800] {logging_mixin.py:188} INFO - [2024-04-12T20:27:58.946+0800] {dagbag.py:538} INFO - Filling up the DagBag from /Users/wanghaojin/Desktop/exchange@NUS/IS3107/HW/Project/news_data_pipeline/.venv/lib/python3.11/site-packages/airflow/example_dags/example_python_decorator.py
[2024-04-12T20:27:58.968+0800] {processor.py:840} INFO - DAG(s) 'example_python_decorator' retrieved from /Users/wanghaojin/Desktop/exchange@NUS/IS3107/HW/Project/news_data_pipeline/.venv/lib/python3.11/site-packages/airflow/example_dags/example_python_decorator.py
[2024-04-12T20:27:59.091+0800] {logging_mixin.py:188} INFO - [2024-04-12T20:27:59.091+0800] {dag.py:3036} INFO - Sync 1 DAGs
[2024-04-12T20:27:59.096+0800] {logging_mixin.py:188} INFO - [2024-04-12T20:27:59.095+0800] {dag.py:3823} INFO - Setting next_dagrun for example_python_decorator to None, run_after=None
[2024-04-12T20:27:59.106+0800] {processor.py:183} INFO - Processing /Users/wanghaojin/Desktop/exchange@NUS/IS3107/HW/Project/news_data_pipeline/.venv/lib/python3.11/site-packages/airflow/example_dags/example_python_decorator.py took 0.162 seconds
[2024-04-12T20:30:13.300+0800] {processor.py:161} INFO - Started process (PID=9814) to work on /Users/wanghaojin/Desktop/exchange@NUS/IS3107/HW/Project/news_data_pipeline/.venv/lib/python3.11/site-packages/airflow/example_dags/example_python_decorator.py
[2024-04-12T20:30:13.301+0800] {processor.py:830} INFO - Processing file /Users/wanghaojin/Desktop/exchange@NUS/IS3107/HW/Project/news_data_pipeline/.venv/lib/python3.11/site-packages/airflow/example_dags/example_python_decorator.py for tasks to queue
[2024-04-12T20:30:13.302+0800] {logging_mixin.py:188} INFO - [2024-04-12T20:30:13.301+0800] {dagbag.py:538} INFO - Filling up the DagBag from /Users/wanghaojin/Desktop/exchange@NUS/IS3107/HW/Project/news_data_pipeline/.venv/lib/python3.11/site-packages/airflow/example_dags/example_python_decorator.py
[2024-04-12T20:30:13.327+0800] {processor.py:840} INFO - DAG(s) 'example_python_decorator' retrieved from /Users/wanghaojin/Desktop/exchange@NUS/IS3107/HW/Project/news_data_pipeline/.venv/lib/python3.11/site-packages/airflow/example_dags/example_python_decorator.py
[2024-04-12T20:30:13.452+0800] {logging_mixin.py:188} INFO - [2024-04-12T20:30:13.452+0800] {dag.py:3036} INFO - Sync 1 DAGs
[2024-04-12T20:30:13.457+0800] {logging_mixin.py:188} INFO - [2024-04-12T20:30:13.456+0800] {dag.py:3823} INFO - Setting next_dagrun for example_python_decorator to None, run_after=None
[2024-04-12T20:30:13.468+0800] {processor.py:183} INFO - Processing /Users/wanghaojin/Desktop/exchange@NUS/IS3107/HW/Project/news_data_pipeline/.venv/lib/python3.11/site-packages/airflow/example_dags/example_python_decorator.py took 0.169 seconds
[2024-04-12T20:31:52.462+0800] {processor.py:161} INFO - Started process (PID=9954) to work on /Users/wanghaojin/Desktop/exchange@NUS/IS3107/HW/Project/news_data_pipeline/.venv/lib/python3.11/site-packages/airflow/example_dags/example_python_decorator.py
[2024-04-12T20:31:52.462+0800] {processor.py:830} INFO - Processing file /Users/wanghaojin/Desktop/exchange@NUS/IS3107/HW/Project/news_data_pipeline/.venv/lib/python3.11/site-packages/airflow/example_dags/example_python_decorator.py for tasks to queue
[2024-04-12T20:31:52.463+0800] {logging_mixin.py:188} INFO - [2024-04-12T20:31:52.463+0800] {dagbag.py:538} INFO - Filling up the DagBag from /Users/wanghaojin/Desktop/exchange@NUS/IS3107/HW/Project/news_data_pipeline/.venv/lib/python3.11/site-packages/airflow/example_dags/example_python_decorator.py
[2024-04-12T20:31:52.485+0800] {processor.py:840} INFO - DAG(s) 'example_python_decorator' retrieved from /Users/wanghaojin/Desktop/exchange@NUS/IS3107/HW/Project/news_data_pipeline/.venv/lib/python3.11/site-packages/airflow/example_dags/example_python_decorator.py
[2024-04-12T20:31:52.609+0800] {logging_mixin.py:188} INFO - [2024-04-12T20:31:52.609+0800] {dag.py:3036} INFO - Sync 1 DAGs
[2024-04-12T20:31:52.613+0800] {logging_mixin.py:188} INFO - [2024-04-12T20:31:52.613+0800] {dag.py:3823} INFO - Setting next_dagrun for example_python_decorator to None, run_after=None
[2024-04-12T20:31:52.624+0800] {processor.py:183} INFO - Processing /Users/wanghaojin/Desktop/exchange@NUS/IS3107/HW/Project/news_data_pipeline/.venv/lib/python3.11/site-packages/airflow/example_dags/example_python_decorator.py took 0.163 seconds
[2024-04-12T20:34:30.992+0800] {processor.py:161} INFO - Started process (PID=10260) to work on /Users/wanghaojin/Desktop/exchange@NUS/IS3107/HW/Project/news_data_pipeline/.venv/lib/python3.11/site-packages/airflow/example_dags/example_python_decorator.py
[2024-04-12T20:34:30.993+0800] {processor.py:830} INFO - Processing file /Users/wanghaojin/Desktop/exchange@NUS/IS3107/HW/Project/news_data_pipeline/.venv/lib/python3.11/site-packages/airflow/example_dags/example_python_decorator.py for tasks to queue
[2024-04-12T20:34:30.993+0800] {logging_mixin.py:188} INFO - [2024-04-12T20:34:30.993+0800] {dagbag.py:538} INFO - Filling up the DagBag from /Users/wanghaojin/Desktop/exchange@NUS/IS3107/HW/Project/news_data_pipeline/.venv/lib/python3.11/site-packages/airflow/example_dags/example_python_decorator.py
[2024-04-12T20:34:31.015+0800] {processor.py:840} INFO - DAG(s) 'example_python_decorator' retrieved from /Users/wanghaojin/Desktop/exchange@NUS/IS3107/HW/Project/news_data_pipeline/.venv/lib/python3.11/site-packages/airflow/example_dags/example_python_decorator.py
[2024-04-12T20:34:31.137+0800] {logging_mixin.py:188} INFO - [2024-04-12T20:34:31.136+0800] {dag.py:3036} INFO - Sync 1 DAGs
[2024-04-12T20:34:31.141+0800] {logging_mixin.py:188} INFO - [2024-04-12T20:34:31.141+0800] {dag.py:3823} INFO - Setting next_dagrun for example_python_decorator to None, run_after=None
[2024-04-12T20:34:31.152+0800] {processor.py:183} INFO - Processing /Users/wanghaojin/Desktop/exchange@NUS/IS3107/HW/Project/news_data_pipeline/.venv/lib/python3.11/site-packages/airflow/example_dags/example_python_decorator.py took 0.161 seconds
[2024-04-12T20:35:38.583+0800] {processor.py:161} INFO - Started process (PID=10390) to work on /Users/wanghaojin/Desktop/exchange@NUS/IS3107/HW/Project/news_data_pipeline/.venv/lib/python3.11/site-packages/airflow/example_dags/example_python_decorator.py
[2024-04-12T20:35:38.584+0800] {processor.py:830} INFO - Processing file /Users/wanghaojin/Desktop/exchange@NUS/IS3107/HW/Project/news_data_pipeline/.venv/lib/python3.11/site-packages/airflow/example_dags/example_python_decorator.py for tasks to queue
[2024-04-12T20:35:38.584+0800] {logging_mixin.py:188} INFO - [2024-04-12T20:35:38.584+0800] {dagbag.py:538} INFO - Filling up the DagBag from /Users/wanghaojin/Desktop/exchange@NUS/IS3107/HW/Project/news_data_pipeline/.venv/lib/python3.11/site-packages/airflow/example_dags/example_python_decorator.py
[2024-04-12T20:35:38.606+0800] {processor.py:840} INFO - DAG(s) 'example_python_decorator' retrieved from /Users/wanghaojin/Desktop/exchange@NUS/IS3107/HW/Project/news_data_pipeline/.venv/lib/python3.11/site-packages/airflow/example_dags/example_python_decorator.py
[2024-04-12T20:35:38.727+0800] {logging_mixin.py:188} INFO - [2024-04-12T20:35:38.727+0800] {dag.py:3036} INFO - Sync 1 DAGs
[2024-04-12T20:35:38.731+0800] {logging_mixin.py:188} INFO - [2024-04-12T20:35:38.731+0800] {dag.py:3823} INFO - Setting next_dagrun for example_python_decorator to None, run_after=None
[2024-04-12T20:35:38.742+0800] {processor.py:183} INFO - Processing /Users/wanghaojin/Desktop/exchange@NUS/IS3107/HW/Project/news_data_pipeline/.venv/lib/python3.11/site-packages/airflow/example_dags/example_python_decorator.py took 0.159 seconds
[2024-04-12T20:36:59.676+0800] {processor.py:161} INFO - Started process (PID=10551) to work on /Users/wanghaojin/Desktop/exchange@NUS/IS3107/HW/Project/news_data_pipeline/.venv/lib/python3.11/site-packages/airflow/example_dags/example_python_decorator.py
[2024-04-12T20:36:59.677+0800] {processor.py:830} INFO - Processing file /Users/wanghaojin/Desktop/exchange@NUS/IS3107/HW/Project/news_data_pipeline/.venv/lib/python3.11/site-packages/airflow/example_dags/example_python_decorator.py for tasks to queue
[2024-04-12T20:36:59.677+0800] {logging_mixin.py:188} INFO - [2024-04-12T20:36:59.677+0800] {dagbag.py:538} INFO - Filling up the DagBag from /Users/wanghaojin/Desktop/exchange@NUS/IS3107/HW/Project/news_data_pipeline/.venv/lib/python3.11/site-packages/airflow/example_dags/example_python_decorator.py
[2024-04-12T20:36:59.698+0800] {processor.py:840} INFO - DAG(s) 'example_python_decorator' retrieved from /Users/wanghaojin/Desktop/exchange@NUS/IS3107/HW/Project/news_data_pipeline/.venv/lib/python3.11/site-packages/airflow/example_dags/example_python_decorator.py
[2024-04-12T20:36:59.818+0800] {logging_mixin.py:188} INFO - [2024-04-12T20:36:59.818+0800] {dag.py:3036} INFO - Sync 1 DAGs
[2024-04-12T20:36:59.822+0800] {logging_mixin.py:188} INFO - [2024-04-12T20:36:59.822+0800] {dag.py:3823} INFO - Setting next_dagrun for example_python_decorator to None, run_after=None
[2024-04-12T20:36:59.833+0800] {processor.py:183} INFO - Processing /Users/wanghaojin/Desktop/exchange@NUS/IS3107/HW/Project/news_data_pipeline/.venv/lib/python3.11/site-packages/airflow/example_dags/example_python_decorator.py took 0.157 seconds
[2024-04-12T20:38:38.776+0800] {processor.py:161} INFO - Started process (PID=10686) to work on /Users/wanghaojin/Desktop/exchange@NUS/IS3107/HW/Project/news_data_pipeline/.venv/lib/python3.11/site-packages/airflow/example_dags/example_python_decorator.py
[2024-04-12T20:38:38.776+0800] {processor.py:830} INFO - Processing file /Users/wanghaojin/Desktop/exchange@NUS/IS3107/HW/Project/news_data_pipeline/.venv/lib/python3.11/site-packages/airflow/example_dags/example_python_decorator.py for tasks to queue
[2024-04-12T20:38:38.777+0800] {logging_mixin.py:188} INFO - [2024-04-12T20:38:38.777+0800] {dagbag.py:538} INFO - Filling up the DagBag from /Users/wanghaojin/Desktop/exchange@NUS/IS3107/HW/Project/news_data_pipeline/.venv/lib/python3.11/site-packages/airflow/example_dags/example_python_decorator.py
[2024-04-12T20:38:38.798+0800] {processor.py:840} INFO - DAG(s) 'example_python_decorator' retrieved from /Users/wanghaojin/Desktop/exchange@NUS/IS3107/HW/Project/news_data_pipeline/.venv/lib/python3.11/site-packages/airflow/example_dags/example_python_decorator.py
[2024-04-12T20:38:38.919+0800] {logging_mixin.py:188} INFO - [2024-04-12T20:38:38.918+0800] {dag.py:3036} INFO - Sync 1 DAGs
[2024-04-12T20:38:38.923+0800] {logging_mixin.py:188} INFO - [2024-04-12T20:38:38.923+0800] {dag.py:3823} INFO - Setting next_dagrun for example_python_decorator to None, run_after=None
[2024-04-12T20:38:38.934+0800] {processor.py:183} INFO - Processing /Users/wanghaojin/Desktop/exchange@NUS/IS3107/HW/Project/news_data_pipeline/.venv/lib/python3.11/site-packages/airflow/example_dags/example_python_decorator.py took 0.158 seconds
[2024-04-12T20:40:54.259+0800] {processor.py:161} INFO - Started process (PID=10890) to work on /Users/wanghaojin/Desktop/exchange@NUS/IS3107/HW/Project/news_data_pipeline/.venv/lib/python3.11/site-packages/airflow/example_dags/example_python_decorator.py
[2024-04-12T20:40:54.259+0800] {processor.py:830} INFO - Processing file /Users/wanghaojin/Desktop/exchange@NUS/IS3107/HW/Project/news_data_pipeline/.venv/lib/python3.11/site-packages/airflow/example_dags/example_python_decorator.py for tasks to queue
[2024-04-12T20:40:54.260+0800] {logging_mixin.py:188} INFO - [2024-04-12T20:40:54.259+0800] {dagbag.py:538} INFO - Filling up the DagBag from /Users/wanghaojin/Desktop/exchange@NUS/IS3107/HW/Project/news_data_pipeline/.venv/lib/python3.11/site-packages/airflow/example_dags/example_python_decorator.py
[2024-04-12T20:40:54.281+0800] {processor.py:840} INFO - DAG(s) 'example_python_decorator' retrieved from /Users/wanghaojin/Desktop/exchange@NUS/IS3107/HW/Project/news_data_pipeline/.venv/lib/python3.11/site-packages/airflow/example_dags/example_python_decorator.py
[2024-04-12T20:40:54.401+0800] {logging_mixin.py:188} INFO - [2024-04-12T20:40:54.401+0800] {dag.py:3036} INFO - Sync 1 DAGs
[2024-04-12T20:40:54.405+0800] {logging_mixin.py:188} INFO - [2024-04-12T20:40:54.405+0800] {dag.py:3823} INFO - Setting next_dagrun for example_python_decorator to None, run_after=None
[2024-04-12T20:40:54.416+0800] {processor.py:183} INFO - Processing /Users/wanghaojin/Desktop/exchange@NUS/IS3107/HW/Project/news_data_pipeline/.venv/lib/python3.11/site-packages/airflow/example_dags/example_python_decorator.py took 0.158 seconds
[2024-04-12T20:43:15.406+0800] {processor.py:161} INFO - Started process (PID=11117) to work on /Users/wanghaojin/Desktop/exchange@NUS/IS3107/HW/Project/news_data_pipeline/.venv/lib/python3.11/site-packages/airflow/example_dags/example_python_decorator.py
[2024-04-12T20:43:15.407+0800] {processor.py:830} INFO - Processing file /Users/wanghaojin/Desktop/exchange@NUS/IS3107/HW/Project/news_data_pipeline/.venv/lib/python3.11/site-packages/airflow/example_dags/example_python_decorator.py for tasks to queue
[2024-04-12T20:43:15.407+0800] {logging_mixin.py:188} INFO - [2024-04-12T20:43:15.407+0800] {dagbag.py:538} INFO - Filling up the DagBag from /Users/wanghaojin/Desktop/exchange@NUS/IS3107/HW/Project/news_data_pipeline/.venv/lib/python3.11/site-packages/airflow/example_dags/example_python_decorator.py
[2024-04-12T20:43:15.429+0800] {processor.py:840} INFO - DAG(s) 'example_python_decorator' retrieved from /Users/wanghaojin/Desktop/exchange@NUS/IS3107/HW/Project/news_data_pipeline/.venv/lib/python3.11/site-packages/airflow/example_dags/example_python_decorator.py
[2024-04-12T20:43:15.552+0800] {logging_mixin.py:188} INFO - [2024-04-12T20:43:15.552+0800] {dag.py:3036} INFO - Sync 1 DAGs
[2024-04-12T20:43:15.557+0800] {logging_mixin.py:188} INFO - [2024-04-12T20:43:15.557+0800] {dag.py:3823} INFO - Setting next_dagrun for example_python_decorator to None, run_after=None
[2024-04-12T20:43:15.567+0800] {processor.py:183} INFO - Processing /Users/wanghaojin/Desktop/exchange@NUS/IS3107/HW/Project/news_data_pipeline/.venv/lib/python3.11/site-packages/airflow/example_dags/example_python_decorator.py took 0.162 seconds
[2024-04-12T20:48:51.747+0800] {processor.py:161} INFO - Started process (PID=11794) to work on /Users/wanghaojin/Desktop/exchange@NUS/IS3107/HW/Project/news_data_pipeline/.venv/lib/python3.11/site-packages/airflow/example_dags/example_python_decorator.py
[2024-04-12T20:48:51.748+0800] {processor.py:830} INFO - Processing file /Users/wanghaojin/Desktop/exchange@NUS/IS3107/HW/Project/news_data_pipeline/.venv/lib/python3.11/site-packages/airflow/example_dags/example_python_decorator.py for tasks to queue
[2024-04-12T20:48:51.749+0800] {logging_mixin.py:188} INFO - [2024-04-12T20:48:51.748+0800] {dagbag.py:538} INFO - Filling up the DagBag from /Users/wanghaojin/Desktop/exchange@NUS/IS3107/HW/Project/news_data_pipeline/.venv/lib/python3.11/site-packages/airflow/example_dags/example_python_decorator.py
[2024-04-12T20:48:51.772+0800] {processor.py:840} INFO - DAG(s) 'example_python_decorator' retrieved from /Users/wanghaojin/Desktop/exchange@NUS/IS3107/HW/Project/news_data_pipeline/.venv/lib/python3.11/site-packages/airflow/example_dags/example_python_decorator.py
[2024-04-12T20:48:51.906+0800] {logging_mixin.py:188} INFO - [2024-04-12T20:48:51.906+0800] {dag.py:3036} INFO - Sync 1 DAGs
[2024-04-12T20:48:51.910+0800] {logging_mixin.py:188} INFO - [2024-04-12T20:48:51.910+0800] {dag.py:3823} INFO - Setting next_dagrun for example_python_decorator to None, run_after=None
[2024-04-12T20:48:51.921+0800] {processor.py:183} INFO - Processing /Users/wanghaojin/Desktop/exchange@NUS/IS3107/HW/Project/news_data_pipeline/.venv/lib/python3.11/site-packages/airflow/example_dags/example_python_decorator.py took 0.175 seconds
[2024-04-12T20:50:14.099+0800] {processor.py:161} INFO - Started process (PID=11932) to work on /Users/wanghaojin/Desktop/exchange@NUS/IS3107/HW/Project/news_data_pipeline/.venv/lib/python3.11/site-packages/airflow/example_dags/example_python_decorator.py
[2024-04-12T20:50:14.100+0800] {processor.py:830} INFO - Processing file /Users/wanghaojin/Desktop/exchange@NUS/IS3107/HW/Project/news_data_pipeline/.venv/lib/python3.11/site-packages/airflow/example_dags/example_python_decorator.py for tasks to queue
[2024-04-12T20:50:14.100+0800] {logging_mixin.py:188} INFO - [2024-04-12T20:50:14.100+0800] {dagbag.py:538} INFO - Filling up the DagBag from /Users/wanghaojin/Desktop/exchange@NUS/IS3107/HW/Project/news_data_pipeline/.venv/lib/python3.11/site-packages/airflow/example_dags/example_python_decorator.py
[2024-04-12T20:50:14.123+0800] {processor.py:840} INFO - DAG(s) 'example_python_decorator' retrieved from /Users/wanghaojin/Desktop/exchange@NUS/IS3107/HW/Project/news_data_pipeline/.venv/lib/python3.11/site-packages/airflow/example_dags/example_python_decorator.py
[2024-04-12T20:50:14.250+0800] {logging_mixin.py:188} INFO - [2024-04-12T20:50:14.249+0800] {dag.py:3036} INFO - Sync 1 DAGs
[2024-04-12T20:50:14.254+0800] {logging_mixin.py:188} INFO - [2024-04-12T20:50:14.254+0800] {dag.py:3823} INFO - Setting next_dagrun for example_python_decorator to None, run_after=None
[2024-04-12T20:50:14.264+0800] {processor.py:183} INFO - Processing /Users/wanghaojin/Desktop/exchange@NUS/IS3107/HW/Project/news_data_pipeline/.venv/lib/python3.11/site-packages/airflow/example_dags/example_python_decorator.py took 0.166 seconds
