[2024-04-12T14:15:59.057+0800] {processor.py:161} INFO - Started process (PID=2729) to work on /Users/wanghaojin/Desktop/exchange@NUS/IS3107/HW/Project/news_data_pipeline/.venv/lib/python3.11/site-packages/airflow/example_dags/example_external_task_marker_dag.py
[2024-04-12T14:15:59.057+0800] {processor.py:830} INFO - Processing file /Users/wanghaojin/Desktop/exchange@NUS/IS3107/HW/Project/news_data_pipeline/.venv/lib/python3.11/site-packages/airflow/example_dags/example_external_task_marker_dag.py for tasks to queue
[2024-04-12T14:15:59.058+0800] {logging_mixin.py:188} INFO - [2024-04-12T14:15:59.058+0800] {dagbag.py:538} INFO - Filling up the DagBag from /Users/wanghaojin/Desktop/exchange@NUS/IS3107/HW/Project/news_data_pipeline/.venv/lib/python3.11/site-packages/airflow/example_dags/example_external_task_marker_dag.py
[2024-04-12T14:15:59.064+0800] {processor.py:840} INFO - DAG(s) 'example_external_task_marker_child', 'example_external_task_marker_parent' retrieved from /Users/wanghaojin/Desktop/exchange@NUS/IS3107/HW/Project/news_data_pipeline/.venv/lib/python3.11/site-packages/airflow/example_dags/example_external_task_marker_dag.py
[2024-04-12T14:15:59.186+0800] {logging_mixin.py:188} INFO - [2024-04-12T14:15:59.186+0800] {override.py:1769} INFO - Created Permission View: can read on DAG:example_external_task_marker_child
[2024-04-12T14:15:59.191+0800] {logging_mixin.py:188} INFO - [2024-04-12T14:15:59.191+0800] {override.py:1769} INFO - Created Permission View: can edit on DAG:example_external_task_marker_child
[2024-04-12T14:15:59.194+0800] {logging_mixin.py:188} INFO - [2024-04-12T14:15:59.194+0800] {override.py:1769} INFO - Created Permission View: can delete on DAG:example_external_task_marker_child
[2024-04-12T14:15:59.200+0800] {logging_mixin.py:188} INFO - [2024-04-12T14:15:59.200+0800] {override.py:1769} INFO - Created Permission View: can read on DAG:example_external_task_marker_parent
[2024-04-12T14:15:59.203+0800] {logging_mixin.py:188} INFO - [2024-04-12T14:15:59.203+0800] {override.py:1769} INFO - Created Permission View: can edit on DAG:example_external_task_marker_parent
[2024-04-12T14:15:59.206+0800] {logging_mixin.py:188} INFO - [2024-04-12T14:15:59.206+0800] {override.py:1769} INFO - Created Permission View: can delete on DAG:example_external_task_marker_parent
[2024-04-12T14:15:59.206+0800] {logging_mixin.py:188} INFO - [2024-04-12T14:15:59.206+0800] {dag.py:3036} INFO - Sync 2 DAGs
[2024-04-12T14:15:59.211+0800] {logging_mixin.py:188} INFO - [2024-04-12T14:15:59.211+0800] {dag.py:3058} INFO - Creating ORM DAG for example_external_task_marker_parent
[2024-04-12T14:15:59.211+0800] {logging_mixin.py:188} INFO - [2024-04-12T14:15:59.211+0800] {dag.py:3058} INFO - Creating ORM DAG for example_external_task_marker_child
[2024-04-12T14:15:59.211+0800] {logging_mixin.py:188} INFO - [2024-04-12T14:15:59.211+0800] {dag.py:3823} INFO - Setting next_dagrun for example_external_task_marker_child to None, run_after=None
[2024-04-12T14:15:59.211+0800] {logging_mixin.py:188} INFO - [2024-04-12T14:15:59.211+0800] {dag.py:3823} INFO - Setting next_dagrun for example_external_task_marker_parent to None, run_after=None
[2024-04-12T14:15:59.220+0800] {processor.py:183} INFO - Processing /Users/wanghaojin/Desktop/exchange@NUS/IS3107/HW/Project/news_data_pipeline/.venv/lib/python3.11/site-packages/airflow/example_dags/example_external_task_marker_dag.py took 0.164 seconds
[2024-04-12T14:18:12.580+0800] {processor.py:161} INFO - Started process (PID=2991) to work on /Users/wanghaojin/Desktop/exchange@NUS/IS3107/HW/Project/news_data_pipeline/.venv/lib/python3.11/site-packages/airflow/example_dags/example_external_task_marker_dag.py
[2024-04-12T14:18:12.582+0800] {processor.py:830} INFO - Processing file /Users/wanghaojin/Desktop/exchange@NUS/IS3107/HW/Project/news_data_pipeline/.venv/lib/python3.11/site-packages/airflow/example_dags/example_external_task_marker_dag.py for tasks to queue
[2024-04-12T14:18:12.582+0800] {logging_mixin.py:188} INFO - [2024-04-12T14:18:12.582+0800] {dagbag.py:538} INFO - Filling up the DagBag from /Users/wanghaojin/Desktop/exchange@NUS/IS3107/HW/Project/news_data_pipeline/.venv/lib/python3.11/site-packages/airflow/example_dags/example_external_task_marker_dag.py
[2024-04-12T14:18:12.589+0800] {processor.py:840} INFO - DAG(s) 'example_external_task_marker_parent', 'example_external_task_marker_child' retrieved from /Users/wanghaojin/Desktop/exchange@NUS/IS3107/HW/Project/news_data_pipeline/.venv/lib/python3.11/site-packages/airflow/example_dags/example_external_task_marker_dag.py
[2024-04-12T14:18:12.674+0800] {logging_mixin.py:188} INFO - [2024-04-12T14:18:12.674+0800] {dag.py:3036} INFO - Sync 2 DAGs
[2024-04-12T14:18:12.679+0800] {logging_mixin.py:188} INFO - [2024-04-12T14:18:12.679+0800] {dag.py:3823} INFO - Setting next_dagrun for example_external_task_marker_child to None, run_after=None
[2024-04-12T14:18:12.680+0800] {logging_mixin.py:188} INFO - [2024-04-12T14:18:12.680+0800] {dag.py:3823} INFO - Setting next_dagrun for example_external_task_marker_parent to None, run_after=None
[2024-04-12T14:18:12.690+0800] {processor.py:183} INFO - Processing /Users/wanghaojin/Desktop/exchange@NUS/IS3107/HW/Project/news_data_pipeline/.venv/lib/python3.11/site-packages/airflow/example_dags/example_external_task_marker_dag.py took 0.110 seconds
