[2024-04-12T19:29:07.816+0800] {processor.py:161} INFO - Started process (PID=3566) to work on /Users/wanghaojin/Desktop/exchange@NUS/IS3107/HW/Project/news_data_pipeline/.venv/lib/python3.11/site-packages/airflow/example_dags/example_sensors.py
[2024-04-12T19:29:07.816+0800] {processor.py:830} INFO - Processing file /Users/wanghaojin/Desktop/exchange@NUS/IS3107/HW/Project/news_data_pipeline/.venv/lib/python3.11/site-packages/airflow/example_dags/example_sensors.py for tasks to queue
[2024-04-12T19:29:07.817+0800] {logging_mixin.py:188} INFO - [2024-04-12T19:29:07.817+0800] {dagbag.py:538} INFO - Filling up the DagBag from /Users/wanghaojin/Desktop/exchange@NUS/IS3107/HW/Project/news_data_pipeline/.venv/lib/python3.11/site-packages/airflow/example_dags/example_sensors.py
[2024-04-12T19:29:07.825+0800] {processor.py:840} INFO - DAG(s) 'example_sensors' retrieved from /Users/wanghaojin/Desktop/exchange@NUS/IS3107/HW/Project/news_data_pipeline/.venv/lib/python3.11/site-packages/airflow/example_dags/example_sensors.py
[2024-04-12T19:29:07.921+0800] {logging_mixin.py:188} INFO - [2024-04-12T19:29:07.920+0800] {dag.py:3036} INFO - Sync 1 DAGs
[2024-04-12T19:29:07.926+0800] {logging_mixin.py:188} INFO - [2024-04-12T19:29:07.926+0800] {dag.py:3823} INFO - Setting next_dagrun for example_sensors to None, run_after=None
[2024-04-12T19:29:07.936+0800] {processor.py:183} INFO - Processing /Users/wanghaojin/Desktop/exchange@NUS/IS3107/HW/Project/news_data_pipeline/.venv/lib/python3.11/site-packages/airflow/example_dags/example_sensors.py took 0.121 seconds
[2024-04-12T19:30:26.191+0800] {processor.py:161} INFO - Started process (PID=4157) to work on /Users/wanghaojin/Desktop/exchange@NUS/IS3107/HW/Project/news_data_pipeline/.venv/lib/python3.11/site-packages/airflow/example_dags/example_sensors.py
[2024-04-12T19:30:26.192+0800] {processor.py:830} INFO - Processing file /Users/wanghaojin/Desktop/exchange@NUS/IS3107/HW/Project/news_data_pipeline/.venv/lib/python3.11/site-packages/airflow/example_dags/example_sensors.py for tasks to queue
[2024-04-12T19:30:26.193+0800] {logging_mixin.py:188} INFO - [2024-04-12T19:30:26.192+0800] {dagbag.py:538} INFO - Filling up the DagBag from /Users/wanghaojin/Desktop/exchange@NUS/IS3107/HW/Project/news_data_pipeline/.venv/lib/python3.11/site-packages/airflow/example_dags/example_sensors.py
[2024-04-12T19:30:26.200+0800] {processor.py:840} INFO - DAG(s) 'example_sensors' retrieved from /Users/wanghaojin/Desktop/exchange@NUS/IS3107/HW/Project/news_data_pipeline/.venv/lib/python3.11/site-packages/airflow/example_dags/example_sensors.py
[2024-04-12T19:30:26.334+0800] {logging_mixin.py:188} INFO - [2024-04-12T19:30:26.334+0800] {dag.py:3036} INFO - Sync 1 DAGs
[2024-04-12T19:30:26.338+0800] {logging_mixin.py:188} INFO - [2024-04-12T19:30:26.338+0800] {dag.py:3823} INFO - Setting next_dagrun for example_sensors to None, run_after=None
[2024-04-12T19:30:26.349+0800] {processor.py:183} INFO - Processing /Users/wanghaojin/Desktop/exchange@NUS/IS3107/HW/Project/news_data_pipeline/.venv/lib/python3.11/site-packages/airflow/example_dags/example_sensors.py took 0.159 seconds
[2024-04-12T19:32:13.847+0800] {processor.py:161} INFO - Started process (PID=4334) to work on /Users/wanghaojin/Desktop/exchange@NUS/IS3107/HW/Project/news_data_pipeline/.venv/lib/python3.11/site-packages/airflow/example_dags/example_sensors.py
[2024-04-12T19:32:13.848+0800] {processor.py:830} INFO - Processing file /Users/wanghaojin/Desktop/exchange@NUS/IS3107/HW/Project/news_data_pipeline/.venv/lib/python3.11/site-packages/airflow/example_dags/example_sensors.py for tasks to queue
[2024-04-12T19:32:13.849+0800] {logging_mixin.py:188} INFO - [2024-04-12T19:32:13.848+0800] {dagbag.py:538} INFO - Filling up the DagBag from /Users/wanghaojin/Desktop/exchange@NUS/IS3107/HW/Project/news_data_pipeline/.venv/lib/python3.11/site-packages/airflow/example_dags/example_sensors.py
[2024-04-12T19:32:13.856+0800] {processor.py:840} INFO - DAG(s) 'example_sensors' retrieved from /Users/wanghaojin/Desktop/exchange@NUS/IS3107/HW/Project/news_data_pipeline/.venv/lib/python3.11/site-packages/airflow/example_dags/example_sensors.py
[2024-04-12T19:32:13.984+0800] {logging_mixin.py:188} INFO - [2024-04-12T19:32:13.984+0800] {dag.py:3036} INFO - Sync 1 DAGs
[2024-04-12T19:32:13.989+0800] {logging_mixin.py:188} INFO - [2024-04-12T19:32:13.989+0800] {dag.py:3823} INFO - Setting next_dagrun for example_sensors to None, run_after=None
[2024-04-12T19:32:13.999+0800] {processor.py:183} INFO - Processing /Users/wanghaojin/Desktop/exchange@NUS/IS3107/HW/Project/news_data_pipeline/.venv/lib/python3.11/site-packages/airflow/example_dags/example_sensors.py took 0.153 seconds
[2024-04-12T19:33:52.205+0800] {processor.py:161} INFO - Started process (PID=4511) to work on /Users/wanghaojin/Desktop/exchange@NUS/IS3107/HW/Project/news_data_pipeline/.venv/lib/python3.11/site-packages/airflow/example_dags/example_sensors.py
[2024-04-12T19:33:52.206+0800] {processor.py:830} INFO - Processing file /Users/wanghaojin/Desktop/exchange@NUS/IS3107/HW/Project/news_data_pipeline/.venv/lib/python3.11/site-packages/airflow/example_dags/example_sensors.py for tasks to queue
[2024-04-12T19:33:52.206+0800] {logging_mixin.py:188} INFO - [2024-04-12T19:33:52.206+0800] {dagbag.py:538} INFO - Filling up the DagBag from /Users/wanghaojin/Desktop/exchange@NUS/IS3107/HW/Project/news_data_pipeline/.venv/lib/python3.11/site-packages/airflow/example_dags/example_sensors.py
[2024-04-12T19:33:52.214+0800] {processor.py:840} INFO - DAG(s) 'example_sensors' retrieved from /Users/wanghaojin/Desktop/exchange@NUS/IS3107/HW/Project/news_data_pipeline/.venv/lib/python3.11/site-packages/airflow/example_dags/example_sensors.py
[2024-04-12T19:33:52.298+0800] {logging_mixin.py:188} INFO - [2024-04-12T19:33:52.298+0800] {dag.py:3036} INFO - Sync 1 DAGs
[2024-04-12T19:33:52.303+0800] {logging_mixin.py:188} INFO - [2024-04-12T19:33:52.303+0800] {dag.py:3823} INFO - Setting next_dagrun for example_sensors to None, run_after=None
[2024-04-12T19:33:52.313+0800] {processor.py:183} INFO - Processing /Users/wanghaojin/Desktop/exchange@NUS/IS3107/HW/Project/news_data_pipeline/.venv/lib/python3.11/site-packages/airflow/example_dags/example_sensors.py took 0.108 seconds
[2024-04-12T19:36:09.314+0800] {processor.py:161} INFO - Started process (PID=4721) to work on /Users/wanghaojin/Desktop/exchange@NUS/IS3107/HW/Project/news_data_pipeline/.venv/lib/python3.11/site-packages/airflow/example_dags/example_sensors.py
[2024-04-12T19:36:09.315+0800] {processor.py:830} INFO - Processing file /Users/wanghaojin/Desktop/exchange@NUS/IS3107/HW/Project/news_data_pipeline/.venv/lib/python3.11/site-packages/airflow/example_dags/example_sensors.py for tasks to queue
[2024-04-12T19:36:09.315+0800] {logging_mixin.py:188} INFO - [2024-04-12T19:36:09.315+0800] {dagbag.py:538} INFO - Filling up the DagBag from /Users/wanghaojin/Desktop/exchange@NUS/IS3107/HW/Project/news_data_pipeline/.venv/lib/python3.11/site-packages/airflow/example_dags/example_sensors.py
[2024-04-12T19:36:09.322+0800] {processor.py:840} INFO - DAG(s) 'example_sensors' retrieved from /Users/wanghaojin/Desktop/exchange@NUS/IS3107/HW/Project/news_data_pipeline/.venv/lib/python3.11/site-packages/airflow/example_dags/example_sensors.py
[2024-04-12T19:36:09.408+0800] {logging_mixin.py:188} INFO - [2024-04-12T19:36:09.407+0800] {dag.py:3036} INFO - Sync 1 DAGs
[2024-04-12T19:36:09.412+0800] {logging_mixin.py:188} INFO - [2024-04-12T19:36:09.412+0800] {dag.py:3823} INFO - Setting next_dagrun for example_sensors to None, run_after=None
[2024-04-12T19:36:09.423+0800] {processor.py:183} INFO - Processing /Users/wanghaojin/Desktop/exchange@NUS/IS3107/HW/Project/news_data_pipeline/.venv/lib/python3.11/site-packages/airflow/example_dags/example_sensors.py took 0.109 seconds
[2024-04-12T19:38:25.430+0800] {processor.py:161} INFO - Started process (PID=4929) to work on /Users/wanghaojin/Desktop/exchange@NUS/IS3107/HW/Project/news_data_pipeline/.venv/lib/python3.11/site-packages/airflow/example_dags/example_sensors.py
[2024-04-12T19:38:25.431+0800] {processor.py:830} INFO - Processing file /Users/wanghaojin/Desktop/exchange@NUS/IS3107/HW/Project/news_data_pipeline/.venv/lib/python3.11/site-packages/airflow/example_dags/example_sensors.py for tasks to queue
[2024-04-12T19:38:25.431+0800] {logging_mixin.py:188} INFO - [2024-04-12T19:38:25.431+0800] {dagbag.py:538} INFO - Filling up the DagBag from /Users/wanghaojin/Desktop/exchange@NUS/IS3107/HW/Project/news_data_pipeline/.venv/lib/python3.11/site-packages/airflow/example_dags/example_sensors.py
[2024-04-12T19:38:25.438+0800] {processor.py:840} INFO - DAG(s) 'example_sensors' retrieved from /Users/wanghaojin/Desktop/exchange@NUS/IS3107/HW/Project/news_data_pipeline/.venv/lib/python3.11/site-packages/airflow/example_dags/example_sensors.py
[2024-04-12T19:38:25.524+0800] {logging_mixin.py:188} INFO - [2024-04-12T19:38:25.524+0800] {dag.py:3036} INFO - Sync 1 DAGs
[2024-04-12T19:38:25.528+0800] {logging_mixin.py:188} INFO - [2024-04-12T19:38:25.528+0800] {dag.py:3823} INFO - Setting next_dagrun for example_sensors to None, run_after=None
[2024-04-12T19:38:25.545+0800] {processor.py:183} INFO - Processing /Users/wanghaojin/Desktop/exchange@NUS/IS3107/HW/Project/news_data_pipeline/.venv/lib/python3.11/site-packages/airflow/example_dags/example_sensors.py took 0.116 seconds
[2024-04-12T19:40:37.829+0800] {processor.py:161} INFO - Started process (PID=5139) to work on /Users/wanghaojin/Desktop/exchange@NUS/IS3107/HW/Project/news_data_pipeline/.venv/lib/python3.11/site-packages/airflow/example_dags/example_sensors.py
[2024-04-12T19:40:37.830+0800] {processor.py:830} INFO - Processing file /Users/wanghaojin/Desktop/exchange@NUS/IS3107/HW/Project/news_data_pipeline/.venv/lib/python3.11/site-packages/airflow/example_dags/example_sensors.py for tasks to queue
[2024-04-12T19:40:37.830+0800] {logging_mixin.py:188} INFO - [2024-04-12T19:40:37.830+0800] {dagbag.py:538} INFO - Filling up the DagBag from /Users/wanghaojin/Desktop/exchange@NUS/IS3107/HW/Project/news_data_pipeline/.venv/lib/python3.11/site-packages/airflow/example_dags/example_sensors.py
[2024-04-12T19:40:37.837+0800] {processor.py:840} INFO - DAG(s) 'example_sensors' retrieved from /Users/wanghaojin/Desktop/exchange@NUS/IS3107/HW/Project/news_data_pipeline/.venv/lib/python3.11/site-packages/airflow/example_dags/example_sensors.py
[2024-04-12T19:40:37.921+0800] {logging_mixin.py:188} INFO - [2024-04-12T19:40:37.921+0800] {dag.py:3036} INFO - Sync 1 DAGs
[2024-04-12T19:40:37.926+0800] {logging_mixin.py:188} INFO - [2024-04-12T19:40:37.926+0800] {dag.py:3823} INFO - Setting next_dagrun for example_sensors to None, run_after=None
[2024-04-12T19:40:37.936+0800] {processor.py:183} INFO - Processing /Users/wanghaojin/Desktop/exchange@NUS/IS3107/HW/Project/news_data_pipeline/.venv/lib/python3.11/site-packages/airflow/example_dags/example_sensors.py took 0.108 seconds
[2024-04-12T19:42:54.251+0800] {processor.py:161} INFO - Started process (PID=5354) to work on /Users/wanghaojin/Desktop/exchange@NUS/IS3107/HW/Project/news_data_pipeline/.venv/lib/python3.11/site-packages/airflow/example_dags/example_sensors.py
[2024-04-12T19:42:54.252+0800] {processor.py:830} INFO - Processing file /Users/wanghaojin/Desktop/exchange@NUS/IS3107/HW/Project/news_data_pipeline/.venv/lib/python3.11/site-packages/airflow/example_dags/example_sensors.py for tasks to queue
[2024-04-12T19:42:54.252+0800] {logging_mixin.py:188} INFO - [2024-04-12T19:42:54.252+0800] {dagbag.py:538} INFO - Filling up the DagBag from /Users/wanghaojin/Desktop/exchange@NUS/IS3107/HW/Project/news_data_pipeline/.venv/lib/python3.11/site-packages/airflow/example_dags/example_sensors.py
[2024-04-12T19:42:54.259+0800] {processor.py:840} INFO - DAG(s) 'example_sensors' retrieved from /Users/wanghaojin/Desktop/exchange@NUS/IS3107/HW/Project/news_data_pipeline/.venv/lib/python3.11/site-packages/airflow/example_dags/example_sensors.py
[2024-04-12T19:42:54.344+0800] {logging_mixin.py:188} INFO - [2024-04-12T19:42:54.344+0800] {dag.py:3036} INFO - Sync 1 DAGs
[2024-04-12T19:42:54.348+0800] {logging_mixin.py:188} INFO - [2024-04-12T19:42:54.348+0800] {dag.py:3823} INFO - Setting next_dagrun for example_sensors to None, run_after=None
[2024-04-12T19:42:54.359+0800] {processor.py:183} INFO - Processing /Users/wanghaojin/Desktop/exchange@NUS/IS3107/HW/Project/news_data_pipeline/.venv/lib/python3.11/site-packages/airflow/example_dags/example_sensors.py took 0.108 seconds
[2024-04-12T19:45:11.054+0800] {processor.py:161} INFO - Started process (PID=5573) to work on /Users/wanghaojin/Desktop/exchange@NUS/IS3107/HW/Project/news_data_pipeline/.venv/lib/python3.11/site-packages/airflow/example_dags/example_sensors.py
[2024-04-12T19:45:11.056+0800] {processor.py:830} INFO - Processing file /Users/wanghaojin/Desktop/exchange@NUS/IS3107/HW/Project/news_data_pipeline/.venv/lib/python3.11/site-packages/airflow/example_dags/example_sensors.py for tasks to queue
[2024-04-12T19:45:11.056+0800] {logging_mixin.py:188} INFO - [2024-04-12T19:45:11.056+0800] {dagbag.py:538} INFO - Filling up the DagBag from /Users/wanghaojin/Desktop/exchange@NUS/IS3107/HW/Project/news_data_pipeline/.venv/lib/python3.11/site-packages/airflow/example_dags/example_sensors.py
[2024-04-12T19:45:11.064+0800] {processor.py:840} INFO - DAG(s) 'example_sensors' retrieved from /Users/wanghaojin/Desktop/exchange@NUS/IS3107/HW/Project/news_data_pipeline/.venv/lib/python3.11/site-packages/airflow/example_dags/example_sensors.py
[2024-04-12T19:45:11.149+0800] {logging_mixin.py:188} INFO - [2024-04-12T19:45:11.149+0800] {dag.py:3036} INFO - Sync 1 DAGs
[2024-04-12T19:45:11.153+0800] {logging_mixin.py:188} INFO - [2024-04-12T19:45:11.153+0800] {dag.py:3823} INFO - Setting next_dagrun for example_sensors to None, run_after=None
[2024-04-12T19:45:11.164+0800] {processor.py:183} INFO - Processing /Users/wanghaojin/Desktop/exchange@NUS/IS3107/HW/Project/news_data_pipeline/.venv/lib/python3.11/site-packages/airflow/example_dags/example_sensors.py took 0.110 seconds
[2024-04-12T19:47:26.535+0800] {processor.py:161} INFO - Started process (PID=5746) to work on /Users/wanghaojin/Desktop/exchange@NUS/IS3107/HW/Project/news_data_pipeline/.venv/lib/python3.11/site-packages/airflow/example_dags/example_sensors.py
[2024-04-12T19:47:26.537+0800] {processor.py:830} INFO - Processing file /Users/wanghaojin/Desktop/exchange@NUS/IS3107/HW/Project/news_data_pipeline/.venv/lib/python3.11/site-packages/airflow/example_dags/example_sensors.py for tasks to queue
[2024-04-12T19:47:26.537+0800] {logging_mixin.py:188} INFO - [2024-04-12T19:47:26.537+0800] {dagbag.py:538} INFO - Filling up the DagBag from /Users/wanghaojin/Desktop/exchange@NUS/IS3107/HW/Project/news_data_pipeline/.venv/lib/python3.11/site-packages/airflow/example_dags/example_sensors.py
[2024-04-12T19:47:26.545+0800] {processor.py:840} INFO - DAG(s) 'example_sensors' retrieved from /Users/wanghaojin/Desktop/exchange@NUS/IS3107/HW/Project/news_data_pipeline/.venv/lib/python3.11/site-packages/airflow/example_dags/example_sensors.py
[2024-04-12T19:47:26.630+0800] {logging_mixin.py:188} INFO - [2024-04-12T19:47:26.630+0800] {dag.py:3036} INFO - Sync 1 DAGs
[2024-04-12T19:47:26.634+0800] {logging_mixin.py:188} INFO - [2024-04-12T19:47:26.634+0800] {dag.py:3823} INFO - Setting next_dagrun for example_sensors to None, run_after=None
[2024-04-12T19:47:26.645+0800] {processor.py:183} INFO - Processing /Users/wanghaojin/Desktop/exchange@NUS/IS3107/HW/Project/news_data_pipeline/.venv/lib/python3.11/site-packages/airflow/example_dags/example_sensors.py took 0.110 seconds
[2024-04-12T19:49:43.458+0800] {processor.py:161} INFO - Started process (PID=5963) to work on /Users/wanghaojin/Desktop/exchange@NUS/IS3107/HW/Project/news_data_pipeline/.venv/lib/python3.11/site-packages/airflow/example_dags/example_sensors.py
[2024-04-12T19:49:43.458+0800] {processor.py:830} INFO - Processing file /Users/wanghaojin/Desktop/exchange@NUS/IS3107/HW/Project/news_data_pipeline/.venv/lib/python3.11/site-packages/airflow/example_dags/example_sensors.py for tasks to queue
[2024-04-12T19:49:43.459+0800] {logging_mixin.py:188} INFO - [2024-04-12T19:49:43.459+0800] {dagbag.py:538} INFO - Filling up the DagBag from /Users/wanghaojin/Desktop/exchange@NUS/IS3107/HW/Project/news_data_pipeline/.venv/lib/python3.11/site-packages/airflow/example_dags/example_sensors.py
[2024-04-12T19:49:43.466+0800] {processor.py:840} INFO - DAG(s) 'example_sensors' retrieved from /Users/wanghaojin/Desktop/exchange@NUS/IS3107/HW/Project/news_data_pipeline/.venv/lib/python3.11/site-packages/airflow/example_dags/example_sensors.py
[2024-04-12T19:49:43.551+0800] {logging_mixin.py:188} INFO - [2024-04-12T19:49:43.551+0800] {dag.py:3036} INFO - Sync 1 DAGs
[2024-04-12T19:49:43.555+0800] {logging_mixin.py:188} INFO - [2024-04-12T19:49:43.555+0800] {dag.py:3823} INFO - Setting next_dagrun for example_sensors to None, run_after=None
[2024-04-12T19:49:43.566+0800] {processor.py:183} INFO - Processing /Users/wanghaojin/Desktop/exchange@NUS/IS3107/HW/Project/news_data_pipeline/.venv/lib/python3.11/site-packages/airflow/example_dags/example_sensors.py took 0.109 seconds
[2024-04-12T19:51:57.758+0800] {processor.py:161} INFO - Started process (PID=6159) to work on /Users/wanghaojin/Desktop/exchange@NUS/IS3107/HW/Project/news_data_pipeline/.venv/lib/python3.11/site-packages/airflow/example_dags/example_sensors.py
[2024-04-12T19:51:57.759+0800] {processor.py:830} INFO - Processing file /Users/wanghaojin/Desktop/exchange@NUS/IS3107/HW/Project/news_data_pipeline/.venv/lib/python3.11/site-packages/airflow/example_dags/example_sensors.py for tasks to queue
[2024-04-12T19:51:57.759+0800] {logging_mixin.py:188} INFO - [2024-04-12T19:51:57.759+0800] {dagbag.py:538} INFO - Filling up the DagBag from /Users/wanghaojin/Desktop/exchange@NUS/IS3107/HW/Project/news_data_pipeline/.venv/lib/python3.11/site-packages/airflow/example_dags/example_sensors.py
[2024-04-12T19:51:57.766+0800] {processor.py:840} INFO - DAG(s) 'example_sensors' retrieved from /Users/wanghaojin/Desktop/exchange@NUS/IS3107/HW/Project/news_data_pipeline/.venv/lib/python3.11/site-packages/airflow/example_dags/example_sensors.py
[2024-04-12T19:51:57.851+0800] {logging_mixin.py:188} INFO - [2024-04-12T19:51:57.851+0800] {dag.py:3036} INFO - Sync 1 DAGs
[2024-04-12T19:51:57.855+0800] {logging_mixin.py:188} INFO - [2024-04-12T19:51:57.855+0800] {dag.py:3823} INFO - Setting next_dagrun for example_sensors to None, run_after=None
[2024-04-12T19:51:57.866+0800] {processor.py:183} INFO - Processing /Users/wanghaojin/Desktop/exchange@NUS/IS3107/HW/Project/news_data_pipeline/.venv/lib/python3.11/site-packages/airflow/example_dags/example_sensors.py took 0.108 seconds
[2024-04-12T19:54:12.860+0800] {processor.py:161} INFO - Started process (PID=6295) to work on /Users/wanghaojin/Desktop/exchange@NUS/IS3107/HW/Project/news_data_pipeline/.venv/lib/python3.11/site-packages/airflow/example_dags/example_sensors.py
[2024-04-12T19:54:12.860+0800] {processor.py:830} INFO - Processing file /Users/wanghaojin/Desktop/exchange@NUS/IS3107/HW/Project/news_data_pipeline/.venv/lib/python3.11/site-packages/airflow/example_dags/example_sensors.py for tasks to queue
[2024-04-12T19:54:12.861+0800] {logging_mixin.py:188} INFO - [2024-04-12T19:54:12.861+0800] {dagbag.py:538} INFO - Filling up the DagBag from /Users/wanghaojin/Desktop/exchange@NUS/IS3107/HW/Project/news_data_pipeline/.venv/lib/python3.11/site-packages/airflow/example_dags/example_sensors.py
[2024-04-12T19:54:12.868+0800] {processor.py:840} INFO - DAG(s) 'example_sensors' retrieved from /Users/wanghaojin/Desktop/exchange@NUS/IS3107/HW/Project/news_data_pipeline/.venv/lib/python3.11/site-packages/airflow/example_dags/example_sensors.py
[2024-04-12T19:54:12.953+0800] {logging_mixin.py:188} INFO - [2024-04-12T19:54:12.953+0800] {dag.py:3036} INFO - Sync 1 DAGs
[2024-04-12T19:54:12.958+0800] {logging_mixin.py:188} INFO - [2024-04-12T19:54:12.958+0800] {dag.py:3823} INFO - Setting next_dagrun for example_sensors to None, run_after=None
[2024-04-12T19:54:12.968+0800] {processor.py:183} INFO - Processing /Users/wanghaojin/Desktop/exchange@NUS/IS3107/HW/Project/news_data_pipeline/.venv/lib/python3.11/site-packages/airflow/example_dags/example_sensors.py took 0.109 seconds
[2024-04-12T19:56:29.000+0800] {processor.py:161} INFO - Started process (PID=6470) to work on /Users/wanghaojin/Desktop/exchange@NUS/IS3107/HW/Project/news_data_pipeline/.venv/lib/python3.11/site-packages/airflow/example_dags/example_sensors.py
[2024-04-12T19:56:29.001+0800] {processor.py:830} INFO - Processing file /Users/wanghaojin/Desktop/exchange@NUS/IS3107/HW/Project/news_data_pipeline/.venv/lib/python3.11/site-packages/airflow/example_dags/example_sensors.py for tasks to queue
[2024-04-12T19:56:29.002+0800] {logging_mixin.py:188} INFO - [2024-04-12T19:56:29.002+0800] {dagbag.py:538} INFO - Filling up the DagBag from /Users/wanghaojin/Desktop/exchange@NUS/IS3107/HW/Project/news_data_pipeline/.venv/lib/python3.11/site-packages/airflow/example_dags/example_sensors.py
[2024-04-12T19:56:29.010+0800] {processor.py:840} INFO - DAG(s) 'example_sensors' retrieved from /Users/wanghaojin/Desktop/exchange@NUS/IS3107/HW/Project/news_data_pipeline/.venv/lib/python3.11/site-packages/airflow/example_dags/example_sensors.py
[2024-04-12T19:56:29.094+0800] {logging_mixin.py:188} INFO - [2024-04-12T19:56:29.094+0800] {dag.py:3036} INFO - Sync 1 DAGs
[2024-04-12T19:56:29.099+0800] {logging_mixin.py:188} INFO - [2024-04-12T19:56:29.099+0800] {dag.py:3823} INFO - Setting next_dagrun for example_sensors to None, run_after=None
[2024-04-12T19:56:29.109+0800] {processor.py:183} INFO - Processing /Users/wanghaojin/Desktop/exchange@NUS/IS3107/HW/Project/news_data_pipeline/.venv/lib/python3.11/site-packages/airflow/example_dags/example_sensors.py took 0.109 seconds
[2024-04-12T19:58:40.440+0800] {processor.py:161} INFO - Started process (PID=6596) to work on /Users/wanghaojin/Desktop/exchange@NUS/IS3107/HW/Project/news_data_pipeline/.venv/lib/python3.11/site-packages/airflow/example_dags/example_sensors.py
[2024-04-12T19:58:40.442+0800] {processor.py:830} INFO - Processing file /Users/wanghaojin/Desktop/exchange@NUS/IS3107/HW/Project/news_data_pipeline/.venv/lib/python3.11/site-packages/airflow/example_dags/example_sensors.py for tasks to queue
[2024-04-12T19:58:40.442+0800] {logging_mixin.py:188} INFO - [2024-04-12T19:58:40.442+0800] {dagbag.py:538} INFO - Filling up the DagBag from /Users/wanghaojin/Desktop/exchange@NUS/IS3107/HW/Project/news_data_pipeline/.venv/lib/python3.11/site-packages/airflow/example_dags/example_sensors.py
[2024-04-12T19:58:40.450+0800] {processor.py:840} INFO - DAG(s) 'example_sensors' retrieved from /Users/wanghaojin/Desktop/exchange@NUS/IS3107/HW/Project/news_data_pipeline/.venv/lib/python3.11/site-packages/airflow/example_dags/example_sensors.py
[2024-04-12T19:58:40.535+0800] {logging_mixin.py:188} INFO - [2024-04-12T19:58:40.535+0800] {dag.py:3036} INFO - Sync 1 DAGs
[2024-04-12T19:58:40.540+0800] {logging_mixin.py:188} INFO - [2024-04-12T19:58:40.539+0800] {dag.py:3823} INFO - Setting next_dagrun for example_sensors to None, run_after=None
[2024-04-12T19:58:40.550+0800] {processor.py:183} INFO - Processing /Users/wanghaojin/Desktop/exchange@NUS/IS3107/HW/Project/news_data_pipeline/.venv/lib/python3.11/site-packages/airflow/example_dags/example_sensors.py took 0.110 seconds
[2024-04-12T20:00:56.593+0800] {processor.py:161} INFO - Started process (PID=6769) to work on /Users/wanghaojin/Desktop/exchange@NUS/IS3107/HW/Project/news_data_pipeline/.venv/lib/python3.11/site-packages/airflow/example_dags/example_sensors.py
[2024-04-12T20:00:56.594+0800] {processor.py:830} INFO - Processing file /Users/wanghaojin/Desktop/exchange@NUS/IS3107/HW/Project/news_data_pipeline/.venv/lib/python3.11/site-packages/airflow/example_dags/example_sensors.py for tasks to queue
[2024-04-12T20:00:56.594+0800] {logging_mixin.py:188} INFO - [2024-04-12T20:00:56.594+0800] {dagbag.py:538} INFO - Filling up the DagBag from /Users/wanghaojin/Desktop/exchange@NUS/IS3107/HW/Project/news_data_pipeline/.venv/lib/python3.11/site-packages/airflow/example_dags/example_sensors.py
[2024-04-12T20:00:56.603+0800] {processor.py:840} INFO - DAG(s) 'example_sensors' retrieved from /Users/wanghaojin/Desktop/exchange@NUS/IS3107/HW/Project/news_data_pipeline/.venv/lib/python3.11/site-packages/airflow/example_dags/example_sensors.py
[2024-04-12T20:00:56.687+0800] {logging_mixin.py:188} INFO - [2024-04-12T20:00:56.687+0800] {dag.py:3036} INFO - Sync 1 DAGs
[2024-04-12T20:00:56.692+0800] {logging_mixin.py:188} INFO - [2024-04-12T20:00:56.692+0800] {dag.py:3823} INFO - Setting next_dagrun for example_sensors to None, run_after=None
[2024-04-12T20:00:56.702+0800] {processor.py:183} INFO - Processing /Users/wanghaojin/Desktop/exchange@NUS/IS3107/HW/Project/news_data_pipeline/.venv/lib/python3.11/site-packages/airflow/example_dags/example_sensors.py took 0.109 seconds
[2024-04-12T20:03:17.634+0800] {processor.py:161} INFO - Started process (PID=7072) to work on /Users/wanghaojin/Desktop/exchange@NUS/IS3107/HW/Project/news_data_pipeline/.venv/lib/python3.11/site-packages/airflow/example_dags/example_sensors.py
[2024-04-12T20:03:17.636+0800] {processor.py:830} INFO - Processing file /Users/wanghaojin/Desktop/exchange@NUS/IS3107/HW/Project/news_data_pipeline/.venv/lib/python3.11/site-packages/airflow/example_dags/example_sensors.py for tasks to queue
[2024-04-12T20:03:17.636+0800] {logging_mixin.py:188} INFO - [2024-04-12T20:03:17.636+0800] {dagbag.py:538} INFO - Filling up the DagBag from /Users/wanghaojin/Desktop/exchange@NUS/IS3107/HW/Project/news_data_pipeline/.venv/lib/python3.11/site-packages/airflow/example_dags/example_sensors.py
[2024-04-12T20:03:17.644+0800] {processor.py:840} INFO - DAG(s) 'example_sensors' retrieved from /Users/wanghaojin/Desktop/exchange@NUS/IS3107/HW/Project/news_data_pipeline/.venv/lib/python3.11/site-packages/airflow/example_dags/example_sensors.py
[2024-04-12T20:03:17.729+0800] {logging_mixin.py:188} INFO - [2024-04-12T20:03:17.729+0800] {dag.py:3036} INFO - Sync 1 DAGs
[2024-04-12T20:03:17.733+0800] {logging_mixin.py:188} INFO - [2024-04-12T20:03:17.733+0800] {dag.py:3823} INFO - Setting next_dagrun for example_sensors to None, run_after=None
[2024-04-12T20:03:17.744+0800] {processor.py:183} INFO - Processing /Users/wanghaojin/Desktop/exchange@NUS/IS3107/HW/Project/news_data_pipeline/.venv/lib/python3.11/site-packages/airflow/example_dags/example_sensors.py took 0.111 seconds
[2024-04-12T20:05:34.348+0800] {processor.py:161} INFO - Started process (PID=7270) to work on /Users/wanghaojin/Desktop/exchange@NUS/IS3107/HW/Project/news_data_pipeline/.venv/lib/python3.11/site-packages/airflow/example_dags/example_sensors.py
[2024-04-12T20:05:34.349+0800] {processor.py:830} INFO - Processing file /Users/wanghaojin/Desktop/exchange@NUS/IS3107/HW/Project/news_data_pipeline/.venv/lib/python3.11/site-packages/airflow/example_dags/example_sensors.py for tasks to queue
[2024-04-12T20:05:34.349+0800] {logging_mixin.py:188} INFO - [2024-04-12T20:05:34.349+0800] {dagbag.py:538} INFO - Filling up the DagBag from /Users/wanghaojin/Desktop/exchange@NUS/IS3107/HW/Project/news_data_pipeline/.venv/lib/python3.11/site-packages/airflow/example_dags/example_sensors.py
[2024-04-12T20:05:34.356+0800] {processor.py:840} INFO - DAG(s) 'example_sensors' retrieved from /Users/wanghaojin/Desktop/exchange@NUS/IS3107/HW/Project/news_data_pipeline/.venv/lib/python3.11/site-packages/airflow/example_dags/example_sensors.py
[2024-04-12T20:05:34.441+0800] {logging_mixin.py:188} INFO - [2024-04-12T20:05:34.441+0800] {dag.py:3036} INFO - Sync 1 DAGs
[2024-04-12T20:05:34.445+0800] {logging_mixin.py:188} INFO - [2024-04-12T20:05:34.445+0800] {dag.py:3823} INFO - Setting next_dagrun for example_sensors to None, run_after=None
[2024-04-12T20:05:34.456+0800] {processor.py:183} INFO - Processing /Users/wanghaojin/Desktop/exchange@NUS/IS3107/HW/Project/news_data_pipeline/.venv/lib/python3.11/site-packages/airflow/example_dags/example_sensors.py took 0.108 seconds
[2024-04-12T20:07:51.665+0800] {processor.py:161} INFO - Started process (PID=7488) to work on /Users/wanghaojin/Desktop/exchange@NUS/IS3107/HW/Project/news_data_pipeline/.venv/lib/python3.11/site-packages/airflow/example_dags/example_sensors.py
[2024-04-12T20:07:51.665+0800] {processor.py:830} INFO - Processing file /Users/wanghaojin/Desktop/exchange@NUS/IS3107/HW/Project/news_data_pipeline/.venv/lib/python3.11/site-packages/airflow/example_dags/example_sensors.py for tasks to queue
[2024-04-12T20:07:51.666+0800] {logging_mixin.py:188} INFO - [2024-04-12T20:07:51.666+0800] {dagbag.py:538} INFO - Filling up the DagBag from /Users/wanghaojin/Desktop/exchange@NUS/IS3107/HW/Project/news_data_pipeline/.venv/lib/python3.11/site-packages/airflow/example_dags/example_sensors.py
[2024-04-12T20:07:51.673+0800] {processor.py:840} INFO - DAG(s) 'example_sensors' retrieved from /Users/wanghaojin/Desktop/exchange@NUS/IS3107/HW/Project/news_data_pipeline/.venv/lib/python3.11/site-packages/airflow/example_dags/example_sensors.py
[2024-04-12T20:07:51.757+0800] {logging_mixin.py:188} INFO - [2024-04-12T20:07:51.757+0800] {dag.py:3036} INFO - Sync 1 DAGs
[2024-04-12T20:07:51.762+0800] {logging_mixin.py:188} INFO - [2024-04-12T20:07:51.762+0800] {dag.py:3823} INFO - Setting next_dagrun for example_sensors to None, run_after=None
[2024-04-12T20:07:51.772+0800] {processor.py:183} INFO - Processing /Users/wanghaojin/Desktop/exchange@NUS/IS3107/HW/Project/news_data_pipeline/.venv/lib/python3.11/site-packages/airflow/example_dags/example_sensors.py took 0.108 seconds
[2024-04-12T20:10:08.306+0800] {processor.py:161} INFO - Started process (PID=7664) to work on /Users/wanghaojin/Desktop/exchange@NUS/IS3107/HW/Project/news_data_pipeline/.venv/lib/python3.11/site-packages/airflow/example_dags/example_sensors.py
[2024-04-12T20:10:08.307+0800] {processor.py:830} INFO - Processing file /Users/wanghaojin/Desktop/exchange@NUS/IS3107/HW/Project/news_data_pipeline/.venv/lib/python3.11/site-packages/airflow/example_dags/example_sensors.py for tasks to queue
[2024-04-12T20:10:08.307+0800] {logging_mixin.py:188} INFO - [2024-04-12T20:10:08.307+0800] {dagbag.py:538} INFO - Filling up the DagBag from /Users/wanghaojin/Desktop/exchange@NUS/IS3107/HW/Project/news_data_pipeline/.venv/lib/python3.11/site-packages/airflow/example_dags/example_sensors.py
[2024-04-12T20:10:08.314+0800] {processor.py:840} INFO - DAG(s) 'example_sensors' retrieved from /Users/wanghaojin/Desktop/exchange@NUS/IS3107/HW/Project/news_data_pipeline/.venv/lib/python3.11/site-packages/airflow/example_dags/example_sensors.py
[2024-04-12T20:10:08.399+0800] {logging_mixin.py:188} INFO - [2024-04-12T20:10:08.399+0800] {dag.py:3036} INFO - Sync 1 DAGs
[2024-04-12T20:10:08.404+0800] {logging_mixin.py:188} INFO - [2024-04-12T20:10:08.403+0800] {dag.py:3823} INFO - Setting next_dagrun for example_sensors to None, run_after=None
[2024-04-12T20:10:08.414+0800] {processor.py:183} INFO - Processing /Users/wanghaojin/Desktop/exchange@NUS/IS3107/HW/Project/news_data_pipeline/.venv/lib/python3.11/site-packages/airflow/example_dags/example_sensors.py took 0.108 seconds
[2024-04-12T20:12:26.611+0800] {processor.py:161} INFO - Started process (PID=7903) to work on /Users/wanghaojin/Desktop/exchange@NUS/IS3107/HW/Project/news_data_pipeline/.venv/lib/python3.11/site-packages/airflow/example_dags/example_sensors.py
[2024-04-12T20:12:26.612+0800] {processor.py:830} INFO - Processing file /Users/wanghaojin/Desktop/exchange@NUS/IS3107/HW/Project/news_data_pipeline/.venv/lib/python3.11/site-packages/airflow/example_dags/example_sensors.py for tasks to queue
[2024-04-12T20:12:26.613+0800] {logging_mixin.py:188} INFO - [2024-04-12T20:12:26.613+0800] {dagbag.py:538} INFO - Filling up the DagBag from /Users/wanghaojin/Desktop/exchange@NUS/IS3107/HW/Project/news_data_pipeline/.venv/lib/python3.11/site-packages/airflow/example_dags/example_sensors.py
[2024-04-12T20:12:26.622+0800] {processor.py:840} INFO - DAG(s) 'example_sensors' retrieved from /Users/wanghaojin/Desktop/exchange@NUS/IS3107/HW/Project/news_data_pipeline/.venv/lib/python3.11/site-packages/airflow/example_dags/example_sensors.py
[2024-04-12T20:12:26.718+0800] {logging_mixin.py:188} INFO - [2024-04-12T20:12:26.718+0800] {dag.py:3036} INFO - Sync 1 DAGs
[2024-04-12T20:12:26.723+0800] {logging_mixin.py:188} INFO - [2024-04-12T20:12:26.723+0800] {dag.py:3823} INFO - Setting next_dagrun for example_sensors to None, run_after=None
[2024-04-12T20:12:26.734+0800] {processor.py:183} INFO - Processing /Users/wanghaojin/Desktop/exchange@NUS/IS3107/HW/Project/news_data_pipeline/.venv/lib/python3.11/site-packages/airflow/example_dags/example_sensors.py took 0.123 seconds
[2024-04-12T20:14:43.062+0800] {processor.py:161} INFO - Started process (PID=8130) to work on /Users/wanghaojin/Desktop/exchange@NUS/IS3107/HW/Project/news_data_pipeline/.venv/lib/python3.11/site-packages/airflow/example_dags/example_sensors.py
[2024-04-12T20:14:43.063+0800] {processor.py:830} INFO - Processing file /Users/wanghaojin/Desktop/exchange@NUS/IS3107/HW/Project/news_data_pipeline/.venv/lib/python3.11/site-packages/airflow/example_dags/example_sensors.py for tasks to queue
[2024-04-12T20:14:43.063+0800] {logging_mixin.py:188} INFO - [2024-04-12T20:14:43.063+0800] {dagbag.py:538} INFO - Filling up the DagBag from /Users/wanghaojin/Desktop/exchange@NUS/IS3107/HW/Project/news_data_pipeline/.venv/lib/python3.11/site-packages/airflow/example_dags/example_sensors.py
[2024-04-12T20:14:43.071+0800] {processor.py:840} INFO - DAG(s) 'example_sensors' retrieved from /Users/wanghaojin/Desktop/exchange@NUS/IS3107/HW/Project/news_data_pipeline/.venv/lib/python3.11/site-packages/airflow/example_dags/example_sensors.py
[2024-04-12T20:14:43.159+0800] {logging_mixin.py:188} INFO - [2024-04-12T20:14:43.159+0800] {dag.py:3036} INFO - Sync 1 DAGs
[2024-04-12T20:14:43.164+0800] {logging_mixin.py:188} INFO - [2024-04-12T20:14:43.164+0800] {dag.py:3823} INFO - Setting next_dagrun for example_sensors to None, run_after=None
[2024-04-12T20:14:43.175+0800] {processor.py:183} INFO - Processing /Users/wanghaojin/Desktop/exchange@NUS/IS3107/HW/Project/news_data_pipeline/.venv/lib/python3.11/site-packages/airflow/example_dags/example_sensors.py took 0.113 seconds
[2024-04-12T20:17:01.243+0800] {processor.py:161} INFO - Started process (PID=8423) to work on /Users/wanghaojin/Desktop/exchange@NUS/IS3107/HW/Project/news_data_pipeline/.venv/lib/python3.11/site-packages/airflow/example_dags/example_sensors.py
[2024-04-12T20:17:01.244+0800] {processor.py:830} INFO - Processing file /Users/wanghaojin/Desktop/exchange@NUS/IS3107/HW/Project/news_data_pipeline/.venv/lib/python3.11/site-packages/airflow/example_dags/example_sensors.py for tasks to queue
[2024-04-12T20:17:01.245+0800] {logging_mixin.py:188} INFO - [2024-04-12T20:17:01.245+0800] {dagbag.py:538} INFO - Filling up the DagBag from /Users/wanghaojin/Desktop/exchange@NUS/IS3107/HW/Project/news_data_pipeline/.venv/lib/python3.11/site-packages/airflow/example_dags/example_sensors.py
[2024-04-12T20:17:01.253+0800] {processor.py:840} INFO - DAG(s) 'example_sensors' retrieved from /Users/wanghaojin/Desktop/exchange@NUS/IS3107/HW/Project/news_data_pipeline/.venv/lib/python3.11/site-packages/airflow/example_dags/example_sensors.py
[2024-04-12T20:17:01.340+0800] {logging_mixin.py:188} INFO - [2024-04-12T20:17:01.340+0800] {dag.py:3036} INFO - Sync 1 DAGs
[2024-04-12T20:17:01.345+0800] {logging_mixin.py:188} INFO - [2024-04-12T20:17:01.345+0800] {dag.py:3823} INFO - Setting next_dagrun for example_sensors to None, run_after=None
[2024-04-12T20:17:01.355+0800] {processor.py:183} INFO - Processing /Users/wanghaojin/Desktop/exchange@NUS/IS3107/HW/Project/news_data_pipeline/.venv/lib/python3.11/site-packages/airflow/example_dags/example_sensors.py took 0.113 seconds
[2024-04-12T20:19:02.369+0800] {processor.py:161} INFO - Started process (PID=8725) to work on /Users/wanghaojin/Desktop/exchange@NUS/IS3107/HW/Project/news_data_pipeline/.venv/lib/python3.11/site-packages/airflow/example_dags/example_sensors.py
[2024-04-12T20:19:02.370+0800] {processor.py:830} INFO - Processing file /Users/wanghaojin/Desktop/exchange@NUS/IS3107/HW/Project/news_data_pipeline/.venv/lib/python3.11/site-packages/airflow/example_dags/example_sensors.py for tasks to queue
[2024-04-12T20:19:02.371+0800] {logging_mixin.py:188} INFO - [2024-04-12T20:19:02.371+0800] {dagbag.py:538} INFO - Filling up the DagBag from /Users/wanghaojin/Desktop/exchange@NUS/IS3107/HW/Project/news_data_pipeline/.venv/lib/python3.11/site-packages/airflow/example_dags/example_sensors.py
[2024-04-12T20:19:02.378+0800] {processor.py:840} INFO - DAG(s) 'example_sensors' retrieved from /Users/wanghaojin/Desktop/exchange@NUS/IS3107/HW/Project/news_data_pipeline/.venv/lib/python3.11/site-packages/airflow/example_dags/example_sensors.py
[2024-04-12T20:19:02.507+0800] {logging_mixin.py:188} INFO - [2024-04-12T20:19:02.507+0800] {dag.py:3036} INFO - Sync 1 DAGs
[2024-04-12T20:19:02.511+0800] {logging_mixin.py:188} INFO - [2024-04-12T20:19:02.511+0800] {dag.py:3823} INFO - Setting next_dagrun for example_sensors to None, run_after=None
[2024-04-12T20:19:02.522+0800] {processor.py:183} INFO - Processing /Users/wanghaojin/Desktop/exchange@NUS/IS3107/HW/Project/news_data_pipeline/.venv/lib/python3.11/site-packages/airflow/example_dags/example_sensors.py took 0.153 seconds
[2024-04-12T20:21:21.855+0800] {processor.py:161} INFO - Started process (PID=8925) to work on /Users/wanghaojin/Desktop/exchange@NUS/IS3107/HW/Project/news_data_pipeline/.venv/lib/python3.11/site-packages/airflow/example_dags/example_sensors.py
[2024-04-12T20:21:21.856+0800] {processor.py:830} INFO - Processing file /Users/wanghaojin/Desktop/exchange@NUS/IS3107/HW/Project/news_data_pipeline/.venv/lib/python3.11/site-packages/airflow/example_dags/example_sensors.py for tasks to queue
[2024-04-12T20:21:21.857+0800] {logging_mixin.py:188} INFO - [2024-04-12T20:21:21.857+0800] {dagbag.py:538} INFO - Filling up the DagBag from /Users/wanghaojin/Desktop/exchange@NUS/IS3107/HW/Project/news_data_pipeline/.venv/lib/python3.11/site-packages/airflow/example_dags/example_sensors.py
[2024-04-12T20:21:21.864+0800] {processor.py:840} INFO - DAG(s) 'example_sensors' retrieved from /Users/wanghaojin/Desktop/exchange@NUS/IS3107/HW/Project/news_data_pipeline/.venv/lib/python3.11/site-packages/airflow/example_dags/example_sensors.py
[2024-04-12T20:21:21.992+0800] {logging_mixin.py:188} INFO - [2024-04-12T20:21:21.991+0800] {dag.py:3036} INFO - Sync 1 DAGs
[2024-04-12T20:21:21.996+0800] {logging_mixin.py:188} INFO - [2024-04-12T20:21:21.996+0800] {dag.py:3823} INFO - Setting next_dagrun for example_sensors to None, run_after=None
[2024-04-12T20:21:22.007+0800] {processor.py:183} INFO - Processing /Users/wanghaojin/Desktop/exchange@NUS/IS3107/HW/Project/news_data_pipeline/.venv/lib/python3.11/site-packages/airflow/example_dags/example_sensors.py took 0.152 seconds
[2024-04-12T20:23:00.183+0800] {processor.py:161} INFO - Started process (PID=9020) to work on /Users/wanghaojin/Desktop/exchange@NUS/IS3107/HW/Project/news_data_pipeline/.venv/lib/python3.11/site-packages/airflow/example_dags/example_sensors.py
[2024-04-12T20:23:00.183+0800] {processor.py:830} INFO - Processing file /Users/wanghaojin/Desktop/exchange@NUS/IS3107/HW/Project/news_data_pipeline/.venv/lib/python3.11/site-packages/airflow/example_dags/example_sensors.py for tasks to queue
[2024-04-12T20:23:00.183+0800] {logging_mixin.py:188} INFO - [2024-04-12T20:23:00.183+0800] {dagbag.py:538} INFO - Filling up the DagBag from /Users/wanghaojin/Desktop/exchange@NUS/IS3107/HW/Project/news_data_pipeline/.venv/lib/python3.11/site-packages/airflow/example_dags/example_sensors.py
[2024-04-12T20:23:00.190+0800] {processor.py:840} INFO - DAG(s) 'example_sensors' retrieved from /Users/wanghaojin/Desktop/exchange@NUS/IS3107/HW/Project/news_data_pipeline/.venv/lib/python3.11/site-packages/airflow/example_dags/example_sensors.py
[2024-04-12T20:23:00.275+0800] {logging_mixin.py:188} INFO - [2024-04-12T20:23:00.275+0800] {dag.py:3036} INFO - Sync 1 DAGs
[2024-04-12T20:23:00.280+0800] {logging_mixin.py:188} INFO - [2024-04-12T20:23:00.279+0800] {dag.py:3823} INFO - Setting next_dagrun for example_sensors to None, run_after=None
[2024-04-12T20:23:00.290+0800] {processor.py:183} INFO - Processing /Users/wanghaojin/Desktop/exchange@NUS/IS3107/HW/Project/news_data_pipeline/.venv/lib/python3.11/site-packages/airflow/example_dags/example_sensors.py took 0.108 seconds
[2024-04-12T20:25:34.146+0800] {processor.py:161} INFO - Started process (PID=9260) to work on /Users/wanghaojin/Desktop/exchange@NUS/IS3107/HW/Project/news_data_pipeline/.venv/lib/python3.11/site-packages/airflow/example_dags/example_sensors.py
[2024-04-12T20:25:34.147+0800] {processor.py:830} INFO - Processing file /Users/wanghaojin/Desktop/exchange@NUS/IS3107/HW/Project/news_data_pipeline/.venv/lib/python3.11/site-packages/airflow/example_dags/example_sensors.py for tasks to queue
[2024-04-12T20:25:34.148+0800] {logging_mixin.py:188} INFO - [2024-04-12T20:25:34.147+0800] {dagbag.py:538} INFO - Filling up the DagBag from /Users/wanghaojin/Desktop/exchange@NUS/IS3107/HW/Project/news_data_pipeline/.venv/lib/python3.11/site-packages/airflow/example_dags/example_sensors.py
[2024-04-12T20:25:34.155+0800] {processor.py:840} INFO - DAG(s) 'example_sensors' retrieved from /Users/wanghaojin/Desktop/exchange@NUS/IS3107/HW/Project/news_data_pipeline/.venv/lib/python3.11/site-packages/airflow/example_dags/example_sensors.py
[2024-04-12T20:25:34.240+0800] {logging_mixin.py:188} INFO - [2024-04-12T20:25:34.240+0800] {dag.py:3036} INFO - Sync 1 DAGs
[2024-04-12T20:25:34.245+0800] {logging_mixin.py:188} INFO - [2024-04-12T20:25:34.244+0800] {dag.py:3823} INFO - Setting next_dagrun for example_sensors to None, run_after=None
[2024-04-12T20:25:34.255+0800] {processor.py:183} INFO - Processing /Users/wanghaojin/Desktop/exchange@NUS/IS3107/HW/Project/news_data_pipeline/.venv/lib/python3.11/site-packages/airflow/example_dags/example_sensors.py took 0.109 seconds
[2024-04-12T20:27:53.071+0800] {processor.py:161} INFO - Started process (PID=9513) to work on /Users/wanghaojin/Desktop/exchange@NUS/IS3107/HW/Project/news_data_pipeline/.venv/lib/python3.11/site-packages/airflow/example_dags/example_sensors.py
[2024-04-12T20:27:53.073+0800] {processor.py:830} INFO - Processing file /Users/wanghaojin/Desktop/exchange@NUS/IS3107/HW/Project/news_data_pipeline/.venv/lib/python3.11/site-packages/airflow/example_dags/example_sensors.py for tasks to queue
[2024-04-12T20:27:53.073+0800] {logging_mixin.py:188} INFO - [2024-04-12T20:27:53.073+0800] {dagbag.py:538} INFO - Filling up the DagBag from /Users/wanghaojin/Desktop/exchange@NUS/IS3107/HW/Project/news_data_pipeline/.venv/lib/python3.11/site-packages/airflow/example_dags/example_sensors.py
[2024-04-12T20:27:53.081+0800] {processor.py:840} INFO - DAG(s) 'example_sensors' retrieved from /Users/wanghaojin/Desktop/exchange@NUS/IS3107/HW/Project/news_data_pipeline/.venv/lib/python3.11/site-packages/airflow/example_dags/example_sensors.py
[2024-04-12T20:27:53.167+0800] {logging_mixin.py:188} INFO - [2024-04-12T20:27:53.167+0800] {dag.py:3036} INFO - Sync 1 DAGs
[2024-04-12T20:27:53.172+0800] {logging_mixin.py:188} INFO - [2024-04-12T20:27:53.171+0800] {dag.py:3823} INFO - Setting next_dagrun for example_sensors to None, run_after=None
[2024-04-12T20:27:53.182+0800] {processor.py:183} INFO - Processing /Users/wanghaojin/Desktop/exchange@NUS/IS3107/HW/Project/news_data_pipeline/.venv/lib/python3.11/site-packages/airflow/example_dags/example_sensors.py took 0.111 seconds
[2024-04-12T20:30:07.140+0800] {processor.py:161} INFO - Started process (PID=9807) to work on /Users/wanghaojin/Desktop/exchange@NUS/IS3107/HW/Project/news_data_pipeline/.venv/lib/python3.11/site-packages/airflow/example_dags/example_sensors.py
[2024-04-12T20:30:07.141+0800] {processor.py:830} INFO - Processing file /Users/wanghaojin/Desktop/exchange@NUS/IS3107/HW/Project/news_data_pipeline/.venv/lib/python3.11/site-packages/airflow/example_dags/example_sensors.py for tasks to queue
[2024-04-12T20:30:07.142+0800] {logging_mixin.py:188} INFO - [2024-04-12T20:30:07.141+0800] {dagbag.py:538} INFO - Filling up the DagBag from /Users/wanghaojin/Desktop/exchange@NUS/IS3107/HW/Project/news_data_pipeline/.venv/lib/python3.11/site-packages/airflow/example_dags/example_sensors.py
[2024-04-12T20:30:07.148+0800] {processor.py:840} INFO - DAG(s) 'example_sensors' retrieved from /Users/wanghaojin/Desktop/exchange@NUS/IS3107/HW/Project/news_data_pipeline/.venv/lib/python3.11/site-packages/airflow/example_dags/example_sensors.py
[2024-04-12T20:30:07.275+0800] {logging_mixin.py:188} INFO - [2024-04-12T20:30:07.275+0800] {dag.py:3036} INFO - Sync 1 DAGs
[2024-04-12T20:30:07.279+0800] {logging_mixin.py:188} INFO - [2024-04-12T20:30:07.279+0800] {dag.py:3823} INFO - Setting next_dagrun for example_sensors to None, run_after=None
[2024-04-12T20:30:07.290+0800] {processor.py:183} INFO - Processing /Users/wanghaojin/Desktop/exchange@NUS/IS3107/HW/Project/news_data_pipeline/.venv/lib/python3.11/site-packages/airflow/example_dags/example_sensors.py took 0.150 seconds
[2024-04-12T20:31:46.232+0800] {processor.py:161} INFO - Started process (PID=9945) to work on /Users/wanghaojin/Desktop/exchange@NUS/IS3107/HW/Project/news_data_pipeline/.venv/lib/python3.11/site-packages/airflow/example_dags/example_sensors.py
[2024-04-12T20:31:46.233+0800] {processor.py:830} INFO - Processing file /Users/wanghaojin/Desktop/exchange@NUS/IS3107/HW/Project/news_data_pipeline/.venv/lib/python3.11/site-packages/airflow/example_dags/example_sensors.py for tasks to queue
[2024-04-12T20:31:46.233+0800] {logging_mixin.py:188} INFO - [2024-04-12T20:31:46.233+0800] {dagbag.py:538} INFO - Filling up the DagBag from /Users/wanghaojin/Desktop/exchange@NUS/IS3107/HW/Project/news_data_pipeline/.venv/lib/python3.11/site-packages/airflow/example_dags/example_sensors.py
[2024-04-12T20:31:46.242+0800] {processor.py:840} INFO - DAG(s) 'example_sensors' retrieved from /Users/wanghaojin/Desktop/exchange@NUS/IS3107/HW/Project/news_data_pipeline/.venv/lib/python3.11/site-packages/airflow/example_dags/example_sensors.py
[2024-04-12T20:31:46.334+0800] {logging_mixin.py:188} INFO - [2024-04-12T20:31:46.333+0800] {dag.py:3036} INFO - Sync 1 DAGs
[2024-04-12T20:31:46.338+0800] {logging_mixin.py:188} INFO - [2024-04-12T20:31:46.338+0800] {dag.py:3823} INFO - Setting next_dagrun for example_sensors to None, run_after=None
[2024-04-12T20:31:46.349+0800] {processor.py:183} INFO - Processing /Users/wanghaojin/Desktop/exchange@NUS/IS3107/HW/Project/news_data_pipeline/.venv/lib/python3.11/site-packages/airflow/example_dags/example_sensors.py took 0.117 seconds
[2024-04-12T20:34:25.861+0800] {processor.py:161} INFO - Started process (PID=10250) to work on /Users/wanghaojin/Desktop/exchange@NUS/IS3107/HW/Project/news_data_pipeline/.venv/lib/python3.11/site-packages/airflow/example_dags/example_sensors.py
[2024-04-12T20:34:25.863+0800] {processor.py:830} INFO - Processing file /Users/wanghaojin/Desktop/exchange@NUS/IS3107/HW/Project/news_data_pipeline/.venv/lib/python3.11/site-packages/airflow/example_dags/example_sensors.py for tasks to queue
[2024-04-12T20:34:25.864+0800] {logging_mixin.py:188} INFO - [2024-04-12T20:34:25.863+0800] {dagbag.py:538} INFO - Filling up the DagBag from /Users/wanghaojin/Desktop/exchange@NUS/IS3107/HW/Project/news_data_pipeline/.venv/lib/python3.11/site-packages/airflow/example_dags/example_sensors.py
[2024-04-12T20:34:25.874+0800] {processor.py:840} INFO - DAG(s) 'example_sensors' retrieved from /Users/wanghaojin/Desktop/exchange@NUS/IS3107/HW/Project/news_data_pipeline/.venv/lib/python3.11/site-packages/airflow/example_dags/example_sensors.py
[2024-04-12T20:34:26.053+0800] {logging_mixin.py:188} INFO - [2024-04-12T20:34:26.053+0800] {dag.py:3036} INFO - Sync 1 DAGs
[2024-04-12T20:34:26.059+0800] {logging_mixin.py:188} INFO - [2024-04-12T20:34:26.059+0800] {dag.py:3823} INFO - Setting next_dagrun for example_sensors to None, run_after=None
[2024-04-12T20:34:26.072+0800] {processor.py:183} INFO - Processing /Users/wanghaojin/Desktop/exchange@NUS/IS3107/HW/Project/news_data_pipeline/.venv/lib/python3.11/site-packages/airflow/example_dags/example_sensors.py took 0.212 seconds
[2024-04-12T20:35:32.599+0800] {processor.py:161} INFO - Started process (PID=10379) to work on /Users/wanghaojin/Desktop/exchange@NUS/IS3107/HW/Project/news_data_pipeline/.venv/lib/python3.11/site-packages/airflow/example_dags/example_sensors.py
[2024-04-12T20:35:32.599+0800] {processor.py:830} INFO - Processing file /Users/wanghaojin/Desktop/exchange@NUS/IS3107/HW/Project/news_data_pipeline/.venv/lib/python3.11/site-packages/airflow/example_dags/example_sensors.py for tasks to queue
[2024-04-12T20:35:32.600+0800] {logging_mixin.py:188} INFO - [2024-04-12T20:35:32.600+0800] {dagbag.py:538} INFO - Filling up the DagBag from /Users/wanghaojin/Desktop/exchange@NUS/IS3107/HW/Project/news_data_pipeline/.venv/lib/python3.11/site-packages/airflow/example_dags/example_sensors.py
[2024-04-12T20:35:32.607+0800] {processor.py:840} INFO - DAG(s) 'example_sensors' retrieved from /Users/wanghaojin/Desktop/exchange@NUS/IS3107/HW/Project/news_data_pipeline/.venv/lib/python3.11/site-packages/airflow/example_dags/example_sensors.py
[2024-04-12T20:35:32.735+0800] {logging_mixin.py:188} INFO - [2024-04-12T20:35:32.735+0800] {dag.py:3036} INFO - Sync 1 DAGs
[2024-04-12T20:35:32.740+0800] {logging_mixin.py:188} INFO - [2024-04-12T20:35:32.740+0800] {dag.py:3823} INFO - Setting next_dagrun for example_sensors to None, run_after=None
[2024-04-12T20:35:32.751+0800] {processor.py:183} INFO - Processing /Users/wanghaojin/Desktop/exchange@NUS/IS3107/HW/Project/news_data_pipeline/.venv/lib/python3.11/site-packages/airflow/example_dags/example_sensors.py took 0.153 seconds
[2024-04-12T20:36:53.470+0800] {processor.py:161} INFO - Started process (PID=10540) to work on /Users/wanghaojin/Desktop/exchange@NUS/IS3107/HW/Project/news_data_pipeline/.venv/lib/python3.11/site-packages/airflow/example_dags/example_sensors.py
[2024-04-12T20:36:53.470+0800] {processor.py:830} INFO - Processing file /Users/wanghaojin/Desktop/exchange@NUS/IS3107/HW/Project/news_data_pipeline/.venv/lib/python3.11/site-packages/airflow/example_dags/example_sensors.py for tasks to queue
[2024-04-12T20:36:53.471+0800] {logging_mixin.py:188} INFO - [2024-04-12T20:36:53.471+0800] {dagbag.py:538} INFO - Filling up the DagBag from /Users/wanghaojin/Desktop/exchange@NUS/IS3107/HW/Project/news_data_pipeline/.venv/lib/python3.11/site-packages/airflow/example_dags/example_sensors.py
[2024-04-12T20:36:53.478+0800] {processor.py:840} INFO - DAG(s) 'example_sensors' retrieved from /Users/wanghaojin/Desktop/exchange@NUS/IS3107/HW/Project/news_data_pipeline/.venv/lib/python3.11/site-packages/airflow/example_dags/example_sensors.py
[2024-04-12T20:36:53.605+0800] {logging_mixin.py:188} INFO - [2024-04-12T20:36:53.605+0800] {dag.py:3036} INFO - Sync 1 DAGs
[2024-04-12T20:36:53.610+0800] {logging_mixin.py:188} INFO - [2024-04-12T20:36:53.610+0800] {dag.py:3823} INFO - Setting next_dagrun for example_sensors to None, run_after=None
[2024-04-12T20:36:53.620+0800] {processor.py:183} INFO - Processing /Users/wanghaojin/Desktop/exchange@NUS/IS3107/HW/Project/news_data_pipeline/.venv/lib/python3.11/site-packages/airflow/example_dags/example_sensors.py took 0.151 seconds
[2024-04-12T20:38:33.080+0800] {processor.py:161} INFO - Started process (PID=10678) to work on /Users/wanghaojin/Desktop/exchange@NUS/IS3107/HW/Project/news_data_pipeline/.venv/lib/python3.11/site-packages/airflow/example_dags/example_sensors.py
[2024-04-12T20:38:33.080+0800] {processor.py:830} INFO - Processing file /Users/wanghaojin/Desktop/exchange@NUS/IS3107/HW/Project/news_data_pipeline/.venv/lib/python3.11/site-packages/airflow/example_dags/example_sensors.py for tasks to queue
[2024-04-12T20:38:33.081+0800] {logging_mixin.py:188} INFO - [2024-04-12T20:38:33.081+0800] {dagbag.py:538} INFO - Filling up the DagBag from /Users/wanghaojin/Desktop/exchange@NUS/IS3107/HW/Project/news_data_pipeline/.venv/lib/python3.11/site-packages/airflow/example_dags/example_sensors.py
[2024-04-12T20:38:33.088+0800] {processor.py:840} INFO - DAG(s) 'example_sensors' retrieved from /Users/wanghaojin/Desktop/exchange@NUS/IS3107/HW/Project/news_data_pipeline/.venv/lib/python3.11/site-packages/airflow/example_dags/example_sensors.py
[2024-04-12T20:38:33.172+0800] {logging_mixin.py:188} INFO - [2024-04-12T20:38:33.172+0800] {dag.py:3036} INFO - Sync 1 DAGs
[2024-04-12T20:38:33.177+0800] {logging_mixin.py:188} INFO - [2024-04-12T20:38:33.177+0800] {dag.py:3823} INFO - Setting next_dagrun for example_sensors to None, run_after=None
[2024-04-12T20:38:33.187+0800] {processor.py:183} INFO - Processing /Users/wanghaojin/Desktop/exchange@NUS/IS3107/HW/Project/news_data_pipeline/.venv/lib/python3.11/site-packages/airflow/example_dags/example_sensors.py took 0.108 seconds
[2024-04-12T20:40:48.415+0800] {processor.py:161} INFO - Started process (PID=10880) to work on /Users/wanghaojin/Desktop/exchange@NUS/IS3107/HW/Project/news_data_pipeline/.venv/lib/python3.11/site-packages/airflow/example_dags/example_sensors.py
[2024-04-12T20:40:48.415+0800] {processor.py:830} INFO - Processing file /Users/wanghaojin/Desktop/exchange@NUS/IS3107/HW/Project/news_data_pipeline/.venv/lib/python3.11/site-packages/airflow/example_dags/example_sensors.py for tasks to queue
[2024-04-12T20:40:48.415+0800] {logging_mixin.py:188} INFO - [2024-04-12T20:40:48.415+0800] {dagbag.py:538} INFO - Filling up the DagBag from /Users/wanghaojin/Desktop/exchange@NUS/IS3107/HW/Project/news_data_pipeline/.venv/lib/python3.11/site-packages/airflow/example_dags/example_sensors.py
[2024-04-12T20:40:48.422+0800] {processor.py:840} INFO - DAG(s) 'example_sensors' retrieved from /Users/wanghaojin/Desktop/exchange@NUS/IS3107/HW/Project/news_data_pipeline/.venv/lib/python3.11/site-packages/airflow/example_dags/example_sensors.py
[2024-04-12T20:40:48.507+0800] {logging_mixin.py:188} INFO - [2024-04-12T20:40:48.507+0800] {dag.py:3036} INFO - Sync 1 DAGs
[2024-04-12T20:40:48.512+0800] {logging_mixin.py:188} INFO - [2024-04-12T20:40:48.512+0800] {dag.py:3823} INFO - Setting next_dagrun for example_sensors to None, run_after=None
[2024-04-12T20:40:48.522+0800] {processor.py:183} INFO - Processing /Users/wanghaojin/Desktop/exchange@NUS/IS3107/HW/Project/news_data_pipeline/.venv/lib/python3.11/site-packages/airflow/example_dags/example_sensors.py took 0.108 seconds
[2024-04-12T20:43:10.574+0800] {processor.py:161} INFO - Started process (PID=11111) to work on /Users/wanghaojin/Desktop/exchange@NUS/IS3107/HW/Project/news_data_pipeline/.venv/lib/python3.11/site-packages/airflow/example_dags/example_sensors.py
[2024-04-12T20:43:10.576+0800] {processor.py:830} INFO - Processing file /Users/wanghaojin/Desktop/exchange@NUS/IS3107/HW/Project/news_data_pipeline/.venv/lib/python3.11/site-packages/airflow/example_dags/example_sensors.py for tasks to queue
[2024-04-12T20:43:10.576+0800] {logging_mixin.py:188} INFO - [2024-04-12T20:43:10.576+0800] {dagbag.py:538} INFO - Filling up the DagBag from /Users/wanghaojin/Desktop/exchange@NUS/IS3107/HW/Project/news_data_pipeline/.venv/lib/python3.11/site-packages/airflow/example_dags/example_sensors.py
[2024-04-12T20:43:10.584+0800] {processor.py:840} INFO - DAG(s) 'example_sensors' retrieved from /Users/wanghaojin/Desktop/exchange@NUS/IS3107/HW/Project/news_data_pipeline/.venv/lib/python3.11/site-packages/airflow/example_dags/example_sensors.py
[2024-04-12T20:43:10.669+0800] {logging_mixin.py:188} INFO - [2024-04-12T20:43:10.669+0800] {dag.py:3036} INFO - Sync 1 DAGs
[2024-04-12T20:43:10.674+0800] {logging_mixin.py:188} INFO - [2024-04-12T20:43:10.674+0800] {dag.py:3823} INFO - Setting next_dagrun for example_sensors to None, run_after=None
[2024-04-12T20:43:10.684+0800] {processor.py:183} INFO - Processing /Users/wanghaojin/Desktop/exchange@NUS/IS3107/HW/Project/news_data_pipeline/.venv/lib/python3.11/site-packages/airflow/example_dags/example_sensors.py took 0.110 seconds
[2024-04-12T20:48:45.484+0800] {processor.py:161} INFO - Started process (PID=11782) to work on /Users/wanghaojin/Desktop/exchange@NUS/IS3107/HW/Project/news_data_pipeline/.venv/lib/python3.11/site-packages/airflow/example_dags/example_sensors.py
[2024-04-12T20:48:45.485+0800] {processor.py:830} INFO - Processing file /Users/wanghaojin/Desktop/exchange@NUS/IS3107/HW/Project/news_data_pipeline/.venv/lib/python3.11/site-packages/airflow/example_dags/example_sensors.py for tasks to queue
[2024-04-12T20:48:45.485+0800] {logging_mixin.py:188} INFO - [2024-04-12T20:48:45.485+0800] {dagbag.py:538} INFO - Filling up the DagBag from /Users/wanghaojin/Desktop/exchange@NUS/IS3107/HW/Project/news_data_pipeline/.venv/lib/python3.11/site-packages/airflow/example_dags/example_sensors.py
[2024-04-12T20:48:45.493+0800] {processor.py:840} INFO - DAG(s) 'example_sensors' retrieved from /Users/wanghaojin/Desktop/exchange@NUS/IS3107/HW/Project/news_data_pipeline/.venv/lib/python3.11/site-packages/airflow/example_dags/example_sensors.py
[2024-04-12T20:48:45.620+0800] {logging_mixin.py:188} INFO - [2024-04-12T20:48:45.620+0800] {dag.py:3036} INFO - Sync 1 DAGs
[2024-04-12T20:48:45.625+0800] {logging_mixin.py:188} INFO - [2024-04-12T20:48:45.625+0800] {dag.py:3823} INFO - Setting next_dagrun for example_sensors to None, run_after=None
[2024-04-12T20:48:45.635+0800] {processor.py:183} INFO - Processing /Users/wanghaojin/Desktop/exchange@NUS/IS3107/HW/Project/news_data_pipeline/.venv/lib/python3.11/site-packages/airflow/example_dags/example_sensors.py took 0.152 seconds
[2024-04-12T20:50:04.308+0800] {processor.py:161} INFO - Started process (PID=11915) to work on /Users/wanghaojin/Desktop/exchange@NUS/IS3107/HW/Project/news_data_pipeline/.venv/lib/python3.11/site-packages/airflow/example_dags/example_sensors.py
[2024-04-12T20:50:04.310+0800] {processor.py:830} INFO - Processing file /Users/wanghaojin/Desktop/exchange@NUS/IS3107/HW/Project/news_data_pipeline/.venv/lib/python3.11/site-packages/airflow/example_dags/example_sensors.py for tasks to queue
[2024-04-12T20:50:04.310+0800] {logging_mixin.py:188} INFO - [2024-04-12T20:50:04.310+0800] {dagbag.py:538} INFO - Filling up the DagBag from /Users/wanghaojin/Desktop/exchange@NUS/IS3107/HW/Project/news_data_pipeline/.venv/lib/python3.11/site-packages/airflow/example_dags/example_sensors.py
[2024-04-12T20:50:04.322+0800] {processor.py:840} INFO - DAG(s) 'example_sensors' retrieved from /Users/wanghaojin/Desktop/exchange@NUS/IS3107/HW/Project/news_data_pipeline/.venv/lib/python3.11/site-packages/airflow/example_dags/example_sensors.py
[2024-04-12T20:50:04.494+0800] {logging_mixin.py:188} INFO - [2024-04-12T20:50:04.493+0800] {dag.py:3036} INFO - Sync 1 DAGs
[2024-04-12T20:50:04.499+0800] {logging_mixin.py:188} INFO - [2024-04-12T20:50:04.499+0800] {dag.py:3823} INFO - Setting next_dagrun for example_sensors to None, run_after=None
[2024-04-12T20:50:04.510+0800] {processor.py:183} INFO - Processing /Users/wanghaojin/Desktop/exchange@NUS/IS3107/HW/Project/news_data_pipeline/.venv/lib/python3.11/site-packages/airflow/example_dags/example_sensors.py took 0.202 seconds
[2024-04-12T20:51:49.045+0800] {processor.py:161} INFO - Started process (PID=12081) to work on /Users/wanghaojin/Desktop/exchange@NUS/IS3107/HW/Project/news_data_pipeline/.venv/lib/python3.11/site-packages/airflow/example_dags/example_sensors.py
[2024-04-12T20:51:49.046+0800] {processor.py:830} INFO - Processing file /Users/wanghaojin/Desktop/exchange@NUS/IS3107/HW/Project/news_data_pipeline/.venv/lib/python3.11/site-packages/airflow/example_dags/example_sensors.py for tasks to queue
[2024-04-12T20:51:49.046+0800] {logging_mixin.py:188} INFO - [2024-04-12T20:51:49.046+0800] {dagbag.py:538} INFO - Filling up the DagBag from /Users/wanghaojin/Desktop/exchange@NUS/IS3107/HW/Project/news_data_pipeline/.venv/lib/python3.11/site-packages/airflow/example_dags/example_sensors.py
[2024-04-12T20:51:49.055+0800] {processor.py:840} INFO - DAG(s) 'example_sensors' retrieved from /Users/wanghaojin/Desktop/exchange@NUS/IS3107/HW/Project/news_data_pipeline/.venv/lib/python3.11/site-packages/airflow/example_dags/example_sensors.py
[2024-04-12T20:51:49.138+0800] {logging_mixin.py:188} INFO - [2024-04-12T20:51:49.138+0800] {dag.py:3036} INFO - Sync 1 DAGs
[2024-04-12T20:51:49.143+0800] {logging_mixin.py:188} INFO - [2024-04-12T20:51:49.143+0800] {dag.py:3823} INFO - Setting next_dagrun for example_sensors to None, run_after=None
[2024-04-12T20:51:49.153+0800] {processor.py:183} INFO - Processing /Users/wanghaojin/Desktop/exchange@NUS/IS3107/HW/Project/news_data_pipeline/.venv/lib/python3.11/site-packages/airflow/example_dags/example_sensors.py took 0.108 seconds
[2024-04-12T20:54:15.093+0800] {processor.py:161} INFO - Started process (PID=12316) to work on /Users/wanghaojin/Desktop/exchange@NUS/IS3107/HW/Project/news_data_pipeline/.venv/lib/python3.11/site-packages/airflow/example_dags/example_sensors.py
[2024-04-12T20:54:15.094+0800] {processor.py:830} INFO - Processing file /Users/wanghaojin/Desktop/exchange@NUS/IS3107/HW/Project/news_data_pipeline/.venv/lib/python3.11/site-packages/airflow/example_dags/example_sensors.py for tasks to queue
[2024-04-12T20:54:15.095+0800] {logging_mixin.py:188} INFO - [2024-04-12T20:54:15.095+0800] {dagbag.py:538} INFO - Filling up the DagBag from /Users/wanghaojin/Desktop/exchange@NUS/IS3107/HW/Project/news_data_pipeline/.venv/lib/python3.11/site-packages/airflow/example_dags/example_sensors.py
[2024-04-12T20:54:15.103+0800] {processor.py:840} INFO - DAG(s) 'example_sensors' retrieved from /Users/wanghaojin/Desktop/exchange@NUS/IS3107/HW/Project/news_data_pipeline/.venv/lib/python3.11/site-packages/airflow/example_dags/example_sensors.py
[2024-04-12T20:54:15.190+0800] {logging_mixin.py:188} INFO - [2024-04-12T20:54:15.189+0800] {dag.py:3036} INFO - Sync 1 DAGs
[2024-04-12T20:54:15.194+0800] {logging_mixin.py:188} INFO - [2024-04-12T20:54:15.194+0800] {dag.py:3823} INFO - Setting next_dagrun for example_sensors to None, run_after=None
[2024-04-12T20:54:15.204+0800] {processor.py:183} INFO - Processing /Users/wanghaojin/Desktop/exchange@NUS/IS3107/HW/Project/news_data_pipeline/.venv/lib/python3.11/site-packages/airflow/example_dags/example_sensors.py took 0.112 seconds
[2024-04-12T20:56:48.473+0800] {processor.py:161} INFO - Started process (PID=12585) to work on /Users/wanghaojin/Desktop/exchange@NUS/IS3107/HW/Project/news_data_pipeline/.venv/lib/python3.11/site-packages/airflow/example_dags/example_sensors.py
[2024-04-12T20:56:48.474+0800] {processor.py:830} INFO - Processing file /Users/wanghaojin/Desktop/exchange@NUS/IS3107/HW/Project/news_data_pipeline/.venv/lib/python3.11/site-packages/airflow/example_dags/example_sensors.py for tasks to queue
[2024-04-12T20:56:48.474+0800] {logging_mixin.py:188} INFO - [2024-04-12T20:56:48.474+0800] {dagbag.py:538} INFO - Filling up the DagBag from /Users/wanghaojin/Desktop/exchange@NUS/IS3107/HW/Project/news_data_pipeline/.venv/lib/python3.11/site-packages/airflow/example_dags/example_sensors.py
[2024-04-12T20:56:48.483+0800] {processor.py:840} INFO - DAG(s) 'example_sensors' retrieved from /Users/wanghaojin/Desktop/exchange@NUS/IS3107/HW/Project/news_data_pipeline/.venv/lib/python3.11/site-packages/airflow/example_dags/example_sensors.py
[2024-04-12T20:56:48.567+0800] {logging_mixin.py:188} INFO - [2024-04-12T20:56:48.567+0800] {dag.py:3036} INFO - Sync 1 DAGs
[2024-04-12T20:56:48.572+0800] {logging_mixin.py:188} INFO - [2024-04-12T20:56:48.572+0800] {dag.py:3823} INFO - Setting next_dagrun for example_sensors to None, run_after=None
[2024-04-12T20:56:48.582+0800] {processor.py:183} INFO - Processing /Users/wanghaojin/Desktop/exchange@NUS/IS3107/HW/Project/news_data_pipeline/.venv/lib/python3.11/site-packages/airflow/example_dags/example_sensors.py took 0.110 seconds
[2024-04-12T20:59:04.649+0800] {processor.py:161} INFO - Started process (PID=12751) to work on /Users/wanghaojin/Desktop/exchange@NUS/IS3107/HW/Project/news_data_pipeline/.venv/lib/python3.11/site-packages/airflow/example_dags/example_sensors.py
[2024-04-12T20:59:04.651+0800] {processor.py:830} INFO - Processing file /Users/wanghaojin/Desktop/exchange@NUS/IS3107/HW/Project/news_data_pipeline/.venv/lib/python3.11/site-packages/airflow/example_dags/example_sensors.py for tasks to queue
[2024-04-12T20:59:04.651+0800] {logging_mixin.py:188} INFO - [2024-04-12T20:59:04.651+0800] {dagbag.py:538} INFO - Filling up the DagBag from /Users/wanghaojin/Desktop/exchange@NUS/IS3107/HW/Project/news_data_pipeline/.venv/lib/python3.11/site-packages/airflow/example_dags/example_sensors.py
[2024-04-12T20:59:04.659+0800] {processor.py:840} INFO - DAG(s) 'example_sensors' retrieved from /Users/wanghaojin/Desktop/exchange@NUS/IS3107/HW/Project/news_data_pipeline/.venv/lib/python3.11/site-packages/airflow/example_dags/example_sensors.py
[2024-04-12T20:59:04.747+0800] {logging_mixin.py:188} INFO - [2024-04-12T20:59:04.747+0800] {dag.py:3036} INFO - Sync 1 DAGs
[2024-04-12T20:59:04.752+0800] {logging_mixin.py:188} INFO - [2024-04-12T20:59:04.752+0800] {dag.py:3823} INFO - Setting next_dagrun for example_sensors to None, run_after=None
[2024-04-12T20:59:04.762+0800] {processor.py:183} INFO - Processing /Users/wanghaojin/Desktop/exchange@NUS/IS3107/HW/Project/news_data_pipeline/.venv/lib/python3.11/site-packages/airflow/example_dags/example_sensors.py took 0.113 seconds
[2024-04-12T21:01:35.419+0800] {processor.py:161} INFO - Started process (PID=13093) to work on /Users/wanghaojin/Desktop/exchange@NUS/IS3107/HW/Project/news_data_pipeline/.venv/lib/python3.11/site-packages/airflow/example_dags/example_sensors.py
[2024-04-12T21:01:35.420+0800] {processor.py:830} INFO - Processing file /Users/wanghaojin/Desktop/exchange@NUS/IS3107/HW/Project/news_data_pipeline/.venv/lib/python3.11/site-packages/airflow/example_dags/example_sensors.py for tasks to queue
[2024-04-12T21:01:35.420+0800] {logging_mixin.py:188} INFO - [2024-04-12T21:01:35.420+0800] {dagbag.py:538} INFO - Filling up the DagBag from /Users/wanghaojin/Desktop/exchange@NUS/IS3107/HW/Project/news_data_pipeline/.venv/lib/python3.11/site-packages/airflow/example_dags/example_sensors.py
[2024-04-12T21:01:35.428+0800] {processor.py:840} INFO - DAG(s) 'example_sensors' retrieved from /Users/wanghaojin/Desktop/exchange@NUS/IS3107/HW/Project/news_data_pipeline/.venv/lib/python3.11/site-packages/airflow/example_dags/example_sensors.py
[2024-04-12T21:01:35.513+0800] {logging_mixin.py:188} INFO - [2024-04-12T21:01:35.513+0800] {dag.py:3036} INFO - Sync 1 DAGs
[2024-04-12T21:01:35.518+0800] {logging_mixin.py:188} INFO - [2024-04-12T21:01:35.518+0800] {dag.py:3823} INFO - Setting next_dagrun for example_sensors to None, run_after=None
[2024-04-12T21:01:35.528+0800] {processor.py:183} INFO - Processing /Users/wanghaojin/Desktop/exchange@NUS/IS3107/HW/Project/news_data_pipeline/.venv/lib/python3.11/site-packages/airflow/example_dags/example_sensors.py took 0.110 seconds
[2024-04-12T21:03:54.434+0800] {processor.py:161} INFO - Started process (PID=13263) to work on /Users/wanghaojin/Desktop/exchange@NUS/IS3107/HW/Project/news_data_pipeline/.venv/lib/python3.11/site-packages/airflow/example_dags/example_sensors.py
[2024-04-12T21:03:54.435+0800] {processor.py:830} INFO - Processing file /Users/wanghaojin/Desktop/exchange@NUS/IS3107/HW/Project/news_data_pipeline/.venv/lib/python3.11/site-packages/airflow/example_dags/example_sensors.py for tasks to queue
[2024-04-12T21:03:54.435+0800] {logging_mixin.py:188} INFO - [2024-04-12T21:03:54.435+0800] {dagbag.py:538} INFO - Filling up the DagBag from /Users/wanghaojin/Desktop/exchange@NUS/IS3107/HW/Project/news_data_pipeline/.venv/lib/python3.11/site-packages/airflow/example_dags/example_sensors.py
[2024-04-12T21:03:54.444+0800] {processor.py:840} INFO - DAG(s) 'example_sensors' retrieved from /Users/wanghaojin/Desktop/exchange@NUS/IS3107/HW/Project/news_data_pipeline/.venv/lib/python3.11/site-packages/airflow/example_dags/example_sensors.py
[2024-04-12T21:03:54.527+0800] {logging_mixin.py:188} INFO - [2024-04-12T21:03:54.527+0800] {dag.py:3036} INFO - Sync 1 DAGs
[2024-04-12T21:03:54.532+0800] {logging_mixin.py:188} INFO - [2024-04-12T21:03:54.532+0800] {dag.py:3823} INFO - Setting next_dagrun for example_sensors to None, run_after=None
[2024-04-12T21:03:54.542+0800] {processor.py:183} INFO - Processing /Users/wanghaojin/Desktop/exchange@NUS/IS3107/HW/Project/news_data_pipeline/.venv/lib/python3.11/site-packages/airflow/example_dags/example_sensors.py took 0.109 seconds
[2024-04-12T21:06:21.782+0800] {processor.py:161} INFO - Started process (PID=13569) to work on /Users/wanghaojin/Desktop/exchange@NUS/IS3107/HW/Project/news_data_pipeline/.venv/lib/python3.11/site-packages/airflow/example_dags/example_sensors.py
[2024-04-12T21:06:21.784+0800] {processor.py:830} INFO - Processing file /Users/wanghaojin/Desktop/exchange@NUS/IS3107/HW/Project/news_data_pipeline/.venv/lib/python3.11/site-packages/airflow/example_dags/example_sensors.py for tasks to queue
[2024-04-12T21:06:21.784+0800] {logging_mixin.py:188} INFO - [2024-04-12T21:06:21.784+0800] {dagbag.py:538} INFO - Filling up the DagBag from /Users/wanghaojin/Desktop/exchange@NUS/IS3107/HW/Project/news_data_pipeline/.venv/lib/python3.11/site-packages/airflow/example_dags/example_sensors.py
[2024-04-12T21:06:21.791+0800] {processor.py:840} INFO - DAG(s) 'example_sensors' retrieved from /Users/wanghaojin/Desktop/exchange@NUS/IS3107/HW/Project/news_data_pipeline/.venv/lib/python3.11/site-packages/airflow/example_dags/example_sensors.py
[2024-04-12T21:06:21.876+0800] {logging_mixin.py:188} INFO - [2024-04-12T21:06:21.875+0800] {dag.py:3036} INFO - Sync 1 DAGs
[2024-04-12T21:06:21.880+0800] {logging_mixin.py:188} INFO - [2024-04-12T21:06:21.880+0800] {dag.py:3823} INFO - Setting next_dagrun for example_sensors to None, run_after=None
[2024-04-12T21:06:21.890+0800] {processor.py:183} INFO - Processing /Users/wanghaojin/Desktop/exchange@NUS/IS3107/HW/Project/news_data_pipeline/.venv/lib/python3.11/site-packages/airflow/example_dags/example_sensors.py took 0.109 seconds
[2024-04-12T21:08:41.476+0800] {processor.py:161} INFO - Started process (PID=13810) to work on /Users/wanghaojin/Desktop/exchange@NUS/IS3107/HW/Project/news_data_pipeline/.venv/lib/python3.11/site-packages/airflow/example_dags/example_sensors.py
[2024-04-12T21:08:41.478+0800] {processor.py:830} INFO - Processing file /Users/wanghaojin/Desktop/exchange@NUS/IS3107/HW/Project/news_data_pipeline/.venv/lib/python3.11/site-packages/airflow/example_dags/example_sensors.py for tasks to queue
[2024-04-12T21:08:41.478+0800] {logging_mixin.py:188} INFO - [2024-04-12T21:08:41.478+0800] {dagbag.py:538} INFO - Filling up the DagBag from /Users/wanghaojin/Desktop/exchange@NUS/IS3107/HW/Project/news_data_pipeline/.venv/lib/python3.11/site-packages/airflow/example_dags/example_sensors.py
[2024-04-12T21:08:41.486+0800] {processor.py:840} INFO - DAG(s) 'example_sensors' retrieved from /Users/wanghaojin/Desktop/exchange@NUS/IS3107/HW/Project/news_data_pipeline/.venv/lib/python3.11/site-packages/airflow/example_dags/example_sensors.py
[2024-04-12T21:08:41.572+0800] {logging_mixin.py:188} INFO - [2024-04-12T21:08:41.572+0800] {dag.py:3036} INFO - Sync 1 DAGs
[2024-04-12T21:08:41.576+0800] {logging_mixin.py:188} INFO - [2024-04-12T21:08:41.576+0800] {dag.py:3823} INFO - Setting next_dagrun for example_sensors to None, run_after=None
[2024-04-12T21:08:41.587+0800] {processor.py:183} INFO - Processing /Users/wanghaojin/Desktop/exchange@NUS/IS3107/HW/Project/news_data_pipeline/.venv/lib/python3.11/site-packages/airflow/example_dags/example_sensors.py took 0.111 seconds
[2024-04-12T21:10:59.906+0800] {processor.py:161} INFO - Started process (PID=14108) to work on /Users/wanghaojin/Desktop/exchange@NUS/IS3107/HW/Project/news_data_pipeline/.venv/lib/python3.11/site-packages/airflow/example_dags/example_sensors.py
[2024-04-12T21:10:59.907+0800] {processor.py:830} INFO - Processing file /Users/wanghaojin/Desktop/exchange@NUS/IS3107/HW/Project/news_data_pipeline/.venv/lib/python3.11/site-packages/airflow/example_dags/example_sensors.py for tasks to queue
[2024-04-12T21:10:59.908+0800] {logging_mixin.py:188} INFO - [2024-04-12T21:10:59.908+0800] {dagbag.py:538} INFO - Filling up the DagBag from /Users/wanghaojin/Desktop/exchange@NUS/IS3107/HW/Project/news_data_pipeline/.venv/lib/python3.11/site-packages/airflow/example_dags/example_sensors.py
[2024-04-12T21:10:59.916+0800] {processor.py:840} INFO - DAG(s) 'example_sensors' retrieved from /Users/wanghaojin/Desktop/exchange@NUS/IS3107/HW/Project/news_data_pipeline/.venv/lib/python3.11/site-packages/airflow/example_dags/example_sensors.py
[2024-04-12T21:11:00.003+0800] {logging_mixin.py:188} INFO - [2024-04-12T21:11:00.003+0800] {dag.py:3036} INFO - Sync 1 DAGs
[2024-04-12T21:11:00.008+0800] {logging_mixin.py:188} INFO - [2024-04-12T21:11:00.008+0800] {dag.py:3823} INFO - Setting next_dagrun for example_sensors to None, run_after=None
[2024-04-12T21:11:00.018+0800] {processor.py:183} INFO - Processing /Users/wanghaojin/Desktop/exchange@NUS/IS3107/HW/Project/news_data_pipeline/.venv/lib/python3.11/site-packages/airflow/example_dags/example_sensors.py took 0.113 seconds
[2024-04-12T21:13:19.831+0800] {processor.py:161} INFO - Started process (PID=14310) to work on /Users/wanghaojin/Desktop/exchange@NUS/IS3107/HW/Project/news_data_pipeline/.venv/lib/python3.11/site-packages/airflow/example_dags/example_sensors.py
[2024-04-12T21:13:19.833+0800] {processor.py:830} INFO - Processing file /Users/wanghaojin/Desktop/exchange@NUS/IS3107/HW/Project/news_data_pipeline/.venv/lib/python3.11/site-packages/airflow/example_dags/example_sensors.py for tasks to queue
[2024-04-12T21:13:19.833+0800] {logging_mixin.py:188} INFO - [2024-04-12T21:13:19.833+0800] {dagbag.py:538} INFO - Filling up the DagBag from /Users/wanghaojin/Desktop/exchange@NUS/IS3107/HW/Project/news_data_pipeline/.venv/lib/python3.11/site-packages/airflow/example_dags/example_sensors.py
[2024-04-12T21:13:19.842+0800] {processor.py:840} INFO - DAG(s) 'example_sensors' retrieved from /Users/wanghaojin/Desktop/exchange@NUS/IS3107/HW/Project/news_data_pipeline/.venv/lib/python3.11/site-packages/airflow/example_dags/example_sensors.py
[2024-04-12T21:13:19.929+0800] {logging_mixin.py:188} INFO - [2024-04-12T21:13:19.929+0800] {dag.py:3036} INFO - Sync 1 DAGs
[2024-04-12T21:13:19.933+0800] {logging_mixin.py:188} INFO - [2024-04-12T21:13:19.933+0800] {dag.py:3823} INFO - Setting next_dagrun for example_sensors to None, run_after=None
[2024-04-12T21:13:19.944+0800] {processor.py:183} INFO - Processing /Users/wanghaojin/Desktop/exchange@NUS/IS3107/HW/Project/news_data_pipeline/.venv/lib/python3.11/site-packages/airflow/example_dags/example_sensors.py took 0.113 seconds
[2024-04-12T21:15:30.459+0800] {processor.py:161} INFO - Started process (PID=14590) to work on /Users/wanghaojin/Desktop/exchange@NUS/IS3107/HW/Project/news_data_pipeline/.venv/lib/python3.11/site-packages/airflow/example_dags/example_sensors.py
[2024-04-12T21:15:30.461+0800] {processor.py:830} INFO - Processing file /Users/wanghaojin/Desktop/exchange@NUS/IS3107/HW/Project/news_data_pipeline/.venv/lib/python3.11/site-packages/airflow/example_dags/example_sensors.py for tasks to queue
[2024-04-12T21:15:30.461+0800] {logging_mixin.py:188} INFO - [2024-04-12T21:15:30.461+0800] {dagbag.py:538} INFO - Filling up the DagBag from /Users/wanghaojin/Desktop/exchange@NUS/IS3107/HW/Project/news_data_pipeline/.venv/lib/python3.11/site-packages/airflow/example_dags/example_sensors.py
[2024-04-12T21:15:30.494+0800] {processor.py:840} INFO - DAG(s) 'example_sensors' retrieved from /Users/wanghaojin/Desktop/exchange@NUS/IS3107/HW/Project/news_data_pipeline/.venv/lib/python3.11/site-packages/airflow/example_dags/example_sensors.py
[2024-04-12T21:15:30.684+0800] {logging_mixin.py:188} INFO - [2024-04-12T21:15:30.684+0800] {dag.py:3036} INFO - Sync 1 DAGs
[2024-04-12T21:15:30.690+0800] {logging_mixin.py:188} INFO - [2024-04-12T21:15:30.690+0800] {dag.py:3823} INFO - Setting next_dagrun for example_sensors to None, run_after=None
[2024-04-12T21:15:30.702+0800] {processor.py:183} INFO - Processing /Users/wanghaojin/Desktop/exchange@NUS/IS3107/HW/Project/news_data_pipeline/.venv/lib/python3.11/site-packages/airflow/example_dags/example_sensors.py took 0.244 seconds
[2024-04-12T21:17:11.786+0800] {processor.py:161} INFO - Started process (PID=14768) to work on /Users/wanghaojin/Desktop/exchange@NUS/IS3107/HW/Project/news_data_pipeline/.venv/lib/python3.11/site-packages/airflow/example_dags/example_sensors.py
[2024-04-12T21:17:11.787+0800] {processor.py:830} INFO - Processing file /Users/wanghaojin/Desktop/exchange@NUS/IS3107/HW/Project/news_data_pipeline/.venv/lib/python3.11/site-packages/airflow/example_dags/example_sensors.py for tasks to queue
[2024-04-12T21:17:11.788+0800] {logging_mixin.py:188} INFO - [2024-04-12T21:17:11.788+0800] {dagbag.py:538} INFO - Filling up the DagBag from /Users/wanghaojin/Desktop/exchange@NUS/IS3107/HW/Project/news_data_pipeline/.venv/lib/python3.11/site-packages/airflow/example_dags/example_sensors.py
[2024-04-12T21:17:11.796+0800] {processor.py:840} INFO - DAG(s) 'example_sensors' retrieved from /Users/wanghaojin/Desktop/exchange@NUS/IS3107/HW/Project/news_data_pipeline/.venv/lib/python3.11/site-packages/airflow/example_dags/example_sensors.py
[2024-04-12T21:17:11.880+0800] {logging_mixin.py:188} INFO - [2024-04-12T21:17:11.880+0800] {dag.py:3036} INFO - Sync 1 DAGs
[2024-04-12T21:17:11.885+0800] {logging_mixin.py:188} INFO - [2024-04-12T21:17:11.885+0800] {dag.py:3823} INFO - Setting next_dagrun for example_sensors to None, run_after=None
[2024-04-12T21:17:11.895+0800] {processor.py:183} INFO - Processing /Users/wanghaojin/Desktop/exchange@NUS/IS3107/HW/Project/news_data_pipeline/.venv/lib/python3.11/site-packages/airflow/example_dags/example_sensors.py took 0.110 seconds
[2024-04-12T21:19:25.547+0800] {processor.py:161} INFO - Started process (PID=14890) to work on /Users/wanghaojin/Desktop/exchange@NUS/IS3107/HW/Project/news_data_pipeline/.venv/lib/python3.11/site-packages/airflow/example_dags/example_sensors.py
[2024-04-12T21:19:25.548+0800] {processor.py:830} INFO - Processing file /Users/wanghaojin/Desktop/exchange@NUS/IS3107/HW/Project/news_data_pipeline/.venv/lib/python3.11/site-packages/airflow/example_dags/example_sensors.py for tasks to queue
[2024-04-12T21:19:25.548+0800] {logging_mixin.py:188} INFO - [2024-04-12T21:19:25.548+0800] {dagbag.py:538} INFO - Filling up the DagBag from /Users/wanghaojin/Desktop/exchange@NUS/IS3107/HW/Project/news_data_pipeline/.venv/lib/python3.11/site-packages/airflow/example_dags/example_sensors.py
[2024-04-12T21:19:25.556+0800] {processor.py:840} INFO - DAG(s) 'example_sensors' retrieved from /Users/wanghaojin/Desktop/exchange@NUS/IS3107/HW/Project/news_data_pipeline/.venv/lib/python3.11/site-packages/airflow/example_dags/example_sensors.py
[2024-04-12T21:19:25.643+0800] {logging_mixin.py:188} INFO - [2024-04-12T21:19:25.643+0800] {dag.py:3036} INFO - Sync 1 DAGs
[2024-04-12T21:19:25.648+0800] {logging_mixin.py:188} INFO - [2024-04-12T21:19:25.648+0800] {dag.py:3823} INFO - Setting next_dagrun for example_sensors to None, run_after=None
[2024-04-12T21:19:25.658+0800] {processor.py:183} INFO - Processing /Users/wanghaojin/Desktop/exchange@NUS/IS3107/HW/Project/news_data_pipeline/.venv/lib/python3.11/site-packages/airflow/example_dags/example_sensors.py took 0.112 seconds
[2024-04-12T21:37:45.362+0800] {processor.py:161} INFO - Started process (PID=16317) to work on /Users/wanghaojin/Desktop/exchange@NUS/IS3107/HW/Project/news_data_pipeline/.venv/lib/python3.11/site-packages/airflow/example_dags/example_sensors.py
[2024-04-12T21:37:45.364+0800] {processor.py:830} INFO - Processing file /Users/wanghaojin/Desktop/exchange@NUS/IS3107/HW/Project/news_data_pipeline/.venv/lib/python3.11/site-packages/airflow/example_dags/example_sensors.py for tasks to queue
[2024-04-12T21:37:45.365+0800] {logging_mixin.py:188} INFO - [2024-04-12T21:37:45.364+0800] {dagbag.py:538} INFO - Filling up the DagBag from /Users/wanghaojin/Desktop/exchange@NUS/IS3107/HW/Project/news_data_pipeline/.venv/lib/python3.11/site-packages/airflow/example_dags/example_sensors.py
[2024-04-12T21:37:45.378+0800] {processor.py:840} INFO - DAG(s) 'example_sensors' retrieved from /Users/wanghaojin/Desktop/exchange@NUS/IS3107/HW/Project/news_data_pipeline/.venv/lib/python3.11/site-packages/airflow/example_dags/example_sensors.py
[2024-04-12T21:37:45.616+0800] {logging_mixin.py:188} INFO - [2024-04-12T21:37:45.616+0800] {dag.py:3036} INFO - Sync 1 DAGs
[2024-04-12T21:37:45.624+0800] {logging_mixin.py:188} INFO - [2024-04-12T21:37:45.624+0800] {dag.py:3823} INFO - Setting next_dagrun for example_sensors to None, run_after=None
[2024-04-12T21:37:45.643+0800] {processor.py:183} INFO - Processing /Users/wanghaojin/Desktop/exchange@NUS/IS3107/HW/Project/news_data_pipeline/.venv/lib/python3.11/site-packages/airflow/example_dags/example_sensors.py took 0.282 seconds
[2024-04-12T21:40:07.704+0800] {processor.py:161} INFO - Started process (PID=16423) to work on /Users/wanghaojin/Desktop/exchange@NUS/IS3107/HW/Project/news_data_pipeline/.venv/lib/python3.11/site-packages/airflow/example_dags/example_sensors.py
[2024-04-12T21:40:07.705+0800] {processor.py:830} INFO - Processing file /Users/wanghaojin/Desktop/exchange@NUS/IS3107/HW/Project/news_data_pipeline/.venv/lib/python3.11/site-packages/airflow/example_dags/example_sensors.py for tasks to queue
[2024-04-12T21:40:07.705+0800] {logging_mixin.py:188} INFO - [2024-04-12T21:40:07.705+0800] {dagbag.py:538} INFO - Filling up the DagBag from /Users/wanghaojin/Desktop/exchange@NUS/IS3107/HW/Project/news_data_pipeline/.venv/lib/python3.11/site-packages/airflow/example_dags/example_sensors.py
[2024-04-12T21:40:07.717+0800] {processor.py:840} INFO - DAG(s) 'example_sensors' retrieved from /Users/wanghaojin/Desktop/exchange@NUS/IS3107/HW/Project/news_data_pipeline/.venv/lib/python3.11/site-packages/airflow/example_dags/example_sensors.py
[2024-04-12T21:40:07.872+0800] {logging_mixin.py:188} INFO - [2024-04-12T21:40:07.872+0800] {dag.py:3036} INFO - Sync 1 DAGs
[2024-04-12T21:40:07.881+0800] {logging_mixin.py:188} INFO - [2024-04-12T21:40:07.881+0800] {dag.py:3823} INFO - Setting next_dagrun for example_sensors to None, run_after=None
[2024-04-12T21:40:07.899+0800] {processor.py:183} INFO - Processing /Users/wanghaojin/Desktop/exchange@NUS/IS3107/HW/Project/news_data_pipeline/.venv/lib/python3.11/site-packages/airflow/example_dags/example_sensors.py took 0.196 seconds
[2024-04-12T21:43:55.425+0800] {processor.py:161} INFO - Started process (PID=16540) to work on /Users/wanghaojin/Desktop/exchange@NUS/IS3107/HW/Project/news_data_pipeline/.venv/lib/python3.11/site-packages/airflow/example_dags/example_sensors.py
[2024-04-12T21:43:55.428+0800] {processor.py:830} INFO - Processing file /Users/wanghaojin/Desktop/exchange@NUS/IS3107/HW/Project/news_data_pipeline/.venv/lib/python3.11/site-packages/airflow/example_dags/example_sensors.py for tasks to queue
[2024-04-12T21:43:55.429+0800] {logging_mixin.py:188} INFO - [2024-04-12T21:43:55.428+0800] {dagbag.py:538} INFO - Filling up the DagBag from /Users/wanghaojin/Desktop/exchange@NUS/IS3107/HW/Project/news_data_pipeline/.venv/lib/python3.11/site-packages/airflow/example_dags/example_sensors.py
[2024-04-12T21:43:55.446+0800] {processor.py:840} INFO - DAG(s) 'example_sensors' retrieved from /Users/wanghaojin/Desktop/exchange@NUS/IS3107/HW/Project/news_data_pipeline/.venv/lib/python3.11/site-packages/airflow/example_dags/example_sensors.py
[2024-04-12T21:43:55.612+0800] {logging_mixin.py:188} INFO - [2024-04-12T21:43:55.612+0800] {dag.py:3036} INFO - Sync 1 DAGs
[2024-04-12T21:43:55.622+0800] {logging_mixin.py:188} INFO - [2024-04-12T21:43:55.622+0800] {dag.py:3823} INFO - Setting next_dagrun for example_sensors to None, run_after=None
[2024-04-12T21:43:55.643+0800] {processor.py:183} INFO - Processing /Users/wanghaojin/Desktop/exchange@NUS/IS3107/HW/Project/news_data_pipeline/.venv/lib/python3.11/site-packages/airflow/example_dags/example_sensors.py took 0.220 seconds
[2024-04-12T21:51:00.272+0800] {processor.py:161} INFO - Started process (PID=16649) to work on /Users/wanghaojin/Desktop/exchange@NUS/IS3107/HW/Project/news_data_pipeline/.venv/lib/python3.11/site-packages/airflow/example_dags/example_sensors.py
[2024-04-12T21:51:00.273+0800] {processor.py:830} INFO - Processing file /Users/wanghaojin/Desktop/exchange@NUS/IS3107/HW/Project/news_data_pipeline/.venv/lib/python3.11/site-packages/airflow/example_dags/example_sensors.py for tasks to queue
[2024-04-12T21:51:00.274+0800] {logging_mixin.py:188} INFO - [2024-04-12T21:51:00.273+0800] {dagbag.py:538} INFO - Filling up the DagBag from /Users/wanghaojin/Desktop/exchange@NUS/IS3107/HW/Project/news_data_pipeline/.venv/lib/python3.11/site-packages/airflow/example_dags/example_sensors.py
[2024-04-12T21:51:00.286+0800] {processor.py:840} INFO - DAG(s) 'example_sensors' retrieved from /Users/wanghaojin/Desktop/exchange@NUS/IS3107/HW/Project/news_data_pipeline/.venv/lib/python3.11/site-packages/airflow/example_dags/example_sensors.py
[2024-04-12T21:51:00.428+0800] {logging_mixin.py:188} INFO - [2024-04-12T21:51:00.428+0800] {dag.py:3036} INFO - Sync 1 DAGs
[2024-04-12T21:51:00.436+0800] {logging_mixin.py:188} INFO - [2024-04-12T21:51:00.436+0800] {dag.py:3823} INFO - Setting next_dagrun for example_sensors to None, run_after=None
[2024-04-12T21:51:00.453+0800] {processor.py:183} INFO - Processing /Users/wanghaojin/Desktop/exchange@NUS/IS3107/HW/Project/news_data_pipeline/.venv/lib/python3.11/site-packages/airflow/example_dags/example_sensors.py took 0.183 seconds
