[2024-04-12T14:15:07.714+0800] {processor.py:161} INFO - Started process (PID=2625) to work on /Users/wanghaojin/Desktop/exchange@NUS/IS3107/HW/Project/news_data_pipeline/.venv/lib/python3.11/site-packages/airflow/example_dags/example_xcom.py
[2024-04-12T14:15:07.714+0800] {processor.py:830} INFO - Processing file /Users/wanghaojin/Desktop/exchange@NUS/IS3107/HW/Project/news_data_pipeline/.venv/lib/python3.11/site-packages/airflow/example_dags/example_xcom.py for tasks to queue
[2024-04-12T14:15:07.715+0800] {logging_mixin.py:188} INFO - [2024-04-12T14:15:07.715+0800] {dagbag.py:538} INFO - Filling up the DagBag from /Users/wanghaojin/Desktop/exchange@NUS/IS3107/HW/Project/news_data_pipeline/.venv/lib/python3.11/site-packages/airflow/example_dags/example_xcom.py
[2024-04-12T14:15:07.736+0800] {processor.py:840} INFO - DAG(s) 'example_xcom' retrieved from /Users/wanghaojin/Desktop/exchange@NUS/IS3107/HW/Project/news_data_pipeline/.venv/lib/python3.11/site-packages/airflow/example_dags/example_xcom.py
[2024-04-12T14:15:07.871+0800] {logging_mixin.py:188} INFO - [2024-04-12T14:15:07.871+0800] {override.py:1769} INFO - Created Permission View: can delete on DAG:example_xcom
[2024-04-12T14:15:07.879+0800] {logging_mixin.py:188} INFO - [2024-04-12T14:15:07.878+0800] {override.py:1769} INFO - Created Permission View: can edit on DAG:example_xcom
[2024-04-12T14:15:07.882+0800] {logging_mixin.py:188} INFO - [2024-04-12T14:15:07.881+0800] {override.py:1769} INFO - Created Permission View: can read on DAG:example_xcom
[2024-04-12T14:15:07.882+0800] {logging_mixin.py:188} INFO - [2024-04-12T14:15:07.882+0800] {dag.py:3036} INFO - Sync 1 DAGs
[2024-04-12T14:15:07.887+0800] {logging_mixin.py:188} INFO - [2024-04-12T14:15:07.887+0800] {dag.py:3058} INFO - Creating ORM DAG for example_xcom
[2024-04-12T14:15:07.891+0800] {logging_mixin.py:188} INFO - [2024-04-12T14:15:07.890+0800] {dag.py:3823} INFO - Setting next_dagrun for example_xcom to 2021-01-01 00:00:00+00:00, run_after=2021-01-01 00:00:00+00:00
[2024-04-12T14:15:07.901+0800] {processor.py:183} INFO - Processing /Users/wanghaojin/Desktop/exchange@NUS/IS3107/HW/Project/news_data_pipeline/.venv/lib/python3.11/site-packages/airflow/example_dags/example_xcom.py took 0.187 seconds
[2024-04-12T14:16:45.707+0800] {processor.py:161} INFO - Started process (PID=2827) to work on /Users/wanghaojin/Desktop/exchange@NUS/IS3107/HW/Project/news_data_pipeline/.venv/lib/python3.11/site-packages/airflow/example_dags/example_xcom.py
[2024-04-12T14:16:45.708+0800] {processor.py:830} INFO - Processing file /Users/wanghaojin/Desktop/exchange@NUS/IS3107/HW/Project/news_data_pipeline/.venv/lib/python3.11/site-packages/airflow/example_dags/example_xcom.py for tasks to queue
[2024-04-12T14:16:45.708+0800] {logging_mixin.py:188} INFO - [2024-04-12T14:16:45.708+0800] {dagbag.py:538} INFO - Filling up the DagBag from /Users/wanghaojin/Desktop/exchange@NUS/IS3107/HW/Project/news_data_pipeline/.venv/lib/python3.11/site-packages/airflow/example_dags/example_xcom.py
[2024-04-12T14:16:45.728+0800] {processor.py:840} INFO - DAG(s) 'example_xcom' retrieved from /Users/wanghaojin/Desktop/exchange@NUS/IS3107/HW/Project/news_data_pipeline/.venv/lib/python3.11/site-packages/airflow/example_dags/example_xcom.py
[2024-04-12T14:16:45.804+0800] {logging_mixin.py:188} INFO - [2024-04-12T14:16:45.803+0800] {dag.py:3036} INFO - Sync 1 DAGs
[2024-04-12T14:16:45.813+0800] {logging_mixin.py:188} INFO - [2024-04-12T14:16:45.813+0800] {dag.py:3823} INFO - Setting next_dagrun for example_xcom to 2021-01-01 00:00:00+00:00, run_after=2021-01-01 00:00:00+00:00
[2024-04-12T14:16:45.823+0800] {processor.py:183} INFO - Processing /Users/wanghaojin/Desktop/exchange@NUS/IS3107/HW/Project/news_data_pipeline/.venv/lib/python3.11/site-packages/airflow/example_dags/example_xcom.py took 0.117 seconds
[2024-04-12T14:17:50.276+0800] {processor.py:161} INFO - Started process (PID=2953) to work on /Users/wanghaojin/Desktop/exchange@NUS/IS3107/HW/Project/news_data_pipeline/.venv/lib/python3.11/site-packages/airflow/example_dags/example_xcom.py
[2024-04-12T14:17:50.277+0800] {processor.py:830} INFO - Processing file /Users/wanghaojin/Desktop/exchange@NUS/IS3107/HW/Project/news_data_pipeline/.venv/lib/python3.11/site-packages/airflow/example_dags/example_xcom.py for tasks to queue
[2024-04-12T14:17:50.277+0800] {logging_mixin.py:188} INFO - [2024-04-12T14:17:50.277+0800] {dagbag.py:538} INFO - Filling up the DagBag from /Users/wanghaojin/Desktop/exchange@NUS/IS3107/HW/Project/news_data_pipeline/.venv/lib/python3.11/site-packages/airflow/example_dags/example_xcom.py
[2024-04-12T14:17:50.297+0800] {processor.py:840} INFO - DAG(s) 'example_xcom' retrieved from /Users/wanghaojin/Desktop/exchange@NUS/IS3107/HW/Project/news_data_pipeline/.venv/lib/python3.11/site-packages/airflow/example_dags/example_xcom.py
[2024-04-12T14:17:50.373+0800] {logging_mixin.py:188} INFO - [2024-04-12T14:17:50.373+0800] {dag.py:3036} INFO - Sync 1 DAGs
[2024-04-12T14:17:50.382+0800] {logging_mixin.py:188} INFO - [2024-04-12T14:17:50.382+0800] {dag.py:3823} INFO - Setting next_dagrun for example_xcom to 2021-01-01 00:00:00+00:00, run_after=2021-01-01 00:00:00+00:00
[2024-04-12T14:17:50.392+0800] {processor.py:183} INFO - Processing /Users/wanghaojin/Desktop/exchange@NUS/IS3107/HW/Project/news_data_pipeline/.venv/lib/python3.11/site-packages/airflow/example_dags/example_xcom.py took 0.117 seconds
