[2024-04-12T19:28:11.520+0800] {processor.py:161} INFO - Started process (PID=3481) to work on /Users/wanghaojin/Desktop/exchange@NUS/IS3107/HW/Project/news_data_pipeline/.venv/lib/python3.11/site-packages/airflow/example_dags/example_branch_labels.py
[2024-04-12T19:28:11.521+0800] {processor.py:830} INFO - Processing file /Users/wanghaojin/Desktop/exchange@NUS/IS3107/HW/Project/news_data_pipeline/.venv/lib/python3.11/site-packages/airflow/example_dags/example_branch_labels.py for tasks to queue
[2024-04-12T19:28:11.521+0800] {logging_mixin.py:188} INFO - [2024-04-12T19:28:11.521+0800] {dagbag.py:538} INFO - Filling up the DagBag from /Users/wanghaojin/Desktop/exchange@NUS/IS3107/HW/Project/news_data_pipeline/.venv/lib/python3.11/site-packages/airflow/example_dags/example_branch_labels.py
[2024-04-12T19:28:11.526+0800] {processor.py:840} INFO - DAG(s) 'example_branch_labels' retrieved from /Users/wanghaojin/Desktop/exchange@NUS/IS3107/HW/Project/news_data_pipeline/.venv/lib/python3.11/site-packages/airflow/example_dags/example_branch_labels.py
[2024-04-12T19:28:11.615+0800] {logging_mixin.py:188} INFO - [2024-04-12T19:28:11.614+0800] {dag.py:3036} INFO - Sync 1 DAGs
[2024-04-12T19:28:11.625+0800] {logging_mixin.py:188} INFO - [2024-04-12T19:28:11.624+0800] {dag.py:3823} INFO - Setting next_dagrun for example_branch_labels to 2024-04-11 00:00:00+00:00, run_after=2024-04-12 00:00:00+00:00
[2024-04-12T19:28:11.634+0800] {processor.py:183} INFO - Processing /Users/wanghaojin/Desktop/exchange@NUS/IS3107/HW/Project/news_data_pipeline/.venv/lib/python3.11/site-packages/airflow/example_dags/example_branch_labels.py took 0.115 seconds
[2024-04-12T19:31:08.563+0800] {processor.py:161} INFO - Started process (PID=4217) to work on /Users/wanghaojin/Desktop/exchange@NUS/IS3107/HW/Project/news_data_pipeline/.venv/lib/python3.11/site-packages/airflow/example_dags/example_branch_labels.py
[2024-04-12T19:31:08.564+0800] {processor.py:830} INFO - Processing file /Users/wanghaojin/Desktop/exchange@NUS/IS3107/HW/Project/news_data_pipeline/.venv/lib/python3.11/site-packages/airflow/example_dags/example_branch_labels.py for tasks to queue
[2024-04-12T19:31:08.564+0800] {logging_mixin.py:188} INFO - [2024-04-12T19:31:08.564+0800] {dagbag.py:538} INFO - Filling up the DagBag from /Users/wanghaojin/Desktop/exchange@NUS/IS3107/HW/Project/news_data_pipeline/.venv/lib/python3.11/site-packages/airflow/example_dags/example_branch_labels.py
[2024-04-12T19:31:08.569+0800] {processor.py:840} INFO - DAG(s) 'example_branch_labels' retrieved from /Users/wanghaojin/Desktop/exchange@NUS/IS3107/HW/Project/news_data_pipeline/.venv/lib/python3.11/site-packages/airflow/example_dags/example_branch_labels.py
[2024-04-12T19:31:08.692+0800] {logging_mixin.py:188} INFO - [2024-04-12T19:31:08.692+0800] {dag.py:3036} INFO - Sync 1 DAGs
[2024-04-12T19:31:08.702+0800] {logging_mixin.py:188} INFO - [2024-04-12T19:31:08.702+0800] {dag.py:3823} INFO - Setting next_dagrun for example_branch_labels to 2024-04-11 00:00:00+00:00, run_after=2024-04-12 00:00:00+00:00
[2024-04-12T19:31:08.713+0800] {processor.py:183} INFO - Processing /Users/wanghaojin/Desktop/exchange@NUS/IS3107/HW/Project/news_data_pipeline/.venv/lib/python3.11/site-packages/airflow/example_dags/example_branch_labels.py took 0.150 seconds
[2024-04-12T19:32:56.520+0800] {processor.py:161} INFO - Started process (PID=4428) to work on /Users/wanghaojin/Desktop/exchange@NUS/IS3107/HW/Project/news_data_pipeline/.venv/lib/python3.11/site-packages/airflow/example_dags/example_branch_labels.py
[2024-04-12T19:32:56.521+0800] {processor.py:830} INFO - Processing file /Users/wanghaojin/Desktop/exchange@NUS/IS3107/HW/Project/news_data_pipeline/.venv/lib/python3.11/site-packages/airflow/example_dags/example_branch_labels.py for tasks to queue
[2024-04-12T19:32:56.521+0800] {logging_mixin.py:188} INFO - [2024-04-12T19:32:56.521+0800] {dagbag.py:538} INFO - Filling up the DagBag from /Users/wanghaojin/Desktop/exchange@NUS/IS3107/HW/Project/news_data_pipeline/.venv/lib/python3.11/site-packages/airflow/example_dags/example_branch_labels.py
[2024-04-12T19:32:56.526+0800] {processor.py:840} INFO - DAG(s) 'example_branch_labels' retrieved from /Users/wanghaojin/Desktop/exchange@NUS/IS3107/HW/Project/news_data_pipeline/.venv/lib/python3.11/site-packages/airflow/example_dags/example_branch_labels.py
[2024-04-12T19:32:56.647+0800] {logging_mixin.py:188} INFO - [2024-04-12T19:32:56.647+0800] {dag.py:3036} INFO - Sync 1 DAGs
[2024-04-12T19:32:56.656+0800] {logging_mixin.py:188} INFO - [2024-04-12T19:32:56.656+0800] {dag.py:3823} INFO - Setting next_dagrun for example_branch_labels to 2024-04-11 00:00:00+00:00, run_after=2024-04-12 00:00:00+00:00
[2024-04-12T19:32:56.666+0800] {processor.py:183} INFO - Processing /Users/wanghaojin/Desktop/exchange@NUS/IS3107/HW/Project/news_data_pipeline/.venv/lib/python3.11/site-packages/airflow/example_dags/example_branch_labels.py took 0.147 seconds
[2024-04-12T19:35:13.545+0800] {processor.py:161} INFO - Started process (PID=4627) to work on /Users/wanghaojin/Desktop/exchange@NUS/IS3107/HW/Project/news_data_pipeline/.venv/lib/python3.11/site-packages/airflow/example_dags/example_branch_labels.py
[2024-04-12T19:35:13.545+0800] {processor.py:830} INFO - Processing file /Users/wanghaojin/Desktop/exchange@NUS/IS3107/HW/Project/news_data_pipeline/.venv/lib/python3.11/site-packages/airflow/example_dags/example_branch_labels.py for tasks to queue
[2024-04-12T19:35:13.546+0800] {logging_mixin.py:188} INFO - [2024-04-12T19:35:13.546+0800] {dagbag.py:538} INFO - Filling up the DagBag from /Users/wanghaojin/Desktop/exchange@NUS/IS3107/HW/Project/news_data_pipeline/.venv/lib/python3.11/site-packages/airflow/example_dags/example_branch_labels.py
[2024-04-12T19:35:13.550+0800] {processor.py:840} INFO - DAG(s) 'example_branch_labels' retrieved from /Users/wanghaojin/Desktop/exchange@NUS/IS3107/HW/Project/news_data_pipeline/.venv/lib/python3.11/site-packages/airflow/example_dags/example_branch_labels.py
[2024-04-12T19:35:13.628+0800] {logging_mixin.py:188} INFO - [2024-04-12T19:35:13.628+0800] {dag.py:3036} INFO - Sync 1 DAGs
[2024-04-12T19:35:13.637+0800] {logging_mixin.py:188} INFO - [2024-04-12T19:35:13.637+0800] {dag.py:3823} INFO - Setting next_dagrun for example_branch_labels to 2024-04-11 00:00:00+00:00, run_after=2024-04-12 00:00:00+00:00
[2024-04-12T19:35:13.647+0800] {processor.py:183} INFO - Processing /Users/wanghaojin/Desktop/exchange@NUS/IS3107/HW/Project/news_data_pipeline/.venv/lib/python3.11/site-packages/airflow/example_dags/example_branch_labels.py took 0.103 seconds
[2024-04-12T19:37:29.956+0800] {processor.py:161} INFO - Started process (PID=4845) to work on /Users/wanghaojin/Desktop/exchange@NUS/IS3107/HW/Project/news_data_pipeline/.venv/lib/python3.11/site-packages/airflow/example_dags/example_branch_labels.py
[2024-04-12T19:37:29.957+0800] {processor.py:830} INFO - Processing file /Users/wanghaojin/Desktop/exchange@NUS/IS3107/HW/Project/news_data_pipeline/.venv/lib/python3.11/site-packages/airflow/example_dags/example_branch_labels.py for tasks to queue
[2024-04-12T19:37:29.957+0800] {logging_mixin.py:188} INFO - [2024-04-12T19:37:29.957+0800] {dagbag.py:538} INFO - Filling up the DagBag from /Users/wanghaojin/Desktop/exchange@NUS/IS3107/HW/Project/news_data_pipeline/.venv/lib/python3.11/site-packages/airflow/example_dags/example_branch_labels.py
[2024-04-12T19:37:29.962+0800] {processor.py:840} INFO - DAG(s) 'example_branch_labels' retrieved from /Users/wanghaojin/Desktop/exchange@NUS/IS3107/HW/Project/news_data_pipeline/.venv/lib/python3.11/site-packages/airflow/example_dags/example_branch_labels.py
[2024-04-12T19:37:30.040+0800] {logging_mixin.py:188} INFO - [2024-04-12T19:37:30.040+0800] {dag.py:3036} INFO - Sync 1 DAGs
[2024-04-12T19:37:30.049+0800] {logging_mixin.py:188} INFO - [2024-04-12T19:37:30.049+0800] {dag.py:3823} INFO - Setting next_dagrun for example_branch_labels to 2024-04-11 00:00:00+00:00, run_after=2024-04-12 00:00:00+00:00
[2024-04-12T19:37:30.059+0800] {processor.py:183} INFO - Processing /Users/wanghaojin/Desktop/exchange@NUS/IS3107/HW/Project/news_data_pipeline/.venv/lib/python3.11/site-packages/airflow/example_dags/example_branch_labels.py took 0.103 seconds
[2024-04-12T19:39:44.271+0800] {processor.py:161} INFO - Started process (PID=5060) to work on /Users/wanghaojin/Desktop/exchange@NUS/IS3107/HW/Project/news_data_pipeline/.venv/lib/python3.11/site-packages/airflow/example_dags/example_branch_labels.py
[2024-04-12T19:39:44.272+0800] {processor.py:830} INFO - Processing file /Users/wanghaojin/Desktop/exchange@NUS/IS3107/HW/Project/news_data_pipeline/.venv/lib/python3.11/site-packages/airflow/example_dags/example_branch_labels.py for tasks to queue
[2024-04-12T19:39:44.272+0800] {logging_mixin.py:188} INFO - [2024-04-12T19:39:44.272+0800] {dagbag.py:538} INFO - Filling up the DagBag from /Users/wanghaojin/Desktop/exchange@NUS/IS3107/HW/Project/news_data_pipeline/.venv/lib/python3.11/site-packages/airflow/example_dags/example_branch_labels.py
[2024-04-12T19:39:44.277+0800] {processor.py:840} INFO - DAG(s) 'example_branch_labels' retrieved from /Users/wanghaojin/Desktop/exchange@NUS/IS3107/HW/Project/news_data_pipeline/.venv/lib/python3.11/site-packages/airflow/example_dags/example_branch_labels.py
[2024-04-12T19:39:44.355+0800] {logging_mixin.py:188} INFO - [2024-04-12T19:39:44.355+0800] {dag.py:3036} INFO - Sync 1 DAGs
[2024-04-12T19:39:44.364+0800] {logging_mixin.py:188} INFO - [2024-04-12T19:39:44.364+0800] {dag.py:3823} INFO - Setting next_dagrun for example_branch_labels to 2024-04-11 00:00:00+00:00, run_after=2024-04-12 00:00:00+00:00
[2024-04-12T19:39:44.374+0800] {processor.py:183} INFO - Processing /Users/wanghaojin/Desktop/exchange@NUS/IS3107/HW/Project/news_data_pipeline/.venv/lib/python3.11/site-packages/airflow/example_dags/example_branch_labels.py took 0.103 seconds
[2024-04-12T19:41:59.308+0800] {processor.py:161} INFO - Started process (PID=5270) to work on /Users/wanghaojin/Desktop/exchange@NUS/IS3107/HW/Project/news_data_pipeline/.venv/lib/python3.11/site-packages/airflow/example_dags/example_branch_labels.py
[2024-04-12T19:41:59.309+0800] {processor.py:830} INFO - Processing file /Users/wanghaojin/Desktop/exchange@NUS/IS3107/HW/Project/news_data_pipeline/.venv/lib/python3.11/site-packages/airflow/example_dags/example_branch_labels.py for tasks to queue
[2024-04-12T19:41:59.309+0800] {logging_mixin.py:188} INFO - [2024-04-12T19:41:59.309+0800] {dagbag.py:538} INFO - Filling up the DagBag from /Users/wanghaojin/Desktop/exchange@NUS/IS3107/HW/Project/news_data_pipeline/.venv/lib/python3.11/site-packages/airflow/example_dags/example_branch_labels.py
[2024-04-12T19:41:59.314+0800] {processor.py:840} INFO - DAG(s) 'example_branch_labels' retrieved from /Users/wanghaojin/Desktop/exchange@NUS/IS3107/HW/Project/news_data_pipeline/.venv/lib/python3.11/site-packages/airflow/example_dags/example_branch_labels.py
[2024-04-12T19:41:59.392+0800] {logging_mixin.py:188} INFO - [2024-04-12T19:41:59.392+0800] {dag.py:3036} INFO - Sync 1 DAGs
[2024-04-12T19:41:59.401+0800] {logging_mixin.py:188} INFO - [2024-04-12T19:41:59.401+0800] {dag.py:3823} INFO - Setting next_dagrun for example_branch_labels to 2024-04-11 00:00:00+00:00, run_after=2024-04-12 00:00:00+00:00
[2024-04-12T19:41:59.411+0800] {processor.py:183} INFO - Processing /Users/wanghaojin/Desktop/exchange@NUS/IS3107/HW/Project/news_data_pipeline/.venv/lib/python3.11/site-packages/airflow/example_dags/example_branch_labels.py took 0.103 seconds
[2024-04-12T19:44:14.861+0800] {processor.py:161} INFO - Started process (PID=5486) to work on /Users/wanghaojin/Desktop/exchange@NUS/IS3107/HW/Project/news_data_pipeline/.venv/lib/python3.11/site-packages/airflow/example_dags/example_branch_labels.py
[2024-04-12T19:44:14.862+0800] {processor.py:830} INFO - Processing file /Users/wanghaojin/Desktop/exchange@NUS/IS3107/HW/Project/news_data_pipeline/.venv/lib/python3.11/site-packages/airflow/example_dags/example_branch_labels.py for tasks to queue
[2024-04-12T19:44:14.862+0800] {logging_mixin.py:188} INFO - [2024-04-12T19:44:14.862+0800] {dagbag.py:538} INFO - Filling up the DagBag from /Users/wanghaojin/Desktop/exchange@NUS/IS3107/HW/Project/news_data_pipeline/.venv/lib/python3.11/site-packages/airflow/example_dags/example_branch_labels.py
[2024-04-12T19:44:14.867+0800] {processor.py:840} INFO - DAG(s) 'example_branch_labels' retrieved from /Users/wanghaojin/Desktop/exchange@NUS/IS3107/HW/Project/news_data_pipeline/.venv/lib/python3.11/site-packages/airflow/example_dags/example_branch_labels.py
[2024-04-12T19:44:14.945+0800] {logging_mixin.py:188} INFO - [2024-04-12T19:44:14.945+0800] {dag.py:3036} INFO - Sync 1 DAGs
[2024-04-12T19:44:14.955+0800] {logging_mixin.py:188} INFO - [2024-04-12T19:44:14.955+0800] {dag.py:3823} INFO - Setting next_dagrun for example_branch_labels to 2024-04-11 00:00:00+00:00, run_after=2024-04-12 00:00:00+00:00
[2024-04-12T19:44:14.965+0800] {processor.py:183} INFO - Processing /Users/wanghaojin/Desktop/exchange@NUS/IS3107/HW/Project/news_data_pipeline/.venv/lib/python3.11/site-packages/airflow/example_dags/example_branch_labels.py took 0.104 seconds
[2024-04-12T19:46:30.937+0800] {processor.py:161} INFO - Started process (PID=5675) to work on /Users/wanghaojin/Desktop/exchange@NUS/IS3107/HW/Project/news_data_pipeline/.venv/lib/python3.11/site-packages/airflow/example_dags/example_branch_labels.py
[2024-04-12T19:46:30.938+0800] {processor.py:830} INFO - Processing file /Users/wanghaojin/Desktop/exchange@NUS/IS3107/HW/Project/news_data_pipeline/.venv/lib/python3.11/site-packages/airflow/example_dags/example_branch_labels.py for tasks to queue
[2024-04-12T19:46:30.939+0800] {logging_mixin.py:188} INFO - [2024-04-12T19:46:30.938+0800] {dagbag.py:538} INFO - Filling up the DagBag from /Users/wanghaojin/Desktop/exchange@NUS/IS3107/HW/Project/news_data_pipeline/.venv/lib/python3.11/site-packages/airflow/example_dags/example_branch_labels.py
[2024-04-12T19:46:30.943+0800] {processor.py:840} INFO - DAG(s) 'example_branch_labels' retrieved from /Users/wanghaojin/Desktop/exchange@NUS/IS3107/HW/Project/news_data_pipeline/.venv/lib/python3.11/site-packages/airflow/example_dags/example_branch_labels.py
[2024-04-12T19:46:31.021+0800] {logging_mixin.py:188} INFO - [2024-04-12T19:46:31.021+0800] {dag.py:3036} INFO - Sync 1 DAGs
[2024-04-12T19:46:31.030+0800] {logging_mixin.py:188} INFO - [2024-04-12T19:46:31.030+0800] {dag.py:3823} INFO - Setting next_dagrun for example_branch_labels to 2024-04-11 00:00:00+00:00, run_after=2024-04-12 00:00:00+00:00
[2024-04-12T19:46:31.040+0800] {processor.py:183} INFO - Processing /Users/wanghaojin/Desktop/exchange@NUS/IS3107/HW/Project/news_data_pipeline/.venv/lib/python3.11/site-packages/airflow/example_dags/example_branch_labels.py took 0.104 seconds
[2024-04-12T19:48:47.443+0800] {processor.py:161} INFO - Started process (PID=5880) to work on /Users/wanghaojin/Desktop/exchange@NUS/IS3107/HW/Project/news_data_pipeline/.venv/lib/python3.11/site-packages/airflow/example_dags/example_branch_labels.py
[2024-04-12T19:48:47.443+0800] {processor.py:830} INFO - Processing file /Users/wanghaojin/Desktop/exchange@NUS/IS3107/HW/Project/news_data_pipeline/.venv/lib/python3.11/site-packages/airflow/example_dags/example_branch_labels.py for tasks to queue
[2024-04-12T19:48:47.444+0800] {logging_mixin.py:188} INFO - [2024-04-12T19:48:47.444+0800] {dagbag.py:538} INFO - Filling up the DagBag from /Users/wanghaojin/Desktop/exchange@NUS/IS3107/HW/Project/news_data_pipeline/.venv/lib/python3.11/site-packages/airflow/example_dags/example_branch_labels.py
[2024-04-12T19:48:47.448+0800] {processor.py:840} INFO - DAG(s) 'example_branch_labels' retrieved from /Users/wanghaojin/Desktop/exchange@NUS/IS3107/HW/Project/news_data_pipeline/.venv/lib/python3.11/site-packages/airflow/example_dags/example_branch_labels.py
[2024-04-12T19:48:47.528+0800] {logging_mixin.py:188} INFO - [2024-04-12T19:48:47.528+0800] {dag.py:3036} INFO - Sync 1 DAGs
[2024-04-12T19:48:47.537+0800] {logging_mixin.py:188} INFO - [2024-04-12T19:48:47.537+0800] {dag.py:3823} INFO - Setting next_dagrun for example_branch_labels to 2024-04-11 00:00:00+00:00, run_after=2024-04-12 00:00:00+00:00
[2024-04-12T19:48:47.547+0800] {processor.py:183} INFO - Processing /Users/wanghaojin/Desktop/exchange@NUS/IS3107/HW/Project/news_data_pipeline/.venv/lib/python3.11/site-packages/airflow/example_dags/example_branch_labels.py took 0.105 seconds
[2024-04-12T19:51:03.575+0800] {processor.py:161} INFO - Started process (PID=6069) to work on /Users/wanghaojin/Desktop/exchange@NUS/IS3107/HW/Project/news_data_pipeline/.venv/lib/python3.11/site-packages/airflow/example_dags/example_branch_labels.py
[2024-04-12T19:51:03.576+0800] {processor.py:830} INFO - Processing file /Users/wanghaojin/Desktop/exchange@NUS/IS3107/HW/Project/news_data_pipeline/.venv/lib/python3.11/site-packages/airflow/example_dags/example_branch_labels.py for tasks to queue
[2024-04-12T19:51:03.576+0800] {logging_mixin.py:188} INFO - [2024-04-12T19:51:03.576+0800] {dagbag.py:538} INFO - Filling up the DagBag from /Users/wanghaojin/Desktop/exchange@NUS/IS3107/HW/Project/news_data_pipeline/.venv/lib/python3.11/site-packages/airflow/example_dags/example_branch_labels.py
[2024-04-12T19:51:03.581+0800] {processor.py:840} INFO - DAG(s) 'example_branch_labels' retrieved from /Users/wanghaojin/Desktop/exchange@NUS/IS3107/HW/Project/news_data_pipeline/.venv/lib/python3.11/site-packages/airflow/example_dags/example_branch_labels.py
[2024-04-12T19:51:03.659+0800] {logging_mixin.py:188} INFO - [2024-04-12T19:51:03.658+0800] {dag.py:3036} INFO - Sync 1 DAGs
[2024-04-12T19:51:03.668+0800] {logging_mixin.py:188} INFO - [2024-04-12T19:51:03.668+0800] {dag.py:3823} INFO - Setting next_dagrun for example_branch_labels to 2024-04-11 00:00:00+00:00, run_after=2024-04-12 00:00:00+00:00
[2024-04-12T19:51:03.678+0800] {processor.py:183} INFO - Processing /Users/wanghaojin/Desktop/exchange@NUS/IS3107/HW/Project/news_data_pipeline/.venv/lib/python3.11/site-packages/airflow/example_dags/example_branch_labels.py took 0.103 seconds
[2024-04-12T19:53:16.768+0800] {processor.py:161} INFO - Started process (PID=6244) to work on /Users/wanghaojin/Desktop/exchange@NUS/IS3107/HW/Project/news_data_pipeline/.venv/lib/python3.11/site-packages/airflow/example_dags/example_branch_labels.py
[2024-04-12T19:53:16.768+0800] {processor.py:830} INFO - Processing file /Users/wanghaojin/Desktop/exchange@NUS/IS3107/HW/Project/news_data_pipeline/.venv/lib/python3.11/site-packages/airflow/example_dags/example_branch_labels.py for tasks to queue
[2024-04-12T19:53:16.769+0800] {logging_mixin.py:188} INFO - [2024-04-12T19:53:16.769+0800] {dagbag.py:538} INFO - Filling up the DagBag from /Users/wanghaojin/Desktop/exchange@NUS/IS3107/HW/Project/news_data_pipeline/.venv/lib/python3.11/site-packages/airflow/example_dags/example_branch_labels.py
[2024-04-12T19:53:16.773+0800] {processor.py:840} INFO - DAG(s) 'example_branch_labels' retrieved from /Users/wanghaojin/Desktop/exchange@NUS/IS3107/HW/Project/news_data_pipeline/.venv/lib/python3.11/site-packages/airflow/example_dags/example_branch_labels.py
[2024-04-12T19:53:16.851+0800] {logging_mixin.py:188} INFO - [2024-04-12T19:53:16.851+0800] {dag.py:3036} INFO - Sync 1 DAGs
[2024-04-12T19:53:16.860+0800] {logging_mixin.py:188} INFO - [2024-04-12T19:53:16.860+0800] {dag.py:3823} INFO - Setting next_dagrun for example_branch_labels to 2024-04-11 00:00:00+00:00, run_after=2024-04-12 00:00:00+00:00
[2024-04-12T19:53:16.870+0800] {processor.py:183} INFO - Processing /Users/wanghaojin/Desktop/exchange@NUS/IS3107/HW/Project/news_data_pipeline/.venv/lib/python3.11/site-packages/airflow/example_dags/example_branch_labels.py took 0.103 seconds
[2024-04-12T19:55:34.069+0800] {processor.py:161} INFO - Started process (PID=6418) to work on /Users/wanghaojin/Desktop/exchange@NUS/IS3107/HW/Project/news_data_pipeline/.venv/lib/python3.11/site-packages/airflow/example_dags/example_branch_labels.py
[2024-04-12T19:55:34.070+0800] {processor.py:830} INFO - Processing file /Users/wanghaojin/Desktop/exchange@NUS/IS3107/HW/Project/news_data_pipeline/.venv/lib/python3.11/site-packages/airflow/example_dags/example_branch_labels.py for tasks to queue
[2024-04-12T19:55:34.071+0800] {logging_mixin.py:188} INFO - [2024-04-12T19:55:34.070+0800] {dagbag.py:538} INFO - Filling up the DagBag from /Users/wanghaojin/Desktop/exchange@NUS/IS3107/HW/Project/news_data_pipeline/.venv/lib/python3.11/site-packages/airflow/example_dags/example_branch_labels.py
[2024-04-12T19:55:34.076+0800] {processor.py:840} INFO - DAG(s) 'example_branch_labels' retrieved from /Users/wanghaojin/Desktop/exchange@NUS/IS3107/HW/Project/news_data_pipeline/.venv/lib/python3.11/site-packages/airflow/example_dags/example_branch_labels.py
[2024-04-12T19:55:34.153+0800] {logging_mixin.py:188} INFO - [2024-04-12T19:55:34.153+0800] {dag.py:3036} INFO - Sync 1 DAGs
[2024-04-12T19:55:34.162+0800] {logging_mixin.py:188} INFO - [2024-04-12T19:55:34.162+0800] {dag.py:3823} INFO - Setting next_dagrun for example_branch_labels to 2024-04-11 00:00:00+00:00, run_after=2024-04-12 00:00:00+00:00
[2024-04-12T19:55:34.172+0800] {processor.py:183} INFO - Processing /Users/wanghaojin/Desktop/exchange@NUS/IS3107/HW/Project/news_data_pipeline/.venv/lib/python3.11/site-packages/airflow/example_dags/example_branch_labels.py took 0.104 seconds
[2024-04-12T19:57:46.436+0800] {processor.py:161} INFO - Started process (PID=6544) to work on /Users/wanghaojin/Desktop/exchange@NUS/IS3107/HW/Project/news_data_pipeline/.venv/lib/python3.11/site-packages/airflow/example_dags/example_branch_labels.py
[2024-04-12T19:57:46.437+0800] {processor.py:830} INFO - Processing file /Users/wanghaojin/Desktop/exchange@NUS/IS3107/HW/Project/news_data_pipeline/.venv/lib/python3.11/site-packages/airflow/example_dags/example_branch_labels.py for tasks to queue
[2024-04-12T19:57:46.437+0800] {logging_mixin.py:188} INFO - [2024-04-12T19:57:46.437+0800] {dagbag.py:538} INFO - Filling up the DagBag from /Users/wanghaojin/Desktop/exchange@NUS/IS3107/HW/Project/news_data_pipeline/.venv/lib/python3.11/site-packages/airflow/example_dags/example_branch_labels.py
[2024-04-12T19:57:46.442+0800] {processor.py:840} INFO - DAG(s) 'example_branch_labels' retrieved from /Users/wanghaojin/Desktop/exchange@NUS/IS3107/HW/Project/news_data_pipeline/.venv/lib/python3.11/site-packages/airflow/example_dags/example_branch_labels.py
[2024-04-12T19:57:46.521+0800] {logging_mixin.py:188} INFO - [2024-04-12T19:57:46.521+0800] {dag.py:3036} INFO - Sync 1 DAGs
[2024-04-12T19:57:46.531+0800] {logging_mixin.py:188} INFO - [2024-04-12T19:57:46.530+0800] {dag.py:3823} INFO - Setting next_dagrun for example_branch_labels to 2024-04-11 00:00:00+00:00, run_after=2024-04-12 00:00:00+00:00
[2024-04-12T19:57:46.541+0800] {processor.py:183} INFO - Processing /Users/wanghaojin/Desktop/exchange@NUS/IS3107/HW/Project/news_data_pipeline/.venv/lib/python3.11/site-packages/airflow/example_dags/example_branch_labels.py took 0.105 seconds
[2024-04-12T20:00:00.160+0800] {processor.py:161} INFO - Started process (PID=6690) to work on /Users/wanghaojin/Desktop/exchange@NUS/IS3107/HW/Project/news_data_pipeline/.venv/lib/python3.11/site-packages/airflow/example_dags/example_branch_labels.py
[2024-04-12T20:00:00.160+0800] {processor.py:830} INFO - Processing file /Users/wanghaojin/Desktop/exchange@NUS/IS3107/HW/Project/news_data_pipeline/.venv/lib/python3.11/site-packages/airflow/example_dags/example_branch_labels.py for tasks to queue
[2024-04-12T20:00:00.160+0800] {logging_mixin.py:188} INFO - [2024-04-12T20:00:00.160+0800] {dagbag.py:538} INFO - Filling up the DagBag from /Users/wanghaojin/Desktop/exchange@NUS/IS3107/HW/Project/news_data_pipeline/.venv/lib/python3.11/site-packages/airflow/example_dags/example_branch_labels.py
[2024-04-12T20:00:00.166+0800] {processor.py:840} INFO - DAG(s) 'example_branch_labels' retrieved from /Users/wanghaojin/Desktop/exchange@NUS/IS3107/HW/Project/news_data_pipeline/.venv/lib/python3.11/site-packages/airflow/example_dags/example_branch_labels.py
[2024-04-12T20:00:00.244+0800] {logging_mixin.py:188} INFO - [2024-04-12T20:00:00.244+0800] {dag.py:3036} INFO - Sync 1 DAGs
[2024-04-12T20:00:00.253+0800] {logging_mixin.py:188} INFO - [2024-04-12T20:00:00.253+0800] {dag.py:3823} INFO - Setting next_dagrun for example_branch_labels to 2024-04-11 00:00:00+00:00, run_after=2024-04-12 00:00:00+00:00
[2024-04-12T20:00:00.263+0800] {processor.py:183} INFO - Processing /Users/wanghaojin/Desktop/exchange@NUS/IS3107/HW/Project/news_data_pipeline/.venv/lib/python3.11/site-packages/airflow/example_dags/example_branch_labels.py took 0.104 seconds
[2024-04-12T20:02:17.097+0800] {processor.py:161} INFO - Started process (PID=6866) to work on /Users/wanghaojin/Desktop/exchange@NUS/IS3107/HW/Project/news_data_pipeline/.venv/lib/python3.11/site-packages/airflow/example_dags/example_branch_labels.py
[2024-04-12T20:02:17.098+0800] {processor.py:830} INFO - Processing file /Users/wanghaojin/Desktop/exchange@NUS/IS3107/HW/Project/news_data_pipeline/.venv/lib/python3.11/site-packages/airflow/example_dags/example_branch_labels.py for tasks to queue
[2024-04-12T20:02:17.099+0800] {logging_mixin.py:188} INFO - [2024-04-12T20:02:17.099+0800] {dagbag.py:538} INFO - Filling up the DagBag from /Users/wanghaojin/Desktop/exchange@NUS/IS3107/HW/Project/news_data_pipeline/.venv/lib/python3.11/site-packages/airflow/example_dags/example_branch_labels.py
[2024-04-12T20:02:17.103+0800] {processor.py:840} INFO - DAG(s) 'example_branch_labels' retrieved from /Users/wanghaojin/Desktop/exchange@NUS/IS3107/HW/Project/news_data_pipeline/.venv/lib/python3.11/site-packages/airflow/example_dags/example_branch_labels.py
[2024-04-12T20:02:17.181+0800] {logging_mixin.py:188} INFO - [2024-04-12T20:02:17.181+0800] {dag.py:3036} INFO - Sync 1 DAGs
[2024-04-12T20:02:17.190+0800] {logging_mixin.py:188} INFO - [2024-04-12T20:02:17.190+0800] {dag.py:3823} INFO - Setting next_dagrun for example_branch_labels to 2024-04-11 00:00:00+00:00, run_after=2024-04-12 00:00:00+00:00
[2024-04-12T20:02:17.200+0800] {processor.py:183} INFO - Processing /Users/wanghaojin/Desktop/exchange@NUS/IS3107/HW/Project/news_data_pipeline/.venv/lib/python3.11/site-packages/airflow/example_dags/example_branch_labels.py took 0.103 seconds
[2024-04-12T20:04:38.334+0800] {processor.py:161} INFO - Started process (PID=7188) to work on /Users/wanghaojin/Desktop/exchange@NUS/IS3107/HW/Project/news_data_pipeline/.venv/lib/python3.11/site-packages/airflow/example_dags/example_branch_labels.py
[2024-04-12T20:04:38.336+0800] {processor.py:830} INFO - Processing file /Users/wanghaojin/Desktop/exchange@NUS/IS3107/HW/Project/news_data_pipeline/.venv/lib/python3.11/site-packages/airflow/example_dags/example_branch_labels.py for tasks to queue
[2024-04-12T20:04:38.336+0800] {logging_mixin.py:188} INFO - [2024-04-12T20:04:38.336+0800] {dagbag.py:538} INFO - Filling up the DagBag from /Users/wanghaojin/Desktop/exchange@NUS/IS3107/HW/Project/news_data_pipeline/.venv/lib/python3.11/site-packages/airflow/example_dags/example_branch_labels.py
[2024-04-12T20:04:38.341+0800] {processor.py:840} INFO - DAG(s) 'example_branch_labels' retrieved from /Users/wanghaojin/Desktop/exchange@NUS/IS3107/HW/Project/news_data_pipeline/.venv/lib/python3.11/site-packages/airflow/example_dags/example_branch_labels.py
[2024-04-12T20:04:38.418+0800] {logging_mixin.py:188} INFO - [2024-04-12T20:04:38.418+0800] {dag.py:3036} INFO - Sync 1 DAGs
[2024-04-12T20:04:38.427+0800] {logging_mixin.py:188} INFO - [2024-04-12T20:04:38.427+0800] {dag.py:3823} INFO - Setting next_dagrun for example_branch_labels to 2024-04-11 00:00:00+00:00, run_after=2024-04-12 00:00:00+00:00
[2024-04-12T20:04:38.437+0800] {processor.py:183} INFO - Processing /Users/wanghaojin/Desktop/exchange@NUS/IS3107/HW/Project/news_data_pipeline/.venv/lib/python3.11/site-packages/airflow/example_dags/example_branch_labels.py took 0.104 seconds
[2024-04-12T20:06:54.903+0800] {processor.py:161} INFO - Started process (PID=7405) to work on /Users/wanghaojin/Desktop/exchange@NUS/IS3107/HW/Project/news_data_pipeline/.venv/lib/python3.11/site-packages/airflow/example_dags/example_branch_labels.py
[2024-04-12T20:06:54.904+0800] {processor.py:830} INFO - Processing file /Users/wanghaojin/Desktop/exchange@NUS/IS3107/HW/Project/news_data_pipeline/.venv/lib/python3.11/site-packages/airflow/example_dags/example_branch_labels.py for tasks to queue
[2024-04-12T20:06:54.904+0800] {logging_mixin.py:188} INFO - [2024-04-12T20:06:54.904+0800] {dagbag.py:538} INFO - Filling up the DagBag from /Users/wanghaojin/Desktop/exchange@NUS/IS3107/HW/Project/news_data_pipeline/.venv/lib/python3.11/site-packages/airflow/example_dags/example_branch_labels.py
[2024-04-12T20:06:54.909+0800] {processor.py:840} INFO - DAG(s) 'example_branch_labels' retrieved from /Users/wanghaojin/Desktop/exchange@NUS/IS3107/HW/Project/news_data_pipeline/.venv/lib/python3.11/site-packages/airflow/example_dags/example_branch_labels.py
[2024-04-12T20:06:54.987+0800] {logging_mixin.py:188} INFO - [2024-04-12T20:06:54.986+0800] {dag.py:3036} INFO - Sync 1 DAGs
[2024-04-12T20:06:54.996+0800] {logging_mixin.py:188} INFO - [2024-04-12T20:06:54.996+0800] {dag.py:3823} INFO - Setting next_dagrun for example_branch_labels to 2024-04-11 00:00:00+00:00, run_after=2024-04-12 00:00:00+00:00
[2024-04-12T20:06:55.006+0800] {processor.py:183} INFO - Processing /Users/wanghaojin/Desktop/exchange@NUS/IS3107/HW/Project/news_data_pipeline/.venv/lib/python3.11/site-packages/airflow/example_dags/example_branch_labels.py took 0.103 seconds
[2024-04-12T20:09:11.489+0800] {processor.py:161} INFO - Started process (PID=7583) to work on /Users/wanghaojin/Desktop/exchange@NUS/IS3107/HW/Project/news_data_pipeline/.venv/lib/python3.11/site-packages/airflow/example_dags/example_branch_labels.py
[2024-04-12T20:09:11.489+0800] {processor.py:830} INFO - Processing file /Users/wanghaojin/Desktop/exchange@NUS/IS3107/HW/Project/news_data_pipeline/.venv/lib/python3.11/site-packages/airflow/example_dags/example_branch_labels.py for tasks to queue
[2024-04-12T20:09:11.489+0800] {logging_mixin.py:188} INFO - [2024-04-12T20:09:11.489+0800] {dagbag.py:538} INFO - Filling up the DagBag from /Users/wanghaojin/Desktop/exchange@NUS/IS3107/HW/Project/news_data_pipeline/.venv/lib/python3.11/site-packages/airflow/example_dags/example_branch_labels.py
[2024-04-12T20:09:11.494+0800] {processor.py:840} INFO - DAG(s) 'example_branch_labels' retrieved from /Users/wanghaojin/Desktop/exchange@NUS/IS3107/HW/Project/news_data_pipeline/.venv/lib/python3.11/site-packages/airflow/example_dags/example_branch_labels.py
[2024-04-12T20:09:11.573+0800] {logging_mixin.py:188} INFO - [2024-04-12T20:09:11.572+0800] {dag.py:3036} INFO - Sync 1 DAGs
[2024-04-12T20:09:11.582+0800] {logging_mixin.py:188} INFO - [2024-04-12T20:09:11.582+0800] {dag.py:3823} INFO - Setting next_dagrun for example_branch_labels to 2024-04-11 00:00:00+00:00, run_after=2024-04-12 00:00:00+00:00
[2024-04-12T20:09:11.592+0800] {processor.py:183} INFO - Processing /Users/wanghaojin/Desktop/exchange@NUS/IS3107/HW/Project/news_data_pipeline/.venv/lib/python3.11/site-packages/airflow/example_dags/example_branch_labels.py took 0.104 seconds
[2024-04-12T20:11:28.544+0800] {processor.py:161} INFO - Started process (PID=7781) to work on /Users/wanghaojin/Desktop/exchange@NUS/IS3107/HW/Project/news_data_pipeline/.venv/lib/python3.11/site-packages/airflow/example_dags/example_branch_labels.py
[2024-04-12T20:11:28.544+0800] {processor.py:830} INFO - Processing file /Users/wanghaojin/Desktop/exchange@NUS/IS3107/HW/Project/news_data_pipeline/.venv/lib/python3.11/site-packages/airflow/example_dags/example_branch_labels.py for tasks to queue
[2024-04-12T20:11:28.545+0800] {logging_mixin.py:188} INFO - [2024-04-12T20:11:28.544+0800] {dagbag.py:538} INFO - Filling up the DagBag from /Users/wanghaojin/Desktop/exchange@NUS/IS3107/HW/Project/news_data_pipeline/.venv/lib/python3.11/site-packages/airflow/example_dags/example_branch_labels.py
[2024-04-12T20:11:28.549+0800] {processor.py:840} INFO - DAG(s) 'example_branch_labels' retrieved from /Users/wanghaojin/Desktop/exchange@NUS/IS3107/HW/Project/news_data_pipeline/.venv/lib/python3.11/site-packages/airflow/example_dags/example_branch_labels.py
[2024-04-12T20:11:28.627+0800] {logging_mixin.py:188} INFO - [2024-04-12T20:11:28.627+0800] {dag.py:3036} INFO - Sync 1 DAGs
[2024-04-12T20:11:28.637+0800] {logging_mixin.py:188} INFO - [2024-04-12T20:11:28.636+0800] {dag.py:3823} INFO - Setting next_dagrun for example_branch_labels to 2024-04-11 00:00:00+00:00, run_after=2024-04-12 00:00:00+00:00
[2024-04-12T20:11:28.647+0800] {processor.py:183} INFO - Processing /Users/wanghaojin/Desktop/exchange@NUS/IS3107/HW/Project/news_data_pipeline/.venv/lib/python3.11/site-packages/airflow/example_dags/example_branch_labels.py took 0.104 seconds
[2024-04-12T20:13:46.201+0800] {processor.py:161} INFO - Started process (PID=8021) to work on /Users/wanghaojin/Desktop/exchange@NUS/IS3107/HW/Project/news_data_pipeline/.venv/lib/python3.11/site-packages/airflow/example_dags/example_branch_labels.py
[2024-04-12T20:13:46.203+0800] {processor.py:830} INFO - Processing file /Users/wanghaojin/Desktop/exchange@NUS/IS3107/HW/Project/news_data_pipeline/.venv/lib/python3.11/site-packages/airflow/example_dags/example_branch_labels.py for tasks to queue
[2024-04-12T20:13:46.203+0800] {logging_mixin.py:188} INFO - [2024-04-12T20:13:46.203+0800] {dagbag.py:538} INFO - Filling up the DagBag from /Users/wanghaojin/Desktop/exchange@NUS/IS3107/HW/Project/news_data_pipeline/.venv/lib/python3.11/site-packages/airflow/example_dags/example_branch_labels.py
[2024-04-12T20:13:46.208+0800] {processor.py:840} INFO - DAG(s) 'example_branch_labels' retrieved from /Users/wanghaojin/Desktop/exchange@NUS/IS3107/HW/Project/news_data_pipeline/.venv/lib/python3.11/site-packages/airflow/example_dags/example_branch_labels.py
[2024-04-12T20:13:46.290+0800] {logging_mixin.py:188} INFO - [2024-04-12T20:13:46.290+0800] {dag.py:3036} INFO - Sync 1 DAGs
[2024-04-12T20:13:46.299+0800] {logging_mixin.py:188} INFO - [2024-04-12T20:13:46.299+0800] {dag.py:3823} INFO - Setting next_dagrun for example_branch_labels to 2024-04-11 00:00:00+00:00, run_after=2024-04-12 00:00:00+00:00
[2024-04-12T20:13:46.309+0800] {processor.py:183} INFO - Processing /Users/wanghaojin/Desktop/exchange@NUS/IS3107/HW/Project/news_data_pipeline/.venv/lib/python3.11/site-packages/airflow/example_dags/example_branch_labels.py took 0.109 seconds
[2024-04-12T20:16:03.343+0800] {processor.py:161} INFO - Started process (PID=8294) to work on /Users/wanghaojin/Desktop/exchange@NUS/IS3107/HW/Project/news_data_pipeline/.venv/lib/python3.11/site-packages/airflow/example_dags/example_branch_labels.py
[2024-04-12T20:16:03.344+0800] {processor.py:830} INFO - Processing file /Users/wanghaojin/Desktop/exchange@NUS/IS3107/HW/Project/news_data_pipeline/.venv/lib/python3.11/site-packages/airflow/example_dags/example_branch_labels.py for tasks to queue
[2024-04-12T20:16:03.345+0800] {logging_mixin.py:188} INFO - [2024-04-12T20:16:03.345+0800] {dagbag.py:538} INFO - Filling up the DagBag from /Users/wanghaojin/Desktop/exchange@NUS/IS3107/HW/Project/news_data_pipeline/.venv/lib/python3.11/site-packages/airflow/example_dags/example_branch_labels.py
[2024-04-12T20:16:03.350+0800] {processor.py:840} INFO - DAG(s) 'example_branch_labels' retrieved from /Users/wanghaojin/Desktop/exchange@NUS/IS3107/HW/Project/news_data_pipeline/.venv/lib/python3.11/site-packages/airflow/example_dags/example_branch_labels.py
[2024-04-12T20:16:03.433+0800] {logging_mixin.py:188} INFO - [2024-04-12T20:16:03.433+0800] {dag.py:3036} INFO - Sync 1 DAGs
[2024-04-12T20:16:03.442+0800] {logging_mixin.py:188} INFO - [2024-04-12T20:16:03.442+0800] {dag.py:3823} INFO - Setting next_dagrun for example_branch_labels to 2024-04-11 00:00:00+00:00, run_after=2024-04-12 00:00:00+00:00
[2024-04-12T20:16:03.454+0800] {processor.py:183} INFO - Processing /Users/wanghaojin/Desktop/exchange@NUS/IS3107/HW/Project/news_data_pipeline/.venv/lib/python3.11/site-packages/airflow/example_dags/example_branch_labels.py took 0.111 seconds
[2024-04-12T20:19:45.083+0800] {processor.py:161} INFO - Started process (PID=8765) to work on /Users/wanghaojin/Desktop/exchange@NUS/IS3107/HW/Project/news_data_pipeline/.venv/lib/python3.11/site-packages/airflow/example_dags/example_branch_labels.py
[2024-04-12T20:19:45.084+0800] {processor.py:830} INFO - Processing file /Users/wanghaojin/Desktop/exchange@NUS/IS3107/HW/Project/news_data_pipeline/.venv/lib/python3.11/site-packages/airflow/example_dags/example_branch_labels.py for tasks to queue
[2024-04-12T20:19:45.084+0800] {logging_mixin.py:188} INFO - [2024-04-12T20:19:45.084+0800] {dagbag.py:538} INFO - Filling up the DagBag from /Users/wanghaojin/Desktop/exchange@NUS/IS3107/HW/Project/news_data_pipeline/.venv/lib/python3.11/site-packages/airflow/example_dags/example_branch_labels.py
[2024-04-12T20:19:45.089+0800] {processor.py:840} INFO - DAG(s) 'example_branch_labels' retrieved from /Users/wanghaojin/Desktop/exchange@NUS/IS3107/HW/Project/news_data_pipeline/.venv/lib/python3.11/site-packages/airflow/example_dags/example_branch_labels.py
[2024-04-12T20:19:45.209+0800] {logging_mixin.py:188} INFO - [2024-04-12T20:19:45.209+0800] {dag.py:3036} INFO - Sync 1 DAGs
[2024-04-12T20:19:45.218+0800] {logging_mixin.py:188} INFO - [2024-04-12T20:19:45.218+0800] {dag.py:3823} INFO - Setting next_dagrun for example_branch_labels to 2024-04-11 00:00:00+00:00, run_after=2024-04-12 00:00:00+00:00
[2024-04-12T20:19:45.229+0800] {processor.py:183} INFO - Processing /Users/wanghaojin/Desktop/exchange@NUS/IS3107/HW/Project/news_data_pipeline/.venv/lib/python3.11/site-packages/airflow/example_dags/example_branch_labels.py took 0.146 seconds
[2024-04-12T20:22:04.498+0800] {processor.py:161} INFO - Started process (PID=8966) to work on /Users/wanghaojin/Desktop/exchange@NUS/IS3107/HW/Project/news_data_pipeline/.venv/lib/python3.11/site-packages/airflow/example_dags/example_branch_labels.py
[2024-04-12T20:22:04.499+0800] {processor.py:830} INFO - Processing file /Users/wanghaojin/Desktop/exchange@NUS/IS3107/HW/Project/news_data_pipeline/.venv/lib/python3.11/site-packages/airflow/example_dags/example_branch_labels.py for tasks to queue
[2024-04-12T20:22:04.499+0800] {logging_mixin.py:188} INFO - [2024-04-12T20:22:04.499+0800] {dagbag.py:538} INFO - Filling up the DagBag from /Users/wanghaojin/Desktop/exchange@NUS/IS3107/HW/Project/news_data_pipeline/.venv/lib/python3.11/site-packages/airflow/example_dags/example_branch_labels.py
[2024-04-12T20:22:04.504+0800] {processor.py:840} INFO - DAG(s) 'example_branch_labels' retrieved from /Users/wanghaojin/Desktop/exchange@NUS/IS3107/HW/Project/news_data_pipeline/.venv/lib/python3.11/site-packages/airflow/example_dags/example_branch_labels.py
[2024-04-12T20:22:04.624+0800] {logging_mixin.py:188} INFO - [2024-04-12T20:22:04.624+0800] {dag.py:3036} INFO - Sync 1 DAGs
[2024-04-12T20:22:04.633+0800] {logging_mixin.py:188} INFO - [2024-04-12T20:22:04.633+0800] {dag.py:3823} INFO - Setting next_dagrun for example_branch_labels to 2024-04-11 00:00:00+00:00, run_after=2024-04-12 00:00:00+00:00
[2024-04-12T20:22:04.643+0800] {processor.py:183} INFO - Processing /Users/wanghaojin/Desktop/exchange@NUS/IS3107/HW/Project/news_data_pipeline/.venv/lib/python3.11/site-packages/airflow/example_dags/example_branch_labels.py took 0.146 seconds
[2024-04-12T20:24:19.791+0800] {processor.py:161} INFO - Started process (PID=9142) to work on /Users/wanghaojin/Desktop/exchange@NUS/IS3107/HW/Project/news_data_pipeline/.venv/lib/python3.11/site-packages/airflow/example_dags/example_branch_labels.py
[2024-04-12T20:24:19.792+0800] {processor.py:830} INFO - Processing file /Users/wanghaojin/Desktop/exchange@NUS/IS3107/HW/Project/news_data_pipeline/.venv/lib/python3.11/site-packages/airflow/example_dags/example_branch_labels.py for tasks to queue
[2024-04-12T20:24:19.792+0800] {logging_mixin.py:188} INFO - [2024-04-12T20:24:19.792+0800] {dagbag.py:538} INFO - Filling up the DagBag from /Users/wanghaojin/Desktop/exchange@NUS/IS3107/HW/Project/news_data_pipeline/.venv/lib/python3.11/site-packages/airflow/example_dags/example_branch_labels.py
[2024-04-12T20:24:19.797+0800] {processor.py:840} INFO - DAG(s) 'example_branch_labels' retrieved from /Users/wanghaojin/Desktop/exchange@NUS/IS3107/HW/Project/news_data_pipeline/.venv/lib/python3.11/site-packages/airflow/example_dags/example_branch_labels.py
[2024-04-12T20:24:19.876+0800] {logging_mixin.py:188} INFO - [2024-04-12T20:24:19.876+0800] {dag.py:3036} INFO - Sync 1 DAGs
[2024-04-12T20:24:19.885+0800] {logging_mixin.py:188} INFO - [2024-04-12T20:24:19.885+0800] {dag.py:3823} INFO - Setting next_dagrun for example_branch_labels to 2024-04-11 00:00:00+00:00, run_after=2024-04-12 00:00:00+00:00
[2024-04-12T20:24:19.896+0800] {processor.py:183} INFO - Processing /Users/wanghaojin/Desktop/exchange@NUS/IS3107/HW/Project/news_data_pipeline/.venv/lib/python3.11/site-packages/airflow/example_dags/example_branch_labels.py took 0.105 seconds
[2024-04-12T20:26:55.106+0800] {processor.py:161} INFO - Started process (PID=9395) to work on /Users/wanghaojin/Desktop/exchange@NUS/IS3107/HW/Project/news_data_pipeline/.venv/lib/python3.11/site-packages/airflow/example_dags/example_branch_labels.py
[2024-04-12T20:26:55.107+0800] {processor.py:830} INFO - Processing file /Users/wanghaojin/Desktop/exchange@NUS/IS3107/HW/Project/news_data_pipeline/.venv/lib/python3.11/site-packages/airflow/example_dags/example_branch_labels.py for tasks to queue
[2024-04-12T20:26:55.107+0800] {logging_mixin.py:188} INFO - [2024-04-12T20:26:55.107+0800] {dagbag.py:538} INFO - Filling up the DagBag from /Users/wanghaojin/Desktop/exchange@NUS/IS3107/HW/Project/news_data_pipeline/.venv/lib/python3.11/site-packages/airflow/example_dags/example_branch_labels.py
[2024-04-12T20:26:55.112+0800] {processor.py:840} INFO - DAG(s) 'example_branch_labels' retrieved from /Users/wanghaojin/Desktop/exchange@NUS/IS3107/HW/Project/news_data_pipeline/.venv/lib/python3.11/site-packages/airflow/example_dags/example_branch_labels.py
[2024-04-12T20:26:55.192+0800] {logging_mixin.py:188} INFO - [2024-04-12T20:26:55.192+0800] {dag.py:3036} INFO - Sync 1 DAGs
[2024-04-12T20:26:55.201+0800] {logging_mixin.py:188} INFO - [2024-04-12T20:26:55.201+0800] {dag.py:3823} INFO - Setting next_dagrun for example_branch_labels to 2024-04-11 00:00:00+00:00, run_after=2024-04-12 00:00:00+00:00
[2024-04-12T20:26:55.212+0800] {processor.py:183} INFO - Processing /Users/wanghaojin/Desktop/exchange@NUS/IS3107/HW/Project/news_data_pipeline/.venv/lib/python3.11/site-packages/airflow/example_dags/example_branch_labels.py took 0.106 seconds
[2024-04-12T20:30:49.271+0800] {processor.py:161} INFO - Started process (PID=9860) to work on /Users/wanghaojin/Desktop/exchange@NUS/IS3107/HW/Project/news_data_pipeline/.venv/lib/python3.11/site-packages/airflow/example_dags/example_branch_labels.py
[2024-04-12T20:30:49.272+0800] {processor.py:830} INFO - Processing file /Users/wanghaojin/Desktop/exchange@NUS/IS3107/HW/Project/news_data_pipeline/.venv/lib/python3.11/site-packages/airflow/example_dags/example_branch_labels.py for tasks to queue
[2024-04-12T20:30:49.273+0800] {logging_mixin.py:188} INFO - [2024-04-12T20:30:49.273+0800] {dagbag.py:538} INFO - Filling up the DagBag from /Users/wanghaojin/Desktop/exchange@NUS/IS3107/HW/Project/news_data_pipeline/.venv/lib/python3.11/site-packages/airflow/example_dags/example_branch_labels.py
[2024-04-12T20:30:49.277+0800] {processor.py:840} INFO - DAG(s) 'example_branch_labels' retrieved from /Users/wanghaojin/Desktop/exchange@NUS/IS3107/HW/Project/news_data_pipeline/.venv/lib/python3.11/site-packages/airflow/example_dags/example_branch_labels.py
[2024-04-12T20:30:49.398+0800] {logging_mixin.py:188} INFO - [2024-04-12T20:30:49.398+0800] {dag.py:3036} INFO - Sync 1 DAGs
[2024-04-12T20:30:49.407+0800] {logging_mixin.py:188} INFO - [2024-04-12T20:30:49.407+0800] {dag.py:3823} INFO - Setting next_dagrun for example_branch_labels to 2024-04-11 00:00:00+00:00, run_after=2024-04-12 00:00:00+00:00
[2024-04-12T20:30:49.418+0800] {processor.py:183} INFO - Processing /Users/wanghaojin/Desktop/exchange@NUS/IS3107/HW/Project/news_data_pipeline/.venv/lib/python3.11/site-packages/airflow/example_dags/example_branch_labels.py took 0.147 seconds
[2024-04-12T20:37:36.633+0800] {processor.py:161} INFO - Started process (PID=10591) to work on /Users/wanghaojin/Desktop/exchange@NUS/IS3107/HW/Project/news_data_pipeline/.venv/lib/python3.11/site-packages/airflow/example_dags/example_branch_labels.py
[2024-04-12T20:37:36.634+0800] {processor.py:830} INFO - Processing file /Users/wanghaojin/Desktop/exchange@NUS/IS3107/HW/Project/news_data_pipeline/.venv/lib/python3.11/site-packages/airflow/example_dags/example_branch_labels.py for tasks to queue
[2024-04-12T20:37:36.634+0800] {logging_mixin.py:188} INFO - [2024-04-12T20:37:36.634+0800] {dagbag.py:538} INFO - Filling up the DagBag from /Users/wanghaojin/Desktop/exchange@NUS/IS3107/HW/Project/news_data_pipeline/.venv/lib/python3.11/site-packages/airflow/example_dags/example_branch_labels.py
[2024-04-12T20:37:36.639+0800] {processor.py:840} INFO - DAG(s) 'example_branch_labels' retrieved from /Users/wanghaojin/Desktop/exchange@NUS/IS3107/HW/Project/news_data_pipeline/.venv/lib/python3.11/site-packages/airflow/example_dags/example_branch_labels.py
[2024-04-12T20:37:36.759+0800] {logging_mixin.py:188} INFO - [2024-04-12T20:37:36.759+0800] {dag.py:3036} INFO - Sync 1 DAGs
[2024-04-12T20:37:36.768+0800] {logging_mixin.py:188} INFO - [2024-04-12T20:37:36.768+0800] {dag.py:3823} INFO - Setting next_dagrun for example_branch_labels to 2024-04-11 00:00:00+00:00, run_after=2024-04-12 00:00:00+00:00
[2024-04-12T20:37:36.779+0800] {processor.py:183} INFO - Processing /Users/wanghaojin/Desktop/exchange@NUS/IS3107/HW/Project/news_data_pipeline/.venv/lib/python3.11/site-packages/airflow/example_dags/example_branch_labels.py took 0.147 seconds
[2024-04-12T20:39:52.070+0800] {processor.py:161} INFO - Started process (PID=10812) to work on /Users/wanghaojin/Desktop/exchange@NUS/IS3107/HW/Project/news_data_pipeline/.venv/lib/python3.11/site-packages/airflow/example_dags/example_branch_labels.py
[2024-04-12T20:39:52.070+0800] {processor.py:830} INFO - Processing file /Users/wanghaojin/Desktop/exchange@NUS/IS3107/HW/Project/news_data_pipeline/.venv/lib/python3.11/site-packages/airflow/example_dags/example_branch_labels.py for tasks to queue
[2024-04-12T20:39:52.070+0800] {logging_mixin.py:188} INFO - [2024-04-12T20:39:52.070+0800] {dagbag.py:538} INFO - Filling up the DagBag from /Users/wanghaojin/Desktop/exchange@NUS/IS3107/HW/Project/news_data_pipeline/.venv/lib/python3.11/site-packages/airflow/example_dags/example_branch_labels.py
[2024-04-12T20:39:52.075+0800] {processor.py:840} INFO - DAG(s) 'example_branch_labels' retrieved from /Users/wanghaojin/Desktop/exchange@NUS/IS3107/HW/Project/news_data_pipeline/.venv/lib/python3.11/site-packages/airflow/example_dags/example_branch_labels.py
[2024-04-12T20:39:52.154+0800] {logging_mixin.py:188} INFO - [2024-04-12T20:39:52.154+0800] {dag.py:3036} INFO - Sync 1 DAGs
[2024-04-12T20:39:52.163+0800] {logging_mixin.py:188} INFO - [2024-04-12T20:39:52.163+0800] {dag.py:3823} INFO - Setting next_dagrun for example_branch_labels to 2024-04-11 00:00:00+00:00, run_after=2024-04-12 00:00:00+00:00
[2024-04-12T20:39:52.173+0800] {processor.py:183} INFO - Processing /Users/wanghaojin/Desktop/exchange@NUS/IS3107/HW/Project/news_data_pipeline/.venv/lib/python3.11/site-packages/airflow/example_dags/example_branch_labels.py took 0.104 seconds
[2024-04-12T20:42:09.068+0800] {processor.py:161} INFO - Started process (PID=11012) to work on /Users/wanghaojin/Desktop/exchange@NUS/IS3107/HW/Project/news_data_pipeline/.venv/lib/python3.11/site-packages/airflow/example_dags/example_branch_labels.py
[2024-04-12T20:42:09.069+0800] {processor.py:830} INFO - Processing file /Users/wanghaojin/Desktop/exchange@NUS/IS3107/HW/Project/news_data_pipeline/.venv/lib/python3.11/site-packages/airflow/example_dags/example_branch_labels.py for tasks to queue
[2024-04-12T20:42:09.069+0800] {logging_mixin.py:188} INFO - [2024-04-12T20:42:09.069+0800] {dagbag.py:538} INFO - Filling up the DagBag from /Users/wanghaojin/Desktop/exchange@NUS/IS3107/HW/Project/news_data_pipeline/.venv/lib/python3.11/site-packages/airflow/example_dags/example_branch_labels.py
[2024-04-12T20:42:09.074+0800] {processor.py:840} INFO - DAG(s) 'example_branch_labels' retrieved from /Users/wanghaojin/Desktop/exchange@NUS/IS3107/HW/Project/news_data_pipeline/.venv/lib/python3.11/site-packages/airflow/example_dags/example_branch_labels.py
[2024-04-12T20:42:09.155+0800] {logging_mixin.py:188} INFO - [2024-04-12T20:42:09.155+0800] {dag.py:3036} INFO - Sync 1 DAGs
[2024-04-12T20:42:09.164+0800] {logging_mixin.py:188} INFO - [2024-04-12T20:42:09.164+0800] {dag.py:3823} INFO - Setting next_dagrun for example_branch_labels to 2024-04-11 00:00:00+00:00, run_after=2024-04-12 00:00:00+00:00
[2024-04-12T20:42:09.175+0800] {processor.py:183} INFO - Processing /Users/wanghaojin/Desktop/exchange@NUS/IS3107/HW/Project/news_data_pipeline/.venv/lib/python3.11/site-packages/airflow/example_dags/example_branch_labels.py took 0.107 seconds
[2024-04-12T20:50:52.121+0800] {processor.py:161} INFO - Started process (PID=11988) to work on /Users/wanghaojin/Desktop/exchange@NUS/IS3107/HW/Project/news_data_pipeline/.venv/lib/python3.11/site-packages/airflow/example_dags/example_branch_labels.py
[2024-04-12T20:50:52.122+0800] {processor.py:830} INFO - Processing file /Users/wanghaojin/Desktop/exchange@NUS/IS3107/HW/Project/news_data_pipeline/.venv/lib/python3.11/site-packages/airflow/example_dags/example_branch_labels.py for tasks to queue
[2024-04-12T20:50:52.122+0800] {logging_mixin.py:188} INFO - [2024-04-12T20:50:52.122+0800] {dagbag.py:538} INFO - Filling up the DagBag from /Users/wanghaojin/Desktop/exchange@NUS/IS3107/HW/Project/news_data_pipeline/.venv/lib/python3.11/site-packages/airflow/example_dags/example_branch_labels.py
[2024-04-12T20:50:52.128+0800] {processor.py:840} INFO - DAG(s) 'example_branch_labels' retrieved from /Users/wanghaojin/Desktop/exchange@NUS/IS3107/HW/Project/news_data_pipeline/.venv/lib/python3.11/site-packages/airflow/example_dags/example_branch_labels.py
[2024-04-12T20:50:52.250+0800] {logging_mixin.py:188} INFO - [2024-04-12T20:50:52.250+0800] {dag.py:3036} INFO - Sync 1 DAGs
[2024-04-12T20:50:52.259+0800] {logging_mixin.py:188} INFO - [2024-04-12T20:50:52.259+0800] {dag.py:3823} INFO - Setting next_dagrun for example_branch_labels to 2024-04-11 00:00:00+00:00, run_after=2024-04-12 00:00:00+00:00
[2024-04-12T20:50:52.270+0800] {processor.py:183} INFO - Processing /Users/wanghaojin/Desktop/exchange@NUS/IS3107/HW/Project/news_data_pipeline/.venv/lib/python3.11/site-packages/airflow/example_dags/example_branch_labels.py took 0.149 seconds
[2024-04-12T20:53:20.392+0800] {processor.py:161} INFO - Started process (PID=12232) to work on /Users/wanghaojin/Desktop/exchange@NUS/IS3107/HW/Project/news_data_pipeline/.venv/lib/python3.11/site-packages/airflow/example_dags/example_branch_labels.py
[2024-04-12T20:53:20.393+0800] {processor.py:830} INFO - Processing file /Users/wanghaojin/Desktop/exchange@NUS/IS3107/HW/Project/news_data_pipeline/.venv/lib/python3.11/site-packages/airflow/example_dags/example_branch_labels.py for tasks to queue
[2024-04-12T20:53:20.394+0800] {logging_mixin.py:188} INFO - [2024-04-12T20:53:20.394+0800] {dagbag.py:538} INFO - Filling up the DagBag from /Users/wanghaojin/Desktop/exchange@NUS/IS3107/HW/Project/news_data_pipeline/.venv/lib/python3.11/site-packages/airflow/example_dags/example_branch_labels.py
[2024-04-12T20:53:20.399+0800] {processor.py:840} INFO - DAG(s) 'example_branch_labels' retrieved from /Users/wanghaojin/Desktop/exchange@NUS/IS3107/HW/Project/news_data_pipeline/.venv/lib/python3.11/site-packages/airflow/example_dags/example_branch_labels.py
[2024-04-12T20:53:20.475+0800] {logging_mixin.py:188} INFO - [2024-04-12T20:53:20.475+0800] {dag.py:3036} INFO - Sync 1 DAGs
[2024-04-12T20:53:20.484+0800] {logging_mixin.py:188} INFO - [2024-04-12T20:53:20.484+0800] {dag.py:3823} INFO - Setting next_dagrun for example_branch_labels to 2024-04-11 00:00:00+00:00, run_after=2024-04-12 00:00:00+00:00
[2024-04-12T20:53:20.493+0800] {processor.py:183} INFO - Processing /Users/wanghaojin/Desktop/exchange@NUS/IS3107/HW/Project/news_data_pipeline/.venv/lib/python3.11/site-packages/airflow/example_dags/example_branch_labels.py took 0.102 seconds
[2024-04-12T20:55:48.501+0800] {processor.py:161} INFO - Started process (PID=12490) to work on /Users/wanghaojin/Desktop/exchange@NUS/IS3107/HW/Project/news_data_pipeline/.venv/lib/python3.11/site-packages/airflow/example_dags/example_branch_labels.py
[2024-04-12T20:55:48.502+0800] {processor.py:830} INFO - Processing file /Users/wanghaojin/Desktop/exchange@NUS/IS3107/HW/Project/news_data_pipeline/.venv/lib/python3.11/site-packages/airflow/example_dags/example_branch_labels.py for tasks to queue
[2024-04-12T20:55:48.503+0800] {logging_mixin.py:188} INFO - [2024-04-12T20:55:48.503+0800] {dagbag.py:538} INFO - Filling up the DagBag from /Users/wanghaojin/Desktop/exchange@NUS/IS3107/HW/Project/news_data_pipeline/.venv/lib/python3.11/site-packages/airflow/example_dags/example_branch_labels.py
[2024-04-12T20:55:48.508+0800] {processor.py:840} INFO - DAG(s) 'example_branch_labels' retrieved from /Users/wanghaojin/Desktop/exchange@NUS/IS3107/HW/Project/news_data_pipeline/.venv/lib/python3.11/site-packages/airflow/example_dags/example_branch_labels.py
[2024-04-12T20:55:48.586+0800] {logging_mixin.py:188} INFO - [2024-04-12T20:55:48.586+0800] {dag.py:3036} INFO - Sync 1 DAGs
[2024-04-12T20:55:48.595+0800] {logging_mixin.py:188} INFO - [2024-04-12T20:55:48.595+0800] {dag.py:3823} INFO - Setting next_dagrun for example_branch_labels to 2024-04-11 00:00:00+00:00, run_after=2024-04-12 00:00:00+00:00
[2024-04-12T20:55:48.605+0800] {processor.py:183} INFO - Processing /Users/wanghaojin/Desktop/exchange@NUS/IS3107/HW/Project/news_data_pipeline/.venv/lib/python3.11/site-packages/airflow/example_dags/example_branch_labels.py took 0.105 seconds
[2024-04-12T20:58:09.237+0800] {processor.py:161} INFO - Started process (PID=12659) to work on /Users/wanghaojin/Desktop/exchange@NUS/IS3107/HW/Project/news_data_pipeline/.venv/lib/python3.11/site-packages/airflow/example_dags/example_branch_labels.py
[2024-04-12T20:58:09.238+0800] {processor.py:830} INFO - Processing file /Users/wanghaojin/Desktop/exchange@NUS/IS3107/HW/Project/news_data_pipeline/.venv/lib/python3.11/site-packages/airflow/example_dags/example_branch_labels.py for tasks to queue
[2024-04-12T20:58:09.239+0800] {logging_mixin.py:188} INFO - [2024-04-12T20:58:09.239+0800] {dagbag.py:538} INFO - Filling up the DagBag from /Users/wanghaojin/Desktop/exchange@NUS/IS3107/HW/Project/news_data_pipeline/.venv/lib/python3.11/site-packages/airflow/example_dags/example_branch_labels.py
[2024-04-12T20:58:09.244+0800] {processor.py:840} INFO - DAG(s) 'example_branch_labels' retrieved from /Users/wanghaojin/Desktop/exchange@NUS/IS3107/HW/Project/news_data_pipeline/.venv/lib/python3.11/site-packages/airflow/example_dags/example_branch_labels.py
[2024-04-12T20:58:09.321+0800] {logging_mixin.py:188} INFO - [2024-04-12T20:58:09.321+0800] {dag.py:3036} INFO - Sync 1 DAGs
[2024-04-12T20:58:09.330+0800] {logging_mixin.py:188} INFO - [2024-04-12T20:58:09.330+0800] {dag.py:3823} INFO - Setting next_dagrun for example_branch_labels to 2024-04-11 00:00:00+00:00, run_after=2024-04-12 00:00:00+00:00
[2024-04-12T20:58:09.340+0800] {processor.py:183} INFO - Processing /Users/wanghaojin/Desktop/exchange@NUS/IS3107/HW/Project/news_data_pipeline/.venv/lib/python3.11/site-packages/airflow/example_dags/example_branch_labels.py took 0.104 seconds
[2024-04-12T21:00:35.689+0800] {processor.py:161} INFO - Started process (PID=12899) to work on /Users/wanghaojin/Desktop/exchange@NUS/IS3107/HW/Project/news_data_pipeline/.venv/lib/python3.11/site-packages/airflow/example_dags/example_branch_labels.py
[2024-04-12T21:00:35.691+0800] {processor.py:830} INFO - Processing file /Users/wanghaojin/Desktop/exchange@NUS/IS3107/HW/Project/news_data_pipeline/.venv/lib/python3.11/site-packages/airflow/example_dags/example_branch_labels.py for tasks to queue
[2024-04-12T21:00:35.691+0800] {logging_mixin.py:188} INFO - [2024-04-12T21:00:35.691+0800] {dagbag.py:538} INFO - Filling up the DagBag from /Users/wanghaojin/Desktop/exchange@NUS/IS3107/HW/Project/news_data_pipeline/.venv/lib/python3.11/site-packages/airflow/example_dags/example_branch_labels.py
[2024-04-12T21:00:35.696+0800] {processor.py:840} INFO - DAG(s) 'example_branch_labels' retrieved from /Users/wanghaojin/Desktop/exchange@NUS/IS3107/HW/Project/news_data_pipeline/.venv/lib/python3.11/site-packages/airflow/example_dags/example_branch_labels.py
[2024-04-12T21:00:35.775+0800] {logging_mixin.py:188} INFO - [2024-04-12T21:00:35.775+0800] {dag.py:3036} INFO - Sync 1 DAGs
[2024-04-12T21:00:35.784+0800] {logging_mixin.py:188} INFO - [2024-04-12T21:00:35.784+0800] {dag.py:3823} INFO - Setting next_dagrun for example_branch_labels to 2024-04-11 00:00:00+00:00, run_after=2024-04-12 00:00:00+00:00
[2024-04-12T21:00:35.795+0800] {processor.py:183} INFO - Processing /Users/wanghaojin/Desktop/exchange@NUS/IS3107/HW/Project/news_data_pipeline/.venv/lib/python3.11/site-packages/airflow/example_dags/example_branch_labels.py took 0.106 seconds
[2024-04-12T21:03:00.381+0800] {processor.py:161} INFO - Started process (PID=13217) to work on /Users/wanghaojin/Desktop/exchange@NUS/IS3107/HW/Project/news_data_pipeline/.venv/lib/python3.11/site-packages/airflow/example_dags/example_branch_labels.py
[2024-04-12T21:03:00.382+0800] {processor.py:830} INFO - Processing file /Users/wanghaojin/Desktop/exchange@NUS/IS3107/HW/Project/news_data_pipeline/.venv/lib/python3.11/site-packages/airflow/example_dags/example_branch_labels.py for tasks to queue
[2024-04-12T21:03:00.383+0800] {logging_mixin.py:188} INFO - [2024-04-12T21:03:00.382+0800] {dagbag.py:538} INFO - Filling up the DagBag from /Users/wanghaojin/Desktop/exchange@NUS/IS3107/HW/Project/news_data_pipeline/.venv/lib/python3.11/site-packages/airflow/example_dags/example_branch_labels.py
[2024-04-12T21:03:00.387+0800] {processor.py:840} INFO - DAG(s) 'example_branch_labels' retrieved from /Users/wanghaojin/Desktop/exchange@NUS/IS3107/HW/Project/news_data_pipeline/.venv/lib/python3.11/site-packages/airflow/example_dags/example_branch_labels.py
[2024-04-12T21:03:00.465+0800] {logging_mixin.py:188} INFO - [2024-04-12T21:03:00.465+0800] {dag.py:3036} INFO - Sync 1 DAGs
[2024-04-12T21:03:00.474+0800] {logging_mixin.py:188} INFO - [2024-04-12T21:03:00.474+0800] {dag.py:3823} INFO - Setting next_dagrun for example_branch_labels to 2024-04-11 00:00:00+00:00, run_after=2024-04-12 00:00:00+00:00
[2024-04-12T21:03:00.484+0800] {processor.py:183} INFO - Processing /Users/wanghaojin/Desktop/exchange@NUS/IS3107/HW/Project/news_data_pipeline/.venv/lib/python3.11/site-packages/airflow/example_dags/example_branch_labels.py took 0.103 seconds
[2024-04-12T21:05:21.442+0800] {processor.py:161} INFO - Started process (PID=13427) to work on /Users/wanghaojin/Desktop/exchange@NUS/IS3107/HW/Project/news_data_pipeline/.venv/lib/python3.11/site-packages/airflow/example_dags/example_branch_labels.py
[2024-04-12T21:05:21.443+0800] {processor.py:830} INFO - Processing file /Users/wanghaojin/Desktop/exchange@NUS/IS3107/HW/Project/news_data_pipeline/.venv/lib/python3.11/site-packages/airflow/example_dags/example_branch_labels.py for tasks to queue
[2024-04-12T21:05:21.444+0800] {logging_mixin.py:188} INFO - [2024-04-12T21:05:21.444+0800] {dagbag.py:538} INFO - Filling up the DagBag from /Users/wanghaojin/Desktop/exchange@NUS/IS3107/HW/Project/news_data_pipeline/.venv/lib/python3.11/site-packages/airflow/example_dags/example_branch_labels.py
[2024-04-12T21:05:21.449+0800] {processor.py:840} INFO - DAG(s) 'example_branch_labels' retrieved from /Users/wanghaojin/Desktop/exchange@NUS/IS3107/HW/Project/news_data_pipeline/.venv/lib/python3.11/site-packages/airflow/example_dags/example_branch_labels.py
[2024-04-12T21:05:21.534+0800] {logging_mixin.py:188} INFO - [2024-04-12T21:05:21.534+0800] {dag.py:3036} INFO - Sync 1 DAGs
[2024-04-12T21:05:21.544+0800] {logging_mixin.py:188} INFO - [2024-04-12T21:05:21.544+0800] {dag.py:3823} INFO - Setting next_dagrun for example_branch_labels to 2024-04-11 00:00:00+00:00, run_after=2024-04-12 00:00:00+00:00
[2024-04-12T21:05:21.554+0800] {processor.py:183} INFO - Processing /Users/wanghaojin/Desktop/exchange@NUS/IS3107/HW/Project/news_data_pipeline/.venv/lib/python3.11/site-packages/airflow/example_dags/example_branch_labels.py took 0.113 seconds
[2024-04-12T21:07:46.461+0800] {processor.py:161} INFO - Started process (PID=13700) to work on /Users/wanghaojin/Desktop/exchange@NUS/IS3107/HW/Project/news_data_pipeline/.venv/lib/python3.11/site-packages/airflow/example_dags/example_branch_labels.py
[2024-04-12T21:07:46.462+0800] {processor.py:830} INFO - Processing file /Users/wanghaojin/Desktop/exchange@NUS/IS3107/HW/Project/news_data_pipeline/.venv/lib/python3.11/site-packages/airflow/example_dags/example_branch_labels.py for tasks to queue
[2024-04-12T21:07:46.463+0800] {logging_mixin.py:188} INFO - [2024-04-12T21:07:46.462+0800] {dagbag.py:538} INFO - Filling up the DagBag from /Users/wanghaojin/Desktop/exchange@NUS/IS3107/HW/Project/news_data_pipeline/.venv/lib/python3.11/site-packages/airflow/example_dags/example_branch_labels.py
[2024-04-12T21:07:46.467+0800] {processor.py:840} INFO - DAG(s) 'example_branch_labels' retrieved from /Users/wanghaojin/Desktop/exchange@NUS/IS3107/HW/Project/news_data_pipeline/.venv/lib/python3.11/site-packages/airflow/example_dags/example_branch_labels.py
[2024-04-12T21:07:46.545+0800] {logging_mixin.py:188} INFO - [2024-04-12T21:07:46.544+0800] {dag.py:3036} INFO - Sync 1 DAGs
[2024-04-12T21:07:46.553+0800] {logging_mixin.py:188} INFO - [2024-04-12T21:07:46.553+0800] {dag.py:3823} INFO - Setting next_dagrun for example_branch_labels to 2024-04-11 00:00:00+00:00, run_after=2024-04-12 00:00:00+00:00
[2024-04-12T21:07:46.563+0800] {processor.py:183} INFO - Processing /Users/wanghaojin/Desktop/exchange@NUS/IS3107/HW/Project/news_data_pipeline/.venv/lib/python3.11/site-packages/airflow/example_dags/example_branch_labels.py took 0.103 seconds
[2024-04-12T21:10:04.092+0800] {processor.py:161} INFO - Started process (PID=14001) to work on /Users/wanghaojin/Desktop/exchange@NUS/IS3107/HW/Project/news_data_pipeline/.venv/lib/python3.11/site-packages/airflow/example_dags/example_branch_labels.py
[2024-04-12T21:10:04.093+0800] {processor.py:830} INFO - Processing file /Users/wanghaojin/Desktop/exchange@NUS/IS3107/HW/Project/news_data_pipeline/.venv/lib/python3.11/site-packages/airflow/example_dags/example_branch_labels.py for tasks to queue
[2024-04-12T21:10:04.094+0800] {logging_mixin.py:188} INFO - [2024-04-12T21:10:04.094+0800] {dagbag.py:538} INFO - Filling up the DagBag from /Users/wanghaojin/Desktop/exchange@NUS/IS3107/HW/Project/news_data_pipeline/.venv/lib/python3.11/site-packages/airflow/example_dags/example_branch_labels.py
[2024-04-12T21:10:04.099+0800] {processor.py:840} INFO - DAG(s) 'example_branch_labels' retrieved from /Users/wanghaojin/Desktop/exchange@NUS/IS3107/HW/Project/news_data_pipeline/.venv/lib/python3.11/site-packages/airflow/example_dags/example_branch_labels.py
[2024-04-12T21:10:04.176+0800] {logging_mixin.py:188} INFO - [2024-04-12T21:10:04.176+0800] {dag.py:3036} INFO - Sync 1 DAGs
[2024-04-12T21:10:04.186+0800] {logging_mixin.py:188} INFO - [2024-04-12T21:10:04.185+0800] {dag.py:3823} INFO - Setting next_dagrun for example_branch_labels to 2024-04-11 00:00:00+00:00, run_after=2024-04-12 00:00:00+00:00
[2024-04-12T21:10:04.195+0800] {processor.py:183} INFO - Processing /Users/wanghaojin/Desktop/exchange@NUS/IS3107/HW/Project/news_data_pipeline/.venv/lib/python3.11/site-packages/airflow/example_dags/example_branch_labels.py took 0.104 seconds
[2024-04-12T21:12:23.642+0800] {processor.py:161} INFO - Started process (PID=14229) to work on /Users/wanghaojin/Desktop/exchange@NUS/IS3107/HW/Project/news_data_pipeline/.venv/lib/python3.11/site-packages/airflow/example_dags/example_branch_labels.py
[2024-04-12T21:12:23.644+0800] {processor.py:830} INFO - Processing file /Users/wanghaojin/Desktop/exchange@NUS/IS3107/HW/Project/news_data_pipeline/.venv/lib/python3.11/site-packages/airflow/example_dags/example_branch_labels.py for tasks to queue
[2024-04-12T21:12:23.644+0800] {logging_mixin.py:188} INFO - [2024-04-12T21:12:23.644+0800] {dagbag.py:538} INFO - Filling up the DagBag from /Users/wanghaojin/Desktop/exchange@NUS/IS3107/HW/Project/news_data_pipeline/.venv/lib/python3.11/site-packages/airflow/example_dags/example_branch_labels.py
[2024-04-12T21:12:23.649+0800] {processor.py:840} INFO - DAG(s) 'example_branch_labels' retrieved from /Users/wanghaojin/Desktop/exchange@NUS/IS3107/HW/Project/news_data_pipeline/.venv/lib/python3.11/site-packages/airflow/example_dags/example_branch_labels.py
[2024-04-12T21:12:23.727+0800] {logging_mixin.py:188} INFO - [2024-04-12T21:12:23.727+0800] {dag.py:3036} INFO - Sync 1 DAGs
[2024-04-12T21:12:23.736+0800] {logging_mixin.py:188} INFO - [2024-04-12T21:12:23.735+0800] {dag.py:3823} INFO - Setting next_dagrun for example_branch_labels to 2024-04-11 00:00:00+00:00, run_after=2024-04-12 00:00:00+00:00
[2024-04-12T21:12:23.745+0800] {processor.py:183} INFO - Processing /Users/wanghaojin/Desktop/exchange@NUS/IS3107/HW/Project/news_data_pipeline/.venv/lib/python3.11/site-packages/airflow/example_dags/example_branch_labels.py took 0.103 seconds
[2024-04-12T21:16:14.184+0800] {processor.py:161} INFO - Started process (PID=14657) to work on /Users/wanghaojin/Desktop/exchange@NUS/IS3107/HW/Project/news_data_pipeline/.venv/lib/python3.11/site-packages/airflow/example_dags/example_branch_labels.py
[2024-04-12T21:16:14.185+0800] {processor.py:830} INFO - Processing file /Users/wanghaojin/Desktop/exchange@NUS/IS3107/HW/Project/news_data_pipeline/.venv/lib/python3.11/site-packages/airflow/example_dags/example_branch_labels.py for tasks to queue
[2024-04-12T21:16:14.185+0800] {logging_mixin.py:188} INFO - [2024-04-12T21:16:14.185+0800] {dagbag.py:538} INFO - Filling up the DagBag from /Users/wanghaojin/Desktop/exchange@NUS/IS3107/HW/Project/news_data_pipeline/.venv/lib/python3.11/site-packages/airflow/example_dags/example_branch_labels.py
[2024-04-12T21:16:14.190+0800] {processor.py:840} INFO - DAG(s) 'example_branch_labels' retrieved from /Users/wanghaojin/Desktop/exchange@NUS/IS3107/HW/Project/news_data_pipeline/.venv/lib/python3.11/site-packages/airflow/example_dags/example_branch_labels.py
[2024-04-12T21:16:14.315+0800] {logging_mixin.py:188} INFO - [2024-04-12T21:16:14.315+0800] {dag.py:3036} INFO - Sync 1 DAGs
[2024-04-12T21:16:14.324+0800] {logging_mixin.py:188} INFO - [2024-04-12T21:16:14.324+0800] {dag.py:3823} INFO - Setting next_dagrun for example_branch_labels to 2024-04-11 00:00:00+00:00, run_after=2024-04-12 00:00:00+00:00
[2024-04-12T21:16:14.335+0800] {processor.py:183} INFO - Processing /Users/wanghaojin/Desktop/exchange@NUS/IS3107/HW/Project/news_data_pipeline/.venv/lib/python3.11/site-packages/airflow/example_dags/example_branch_labels.py took 0.151 seconds
[2024-04-12T21:18:33.745+0800] {processor.py:161} INFO - Started process (PID=14840) to work on /Users/wanghaojin/Desktop/exchange@NUS/IS3107/HW/Project/news_data_pipeline/.venv/lib/python3.11/site-packages/airflow/example_dags/example_branch_labels.py
[2024-04-12T21:18:33.746+0800] {processor.py:830} INFO - Processing file /Users/wanghaojin/Desktop/exchange@NUS/IS3107/HW/Project/news_data_pipeline/.venv/lib/python3.11/site-packages/airflow/example_dags/example_branch_labels.py for tasks to queue
[2024-04-12T21:18:33.746+0800] {logging_mixin.py:188} INFO - [2024-04-12T21:18:33.746+0800] {dagbag.py:538} INFO - Filling up the DagBag from /Users/wanghaojin/Desktop/exchange@NUS/IS3107/HW/Project/news_data_pipeline/.venv/lib/python3.11/site-packages/airflow/example_dags/example_branch_labels.py
[2024-04-12T21:18:33.751+0800] {processor.py:840} INFO - DAG(s) 'example_branch_labels' retrieved from /Users/wanghaojin/Desktop/exchange@NUS/IS3107/HW/Project/news_data_pipeline/.venv/lib/python3.11/site-packages/airflow/example_dags/example_branch_labels.py
[2024-04-12T21:18:33.829+0800] {logging_mixin.py:188} INFO - [2024-04-12T21:18:33.829+0800] {dag.py:3036} INFO - Sync 1 DAGs
[2024-04-12T21:18:33.838+0800] {logging_mixin.py:188} INFO - [2024-04-12T21:18:33.838+0800] {dag.py:3823} INFO - Setting next_dagrun for example_branch_labels to 2024-04-11 00:00:00+00:00, run_after=2024-04-12 00:00:00+00:00
[2024-04-12T21:18:33.848+0800] {processor.py:183} INFO - Processing /Users/wanghaojin/Desktop/exchange@NUS/IS3107/HW/Project/news_data_pipeline/.venv/lib/python3.11/site-packages/airflow/example_dags/example_branch_labels.py took 0.103 seconds
[2024-04-12T21:38:47.590+0800] {processor.py:161} INFO - Started process (PID=16363) to work on /Users/wanghaojin/Desktop/exchange@NUS/IS3107/HW/Project/news_data_pipeline/.venv/lib/python3.11/site-packages/airflow/example_dags/example_branch_labels.py
[2024-04-12T21:38:47.592+0800] {processor.py:830} INFO - Processing file /Users/wanghaojin/Desktop/exchange@NUS/IS3107/HW/Project/news_data_pipeline/.venv/lib/python3.11/site-packages/airflow/example_dags/example_branch_labels.py for tasks to queue
[2024-04-12T21:38:47.592+0800] {logging_mixin.py:188} INFO - [2024-04-12T21:38:47.592+0800] {dagbag.py:538} INFO - Filling up the DagBag from /Users/wanghaojin/Desktop/exchange@NUS/IS3107/HW/Project/news_data_pipeline/.venv/lib/python3.11/site-packages/airflow/example_dags/example_branch_labels.py
[2024-04-12T21:38:47.601+0800] {processor.py:840} INFO - DAG(s) 'example_branch_labels' retrieved from /Users/wanghaojin/Desktop/exchange@NUS/IS3107/HW/Project/news_data_pipeline/.venv/lib/python3.11/site-packages/airflow/example_dags/example_branch_labels.py
[2024-04-12T21:38:47.819+0800] {logging_mixin.py:188} INFO - [2024-04-12T21:38:47.819+0800] {dag.py:3036} INFO - Sync 1 DAGs
[2024-04-12T21:38:47.835+0800] {logging_mixin.py:188} INFO - [2024-04-12T21:38:47.835+0800] {dag.py:3823} INFO - Setting next_dagrun for example_branch_labels to 2024-04-11 00:00:00+00:00, run_after=2024-04-12 00:00:00+00:00
[2024-04-12T21:38:47.854+0800] {processor.py:183} INFO - Processing /Users/wanghaojin/Desktop/exchange@NUS/IS3107/HW/Project/news_data_pipeline/.venv/lib/python3.11/site-packages/airflow/example_dags/example_branch_labels.py took 0.265 seconds
[2024-04-12T21:44:23.764+0800] {processor.py:161} INFO - Started process (PID=16558) to work on /Users/wanghaojin/Desktop/exchange@NUS/IS3107/HW/Project/news_data_pipeline/.venv/lib/python3.11/site-packages/airflow/example_dags/example_branch_labels.py
[2024-04-12T21:44:23.765+0800] {processor.py:830} INFO - Processing file /Users/wanghaojin/Desktop/exchange@NUS/IS3107/HW/Project/news_data_pipeline/.venv/lib/python3.11/site-packages/airflow/example_dags/example_branch_labels.py for tasks to queue
[2024-04-12T21:44:23.766+0800] {logging_mixin.py:188} INFO - [2024-04-12T21:44:23.766+0800] {dagbag.py:538} INFO - Filling up the DagBag from /Users/wanghaojin/Desktop/exchange@NUS/IS3107/HW/Project/news_data_pipeline/.venv/lib/python3.11/site-packages/airflow/example_dags/example_branch_labels.py
[2024-04-12T21:44:23.774+0800] {processor.py:840} INFO - DAG(s) 'example_branch_labels' retrieved from /Users/wanghaojin/Desktop/exchange@NUS/IS3107/HW/Project/news_data_pipeline/.venv/lib/python3.11/site-packages/airflow/example_dags/example_branch_labels.py
[2024-04-12T21:44:23.910+0800] {logging_mixin.py:188} INFO - [2024-04-12T21:44:23.909+0800] {dag.py:3036} INFO - Sync 1 DAGs
[2024-04-12T21:44:23.926+0800] {logging_mixin.py:188} INFO - [2024-04-12T21:44:23.926+0800] {dag.py:3823} INFO - Setting next_dagrun for example_branch_labels to 2024-04-11 00:00:00+00:00, run_after=2024-04-12 00:00:00+00:00
[2024-04-12T21:44:23.943+0800] {processor.py:183} INFO - Processing /Users/wanghaojin/Desktop/exchange@NUS/IS3107/HW/Project/news_data_pipeline/.venv/lib/python3.11/site-packages/airflow/example_dags/example_branch_labels.py took 0.180 seconds
