[2024-04-12T19:29:21.649+0800] {processor.py:161} INFO - Started process (PID=3600) to work on /Users/wanghaojin/Desktop/exchange@NUS/IS3107/HW/Project/news_data_pipeline/.venv/lib/python3.11/site-packages/airflow/example_dags/example_nested_branch_dag.py
[2024-04-12T19:29:21.650+0800] {processor.py:830} INFO - Processing file /Users/wanghaojin/Desktop/exchange@NUS/IS3107/HW/Project/news_data_pipeline/.venv/lib/python3.11/site-packages/airflow/example_dags/example_nested_branch_dag.py for tasks to queue
[2024-04-12T19:29:21.650+0800] {logging_mixin.py:188} INFO - [2024-04-12T19:29:21.650+0800] {dagbag.py:538} INFO - Filling up the DagBag from /Users/wanghaojin/Desktop/exchange@NUS/IS3107/HW/Project/news_data_pipeline/.venv/lib/python3.11/site-packages/airflow/example_dags/example_nested_branch_dag.py
[2024-04-12T19:29:21.683+0800] {processor.py:840} INFO - DAG(s) 'example_nested_branch_dag' retrieved from /Users/wanghaojin/Desktop/exchange@NUS/IS3107/HW/Project/news_data_pipeline/.venv/lib/python3.11/site-packages/airflow/example_dags/example_nested_branch_dag.py
[2024-04-12T19:29:21.773+0800] {logging_mixin.py:188} INFO - [2024-04-12T19:29:21.772+0800] {dag.py:3036} INFO - Sync 1 DAGs
[2024-04-12T19:29:21.783+0800] {logging_mixin.py:188} INFO - [2024-04-12T19:29:21.782+0800] {dag.py:3823} INFO - Setting next_dagrun for example_nested_branch_dag to 2024-04-11 00:00:00+00:00, run_after=2024-04-12 00:00:00+00:00
[2024-04-12T19:29:21.793+0800] {processor.py:183} INFO - Processing /Users/wanghaojin/Desktop/exchange@NUS/IS3107/HW/Project/news_data_pipeline/.venv/lib/python3.11/site-packages/airflow/example_dags/example_nested_branch_dag.py took 0.145 seconds
[2024-04-12T19:30:40.598+0800] {processor.py:161} INFO - Started process (PID=4175) to work on /Users/wanghaojin/Desktop/exchange@NUS/IS3107/HW/Project/news_data_pipeline/.venv/lib/python3.11/site-packages/airflow/example_dags/example_nested_branch_dag.py
[2024-04-12T19:30:40.600+0800] {processor.py:830} INFO - Processing file /Users/wanghaojin/Desktop/exchange@NUS/IS3107/HW/Project/news_data_pipeline/.venv/lib/python3.11/site-packages/airflow/example_dags/example_nested_branch_dag.py for tasks to queue
[2024-04-12T19:30:40.600+0800] {logging_mixin.py:188} INFO - [2024-04-12T19:30:40.600+0800] {dagbag.py:538} INFO - Filling up the DagBag from /Users/wanghaojin/Desktop/exchange@NUS/IS3107/HW/Project/news_data_pipeline/.venv/lib/python3.11/site-packages/airflow/example_dags/example_nested_branch_dag.py
[2024-04-12T19:30:40.621+0800] {processor.py:840} INFO - DAG(s) 'example_nested_branch_dag' retrieved from /Users/wanghaojin/Desktop/exchange@NUS/IS3107/HW/Project/news_data_pipeline/.venv/lib/python3.11/site-packages/airflow/example_dags/example_nested_branch_dag.py
[2024-04-12T19:30:40.741+0800] {logging_mixin.py:188} INFO - [2024-04-12T19:30:40.740+0800] {dag.py:3036} INFO - Sync 1 DAGs
[2024-04-12T19:30:40.749+0800] {logging_mixin.py:188} INFO - [2024-04-12T19:30:40.749+0800] {dag.py:3823} INFO - Setting next_dagrun for example_nested_branch_dag to 2024-04-11 00:00:00+00:00, run_after=2024-04-12 00:00:00+00:00
[2024-04-12T19:30:40.760+0800] {processor.py:183} INFO - Processing /Users/wanghaojin/Desktop/exchange@NUS/IS3107/HW/Project/news_data_pipeline/.venv/lib/python3.11/site-packages/airflow/example_dags/example_nested_branch_dag.py took 0.162 seconds
[2024-04-12T19:32:27.861+0800] {processor.py:161} INFO - Started process (PID=4371) to work on /Users/wanghaojin/Desktop/exchange@NUS/IS3107/HW/Project/news_data_pipeline/.venv/lib/python3.11/site-packages/airflow/example_dags/example_nested_branch_dag.py
[2024-04-12T19:32:27.861+0800] {processor.py:830} INFO - Processing file /Users/wanghaojin/Desktop/exchange@NUS/IS3107/HW/Project/news_data_pipeline/.venv/lib/python3.11/site-packages/airflow/example_dags/example_nested_branch_dag.py for tasks to queue
[2024-04-12T19:32:27.862+0800] {logging_mixin.py:188} INFO - [2024-04-12T19:32:27.862+0800] {dagbag.py:538} INFO - Filling up the DagBag from /Users/wanghaojin/Desktop/exchange@NUS/IS3107/HW/Project/news_data_pipeline/.venv/lib/python3.11/site-packages/airflow/example_dags/example_nested_branch_dag.py
[2024-04-12T19:32:27.882+0800] {processor.py:840} INFO - DAG(s) 'example_nested_branch_dag' retrieved from /Users/wanghaojin/Desktop/exchange@NUS/IS3107/HW/Project/news_data_pipeline/.venv/lib/python3.11/site-packages/airflow/example_dags/example_nested_branch_dag.py
[2024-04-12T19:32:28.002+0800] {logging_mixin.py:188} INFO - [2024-04-12T19:32:28.001+0800] {dag.py:3036} INFO - Sync 1 DAGs
[2024-04-12T19:32:28.010+0800] {logging_mixin.py:188} INFO - [2024-04-12T19:32:28.010+0800] {dag.py:3823} INFO - Setting next_dagrun for example_nested_branch_dag to 2024-04-11 00:00:00+00:00, run_after=2024-04-12 00:00:00+00:00
[2024-04-12T19:32:28.021+0800] {processor.py:183} INFO - Processing /Users/wanghaojin/Desktop/exchange@NUS/IS3107/HW/Project/news_data_pipeline/.venv/lib/python3.11/site-packages/airflow/example_dags/example_nested_branch_dag.py took 0.161 seconds
[2024-04-12T19:34:06.725+0800] {processor.py:161} INFO - Started process (PID=4529) to work on /Users/wanghaojin/Desktop/exchange@NUS/IS3107/HW/Project/news_data_pipeline/.venv/lib/python3.11/site-packages/airflow/example_dags/example_nested_branch_dag.py
[2024-04-12T19:34:06.726+0800] {processor.py:830} INFO - Processing file /Users/wanghaojin/Desktop/exchange@NUS/IS3107/HW/Project/news_data_pipeline/.venv/lib/python3.11/site-packages/airflow/example_dags/example_nested_branch_dag.py for tasks to queue
[2024-04-12T19:34:06.726+0800] {logging_mixin.py:188} INFO - [2024-04-12T19:34:06.726+0800] {dagbag.py:538} INFO - Filling up the DagBag from /Users/wanghaojin/Desktop/exchange@NUS/IS3107/HW/Project/news_data_pipeline/.venv/lib/python3.11/site-packages/airflow/example_dags/example_nested_branch_dag.py
[2024-04-12T19:34:06.747+0800] {processor.py:840} INFO - DAG(s) 'example_nested_branch_dag' retrieved from /Users/wanghaojin/Desktop/exchange@NUS/IS3107/HW/Project/news_data_pipeline/.venv/lib/python3.11/site-packages/airflow/example_dags/example_nested_branch_dag.py
[2024-04-12T19:34:06.823+0800] {logging_mixin.py:188} INFO - [2024-04-12T19:34:06.823+0800] {dag.py:3036} INFO - Sync 1 DAGs
[2024-04-12T19:34:06.833+0800] {logging_mixin.py:188} INFO - [2024-04-12T19:34:06.833+0800] {dag.py:3823} INFO - Setting next_dagrun for example_nested_branch_dag to 2024-04-11 00:00:00+00:00, run_after=2024-04-12 00:00:00+00:00
[2024-04-12T19:34:06.843+0800] {processor.py:183} INFO - Processing /Users/wanghaojin/Desktop/exchange@NUS/IS3107/HW/Project/news_data_pipeline/.venv/lib/python3.11/site-packages/airflow/example_dags/example_nested_branch_dag.py took 0.119 seconds
[2024-04-12T19:36:23.491+0800] {processor.py:161} INFO - Started process (PID=4744) to work on /Users/wanghaojin/Desktop/exchange@NUS/IS3107/HW/Project/news_data_pipeline/.venv/lib/python3.11/site-packages/airflow/example_dags/example_nested_branch_dag.py
[2024-04-12T19:36:23.491+0800] {processor.py:830} INFO - Processing file /Users/wanghaojin/Desktop/exchange@NUS/IS3107/HW/Project/news_data_pipeline/.venv/lib/python3.11/site-packages/airflow/example_dags/example_nested_branch_dag.py for tasks to queue
[2024-04-12T19:36:23.492+0800] {logging_mixin.py:188} INFO - [2024-04-12T19:36:23.491+0800] {dagbag.py:538} INFO - Filling up the DagBag from /Users/wanghaojin/Desktop/exchange@NUS/IS3107/HW/Project/news_data_pipeline/.venv/lib/python3.11/site-packages/airflow/example_dags/example_nested_branch_dag.py
[2024-04-12T19:36:23.512+0800] {processor.py:840} INFO - DAG(s) 'example_nested_branch_dag' retrieved from /Users/wanghaojin/Desktop/exchange@NUS/IS3107/HW/Project/news_data_pipeline/.venv/lib/python3.11/site-packages/airflow/example_dags/example_nested_branch_dag.py
[2024-04-12T19:36:23.589+0800] {logging_mixin.py:188} INFO - [2024-04-12T19:36:23.588+0800] {dag.py:3036} INFO - Sync 1 DAGs
[2024-04-12T19:36:23.598+0800] {logging_mixin.py:188} INFO - [2024-04-12T19:36:23.598+0800] {dag.py:3823} INFO - Setting next_dagrun for example_nested_branch_dag to 2024-04-11 00:00:00+00:00, run_after=2024-04-12 00:00:00+00:00
[2024-04-12T19:36:23.609+0800] {processor.py:183} INFO - Processing /Users/wanghaojin/Desktop/exchange@NUS/IS3107/HW/Project/news_data_pipeline/.venv/lib/python3.11/site-packages/airflow/example_dags/example_nested_branch_dag.py took 0.119 seconds
[2024-04-12T19:38:39.665+0800] {processor.py:161} INFO - Started process (PID=4962) to work on /Users/wanghaojin/Desktop/exchange@NUS/IS3107/HW/Project/news_data_pipeline/.venv/lib/python3.11/site-packages/airflow/example_dags/example_nested_branch_dag.py
[2024-04-12T19:38:39.666+0800] {processor.py:830} INFO - Processing file /Users/wanghaojin/Desktop/exchange@NUS/IS3107/HW/Project/news_data_pipeline/.venv/lib/python3.11/site-packages/airflow/example_dags/example_nested_branch_dag.py for tasks to queue
[2024-04-12T19:38:39.666+0800] {logging_mixin.py:188} INFO - [2024-04-12T19:38:39.666+0800] {dagbag.py:538} INFO - Filling up the DagBag from /Users/wanghaojin/Desktop/exchange@NUS/IS3107/HW/Project/news_data_pipeline/.venv/lib/python3.11/site-packages/airflow/example_dags/example_nested_branch_dag.py
[2024-04-12T19:38:39.687+0800] {processor.py:840} INFO - DAG(s) 'example_nested_branch_dag' retrieved from /Users/wanghaojin/Desktop/exchange@NUS/IS3107/HW/Project/news_data_pipeline/.venv/lib/python3.11/site-packages/airflow/example_dags/example_nested_branch_dag.py
[2024-04-12T19:38:39.764+0800] {logging_mixin.py:188} INFO - [2024-04-12T19:38:39.764+0800] {dag.py:3036} INFO - Sync 1 DAGs
[2024-04-12T19:38:39.774+0800] {logging_mixin.py:188} INFO - [2024-04-12T19:38:39.773+0800] {dag.py:3823} INFO - Setting next_dagrun for example_nested_branch_dag to 2024-04-11 00:00:00+00:00, run_after=2024-04-12 00:00:00+00:00
[2024-04-12T19:38:39.784+0800] {processor.py:183} INFO - Processing /Users/wanghaojin/Desktop/exchange@NUS/IS3107/HW/Project/news_data_pipeline/.venv/lib/python3.11/site-packages/airflow/example_dags/example_nested_branch_dag.py took 0.119 seconds
[2024-04-12T19:40:52.318+0800] {processor.py:161} INFO - Started process (PID=5160) to work on /Users/wanghaojin/Desktop/exchange@NUS/IS3107/HW/Project/news_data_pipeline/.venv/lib/python3.11/site-packages/airflow/example_dags/example_nested_branch_dag.py
[2024-04-12T19:40:52.319+0800] {processor.py:830} INFO - Processing file /Users/wanghaojin/Desktop/exchange@NUS/IS3107/HW/Project/news_data_pipeline/.venv/lib/python3.11/site-packages/airflow/example_dags/example_nested_branch_dag.py for tasks to queue
[2024-04-12T19:40:52.319+0800] {logging_mixin.py:188} INFO - [2024-04-12T19:40:52.319+0800] {dagbag.py:538} INFO - Filling up the DagBag from /Users/wanghaojin/Desktop/exchange@NUS/IS3107/HW/Project/news_data_pipeline/.venv/lib/python3.11/site-packages/airflow/example_dags/example_nested_branch_dag.py
[2024-04-12T19:40:52.340+0800] {processor.py:840} INFO - DAG(s) 'example_nested_branch_dag' retrieved from /Users/wanghaojin/Desktop/exchange@NUS/IS3107/HW/Project/news_data_pipeline/.venv/lib/python3.11/site-packages/airflow/example_dags/example_nested_branch_dag.py
[2024-04-12T19:40:52.416+0800] {logging_mixin.py:188} INFO - [2024-04-12T19:40:52.416+0800] {dag.py:3036} INFO - Sync 1 DAGs
[2024-04-12T19:40:52.426+0800] {logging_mixin.py:188} INFO - [2024-04-12T19:40:52.426+0800] {dag.py:3823} INFO - Setting next_dagrun for example_nested_branch_dag to 2024-04-11 00:00:00+00:00, run_after=2024-04-12 00:00:00+00:00
[2024-04-12T19:40:52.436+0800] {processor.py:183} INFO - Processing /Users/wanghaojin/Desktop/exchange@NUS/IS3107/HW/Project/news_data_pipeline/.venv/lib/python3.11/site-packages/airflow/example_dags/example_nested_branch_dag.py took 0.119 seconds
[2024-04-12T19:43:08.758+0800] {processor.py:161} INFO - Started process (PID=5379) to work on /Users/wanghaojin/Desktop/exchange@NUS/IS3107/HW/Project/news_data_pipeline/.venv/lib/python3.11/site-packages/airflow/example_dags/example_nested_branch_dag.py
[2024-04-12T19:43:08.758+0800] {processor.py:830} INFO - Processing file /Users/wanghaojin/Desktop/exchange@NUS/IS3107/HW/Project/news_data_pipeline/.venv/lib/python3.11/site-packages/airflow/example_dags/example_nested_branch_dag.py for tasks to queue
[2024-04-12T19:43:08.758+0800] {logging_mixin.py:188} INFO - [2024-04-12T19:43:08.758+0800] {dagbag.py:538} INFO - Filling up the DagBag from /Users/wanghaojin/Desktop/exchange@NUS/IS3107/HW/Project/news_data_pipeline/.venv/lib/python3.11/site-packages/airflow/example_dags/example_nested_branch_dag.py
[2024-04-12T19:43:08.779+0800] {processor.py:840} INFO - DAG(s) 'example_nested_branch_dag' retrieved from /Users/wanghaojin/Desktop/exchange@NUS/IS3107/HW/Project/news_data_pipeline/.venv/lib/python3.11/site-packages/airflow/example_dags/example_nested_branch_dag.py
[2024-04-12T19:43:08.855+0800] {logging_mixin.py:188} INFO - [2024-04-12T19:43:08.855+0800] {dag.py:3036} INFO - Sync 1 DAGs
[2024-04-12T19:43:08.865+0800] {logging_mixin.py:188} INFO - [2024-04-12T19:43:08.865+0800] {dag.py:3823} INFO - Setting next_dagrun for example_nested_branch_dag to 2024-04-11 00:00:00+00:00, run_after=2024-04-12 00:00:00+00:00
[2024-04-12T19:43:08.875+0800] {processor.py:183} INFO - Processing /Users/wanghaojin/Desktop/exchange@NUS/IS3107/HW/Project/news_data_pipeline/.venv/lib/python3.11/site-packages/airflow/example_dags/example_nested_branch_dag.py took 0.118 seconds
[2024-04-12T19:45:25.629+0800] {processor.py:161} INFO - Started process (PID=5606) to work on /Users/wanghaojin/Desktop/exchange@NUS/IS3107/HW/Project/news_data_pipeline/.venv/lib/python3.11/site-packages/airflow/example_dags/example_nested_branch_dag.py
[2024-04-12T19:45:25.630+0800] {processor.py:830} INFO - Processing file /Users/wanghaojin/Desktop/exchange@NUS/IS3107/HW/Project/news_data_pipeline/.venv/lib/python3.11/site-packages/airflow/example_dags/example_nested_branch_dag.py for tasks to queue
[2024-04-12T19:45:25.630+0800] {logging_mixin.py:188} INFO - [2024-04-12T19:45:25.630+0800] {dagbag.py:538} INFO - Filling up the DagBag from /Users/wanghaojin/Desktop/exchange@NUS/IS3107/HW/Project/news_data_pipeline/.venv/lib/python3.11/site-packages/airflow/example_dags/example_nested_branch_dag.py
[2024-04-12T19:45:25.655+0800] {processor.py:840} INFO - DAG(s) 'example_nested_branch_dag' retrieved from /Users/wanghaojin/Desktop/exchange@NUS/IS3107/HW/Project/news_data_pipeline/.venv/lib/python3.11/site-packages/airflow/example_dags/example_nested_branch_dag.py
[2024-04-12T19:45:25.745+0800] {logging_mixin.py:188} INFO - [2024-04-12T19:45:25.744+0800] {dag.py:3036} INFO - Sync 1 DAGs
[2024-04-12T19:45:25.755+0800] {logging_mixin.py:188} INFO - [2024-04-12T19:45:25.755+0800] {dag.py:3823} INFO - Setting next_dagrun for example_nested_branch_dag to 2024-04-11 00:00:00+00:00, run_after=2024-04-12 00:00:00+00:00
[2024-04-12T19:45:25.767+0800] {processor.py:183} INFO - Processing /Users/wanghaojin/Desktop/exchange@NUS/IS3107/HW/Project/news_data_pipeline/.venv/lib/python3.11/site-packages/airflow/example_dags/example_nested_branch_dag.py took 0.139 seconds
[2024-04-12T19:47:41.041+0800] {processor.py:161} INFO - Started process (PID=5771) to work on /Users/wanghaojin/Desktop/exchange@NUS/IS3107/HW/Project/news_data_pipeline/.venv/lib/python3.11/site-packages/airflow/example_dags/example_nested_branch_dag.py
[2024-04-12T19:47:41.042+0800] {processor.py:830} INFO - Processing file /Users/wanghaojin/Desktop/exchange@NUS/IS3107/HW/Project/news_data_pipeline/.venv/lib/python3.11/site-packages/airflow/example_dags/example_nested_branch_dag.py for tasks to queue
[2024-04-12T19:47:41.042+0800] {logging_mixin.py:188} INFO - [2024-04-12T19:47:41.042+0800] {dagbag.py:538} INFO - Filling up the DagBag from /Users/wanghaojin/Desktop/exchange@NUS/IS3107/HW/Project/news_data_pipeline/.venv/lib/python3.11/site-packages/airflow/example_dags/example_nested_branch_dag.py
[2024-04-12T19:47:41.063+0800] {processor.py:840} INFO - DAG(s) 'example_nested_branch_dag' retrieved from /Users/wanghaojin/Desktop/exchange@NUS/IS3107/HW/Project/news_data_pipeline/.venv/lib/python3.11/site-packages/airflow/example_dags/example_nested_branch_dag.py
[2024-04-12T19:47:41.139+0800] {logging_mixin.py:188} INFO - [2024-04-12T19:47:41.139+0800] {dag.py:3036} INFO - Sync 1 DAGs
[2024-04-12T19:47:41.149+0800] {logging_mixin.py:188} INFO - [2024-04-12T19:47:41.149+0800] {dag.py:3823} INFO - Setting next_dagrun for example_nested_branch_dag to 2024-04-11 00:00:00+00:00, run_after=2024-04-12 00:00:00+00:00
[2024-04-12T19:47:41.159+0800] {processor.py:183} INFO - Processing /Users/wanghaojin/Desktop/exchange@NUS/IS3107/HW/Project/news_data_pipeline/.venv/lib/python3.11/site-packages/airflow/example_dags/example_nested_branch_dag.py took 0.118 seconds
[2024-04-12T19:49:57.104+0800] {processor.py:161} INFO - Started process (PID=5984) to work on /Users/wanghaojin/Desktop/exchange@NUS/IS3107/HW/Project/news_data_pipeline/.venv/lib/python3.11/site-packages/airflow/example_dags/example_nested_branch_dag.py
[2024-04-12T19:49:57.104+0800] {processor.py:830} INFO - Processing file /Users/wanghaojin/Desktop/exchange@NUS/IS3107/HW/Project/news_data_pipeline/.venv/lib/python3.11/site-packages/airflow/example_dags/example_nested_branch_dag.py for tasks to queue
[2024-04-12T19:49:57.104+0800] {logging_mixin.py:188} INFO - [2024-04-12T19:49:57.104+0800] {dagbag.py:538} INFO - Filling up the DagBag from /Users/wanghaojin/Desktop/exchange@NUS/IS3107/HW/Project/news_data_pipeline/.venv/lib/python3.11/site-packages/airflow/example_dags/example_nested_branch_dag.py
[2024-04-12T19:49:57.125+0800] {processor.py:840} INFO - DAG(s) 'example_nested_branch_dag' retrieved from /Users/wanghaojin/Desktop/exchange@NUS/IS3107/HW/Project/news_data_pipeline/.venv/lib/python3.11/site-packages/airflow/example_dags/example_nested_branch_dag.py
[2024-04-12T19:49:57.202+0800] {logging_mixin.py:188} INFO - [2024-04-12T19:49:57.201+0800] {dag.py:3036} INFO - Sync 1 DAGs
[2024-04-12T19:49:57.211+0800] {logging_mixin.py:188} INFO - [2024-04-12T19:49:57.211+0800] {dag.py:3823} INFO - Setting next_dagrun for example_nested_branch_dag to 2024-04-11 00:00:00+00:00, run_after=2024-04-12 00:00:00+00:00
[2024-04-12T19:49:57.222+0800] {processor.py:183} INFO - Processing /Users/wanghaojin/Desktop/exchange@NUS/IS3107/HW/Project/news_data_pipeline/.venv/lib/python3.11/site-packages/airflow/example_dags/example_nested_branch_dag.py took 0.119 seconds
[2024-04-12T19:52:12.286+0800] {processor.py:161} INFO - Started process (PID=6175) to work on /Users/wanghaojin/Desktop/exchange@NUS/IS3107/HW/Project/news_data_pipeline/.venv/lib/python3.11/site-packages/airflow/example_dags/example_nested_branch_dag.py
[2024-04-12T19:52:12.286+0800] {processor.py:830} INFO - Processing file /Users/wanghaojin/Desktop/exchange@NUS/IS3107/HW/Project/news_data_pipeline/.venv/lib/python3.11/site-packages/airflow/example_dags/example_nested_branch_dag.py for tasks to queue
[2024-04-12T19:52:12.287+0800] {logging_mixin.py:188} INFO - [2024-04-12T19:52:12.287+0800] {dagbag.py:538} INFO - Filling up the DagBag from /Users/wanghaojin/Desktop/exchange@NUS/IS3107/HW/Project/news_data_pipeline/.venv/lib/python3.11/site-packages/airflow/example_dags/example_nested_branch_dag.py
[2024-04-12T19:52:12.307+0800] {processor.py:840} INFO - DAG(s) 'example_nested_branch_dag' retrieved from /Users/wanghaojin/Desktop/exchange@NUS/IS3107/HW/Project/news_data_pipeline/.venv/lib/python3.11/site-packages/airflow/example_dags/example_nested_branch_dag.py
[2024-04-12T19:52:12.385+0800] {logging_mixin.py:188} INFO - [2024-04-12T19:52:12.384+0800] {dag.py:3036} INFO - Sync 1 DAGs
[2024-04-12T19:52:12.394+0800] {logging_mixin.py:188} INFO - [2024-04-12T19:52:12.394+0800] {dag.py:3823} INFO - Setting next_dagrun for example_nested_branch_dag to 2024-04-11 00:00:00+00:00, run_after=2024-04-12 00:00:00+00:00
[2024-04-12T19:52:12.404+0800] {processor.py:183} INFO - Processing /Users/wanghaojin/Desktop/exchange@NUS/IS3107/HW/Project/news_data_pipeline/.venv/lib/python3.11/site-packages/airflow/example_dags/example_nested_branch_dag.py took 0.119 seconds
[2024-04-12T19:54:27.468+0800] {processor.py:161} INFO - Started process (PID=6309) to work on /Users/wanghaojin/Desktop/exchange@NUS/IS3107/HW/Project/news_data_pipeline/.venv/lib/python3.11/site-packages/airflow/example_dags/example_nested_branch_dag.py
[2024-04-12T19:54:27.469+0800] {processor.py:830} INFO - Processing file /Users/wanghaojin/Desktop/exchange@NUS/IS3107/HW/Project/news_data_pipeline/.venv/lib/python3.11/site-packages/airflow/example_dags/example_nested_branch_dag.py for tasks to queue
[2024-04-12T19:54:27.469+0800] {logging_mixin.py:188} INFO - [2024-04-12T19:54:27.469+0800] {dagbag.py:538} INFO - Filling up the DagBag from /Users/wanghaojin/Desktop/exchange@NUS/IS3107/HW/Project/news_data_pipeline/.venv/lib/python3.11/site-packages/airflow/example_dags/example_nested_branch_dag.py
[2024-04-12T19:54:27.490+0800] {processor.py:840} INFO - DAG(s) 'example_nested_branch_dag' retrieved from /Users/wanghaojin/Desktop/exchange@NUS/IS3107/HW/Project/news_data_pipeline/.venv/lib/python3.11/site-packages/airflow/example_dags/example_nested_branch_dag.py
[2024-04-12T19:54:27.566+0800] {logging_mixin.py:188} INFO - [2024-04-12T19:54:27.565+0800] {dag.py:3036} INFO - Sync 1 DAGs
[2024-04-12T19:54:27.575+0800] {logging_mixin.py:188} INFO - [2024-04-12T19:54:27.575+0800] {dag.py:3823} INFO - Setting next_dagrun for example_nested_branch_dag to 2024-04-11 00:00:00+00:00, run_after=2024-04-12 00:00:00+00:00
[2024-04-12T19:54:27.585+0800] {processor.py:183} INFO - Processing /Users/wanghaojin/Desktop/exchange@NUS/IS3107/HW/Project/news_data_pipeline/.venv/lib/python3.11/site-packages/airflow/example_dags/example_nested_branch_dag.py took 0.118 seconds
[2024-04-12T19:56:41.748+0800] {processor.py:161} INFO - Started process (PID=6482) to work on /Users/wanghaojin/Desktop/exchange@NUS/IS3107/HW/Project/news_data_pipeline/.venv/lib/python3.11/site-packages/airflow/example_dags/example_nested_branch_dag.py
[2024-04-12T19:56:41.749+0800] {processor.py:830} INFO - Processing file /Users/wanghaojin/Desktop/exchange@NUS/IS3107/HW/Project/news_data_pipeline/.venv/lib/python3.11/site-packages/airflow/example_dags/example_nested_branch_dag.py for tasks to queue
[2024-04-12T19:56:41.749+0800] {logging_mixin.py:188} INFO - [2024-04-12T19:56:41.749+0800] {dagbag.py:538} INFO - Filling up the DagBag from /Users/wanghaojin/Desktop/exchange@NUS/IS3107/HW/Project/news_data_pipeline/.venv/lib/python3.11/site-packages/airflow/example_dags/example_nested_branch_dag.py
[2024-04-12T19:56:41.770+0800] {processor.py:840} INFO - DAG(s) 'example_nested_branch_dag' retrieved from /Users/wanghaojin/Desktop/exchange@NUS/IS3107/HW/Project/news_data_pipeline/.venv/lib/python3.11/site-packages/airflow/example_dags/example_nested_branch_dag.py
[2024-04-12T19:56:41.846+0800] {logging_mixin.py:188} INFO - [2024-04-12T19:56:41.846+0800] {dag.py:3036} INFO - Sync 1 DAGs
[2024-04-12T19:56:41.856+0800] {logging_mixin.py:188} INFO - [2024-04-12T19:56:41.856+0800] {dag.py:3823} INFO - Setting next_dagrun for example_nested_branch_dag to 2024-04-11 00:00:00+00:00, run_after=2024-04-12 00:00:00+00:00
[2024-04-12T19:56:41.866+0800] {processor.py:183} INFO - Processing /Users/wanghaojin/Desktop/exchange@NUS/IS3107/HW/Project/news_data_pipeline/.venv/lib/python3.11/site-packages/airflow/example_dags/example_nested_branch_dag.py took 0.119 seconds
[2024-04-12T19:58:54.792+0800] {processor.py:161} INFO - Started process (PID=6609) to work on /Users/wanghaojin/Desktop/exchange@NUS/IS3107/HW/Project/news_data_pipeline/.venv/lib/python3.11/site-packages/airflow/example_dags/example_nested_branch_dag.py
[2024-04-12T19:58:54.793+0800] {processor.py:830} INFO - Processing file /Users/wanghaojin/Desktop/exchange@NUS/IS3107/HW/Project/news_data_pipeline/.venv/lib/python3.11/site-packages/airflow/example_dags/example_nested_branch_dag.py for tasks to queue
[2024-04-12T19:58:54.793+0800] {logging_mixin.py:188} INFO - [2024-04-12T19:58:54.793+0800] {dagbag.py:538} INFO - Filling up the DagBag from /Users/wanghaojin/Desktop/exchange@NUS/IS3107/HW/Project/news_data_pipeline/.venv/lib/python3.11/site-packages/airflow/example_dags/example_nested_branch_dag.py
[2024-04-12T19:58:54.815+0800] {processor.py:840} INFO - DAG(s) 'example_nested_branch_dag' retrieved from /Users/wanghaojin/Desktop/exchange@NUS/IS3107/HW/Project/news_data_pipeline/.venv/lib/python3.11/site-packages/airflow/example_dags/example_nested_branch_dag.py
[2024-04-12T19:58:54.891+0800] {logging_mixin.py:188} INFO - [2024-04-12T19:58:54.891+0800] {dag.py:3036} INFO - Sync 1 DAGs
[2024-04-12T19:58:54.901+0800] {logging_mixin.py:188} INFO - [2024-04-12T19:58:54.901+0800] {dag.py:3823} INFO - Setting next_dagrun for example_nested_branch_dag to 2024-04-11 00:00:00+00:00, run_after=2024-04-12 00:00:00+00:00
[2024-04-12T19:58:54.911+0800] {processor.py:183} INFO - Processing /Users/wanghaojin/Desktop/exchange@NUS/IS3107/HW/Project/news_data_pipeline/.venv/lib/python3.11/site-packages/airflow/example_dags/example_nested_branch_dag.py took 0.120 seconds
[2024-04-12T20:01:10.940+0800] {processor.py:161} INFO - Started process (PID=6788) to work on /Users/wanghaojin/Desktop/exchange@NUS/IS3107/HW/Project/news_data_pipeline/.venv/lib/python3.11/site-packages/airflow/example_dags/example_nested_branch_dag.py
[2024-04-12T20:01:10.940+0800] {processor.py:830} INFO - Processing file /Users/wanghaojin/Desktop/exchange@NUS/IS3107/HW/Project/news_data_pipeline/.venv/lib/python3.11/site-packages/airflow/example_dags/example_nested_branch_dag.py for tasks to queue
[2024-04-12T20:01:10.941+0800] {logging_mixin.py:188} INFO - [2024-04-12T20:01:10.940+0800] {dagbag.py:538} INFO - Filling up the DagBag from /Users/wanghaojin/Desktop/exchange@NUS/IS3107/HW/Project/news_data_pipeline/.venv/lib/python3.11/site-packages/airflow/example_dags/example_nested_branch_dag.py
[2024-04-12T20:01:10.961+0800] {processor.py:840} INFO - DAG(s) 'example_nested_branch_dag' retrieved from /Users/wanghaojin/Desktop/exchange@NUS/IS3107/HW/Project/news_data_pipeline/.venv/lib/python3.11/site-packages/airflow/example_dags/example_nested_branch_dag.py
[2024-04-12T20:01:11.038+0800] {logging_mixin.py:188} INFO - [2024-04-12T20:01:11.037+0800] {dag.py:3036} INFO - Sync 1 DAGs
[2024-04-12T20:01:11.047+0800] {logging_mixin.py:188} INFO - [2024-04-12T20:01:11.047+0800] {dag.py:3823} INFO - Setting next_dagrun for example_nested_branch_dag to 2024-04-11 00:00:00+00:00, run_after=2024-04-12 00:00:00+00:00
[2024-04-12T20:01:11.058+0800] {processor.py:183} INFO - Processing /Users/wanghaojin/Desktop/exchange@NUS/IS3107/HW/Project/news_data_pipeline/.venv/lib/python3.11/site-packages/airflow/example_dags/example_nested_branch_dag.py took 0.119 seconds
[2024-04-12T20:03:31.937+0800] {processor.py:161} INFO - Started process (PID=7095) to work on /Users/wanghaojin/Desktop/exchange@NUS/IS3107/HW/Project/news_data_pipeline/.venv/lib/python3.11/site-packages/airflow/example_dags/example_nested_branch_dag.py
[2024-04-12T20:03:31.938+0800] {processor.py:830} INFO - Processing file /Users/wanghaojin/Desktop/exchange@NUS/IS3107/HW/Project/news_data_pipeline/.venv/lib/python3.11/site-packages/airflow/example_dags/example_nested_branch_dag.py for tasks to queue
[2024-04-12T20:03:31.939+0800] {logging_mixin.py:188} INFO - [2024-04-12T20:03:31.939+0800] {dagbag.py:538} INFO - Filling up the DagBag from /Users/wanghaojin/Desktop/exchange@NUS/IS3107/HW/Project/news_data_pipeline/.venv/lib/python3.11/site-packages/airflow/example_dags/example_nested_branch_dag.py
[2024-04-12T20:03:31.960+0800] {processor.py:840} INFO - DAG(s) 'example_nested_branch_dag' retrieved from /Users/wanghaojin/Desktop/exchange@NUS/IS3107/HW/Project/news_data_pipeline/.venv/lib/python3.11/site-packages/airflow/example_dags/example_nested_branch_dag.py
[2024-04-12T20:03:32.036+0800] {logging_mixin.py:188} INFO - [2024-04-12T20:03:32.036+0800] {dag.py:3036} INFO - Sync 1 DAGs
[2024-04-12T20:03:32.046+0800] {logging_mixin.py:188} INFO - [2024-04-12T20:03:32.046+0800] {dag.py:3823} INFO - Setting next_dagrun for example_nested_branch_dag to 2024-04-11 00:00:00+00:00, run_after=2024-04-12 00:00:00+00:00
[2024-04-12T20:03:32.056+0800] {processor.py:183} INFO - Processing /Users/wanghaojin/Desktop/exchange@NUS/IS3107/HW/Project/news_data_pipeline/.venv/lib/python3.11/site-packages/airflow/example_dags/example_nested_branch_dag.py took 0.119 seconds
[2024-04-12T20:05:48.360+0800] {processor.py:161} INFO - Started process (PID=7292) to work on /Users/wanghaojin/Desktop/exchange@NUS/IS3107/HW/Project/news_data_pipeline/.venv/lib/python3.11/site-packages/airflow/example_dags/example_nested_branch_dag.py
[2024-04-12T20:05:48.360+0800] {processor.py:830} INFO - Processing file /Users/wanghaojin/Desktop/exchange@NUS/IS3107/HW/Project/news_data_pipeline/.venv/lib/python3.11/site-packages/airflow/example_dags/example_nested_branch_dag.py for tasks to queue
[2024-04-12T20:05:48.361+0800] {logging_mixin.py:188} INFO - [2024-04-12T20:05:48.361+0800] {dagbag.py:538} INFO - Filling up the DagBag from /Users/wanghaojin/Desktop/exchange@NUS/IS3107/HW/Project/news_data_pipeline/.venv/lib/python3.11/site-packages/airflow/example_dags/example_nested_branch_dag.py
[2024-04-12T20:05:48.382+0800] {processor.py:840} INFO - DAG(s) 'example_nested_branch_dag' retrieved from /Users/wanghaojin/Desktop/exchange@NUS/IS3107/HW/Project/news_data_pipeline/.venv/lib/python3.11/site-packages/airflow/example_dags/example_nested_branch_dag.py
[2024-04-12T20:05:48.458+0800] {logging_mixin.py:188} INFO - [2024-04-12T20:05:48.458+0800] {dag.py:3036} INFO - Sync 1 DAGs
[2024-04-12T20:05:48.468+0800] {logging_mixin.py:188} INFO - [2024-04-12T20:05:48.468+0800] {dag.py:3823} INFO - Setting next_dagrun for example_nested_branch_dag to 2024-04-11 00:00:00+00:00, run_after=2024-04-12 00:00:00+00:00
[2024-04-12T20:05:48.478+0800] {processor.py:183} INFO - Processing /Users/wanghaojin/Desktop/exchange@NUS/IS3107/HW/Project/news_data_pipeline/.venv/lib/python3.11/site-packages/airflow/example_dags/example_nested_branch_dag.py took 0.119 seconds
[2024-04-12T20:08:05.340+0800] {processor.py:161} INFO - Started process (PID=7504) to work on /Users/wanghaojin/Desktop/exchange@NUS/IS3107/HW/Project/news_data_pipeline/.venv/lib/python3.11/site-packages/airflow/example_dags/example_nested_branch_dag.py
[2024-04-12T20:08:05.341+0800] {processor.py:830} INFO - Processing file /Users/wanghaojin/Desktop/exchange@NUS/IS3107/HW/Project/news_data_pipeline/.venv/lib/python3.11/site-packages/airflow/example_dags/example_nested_branch_dag.py for tasks to queue
[2024-04-12T20:08:05.341+0800] {logging_mixin.py:188} INFO - [2024-04-12T20:08:05.341+0800] {dagbag.py:538} INFO - Filling up the DagBag from /Users/wanghaojin/Desktop/exchange@NUS/IS3107/HW/Project/news_data_pipeline/.venv/lib/python3.11/site-packages/airflow/example_dags/example_nested_branch_dag.py
[2024-04-12T20:08:05.361+0800] {processor.py:840} INFO - DAG(s) 'example_nested_branch_dag' retrieved from /Users/wanghaojin/Desktop/exchange@NUS/IS3107/HW/Project/news_data_pipeline/.venv/lib/python3.11/site-packages/airflow/example_dags/example_nested_branch_dag.py
[2024-04-12T20:08:05.437+0800] {logging_mixin.py:188} INFO - [2024-04-12T20:08:05.437+0800] {dag.py:3036} INFO - Sync 1 DAGs
[2024-04-12T20:08:05.447+0800] {logging_mixin.py:188} INFO - [2024-04-12T20:08:05.447+0800] {dag.py:3823} INFO - Setting next_dagrun for example_nested_branch_dag to 2024-04-11 00:00:00+00:00, run_after=2024-04-12 00:00:00+00:00
[2024-04-12T20:08:05.457+0800] {processor.py:183} INFO - Processing /Users/wanghaojin/Desktop/exchange@NUS/IS3107/HW/Project/news_data_pipeline/.venv/lib/python3.11/site-packages/airflow/example_dags/example_nested_branch_dag.py took 0.118 seconds
[2024-04-12T20:10:22.527+0800] {processor.py:161} INFO - Started process (PID=7684) to work on /Users/wanghaojin/Desktop/exchange@NUS/IS3107/HW/Project/news_data_pipeline/.venv/lib/python3.11/site-packages/airflow/example_dags/example_nested_branch_dag.py
[2024-04-12T20:10:22.528+0800] {processor.py:830} INFO - Processing file /Users/wanghaojin/Desktop/exchange@NUS/IS3107/HW/Project/news_data_pipeline/.venv/lib/python3.11/site-packages/airflow/example_dags/example_nested_branch_dag.py for tasks to queue
[2024-04-12T20:10:22.528+0800] {logging_mixin.py:188} INFO - [2024-04-12T20:10:22.528+0800] {dagbag.py:538} INFO - Filling up the DagBag from /Users/wanghaojin/Desktop/exchange@NUS/IS3107/HW/Project/news_data_pipeline/.venv/lib/python3.11/site-packages/airflow/example_dags/example_nested_branch_dag.py
[2024-04-12T20:10:22.549+0800] {processor.py:840} INFO - DAG(s) 'example_nested_branch_dag' retrieved from /Users/wanghaojin/Desktop/exchange@NUS/IS3107/HW/Project/news_data_pipeline/.venv/lib/python3.11/site-packages/airflow/example_dags/example_nested_branch_dag.py
[2024-04-12T20:10:22.626+0800] {logging_mixin.py:188} INFO - [2024-04-12T20:10:22.626+0800] {dag.py:3036} INFO - Sync 1 DAGs
[2024-04-12T20:10:22.636+0800] {logging_mixin.py:188} INFO - [2024-04-12T20:10:22.636+0800] {dag.py:3823} INFO - Setting next_dagrun for example_nested_branch_dag to 2024-04-11 00:00:00+00:00, run_after=2024-04-12 00:00:00+00:00
[2024-04-12T20:10:22.646+0800] {processor.py:183} INFO - Processing /Users/wanghaojin/Desktop/exchange@NUS/IS3107/HW/Project/news_data_pipeline/.venv/lib/python3.11/site-packages/airflow/example_dags/example_nested_branch_dag.py took 0.119 seconds
[2024-04-12T20:12:40.604+0800] {processor.py:161} INFO - Started process (PID=7924) to work on /Users/wanghaojin/Desktop/exchange@NUS/IS3107/HW/Project/news_data_pipeline/.venv/lib/python3.11/site-packages/airflow/example_dags/example_nested_branch_dag.py
[2024-04-12T20:12:40.605+0800] {processor.py:830} INFO - Processing file /Users/wanghaojin/Desktop/exchange@NUS/IS3107/HW/Project/news_data_pipeline/.venv/lib/python3.11/site-packages/airflow/example_dags/example_nested_branch_dag.py for tasks to queue
[2024-04-12T20:12:40.605+0800] {logging_mixin.py:188} INFO - [2024-04-12T20:12:40.605+0800] {dagbag.py:538} INFO - Filling up the DagBag from /Users/wanghaojin/Desktop/exchange@NUS/IS3107/HW/Project/news_data_pipeline/.venv/lib/python3.11/site-packages/airflow/example_dags/example_nested_branch_dag.py
[2024-04-12T20:12:40.626+0800] {processor.py:840} INFO - DAG(s) 'example_nested_branch_dag' retrieved from /Users/wanghaojin/Desktop/exchange@NUS/IS3107/HW/Project/news_data_pipeline/.venv/lib/python3.11/site-packages/airflow/example_dags/example_nested_branch_dag.py
[2024-04-12T20:12:40.709+0800] {logging_mixin.py:188} INFO - [2024-04-12T20:12:40.709+0800] {dag.py:3036} INFO - Sync 1 DAGs
[2024-04-12T20:12:40.719+0800] {logging_mixin.py:188} INFO - [2024-04-12T20:12:40.719+0800] {dag.py:3823} INFO - Setting next_dagrun for example_nested_branch_dag to 2024-04-11 00:00:00+00:00, run_after=2024-04-12 00:00:00+00:00
[2024-04-12T20:12:40.729+0800] {processor.py:183} INFO - Processing /Users/wanghaojin/Desktop/exchange@NUS/IS3107/HW/Project/news_data_pipeline/.venv/lib/python3.11/site-packages/airflow/example_dags/example_nested_branch_dag.py took 0.126 seconds
[2024-04-12T20:14:57.031+0800] {processor.py:161} INFO - Started process (PID=8153) to work on /Users/wanghaojin/Desktop/exchange@NUS/IS3107/HW/Project/news_data_pipeline/.venv/lib/python3.11/site-packages/airflow/example_dags/example_nested_branch_dag.py
[2024-04-12T20:14:57.032+0800] {processor.py:830} INFO - Processing file /Users/wanghaojin/Desktop/exchange@NUS/IS3107/HW/Project/news_data_pipeline/.venv/lib/python3.11/site-packages/airflow/example_dags/example_nested_branch_dag.py for tasks to queue
[2024-04-12T20:14:57.033+0800] {logging_mixin.py:188} INFO - [2024-04-12T20:14:57.033+0800] {dagbag.py:538} INFO - Filling up the DagBag from /Users/wanghaojin/Desktop/exchange@NUS/IS3107/HW/Project/news_data_pipeline/.venv/lib/python3.11/site-packages/airflow/example_dags/example_nested_branch_dag.py
[2024-04-12T20:14:57.054+0800] {processor.py:840} INFO - DAG(s) 'example_nested_branch_dag' retrieved from /Users/wanghaojin/Desktop/exchange@NUS/IS3107/HW/Project/news_data_pipeline/.venv/lib/python3.11/site-packages/airflow/example_dags/example_nested_branch_dag.py
[2024-04-12T20:14:57.132+0800] {logging_mixin.py:188} INFO - [2024-04-12T20:14:57.132+0800] {dag.py:3036} INFO - Sync 1 DAGs
[2024-04-12T20:14:57.142+0800] {logging_mixin.py:188} INFO - [2024-04-12T20:14:57.142+0800] {dag.py:3823} INFO - Setting next_dagrun for example_nested_branch_dag to 2024-04-11 00:00:00+00:00, run_after=2024-04-12 00:00:00+00:00
[2024-04-12T20:14:57.153+0800] {processor.py:183} INFO - Processing /Users/wanghaojin/Desktop/exchange@NUS/IS3107/HW/Project/news_data_pipeline/.venv/lib/python3.11/site-packages/airflow/example_dags/example_nested_branch_dag.py took 0.122 seconds
[2024-04-12T20:17:16.009+0800] {processor.py:161} INFO - Started process (PID=8445) to work on /Users/wanghaojin/Desktop/exchange@NUS/IS3107/HW/Project/news_data_pipeline/.venv/lib/python3.11/site-packages/airflow/example_dags/example_nested_branch_dag.py
[2024-04-12T20:17:16.010+0800] {processor.py:830} INFO - Processing file /Users/wanghaojin/Desktop/exchange@NUS/IS3107/HW/Project/news_data_pipeline/.venv/lib/python3.11/site-packages/airflow/example_dags/example_nested_branch_dag.py for tasks to queue
[2024-04-12T20:17:16.010+0800] {logging_mixin.py:188} INFO - [2024-04-12T20:17:16.010+0800] {dagbag.py:538} INFO - Filling up the DagBag from /Users/wanghaojin/Desktop/exchange@NUS/IS3107/HW/Project/news_data_pipeline/.venv/lib/python3.11/site-packages/airflow/example_dags/example_nested_branch_dag.py
[2024-04-12T20:17:16.033+0800] {processor.py:840} INFO - DAG(s) 'example_nested_branch_dag' retrieved from /Users/wanghaojin/Desktop/exchange@NUS/IS3107/HW/Project/news_data_pipeline/.venv/lib/python3.11/site-packages/airflow/example_dags/example_nested_branch_dag.py
[2024-04-12T20:17:16.120+0800] {logging_mixin.py:188} INFO - [2024-04-12T20:17:16.120+0800] {dag.py:3036} INFO - Sync 1 DAGs
[2024-04-12T20:17:16.130+0800] {logging_mixin.py:188} INFO - [2024-04-12T20:17:16.130+0800] {dag.py:3823} INFO - Setting next_dagrun for example_nested_branch_dag to 2024-04-11 00:00:00+00:00, run_after=2024-04-12 00:00:00+00:00
[2024-04-12T20:17:16.140+0800] {processor.py:183} INFO - Processing /Users/wanghaojin/Desktop/exchange@NUS/IS3107/HW/Project/news_data_pipeline/.venv/lib/python3.11/site-packages/airflow/example_dags/example_nested_branch_dag.py took 0.132 seconds
[2024-04-12T20:19:16.346+0800] {processor.py:161} INFO - Started process (PID=8739) to work on /Users/wanghaojin/Desktop/exchange@NUS/IS3107/HW/Project/news_data_pipeline/.venv/lib/python3.11/site-packages/airflow/example_dags/example_nested_branch_dag.py
[2024-04-12T20:19:16.347+0800] {processor.py:830} INFO - Processing file /Users/wanghaojin/Desktop/exchange@NUS/IS3107/HW/Project/news_data_pipeline/.venv/lib/python3.11/site-packages/airflow/example_dags/example_nested_branch_dag.py for tasks to queue
[2024-04-12T20:19:16.347+0800] {logging_mixin.py:188} INFO - [2024-04-12T20:19:16.347+0800] {dagbag.py:538} INFO - Filling up the DagBag from /Users/wanghaojin/Desktop/exchange@NUS/IS3107/HW/Project/news_data_pipeline/.venv/lib/python3.11/site-packages/airflow/example_dags/example_nested_branch_dag.py
[2024-04-12T20:19:16.368+0800] {processor.py:840} INFO - DAG(s) 'example_nested_branch_dag' retrieved from /Users/wanghaojin/Desktop/exchange@NUS/IS3107/HW/Project/news_data_pipeline/.venv/lib/python3.11/site-packages/airflow/example_dags/example_nested_branch_dag.py
[2024-04-12T20:19:16.487+0800] {logging_mixin.py:188} INFO - [2024-04-12T20:19:16.487+0800] {dag.py:3036} INFO - Sync 1 DAGs
[2024-04-12T20:19:16.496+0800] {logging_mixin.py:188} INFO - [2024-04-12T20:19:16.496+0800] {dag.py:3823} INFO - Setting next_dagrun for example_nested_branch_dag to 2024-04-11 00:00:00+00:00, run_after=2024-04-12 00:00:00+00:00
[2024-04-12T20:19:16.507+0800] {processor.py:183} INFO - Processing /Users/wanghaojin/Desktop/exchange@NUS/IS3107/HW/Project/news_data_pipeline/.venv/lib/python3.11/site-packages/airflow/example_dags/example_nested_branch_dag.py took 0.162 seconds
[2024-04-12T20:21:35.860+0800] {processor.py:161} INFO - Started process (PID=8941) to work on /Users/wanghaojin/Desktop/exchange@NUS/IS3107/HW/Project/news_data_pipeline/.venv/lib/python3.11/site-packages/airflow/example_dags/example_nested_branch_dag.py
[2024-04-12T20:21:35.861+0800] {processor.py:830} INFO - Processing file /Users/wanghaojin/Desktop/exchange@NUS/IS3107/HW/Project/news_data_pipeline/.venv/lib/python3.11/site-packages/airflow/example_dags/example_nested_branch_dag.py for tasks to queue
[2024-04-12T20:21:35.862+0800] {logging_mixin.py:188} INFO - [2024-04-12T20:21:35.862+0800] {dagbag.py:538} INFO - Filling up the DagBag from /Users/wanghaojin/Desktop/exchange@NUS/IS3107/HW/Project/news_data_pipeline/.venv/lib/python3.11/site-packages/airflow/example_dags/example_nested_branch_dag.py
[2024-04-12T20:21:35.883+0800] {processor.py:840} INFO - DAG(s) 'example_nested_branch_dag' retrieved from /Users/wanghaojin/Desktop/exchange@NUS/IS3107/HW/Project/news_data_pipeline/.venv/lib/python3.11/site-packages/airflow/example_dags/example_nested_branch_dag.py
[2024-04-12T20:21:36.003+0800] {logging_mixin.py:188} INFO - [2024-04-12T20:21:36.002+0800] {dag.py:3036} INFO - Sync 1 DAGs
[2024-04-12T20:21:36.011+0800] {logging_mixin.py:188} INFO - [2024-04-12T20:21:36.011+0800] {dag.py:3823} INFO - Setting next_dagrun for example_nested_branch_dag to 2024-04-11 00:00:00+00:00, run_after=2024-04-12 00:00:00+00:00
[2024-04-12T20:21:36.022+0800] {processor.py:183} INFO - Processing /Users/wanghaojin/Desktop/exchange@NUS/IS3107/HW/Project/news_data_pipeline/.venv/lib/python3.11/site-packages/airflow/example_dags/example_nested_branch_dag.py took 0.163 seconds
[2024-04-12T20:23:14.681+0800] {processor.py:161} INFO - Started process (PID=9038) to work on /Users/wanghaojin/Desktop/exchange@NUS/IS3107/HW/Project/news_data_pipeline/.venv/lib/python3.11/site-packages/airflow/example_dags/example_nested_branch_dag.py
[2024-04-12T20:23:14.681+0800] {processor.py:830} INFO - Processing file /Users/wanghaojin/Desktop/exchange@NUS/IS3107/HW/Project/news_data_pipeline/.venv/lib/python3.11/site-packages/airflow/example_dags/example_nested_branch_dag.py for tasks to queue
[2024-04-12T20:23:14.682+0800] {logging_mixin.py:188} INFO - [2024-04-12T20:23:14.682+0800] {dagbag.py:538} INFO - Filling up the DagBag from /Users/wanghaojin/Desktop/exchange@NUS/IS3107/HW/Project/news_data_pipeline/.venv/lib/python3.11/site-packages/airflow/example_dags/example_nested_branch_dag.py
[2024-04-12T20:23:14.703+0800] {processor.py:840} INFO - DAG(s) 'example_nested_branch_dag' retrieved from /Users/wanghaojin/Desktop/exchange@NUS/IS3107/HW/Project/news_data_pipeline/.venv/lib/python3.11/site-packages/airflow/example_dags/example_nested_branch_dag.py
[2024-04-12T20:23:14.780+0800] {logging_mixin.py:188} INFO - [2024-04-12T20:23:14.780+0800] {dag.py:3036} INFO - Sync 1 DAGs
[2024-04-12T20:23:14.790+0800] {logging_mixin.py:188} INFO - [2024-04-12T20:23:14.790+0800] {dag.py:3823} INFO - Setting next_dagrun for example_nested_branch_dag to 2024-04-11 00:00:00+00:00, run_after=2024-04-12 00:00:00+00:00
[2024-04-12T20:23:14.800+0800] {processor.py:183} INFO - Processing /Users/wanghaojin/Desktop/exchange@NUS/IS3107/HW/Project/news_data_pipeline/.venv/lib/python3.11/site-packages/airflow/example_dags/example_nested_branch_dag.py took 0.120 seconds
[2024-04-12T20:25:48.663+0800] {processor.py:161} INFO - Started process (PID=9279) to work on /Users/wanghaojin/Desktop/exchange@NUS/IS3107/HW/Project/news_data_pipeline/.venv/lib/python3.11/site-packages/airflow/example_dags/example_nested_branch_dag.py
[2024-04-12T20:25:48.665+0800] {processor.py:830} INFO - Processing file /Users/wanghaojin/Desktop/exchange@NUS/IS3107/HW/Project/news_data_pipeline/.venv/lib/python3.11/site-packages/airflow/example_dags/example_nested_branch_dag.py for tasks to queue
[2024-04-12T20:25:48.665+0800] {logging_mixin.py:188} INFO - [2024-04-12T20:25:48.665+0800] {dagbag.py:538} INFO - Filling up the DagBag from /Users/wanghaojin/Desktop/exchange@NUS/IS3107/HW/Project/news_data_pipeline/.venv/lib/python3.11/site-packages/airflow/example_dags/example_nested_branch_dag.py
[2024-04-12T20:25:48.686+0800] {processor.py:840} INFO - DAG(s) 'example_nested_branch_dag' retrieved from /Users/wanghaojin/Desktop/exchange@NUS/IS3107/HW/Project/news_data_pipeline/.venv/lib/python3.11/site-packages/airflow/example_dags/example_nested_branch_dag.py
[2024-04-12T20:25:48.762+0800] {logging_mixin.py:188} INFO - [2024-04-12T20:25:48.762+0800] {dag.py:3036} INFO - Sync 1 DAGs
[2024-04-12T20:25:48.772+0800] {logging_mixin.py:188} INFO - [2024-04-12T20:25:48.771+0800] {dag.py:3823} INFO - Setting next_dagrun for example_nested_branch_dag to 2024-04-11 00:00:00+00:00, run_after=2024-04-12 00:00:00+00:00
[2024-04-12T20:25:48.782+0800] {processor.py:183} INFO - Processing /Users/wanghaojin/Desktop/exchange@NUS/IS3107/HW/Project/news_data_pipeline/.venv/lib/python3.11/site-packages/airflow/example_dags/example_nested_branch_dag.py took 0.119 seconds
[2024-04-12T20:28:06.770+0800] {processor.py:161} INFO - Started process (PID=9542) to work on /Users/wanghaojin/Desktop/exchange@NUS/IS3107/HW/Project/news_data_pipeline/.venv/lib/python3.11/site-packages/airflow/example_dags/example_nested_branch_dag.py
[2024-04-12T20:28:06.771+0800] {processor.py:830} INFO - Processing file /Users/wanghaojin/Desktop/exchange@NUS/IS3107/HW/Project/news_data_pipeline/.venv/lib/python3.11/site-packages/airflow/example_dags/example_nested_branch_dag.py for tasks to queue
[2024-04-12T20:28:06.771+0800] {logging_mixin.py:188} INFO - [2024-04-12T20:28:06.771+0800] {dagbag.py:538} INFO - Filling up the DagBag from /Users/wanghaojin/Desktop/exchange@NUS/IS3107/HW/Project/news_data_pipeline/.venv/lib/python3.11/site-packages/airflow/example_dags/example_nested_branch_dag.py
[2024-04-12T20:28:06.792+0800] {processor.py:840} INFO - DAG(s) 'example_nested_branch_dag' retrieved from /Users/wanghaojin/Desktop/exchange@NUS/IS3107/HW/Project/news_data_pipeline/.venv/lib/python3.11/site-packages/airflow/example_dags/example_nested_branch_dag.py
[2024-04-12T20:28:06.868+0800] {logging_mixin.py:188} INFO - [2024-04-12T20:28:06.868+0800] {dag.py:3036} INFO - Sync 1 DAGs
[2024-04-12T20:28:06.878+0800] {logging_mixin.py:188} INFO - [2024-04-12T20:28:06.878+0800] {dag.py:3823} INFO - Setting next_dagrun for example_nested_branch_dag to 2024-04-11 00:00:00+00:00, run_after=2024-04-12 00:00:00+00:00
[2024-04-12T20:28:06.888+0800] {processor.py:183} INFO - Processing /Users/wanghaojin/Desktop/exchange@NUS/IS3107/HW/Project/news_data_pipeline/.venv/lib/python3.11/site-packages/airflow/example_dags/example_nested_branch_dag.py took 0.119 seconds
[2024-04-12T20:30:20.581+0800] {processor.py:161} INFO - Started process (PID=9829) to work on /Users/wanghaojin/Desktop/exchange@NUS/IS3107/HW/Project/news_data_pipeline/.venv/lib/python3.11/site-packages/airflow/example_dags/example_nested_branch_dag.py
[2024-04-12T20:30:20.582+0800] {processor.py:830} INFO - Processing file /Users/wanghaojin/Desktop/exchange@NUS/IS3107/HW/Project/news_data_pipeline/.venv/lib/python3.11/site-packages/airflow/example_dags/example_nested_branch_dag.py for tasks to queue
[2024-04-12T20:30:20.583+0800] {logging_mixin.py:188} INFO - [2024-04-12T20:30:20.582+0800] {dagbag.py:538} INFO - Filling up the DagBag from /Users/wanghaojin/Desktop/exchange@NUS/IS3107/HW/Project/news_data_pipeline/.venv/lib/python3.11/site-packages/airflow/example_dags/example_nested_branch_dag.py
[2024-04-12T20:30:20.603+0800] {processor.py:840} INFO - DAG(s) 'example_nested_branch_dag' retrieved from /Users/wanghaojin/Desktop/exchange@NUS/IS3107/HW/Project/news_data_pipeline/.venv/lib/python3.11/site-packages/airflow/example_dags/example_nested_branch_dag.py
[2024-04-12T20:30:20.725+0800] {logging_mixin.py:188} INFO - [2024-04-12T20:30:20.724+0800] {dag.py:3036} INFO - Sync 1 DAGs
[2024-04-12T20:30:20.734+0800] {logging_mixin.py:188} INFO - [2024-04-12T20:30:20.733+0800] {dag.py:3823} INFO - Setting next_dagrun for example_nested_branch_dag to 2024-04-11 00:00:00+00:00, run_after=2024-04-12 00:00:00+00:00
[2024-04-12T20:30:20.745+0800] {processor.py:183} INFO - Processing /Users/wanghaojin/Desktop/exchange@NUS/IS3107/HW/Project/news_data_pipeline/.venv/lib/python3.11/site-packages/airflow/example_dags/example_nested_branch_dag.py took 0.164 seconds
[2024-04-12T20:32:00.340+0800] {processor.py:161} INFO - Started process (PID=9976) to work on /Users/wanghaojin/Desktop/exchange@NUS/IS3107/HW/Project/news_data_pipeline/.venv/lib/python3.11/site-packages/airflow/example_dags/example_nested_branch_dag.py
[2024-04-12T20:32:00.343+0800] {processor.py:830} INFO - Processing file /Users/wanghaojin/Desktop/exchange@NUS/IS3107/HW/Project/news_data_pipeline/.venv/lib/python3.11/site-packages/airflow/example_dags/example_nested_branch_dag.py for tasks to queue
[2024-04-12T20:32:00.343+0800] {logging_mixin.py:188} INFO - [2024-04-12T20:32:00.343+0800] {dagbag.py:538} INFO - Filling up the DagBag from /Users/wanghaojin/Desktop/exchange@NUS/IS3107/HW/Project/news_data_pipeline/.venv/lib/python3.11/site-packages/airflow/example_dags/example_nested_branch_dag.py
[2024-04-12T20:32:00.364+0800] {processor.py:840} INFO - DAG(s) 'example_nested_branch_dag' retrieved from /Users/wanghaojin/Desktop/exchange@NUS/IS3107/HW/Project/news_data_pipeline/.venv/lib/python3.11/site-packages/airflow/example_dags/example_nested_branch_dag.py
[2024-04-12T20:32:00.441+0800] {logging_mixin.py:188} INFO - [2024-04-12T20:32:00.441+0800] {dag.py:3036} INFO - Sync 1 DAGs
[2024-04-12T20:32:00.451+0800] {logging_mixin.py:188} INFO - [2024-04-12T20:32:00.451+0800] {dag.py:3823} INFO - Setting next_dagrun for example_nested_branch_dag to 2024-04-11 00:00:00+00:00, run_after=2024-04-12 00:00:00+00:00
[2024-04-12T20:32:00.461+0800] {processor.py:183} INFO - Processing /Users/wanghaojin/Desktop/exchange@NUS/IS3107/HW/Project/news_data_pipeline/.venv/lib/python3.11/site-packages/airflow/example_dags/example_nested_branch_dag.py took 0.121 seconds
[2024-04-12T20:35:46.046+0800] {processor.py:161} INFO - Started process (PID=10407) to work on /Users/wanghaojin/Desktop/exchange@NUS/IS3107/HW/Project/news_data_pipeline/.venv/lib/python3.11/site-packages/airflow/example_dags/example_nested_branch_dag.py
[2024-04-12T20:35:46.046+0800] {processor.py:830} INFO - Processing file /Users/wanghaojin/Desktop/exchange@NUS/IS3107/HW/Project/news_data_pipeline/.venv/lib/python3.11/site-packages/airflow/example_dags/example_nested_branch_dag.py for tasks to queue
[2024-04-12T20:35:46.047+0800] {logging_mixin.py:188} INFO - [2024-04-12T20:35:46.047+0800] {dagbag.py:538} INFO - Filling up the DagBag from /Users/wanghaojin/Desktop/exchange@NUS/IS3107/HW/Project/news_data_pipeline/.venv/lib/python3.11/site-packages/airflow/example_dags/example_nested_branch_dag.py
[2024-04-12T20:35:46.067+0800] {processor.py:840} INFO - DAG(s) 'example_nested_branch_dag' retrieved from /Users/wanghaojin/Desktop/exchange@NUS/IS3107/HW/Project/news_data_pipeline/.venv/lib/python3.11/site-packages/airflow/example_dags/example_nested_branch_dag.py
[2024-04-12T20:35:46.188+0800] {logging_mixin.py:188} INFO - [2024-04-12T20:35:46.187+0800] {dag.py:3036} INFO - Sync 1 DAGs
[2024-04-12T20:35:46.196+0800] {logging_mixin.py:188} INFO - [2024-04-12T20:35:46.196+0800] {dag.py:3823} INFO - Setting next_dagrun for example_nested_branch_dag to 2024-04-11 00:00:00+00:00, run_after=2024-04-12 00:00:00+00:00
[2024-04-12T20:35:46.207+0800] {processor.py:183} INFO - Processing /Users/wanghaojin/Desktop/exchange@NUS/IS3107/HW/Project/news_data_pipeline/.venv/lib/python3.11/site-packages/airflow/example_dags/example_nested_branch_dag.py took 0.162 seconds
[2024-04-12T20:37:08.174+0800] {processor.py:161} INFO - Started process (PID=10564) to work on /Users/wanghaojin/Desktop/exchange@NUS/IS3107/HW/Project/news_data_pipeline/.venv/lib/python3.11/site-packages/airflow/example_dags/example_nested_branch_dag.py
[2024-04-12T20:37:08.175+0800] {processor.py:830} INFO - Processing file /Users/wanghaojin/Desktop/exchange@NUS/IS3107/HW/Project/news_data_pipeline/.venv/lib/python3.11/site-packages/airflow/example_dags/example_nested_branch_dag.py for tasks to queue
[2024-04-12T20:37:08.175+0800] {logging_mixin.py:188} INFO - [2024-04-12T20:37:08.175+0800] {dagbag.py:538} INFO - Filling up the DagBag from /Users/wanghaojin/Desktop/exchange@NUS/IS3107/HW/Project/news_data_pipeline/.venv/lib/python3.11/site-packages/airflow/example_dags/example_nested_branch_dag.py
[2024-04-12T20:37:08.196+0800] {processor.py:840} INFO - DAG(s) 'example_nested_branch_dag' retrieved from /Users/wanghaojin/Desktop/exchange@NUS/IS3107/HW/Project/news_data_pipeline/.venv/lib/python3.11/site-packages/airflow/example_dags/example_nested_branch_dag.py
[2024-04-12T20:37:08.316+0800] {logging_mixin.py:188} INFO - [2024-04-12T20:37:08.316+0800] {dag.py:3036} INFO - Sync 1 DAGs
[2024-04-12T20:37:08.324+0800] {logging_mixin.py:188} INFO - [2024-04-12T20:37:08.324+0800] {dag.py:3823} INFO - Setting next_dagrun for example_nested_branch_dag to 2024-04-11 00:00:00+00:00, run_after=2024-04-12 00:00:00+00:00
[2024-04-12T20:37:08.335+0800] {processor.py:183} INFO - Processing /Users/wanghaojin/Desktop/exchange@NUS/IS3107/HW/Project/news_data_pipeline/.venv/lib/python3.11/site-packages/airflow/example_dags/example_nested_branch_dag.py took 0.162 seconds
[2024-04-12T20:38:47.145+0800] {processor.py:161} INFO - Started process (PID=10712) to work on /Users/wanghaojin/Desktop/exchange@NUS/IS3107/HW/Project/news_data_pipeline/.venv/lib/python3.11/site-packages/airflow/example_dags/example_nested_branch_dag.py
[2024-04-12T20:38:47.145+0800] {processor.py:830} INFO - Processing file /Users/wanghaojin/Desktop/exchange@NUS/IS3107/HW/Project/news_data_pipeline/.venv/lib/python3.11/site-packages/airflow/example_dags/example_nested_branch_dag.py for tasks to queue
[2024-04-12T20:38:47.145+0800] {logging_mixin.py:188} INFO - [2024-04-12T20:38:47.145+0800] {dagbag.py:538} INFO - Filling up the DagBag from /Users/wanghaojin/Desktop/exchange@NUS/IS3107/HW/Project/news_data_pipeline/.venv/lib/python3.11/site-packages/airflow/example_dags/example_nested_branch_dag.py
[2024-04-12T20:38:47.166+0800] {processor.py:840} INFO - DAG(s) 'example_nested_branch_dag' retrieved from /Users/wanghaojin/Desktop/exchange@NUS/IS3107/HW/Project/news_data_pipeline/.venv/lib/python3.11/site-packages/airflow/example_dags/example_nested_branch_dag.py
[2024-04-12T20:38:47.243+0800] {logging_mixin.py:188} INFO - [2024-04-12T20:38:47.243+0800] {dag.py:3036} INFO - Sync 1 DAGs
[2024-04-12T20:38:47.253+0800] {logging_mixin.py:188} INFO - [2024-04-12T20:38:47.253+0800] {dag.py:3823} INFO - Setting next_dagrun for example_nested_branch_dag to 2024-04-11 00:00:00+00:00, run_after=2024-04-12 00:00:00+00:00
[2024-04-12T20:38:47.263+0800] {processor.py:183} INFO - Processing /Users/wanghaojin/Desktop/exchange@NUS/IS3107/HW/Project/news_data_pipeline/.venv/lib/python3.11/site-packages/airflow/example_dags/example_nested_branch_dag.py took 0.119 seconds
[2024-04-12T20:41:02.344+0800] {processor.py:161} INFO - Started process (PID=10903) to work on /Users/wanghaojin/Desktop/exchange@NUS/IS3107/HW/Project/news_data_pipeline/.venv/lib/python3.11/site-packages/airflow/example_dags/example_nested_branch_dag.py
[2024-04-12T20:41:02.345+0800] {processor.py:830} INFO - Processing file /Users/wanghaojin/Desktop/exchange@NUS/IS3107/HW/Project/news_data_pipeline/.venv/lib/python3.11/site-packages/airflow/example_dags/example_nested_branch_dag.py for tasks to queue
[2024-04-12T20:41:02.345+0800] {logging_mixin.py:188} INFO - [2024-04-12T20:41:02.345+0800] {dagbag.py:538} INFO - Filling up the DagBag from /Users/wanghaojin/Desktop/exchange@NUS/IS3107/HW/Project/news_data_pipeline/.venv/lib/python3.11/site-packages/airflow/example_dags/example_nested_branch_dag.py
[2024-04-12T20:41:02.366+0800] {processor.py:840} INFO - DAG(s) 'example_nested_branch_dag' retrieved from /Users/wanghaojin/Desktop/exchange@NUS/IS3107/HW/Project/news_data_pipeline/.venv/lib/python3.11/site-packages/airflow/example_dags/example_nested_branch_dag.py
[2024-04-12T20:41:02.443+0800] {logging_mixin.py:188} INFO - [2024-04-12T20:41:02.442+0800] {dag.py:3036} INFO - Sync 1 DAGs
[2024-04-12T20:41:02.452+0800] {logging_mixin.py:188} INFO - [2024-04-12T20:41:02.452+0800] {dag.py:3823} INFO - Setting next_dagrun for example_nested_branch_dag to 2024-04-11 00:00:00+00:00, run_after=2024-04-12 00:00:00+00:00
[2024-04-12T20:41:02.463+0800] {processor.py:183} INFO - Processing /Users/wanghaojin/Desktop/exchange@NUS/IS3107/HW/Project/news_data_pipeline/.venv/lib/python3.11/site-packages/airflow/example_dags/example_nested_branch_dag.py took 0.119 seconds
[2024-04-12T20:43:23.872+0800] {processor.py:161} INFO - Started process (PID=11127) to work on /Users/wanghaojin/Desktop/exchange@NUS/IS3107/HW/Project/news_data_pipeline/.venv/lib/python3.11/site-packages/airflow/example_dags/example_nested_branch_dag.py
[2024-04-12T20:43:23.873+0800] {processor.py:830} INFO - Processing file /Users/wanghaojin/Desktop/exchange@NUS/IS3107/HW/Project/news_data_pipeline/.venv/lib/python3.11/site-packages/airflow/example_dags/example_nested_branch_dag.py for tasks to queue
[2024-04-12T20:43:23.873+0800] {logging_mixin.py:188} INFO - [2024-04-12T20:43:23.873+0800] {dagbag.py:538} INFO - Filling up the DagBag from /Users/wanghaojin/Desktop/exchange@NUS/IS3107/HW/Project/news_data_pipeline/.venv/lib/python3.11/site-packages/airflow/example_dags/example_nested_branch_dag.py
[2024-04-12T20:43:23.894+0800] {processor.py:840} INFO - DAG(s) 'example_nested_branch_dag' retrieved from /Users/wanghaojin/Desktop/exchange@NUS/IS3107/HW/Project/news_data_pipeline/.venv/lib/python3.11/site-packages/airflow/example_dags/example_nested_branch_dag.py
[2024-04-12T20:43:23.971+0800] {logging_mixin.py:188} INFO - [2024-04-12T20:43:23.971+0800] {dag.py:3036} INFO - Sync 1 DAGs
[2024-04-12T20:43:23.981+0800] {logging_mixin.py:188} INFO - [2024-04-12T20:43:23.981+0800] {dag.py:3823} INFO - Setting next_dagrun for example_nested_branch_dag to 2024-04-11 00:00:00+00:00, run_after=2024-04-12 00:00:00+00:00
[2024-04-12T20:43:23.991+0800] {processor.py:183} INFO - Processing /Users/wanghaojin/Desktop/exchange@NUS/IS3107/HW/Project/news_data_pipeline/.venv/lib/python3.11/site-packages/airflow/example_dags/example_nested_branch_dag.py took 0.120 seconds
[2024-04-12T20:48:59.633+0800] {processor.py:161} INFO - Started process (PID=11809) to work on /Users/wanghaojin/Desktop/exchange@NUS/IS3107/HW/Project/news_data_pipeline/.venv/lib/python3.11/site-packages/airflow/example_dags/example_nested_branch_dag.py
[2024-04-12T20:48:59.634+0800] {processor.py:830} INFO - Processing file /Users/wanghaojin/Desktop/exchange@NUS/IS3107/HW/Project/news_data_pipeline/.venv/lib/python3.11/site-packages/airflow/example_dags/example_nested_branch_dag.py for tasks to queue
[2024-04-12T20:48:59.634+0800] {logging_mixin.py:188} INFO - [2024-04-12T20:48:59.634+0800] {dagbag.py:538} INFO - Filling up the DagBag from /Users/wanghaojin/Desktop/exchange@NUS/IS3107/HW/Project/news_data_pipeline/.venv/lib/python3.11/site-packages/airflow/example_dags/example_nested_branch_dag.py
[2024-04-12T20:48:59.655+0800] {processor.py:840} INFO - DAG(s) 'example_nested_branch_dag' retrieved from /Users/wanghaojin/Desktop/exchange@NUS/IS3107/HW/Project/news_data_pipeline/.venv/lib/python3.11/site-packages/airflow/example_dags/example_nested_branch_dag.py
[2024-04-12T20:48:59.776+0800] {logging_mixin.py:188} INFO - [2024-04-12T20:48:59.776+0800] {dag.py:3036} INFO - Sync 1 DAGs
[2024-04-12T20:48:59.785+0800] {logging_mixin.py:188} INFO - [2024-04-12T20:48:59.785+0800] {dag.py:3823} INFO - Setting next_dagrun for example_nested_branch_dag to 2024-04-11 00:00:00+00:00, run_after=2024-04-12 00:00:00+00:00
[2024-04-12T20:48:59.796+0800] {processor.py:183} INFO - Processing /Users/wanghaojin/Desktop/exchange@NUS/IS3107/HW/Project/news_data_pipeline/.venv/lib/python3.11/site-packages/airflow/example_dags/example_nested_branch_dag.py took 0.163 seconds
[2024-04-12T20:50:22.612+0800] {processor.py:161} INFO - Started process (PID=11947) to work on /Users/wanghaojin/Desktop/exchange@NUS/IS3107/HW/Project/news_data_pipeline/.venv/lib/python3.11/site-packages/airflow/example_dags/example_nested_branch_dag.py
[2024-04-12T20:50:22.614+0800] {processor.py:830} INFO - Processing file /Users/wanghaojin/Desktop/exchange@NUS/IS3107/HW/Project/news_data_pipeline/.venv/lib/python3.11/site-packages/airflow/example_dags/example_nested_branch_dag.py for tasks to queue
[2024-04-12T20:50:22.614+0800] {logging_mixin.py:188} INFO - [2024-04-12T20:50:22.614+0800] {dagbag.py:538} INFO - Filling up the DagBag from /Users/wanghaojin/Desktop/exchange@NUS/IS3107/HW/Project/news_data_pipeline/.venv/lib/python3.11/site-packages/airflow/example_dags/example_nested_branch_dag.py
[2024-04-12T20:50:22.637+0800] {processor.py:840} INFO - DAG(s) 'example_nested_branch_dag' retrieved from /Users/wanghaojin/Desktop/exchange@NUS/IS3107/HW/Project/news_data_pipeline/.venv/lib/python3.11/site-packages/airflow/example_dags/example_nested_branch_dag.py
[2024-04-12T20:50:22.766+0800] {logging_mixin.py:188} INFO - [2024-04-12T20:50:22.765+0800] {dag.py:3036} INFO - Sync 1 DAGs
[2024-04-12T20:50:22.774+0800] {logging_mixin.py:188} INFO - [2024-04-12T20:50:22.774+0800] {dag.py:3823} INFO - Setting next_dagrun for example_nested_branch_dag to 2024-04-11 00:00:00+00:00, run_after=2024-04-12 00:00:00+00:00
[2024-04-12T20:50:22.785+0800] {processor.py:183} INFO - Processing /Users/wanghaojin/Desktop/exchange@NUS/IS3107/HW/Project/news_data_pipeline/.venv/lib/python3.11/site-packages/airflow/example_dags/example_nested_branch_dag.py took 0.173 seconds
