[2024-04-12T19:28:14.824+0800] {processor.py:161} INFO - Started process (PID=3485) to work on /Users/wanghaojin/Desktop/exchange@NUS/IS3107/HW/Project/news_data_pipeline/.venv/lib/python3.11/site-packages/airflow/example_dags/example_branch_datetime_operator.py
[2024-04-12T19:28:14.825+0800] {processor.py:830} INFO - Processing file /Users/wanghaojin/Desktop/exchange@NUS/IS3107/HW/Project/news_data_pipeline/.venv/lib/python3.11/site-packages/airflow/example_dags/example_branch_datetime_operator.py for tasks to queue
[2024-04-12T19:28:14.825+0800] {logging_mixin.py:188} INFO - [2024-04-12T19:28:14.825+0800] {dagbag.py:538} INFO - Filling up the DagBag from /Users/wanghaojin/Desktop/exchange@NUS/IS3107/HW/Project/news_data_pipeline/.venv/lib/python3.11/site-packages/airflow/example_dags/example_branch_datetime_operator.py
[2024-04-12T19:28:14.833+0800] {processor.py:840} INFO - DAG(s) 'example_branch_datetime_operator_2', 'example_branch_datetime_operator', 'example_branch_datetime_operator_3' retrieved from /Users/wanghaojin/Desktop/exchange@NUS/IS3107/HW/Project/news_data_pipeline/.venv/lib/python3.11/site-packages/airflow/example_dags/example_branch_datetime_operator.py
[2024-04-12T19:28:14.913+0800] {logging_mixin.py:188} INFO - [2024-04-12T19:28:14.912+0800] {dag.py:3036} INFO - Sync 3 DAGs
[2024-04-12T19:28:14.922+0800] {logging_mixin.py:188} INFO - [2024-04-12T19:28:14.922+0800] {dag.py:3823} INFO - Setting next_dagrun for example_branch_datetime_operator to 2024-04-11 00:00:00+00:00, run_after=2024-04-12 00:00:00+00:00
[2024-04-12T19:28:14.924+0800] {logging_mixin.py:188} INFO - [2024-04-12T19:28:14.924+0800] {dag.py:3823} INFO - Setting next_dagrun for example_branch_datetime_operator_2 to 2024-04-11 00:00:00+00:00, run_after=2024-04-12 00:00:00+00:00
[2024-04-12T19:28:14.925+0800] {logging_mixin.py:188} INFO - [2024-04-12T19:28:14.925+0800] {dag.py:3823} INFO - Setting next_dagrun for example_branch_datetime_operator_3 to 2024-04-11 00:00:00+00:00, run_after=2024-04-12 00:00:00+00:00
[2024-04-12T19:28:14.934+0800] {processor.py:183} INFO - Processing /Users/wanghaojin/Desktop/exchange@NUS/IS3107/HW/Project/news_data_pipeline/.venv/lib/python3.11/site-packages/airflow/example_dags/example_branch_datetime_operator.py took 0.110 seconds
[2024-04-12T19:31:13.262+0800] {processor.py:161} INFO - Started process (PID=4228) to work on /Users/wanghaojin/Desktop/exchange@NUS/IS3107/HW/Project/news_data_pipeline/.venv/lib/python3.11/site-packages/airflow/example_dags/example_branch_datetime_operator.py
[2024-04-12T19:31:13.263+0800] {processor.py:830} INFO - Processing file /Users/wanghaojin/Desktop/exchange@NUS/IS3107/HW/Project/news_data_pipeline/.venv/lib/python3.11/site-packages/airflow/example_dags/example_branch_datetime_operator.py for tasks to queue
[2024-04-12T19:31:13.263+0800] {logging_mixin.py:188} INFO - [2024-04-12T19:31:13.263+0800] {dagbag.py:538} INFO - Filling up the DagBag from /Users/wanghaojin/Desktop/exchange@NUS/IS3107/HW/Project/news_data_pipeline/.venv/lib/python3.11/site-packages/airflow/example_dags/example_branch_datetime_operator.py
[2024-04-12T19:31:13.270+0800] {processor.py:840} INFO - DAG(s) 'example_branch_datetime_operator_2', 'example_branch_datetime_operator', 'example_branch_datetime_operator_3' retrieved from /Users/wanghaojin/Desktop/exchange@NUS/IS3107/HW/Project/news_data_pipeline/.venv/lib/python3.11/site-packages/airflow/example_dags/example_branch_datetime_operator.py
[2024-04-12T19:31:13.399+0800] {logging_mixin.py:188} INFO - [2024-04-12T19:31:13.398+0800] {dag.py:3036} INFO - Sync 3 DAGs
[2024-04-12T19:31:13.409+0800] {logging_mixin.py:188} INFO - [2024-04-12T19:31:13.409+0800] {dag.py:3823} INFO - Setting next_dagrun for example_branch_datetime_operator to 2024-04-11 00:00:00+00:00, run_after=2024-04-12 00:00:00+00:00
[2024-04-12T19:31:13.411+0800] {logging_mixin.py:188} INFO - [2024-04-12T19:31:13.411+0800] {dag.py:3823} INFO - Setting next_dagrun for example_branch_datetime_operator_2 to 2024-04-11 00:00:00+00:00, run_after=2024-04-12 00:00:00+00:00
[2024-04-12T19:31:13.412+0800] {logging_mixin.py:188} INFO - [2024-04-12T19:31:13.412+0800] {dag.py:3823} INFO - Setting next_dagrun for example_branch_datetime_operator_3 to 2024-04-11 00:00:00+00:00, run_after=2024-04-12 00:00:00+00:00
[2024-04-12T19:31:13.421+0800] {processor.py:183} INFO - Processing /Users/wanghaojin/Desktop/exchange@NUS/IS3107/HW/Project/news_data_pipeline/.venv/lib/python3.11/site-packages/airflow/example_dags/example_branch_datetime_operator.py took 0.160 seconds
[2024-04-12T19:33:00.188+0800] {processor.py:161} INFO - Started process (PID=4430) to work on /Users/wanghaojin/Desktop/exchange@NUS/IS3107/HW/Project/news_data_pipeline/.venv/lib/python3.11/site-packages/airflow/example_dags/example_branch_datetime_operator.py
[2024-04-12T19:33:00.190+0800] {processor.py:830} INFO - Processing file /Users/wanghaojin/Desktop/exchange@NUS/IS3107/HW/Project/news_data_pipeline/.venv/lib/python3.11/site-packages/airflow/example_dags/example_branch_datetime_operator.py for tasks to queue
[2024-04-12T19:33:00.190+0800] {logging_mixin.py:188} INFO - [2024-04-12T19:33:00.190+0800] {dagbag.py:538} INFO - Filling up the DagBag from /Users/wanghaojin/Desktop/exchange@NUS/IS3107/HW/Project/news_data_pipeline/.venv/lib/python3.11/site-packages/airflow/example_dags/example_branch_datetime_operator.py
[2024-04-12T19:33:00.197+0800] {processor.py:840} INFO - DAG(s) 'example_branch_datetime_operator', 'example_branch_datetime_operator_2', 'example_branch_datetime_operator_3' retrieved from /Users/wanghaojin/Desktop/exchange@NUS/IS3107/HW/Project/news_data_pipeline/.venv/lib/python3.11/site-packages/airflow/example_dags/example_branch_datetime_operator.py
[2024-04-12T19:33:00.325+0800] {logging_mixin.py:188} INFO - [2024-04-12T19:33:00.325+0800] {dag.py:3036} INFO - Sync 3 DAGs
[2024-04-12T19:33:00.334+0800] {logging_mixin.py:188} INFO - [2024-04-12T19:33:00.334+0800] {dag.py:3823} INFO - Setting next_dagrun for example_branch_datetime_operator to 2024-04-11 00:00:00+00:00, run_after=2024-04-12 00:00:00+00:00
[2024-04-12T19:33:00.336+0800] {logging_mixin.py:188} INFO - [2024-04-12T19:33:00.336+0800] {dag.py:3823} INFO - Setting next_dagrun for example_branch_datetime_operator_2 to 2024-04-11 00:00:00+00:00, run_after=2024-04-12 00:00:00+00:00
[2024-04-12T19:33:00.337+0800] {logging_mixin.py:188} INFO - [2024-04-12T19:33:00.337+0800] {dag.py:3823} INFO - Setting next_dagrun for example_branch_datetime_operator_3 to 2024-04-11 00:00:00+00:00, run_after=2024-04-12 00:00:00+00:00
[2024-04-12T19:33:00.347+0800] {processor.py:183} INFO - Processing /Users/wanghaojin/Desktop/exchange@NUS/IS3107/HW/Project/news_data_pipeline/.venv/lib/python3.11/site-packages/airflow/example_dags/example_branch_datetime_operator.py took 0.159 seconds
[2024-04-12T19:35:17.546+0800] {processor.py:161} INFO - Started process (PID=4632) to work on /Users/wanghaojin/Desktop/exchange@NUS/IS3107/HW/Project/news_data_pipeline/.venv/lib/python3.11/site-packages/airflow/example_dags/example_branch_datetime_operator.py
[2024-04-12T19:35:17.546+0800] {processor.py:830} INFO - Processing file /Users/wanghaojin/Desktop/exchange@NUS/IS3107/HW/Project/news_data_pipeline/.venv/lib/python3.11/site-packages/airflow/example_dags/example_branch_datetime_operator.py for tasks to queue
[2024-04-12T19:35:17.546+0800] {logging_mixin.py:188} INFO - [2024-04-12T19:35:17.546+0800] {dagbag.py:538} INFO - Filling up the DagBag from /Users/wanghaojin/Desktop/exchange@NUS/IS3107/HW/Project/news_data_pipeline/.venv/lib/python3.11/site-packages/airflow/example_dags/example_branch_datetime_operator.py
[2024-04-12T19:35:17.553+0800] {processor.py:840} INFO - DAG(s) 'example_branch_datetime_operator', 'example_branch_datetime_operator_3', 'example_branch_datetime_operator_2' retrieved from /Users/wanghaojin/Desktop/exchange@NUS/IS3107/HW/Project/news_data_pipeline/.venv/lib/python3.11/site-packages/airflow/example_dags/example_branch_datetime_operator.py
[2024-04-12T19:35:17.633+0800] {logging_mixin.py:188} INFO - [2024-04-12T19:35:17.632+0800] {dag.py:3036} INFO - Sync 3 DAGs
[2024-04-12T19:35:17.642+0800] {logging_mixin.py:188} INFO - [2024-04-12T19:35:17.642+0800] {dag.py:3823} INFO - Setting next_dagrun for example_branch_datetime_operator to 2024-04-11 00:00:00+00:00, run_after=2024-04-12 00:00:00+00:00
[2024-04-12T19:35:17.644+0800] {logging_mixin.py:188} INFO - [2024-04-12T19:35:17.644+0800] {dag.py:3823} INFO - Setting next_dagrun for example_branch_datetime_operator_2 to 2024-04-11 00:00:00+00:00, run_after=2024-04-12 00:00:00+00:00
[2024-04-12T19:35:17.645+0800] {logging_mixin.py:188} INFO - [2024-04-12T19:35:17.645+0800] {dag.py:3823} INFO - Setting next_dagrun for example_branch_datetime_operator_3 to 2024-04-11 00:00:00+00:00, run_after=2024-04-12 00:00:00+00:00
[2024-04-12T19:35:17.654+0800] {processor.py:183} INFO - Processing /Users/wanghaojin/Desktop/exchange@NUS/IS3107/HW/Project/news_data_pipeline/.venv/lib/python3.11/site-packages/airflow/example_dags/example_branch_datetime_operator.py took 0.109 seconds
[2024-04-12T19:37:33.667+0800] {processor.py:161} INFO - Started process (PID=4853) to work on /Users/wanghaojin/Desktop/exchange@NUS/IS3107/HW/Project/news_data_pipeline/.venv/lib/python3.11/site-packages/airflow/example_dags/example_branch_datetime_operator.py
[2024-04-12T19:37:33.668+0800] {processor.py:830} INFO - Processing file /Users/wanghaojin/Desktop/exchange@NUS/IS3107/HW/Project/news_data_pipeline/.venv/lib/python3.11/site-packages/airflow/example_dags/example_branch_datetime_operator.py for tasks to queue
[2024-04-12T19:37:33.668+0800] {logging_mixin.py:188} INFO - [2024-04-12T19:37:33.668+0800] {dagbag.py:538} INFO - Filling up the DagBag from /Users/wanghaojin/Desktop/exchange@NUS/IS3107/HW/Project/news_data_pipeline/.venv/lib/python3.11/site-packages/airflow/example_dags/example_branch_datetime_operator.py
[2024-04-12T19:37:33.675+0800] {processor.py:840} INFO - DAG(s) 'example_branch_datetime_operator_3', 'example_branch_datetime_operator_2', 'example_branch_datetime_operator' retrieved from /Users/wanghaojin/Desktop/exchange@NUS/IS3107/HW/Project/news_data_pipeline/.venv/lib/python3.11/site-packages/airflow/example_dags/example_branch_datetime_operator.py
[2024-04-12T19:37:33.754+0800] {logging_mixin.py:188} INFO - [2024-04-12T19:37:33.754+0800] {dag.py:3036} INFO - Sync 3 DAGs
[2024-04-12T19:37:33.764+0800] {logging_mixin.py:188} INFO - [2024-04-12T19:37:33.764+0800] {dag.py:3823} INFO - Setting next_dagrun for example_branch_datetime_operator to 2024-04-11 00:00:00+00:00, run_after=2024-04-12 00:00:00+00:00
[2024-04-12T19:37:33.766+0800] {logging_mixin.py:188} INFO - [2024-04-12T19:37:33.766+0800] {dag.py:3823} INFO - Setting next_dagrun for example_branch_datetime_operator_2 to 2024-04-11 00:00:00+00:00, run_after=2024-04-12 00:00:00+00:00
[2024-04-12T19:37:33.767+0800] {logging_mixin.py:188} INFO - [2024-04-12T19:37:33.767+0800] {dag.py:3823} INFO - Setting next_dagrun for example_branch_datetime_operator_3 to 2024-04-11 00:00:00+00:00, run_after=2024-04-12 00:00:00+00:00
[2024-04-12T19:37:33.776+0800] {processor.py:183} INFO - Processing /Users/wanghaojin/Desktop/exchange@NUS/IS3107/HW/Project/news_data_pipeline/.venv/lib/python3.11/site-packages/airflow/example_dags/example_branch_datetime_operator.py took 0.109 seconds
[2024-04-12T19:39:48.289+0800] {processor.py:161} INFO - Started process (PID=5065) to work on /Users/wanghaojin/Desktop/exchange@NUS/IS3107/HW/Project/news_data_pipeline/.venv/lib/python3.11/site-packages/airflow/example_dags/example_branch_datetime_operator.py
[2024-04-12T19:39:48.289+0800] {processor.py:830} INFO - Processing file /Users/wanghaojin/Desktop/exchange@NUS/IS3107/HW/Project/news_data_pipeline/.venv/lib/python3.11/site-packages/airflow/example_dags/example_branch_datetime_operator.py for tasks to queue
[2024-04-12T19:39:48.290+0800] {logging_mixin.py:188} INFO - [2024-04-12T19:39:48.290+0800] {dagbag.py:538} INFO - Filling up the DagBag from /Users/wanghaojin/Desktop/exchange@NUS/IS3107/HW/Project/news_data_pipeline/.venv/lib/python3.11/site-packages/airflow/example_dags/example_branch_datetime_operator.py
[2024-04-12T19:39:48.296+0800] {processor.py:840} INFO - DAG(s) 'example_branch_datetime_operator_3', 'example_branch_datetime_operator_2', 'example_branch_datetime_operator' retrieved from /Users/wanghaojin/Desktop/exchange@NUS/IS3107/HW/Project/news_data_pipeline/.venv/lib/python3.11/site-packages/airflow/example_dags/example_branch_datetime_operator.py
[2024-04-12T19:39:48.376+0800] {logging_mixin.py:188} INFO - [2024-04-12T19:39:48.376+0800] {dag.py:3036} INFO - Sync 3 DAGs
[2024-04-12T19:39:48.385+0800] {logging_mixin.py:188} INFO - [2024-04-12T19:39:48.385+0800] {dag.py:3823} INFO - Setting next_dagrun for example_branch_datetime_operator to 2024-04-11 00:00:00+00:00, run_after=2024-04-12 00:00:00+00:00
[2024-04-12T19:39:48.388+0800] {logging_mixin.py:188} INFO - [2024-04-12T19:39:48.387+0800] {dag.py:3823} INFO - Setting next_dagrun for example_branch_datetime_operator_2 to 2024-04-11 00:00:00+00:00, run_after=2024-04-12 00:00:00+00:00
[2024-04-12T19:39:48.389+0800] {logging_mixin.py:188} INFO - [2024-04-12T19:39:48.388+0800] {dag.py:3823} INFO - Setting next_dagrun for example_branch_datetime_operator_3 to 2024-04-11 00:00:00+00:00, run_after=2024-04-12 00:00:00+00:00
[2024-04-12T19:39:48.397+0800] {processor.py:183} INFO - Processing /Users/wanghaojin/Desktop/exchange@NUS/IS3107/HW/Project/news_data_pipeline/.venv/lib/python3.11/site-packages/airflow/example_dags/example_branch_datetime_operator.py took 0.109 seconds
[2024-04-12T19:42:02.743+0800] {processor.py:161} INFO - Started process (PID=5277) to work on /Users/wanghaojin/Desktop/exchange@NUS/IS3107/HW/Project/news_data_pipeline/.venv/lib/python3.11/site-packages/airflow/example_dags/example_branch_datetime_operator.py
[2024-04-12T19:42:02.744+0800] {processor.py:830} INFO - Processing file /Users/wanghaojin/Desktop/exchange@NUS/IS3107/HW/Project/news_data_pipeline/.venv/lib/python3.11/site-packages/airflow/example_dags/example_branch_datetime_operator.py for tasks to queue
[2024-04-12T19:42:02.744+0800] {logging_mixin.py:188} INFO - [2024-04-12T19:42:02.744+0800] {dagbag.py:538} INFO - Filling up the DagBag from /Users/wanghaojin/Desktop/exchange@NUS/IS3107/HW/Project/news_data_pipeline/.venv/lib/python3.11/site-packages/airflow/example_dags/example_branch_datetime_operator.py
[2024-04-12T19:42:02.751+0800] {processor.py:840} INFO - DAG(s) 'example_branch_datetime_operator_3', 'example_branch_datetime_operator', 'example_branch_datetime_operator_2' retrieved from /Users/wanghaojin/Desktop/exchange@NUS/IS3107/HW/Project/news_data_pipeline/.venv/lib/python3.11/site-packages/airflow/example_dags/example_branch_datetime_operator.py
[2024-04-12T19:42:02.831+0800] {logging_mixin.py:188} INFO - [2024-04-12T19:42:02.831+0800] {dag.py:3036} INFO - Sync 3 DAGs
[2024-04-12T19:42:02.840+0800] {logging_mixin.py:188} INFO - [2024-04-12T19:42:02.840+0800] {dag.py:3823} INFO - Setting next_dagrun for example_branch_datetime_operator to 2024-04-11 00:00:00+00:00, run_after=2024-04-12 00:00:00+00:00
[2024-04-12T19:42:02.842+0800] {logging_mixin.py:188} INFO - [2024-04-12T19:42:02.842+0800] {dag.py:3823} INFO - Setting next_dagrun for example_branch_datetime_operator_2 to 2024-04-11 00:00:00+00:00, run_after=2024-04-12 00:00:00+00:00
[2024-04-12T19:42:02.843+0800] {logging_mixin.py:188} INFO - [2024-04-12T19:42:02.843+0800] {dag.py:3823} INFO - Setting next_dagrun for example_branch_datetime_operator_3 to 2024-04-11 00:00:00+00:00, run_after=2024-04-12 00:00:00+00:00
[2024-04-12T19:42:02.853+0800] {processor.py:183} INFO - Processing /Users/wanghaojin/Desktop/exchange@NUS/IS3107/HW/Project/news_data_pipeline/.venv/lib/python3.11/site-packages/airflow/example_dags/example_branch_datetime_operator.py took 0.110 seconds
[2024-04-12T19:44:18.810+0800] {processor.py:161} INFO - Started process (PID=5491) to work on /Users/wanghaojin/Desktop/exchange@NUS/IS3107/HW/Project/news_data_pipeline/.venv/lib/python3.11/site-packages/airflow/example_dags/example_branch_datetime_operator.py
[2024-04-12T19:44:18.811+0800] {processor.py:830} INFO - Processing file /Users/wanghaojin/Desktop/exchange@NUS/IS3107/HW/Project/news_data_pipeline/.venv/lib/python3.11/site-packages/airflow/example_dags/example_branch_datetime_operator.py for tasks to queue
[2024-04-12T19:44:18.812+0800] {logging_mixin.py:188} INFO - [2024-04-12T19:44:18.812+0800] {dagbag.py:538} INFO - Filling up the DagBag from /Users/wanghaojin/Desktop/exchange@NUS/IS3107/HW/Project/news_data_pipeline/.venv/lib/python3.11/site-packages/airflow/example_dags/example_branch_datetime_operator.py
[2024-04-12T19:44:18.819+0800] {processor.py:840} INFO - DAG(s) 'example_branch_datetime_operator', 'example_branch_datetime_operator_2', 'example_branch_datetime_operator_3' retrieved from /Users/wanghaojin/Desktop/exchange@NUS/IS3107/HW/Project/news_data_pipeline/.venv/lib/python3.11/site-packages/airflow/example_dags/example_branch_datetime_operator.py
[2024-04-12T19:44:18.898+0800] {logging_mixin.py:188} INFO - [2024-04-12T19:44:18.898+0800] {dag.py:3036} INFO - Sync 3 DAGs
[2024-04-12T19:44:18.907+0800] {logging_mixin.py:188} INFO - [2024-04-12T19:44:18.907+0800] {dag.py:3823} INFO - Setting next_dagrun for example_branch_datetime_operator to 2024-04-11 00:00:00+00:00, run_after=2024-04-12 00:00:00+00:00
[2024-04-12T19:44:18.910+0800] {logging_mixin.py:188} INFO - [2024-04-12T19:44:18.909+0800] {dag.py:3823} INFO - Setting next_dagrun for example_branch_datetime_operator_2 to 2024-04-11 00:00:00+00:00, run_after=2024-04-12 00:00:00+00:00
[2024-04-12T19:44:18.911+0800] {logging_mixin.py:188} INFO - [2024-04-12T19:44:18.910+0800] {dag.py:3823} INFO - Setting next_dagrun for example_branch_datetime_operator_3 to 2024-04-11 00:00:00+00:00, run_after=2024-04-12 00:00:00+00:00
[2024-04-12T19:44:18.920+0800] {processor.py:183} INFO - Processing /Users/wanghaojin/Desktop/exchange@NUS/IS3107/HW/Project/news_data_pipeline/.venv/lib/python3.11/site-packages/airflow/example_dags/example_branch_datetime_operator.py took 0.110 seconds
[2024-04-12T19:46:33.519+0800] {processor.py:161} INFO - Started process (PID=5679) to work on /Users/wanghaojin/Desktop/exchange@NUS/IS3107/HW/Project/news_data_pipeline/.venv/lib/python3.11/site-packages/airflow/example_dags/example_branch_datetime_operator.py
[2024-04-12T19:46:33.520+0800] {processor.py:830} INFO - Processing file /Users/wanghaojin/Desktop/exchange@NUS/IS3107/HW/Project/news_data_pipeline/.venv/lib/python3.11/site-packages/airflow/example_dags/example_branch_datetime_operator.py for tasks to queue
[2024-04-12T19:46:33.521+0800] {logging_mixin.py:188} INFO - [2024-04-12T19:46:33.521+0800] {dagbag.py:538} INFO - Filling up the DagBag from /Users/wanghaojin/Desktop/exchange@NUS/IS3107/HW/Project/news_data_pipeline/.venv/lib/python3.11/site-packages/airflow/example_dags/example_branch_datetime_operator.py
[2024-04-12T19:46:33.527+0800] {processor.py:840} INFO - DAG(s) 'example_branch_datetime_operator_3', 'example_branch_datetime_operator', 'example_branch_datetime_operator_2' retrieved from /Users/wanghaojin/Desktop/exchange@NUS/IS3107/HW/Project/news_data_pipeline/.venv/lib/python3.11/site-packages/airflow/example_dags/example_branch_datetime_operator.py
[2024-04-12T19:46:33.607+0800] {logging_mixin.py:188} INFO - [2024-04-12T19:46:33.607+0800] {dag.py:3036} INFO - Sync 3 DAGs
[2024-04-12T19:46:33.616+0800] {logging_mixin.py:188} INFO - [2024-04-12T19:46:33.616+0800] {dag.py:3823} INFO - Setting next_dagrun for example_branch_datetime_operator to 2024-04-11 00:00:00+00:00, run_after=2024-04-12 00:00:00+00:00
[2024-04-12T19:46:33.618+0800] {logging_mixin.py:188} INFO - [2024-04-12T19:46:33.618+0800] {dag.py:3823} INFO - Setting next_dagrun for example_branch_datetime_operator_2 to 2024-04-11 00:00:00+00:00, run_after=2024-04-12 00:00:00+00:00
[2024-04-12T19:46:33.619+0800] {logging_mixin.py:188} INFO - [2024-04-12T19:46:33.619+0800] {dag.py:3823} INFO - Setting next_dagrun for example_branch_datetime_operator_3 to 2024-04-11 00:00:00+00:00, run_after=2024-04-12 00:00:00+00:00
[2024-04-12T19:46:33.628+0800] {processor.py:183} INFO - Processing /Users/wanghaojin/Desktop/exchange@NUS/IS3107/HW/Project/news_data_pipeline/.venv/lib/python3.11/site-packages/airflow/example_dags/example_branch_datetime_operator.py took 0.110 seconds
[2024-04-12T19:48:51.416+0800] {processor.py:161} INFO - Started process (PID=5885) to work on /Users/wanghaojin/Desktop/exchange@NUS/IS3107/HW/Project/news_data_pipeline/.venv/lib/python3.11/site-packages/airflow/example_dags/example_branch_datetime_operator.py
[2024-04-12T19:48:51.416+0800] {processor.py:830} INFO - Processing file /Users/wanghaojin/Desktop/exchange@NUS/IS3107/HW/Project/news_data_pipeline/.venv/lib/python3.11/site-packages/airflow/example_dags/example_branch_datetime_operator.py for tasks to queue
[2024-04-12T19:48:51.416+0800] {logging_mixin.py:188} INFO - [2024-04-12T19:48:51.416+0800] {dagbag.py:538} INFO - Filling up the DagBag from /Users/wanghaojin/Desktop/exchange@NUS/IS3107/HW/Project/news_data_pipeline/.venv/lib/python3.11/site-packages/airflow/example_dags/example_branch_datetime_operator.py
[2024-04-12T19:48:51.423+0800] {processor.py:840} INFO - DAG(s) 'example_branch_datetime_operator', 'example_branch_datetime_operator_2', 'example_branch_datetime_operator_3' retrieved from /Users/wanghaojin/Desktop/exchange@NUS/IS3107/HW/Project/news_data_pipeline/.venv/lib/python3.11/site-packages/airflow/example_dags/example_branch_datetime_operator.py
[2024-04-12T19:48:51.503+0800] {logging_mixin.py:188} INFO - [2024-04-12T19:48:51.503+0800] {dag.py:3036} INFO - Sync 3 DAGs
[2024-04-12T19:48:51.513+0800] {logging_mixin.py:188} INFO - [2024-04-12T19:48:51.512+0800] {dag.py:3823} INFO - Setting next_dagrun for example_branch_datetime_operator to 2024-04-11 00:00:00+00:00, run_after=2024-04-12 00:00:00+00:00
[2024-04-12T19:48:51.515+0800] {logging_mixin.py:188} INFO - [2024-04-12T19:48:51.515+0800] {dag.py:3823} INFO - Setting next_dagrun for example_branch_datetime_operator_2 to 2024-04-11 00:00:00+00:00, run_after=2024-04-12 00:00:00+00:00
[2024-04-12T19:48:51.516+0800] {logging_mixin.py:188} INFO - [2024-04-12T19:48:51.516+0800] {dag.py:3823} INFO - Setting next_dagrun for example_branch_datetime_operator_3 to 2024-04-11 00:00:00+00:00, run_after=2024-04-12 00:00:00+00:00
[2024-04-12T19:48:51.529+0800] {processor.py:183} INFO - Processing /Users/wanghaojin/Desktop/exchange@NUS/IS3107/HW/Project/news_data_pipeline/.venv/lib/python3.11/site-packages/airflow/example_dags/example_branch_datetime_operator.py took 0.114 seconds
[2024-04-12T19:51:07.915+0800] {processor.py:161} INFO - Started process (PID=6076) to work on /Users/wanghaojin/Desktop/exchange@NUS/IS3107/HW/Project/news_data_pipeline/.venv/lib/python3.11/site-packages/airflow/example_dags/example_branch_datetime_operator.py
[2024-04-12T19:51:07.915+0800] {processor.py:830} INFO - Processing file /Users/wanghaojin/Desktop/exchange@NUS/IS3107/HW/Project/news_data_pipeline/.venv/lib/python3.11/site-packages/airflow/example_dags/example_branch_datetime_operator.py for tasks to queue
[2024-04-12T19:51:07.915+0800] {logging_mixin.py:188} INFO - [2024-04-12T19:51:07.915+0800] {dagbag.py:538} INFO - Filling up the DagBag from /Users/wanghaojin/Desktop/exchange@NUS/IS3107/HW/Project/news_data_pipeline/.venv/lib/python3.11/site-packages/airflow/example_dags/example_branch_datetime_operator.py
[2024-04-12T19:51:07.922+0800] {processor.py:840} INFO - DAG(s) 'example_branch_datetime_operator_3', 'example_branch_datetime_operator_2', 'example_branch_datetime_operator' retrieved from /Users/wanghaojin/Desktop/exchange@NUS/IS3107/HW/Project/news_data_pipeline/.venv/lib/python3.11/site-packages/airflow/example_dags/example_branch_datetime_operator.py
[2024-04-12T19:51:08.004+0800] {logging_mixin.py:188} INFO - [2024-04-12T19:51:08.004+0800] {dag.py:3036} INFO - Sync 3 DAGs
[2024-04-12T19:51:08.013+0800] {logging_mixin.py:188} INFO - [2024-04-12T19:51:08.013+0800] {dag.py:3823} INFO - Setting next_dagrun for example_branch_datetime_operator to 2024-04-11 00:00:00+00:00, run_after=2024-04-12 00:00:00+00:00
[2024-04-12T19:51:08.015+0800] {logging_mixin.py:188} INFO - [2024-04-12T19:51:08.015+0800] {dag.py:3823} INFO - Setting next_dagrun for example_branch_datetime_operator_2 to 2024-04-11 00:00:00+00:00, run_after=2024-04-12 00:00:00+00:00
[2024-04-12T19:51:08.016+0800] {logging_mixin.py:188} INFO - [2024-04-12T19:51:08.016+0800] {dag.py:3823} INFO - Setting next_dagrun for example_branch_datetime_operator_3 to 2024-04-11 00:00:00+00:00, run_after=2024-04-12 00:00:00+00:00
[2024-04-12T19:51:08.025+0800] {processor.py:183} INFO - Processing /Users/wanghaojin/Desktop/exchange@NUS/IS3107/HW/Project/news_data_pipeline/.venv/lib/python3.11/site-packages/airflow/example_dags/example_branch_datetime_operator.py took 0.112 seconds
[2024-04-12T19:53:20.052+0800] {processor.py:161} INFO - Started process (PID=6247) to work on /Users/wanghaojin/Desktop/exchange@NUS/IS3107/HW/Project/news_data_pipeline/.venv/lib/python3.11/site-packages/airflow/example_dags/example_branch_datetime_operator.py
[2024-04-12T19:53:20.053+0800] {processor.py:830} INFO - Processing file /Users/wanghaojin/Desktop/exchange@NUS/IS3107/HW/Project/news_data_pipeline/.venv/lib/python3.11/site-packages/airflow/example_dags/example_branch_datetime_operator.py for tasks to queue
[2024-04-12T19:53:20.053+0800] {logging_mixin.py:188} INFO - [2024-04-12T19:53:20.053+0800] {dagbag.py:538} INFO - Filling up the DagBag from /Users/wanghaojin/Desktop/exchange@NUS/IS3107/HW/Project/news_data_pipeline/.venv/lib/python3.11/site-packages/airflow/example_dags/example_branch_datetime_operator.py
[2024-04-12T19:53:20.060+0800] {processor.py:840} INFO - DAG(s) 'example_branch_datetime_operator_3', 'example_branch_datetime_operator', 'example_branch_datetime_operator_2' retrieved from /Users/wanghaojin/Desktop/exchange@NUS/IS3107/HW/Project/news_data_pipeline/.venv/lib/python3.11/site-packages/airflow/example_dags/example_branch_datetime_operator.py
[2024-04-12T19:53:20.140+0800] {logging_mixin.py:188} INFO - [2024-04-12T19:53:20.140+0800] {dag.py:3036} INFO - Sync 3 DAGs
[2024-04-12T19:53:20.149+0800] {logging_mixin.py:188} INFO - [2024-04-12T19:53:20.149+0800] {dag.py:3823} INFO - Setting next_dagrun for example_branch_datetime_operator to 2024-04-11 00:00:00+00:00, run_after=2024-04-12 00:00:00+00:00
[2024-04-12T19:53:20.151+0800] {logging_mixin.py:188} INFO - [2024-04-12T19:53:20.151+0800] {dag.py:3823} INFO - Setting next_dagrun for example_branch_datetime_operator_2 to 2024-04-11 00:00:00+00:00, run_after=2024-04-12 00:00:00+00:00
[2024-04-12T19:53:20.152+0800] {logging_mixin.py:188} INFO - [2024-04-12T19:53:20.152+0800] {dag.py:3823} INFO - Setting next_dagrun for example_branch_datetime_operator_3 to 2024-04-11 00:00:00+00:00, run_after=2024-04-12 00:00:00+00:00
[2024-04-12T19:53:20.162+0800] {processor.py:183} INFO - Processing /Users/wanghaojin/Desktop/exchange@NUS/IS3107/HW/Project/news_data_pipeline/.venv/lib/python3.11/site-packages/airflow/example_dags/example_branch_datetime_operator.py took 0.110 seconds
[2024-04-12T19:55:37.530+0800] {processor.py:161} INFO - Started process (PID=6421) to work on /Users/wanghaojin/Desktop/exchange@NUS/IS3107/HW/Project/news_data_pipeline/.venv/lib/python3.11/site-packages/airflow/example_dags/example_branch_datetime_operator.py
[2024-04-12T19:55:37.532+0800] {processor.py:830} INFO - Processing file /Users/wanghaojin/Desktop/exchange@NUS/IS3107/HW/Project/news_data_pipeline/.venv/lib/python3.11/site-packages/airflow/example_dags/example_branch_datetime_operator.py for tasks to queue
[2024-04-12T19:55:37.532+0800] {logging_mixin.py:188} INFO - [2024-04-12T19:55:37.532+0800] {dagbag.py:538} INFO - Filling up the DagBag from /Users/wanghaojin/Desktop/exchange@NUS/IS3107/HW/Project/news_data_pipeline/.venv/lib/python3.11/site-packages/airflow/example_dags/example_branch_datetime_operator.py
[2024-04-12T19:55:37.539+0800] {processor.py:840} INFO - DAG(s) 'example_branch_datetime_operator_3', 'example_branch_datetime_operator', 'example_branch_datetime_operator_2' retrieved from /Users/wanghaojin/Desktop/exchange@NUS/IS3107/HW/Project/news_data_pipeline/.venv/lib/python3.11/site-packages/airflow/example_dags/example_branch_datetime_operator.py
[2024-04-12T19:55:37.620+0800] {logging_mixin.py:188} INFO - [2024-04-12T19:55:37.620+0800] {dag.py:3036} INFO - Sync 3 DAGs
[2024-04-12T19:55:37.629+0800] {logging_mixin.py:188} INFO - [2024-04-12T19:55:37.629+0800] {dag.py:3823} INFO - Setting next_dagrun for example_branch_datetime_operator to 2024-04-11 00:00:00+00:00, run_after=2024-04-12 00:00:00+00:00
[2024-04-12T19:55:37.631+0800] {logging_mixin.py:188} INFO - [2024-04-12T19:55:37.631+0800] {dag.py:3823} INFO - Setting next_dagrun for example_branch_datetime_operator_2 to 2024-04-11 00:00:00+00:00, run_after=2024-04-12 00:00:00+00:00
[2024-04-12T19:55:37.632+0800] {logging_mixin.py:188} INFO - [2024-04-12T19:55:37.632+0800] {dag.py:3823} INFO - Setting next_dagrun for example_branch_datetime_operator_3 to 2024-04-11 00:00:00+00:00, run_after=2024-04-12 00:00:00+00:00
[2024-04-12T19:55:37.641+0800] {processor.py:183} INFO - Processing /Users/wanghaojin/Desktop/exchange@NUS/IS3107/HW/Project/news_data_pipeline/.venv/lib/python3.11/site-packages/airflow/example_dags/example_branch_datetime_operator.py took 0.112 seconds
[2024-04-12T19:57:50.759+0800] {processor.py:161} INFO - Started process (PID=6547) to work on /Users/wanghaojin/Desktop/exchange@NUS/IS3107/HW/Project/news_data_pipeline/.venv/lib/python3.11/site-packages/airflow/example_dags/example_branch_datetime_operator.py
[2024-04-12T19:57:50.761+0800] {processor.py:830} INFO - Processing file /Users/wanghaojin/Desktop/exchange@NUS/IS3107/HW/Project/news_data_pipeline/.venv/lib/python3.11/site-packages/airflow/example_dags/example_branch_datetime_operator.py for tasks to queue
[2024-04-12T19:57:50.761+0800] {logging_mixin.py:188} INFO - [2024-04-12T19:57:50.761+0800] {dagbag.py:538} INFO - Filling up the DagBag from /Users/wanghaojin/Desktop/exchange@NUS/IS3107/HW/Project/news_data_pipeline/.venv/lib/python3.11/site-packages/airflow/example_dags/example_branch_datetime_operator.py
[2024-04-12T19:57:50.768+0800] {processor.py:840} INFO - DAG(s) 'example_branch_datetime_operator_3', 'example_branch_datetime_operator_2', 'example_branch_datetime_operator' retrieved from /Users/wanghaojin/Desktop/exchange@NUS/IS3107/HW/Project/news_data_pipeline/.venv/lib/python3.11/site-packages/airflow/example_dags/example_branch_datetime_operator.py
[2024-04-12T19:57:50.849+0800] {logging_mixin.py:188} INFO - [2024-04-12T19:57:50.849+0800] {dag.py:3036} INFO - Sync 3 DAGs
[2024-04-12T19:57:50.859+0800] {logging_mixin.py:188} INFO - [2024-04-12T19:57:50.858+0800] {dag.py:3823} INFO - Setting next_dagrun for example_branch_datetime_operator to 2024-04-11 00:00:00+00:00, run_after=2024-04-12 00:00:00+00:00
[2024-04-12T19:57:50.861+0800] {logging_mixin.py:188} INFO - [2024-04-12T19:57:50.860+0800] {dag.py:3823} INFO - Setting next_dagrun for example_branch_datetime_operator_2 to 2024-04-11 00:00:00+00:00, run_after=2024-04-12 00:00:00+00:00
[2024-04-12T19:57:50.862+0800] {logging_mixin.py:188} INFO - [2024-04-12T19:57:50.862+0800] {dag.py:3823} INFO - Setting next_dagrun for example_branch_datetime_operator_3 to 2024-04-11 00:00:00+00:00, run_after=2024-04-12 00:00:00+00:00
[2024-04-12T19:57:50.871+0800] {processor.py:183} INFO - Processing /Users/wanghaojin/Desktop/exchange@NUS/IS3107/HW/Project/news_data_pipeline/.venv/lib/python3.11/site-packages/airflow/example_dags/example_branch_datetime_operator.py took 0.112 seconds
[2024-04-12T20:00:04.097+0800] {processor.py:161} INFO - Started process (PID=6698) to work on /Users/wanghaojin/Desktop/exchange@NUS/IS3107/HW/Project/news_data_pipeline/.venv/lib/python3.11/site-packages/airflow/example_dags/example_branch_datetime_operator.py
[2024-04-12T20:00:04.098+0800] {processor.py:830} INFO - Processing file /Users/wanghaojin/Desktop/exchange@NUS/IS3107/HW/Project/news_data_pipeline/.venv/lib/python3.11/site-packages/airflow/example_dags/example_branch_datetime_operator.py for tasks to queue
[2024-04-12T20:00:04.098+0800] {logging_mixin.py:188} INFO - [2024-04-12T20:00:04.098+0800] {dagbag.py:538} INFO - Filling up the DagBag from /Users/wanghaojin/Desktop/exchange@NUS/IS3107/HW/Project/news_data_pipeline/.venv/lib/python3.11/site-packages/airflow/example_dags/example_branch_datetime_operator.py
[2024-04-12T20:00:04.105+0800] {processor.py:840} INFO - DAG(s) 'example_branch_datetime_operator_2', 'example_branch_datetime_operator', 'example_branch_datetime_operator_3' retrieved from /Users/wanghaojin/Desktop/exchange@NUS/IS3107/HW/Project/news_data_pipeline/.venv/lib/python3.11/site-packages/airflow/example_dags/example_branch_datetime_operator.py
[2024-04-12T20:00:04.187+0800] {logging_mixin.py:188} INFO - [2024-04-12T20:00:04.187+0800] {dag.py:3036} INFO - Sync 3 DAGs
[2024-04-12T20:00:04.196+0800] {logging_mixin.py:188} INFO - [2024-04-12T20:00:04.196+0800] {dag.py:3823} INFO - Setting next_dagrun for example_branch_datetime_operator to 2024-04-11 00:00:00+00:00, run_after=2024-04-12 00:00:00+00:00
[2024-04-12T20:00:04.198+0800] {logging_mixin.py:188} INFO - [2024-04-12T20:00:04.198+0800] {dag.py:3823} INFO - Setting next_dagrun for example_branch_datetime_operator_2 to 2024-04-11 00:00:00+00:00, run_after=2024-04-12 00:00:00+00:00
[2024-04-12T20:00:04.199+0800] {logging_mixin.py:188} INFO - [2024-04-12T20:00:04.199+0800] {dag.py:3823} INFO - Setting next_dagrun for example_branch_datetime_operator_3 to 2024-04-11 00:00:00+00:00, run_after=2024-04-12 00:00:00+00:00
[2024-04-12T20:00:04.208+0800] {processor.py:183} INFO - Processing /Users/wanghaojin/Desktop/exchange@NUS/IS3107/HW/Project/news_data_pipeline/.venv/lib/python3.11/site-packages/airflow/example_dags/example_branch_datetime_operator.py took 0.113 seconds
[2024-04-12T20:02:21.116+0800] {processor.py:161} INFO - Started process (PID=6873) to work on /Users/wanghaojin/Desktop/exchange@NUS/IS3107/HW/Project/news_data_pipeline/.venv/lib/python3.11/site-packages/airflow/example_dags/example_branch_datetime_operator.py
[2024-04-12T20:02:21.117+0800] {processor.py:830} INFO - Processing file /Users/wanghaojin/Desktop/exchange@NUS/IS3107/HW/Project/news_data_pipeline/.venv/lib/python3.11/site-packages/airflow/example_dags/example_branch_datetime_operator.py for tasks to queue
[2024-04-12T20:02:21.118+0800] {logging_mixin.py:188} INFO - [2024-04-12T20:02:21.117+0800] {dagbag.py:538} INFO - Filling up the DagBag from /Users/wanghaojin/Desktop/exchange@NUS/IS3107/HW/Project/news_data_pipeline/.venv/lib/python3.11/site-packages/airflow/example_dags/example_branch_datetime_operator.py
[2024-04-12T20:02:21.124+0800] {processor.py:840} INFO - DAG(s) 'example_branch_datetime_operator', 'example_branch_datetime_operator_3', 'example_branch_datetime_operator_2' retrieved from /Users/wanghaojin/Desktop/exchange@NUS/IS3107/HW/Project/news_data_pipeline/.venv/lib/python3.11/site-packages/airflow/example_dags/example_branch_datetime_operator.py
[2024-04-12T20:02:21.204+0800] {logging_mixin.py:188} INFO - [2024-04-12T20:02:21.204+0800] {dag.py:3036} INFO - Sync 3 DAGs
[2024-04-12T20:02:21.213+0800] {logging_mixin.py:188} INFO - [2024-04-12T20:02:21.213+0800] {dag.py:3823} INFO - Setting next_dagrun for example_branch_datetime_operator to 2024-04-11 00:00:00+00:00, run_after=2024-04-12 00:00:00+00:00
[2024-04-12T20:02:21.215+0800] {logging_mixin.py:188} INFO - [2024-04-12T20:02:21.215+0800] {dag.py:3823} INFO - Setting next_dagrun for example_branch_datetime_operator_2 to 2024-04-11 00:00:00+00:00, run_after=2024-04-12 00:00:00+00:00
[2024-04-12T20:02:21.216+0800] {logging_mixin.py:188} INFO - [2024-04-12T20:02:21.216+0800] {dag.py:3823} INFO - Setting next_dagrun for example_branch_datetime_operator_3 to 2024-04-11 00:00:00+00:00, run_after=2024-04-12 00:00:00+00:00
[2024-04-12T20:02:21.225+0800] {processor.py:183} INFO - Processing /Users/wanghaojin/Desktop/exchange@NUS/IS3107/HW/Project/news_data_pipeline/.venv/lib/python3.11/site-packages/airflow/example_dags/example_branch_datetime_operator.py took 0.109 seconds
[2024-04-12T20:04:42.326+0800] {processor.py:161} INFO - Started process (PID=7190) to work on /Users/wanghaojin/Desktop/exchange@NUS/IS3107/HW/Project/news_data_pipeline/.venv/lib/python3.11/site-packages/airflow/example_dags/example_branch_datetime_operator.py
[2024-04-12T20:04:42.327+0800] {processor.py:830} INFO - Processing file /Users/wanghaojin/Desktop/exchange@NUS/IS3107/HW/Project/news_data_pipeline/.venv/lib/python3.11/site-packages/airflow/example_dags/example_branch_datetime_operator.py for tasks to queue
[2024-04-12T20:04:42.327+0800] {logging_mixin.py:188} INFO - [2024-04-12T20:04:42.327+0800] {dagbag.py:538} INFO - Filling up the DagBag from /Users/wanghaojin/Desktop/exchange@NUS/IS3107/HW/Project/news_data_pipeline/.venv/lib/python3.11/site-packages/airflow/example_dags/example_branch_datetime_operator.py
[2024-04-12T20:04:42.334+0800] {processor.py:840} INFO - DAG(s) 'example_branch_datetime_operator', 'example_branch_datetime_operator_3', 'example_branch_datetime_operator_2' retrieved from /Users/wanghaojin/Desktop/exchange@NUS/IS3107/HW/Project/news_data_pipeline/.venv/lib/python3.11/site-packages/airflow/example_dags/example_branch_datetime_operator.py
[2024-04-12T20:04:42.415+0800] {logging_mixin.py:188} INFO - [2024-04-12T20:04:42.415+0800] {dag.py:3036} INFO - Sync 3 DAGs
[2024-04-12T20:04:42.424+0800] {logging_mixin.py:188} INFO - [2024-04-12T20:04:42.424+0800] {dag.py:3823} INFO - Setting next_dagrun for example_branch_datetime_operator to 2024-04-11 00:00:00+00:00, run_after=2024-04-12 00:00:00+00:00
[2024-04-12T20:04:42.426+0800] {logging_mixin.py:188} INFO - [2024-04-12T20:04:42.426+0800] {dag.py:3823} INFO - Setting next_dagrun for example_branch_datetime_operator_2 to 2024-04-11 00:00:00+00:00, run_after=2024-04-12 00:00:00+00:00
[2024-04-12T20:04:42.427+0800] {logging_mixin.py:188} INFO - [2024-04-12T20:04:42.427+0800] {dag.py:3823} INFO - Setting next_dagrun for example_branch_datetime_operator_3 to 2024-04-11 00:00:00+00:00, run_after=2024-04-12 00:00:00+00:00
[2024-04-12T20:04:42.436+0800] {processor.py:183} INFO - Processing /Users/wanghaojin/Desktop/exchange@NUS/IS3107/HW/Project/news_data_pipeline/.venv/lib/python3.11/site-packages/airflow/example_dags/example_branch_datetime_operator.py took 0.111 seconds
[2024-04-12T20:06:59.171+0800] {processor.py:161} INFO - Started process (PID=7411) to work on /Users/wanghaojin/Desktop/exchange@NUS/IS3107/HW/Project/news_data_pipeline/.venv/lib/python3.11/site-packages/airflow/example_dags/example_branch_datetime_operator.py
[2024-04-12T20:06:59.171+0800] {processor.py:830} INFO - Processing file /Users/wanghaojin/Desktop/exchange@NUS/IS3107/HW/Project/news_data_pipeline/.venv/lib/python3.11/site-packages/airflow/example_dags/example_branch_datetime_operator.py for tasks to queue
[2024-04-12T20:06:59.172+0800] {logging_mixin.py:188} INFO - [2024-04-12T20:06:59.172+0800] {dagbag.py:538} INFO - Filling up the DagBag from /Users/wanghaojin/Desktop/exchange@NUS/IS3107/HW/Project/news_data_pipeline/.venv/lib/python3.11/site-packages/airflow/example_dags/example_branch_datetime_operator.py
[2024-04-12T20:06:59.178+0800] {processor.py:840} INFO - DAG(s) 'example_branch_datetime_operator_3', 'example_branch_datetime_operator_2', 'example_branch_datetime_operator' retrieved from /Users/wanghaojin/Desktop/exchange@NUS/IS3107/HW/Project/news_data_pipeline/.venv/lib/python3.11/site-packages/airflow/example_dags/example_branch_datetime_operator.py
[2024-04-12T20:06:59.258+0800] {logging_mixin.py:188} INFO - [2024-04-12T20:06:59.258+0800] {dag.py:3036} INFO - Sync 3 DAGs
[2024-04-12T20:06:59.268+0800] {logging_mixin.py:188} INFO - [2024-04-12T20:06:59.268+0800] {dag.py:3823} INFO - Setting next_dagrun for example_branch_datetime_operator to 2024-04-11 00:00:00+00:00, run_after=2024-04-12 00:00:00+00:00
[2024-04-12T20:06:59.270+0800] {logging_mixin.py:188} INFO - [2024-04-12T20:06:59.270+0800] {dag.py:3823} INFO - Setting next_dagrun for example_branch_datetime_operator_2 to 2024-04-11 00:00:00+00:00, run_after=2024-04-12 00:00:00+00:00
[2024-04-12T20:06:59.271+0800] {logging_mixin.py:188} INFO - [2024-04-12T20:06:59.271+0800] {dag.py:3823} INFO - Setting next_dagrun for example_branch_datetime_operator_3 to 2024-04-11 00:00:00+00:00, run_after=2024-04-12 00:00:00+00:00
[2024-04-12T20:06:59.280+0800] {processor.py:183} INFO - Processing /Users/wanghaojin/Desktop/exchange@NUS/IS3107/HW/Project/news_data_pipeline/.venv/lib/python3.11/site-packages/airflow/example_dags/example_branch_datetime_operator.py took 0.110 seconds
[2024-04-12T20:09:15.796+0800] {processor.py:161} INFO - Started process (PID=7587) to work on /Users/wanghaojin/Desktop/exchange@NUS/IS3107/HW/Project/news_data_pipeline/.venv/lib/python3.11/site-packages/airflow/example_dags/example_branch_datetime_operator.py
[2024-04-12T20:09:15.796+0800] {processor.py:830} INFO - Processing file /Users/wanghaojin/Desktop/exchange@NUS/IS3107/HW/Project/news_data_pipeline/.venv/lib/python3.11/site-packages/airflow/example_dags/example_branch_datetime_operator.py for tasks to queue
[2024-04-12T20:09:15.797+0800] {logging_mixin.py:188} INFO - [2024-04-12T20:09:15.796+0800] {dagbag.py:538} INFO - Filling up the DagBag from /Users/wanghaojin/Desktop/exchange@NUS/IS3107/HW/Project/news_data_pipeline/.venv/lib/python3.11/site-packages/airflow/example_dags/example_branch_datetime_operator.py
[2024-04-12T20:09:15.803+0800] {processor.py:840} INFO - DAG(s) 'example_branch_datetime_operator', 'example_branch_datetime_operator_3', 'example_branch_datetime_operator_2' retrieved from /Users/wanghaojin/Desktop/exchange@NUS/IS3107/HW/Project/news_data_pipeline/.venv/lib/python3.11/site-packages/airflow/example_dags/example_branch_datetime_operator.py
[2024-04-12T20:09:15.884+0800] {logging_mixin.py:188} INFO - [2024-04-12T20:09:15.884+0800] {dag.py:3036} INFO - Sync 3 DAGs
[2024-04-12T20:09:15.894+0800] {logging_mixin.py:188} INFO - [2024-04-12T20:09:15.894+0800] {dag.py:3823} INFO - Setting next_dagrun for example_branch_datetime_operator to 2024-04-11 00:00:00+00:00, run_after=2024-04-12 00:00:00+00:00
[2024-04-12T20:09:15.896+0800] {logging_mixin.py:188} INFO - [2024-04-12T20:09:15.896+0800] {dag.py:3823} INFO - Setting next_dagrun for example_branch_datetime_operator_2 to 2024-04-11 00:00:00+00:00, run_after=2024-04-12 00:00:00+00:00
[2024-04-12T20:09:15.897+0800] {logging_mixin.py:188} INFO - [2024-04-12T20:09:15.897+0800] {dag.py:3823} INFO - Setting next_dagrun for example_branch_datetime_operator_3 to 2024-04-11 00:00:00+00:00, run_after=2024-04-12 00:00:00+00:00
[2024-04-12T20:09:15.906+0800] {processor.py:183} INFO - Processing /Users/wanghaojin/Desktop/exchange@NUS/IS3107/HW/Project/news_data_pipeline/.venv/lib/python3.11/site-packages/airflow/example_dags/example_branch_datetime_operator.py took 0.111 seconds
[2024-04-12T20:11:32.811+0800] {processor.py:161} INFO - Started process (PID=7788) to work on /Users/wanghaojin/Desktop/exchange@NUS/IS3107/HW/Project/news_data_pipeline/.venv/lib/python3.11/site-packages/airflow/example_dags/example_branch_datetime_operator.py
[2024-04-12T20:11:32.812+0800] {processor.py:830} INFO - Processing file /Users/wanghaojin/Desktop/exchange@NUS/IS3107/HW/Project/news_data_pipeline/.venv/lib/python3.11/site-packages/airflow/example_dags/example_branch_datetime_operator.py for tasks to queue
[2024-04-12T20:11:32.812+0800] {logging_mixin.py:188} INFO - [2024-04-12T20:11:32.812+0800] {dagbag.py:538} INFO - Filling up the DagBag from /Users/wanghaojin/Desktop/exchange@NUS/IS3107/HW/Project/news_data_pipeline/.venv/lib/python3.11/site-packages/airflow/example_dags/example_branch_datetime_operator.py
[2024-04-12T20:11:32.818+0800] {processor.py:840} INFO - DAG(s) 'example_branch_datetime_operator_2', 'example_branch_datetime_operator_3', 'example_branch_datetime_operator' retrieved from /Users/wanghaojin/Desktop/exchange@NUS/IS3107/HW/Project/news_data_pipeline/.venv/lib/python3.11/site-packages/airflow/example_dags/example_branch_datetime_operator.py
[2024-04-12T20:11:32.898+0800] {logging_mixin.py:188} INFO - [2024-04-12T20:11:32.898+0800] {dag.py:3036} INFO - Sync 3 DAGs
[2024-04-12T20:11:32.908+0800] {logging_mixin.py:188} INFO - [2024-04-12T20:11:32.908+0800] {dag.py:3823} INFO - Setting next_dagrun for example_branch_datetime_operator to 2024-04-11 00:00:00+00:00, run_after=2024-04-12 00:00:00+00:00
[2024-04-12T20:11:32.910+0800] {logging_mixin.py:188} INFO - [2024-04-12T20:11:32.910+0800] {dag.py:3823} INFO - Setting next_dagrun for example_branch_datetime_operator_2 to 2024-04-11 00:00:00+00:00, run_after=2024-04-12 00:00:00+00:00
[2024-04-12T20:11:32.911+0800] {logging_mixin.py:188} INFO - [2024-04-12T20:11:32.911+0800] {dag.py:3823} INFO - Setting next_dagrun for example_branch_datetime_operator_3 to 2024-04-11 00:00:00+00:00, run_after=2024-04-12 00:00:00+00:00
[2024-04-12T20:11:32.920+0800] {processor.py:183} INFO - Processing /Users/wanghaojin/Desktop/exchange@NUS/IS3107/HW/Project/news_data_pipeline/.venv/lib/python3.11/site-packages/airflow/example_dags/example_branch_datetime_operator.py took 0.110 seconds
[2024-04-12T20:13:50.496+0800] {processor.py:161} INFO - Started process (PID=8028) to work on /Users/wanghaojin/Desktop/exchange@NUS/IS3107/HW/Project/news_data_pipeline/.venv/lib/python3.11/site-packages/airflow/example_dags/example_branch_datetime_operator.py
[2024-04-12T20:13:50.498+0800] {processor.py:830} INFO - Processing file /Users/wanghaojin/Desktop/exchange@NUS/IS3107/HW/Project/news_data_pipeline/.venv/lib/python3.11/site-packages/airflow/example_dags/example_branch_datetime_operator.py for tasks to queue
[2024-04-12T20:13:50.498+0800] {logging_mixin.py:188} INFO - [2024-04-12T20:13:50.498+0800] {dagbag.py:538} INFO - Filling up the DagBag from /Users/wanghaojin/Desktop/exchange@NUS/IS3107/HW/Project/news_data_pipeline/.venv/lib/python3.11/site-packages/airflow/example_dags/example_branch_datetime_operator.py
[2024-04-12T20:13:50.505+0800] {processor.py:840} INFO - DAG(s) 'example_branch_datetime_operator_3', 'example_branch_datetime_operator', 'example_branch_datetime_operator_2' retrieved from /Users/wanghaojin/Desktop/exchange@NUS/IS3107/HW/Project/news_data_pipeline/.venv/lib/python3.11/site-packages/airflow/example_dags/example_branch_datetime_operator.py
[2024-04-12T20:13:50.586+0800] {logging_mixin.py:188} INFO - [2024-04-12T20:13:50.586+0800] {dag.py:3036} INFO - Sync 3 DAGs
[2024-04-12T20:13:50.595+0800] {logging_mixin.py:188} INFO - [2024-04-12T20:13:50.595+0800] {dag.py:3823} INFO - Setting next_dagrun for example_branch_datetime_operator to 2024-04-11 00:00:00+00:00, run_after=2024-04-12 00:00:00+00:00
[2024-04-12T20:13:50.597+0800] {logging_mixin.py:188} INFO - [2024-04-12T20:13:50.597+0800] {dag.py:3823} INFO - Setting next_dagrun for example_branch_datetime_operator_2 to 2024-04-11 00:00:00+00:00, run_after=2024-04-12 00:00:00+00:00
[2024-04-12T20:13:50.598+0800] {logging_mixin.py:188} INFO - [2024-04-12T20:13:50.598+0800] {dag.py:3823} INFO - Setting next_dagrun for example_branch_datetime_operator_3 to 2024-04-11 00:00:00+00:00, run_after=2024-04-12 00:00:00+00:00
[2024-04-12T20:13:50.607+0800] {processor.py:183} INFO - Processing /Users/wanghaojin/Desktop/exchange@NUS/IS3107/HW/Project/news_data_pipeline/.venv/lib/python3.11/site-packages/airflow/example_dags/example_branch_datetime_operator.py took 0.111 seconds
[2024-04-12T20:16:07.680+0800] {processor.py:161} INFO - Started process (PID=8307) to work on /Users/wanghaojin/Desktop/exchange@NUS/IS3107/HW/Project/news_data_pipeline/.venv/lib/python3.11/site-packages/airflow/example_dags/example_branch_datetime_operator.py
[2024-04-12T20:16:07.682+0800] {processor.py:830} INFO - Processing file /Users/wanghaojin/Desktop/exchange@NUS/IS3107/HW/Project/news_data_pipeline/.venv/lib/python3.11/site-packages/airflow/example_dags/example_branch_datetime_operator.py for tasks to queue
[2024-04-12T20:16:07.683+0800] {logging_mixin.py:188} INFO - [2024-04-12T20:16:07.682+0800] {dagbag.py:538} INFO - Filling up the DagBag from /Users/wanghaojin/Desktop/exchange@NUS/IS3107/HW/Project/news_data_pipeline/.venv/lib/python3.11/site-packages/airflow/example_dags/example_branch_datetime_operator.py
[2024-04-12T20:16:07.691+0800] {processor.py:840} INFO - DAG(s) 'example_branch_datetime_operator_3', 'example_branch_datetime_operator_2', 'example_branch_datetime_operator' retrieved from /Users/wanghaojin/Desktop/exchange@NUS/IS3107/HW/Project/news_data_pipeline/.venv/lib/python3.11/site-packages/airflow/example_dags/example_branch_datetime_operator.py
[2024-04-12T20:16:07.779+0800] {logging_mixin.py:188} INFO - [2024-04-12T20:16:07.778+0800] {dag.py:3036} INFO - Sync 3 DAGs
[2024-04-12T20:16:07.788+0800] {logging_mixin.py:188} INFO - [2024-04-12T20:16:07.788+0800] {dag.py:3823} INFO - Setting next_dagrun for example_branch_datetime_operator to 2024-04-11 00:00:00+00:00, run_after=2024-04-12 00:00:00+00:00
[2024-04-12T20:16:07.790+0800] {logging_mixin.py:188} INFO - [2024-04-12T20:16:07.790+0800] {dag.py:3823} INFO - Setting next_dagrun for example_branch_datetime_operator_2 to 2024-04-11 00:00:00+00:00, run_after=2024-04-12 00:00:00+00:00
[2024-04-12T20:16:07.791+0800] {logging_mixin.py:188} INFO - [2024-04-12T20:16:07.791+0800] {dag.py:3823} INFO - Setting next_dagrun for example_branch_datetime_operator_3 to 2024-04-11 00:00:00+00:00, run_after=2024-04-12 00:00:00+00:00
[2024-04-12T20:16:07.800+0800] {processor.py:183} INFO - Processing /Users/wanghaojin/Desktop/exchange@NUS/IS3107/HW/Project/news_data_pipeline/.venv/lib/python3.11/site-packages/airflow/example_dags/example_branch_datetime_operator.py took 0.121 seconds
[2024-04-12T20:19:48.799+0800] {processor.py:161} INFO - Started process (PID=8768) to work on /Users/wanghaojin/Desktop/exchange@NUS/IS3107/HW/Project/news_data_pipeline/.venv/lib/python3.11/site-packages/airflow/example_dags/example_branch_datetime_operator.py
[2024-04-12T20:19:48.801+0800] {processor.py:830} INFO - Processing file /Users/wanghaojin/Desktop/exchange@NUS/IS3107/HW/Project/news_data_pipeline/.venv/lib/python3.11/site-packages/airflow/example_dags/example_branch_datetime_operator.py for tasks to queue
[2024-04-12T20:19:48.801+0800] {logging_mixin.py:188} INFO - [2024-04-12T20:19:48.801+0800] {dagbag.py:538} INFO - Filling up the DagBag from /Users/wanghaojin/Desktop/exchange@NUS/IS3107/HW/Project/news_data_pipeline/.venv/lib/python3.11/site-packages/airflow/example_dags/example_branch_datetime_operator.py
[2024-04-12T20:19:48.808+0800] {processor.py:840} INFO - DAG(s) 'example_branch_datetime_operator', 'example_branch_datetime_operator_3', 'example_branch_datetime_operator_2' retrieved from /Users/wanghaojin/Desktop/exchange@NUS/IS3107/HW/Project/news_data_pipeline/.venv/lib/python3.11/site-packages/airflow/example_dags/example_branch_datetime_operator.py
[2024-04-12T20:19:48.935+0800] {logging_mixin.py:188} INFO - [2024-04-12T20:19:48.935+0800] {dag.py:3036} INFO - Sync 3 DAGs
[2024-04-12T20:19:48.945+0800] {logging_mixin.py:188} INFO - [2024-04-12T20:19:48.944+0800] {dag.py:3823} INFO - Setting next_dagrun for example_branch_datetime_operator to 2024-04-11 00:00:00+00:00, run_after=2024-04-12 00:00:00+00:00
[2024-04-12T20:19:48.946+0800] {logging_mixin.py:188} INFO - [2024-04-12T20:19:48.946+0800] {dag.py:3823} INFO - Setting next_dagrun for example_branch_datetime_operator_2 to 2024-04-11 00:00:00+00:00, run_after=2024-04-12 00:00:00+00:00
[2024-04-12T20:19:48.947+0800] {logging_mixin.py:188} INFO - [2024-04-12T20:19:48.947+0800] {dag.py:3823} INFO - Setting next_dagrun for example_branch_datetime_operator_3 to 2024-04-11 00:00:00+00:00, run_after=2024-04-12 00:00:00+00:00
[2024-04-12T20:19:48.957+0800] {processor.py:183} INFO - Processing /Users/wanghaojin/Desktop/exchange@NUS/IS3107/HW/Project/news_data_pipeline/.venv/lib/python3.11/site-packages/airflow/example_dags/example_branch_datetime_operator.py took 0.158 seconds
[2024-04-12T20:22:08.294+0800] {processor.py:161} INFO - Started process (PID=8969) to work on /Users/wanghaojin/Desktop/exchange@NUS/IS3107/HW/Project/news_data_pipeline/.venv/lib/python3.11/site-packages/airflow/example_dags/example_branch_datetime_operator.py
[2024-04-12T20:22:08.295+0800] {processor.py:830} INFO - Processing file /Users/wanghaojin/Desktop/exchange@NUS/IS3107/HW/Project/news_data_pipeline/.venv/lib/python3.11/site-packages/airflow/example_dags/example_branch_datetime_operator.py for tasks to queue
[2024-04-12T20:22:08.296+0800] {logging_mixin.py:188} INFO - [2024-04-12T20:22:08.295+0800] {dagbag.py:538} INFO - Filling up the DagBag from /Users/wanghaojin/Desktop/exchange@NUS/IS3107/HW/Project/news_data_pipeline/.venv/lib/python3.11/site-packages/airflow/example_dags/example_branch_datetime_operator.py
[2024-04-12T20:22:08.302+0800] {processor.py:840} INFO - DAG(s) 'example_branch_datetime_operator_2', 'example_branch_datetime_operator', 'example_branch_datetime_operator_3' retrieved from /Users/wanghaojin/Desktop/exchange@NUS/IS3107/HW/Project/news_data_pipeline/.venv/lib/python3.11/site-packages/airflow/example_dags/example_branch_datetime_operator.py
[2024-04-12T20:22:08.429+0800] {logging_mixin.py:188} INFO - [2024-04-12T20:22:08.429+0800] {dag.py:3036} INFO - Sync 3 DAGs
[2024-04-12T20:22:08.438+0800] {logging_mixin.py:188} INFO - [2024-04-12T20:22:08.438+0800] {dag.py:3823} INFO - Setting next_dagrun for example_branch_datetime_operator to 2024-04-11 00:00:00+00:00, run_after=2024-04-12 00:00:00+00:00
[2024-04-12T20:22:08.440+0800] {logging_mixin.py:188} INFO - [2024-04-12T20:22:08.440+0800] {dag.py:3823} INFO - Setting next_dagrun for example_branch_datetime_operator_2 to 2024-04-11 00:00:00+00:00, run_after=2024-04-12 00:00:00+00:00
[2024-04-12T20:22:08.441+0800] {logging_mixin.py:188} INFO - [2024-04-12T20:22:08.441+0800] {dag.py:3823} INFO - Setting next_dagrun for example_branch_datetime_operator_3 to 2024-04-11 00:00:00+00:00, run_after=2024-04-12 00:00:00+00:00
[2024-04-12T20:22:08.451+0800] {processor.py:183} INFO - Processing /Users/wanghaojin/Desktop/exchange@NUS/IS3107/HW/Project/news_data_pipeline/.venv/lib/python3.11/site-packages/airflow/example_dags/example_branch_datetime_operator.py took 0.157 seconds
[2024-04-12T20:24:24.104+0800] {processor.py:161} INFO - Started process (PID=9151) to work on /Users/wanghaojin/Desktop/exchange@NUS/IS3107/HW/Project/news_data_pipeline/.venv/lib/python3.11/site-packages/airflow/example_dags/example_branch_datetime_operator.py
[2024-04-12T20:24:24.105+0800] {processor.py:830} INFO - Processing file /Users/wanghaojin/Desktop/exchange@NUS/IS3107/HW/Project/news_data_pipeline/.venv/lib/python3.11/site-packages/airflow/example_dags/example_branch_datetime_operator.py for tasks to queue
[2024-04-12T20:24:24.105+0800] {logging_mixin.py:188} INFO - [2024-04-12T20:24:24.105+0800] {dagbag.py:538} INFO - Filling up the DagBag from /Users/wanghaojin/Desktop/exchange@NUS/IS3107/HW/Project/news_data_pipeline/.venv/lib/python3.11/site-packages/airflow/example_dags/example_branch_datetime_operator.py
[2024-04-12T20:24:24.112+0800] {processor.py:840} INFO - DAG(s) 'example_branch_datetime_operator_2', 'example_branch_datetime_operator_3', 'example_branch_datetime_operator' retrieved from /Users/wanghaojin/Desktop/exchange@NUS/IS3107/HW/Project/news_data_pipeline/.venv/lib/python3.11/site-packages/airflow/example_dags/example_branch_datetime_operator.py
[2024-04-12T20:24:24.193+0800] {logging_mixin.py:188} INFO - [2024-04-12T20:24:24.193+0800] {dag.py:3036} INFO - Sync 3 DAGs
[2024-04-12T20:24:24.202+0800] {logging_mixin.py:188} INFO - [2024-04-12T20:24:24.202+0800] {dag.py:3823} INFO - Setting next_dagrun for example_branch_datetime_operator to 2024-04-11 00:00:00+00:00, run_after=2024-04-12 00:00:00+00:00
[2024-04-12T20:24:24.204+0800] {logging_mixin.py:188} INFO - [2024-04-12T20:24:24.204+0800] {dag.py:3823} INFO - Setting next_dagrun for example_branch_datetime_operator_2 to 2024-04-11 00:00:00+00:00, run_after=2024-04-12 00:00:00+00:00
[2024-04-12T20:24:24.205+0800] {logging_mixin.py:188} INFO - [2024-04-12T20:24:24.205+0800] {dag.py:3823} INFO - Setting next_dagrun for example_branch_datetime_operator_3 to 2024-04-11 00:00:00+00:00, run_after=2024-04-12 00:00:00+00:00
[2024-04-12T20:24:24.214+0800] {processor.py:183} INFO - Processing /Users/wanghaojin/Desktop/exchange@NUS/IS3107/HW/Project/news_data_pipeline/.venv/lib/python3.11/site-packages/airflow/example_dags/example_branch_datetime_operator.py took 0.111 seconds
[2024-04-12T20:27:00.155+0800] {processor.py:161} INFO - Started process (PID=9426) to work on /Users/wanghaojin/Desktop/exchange@NUS/IS3107/HW/Project/news_data_pipeline/.venv/lib/python3.11/site-packages/airflow/example_dags/example_branch_datetime_operator.py
[2024-04-12T20:27:00.157+0800] {processor.py:830} INFO - Processing file /Users/wanghaojin/Desktop/exchange@NUS/IS3107/HW/Project/news_data_pipeline/.venv/lib/python3.11/site-packages/airflow/example_dags/example_branch_datetime_operator.py for tasks to queue
[2024-04-12T20:27:00.157+0800] {logging_mixin.py:188} INFO - [2024-04-12T20:27:00.157+0800] {dagbag.py:538} INFO - Filling up the DagBag from /Users/wanghaojin/Desktop/exchange@NUS/IS3107/HW/Project/news_data_pipeline/.venv/lib/python3.11/site-packages/airflow/example_dags/example_branch_datetime_operator.py
[2024-04-12T20:27:00.164+0800] {processor.py:840} INFO - DAG(s) 'example_branch_datetime_operator_2', 'example_branch_datetime_operator', 'example_branch_datetime_operator_3' retrieved from /Users/wanghaojin/Desktop/exchange@NUS/IS3107/HW/Project/news_data_pipeline/.venv/lib/python3.11/site-packages/airflow/example_dags/example_branch_datetime_operator.py
[2024-04-12T20:27:00.253+0800] {logging_mixin.py:188} INFO - [2024-04-12T20:27:00.253+0800] {dag.py:3036} INFO - Sync 3 DAGs
[2024-04-12T20:27:00.262+0800] {logging_mixin.py:188} INFO - [2024-04-12T20:27:00.262+0800] {dag.py:3823} INFO - Setting next_dagrun for example_branch_datetime_operator to 2024-04-11 00:00:00+00:00, run_after=2024-04-12 00:00:00+00:00
[2024-04-12T20:27:00.264+0800] {logging_mixin.py:188} INFO - [2024-04-12T20:27:00.264+0800] {dag.py:3823} INFO - Setting next_dagrun for example_branch_datetime_operator_2 to 2024-04-11 00:00:00+00:00, run_after=2024-04-12 00:00:00+00:00
[2024-04-12T20:27:00.265+0800] {logging_mixin.py:188} INFO - [2024-04-12T20:27:00.265+0800] {dag.py:3823} INFO - Setting next_dagrun for example_branch_datetime_operator_3 to 2024-04-11 00:00:00+00:00, run_after=2024-04-12 00:00:00+00:00
[2024-04-12T20:27:00.274+0800] {processor.py:183} INFO - Processing /Users/wanghaojin/Desktop/exchange@NUS/IS3107/HW/Project/news_data_pipeline/.venv/lib/python3.11/site-packages/airflow/example_dags/example_branch_datetime_operator.py took 0.119 seconds
[2024-04-12T20:30:51.829+0800] {processor.py:161} INFO - Started process (PID=9862) to work on /Users/wanghaojin/Desktop/exchange@NUS/IS3107/HW/Project/news_data_pipeline/.venv/lib/python3.11/site-packages/airflow/example_dags/example_branch_datetime_operator.py
[2024-04-12T20:30:51.829+0800] {processor.py:830} INFO - Processing file /Users/wanghaojin/Desktop/exchange@NUS/IS3107/HW/Project/news_data_pipeline/.venv/lib/python3.11/site-packages/airflow/example_dags/example_branch_datetime_operator.py for tasks to queue
[2024-04-12T20:30:51.830+0800] {logging_mixin.py:188} INFO - [2024-04-12T20:30:51.830+0800] {dagbag.py:538} INFO - Filling up the DagBag from /Users/wanghaojin/Desktop/exchange@NUS/IS3107/HW/Project/news_data_pipeline/.venv/lib/python3.11/site-packages/airflow/example_dags/example_branch_datetime_operator.py
[2024-04-12T20:30:51.836+0800] {processor.py:840} INFO - DAG(s) 'example_branch_datetime_operator_3', 'example_branch_datetime_operator', 'example_branch_datetime_operator_2' retrieved from /Users/wanghaojin/Desktop/exchange@NUS/IS3107/HW/Project/news_data_pipeline/.venv/lib/python3.11/site-packages/airflow/example_dags/example_branch_datetime_operator.py
[2024-04-12T20:30:51.963+0800] {logging_mixin.py:188} INFO - [2024-04-12T20:30:51.963+0800] {dag.py:3036} INFO - Sync 3 DAGs
[2024-04-12T20:30:51.972+0800] {logging_mixin.py:188} INFO - [2024-04-12T20:30:51.972+0800] {dag.py:3823} INFO - Setting next_dagrun for example_branch_datetime_operator to 2024-04-11 00:00:00+00:00, run_after=2024-04-12 00:00:00+00:00
[2024-04-12T20:30:51.974+0800] {logging_mixin.py:188} INFO - [2024-04-12T20:30:51.974+0800] {dag.py:3823} INFO - Setting next_dagrun for example_branch_datetime_operator_2 to 2024-04-11 00:00:00+00:00, run_after=2024-04-12 00:00:00+00:00
[2024-04-12T20:30:51.975+0800] {logging_mixin.py:188} INFO - [2024-04-12T20:30:51.975+0800] {dag.py:3823} INFO - Setting next_dagrun for example_branch_datetime_operator_3 to 2024-04-11 00:00:00+00:00, run_after=2024-04-12 00:00:00+00:00
[2024-04-12T20:30:51.985+0800] {processor.py:183} INFO - Processing /Users/wanghaojin/Desktop/exchange@NUS/IS3107/HW/Project/news_data_pipeline/.venv/lib/python3.11/site-packages/airflow/example_dags/example_branch_datetime_operator.py took 0.157 seconds
[2024-04-12T20:37:40.636+0800] {processor.py:161} INFO - Started process (PID=10597) to work on /Users/wanghaojin/Desktop/exchange@NUS/IS3107/HW/Project/news_data_pipeline/.venv/lib/python3.11/site-packages/airflow/example_dags/example_branch_datetime_operator.py
[2024-04-12T20:37:40.638+0800] {processor.py:830} INFO - Processing file /Users/wanghaojin/Desktop/exchange@NUS/IS3107/HW/Project/news_data_pipeline/.venv/lib/python3.11/site-packages/airflow/example_dags/example_branch_datetime_operator.py for tasks to queue
[2024-04-12T20:37:40.638+0800] {logging_mixin.py:188} INFO - [2024-04-12T20:37:40.638+0800] {dagbag.py:538} INFO - Filling up the DagBag from /Users/wanghaojin/Desktop/exchange@NUS/IS3107/HW/Project/news_data_pipeline/.venv/lib/python3.11/site-packages/airflow/example_dags/example_branch_datetime_operator.py
[2024-04-12T20:37:40.644+0800] {processor.py:840} INFO - DAG(s) 'example_branch_datetime_operator_3', 'example_branch_datetime_operator_2', 'example_branch_datetime_operator' retrieved from /Users/wanghaojin/Desktop/exchange@NUS/IS3107/HW/Project/news_data_pipeline/.venv/lib/python3.11/site-packages/airflow/example_dags/example_branch_datetime_operator.py
[2024-04-12T20:37:40.773+0800] {logging_mixin.py:188} INFO - [2024-04-12T20:37:40.773+0800] {dag.py:3036} INFO - Sync 3 DAGs
[2024-04-12T20:37:40.782+0800] {logging_mixin.py:188} INFO - [2024-04-12T20:37:40.782+0800] {dag.py:3823} INFO - Setting next_dagrun for example_branch_datetime_operator to 2024-04-11 00:00:00+00:00, run_after=2024-04-12 00:00:00+00:00
[2024-04-12T20:37:40.784+0800] {logging_mixin.py:188} INFO - [2024-04-12T20:37:40.784+0800] {dag.py:3823} INFO - Setting next_dagrun for example_branch_datetime_operator_2 to 2024-04-11 00:00:00+00:00, run_after=2024-04-12 00:00:00+00:00
[2024-04-12T20:37:40.785+0800] {logging_mixin.py:188} INFO - [2024-04-12T20:37:40.785+0800] {dag.py:3823} INFO - Setting next_dagrun for example_branch_datetime_operator_3 to 2024-04-11 00:00:00+00:00, run_after=2024-04-12 00:00:00+00:00
[2024-04-12T20:37:40.795+0800] {processor.py:183} INFO - Processing /Users/wanghaojin/Desktop/exchange@NUS/IS3107/HW/Project/news_data_pipeline/.venv/lib/python3.11/site-packages/airflow/example_dags/example_branch_datetime_operator.py took 0.160 seconds
[2024-04-12T20:39:55.981+0800] {processor.py:161} INFO - Started process (PID=10819) to work on /Users/wanghaojin/Desktop/exchange@NUS/IS3107/HW/Project/news_data_pipeline/.venv/lib/python3.11/site-packages/airflow/example_dags/example_branch_datetime_operator.py
[2024-04-12T20:39:55.982+0800] {processor.py:830} INFO - Processing file /Users/wanghaojin/Desktop/exchange@NUS/IS3107/HW/Project/news_data_pipeline/.venv/lib/python3.11/site-packages/airflow/example_dags/example_branch_datetime_operator.py for tasks to queue
[2024-04-12T20:39:55.982+0800] {logging_mixin.py:188} INFO - [2024-04-12T20:39:55.982+0800] {dagbag.py:538} INFO - Filling up the DagBag from /Users/wanghaojin/Desktop/exchange@NUS/IS3107/HW/Project/news_data_pipeline/.venv/lib/python3.11/site-packages/airflow/example_dags/example_branch_datetime_operator.py
[2024-04-12T20:39:55.988+0800] {processor.py:840} INFO - DAG(s) 'example_branch_datetime_operator_3', 'example_branch_datetime_operator_2', 'example_branch_datetime_operator' retrieved from /Users/wanghaojin/Desktop/exchange@NUS/IS3107/HW/Project/news_data_pipeline/.venv/lib/python3.11/site-packages/airflow/example_dags/example_branch_datetime_operator.py
[2024-04-12T20:39:56.068+0800] {logging_mixin.py:188} INFO - [2024-04-12T20:39:56.068+0800] {dag.py:3036} INFO - Sync 3 DAGs
[2024-04-12T20:39:56.077+0800] {logging_mixin.py:188} INFO - [2024-04-12T20:39:56.077+0800] {dag.py:3823} INFO - Setting next_dagrun for example_branch_datetime_operator to 2024-04-11 00:00:00+00:00, run_after=2024-04-12 00:00:00+00:00
[2024-04-12T20:39:56.079+0800] {logging_mixin.py:188} INFO - [2024-04-12T20:39:56.079+0800] {dag.py:3823} INFO - Setting next_dagrun for example_branch_datetime_operator_2 to 2024-04-11 00:00:00+00:00, run_after=2024-04-12 00:00:00+00:00
[2024-04-12T20:39:56.080+0800] {logging_mixin.py:188} INFO - [2024-04-12T20:39:56.080+0800] {dag.py:3823} INFO - Setting next_dagrun for example_branch_datetime_operator_3 to 2024-04-11 00:00:00+00:00, run_after=2024-04-12 00:00:00+00:00
[2024-04-12T20:39:56.089+0800] {processor.py:183} INFO - Processing /Users/wanghaojin/Desktop/exchange@NUS/IS3107/HW/Project/news_data_pipeline/.venv/lib/python3.11/site-packages/airflow/example_dags/example_branch_datetime_operator.py took 0.109 seconds
[2024-04-12T20:42:13.390+0800] {processor.py:161} INFO - Started process (PID=11024) to work on /Users/wanghaojin/Desktop/exchange@NUS/IS3107/HW/Project/news_data_pipeline/.venv/lib/python3.11/site-packages/airflow/example_dags/example_branch_datetime_operator.py
[2024-04-12T20:42:13.391+0800] {processor.py:830} INFO - Processing file /Users/wanghaojin/Desktop/exchange@NUS/IS3107/HW/Project/news_data_pipeline/.venv/lib/python3.11/site-packages/airflow/example_dags/example_branch_datetime_operator.py for tasks to queue
[2024-04-12T20:42:13.391+0800] {logging_mixin.py:188} INFO - [2024-04-12T20:42:13.391+0800] {dagbag.py:538} INFO - Filling up the DagBag from /Users/wanghaojin/Desktop/exchange@NUS/IS3107/HW/Project/news_data_pipeline/.venv/lib/python3.11/site-packages/airflow/example_dags/example_branch_datetime_operator.py
[2024-04-12T20:42:13.398+0800] {processor.py:840} INFO - DAG(s) 'example_branch_datetime_operator_3', 'example_branch_datetime_operator', 'example_branch_datetime_operator_2' retrieved from /Users/wanghaojin/Desktop/exchange@NUS/IS3107/HW/Project/news_data_pipeline/.venv/lib/python3.11/site-packages/airflow/example_dags/example_branch_datetime_operator.py
[2024-04-12T20:42:13.485+0800] {logging_mixin.py:188} INFO - [2024-04-12T20:42:13.484+0800] {dag.py:3036} INFO - Sync 3 DAGs
[2024-04-12T20:42:13.494+0800] {logging_mixin.py:188} INFO - [2024-04-12T20:42:13.494+0800] {dag.py:3823} INFO - Setting next_dagrun for example_branch_datetime_operator to 2024-04-11 00:00:00+00:00, run_after=2024-04-12 00:00:00+00:00
[2024-04-12T20:42:13.496+0800] {logging_mixin.py:188} INFO - [2024-04-12T20:42:13.496+0800] {dag.py:3823} INFO - Setting next_dagrun for example_branch_datetime_operator_2 to 2024-04-11 00:00:00+00:00, run_after=2024-04-12 00:00:00+00:00
[2024-04-12T20:42:13.497+0800] {logging_mixin.py:188} INFO - [2024-04-12T20:42:13.497+0800] {dag.py:3823} INFO - Setting next_dagrun for example_branch_datetime_operator_3 to 2024-04-11 00:00:00+00:00, run_after=2024-04-12 00:00:00+00:00
[2024-04-12T20:42:13.506+0800] {processor.py:183} INFO - Processing /Users/wanghaojin/Desktop/exchange@NUS/IS3107/HW/Project/news_data_pipeline/.venv/lib/python3.11/site-packages/airflow/example_dags/example_branch_datetime_operator.py took 0.117 seconds
