[2024-04-12T14:16:04.731+0800] {processor.py:161} INFO - Started process (PID=2739) to work on /Users/wanghaojin/Desktop/exchange@NUS/IS3107/HW/Project/news_data_pipeline/.venv/lib/python3.11/site-packages/airflow/example_dags/example_datasets.py
[2024-04-12T14:16:04.731+0800] {processor.py:830} INFO - Processing file /Users/wanghaojin/Desktop/exchange@NUS/IS3107/HW/Project/news_data_pipeline/.venv/lib/python3.11/site-packages/airflow/example_dags/example_datasets.py for tasks to queue
[2024-04-12T14:16:04.732+0800] {logging_mixin.py:188} INFO - [2024-04-12T14:16:04.732+0800] {dagbag.py:538} INFO - Filling up the DagBag from /Users/wanghaojin/Desktop/exchange@NUS/IS3107/HW/Project/news_data_pipeline/.venv/lib/python3.11/site-packages/airflow/example_dags/example_datasets.py
[2024-04-12T14:16:04.737+0800] {processor.py:840} INFO - DAG(s) 'dataset_consumes_1', 'dataset_consumes_1_and_2', 'dataset_consumes_1_never_scheduled', 'dataset_produces_1', 'dataset_consumes_unknown_never_scheduled', 'dataset_produces_2' retrieved from /Users/wanghaojin/Desktop/exchange@NUS/IS3107/HW/Project/news_data_pipeline/.venv/lib/python3.11/site-packages/airflow/example_dags/example_datasets.py
[2024-04-12T14:16:04.862+0800] {logging_mixin.py:188} INFO - [2024-04-12T14:16:04.861+0800] {override.py:1769} INFO - Created Permission View: can read on DAG:dataset_consumes_1
[2024-04-12T14:16:04.866+0800] {logging_mixin.py:188} INFO - [2024-04-12T14:16:04.866+0800] {override.py:1769} INFO - Created Permission View: can delete on DAG:dataset_consumes_1
[2024-04-12T14:16:04.869+0800] {logging_mixin.py:188} INFO - [2024-04-12T14:16:04.869+0800] {override.py:1769} INFO - Created Permission View: can edit on DAG:dataset_consumes_1
[2024-04-12T14:16:04.876+0800] {logging_mixin.py:188} INFO - [2024-04-12T14:16:04.875+0800] {override.py:1769} INFO - Created Permission View: can read on DAG:dataset_consumes_1_and_2
[2024-04-12T14:16:04.878+0800] {logging_mixin.py:188} INFO - [2024-04-12T14:16:04.878+0800] {override.py:1769} INFO - Created Permission View: can delete on DAG:dataset_consumes_1_and_2
[2024-04-12T14:16:04.881+0800] {logging_mixin.py:188} INFO - [2024-04-12T14:16:04.881+0800] {override.py:1769} INFO - Created Permission View: can edit on DAG:dataset_consumes_1_and_2
[2024-04-12T14:16:04.887+0800] {logging_mixin.py:188} INFO - [2024-04-12T14:16:04.887+0800] {override.py:1769} INFO - Created Permission View: can read on DAG:dataset_consumes_1_never_scheduled
[2024-04-12T14:16:04.890+0800] {logging_mixin.py:188} INFO - [2024-04-12T14:16:04.889+0800] {override.py:1769} INFO - Created Permission View: can delete on DAG:dataset_consumes_1_never_scheduled
[2024-04-12T14:16:04.892+0800] {logging_mixin.py:188} INFO - [2024-04-12T14:16:04.892+0800] {override.py:1769} INFO - Created Permission View: can edit on DAG:dataset_consumes_1_never_scheduled
[2024-04-12T14:16:04.898+0800] {logging_mixin.py:188} INFO - [2024-04-12T14:16:04.898+0800] {override.py:1769} INFO - Created Permission View: can read on DAG:dataset_produces_1
[2024-04-12T14:16:04.901+0800] {logging_mixin.py:188} INFO - [2024-04-12T14:16:04.901+0800] {override.py:1769} INFO - Created Permission View: can delete on DAG:dataset_produces_1
[2024-04-12T14:16:04.904+0800] {logging_mixin.py:188} INFO - [2024-04-12T14:16:04.904+0800] {override.py:1769} INFO - Created Permission View: can edit on DAG:dataset_produces_1
[2024-04-12T14:16:04.910+0800] {logging_mixin.py:188} INFO - [2024-04-12T14:16:04.910+0800] {override.py:1769} INFO - Created Permission View: can read on DAG:dataset_consumes_unknown_never_scheduled
[2024-04-12T14:16:04.913+0800] {logging_mixin.py:188} INFO - [2024-04-12T14:16:04.913+0800] {override.py:1769} INFO - Created Permission View: can delete on DAG:dataset_consumes_unknown_never_scheduled
[2024-04-12T14:16:04.916+0800] {logging_mixin.py:188} INFO - [2024-04-12T14:16:04.915+0800] {override.py:1769} INFO - Created Permission View: can edit on DAG:dataset_consumes_unknown_never_scheduled
[2024-04-12T14:16:04.921+0800] {logging_mixin.py:188} INFO - [2024-04-12T14:16:04.921+0800] {override.py:1769} INFO - Created Permission View: can read on DAG:dataset_produces_2
[2024-04-12T14:16:04.924+0800] {logging_mixin.py:188} INFO - [2024-04-12T14:16:04.924+0800] {override.py:1769} INFO - Created Permission View: can delete on DAG:dataset_produces_2
[2024-04-12T14:16:04.927+0800] {logging_mixin.py:188} INFO - [2024-04-12T14:16:04.926+0800] {override.py:1769} INFO - Created Permission View: can edit on DAG:dataset_produces_2
[2024-04-12T14:16:04.927+0800] {logging_mixin.py:188} INFO - [2024-04-12T14:16:04.927+0800] {dag.py:3036} INFO - Sync 6 DAGs
[2024-04-12T14:16:04.932+0800] {logging_mixin.py:188} INFO - [2024-04-12T14:16:04.932+0800] {dag.py:3058} INFO - Creating ORM DAG for dataset_consumes_1
[2024-04-12T14:16:04.932+0800] {logging_mixin.py:188} INFO - [2024-04-12T14:16:04.932+0800] {dag.py:3058} INFO - Creating ORM DAG for dataset_produces_2
[2024-04-12T14:16:04.932+0800] {logging_mixin.py:188} INFO - [2024-04-12T14:16:04.932+0800] {dag.py:3058} INFO - Creating ORM DAG for dataset_produces_1
[2024-04-12T14:16:04.932+0800] {logging_mixin.py:188} INFO - [2024-04-12T14:16:04.932+0800] {dag.py:3058} INFO - Creating ORM DAG for dataset_consumes_1_never_scheduled
[2024-04-12T14:16:04.933+0800] {logging_mixin.py:188} INFO - [2024-04-12T14:16:04.933+0800] {dag.py:3058} INFO - Creating ORM DAG for dataset_consumes_unknown_never_scheduled
[2024-04-12T14:16:04.933+0800] {logging_mixin.py:188} INFO - [2024-04-12T14:16:04.933+0800] {dag.py:3058} INFO - Creating ORM DAG for dataset_consumes_1_and_2
[2024-04-12T14:16:04.937+0800] {logging_mixin.py:188} INFO - [2024-04-12T14:16:04.937+0800] {dag.py:3823} INFO - Setting next_dagrun for dataset_consumes_1 to None, run_after=None
[2024-04-12T14:16:04.937+0800] {logging_mixin.py:188} INFO - [2024-04-12T14:16:04.937+0800] {dag.py:3823} INFO - Setting next_dagrun for dataset_consumes_1_and_2 to None, run_after=None
[2024-04-12T14:16:04.937+0800] {logging_mixin.py:188} INFO - [2024-04-12T14:16:04.937+0800] {dag.py:3823} INFO - Setting next_dagrun for dataset_consumes_1_never_scheduled to None, run_after=None
[2024-04-12T14:16:04.937+0800] {logging_mixin.py:188} INFO - [2024-04-12T14:16:04.937+0800] {dag.py:3823} INFO - Setting next_dagrun for dataset_consumes_unknown_never_scheduled to None, run_after=None
[2024-04-12T14:16:04.938+0800] {logging_mixin.py:188} INFO - [2024-04-12T14:16:04.938+0800] {dag.py:3823} INFO - Setting next_dagrun for dataset_produces_1 to 2024-04-11 00:00:00+00:00, run_after=2024-04-12 00:00:00+00:00
[2024-04-12T14:16:04.939+0800] {logging_mixin.py:188} INFO - [2024-04-12T14:16:04.939+0800] {dag.py:3823} INFO - Setting next_dagrun for dataset_produces_2 to None, run_after=None
[2024-04-12T14:16:04.958+0800] {processor.py:183} INFO - Processing /Users/wanghaojin/Desktop/exchange@NUS/IS3107/HW/Project/news_data_pipeline/.venv/lib/python3.11/site-packages/airflow/example_dags/example_datasets.py took 0.228 seconds
[2024-04-12T14:18:17.970+0800] {processor.py:161} INFO - Started process (PID=3000) to work on /Users/wanghaojin/Desktop/exchange@NUS/IS3107/HW/Project/news_data_pipeline/.venv/lib/python3.11/site-packages/airflow/example_dags/example_datasets.py
[2024-04-12T14:18:17.971+0800] {processor.py:830} INFO - Processing file /Users/wanghaojin/Desktop/exchange@NUS/IS3107/HW/Project/news_data_pipeline/.venv/lib/python3.11/site-packages/airflow/example_dags/example_datasets.py for tasks to queue
[2024-04-12T14:18:17.971+0800] {logging_mixin.py:188} INFO - [2024-04-12T14:18:17.971+0800] {dagbag.py:538} INFO - Filling up the DagBag from /Users/wanghaojin/Desktop/exchange@NUS/IS3107/HW/Project/news_data_pipeline/.venv/lib/python3.11/site-packages/airflow/example_dags/example_datasets.py
[2024-04-12T14:18:17.977+0800] {processor.py:840} INFO - DAG(s) 'dataset_consumes_1_never_scheduled', 'dataset_produces_2', 'dataset_consumes_1_and_2', 'dataset_consumes_1', 'dataset_consumes_unknown_never_scheduled', 'dataset_produces_1' retrieved from /Users/wanghaojin/Desktop/exchange@NUS/IS3107/HW/Project/news_data_pipeline/.venv/lib/python3.11/site-packages/airflow/example_dags/example_datasets.py
[2024-04-12T14:18:18.060+0800] {logging_mixin.py:188} INFO - [2024-04-12T14:18:18.059+0800] {dag.py:3036} INFO - Sync 6 DAGs
[2024-04-12T14:18:18.069+0800] {logging_mixin.py:188} INFO - [2024-04-12T14:18:18.068+0800] {dag.py:3823} INFO - Setting next_dagrun for dataset_consumes_1 to None, run_after=None
[2024-04-12T14:18:18.070+0800] {logging_mixin.py:188} INFO - [2024-04-12T14:18:18.070+0800] {dag.py:3823} INFO - Setting next_dagrun for dataset_consumes_1_and_2 to None, run_after=None
[2024-04-12T14:18:18.070+0800] {logging_mixin.py:188} INFO - [2024-04-12T14:18:18.070+0800] {dag.py:3823} INFO - Setting next_dagrun for dataset_consumes_1_never_scheduled to None, run_after=None
[2024-04-12T14:18:18.071+0800] {logging_mixin.py:188} INFO - [2024-04-12T14:18:18.071+0800] {dag.py:3823} INFO - Setting next_dagrun for dataset_consumes_unknown_never_scheduled to None, run_after=None
[2024-04-12T14:18:18.072+0800] {logging_mixin.py:188} INFO - [2024-04-12T14:18:18.072+0800] {dag.py:3823} INFO - Setting next_dagrun for dataset_produces_1 to 2024-04-11 00:00:00+00:00, run_after=2024-04-12 00:00:00+00:00
[2024-04-12T14:18:18.072+0800] {logging_mixin.py:188} INFO - [2024-04-12T14:18:18.072+0800] {dag.py:3823} INFO - Setting next_dagrun for dataset_produces_2 to None, run_after=None
[2024-04-12T14:18:18.086+0800] {processor.py:183} INFO - Processing /Users/wanghaojin/Desktop/exchange@NUS/IS3107/HW/Project/news_data_pipeline/.venv/lib/python3.11/site-packages/airflow/example_dags/example_datasets.py took 0.117 seconds
