[2024-04-12T19:29:02.015+0800] {processor.py:161} INFO - Started process (PID=3562) to work on /Users/wanghaojin/Desktop/exchange@NUS/IS3107/HW/Project/news_data_pipeline/.venv/lib/python3.11/site-packages/airflow/example_dags/example_short_circuit_decorator.py
[2024-04-12T19:29:02.016+0800] {processor.py:830} INFO - Processing file /Users/wanghaojin/Desktop/exchange@NUS/IS3107/HW/Project/news_data_pipeline/.venv/lib/python3.11/site-packages/airflow/example_dags/example_short_circuit_decorator.py for tasks to queue
[2024-04-12T19:29:02.016+0800] {logging_mixin.py:188} INFO - [2024-04-12T19:29:02.016+0800] {dagbag.py:538} INFO - Filling up the DagBag from /Users/wanghaojin/Desktop/exchange@NUS/IS3107/HW/Project/news_data_pipeline/.venv/lib/python3.11/site-packages/airflow/example_dags/example_short_circuit_decorator.py
[2024-04-12T19:29:02.037+0800] {processor.py:840} INFO - DAG(s) 'example_short_circuit_decorator' retrieved from /Users/wanghaojin/Desktop/exchange@NUS/IS3107/HW/Project/news_data_pipeline/.venv/lib/python3.11/site-packages/airflow/example_dags/example_short_circuit_decorator.py
[2024-04-12T19:29:02.114+0800] {logging_mixin.py:188} INFO - [2024-04-12T19:29:02.114+0800] {dag.py:3036} INFO - Sync 1 DAGs
[2024-04-12T19:29:02.123+0800] {logging_mixin.py:188} INFO - [2024-04-12T19:29:02.123+0800] {dag.py:3823} INFO - Setting next_dagrun for example_short_circuit_decorator to 2024-04-11 00:00:00+00:00, run_after=2024-04-12 00:00:00+00:00
[2024-04-12T19:29:02.133+0800] {processor.py:183} INFO - Processing /Users/wanghaojin/Desktop/exchange@NUS/IS3107/HW/Project/news_data_pipeline/.venv/lib/python3.11/site-packages/airflow/example_dags/example_short_circuit_decorator.py took 0.119 seconds
[2024-04-12T19:30:19.950+0800] {processor.py:161} INFO - Started process (PID=4151) to work on /Users/wanghaojin/Desktop/exchange@NUS/IS3107/HW/Project/news_data_pipeline/.venv/lib/python3.11/site-packages/airflow/example_dags/example_short_circuit_decorator.py
[2024-04-12T19:30:19.950+0800] {processor.py:830} INFO - Processing file /Users/wanghaojin/Desktop/exchange@NUS/IS3107/HW/Project/news_data_pipeline/.venv/lib/python3.11/site-packages/airflow/example_dags/example_short_circuit_decorator.py for tasks to queue
[2024-04-12T19:30:19.951+0800] {logging_mixin.py:188} INFO - [2024-04-12T19:30:19.951+0800] {dagbag.py:538} INFO - Filling up the DagBag from /Users/wanghaojin/Desktop/exchange@NUS/IS3107/HW/Project/news_data_pipeline/.venv/lib/python3.11/site-packages/airflow/example_dags/example_short_circuit_decorator.py
[2024-04-12T19:30:19.972+0800] {processor.py:840} INFO - DAG(s) 'example_short_circuit_decorator' retrieved from /Users/wanghaojin/Desktop/exchange@NUS/IS3107/HW/Project/news_data_pipeline/.venv/lib/python3.11/site-packages/airflow/example_dags/example_short_circuit_decorator.py
[2024-04-12T19:30:20.097+0800] {logging_mixin.py:188} INFO - [2024-04-12T19:30:20.097+0800] {dag.py:3036} INFO - Sync 1 DAGs
[2024-04-12T19:30:20.106+0800] {logging_mixin.py:188} INFO - [2024-04-12T19:30:20.105+0800] {dag.py:3823} INFO - Setting next_dagrun for example_short_circuit_decorator to 2024-04-11 00:00:00+00:00, run_after=2024-04-12 00:00:00+00:00
[2024-04-12T19:30:20.117+0800] {processor.py:183} INFO - Processing /Users/wanghaojin/Desktop/exchange@NUS/IS3107/HW/Project/news_data_pipeline/.venv/lib/python3.11/site-packages/airflow/example_dags/example_short_circuit_decorator.py took 0.168 seconds
[2024-04-12T19:32:08.147+0800] {processor.py:161} INFO - Started process (PID=4325) to work on /Users/wanghaojin/Desktop/exchange@NUS/IS3107/HW/Project/news_data_pipeline/.venv/lib/python3.11/site-packages/airflow/example_dags/example_short_circuit_decorator.py
[2024-04-12T19:32:08.148+0800] {processor.py:830} INFO - Processing file /Users/wanghaojin/Desktop/exchange@NUS/IS3107/HW/Project/news_data_pipeline/.venv/lib/python3.11/site-packages/airflow/example_dags/example_short_circuit_decorator.py for tasks to queue
[2024-04-12T19:32:08.148+0800] {logging_mixin.py:188} INFO - [2024-04-12T19:32:08.148+0800] {dagbag.py:538} INFO - Filling up the DagBag from /Users/wanghaojin/Desktop/exchange@NUS/IS3107/HW/Project/news_data_pipeline/.venv/lib/python3.11/site-packages/airflow/example_dags/example_short_circuit_decorator.py
[2024-04-12T19:32:08.169+0800] {processor.py:840} INFO - DAG(s) 'example_short_circuit_decorator' retrieved from /Users/wanghaojin/Desktop/exchange@NUS/IS3107/HW/Project/news_data_pipeline/.venv/lib/python3.11/site-packages/airflow/example_dags/example_short_circuit_decorator.py
[2024-04-12T19:32:08.291+0800] {logging_mixin.py:188} INFO - [2024-04-12T19:32:08.291+0800] {dag.py:3036} INFO - Sync 1 DAGs
[2024-04-12T19:32:08.299+0800] {logging_mixin.py:188} INFO - [2024-04-12T19:32:08.299+0800] {dag.py:3823} INFO - Setting next_dagrun for example_short_circuit_decorator to 2024-04-11 00:00:00+00:00, run_after=2024-04-12 00:00:00+00:00
[2024-04-12T19:32:08.311+0800] {processor.py:183} INFO - Processing /Users/wanghaojin/Desktop/exchange@NUS/IS3107/HW/Project/news_data_pipeline/.venv/lib/python3.11/site-packages/airflow/example_dags/example_short_circuit_decorator.py took 0.164 seconds
[2024-04-12T19:33:46.520+0800] {processor.py:161} INFO - Started process (PID=4502) to work on /Users/wanghaojin/Desktop/exchange@NUS/IS3107/HW/Project/news_data_pipeline/.venv/lib/python3.11/site-packages/airflow/example_dags/example_short_circuit_decorator.py
[2024-04-12T19:33:46.520+0800] {processor.py:830} INFO - Processing file /Users/wanghaojin/Desktop/exchange@NUS/IS3107/HW/Project/news_data_pipeline/.venv/lib/python3.11/site-packages/airflow/example_dags/example_short_circuit_decorator.py for tasks to queue
[2024-04-12T19:33:46.521+0800] {logging_mixin.py:188} INFO - [2024-04-12T19:33:46.521+0800] {dagbag.py:538} INFO - Filling up the DagBag from /Users/wanghaojin/Desktop/exchange@NUS/IS3107/HW/Project/news_data_pipeline/.venv/lib/python3.11/site-packages/airflow/example_dags/example_short_circuit_decorator.py
[2024-04-12T19:33:46.542+0800] {processor.py:840} INFO - DAG(s) 'example_short_circuit_decorator' retrieved from /Users/wanghaojin/Desktop/exchange@NUS/IS3107/HW/Project/news_data_pipeline/.venv/lib/python3.11/site-packages/airflow/example_dags/example_short_circuit_decorator.py
[2024-04-12T19:33:46.619+0800] {logging_mixin.py:188} INFO - [2024-04-12T19:33:46.618+0800] {dag.py:3036} INFO - Sync 1 DAGs
[2024-04-12T19:33:46.628+0800] {logging_mixin.py:188} INFO - [2024-04-12T19:33:46.628+0800] {dag.py:3823} INFO - Setting next_dagrun for example_short_circuit_decorator to 2024-04-11 00:00:00+00:00, run_after=2024-04-12 00:00:00+00:00
[2024-04-12T19:33:46.638+0800] {processor.py:183} INFO - Processing /Users/wanghaojin/Desktop/exchange@NUS/IS3107/HW/Project/news_data_pipeline/.venv/lib/python3.11/site-packages/airflow/example_dags/example_short_circuit_decorator.py took 0.119 seconds
[2024-04-12T19:36:03.182+0800] {processor.py:161} INFO - Started process (PID=4715) to work on /Users/wanghaojin/Desktop/exchange@NUS/IS3107/HW/Project/news_data_pipeline/.venv/lib/python3.11/site-packages/airflow/example_dags/example_short_circuit_decorator.py
[2024-04-12T19:36:03.182+0800] {processor.py:830} INFO - Processing file /Users/wanghaojin/Desktop/exchange@NUS/IS3107/HW/Project/news_data_pipeline/.venv/lib/python3.11/site-packages/airflow/example_dags/example_short_circuit_decorator.py for tasks to queue
[2024-04-12T19:36:03.183+0800] {logging_mixin.py:188} INFO - [2024-04-12T19:36:03.183+0800] {dagbag.py:538} INFO - Filling up the DagBag from /Users/wanghaojin/Desktop/exchange@NUS/IS3107/HW/Project/news_data_pipeline/.venv/lib/python3.11/site-packages/airflow/example_dags/example_short_circuit_decorator.py
[2024-04-12T19:36:03.203+0800] {processor.py:840} INFO - DAG(s) 'example_short_circuit_decorator' retrieved from /Users/wanghaojin/Desktop/exchange@NUS/IS3107/HW/Project/news_data_pipeline/.venv/lib/python3.11/site-packages/airflow/example_dags/example_short_circuit_decorator.py
[2024-04-12T19:36:03.280+0800] {logging_mixin.py:188} INFO - [2024-04-12T19:36:03.280+0800] {dag.py:3036} INFO - Sync 1 DAGs
[2024-04-12T19:36:03.290+0800] {logging_mixin.py:188} INFO - [2024-04-12T19:36:03.290+0800] {dag.py:3823} INFO - Setting next_dagrun for example_short_circuit_decorator to 2024-04-11 00:00:00+00:00, run_after=2024-04-12 00:00:00+00:00
[2024-04-12T19:36:03.300+0800] {processor.py:183} INFO - Processing /Users/wanghaojin/Desktop/exchange@NUS/IS3107/HW/Project/news_data_pipeline/.venv/lib/python3.11/site-packages/airflow/example_dags/example_short_circuit_decorator.py took 0.119 seconds
[2024-04-12T19:38:20.171+0800] {processor.py:161} INFO - Started process (PID=4917) to work on /Users/wanghaojin/Desktop/exchange@NUS/IS3107/HW/Project/news_data_pipeline/.venv/lib/python3.11/site-packages/airflow/example_dags/example_short_circuit_decorator.py
[2024-04-12T19:38:20.171+0800] {processor.py:830} INFO - Processing file /Users/wanghaojin/Desktop/exchange@NUS/IS3107/HW/Project/news_data_pipeline/.venv/lib/python3.11/site-packages/airflow/example_dags/example_short_circuit_decorator.py for tasks to queue
[2024-04-12T19:38:20.172+0800] {logging_mixin.py:188} INFO - [2024-04-12T19:38:20.172+0800] {dagbag.py:538} INFO - Filling up the DagBag from /Users/wanghaojin/Desktop/exchange@NUS/IS3107/HW/Project/news_data_pipeline/.venv/lib/python3.11/site-packages/airflow/example_dags/example_short_circuit_decorator.py
[2024-04-12T19:38:20.192+0800] {processor.py:840} INFO - DAG(s) 'example_short_circuit_decorator' retrieved from /Users/wanghaojin/Desktop/exchange@NUS/IS3107/HW/Project/news_data_pipeline/.venv/lib/python3.11/site-packages/airflow/example_dags/example_short_circuit_decorator.py
[2024-04-12T19:38:20.269+0800] {logging_mixin.py:188} INFO - [2024-04-12T19:38:20.269+0800] {dag.py:3036} INFO - Sync 1 DAGs
[2024-04-12T19:38:20.278+0800] {logging_mixin.py:188} INFO - [2024-04-12T19:38:20.278+0800] {dag.py:3823} INFO - Setting next_dagrun for example_short_circuit_decorator to 2024-04-11 00:00:00+00:00, run_after=2024-04-12 00:00:00+00:00
[2024-04-12T19:38:20.288+0800] {processor.py:183} INFO - Processing /Users/wanghaojin/Desktop/exchange@NUS/IS3107/HW/Project/news_data_pipeline/.venv/lib/python3.11/site-packages/airflow/example_dags/example_short_circuit_decorator.py took 0.118 seconds
[2024-04-12T19:40:31.985+0800] {processor.py:161} INFO - Started process (PID=5132) to work on /Users/wanghaojin/Desktop/exchange@NUS/IS3107/HW/Project/news_data_pipeline/.venv/lib/python3.11/site-packages/airflow/example_dags/example_short_circuit_decorator.py
[2024-04-12T19:40:31.986+0800] {processor.py:830} INFO - Processing file /Users/wanghaojin/Desktop/exchange@NUS/IS3107/HW/Project/news_data_pipeline/.venv/lib/python3.11/site-packages/airflow/example_dags/example_short_circuit_decorator.py for tasks to queue
[2024-04-12T19:40:31.986+0800] {logging_mixin.py:188} INFO - [2024-04-12T19:40:31.986+0800] {dagbag.py:538} INFO - Filling up the DagBag from /Users/wanghaojin/Desktop/exchange@NUS/IS3107/HW/Project/news_data_pipeline/.venv/lib/python3.11/site-packages/airflow/example_dags/example_short_circuit_decorator.py
[2024-04-12T19:40:32.006+0800] {processor.py:840} INFO - DAG(s) 'example_short_circuit_decorator' retrieved from /Users/wanghaojin/Desktop/exchange@NUS/IS3107/HW/Project/news_data_pipeline/.venv/lib/python3.11/site-packages/airflow/example_dags/example_short_circuit_decorator.py
[2024-04-12T19:40:32.083+0800] {logging_mixin.py:188} INFO - [2024-04-12T19:40:32.083+0800] {dag.py:3036} INFO - Sync 1 DAGs
[2024-04-12T19:40:32.093+0800] {logging_mixin.py:188} INFO - [2024-04-12T19:40:32.092+0800] {dag.py:3823} INFO - Setting next_dagrun for example_short_circuit_decorator to 2024-04-11 00:00:00+00:00, run_after=2024-04-12 00:00:00+00:00
[2024-04-12T19:40:32.103+0800] {processor.py:183} INFO - Processing /Users/wanghaojin/Desktop/exchange@NUS/IS3107/HW/Project/news_data_pipeline/.venv/lib/python3.11/site-packages/airflow/example_dags/example_short_circuit_decorator.py took 0.118 seconds
[2024-04-12T19:42:48.820+0800] {processor.py:161} INFO - Started process (PID=5344) to work on /Users/wanghaojin/Desktop/exchange@NUS/IS3107/HW/Project/news_data_pipeline/.venv/lib/python3.11/site-packages/airflow/example_dags/example_short_circuit_decorator.py
[2024-04-12T19:42:48.821+0800] {processor.py:830} INFO - Processing file /Users/wanghaojin/Desktop/exchange@NUS/IS3107/HW/Project/news_data_pipeline/.venv/lib/python3.11/site-packages/airflow/example_dags/example_short_circuit_decorator.py for tasks to queue
[2024-04-12T19:42:48.821+0800] {logging_mixin.py:188} INFO - [2024-04-12T19:42:48.821+0800] {dagbag.py:538} INFO - Filling up the DagBag from /Users/wanghaojin/Desktop/exchange@NUS/IS3107/HW/Project/news_data_pipeline/.venv/lib/python3.11/site-packages/airflow/example_dags/example_short_circuit_decorator.py
[2024-04-12T19:42:48.841+0800] {processor.py:840} INFO - DAG(s) 'example_short_circuit_decorator' retrieved from /Users/wanghaojin/Desktop/exchange@NUS/IS3107/HW/Project/news_data_pipeline/.venv/lib/python3.11/site-packages/airflow/example_dags/example_short_circuit_decorator.py
[2024-04-12T19:42:48.919+0800] {logging_mixin.py:188} INFO - [2024-04-12T19:42:48.918+0800] {dag.py:3036} INFO - Sync 1 DAGs
[2024-04-12T19:42:48.928+0800] {logging_mixin.py:188} INFO - [2024-04-12T19:42:48.928+0800] {dag.py:3823} INFO - Setting next_dagrun for example_short_circuit_decorator to 2024-04-11 00:00:00+00:00, run_after=2024-04-12 00:00:00+00:00
[2024-04-12T19:42:48.938+0800] {processor.py:183} INFO - Processing /Users/wanghaojin/Desktop/exchange@NUS/IS3107/HW/Project/news_data_pipeline/.venv/lib/python3.11/site-packages/airflow/example_dags/example_short_circuit_decorator.py took 0.119 seconds
[2024-04-12T19:45:04.943+0800] {processor.py:161} INFO - Started process (PID=5570) to work on /Users/wanghaojin/Desktop/exchange@NUS/IS3107/HW/Project/news_data_pipeline/.venv/lib/python3.11/site-packages/airflow/example_dags/example_short_circuit_decorator.py
[2024-04-12T19:45:04.945+0800] {processor.py:830} INFO - Processing file /Users/wanghaojin/Desktop/exchange@NUS/IS3107/HW/Project/news_data_pipeline/.venv/lib/python3.11/site-packages/airflow/example_dags/example_short_circuit_decorator.py for tasks to queue
[2024-04-12T19:45:04.945+0800] {logging_mixin.py:188} INFO - [2024-04-12T19:45:04.945+0800] {dagbag.py:538} INFO - Filling up the DagBag from /Users/wanghaojin/Desktop/exchange@NUS/IS3107/HW/Project/news_data_pipeline/.venv/lib/python3.11/site-packages/airflow/example_dags/example_short_circuit_decorator.py
[2024-04-12T19:45:04.966+0800] {processor.py:840} INFO - DAG(s) 'example_short_circuit_decorator' retrieved from /Users/wanghaojin/Desktop/exchange@NUS/IS3107/HW/Project/news_data_pipeline/.venv/lib/python3.11/site-packages/airflow/example_dags/example_short_circuit_decorator.py
[2024-04-12T19:45:05.048+0800] {logging_mixin.py:188} INFO - [2024-04-12T19:45:05.048+0800] {dag.py:3036} INFO - Sync 1 DAGs
[2024-04-12T19:45:05.057+0800] {logging_mixin.py:188} INFO - [2024-04-12T19:45:05.057+0800] {dag.py:3823} INFO - Setting next_dagrun for example_short_circuit_decorator to 2024-04-11 00:00:00+00:00, run_after=2024-04-12 00:00:00+00:00
[2024-04-12T19:45:05.067+0800] {processor.py:183} INFO - Processing /Users/wanghaojin/Desktop/exchange@NUS/IS3107/HW/Project/news_data_pipeline/.venv/lib/python3.11/site-packages/airflow/example_dags/example_short_circuit_decorator.py took 0.125 seconds
[2024-04-12T19:47:20.371+0800] {processor.py:161} INFO - Started process (PID=5735) to work on /Users/wanghaojin/Desktop/exchange@NUS/IS3107/HW/Project/news_data_pipeline/.venv/lib/python3.11/site-packages/airflow/example_dags/example_short_circuit_decorator.py
[2024-04-12T19:47:20.372+0800] {processor.py:830} INFO - Processing file /Users/wanghaojin/Desktop/exchange@NUS/IS3107/HW/Project/news_data_pipeline/.venv/lib/python3.11/site-packages/airflow/example_dags/example_short_circuit_decorator.py for tasks to queue
[2024-04-12T19:47:20.373+0800] {logging_mixin.py:188} INFO - [2024-04-12T19:47:20.373+0800] {dagbag.py:538} INFO - Filling up the DagBag from /Users/wanghaojin/Desktop/exchange@NUS/IS3107/HW/Project/news_data_pipeline/.venv/lib/python3.11/site-packages/airflow/example_dags/example_short_circuit_decorator.py
[2024-04-12T19:47:20.393+0800] {processor.py:840} INFO - DAG(s) 'example_short_circuit_decorator' retrieved from /Users/wanghaojin/Desktop/exchange@NUS/IS3107/HW/Project/news_data_pipeline/.venv/lib/python3.11/site-packages/airflow/example_dags/example_short_circuit_decorator.py
[2024-04-12T19:47:20.471+0800] {logging_mixin.py:188} INFO - [2024-04-12T19:47:20.470+0800] {dag.py:3036} INFO - Sync 1 DAGs
[2024-04-12T19:47:20.480+0800] {logging_mixin.py:188} INFO - [2024-04-12T19:47:20.480+0800] {dag.py:3823} INFO - Setting next_dagrun for example_short_circuit_decorator to 2024-04-11 00:00:00+00:00, run_after=2024-04-12 00:00:00+00:00
[2024-04-12T19:47:20.490+0800] {processor.py:183} INFO - Processing /Users/wanghaojin/Desktop/exchange@NUS/IS3107/HW/Project/news_data_pipeline/.venv/lib/python3.11/site-packages/airflow/example_dags/example_short_circuit_decorator.py took 0.119 seconds
[2024-04-12T19:49:37.029+0800] {processor.py:161} INFO - Started process (PID=5955) to work on /Users/wanghaojin/Desktop/exchange@NUS/IS3107/HW/Project/news_data_pipeline/.venv/lib/python3.11/site-packages/airflow/example_dags/example_short_circuit_decorator.py
[2024-04-12T19:49:37.030+0800] {processor.py:830} INFO - Processing file /Users/wanghaojin/Desktop/exchange@NUS/IS3107/HW/Project/news_data_pipeline/.venv/lib/python3.11/site-packages/airflow/example_dags/example_short_circuit_decorator.py for tasks to queue
[2024-04-12T19:49:37.030+0800] {logging_mixin.py:188} INFO - [2024-04-12T19:49:37.030+0800] {dagbag.py:538} INFO - Filling up the DagBag from /Users/wanghaojin/Desktop/exchange@NUS/IS3107/HW/Project/news_data_pipeline/.venv/lib/python3.11/site-packages/airflow/example_dags/example_short_circuit_decorator.py
[2024-04-12T19:49:37.051+0800] {processor.py:840} INFO - DAG(s) 'example_short_circuit_decorator' retrieved from /Users/wanghaojin/Desktop/exchange@NUS/IS3107/HW/Project/news_data_pipeline/.venv/lib/python3.11/site-packages/airflow/example_dags/example_short_circuit_decorator.py
[2024-04-12T19:49:37.128+0800] {logging_mixin.py:188} INFO - [2024-04-12T19:49:37.128+0800] {dag.py:3036} INFO - Sync 1 DAGs
[2024-04-12T19:49:37.138+0800] {logging_mixin.py:188} INFO - [2024-04-12T19:49:37.138+0800] {dag.py:3823} INFO - Setting next_dagrun for example_short_circuit_decorator to 2024-04-11 00:00:00+00:00, run_after=2024-04-12 00:00:00+00:00
[2024-04-12T19:49:37.148+0800] {processor.py:183} INFO - Processing /Users/wanghaojin/Desktop/exchange@NUS/IS3107/HW/Project/news_data_pipeline/.venv/lib/python3.11/site-packages/airflow/example_dags/example_short_circuit_decorator.py took 0.119 seconds
[2024-04-12T19:51:51.946+0800] {processor.py:161} INFO - Started process (PID=6150) to work on /Users/wanghaojin/Desktop/exchange@NUS/IS3107/HW/Project/news_data_pipeline/.venv/lib/python3.11/site-packages/airflow/example_dags/example_short_circuit_decorator.py
[2024-04-12T19:51:51.947+0800] {processor.py:830} INFO - Processing file /Users/wanghaojin/Desktop/exchange@NUS/IS3107/HW/Project/news_data_pipeline/.venv/lib/python3.11/site-packages/airflow/example_dags/example_short_circuit_decorator.py for tasks to queue
[2024-04-12T19:51:51.947+0800] {logging_mixin.py:188} INFO - [2024-04-12T19:51:51.947+0800] {dagbag.py:538} INFO - Filling up the DagBag from /Users/wanghaojin/Desktop/exchange@NUS/IS3107/HW/Project/news_data_pipeline/.venv/lib/python3.11/site-packages/airflow/example_dags/example_short_circuit_decorator.py
[2024-04-12T19:51:51.968+0800] {processor.py:840} INFO - DAG(s) 'example_short_circuit_decorator' retrieved from /Users/wanghaojin/Desktop/exchange@NUS/IS3107/HW/Project/news_data_pipeline/.venv/lib/python3.11/site-packages/airflow/example_dags/example_short_circuit_decorator.py
[2024-04-12T19:51:52.045+0800] {logging_mixin.py:188} INFO - [2024-04-12T19:51:52.045+0800] {dag.py:3036} INFO - Sync 1 DAGs
[2024-04-12T19:51:52.054+0800] {logging_mixin.py:188} INFO - [2024-04-12T19:51:52.054+0800] {dag.py:3823} INFO - Setting next_dagrun for example_short_circuit_decorator to 2024-04-11 00:00:00+00:00, run_after=2024-04-12 00:00:00+00:00
[2024-04-12T19:51:52.064+0800] {processor.py:183} INFO - Processing /Users/wanghaojin/Desktop/exchange@NUS/IS3107/HW/Project/news_data_pipeline/.venv/lib/python3.11/site-packages/airflow/example_dags/example_short_circuit_decorator.py took 0.118 seconds
[2024-04-12T19:54:06.696+0800] {processor.py:161} INFO - Started process (PID=6290) to work on /Users/wanghaojin/Desktop/exchange@NUS/IS3107/HW/Project/news_data_pipeline/.venv/lib/python3.11/site-packages/airflow/example_dags/example_short_circuit_decorator.py
[2024-04-12T19:54:06.697+0800] {processor.py:830} INFO - Processing file /Users/wanghaojin/Desktop/exchange@NUS/IS3107/HW/Project/news_data_pipeline/.venv/lib/python3.11/site-packages/airflow/example_dags/example_short_circuit_decorator.py for tasks to queue
[2024-04-12T19:54:06.697+0800] {logging_mixin.py:188} INFO - [2024-04-12T19:54:06.697+0800] {dagbag.py:538} INFO - Filling up the DagBag from /Users/wanghaojin/Desktop/exchange@NUS/IS3107/HW/Project/news_data_pipeline/.venv/lib/python3.11/site-packages/airflow/example_dags/example_short_circuit_decorator.py
[2024-04-12T19:54:06.717+0800] {processor.py:840} INFO - DAG(s) 'example_short_circuit_decorator' retrieved from /Users/wanghaojin/Desktop/exchange@NUS/IS3107/HW/Project/news_data_pipeline/.venv/lib/python3.11/site-packages/airflow/example_dags/example_short_circuit_decorator.py
[2024-04-12T19:54:06.795+0800] {logging_mixin.py:188} INFO - [2024-04-12T19:54:06.794+0800] {dag.py:3036} INFO - Sync 1 DAGs
[2024-04-12T19:54:06.804+0800] {logging_mixin.py:188} INFO - [2024-04-12T19:54:06.804+0800] {dag.py:3823} INFO - Setting next_dagrun for example_short_circuit_decorator to 2024-04-11 00:00:00+00:00, run_after=2024-04-12 00:00:00+00:00
[2024-04-12T19:54:06.814+0800] {processor.py:183} INFO - Processing /Users/wanghaojin/Desktop/exchange@NUS/IS3107/HW/Project/news_data_pipeline/.venv/lib/python3.11/site-packages/airflow/example_dags/example_short_circuit_decorator.py took 0.118 seconds
[2024-04-12T19:56:24.001+0800] {processor.py:161} INFO - Started process (PID=6464) to work on /Users/wanghaojin/Desktop/exchange@NUS/IS3107/HW/Project/news_data_pipeline/.venv/lib/python3.11/site-packages/airflow/example_dags/example_short_circuit_decorator.py
[2024-04-12T19:56:24.002+0800] {processor.py:830} INFO - Processing file /Users/wanghaojin/Desktop/exchange@NUS/IS3107/HW/Project/news_data_pipeline/.venv/lib/python3.11/site-packages/airflow/example_dags/example_short_circuit_decorator.py for tasks to queue
[2024-04-12T19:56:24.003+0800] {logging_mixin.py:188} INFO - [2024-04-12T19:56:24.002+0800] {dagbag.py:538} INFO - Filling up the DagBag from /Users/wanghaojin/Desktop/exchange@NUS/IS3107/HW/Project/news_data_pipeline/.venv/lib/python3.11/site-packages/airflow/example_dags/example_short_circuit_decorator.py
[2024-04-12T19:56:24.023+0800] {processor.py:840} INFO - DAG(s) 'example_short_circuit_decorator' retrieved from /Users/wanghaojin/Desktop/exchange@NUS/IS3107/HW/Project/news_data_pipeline/.venv/lib/python3.11/site-packages/airflow/example_dags/example_short_circuit_decorator.py
[2024-04-12T19:56:24.100+0800] {logging_mixin.py:188} INFO - [2024-04-12T19:56:24.100+0800] {dag.py:3036} INFO - Sync 1 DAGs
[2024-04-12T19:56:24.109+0800] {logging_mixin.py:188} INFO - [2024-04-12T19:56:24.109+0800] {dag.py:3823} INFO - Setting next_dagrun for example_short_circuit_decorator to 2024-04-11 00:00:00+00:00, run_after=2024-04-12 00:00:00+00:00
[2024-04-12T19:56:24.119+0800] {processor.py:183} INFO - Processing /Users/wanghaojin/Desktop/exchange@NUS/IS3107/HW/Project/news_data_pipeline/.venv/lib/python3.11/site-packages/airflow/example_dags/example_short_circuit_decorator.py took 0.119 seconds
[2024-04-12T19:58:34.297+0800] {processor.py:161} INFO - Started process (PID=6592) to work on /Users/wanghaojin/Desktop/exchange@NUS/IS3107/HW/Project/news_data_pipeline/.venv/lib/python3.11/site-packages/airflow/example_dags/example_short_circuit_decorator.py
[2024-04-12T19:58:34.298+0800] {processor.py:830} INFO - Processing file /Users/wanghaojin/Desktop/exchange@NUS/IS3107/HW/Project/news_data_pipeline/.venv/lib/python3.11/site-packages/airflow/example_dags/example_short_circuit_decorator.py for tasks to queue
[2024-04-12T19:58:34.298+0800] {logging_mixin.py:188} INFO - [2024-04-12T19:58:34.298+0800] {dagbag.py:538} INFO - Filling up the DagBag from /Users/wanghaojin/Desktop/exchange@NUS/IS3107/HW/Project/news_data_pipeline/.venv/lib/python3.11/site-packages/airflow/example_dags/example_short_circuit_decorator.py
[2024-04-12T19:58:34.319+0800] {processor.py:840} INFO - DAG(s) 'example_short_circuit_decorator' retrieved from /Users/wanghaojin/Desktop/exchange@NUS/IS3107/HW/Project/news_data_pipeline/.venv/lib/python3.11/site-packages/airflow/example_dags/example_short_circuit_decorator.py
[2024-04-12T19:58:34.396+0800] {logging_mixin.py:188} INFO - [2024-04-12T19:58:34.396+0800] {dag.py:3036} INFO - Sync 1 DAGs
[2024-04-12T19:58:34.405+0800] {logging_mixin.py:188} INFO - [2024-04-12T19:58:34.405+0800] {dag.py:3823} INFO - Setting next_dagrun for example_short_circuit_decorator to 2024-04-11 00:00:00+00:00, run_after=2024-04-12 00:00:00+00:00
[2024-04-12T19:58:34.415+0800] {processor.py:183} INFO - Processing /Users/wanghaojin/Desktop/exchange@NUS/IS3107/HW/Project/news_data_pipeline/.venv/lib/python3.11/site-packages/airflow/example_dags/example_short_circuit_decorator.py took 0.119 seconds
[2024-04-12T20:00:50.440+0800] {processor.py:161} INFO - Started process (PID=6759) to work on /Users/wanghaojin/Desktop/exchange@NUS/IS3107/HW/Project/news_data_pipeline/.venv/lib/python3.11/site-packages/airflow/example_dags/example_short_circuit_decorator.py
[2024-04-12T20:00:50.441+0800] {processor.py:830} INFO - Processing file /Users/wanghaojin/Desktop/exchange@NUS/IS3107/HW/Project/news_data_pipeline/.venv/lib/python3.11/site-packages/airflow/example_dags/example_short_circuit_decorator.py for tasks to queue
[2024-04-12T20:00:50.441+0800] {logging_mixin.py:188} INFO - [2024-04-12T20:00:50.441+0800] {dagbag.py:538} INFO - Filling up the DagBag from /Users/wanghaojin/Desktop/exchange@NUS/IS3107/HW/Project/news_data_pipeline/.venv/lib/python3.11/site-packages/airflow/example_dags/example_short_circuit_decorator.py
[2024-04-12T20:00:50.462+0800] {processor.py:840} INFO - DAG(s) 'example_short_circuit_decorator' retrieved from /Users/wanghaojin/Desktop/exchange@NUS/IS3107/HW/Project/news_data_pipeline/.venv/lib/python3.11/site-packages/airflow/example_dags/example_short_circuit_decorator.py
[2024-04-12T20:00:50.539+0800] {logging_mixin.py:188} INFO - [2024-04-12T20:00:50.539+0800] {dag.py:3036} INFO - Sync 1 DAGs
[2024-04-12T20:00:50.548+0800] {logging_mixin.py:188} INFO - [2024-04-12T20:00:50.548+0800] {dag.py:3823} INFO - Setting next_dagrun for example_short_circuit_decorator to 2024-04-11 00:00:00+00:00, run_after=2024-04-12 00:00:00+00:00
[2024-04-12T20:00:50.558+0800] {processor.py:183} INFO - Processing /Users/wanghaojin/Desktop/exchange@NUS/IS3107/HW/Project/news_data_pipeline/.venv/lib/python3.11/site-packages/airflow/example_dags/example_short_circuit_decorator.py took 0.118 seconds
[2024-04-12T20:03:11.476+0800] {processor.py:161} INFO - Started process (PID=7063) to work on /Users/wanghaojin/Desktop/exchange@NUS/IS3107/HW/Project/news_data_pipeline/.venv/lib/python3.11/site-packages/airflow/example_dags/example_short_circuit_decorator.py
[2024-04-12T20:03:11.477+0800] {processor.py:830} INFO - Processing file /Users/wanghaojin/Desktop/exchange@NUS/IS3107/HW/Project/news_data_pipeline/.venv/lib/python3.11/site-packages/airflow/example_dags/example_short_circuit_decorator.py for tasks to queue
[2024-04-12T20:03:11.478+0800] {logging_mixin.py:188} INFO - [2024-04-12T20:03:11.478+0800] {dagbag.py:538} INFO - Filling up the DagBag from /Users/wanghaojin/Desktop/exchange@NUS/IS3107/HW/Project/news_data_pipeline/.venv/lib/python3.11/site-packages/airflow/example_dags/example_short_circuit_decorator.py
[2024-04-12T20:03:11.499+0800] {processor.py:840} INFO - DAG(s) 'example_short_circuit_decorator' retrieved from /Users/wanghaojin/Desktop/exchange@NUS/IS3107/HW/Project/news_data_pipeline/.venv/lib/python3.11/site-packages/airflow/example_dags/example_short_circuit_decorator.py
[2024-04-12T20:03:11.578+0800] {logging_mixin.py:188} INFO - [2024-04-12T20:03:11.578+0800] {dag.py:3036} INFO - Sync 1 DAGs
[2024-04-12T20:03:11.587+0800] {logging_mixin.py:188} INFO - [2024-04-12T20:03:11.587+0800] {dag.py:3823} INFO - Setting next_dagrun for example_short_circuit_decorator to 2024-04-11 00:00:00+00:00, run_after=2024-04-12 00:00:00+00:00
[2024-04-12T20:03:11.597+0800] {processor.py:183} INFO - Processing /Users/wanghaojin/Desktop/exchange@NUS/IS3107/HW/Project/news_data_pipeline/.venv/lib/python3.11/site-packages/airflow/example_dags/example_short_circuit_decorator.py took 0.122 seconds
[2024-04-12T20:05:28.232+0800] {processor.py:161} INFO - Started process (PID=7259) to work on /Users/wanghaojin/Desktop/exchange@NUS/IS3107/HW/Project/news_data_pipeline/.venv/lib/python3.11/site-packages/airflow/example_dags/example_short_circuit_decorator.py
[2024-04-12T20:05:28.232+0800] {processor.py:830} INFO - Processing file /Users/wanghaojin/Desktop/exchange@NUS/IS3107/HW/Project/news_data_pipeline/.venv/lib/python3.11/site-packages/airflow/example_dags/example_short_circuit_decorator.py for tasks to queue
[2024-04-12T20:05:28.232+0800] {logging_mixin.py:188} INFO - [2024-04-12T20:05:28.232+0800] {dagbag.py:538} INFO - Filling up the DagBag from /Users/wanghaojin/Desktop/exchange@NUS/IS3107/HW/Project/news_data_pipeline/.venv/lib/python3.11/site-packages/airflow/example_dags/example_short_circuit_decorator.py
[2024-04-12T20:05:28.253+0800] {processor.py:840} INFO - DAG(s) 'example_short_circuit_decorator' retrieved from /Users/wanghaojin/Desktop/exchange@NUS/IS3107/HW/Project/news_data_pipeline/.venv/lib/python3.11/site-packages/airflow/example_dags/example_short_circuit_decorator.py
[2024-04-12T20:05:28.330+0800] {logging_mixin.py:188} INFO - [2024-04-12T20:05:28.330+0800] {dag.py:3036} INFO - Sync 1 DAGs
[2024-04-12T20:05:28.339+0800] {logging_mixin.py:188} INFO - [2024-04-12T20:05:28.339+0800] {dag.py:3823} INFO - Setting next_dagrun for example_short_circuit_decorator to 2024-04-11 00:00:00+00:00, run_after=2024-04-12 00:00:00+00:00
[2024-04-12T20:05:28.350+0800] {processor.py:183} INFO - Processing /Users/wanghaojin/Desktop/exchange@NUS/IS3107/HW/Project/news_data_pipeline/.venv/lib/python3.11/site-packages/airflow/example_dags/example_short_circuit_decorator.py took 0.119 seconds
[2024-04-12T20:07:45.518+0800] {processor.py:161} INFO - Started process (PID=7480) to work on /Users/wanghaojin/Desktop/exchange@NUS/IS3107/HW/Project/news_data_pipeline/.venv/lib/python3.11/site-packages/airflow/example_dags/example_short_circuit_decorator.py
[2024-04-12T20:07:45.519+0800] {processor.py:830} INFO - Processing file /Users/wanghaojin/Desktop/exchange@NUS/IS3107/HW/Project/news_data_pipeline/.venv/lib/python3.11/site-packages/airflow/example_dags/example_short_circuit_decorator.py for tasks to queue
[2024-04-12T20:07:45.519+0800] {logging_mixin.py:188} INFO - [2024-04-12T20:07:45.519+0800] {dagbag.py:538} INFO - Filling up the DagBag from /Users/wanghaojin/Desktop/exchange@NUS/IS3107/HW/Project/news_data_pipeline/.venv/lib/python3.11/site-packages/airflow/example_dags/example_short_circuit_decorator.py
[2024-04-12T20:07:45.539+0800] {processor.py:840} INFO - DAG(s) 'example_short_circuit_decorator' retrieved from /Users/wanghaojin/Desktop/exchange@NUS/IS3107/HW/Project/news_data_pipeline/.venv/lib/python3.11/site-packages/airflow/example_dags/example_short_circuit_decorator.py
[2024-04-12T20:07:45.617+0800] {logging_mixin.py:188} INFO - [2024-04-12T20:07:45.617+0800] {dag.py:3036} INFO - Sync 1 DAGs
[2024-04-12T20:07:45.626+0800] {logging_mixin.py:188} INFO - [2024-04-12T20:07:45.626+0800] {dag.py:3823} INFO - Setting next_dagrun for example_short_circuit_decorator to 2024-04-11 00:00:00+00:00, run_after=2024-04-12 00:00:00+00:00
[2024-04-12T20:07:45.636+0800] {processor.py:183} INFO - Processing /Users/wanghaojin/Desktop/exchange@NUS/IS3107/HW/Project/news_data_pipeline/.venv/lib/python3.11/site-packages/airflow/example_dags/example_short_circuit_decorator.py took 0.119 seconds
[2024-04-12T20:10:02.149+0800] {processor.py:161} INFO - Started process (PID=7655) to work on /Users/wanghaojin/Desktop/exchange@NUS/IS3107/HW/Project/news_data_pipeline/.venv/lib/python3.11/site-packages/airflow/example_dags/example_short_circuit_decorator.py
[2024-04-12T20:10:02.150+0800] {processor.py:830} INFO - Processing file /Users/wanghaojin/Desktop/exchange@NUS/IS3107/HW/Project/news_data_pipeline/.venv/lib/python3.11/site-packages/airflow/example_dags/example_short_circuit_decorator.py for tasks to queue
[2024-04-12T20:10:02.150+0800] {logging_mixin.py:188} INFO - [2024-04-12T20:10:02.150+0800] {dagbag.py:538} INFO - Filling up the DagBag from /Users/wanghaojin/Desktop/exchange@NUS/IS3107/HW/Project/news_data_pipeline/.venv/lib/python3.11/site-packages/airflow/example_dags/example_short_circuit_decorator.py
[2024-04-12T20:10:02.171+0800] {processor.py:840} INFO - DAG(s) 'example_short_circuit_decorator' retrieved from /Users/wanghaojin/Desktop/exchange@NUS/IS3107/HW/Project/news_data_pipeline/.venv/lib/python3.11/site-packages/airflow/example_dags/example_short_circuit_decorator.py
[2024-04-12T20:10:02.248+0800] {logging_mixin.py:188} INFO - [2024-04-12T20:10:02.248+0800] {dag.py:3036} INFO - Sync 1 DAGs
[2024-04-12T20:10:02.257+0800] {logging_mixin.py:188} INFO - [2024-04-12T20:10:02.257+0800] {dag.py:3823} INFO - Setting next_dagrun for example_short_circuit_decorator to 2024-04-11 00:00:00+00:00, run_after=2024-04-12 00:00:00+00:00
[2024-04-12T20:10:02.267+0800] {processor.py:183} INFO - Processing /Users/wanghaojin/Desktop/exchange@NUS/IS3107/HW/Project/news_data_pipeline/.venv/lib/python3.11/site-packages/airflow/example_dags/example_short_circuit_decorator.py took 0.119 seconds
[2024-04-12T20:12:20.530+0800] {processor.py:161} INFO - Started process (PID=7890) to work on /Users/wanghaojin/Desktop/exchange@NUS/IS3107/HW/Project/news_data_pipeline/.venv/lib/python3.11/site-packages/airflow/example_dags/example_short_circuit_decorator.py
[2024-04-12T20:12:20.531+0800] {processor.py:830} INFO - Processing file /Users/wanghaojin/Desktop/exchange@NUS/IS3107/HW/Project/news_data_pipeline/.venv/lib/python3.11/site-packages/airflow/example_dags/example_short_circuit_decorator.py for tasks to queue
[2024-04-12T20:12:20.531+0800] {logging_mixin.py:188} INFO - [2024-04-12T20:12:20.531+0800] {dagbag.py:538} INFO - Filling up the DagBag from /Users/wanghaojin/Desktop/exchange@NUS/IS3107/HW/Project/news_data_pipeline/.venv/lib/python3.11/site-packages/airflow/example_dags/example_short_circuit_decorator.py
[2024-04-12T20:12:20.555+0800] {processor.py:840} INFO - DAG(s) 'example_short_circuit_decorator' retrieved from /Users/wanghaojin/Desktop/exchange@NUS/IS3107/HW/Project/news_data_pipeline/.venv/lib/python3.11/site-packages/airflow/example_dags/example_short_circuit_decorator.py
[2024-04-12T20:12:20.635+0800] {logging_mixin.py:188} INFO - [2024-04-12T20:12:20.635+0800] {dag.py:3036} INFO - Sync 1 DAGs
[2024-04-12T20:12:20.646+0800] {logging_mixin.py:188} INFO - [2024-04-12T20:12:20.646+0800] {dag.py:3823} INFO - Setting next_dagrun for example_short_circuit_decorator to 2024-04-11 00:00:00+00:00, run_after=2024-04-12 00:00:00+00:00
[2024-04-12T20:12:20.657+0800] {processor.py:183} INFO - Processing /Users/wanghaojin/Desktop/exchange@NUS/IS3107/HW/Project/news_data_pipeline/.venv/lib/python3.11/site-packages/airflow/example_dags/example_short_circuit_decorator.py took 0.129 seconds
[2024-04-12T20:14:37.446+0800] {processor.py:161} INFO - Started process (PID=8121) to work on /Users/wanghaojin/Desktop/exchange@NUS/IS3107/HW/Project/news_data_pipeline/.venv/lib/python3.11/site-packages/airflow/example_dags/example_short_circuit_decorator.py
[2024-04-12T20:14:37.447+0800] {processor.py:830} INFO - Processing file /Users/wanghaojin/Desktop/exchange@NUS/IS3107/HW/Project/news_data_pipeline/.venv/lib/python3.11/site-packages/airflow/example_dags/example_short_circuit_decorator.py for tasks to queue
[2024-04-12T20:14:37.447+0800] {logging_mixin.py:188} INFO - [2024-04-12T20:14:37.447+0800] {dagbag.py:538} INFO - Filling up the DagBag from /Users/wanghaojin/Desktop/exchange@NUS/IS3107/HW/Project/news_data_pipeline/.venv/lib/python3.11/site-packages/airflow/example_dags/example_short_circuit_decorator.py
[2024-04-12T20:14:37.468+0800] {processor.py:840} INFO - DAG(s) 'example_short_circuit_decorator' retrieved from /Users/wanghaojin/Desktop/exchange@NUS/IS3107/HW/Project/news_data_pipeline/.venv/lib/python3.11/site-packages/airflow/example_dags/example_short_circuit_decorator.py
[2024-04-12T20:14:37.547+0800] {logging_mixin.py:188} INFO - [2024-04-12T20:14:37.547+0800] {dag.py:3036} INFO - Sync 1 DAGs
[2024-04-12T20:14:37.557+0800] {logging_mixin.py:188} INFO - [2024-04-12T20:14:37.557+0800] {dag.py:3823} INFO - Setting next_dagrun for example_short_circuit_decorator to 2024-04-11 00:00:00+00:00, run_after=2024-04-12 00:00:00+00:00
[2024-04-12T20:14:37.567+0800] {processor.py:183} INFO - Processing /Users/wanghaojin/Desktop/exchange@NUS/IS3107/HW/Project/news_data_pipeline/.venv/lib/python3.11/site-packages/airflow/example_dags/example_short_circuit_decorator.py took 0.122 seconds
[2024-04-12T20:16:55.408+0800] {processor.py:161} INFO - Started process (PID=8411) to work on /Users/wanghaojin/Desktop/exchange@NUS/IS3107/HW/Project/news_data_pipeline/.venv/lib/python3.11/site-packages/airflow/example_dags/example_short_circuit_decorator.py
[2024-04-12T20:16:55.410+0800] {processor.py:830} INFO - Processing file /Users/wanghaojin/Desktop/exchange@NUS/IS3107/HW/Project/news_data_pipeline/.venv/lib/python3.11/site-packages/airflow/example_dags/example_short_circuit_decorator.py for tasks to queue
[2024-04-12T20:16:55.410+0800] {logging_mixin.py:188} INFO - [2024-04-12T20:16:55.410+0800] {dagbag.py:538} INFO - Filling up the DagBag from /Users/wanghaojin/Desktop/exchange@NUS/IS3107/HW/Project/news_data_pipeline/.venv/lib/python3.11/site-packages/airflow/example_dags/example_short_circuit_decorator.py
[2024-04-12T20:16:55.432+0800] {processor.py:840} INFO - DAG(s) 'example_short_circuit_decorator' retrieved from /Users/wanghaojin/Desktop/exchange@NUS/IS3107/HW/Project/news_data_pipeline/.venv/lib/python3.11/site-packages/airflow/example_dags/example_short_circuit_decorator.py
[2024-04-12T20:16:55.517+0800] {logging_mixin.py:188} INFO - [2024-04-12T20:16:55.517+0800] {dag.py:3036} INFO - Sync 1 DAGs
[2024-04-12T20:16:55.527+0800] {logging_mixin.py:188} INFO - [2024-04-12T20:16:55.527+0800] {dag.py:3823} INFO - Setting next_dagrun for example_short_circuit_decorator to 2024-04-11 00:00:00+00:00, run_after=2024-04-12 00:00:00+00:00
[2024-04-12T20:16:55.538+0800] {processor.py:183} INFO - Processing /Users/wanghaojin/Desktop/exchange@NUS/IS3107/HW/Project/news_data_pipeline/.venv/lib/python3.11/site-packages/airflow/example_dags/example_short_circuit_decorator.py took 0.131 seconds
[2024-04-12T20:18:56.411+0800] {processor.py:161} INFO - Started process (PID=8720) to work on /Users/wanghaojin/Desktop/exchange@NUS/IS3107/HW/Project/news_data_pipeline/.venv/lib/python3.11/site-packages/airflow/example_dags/example_short_circuit_decorator.py
[2024-04-12T20:18:56.413+0800] {processor.py:830} INFO - Processing file /Users/wanghaojin/Desktop/exchange@NUS/IS3107/HW/Project/news_data_pipeline/.venv/lib/python3.11/site-packages/airflow/example_dags/example_short_circuit_decorator.py for tasks to queue
[2024-04-12T20:18:56.413+0800] {logging_mixin.py:188} INFO - [2024-04-12T20:18:56.413+0800] {dagbag.py:538} INFO - Filling up the DagBag from /Users/wanghaojin/Desktop/exchange@NUS/IS3107/HW/Project/news_data_pipeline/.venv/lib/python3.11/site-packages/airflow/example_dags/example_short_circuit_decorator.py
[2024-04-12T20:18:56.433+0800] {processor.py:840} INFO - DAG(s) 'example_short_circuit_decorator' retrieved from /Users/wanghaojin/Desktop/exchange@NUS/IS3107/HW/Project/news_data_pipeline/.venv/lib/python3.11/site-packages/airflow/example_dags/example_short_circuit_decorator.py
[2024-04-12T20:18:56.555+0800] {logging_mixin.py:188} INFO - [2024-04-12T20:18:56.555+0800] {dag.py:3036} INFO - Sync 1 DAGs
[2024-04-12T20:18:56.564+0800] {logging_mixin.py:188} INFO - [2024-04-12T20:18:56.563+0800] {dag.py:3823} INFO - Setting next_dagrun for example_short_circuit_decorator to 2024-04-11 00:00:00+00:00, run_after=2024-04-12 00:00:00+00:00
[2024-04-12T20:18:56.575+0800] {processor.py:183} INFO - Processing /Users/wanghaojin/Desktop/exchange@NUS/IS3107/HW/Project/news_data_pipeline/.venv/lib/python3.11/site-packages/airflow/example_dags/example_short_circuit_decorator.py took 0.164 seconds
[2024-04-12T20:21:15.846+0800] {processor.py:161} INFO - Started process (PID=8920) to work on /Users/wanghaojin/Desktop/exchange@NUS/IS3107/HW/Project/news_data_pipeline/.venv/lib/python3.11/site-packages/airflow/example_dags/example_short_circuit_decorator.py
[2024-04-12T20:21:15.848+0800] {processor.py:830} INFO - Processing file /Users/wanghaojin/Desktop/exchange@NUS/IS3107/HW/Project/news_data_pipeline/.venv/lib/python3.11/site-packages/airflow/example_dags/example_short_circuit_decorator.py for tasks to queue
[2024-04-12T20:21:15.848+0800] {logging_mixin.py:188} INFO - [2024-04-12T20:21:15.848+0800] {dagbag.py:538} INFO - Filling up the DagBag from /Users/wanghaojin/Desktop/exchange@NUS/IS3107/HW/Project/news_data_pipeline/.venv/lib/python3.11/site-packages/airflow/example_dags/example_short_circuit_decorator.py
[2024-04-12T20:21:15.868+0800] {processor.py:840} INFO - DAG(s) 'example_short_circuit_decorator' retrieved from /Users/wanghaojin/Desktop/exchange@NUS/IS3107/HW/Project/news_data_pipeline/.venv/lib/python3.11/site-packages/airflow/example_dags/example_short_circuit_decorator.py
[2024-04-12T20:21:15.988+0800] {logging_mixin.py:188} INFO - [2024-04-12T20:21:15.988+0800] {dag.py:3036} INFO - Sync 1 DAGs
[2024-04-12T20:21:15.997+0800] {logging_mixin.py:188} INFO - [2024-04-12T20:21:15.996+0800] {dag.py:3823} INFO - Setting next_dagrun for example_short_circuit_decorator to 2024-04-11 00:00:00+00:00, run_after=2024-04-12 00:00:00+00:00
[2024-04-12T20:21:16.008+0800] {processor.py:183} INFO - Processing /Users/wanghaojin/Desktop/exchange@NUS/IS3107/HW/Project/news_data_pipeline/.venv/lib/python3.11/site-packages/airflow/example_dags/example_short_circuit_decorator.py took 0.162 seconds
[2024-04-12T20:22:55.199+0800] {processor.py:161} INFO - Started process (PID=9016) to work on /Users/wanghaojin/Desktop/exchange@NUS/IS3107/HW/Project/news_data_pipeline/.venv/lib/python3.11/site-packages/airflow/example_dags/example_short_circuit_decorator.py
[2024-04-12T20:22:55.199+0800] {processor.py:830} INFO - Processing file /Users/wanghaojin/Desktop/exchange@NUS/IS3107/HW/Project/news_data_pipeline/.venv/lib/python3.11/site-packages/airflow/example_dags/example_short_circuit_decorator.py for tasks to queue
[2024-04-12T20:22:55.200+0800] {logging_mixin.py:188} INFO - [2024-04-12T20:22:55.199+0800] {dagbag.py:538} INFO - Filling up the DagBag from /Users/wanghaojin/Desktop/exchange@NUS/IS3107/HW/Project/news_data_pipeline/.venv/lib/python3.11/site-packages/airflow/example_dags/example_short_circuit_decorator.py
[2024-04-12T20:22:55.220+0800] {processor.py:840} INFO - DAG(s) 'example_short_circuit_decorator' retrieved from /Users/wanghaojin/Desktop/exchange@NUS/IS3107/HW/Project/news_data_pipeline/.venv/lib/python3.11/site-packages/airflow/example_dags/example_short_circuit_decorator.py
[2024-04-12T20:22:55.297+0800] {logging_mixin.py:188} INFO - [2024-04-12T20:22:55.296+0800] {dag.py:3036} INFO - Sync 1 DAGs
[2024-04-12T20:22:55.306+0800] {logging_mixin.py:188} INFO - [2024-04-12T20:22:55.306+0800] {dag.py:3823} INFO - Setting next_dagrun for example_short_circuit_decorator to 2024-04-11 00:00:00+00:00, run_after=2024-04-12 00:00:00+00:00
[2024-04-12T20:22:55.316+0800] {processor.py:183} INFO - Processing /Users/wanghaojin/Desktop/exchange@NUS/IS3107/HW/Project/news_data_pipeline/.venv/lib/python3.11/site-packages/airflow/example_dags/example_short_circuit_decorator.py took 0.118 seconds
[2024-04-12T20:25:27.968+0800] {processor.py:161} INFO - Started process (PID=9253) to work on /Users/wanghaojin/Desktop/exchange@NUS/IS3107/HW/Project/news_data_pipeline/.venv/lib/python3.11/site-packages/airflow/example_dags/example_short_circuit_decorator.py
[2024-04-12T20:25:27.969+0800] {processor.py:830} INFO - Processing file /Users/wanghaojin/Desktop/exchange@NUS/IS3107/HW/Project/news_data_pipeline/.venv/lib/python3.11/site-packages/airflow/example_dags/example_short_circuit_decorator.py for tasks to queue
[2024-04-12T20:25:27.970+0800] {logging_mixin.py:188} INFO - [2024-04-12T20:25:27.970+0800] {dagbag.py:538} INFO - Filling up the DagBag from /Users/wanghaojin/Desktop/exchange@NUS/IS3107/HW/Project/news_data_pipeline/.venv/lib/python3.11/site-packages/airflow/example_dags/example_short_circuit_decorator.py
[2024-04-12T20:25:27.990+0800] {processor.py:840} INFO - DAG(s) 'example_short_circuit_decorator' retrieved from /Users/wanghaojin/Desktop/exchange@NUS/IS3107/HW/Project/news_data_pipeline/.venv/lib/python3.11/site-packages/airflow/example_dags/example_short_circuit_decorator.py
[2024-04-12T20:25:28.068+0800] {logging_mixin.py:188} INFO - [2024-04-12T20:25:28.067+0800] {dag.py:3036} INFO - Sync 1 DAGs
[2024-04-12T20:25:28.077+0800] {logging_mixin.py:188} INFO - [2024-04-12T20:25:28.077+0800] {dag.py:3823} INFO - Setting next_dagrun for example_short_circuit_decorator to 2024-04-11 00:00:00+00:00, run_after=2024-04-12 00:00:00+00:00
[2024-04-12T20:25:28.087+0800] {processor.py:183} INFO - Processing /Users/wanghaojin/Desktop/exchange@NUS/IS3107/HW/Project/news_data_pipeline/.venv/lib/python3.11/site-packages/airflow/example_dags/example_short_circuit_decorator.py took 0.120 seconds
[2024-04-12T20:27:46.928+0800] {processor.py:161} INFO - Started process (PID=9503) to work on /Users/wanghaojin/Desktop/exchange@NUS/IS3107/HW/Project/news_data_pipeline/.venv/lib/python3.11/site-packages/airflow/example_dags/example_short_circuit_decorator.py
[2024-04-12T20:27:46.930+0800] {processor.py:830} INFO - Processing file /Users/wanghaojin/Desktop/exchange@NUS/IS3107/HW/Project/news_data_pipeline/.venv/lib/python3.11/site-packages/airflow/example_dags/example_short_circuit_decorator.py for tasks to queue
[2024-04-12T20:27:46.930+0800] {logging_mixin.py:188} INFO - [2024-04-12T20:27:46.930+0800] {dagbag.py:538} INFO - Filling up the DagBag from /Users/wanghaojin/Desktop/exchange@NUS/IS3107/HW/Project/news_data_pipeline/.venv/lib/python3.11/site-packages/airflow/example_dags/example_short_circuit_decorator.py
[2024-04-12T20:27:46.951+0800] {processor.py:840} INFO - DAG(s) 'example_short_circuit_decorator' retrieved from /Users/wanghaojin/Desktop/exchange@NUS/IS3107/HW/Project/news_data_pipeline/.venv/lib/python3.11/site-packages/airflow/example_dags/example_short_circuit_decorator.py
[2024-04-12T20:27:47.028+0800] {logging_mixin.py:188} INFO - [2024-04-12T20:27:47.028+0800] {dag.py:3036} INFO - Sync 1 DAGs
[2024-04-12T20:27:47.037+0800] {logging_mixin.py:188} INFO - [2024-04-12T20:27:47.037+0800] {dag.py:3823} INFO - Setting next_dagrun for example_short_circuit_decorator to 2024-04-11 00:00:00+00:00, run_after=2024-04-12 00:00:00+00:00
[2024-04-12T20:27:47.047+0800] {processor.py:183} INFO - Processing /Users/wanghaojin/Desktop/exchange@NUS/IS3107/HW/Project/news_data_pipeline/.venv/lib/python3.11/site-packages/airflow/example_dags/example_short_circuit_decorator.py took 0.120 seconds
[2024-04-12T20:30:00.811+0800] {processor.py:161} INFO - Started process (PID=9798) to work on /Users/wanghaojin/Desktop/exchange@NUS/IS3107/HW/Project/news_data_pipeline/.venv/lib/python3.11/site-packages/airflow/example_dags/example_short_circuit_decorator.py
[2024-04-12T20:30:00.813+0800] {processor.py:830} INFO - Processing file /Users/wanghaojin/Desktop/exchange@NUS/IS3107/HW/Project/news_data_pipeline/.venv/lib/python3.11/site-packages/airflow/example_dags/example_short_circuit_decorator.py for tasks to queue
[2024-04-12T20:30:00.813+0800] {logging_mixin.py:188} INFO - [2024-04-12T20:30:00.813+0800] {dagbag.py:538} INFO - Filling up the DagBag from /Users/wanghaojin/Desktop/exchange@NUS/IS3107/HW/Project/news_data_pipeline/.venv/lib/python3.11/site-packages/airflow/example_dags/example_short_circuit_decorator.py
[2024-04-12T20:30:00.836+0800] {processor.py:840} INFO - DAG(s) 'example_short_circuit_decorator' retrieved from /Users/wanghaojin/Desktop/exchange@NUS/IS3107/HW/Project/news_data_pipeline/.venv/lib/python3.11/site-packages/airflow/example_dags/example_short_circuit_decorator.py
[2024-04-12T20:30:00.964+0800] {logging_mixin.py:188} INFO - [2024-04-12T20:30:00.964+0800] {dag.py:3036} INFO - Sync 1 DAGs
[2024-04-12T20:30:00.972+0800] {logging_mixin.py:188} INFO - [2024-04-12T20:30:00.972+0800] {dag.py:3823} INFO - Setting next_dagrun for example_short_circuit_decorator to 2024-04-11 00:00:00+00:00, run_after=2024-04-12 00:00:00+00:00
[2024-04-12T20:30:00.984+0800] {processor.py:183} INFO - Processing /Users/wanghaojin/Desktop/exchange@NUS/IS3107/HW/Project/news_data_pipeline/.venv/lib/python3.11/site-packages/airflow/example_dags/example_short_circuit_decorator.py took 0.173 seconds
[2024-04-12T20:31:39.984+0800] {processor.py:161} INFO - Started process (PID=9935) to work on /Users/wanghaojin/Desktop/exchange@NUS/IS3107/HW/Project/news_data_pipeline/.venv/lib/python3.11/site-packages/airflow/example_dags/example_short_circuit_decorator.py
[2024-04-12T20:31:39.986+0800] {processor.py:830} INFO - Processing file /Users/wanghaojin/Desktop/exchange@NUS/IS3107/HW/Project/news_data_pipeline/.venv/lib/python3.11/site-packages/airflow/example_dags/example_short_circuit_decorator.py for tasks to queue
[2024-04-12T20:31:39.986+0800] {logging_mixin.py:188} INFO - [2024-04-12T20:31:39.986+0800] {dagbag.py:538} INFO - Filling up the DagBag from /Users/wanghaojin/Desktop/exchange@NUS/IS3107/HW/Project/news_data_pipeline/.venv/lib/python3.11/site-packages/airflow/example_dags/example_short_circuit_decorator.py
[2024-04-12T20:31:40.007+0800] {processor.py:840} INFO - DAG(s) 'example_short_circuit_decorator' retrieved from /Users/wanghaojin/Desktop/exchange@NUS/IS3107/HW/Project/news_data_pipeline/.venv/lib/python3.11/site-packages/airflow/example_dags/example_short_circuit_decorator.py
[2024-04-12T20:31:40.085+0800] {logging_mixin.py:188} INFO - [2024-04-12T20:31:40.085+0800] {dag.py:3036} INFO - Sync 1 DAGs
[2024-04-12T20:31:40.094+0800] {logging_mixin.py:188} INFO - [2024-04-12T20:31:40.094+0800] {dag.py:3823} INFO - Setting next_dagrun for example_short_circuit_decorator to 2024-04-11 00:00:00+00:00, run_after=2024-04-12 00:00:00+00:00
[2024-04-12T20:31:40.104+0800] {processor.py:183} INFO - Processing /Users/wanghaojin/Desktop/exchange@NUS/IS3107/HW/Project/news_data_pipeline/.venv/lib/python3.11/site-packages/airflow/example_dags/example_short_circuit_decorator.py took 0.121 seconds
[2024-04-12T20:34:19.328+0800] {processor.py:161} INFO - Started process (PID=10242) to work on /Users/wanghaojin/Desktop/exchange@NUS/IS3107/HW/Project/news_data_pipeline/.venv/lib/python3.11/site-packages/airflow/example_dags/example_short_circuit_decorator.py
[2024-04-12T20:34:19.329+0800] {processor.py:830} INFO - Processing file /Users/wanghaojin/Desktop/exchange@NUS/IS3107/HW/Project/news_data_pipeline/.venv/lib/python3.11/site-packages/airflow/example_dags/example_short_circuit_decorator.py for tasks to queue
[2024-04-12T20:34:19.330+0800] {logging_mixin.py:188} INFO - [2024-04-12T20:34:19.329+0800] {dagbag.py:538} INFO - Filling up the DagBag from /Users/wanghaojin/Desktop/exchange@NUS/IS3107/HW/Project/news_data_pipeline/.venv/lib/python3.11/site-packages/airflow/example_dags/example_short_circuit_decorator.py
[2024-04-12T20:34:19.350+0800] {processor.py:840} INFO - DAG(s) 'example_short_circuit_decorator' retrieved from /Users/wanghaojin/Desktop/exchange@NUS/IS3107/HW/Project/news_data_pipeline/.venv/lib/python3.11/site-packages/airflow/example_dags/example_short_circuit_decorator.py
[2024-04-12T20:34:19.470+0800] {logging_mixin.py:188} INFO - [2024-04-12T20:34:19.470+0800] {dag.py:3036} INFO - Sync 1 DAGs
[2024-04-12T20:34:19.478+0800] {logging_mixin.py:188} INFO - [2024-04-12T20:34:19.478+0800] {dag.py:3823} INFO - Setting next_dagrun for example_short_circuit_decorator to 2024-04-11 00:00:00+00:00, run_after=2024-04-12 00:00:00+00:00
[2024-04-12T20:34:19.489+0800] {processor.py:183} INFO - Processing /Users/wanghaojin/Desktop/exchange@NUS/IS3107/HW/Project/news_data_pipeline/.venv/lib/python3.11/site-packages/airflow/example_dags/example_short_circuit_decorator.py took 0.162 seconds
[2024-04-12T20:35:25.844+0800] {processor.py:161} INFO - Started process (PID=10372) to work on /Users/wanghaojin/Desktop/exchange@NUS/IS3107/HW/Project/news_data_pipeline/.venv/lib/python3.11/site-packages/airflow/example_dags/example_short_circuit_decorator.py
[2024-04-12T20:35:25.845+0800] {processor.py:830} INFO - Processing file /Users/wanghaojin/Desktop/exchange@NUS/IS3107/HW/Project/news_data_pipeline/.venv/lib/python3.11/site-packages/airflow/example_dags/example_short_circuit_decorator.py for tasks to queue
[2024-04-12T20:35:25.846+0800] {logging_mixin.py:188} INFO - [2024-04-12T20:35:25.845+0800] {dagbag.py:538} INFO - Filling up the DagBag from /Users/wanghaojin/Desktop/exchange@NUS/IS3107/HW/Project/news_data_pipeline/.venv/lib/python3.11/site-packages/airflow/example_dags/example_short_circuit_decorator.py
[2024-04-12T20:35:25.866+0800] {processor.py:840} INFO - DAG(s) 'example_short_circuit_decorator' retrieved from /Users/wanghaojin/Desktop/exchange@NUS/IS3107/HW/Project/news_data_pipeline/.venv/lib/python3.11/site-packages/airflow/example_dags/example_short_circuit_decorator.py
[2024-04-12T20:35:25.994+0800] {logging_mixin.py:188} INFO - [2024-04-12T20:35:25.993+0800] {dag.py:3036} INFO - Sync 1 DAGs
[2024-04-12T20:35:26.002+0800] {logging_mixin.py:188} INFO - [2024-04-12T20:35:26.002+0800] {dag.py:3823} INFO - Setting next_dagrun for example_short_circuit_decorator to 2024-04-11 00:00:00+00:00, run_after=2024-04-12 00:00:00+00:00
[2024-04-12T20:35:26.014+0800] {processor.py:183} INFO - Processing /Users/wanghaojin/Desktop/exchange@NUS/IS3107/HW/Project/news_data_pipeline/.venv/lib/python3.11/site-packages/airflow/example_dags/example_short_circuit_decorator.py took 0.170 seconds
[2024-04-12T20:36:46.816+0800] {processor.py:161} INFO - Started process (PID=10533) to work on /Users/wanghaojin/Desktop/exchange@NUS/IS3107/HW/Project/news_data_pipeline/.venv/lib/python3.11/site-packages/airflow/example_dags/example_short_circuit_decorator.py
[2024-04-12T20:36:46.816+0800] {processor.py:830} INFO - Processing file /Users/wanghaojin/Desktop/exchange@NUS/IS3107/HW/Project/news_data_pipeline/.venv/lib/python3.11/site-packages/airflow/example_dags/example_short_circuit_decorator.py for tasks to queue
[2024-04-12T20:36:46.817+0800] {logging_mixin.py:188} INFO - [2024-04-12T20:36:46.817+0800] {dagbag.py:538} INFO - Filling up the DagBag from /Users/wanghaojin/Desktop/exchange@NUS/IS3107/HW/Project/news_data_pipeline/.venv/lib/python3.11/site-packages/airflow/example_dags/example_short_circuit_decorator.py
[2024-04-12T20:36:46.837+0800] {processor.py:840} INFO - DAG(s) 'example_short_circuit_decorator' retrieved from /Users/wanghaojin/Desktop/exchange@NUS/IS3107/HW/Project/news_data_pipeline/.venv/lib/python3.11/site-packages/airflow/example_dags/example_short_circuit_decorator.py
[2024-04-12T20:36:46.959+0800] {logging_mixin.py:188} INFO - [2024-04-12T20:36:46.959+0800] {dag.py:3036} INFO - Sync 1 DAGs
[2024-04-12T20:36:46.967+0800] {logging_mixin.py:188} INFO - [2024-04-12T20:36:46.967+0800] {dag.py:3823} INFO - Setting next_dagrun for example_short_circuit_decorator to 2024-04-11 00:00:00+00:00, run_after=2024-04-12 00:00:00+00:00
[2024-04-12T20:36:46.979+0800] {processor.py:183} INFO - Processing /Users/wanghaojin/Desktop/exchange@NUS/IS3107/HW/Project/news_data_pipeline/.venv/lib/python3.11/site-packages/airflow/example_dags/example_short_circuit_decorator.py took 0.163 seconds
[2024-04-12T20:38:26.950+0800] {processor.py:161} INFO - Started process (PID=10670) to work on /Users/wanghaojin/Desktop/exchange@NUS/IS3107/HW/Project/news_data_pipeline/.venv/lib/python3.11/site-packages/airflow/example_dags/example_short_circuit_decorator.py
[2024-04-12T20:38:26.950+0800] {processor.py:830} INFO - Processing file /Users/wanghaojin/Desktop/exchange@NUS/IS3107/HW/Project/news_data_pipeline/.venv/lib/python3.11/site-packages/airflow/example_dags/example_short_circuit_decorator.py for tasks to queue
[2024-04-12T20:38:26.951+0800] {logging_mixin.py:188} INFO - [2024-04-12T20:38:26.950+0800] {dagbag.py:538} INFO - Filling up the DagBag from /Users/wanghaojin/Desktop/exchange@NUS/IS3107/HW/Project/news_data_pipeline/.venv/lib/python3.11/site-packages/airflow/example_dags/example_short_circuit_decorator.py
[2024-04-12T20:38:26.971+0800] {processor.py:840} INFO - DAG(s) 'example_short_circuit_decorator' retrieved from /Users/wanghaojin/Desktop/exchange@NUS/IS3107/HW/Project/news_data_pipeline/.venv/lib/python3.11/site-packages/airflow/example_dags/example_short_circuit_decorator.py
[2024-04-12T20:38:27.048+0800] {logging_mixin.py:188} INFO - [2024-04-12T20:38:27.048+0800] {dag.py:3036} INFO - Sync 1 DAGs
[2024-04-12T20:38:27.058+0800] {logging_mixin.py:188} INFO - [2024-04-12T20:38:27.057+0800] {dag.py:3823} INFO - Setting next_dagrun for example_short_circuit_decorator to 2024-04-11 00:00:00+00:00, run_after=2024-04-12 00:00:00+00:00
[2024-04-12T20:38:27.068+0800] {processor.py:183} INFO - Processing /Users/wanghaojin/Desktop/exchange@NUS/IS3107/HW/Project/news_data_pipeline/.venv/lib/python3.11/site-packages/airflow/example_dags/example_short_circuit_decorator.py took 0.119 seconds
[2024-04-12T20:40:42.789+0800] {processor.py:161} INFO - Started process (PID=10872) to work on /Users/wanghaojin/Desktop/exchange@NUS/IS3107/HW/Project/news_data_pipeline/.venv/lib/python3.11/site-packages/airflow/example_dags/example_short_circuit_decorator.py
[2024-04-12T20:40:42.789+0800] {processor.py:830} INFO - Processing file /Users/wanghaojin/Desktop/exchange@NUS/IS3107/HW/Project/news_data_pipeline/.venv/lib/python3.11/site-packages/airflow/example_dags/example_short_circuit_decorator.py for tasks to queue
[2024-04-12T20:40:42.790+0800] {logging_mixin.py:188} INFO - [2024-04-12T20:40:42.789+0800] {dagbag.py:538} INFO - Filling up the DagBag from /Users/wanghaojin/Desktop/exchange@NUS/IS3107/HW/Project/news_data_pipeline/.venv/lib/python3.11/site-packages/airflow/example_dags/example_short_circuit_decorator.py
[2024-04-12T20:40:42.810+0800] {processor.py:840} INFO - DAG(s) 'example_short_circuit_decorator' retrieved from /Users/wanghaojin/Desktop/exchange@NUS/IS3107/HW/Project/news_data_pipeline/.venv/lib/python3.11/site-packages/airflow/example_dags/example_short_circuit_decorator.py
[2024-04-12T20:40:42.890+0800] {logging_mixin.py:188} INFO - [2024-04-12T20:40:42.890+0800] {dag.py:3036} INFO - Sync 1 DAGs
[2024-04-12T20:40:42.900+0800] {logging_mixin.py:188} INFO - [2024-04-12T20:40:42.899+0800] {dag.py:3823} INFO - Setting next_dagrun for example_short_circuit_decorator to 2024-04-11 00:00:00+00:00, run_after=2024-04-12 00:00:00+00:00
[2024-04-12T20:40:42.909+0800] {processor.py:183} INFO - Processing /Users/wanghaojin/Desktop/exchange@NUS/IS3107/HW/Project/news_data_pipeline/.venv/lib/python3.11/site-packages/airflow/example_dags/example_short_circuit_decorator.py took 0.121 seconds
[2024-04-12T20:43:04.168+0800] {processor.py:161} INFO - Started process (PID=11101) to work on /Users/wanghaojin/Desktop/exchange@NUS/IS3107/HW/Project/news_data_pipeline/.venv/lib/python3.11/site-packages/airflow/example_dags/example_short_circuit_decorator.py
[2024-04-12T20:43:04.170+0800] {processor.py:830} INFO - Processing file /Users/wanghaojin/Desktop/exchange@NUS/IS3107/HW/Project/news_data_pipeline/.venv/lib/python3.11/site-packages/airflow/example_dags/example_short_circuit_decorator.py for tasks to queue
[2024-04-12T20:43:04.170+0800] {logging_mixin.py:188} INFO - [2024-04-12T20:43:04.170+0800] {dagbag.py:538} INFO - Filling up the DagBag from /Users/wanghaojin/Desktop/exchange@NUS/IS3107/HW/Project/news_data_pipeline/.venv/lib/python3.11/site-packages/airflow/example_dags/example_short_circuit_decorator.py
[2024-04-12T20:43:04.191+0800] {processor.py:840} INFO - DAG(s) 'example_short_circuit_decorator' retrieved from /Users/wanghaojin/Desktop/exchange@NUS/IS3107/HW/Project/news_data_pipeline/.venv/lib/python3.11/site-packages/airflow/example_dags/example_short_circuit_decorator.py
[2024-04-12T20:43:04.275+0800] {logging_mixin.py:188} INFO - [2024-04-12T20:43:04.275+0800] {dag.py:3036} INFO - Sync 1 DAGs
[2024-04-12T20:43:04.285+0800] {logging_mixin.py:188} INFO - [2024-04-12T20:43:04.285+0800] {dag.py:3823} INFO - Setting next_dagrun for example_short_circuit_decorator to 2024-04-11 00:00:00+00:00, run_after=2024-04-12 00:00:00+00:00
[2024-04-12T20:43:04.295+0800] {processor.py:183} INFO - Processing /Users/wanghaojin/Desktop/exchange@NUS/IS3107/HW/Project/news_data_pipeline/.venv/lib/python3.11/site-packages/airflow/example_dags/example_short_circuit_decorator.py took 0.127 seconds
[2024-04-12T20:46:06.094+0800] {processor.py:161} INFO - Started process (PID=11424) to work on /Users/wanghaojin/Desktop/exchange@NUS/IS3107/HW/Project/news_data_pipeline/.venv/lib/python3.11/site-packages/airflow/example_dags/example_short_circuit_decorator.py
[2024-04-12T20:46:06.095+0800] {processor.py:830} INFO - Processing file /Users/wanghaojin/Desktop/exchange@NUS/IS3107/HW/Project/news_data_pipeline/.venv/lib/python3.11/site-packages/airflow/example_dags/example_short_circuit_decorator.py for tasks to queue
[2024-04-12T20:46:06.095+0800] {logging_mixin.py:188} INFO - [2024-04-12T20:46:06.095+0800] {dagbag.py:538} INFO - Filling up the DagBag from /Users/wanghaojin/Desktop/exchange@NUS/IS3107/HW/Project/news_data_pipeline/.venv/lib/python3.11/site-packages/airflow/example_dags/example_short_circuit_decorator.py
[2024-04-12T20:46:06.116+0800] {processor.py:840} INFO - DAG(s) 'example_short_circuit_decorator' retrieved from /Users/wanghaojin/Desktop/exchange@NUS/IS3107/HW/Project/news_data_pipeline/.venv/lib/python3.11/site-packages/airflow/example_dags/example_short_circuit_decorator.py
[2024-04-12T20:46:06.237+0800] {logging_mixin.py:188} INFO - [2024-04-12T20:46:06.237+0800] {dag.py:3036} INFO - Sync 1 DAGs
[2024-04-12T20:46:06.245+0800] {logging_mixin.py:188} INFO - [2024-04-12T20:46:06.245+0800] {dag.py:3823} INFO - Setting next_dagrun for example_short_circuit_decorator to 2024-04-11 00:00:00+00:00, run_after=2024-04-12 00:00:00+00:00
[2024-04-12T20:46:06.256+0800] {processor.py:183} INFO - Processing /Users/wanghaojin/Desktop/exchange@NUS/IS3107/HW/Project/news_data_pipeline/.venv/lib/python3.11/site-packages/airflow/example_dags/example_short_circuit_decorator.py took 0.163 seconds
[2024-04-12T20:47:02.873+0800] {processor.py:161} INFO - Started process (PID=11535) to work on /Users/wanghaojin/Desktop/exchange@NUS/IS3107/HW/Project/news_data_pipeline/.venv/lib/python3.11/site-packages/airflow/example_dags/example_short_circuit_decorator.py
[2024-04-12T20:47:02.875+0800] {processor.py:830} INFO - Processing file /Users/wanghaojin/Desktop/exchange@NUS/IS3107/HW/Project/news_data_pipeline/.venv/lib/python3.11/site-packages/airflow/example_dags/example_short_circuit_decorator.py for tasks to queue
[2024-04-12T20:47:02.875+0800] {logging_mixin.py:188} INFO - [2024-04-12T20:47:02.875+0800] {dagbag.py:538} INFO - Filling up the DagBag from /Users/wanghaojin/Desktop/exchange@NUS/IS3107/HW/Project/news_data_pipeline/.venv/lib/python3.11/site-packages/airflow/example_dags/example_short_circuit_decorator.py
[2024-04-12T20:47:02.922+0800] {processor.py:840} INFO - DAG(s) 'example_short_circuit_decorator' retrieved from /Users/wanghaojin/Desktop/exchange@NUS/IS3107/HW/Project/news_data_pipeline/.venv/lib/python3.11/site-packages/airflow/example_dags/example_short_circuit_decorator.py
[2024-04-12T20:47:03.262+0800] {logging_mixin.py:188} INFO - [2024-04-12T20:47:03.261+0800] {dag.py:3036} INFO - Sync 1 DAGs
[2024-04-12T20:47:03.277+0800] {logging_mixin.py:188} INFO - [2024-04-12T20:47:03.277+0800] {dag.py:3823} INFO - Setting next_dagrun for example_short_circuit_decorator to 2024-04-11 00:00:00+00:00, run_after=2024-04-12 00:00:00+00:00
[2024-04-12T20:47:03.299+0800] {processor.py:183} INFO - Processing /Users/wanghaojin/Desktop/exchange@NUS/IS3107/HW/Project/news_data_pipeline/.venv/lib/python3.11/site-packages/airflow/example_dags/example_short_circuit_decorator.py took 0.429 seconds
[2024-04-12T20:48:39.630+0800] {processor.py:161} INFO - Started process (PID=11775) to work on /Users/wanghaojin/Desktop/exchange@NUS/IS3107/HW/Project/news_data_pipeline/.venv/lib/python3.11/site-packages/airflow/example_dags/example_short_circuit_decorator.py
[2024-04-12T20:48:39.631+0800] {processor.py:830} INFO - Processing file /Users/wanghaojin/Desktop/exchange@NUS/IS3107/HW/Project/news_data_pipeline/.venv/lib/python3.11/site-packages/airflow/example_dags/example_short_circuit_decorator.py for tasks to queue
[2024-04-12T20:48:39.631+0800] {logging_mixin.py:188} INFO - [2024-04-12T20:48:39.631+0800] {dagbag.py:538} INFO - Filling up the DagBag from /Users/wanghaojin/Desktop/exchange@NUS/IS3107/HW/Project/news_data_pipeline/.venv/lib/python3.11/site-packages/airflow/example_dags/example_short_circuit_decorator.py
[2024-04-12T20:48:39.653+0800] {processor.py:840} INFO - DAG(s) 'example_short_circuit_decorator' retrieved from /Users/wanghaojin/Desktop/exchange@NUS/IS3107/HW/Project/news_data_pipeline/.venv/lib/python3.11/site-packages/airflow/example_dags/example_short_circuit_decorator.py
[2024-04-12T20:48:39.777+0800] {logging_mixin.py:188} INFO - [2024-04-12T20:48:39.777+0800] {dag.py:3036} INFO - Sync 1 DAGs
[2024-04-12T20:48:39.785+0800] {logging_mixin.py:188} INFO - [2024-04-12T20:48:39.785+0800] {dag.py:3823} INFO - Setting next_dagrun for example_short_circuit_decorator to 2024-04-11 00:00:00+00:00, run_after=2024-04-12 00:00:00+00:00
[2024-04-12T20:48:39.796+0800] {processor.py:183} INFO - Processing /Users/wanghaojin/Desktop/exchange@NUS/IS3107/HW/Project/news_data_pipeline/.venv/lib/python3.11/site-packages/airflow/example_dags/example_short_circuit_decorator.py took 0.167 seconds
[2024-04-12T20:49:58.024+0800] {processor.py:161} INFO - Started process (PID=11901) to work on /Users/wanghaojin/Desktop/exchange@NUS/IS3107/HW/Project/news_data_pipeline/.venv/lib/python3.11/site-packages/airflow/example_dags/example_short_circuit_decorator.py
[2024-04-12T20:49:58.025+0800] {processor.py:830} INFO - Processing file /Users/wanghaojin/Desktop/exchange@NUS/IS3107/HW/Project/news_data_pipeline/.venv/lib/python3.11/site-packages/airflow/example_dags/example_short_circuit_decorator.py for tasks to queue
[2024-04-12T20:49:58.026+0800] {logging_mixin.py:188} INFO - [2024-04-12T20:49:58.026+0800] {dagbag.py:538} INFO - Filling up the DagBag from /Users/wanghaojin/Desktop/exchange@NUS/IS3107/HW/Project/news_data_pipeline/.venv/lib/python3.11/site-packages/airflow/example_dags/example_short_circuit_decorator.py
[2024-04-12T20:49:58.050+0800] {processor.py:840} INFO - DAG(s) 'example_short_circuit_decorator' retrieved from /Users/wanghaojin/Desktop/exchange@NUS/IS3107/HW/Project/news_data_pipeline/.venv/lib/python3.11/site-packages/airflow/example_dags/example_short_circuit_decorator.py
[2024-04-12T20:49:58.190+0800] {logging_mixin.py:188} INFO - [2024-04-12T20:49:58.190+0800] {dag.py:3036} INFO - Sync 1 DAGs
[2024-04-12T20:49:58.198+0800] {logging_mixin.py:188} INFO - [2024-04-12T20:49:58.198+0800] {dag.py:3823} INFO - Setting next_dagrun for example_short_circuit_decorator to 2024-04-11 00:00:00+00:00, run_after=2024-04-12 00:00:00+00:00
[2024-04-12T20:49:58.209+0800] {processor.py:183} INFO - Processing /Users/wanghaojin/Desktop/exchange@NUS/IS3107/HW/Project/news_data_pipeline/.venv/lib/python3.11/site-packages/airflow/example_dags/example_short_circuit_decorator.py took 0.186 seconds
