[2024-04-12T14:15:13.906+0800] {processor.py:161} INFO - Started process (PID=2631) to work on /Users/wanghaojin/Desktop/exchange@NUS/IS3107/HW/Project/news_data_pipeline/.venv/lib/python3.11/site-packages/airflow/example_dags/example_time_delta_sensor_async.py
[2024-04-12T14:15:13.906+0800] {processor.py:830} INFO - Processing file /Users/wanghaojin/Desktop/exchange@NUS/IS3107/HW/Project/news_data_pipeline/.venv/lib/python3.11/site-packages/airflow/example_dags/example_time_delta_sensor_async.py for tasks to queue
[2024-04-12T14:15:13.907+0800] {logging_mixin.py:188} INFO - [2024-04-12T14:15:13.907+0800] {dagbag.py:538} INFO - Filling up the DagBag from /Users/wanghaojin/Desktop/exchange@NUS/IS3107/HW/Project/news_data_pipeline/.venv/lib/python3.11/site-packages/airflow/example_dags/example_time_delta_sensor_async.py
[2024-04-12T14:15:13.911+0800] {processor.py:840} INFO - DAG(s) 'example_time_delta_sensor_async' retrieved from /Users/wanghaojin/Desktop/exchange@NUS/IS3107/HW/Project/news_data_pipeline/.venv/lib/python3.11/site-packages/airflow/example_dags/example_time_delta_sensor_async.py
[2024-04-12T14:15:14.041+0800] {logging_mixin.py:188} INFO - [2024-04-12T14:15:14.041+0800] {override.py:1769} INFO - Created Permission View: can delete on DAG:example_time_delta_sensor_async
[2024-04-12T14:15:14.046+0800] {logging_mixin.py:188} INFO - [2024-04-12T14:15:14.046+0800] {override.py:1769} INFO - Created Permission View: can read on DAG:example_time_delta_sensor_async
[2024-04-12T14:15:14.050+0800] {logging_mixin.py:188} INFO - [2024-04-12T14:15:14.050+0800] {override.py:1769} INFO - Created Permission View: can edit on DAG:example_time_delta_sensor_async
[2024-04-12T14:15:14.050+0800] {logging_mixin.py:188} INFO - [2024-04-12T14:15:14.050+0800] {dag.py:3036} INFO - Sync 1 DAGs
[2024-04-12T14:15:14.055+0800] {logging_mixin.py:188} INFO - [2024-04-12T14:15:14.055+0800] {dag.py:3058} INFO - Creating ORM DAG for example_time_delta_sensor_async
[2024-04-12T14:15:14.056+0800] {logging_mixin.py:188} INFO - [2024-04-12T14:15:14.056+0800] {dag.py:3823} INFO - Setting next_dagrun for example_time_delta_sensor_async to None, run_after=None
[2024-04-12T14:15:14.065+0800] {processor.py:183} INFO - Processing /Users/wanghaojin/Desktop/exchange@NUS/IS3107/HW/Project/news_data_pipeline/.venv/lib/python3.11/site-packages/airflow/example_dags/example_time_delta_sensor_async.py took 0.160 seconds
[2024-04-12T14:16:51.803+0800] {processor.py:161} INFO - Started process (PID=2848) to work on /Users/wanghaojin/Desktop/exchange@NUS/IS3107/HW/Project/news_data_pipeline/.venv/lib/python3.11/site-packages/airflow/example_dags/example_time_delta_sensor_async.py
[2024-04-12T14:16:51.803+0800] {processor.py:830} INFO - Processing file /Users/wanghaojin/Desktop/exchange@NUS/IS3107/HW/Project/news_data_pipeline/.venv/lib/python3.11/site-packages/airflow/example_dags/example_time_delta_sensor_async.py for tasks to queue
[2024-04-12T14:16:51.804+0800] {logging_mixin.py:188} INFO - [2024-04-12T14:16:51.804+0800] {dagbag.py:538} INFO - Filling up the DagBag from /Users/wanghaojin/Desktop/exchange@NUS/IS3107/HW/Project/news_data_pipeline/.venv/lib/python3.11/site-packages/airflow/example_dags/example_time_delta_sensor_async.py
[2024-04-12T14:16:51.808+0800] {processor.py:840} INFO - DAG(s) 'example_time_delta_sensor_async' retrieved from /Users/wanghaojin/Desktop/exchange@NUS/IS3107/HW/Project/news_data_pipeline/.venv/lib/python3.11/site-packages/airflow/example_dags/example_time_delta_sensor_async.py
[2024-04-12T14:16:51.889+0800] {logging_mixin.py:188} INFO - [2024-04-12T14:16:51.889+0800] {dag.py:3036} INFO - Sync 1 DAGs
[2024-04-12T14:16:51.894+0800] {logging_mixin.py:188} INFO - [2024-04-12T14:16:51.894+0800] {dag.py:3823} INFO - Setting next_dagrun for example_time_delta_sensor_async to None, run_after=None
[2024-04-12T14:16:51.905+0800] {processor.py:183} INFO - Processing /Users/wanghaojin/Desktop/exchange@NUS/IS3107/HW/Project/news_data_pipeline/.venv/lib/python3.11/site-packages/airflow/example_dags/example_time_delta_sensor_async.py took 0.102 seconds
[2024-04-12T14:17:56.404+0800] {processor.py:161} INFO - Started process (PID=2962) to work on /Users/wanghaojin/Desktop/exchange@NUS/IS3107/HW/Project/news_data_pipeline/.venv/lib/python3.11/site-packages/airflow/example_dags/example_time_delta_sensor_async.py
[2024-04-12T14:17:56.406+0800] {processor.py:830} INFO - Processing file /Users/wanghaojin/Desktop/exchange@NUS/IS3107/HW/Project/news_data_pipeline/.venv/lib/python3.11/site-packages/airflow/example_dags/example_time_delta_sensor_async.py for tasks to queue
[2024-04-12T14:17:56.406+0800] {logging_mixin.py:188} INFO - [2024-04-12T14:17:56.406+0800] {dagbag.py:538} INFO - Filling up the DagBag from /Users/wanghaojin/Desktop/exchange@NUS/IS3107/HW/Project/news_data_pipeline/.venv/lib/python3.11/site-packages/airflow/example_dags/example_time_delta_sensor_async.py
[2024-04-12T14:17:56.411+0800] {processor.py:840} INFO - DAG(s) 'example_time_delta_sensor_async' retrieved from /Users/wanghaojin/Desktop/exchange@NUS/IS3107/HW/Project/news_data_pipeline/.venv/lib/python3.11/site-packages/airflow/example_dags/example_time_delta_sensor_async.py
[2024-04-12T14:17:56.493+0800] {logging_mixin.py:188} INFO - [2024-04-12T14:17:56.493+0800] {dag.py:3036} INFO - Sync 1 DAGs
[2024-04-12T14:17:56.498+0800] {logging_mixin.py:188} INFO - [2024-04-12T14:17:56.497+0800] {dag.py:3823} INFO - Setting next_dagrun for example_time_delta_sensor_async to None, run_after=None
[2024-04-12T14:17:56.508+0800] {processor.py:183} INFO - Processing /Users/wanghaojin/Desktop/exchange@NUS/IS3107/HW/Project/news_data_pipeline/.venv/lib/python3.11/site-packages/airflow/example_dags/example_time_delta_sensor_async.py took 0.104 seconds
