[2024-04-12T14:15:19.479+0800] {processor.py:161} INFO - Started process (PID=2636) to work on /Users/wanghaojin/Desktop/exchange@NUS/IS3107/HW/Project/news_data_pipeline/.venv/lib/python3.11/site-packages/airflow/example_dags/example_subdag_operator.py
[2024-04-12T14:15:19.480+0800] {processor.py:830} INFO - Processing file /Users/wanghaojin/Desktop/exchange@NUS/IS3107/HW/Project/news_data_pipeline/.venv/lib/python3.11/site-packages/airflow/example_dags/example_subdag_operator.py for tasks to queue
[2024-04-12T14:15:19.480+0800] {logging_mixin.py:188} INFO - [2024-04-12T14:15:19.480+0800] {dagbag.py:538} INFO - Filling up the DagBag from /Users/wanghaojin/Desktop/exchange@NUS/IS3107/HW/Project/news_data_pipeline/.venv/lib/python3.11/site-packages/airflow/example_dags/example_subdag_operator.py
[2024-04-12T14:15:19.529+0800] {processor.py:840} INFO - DAG(s) 'example_subdag_operator.section-1', 'example_subdag_operator.section-2', 'example_subdag_operator' retrieved from /Users/wanghaojin/Desktop/exchange@NUS/IS3107/HW/Project/news_data_pipeline/.venv/lib/python3.11/site-packages/airflow/example_dags/example_subdag_operator.py
[2024-04-12T14:15:19.619+0800] {logging_mixin.py:188} INFO - [2024-04-12T14:15:19.619+0800] {override.py:1769} INFO - Created Permission View: can delete on DAG:example_subdag_operator
[2024-04-12T14:15:19.624+0800] {logging_mixin.py:188} INFO - [2024-04-12T14:15:19.624+0800] {override.py:1769} INFO - Created Permission View: can edit on DAG:example_subdag_operator
[2024-04-12T14:15:19.627+0800] {logging_mixin.py:188} INFO - [2024-04-12T14:15:19.627+0800] {override.py:1769} INFO - Created Permission View: can read on DAG:example_subdag_operator
[2024-04-12T14:15:19.628+0800] {logging_mixin.py:188} INFO - [2024-04-12T14:15:19.628+0800] {dag.py:3036} INFO - Sync 3 DAGs
[2024-04-12T14:15:19.633+0800] {logging_mixin.py:188} INFO - [2024-04-12T14:15:19.633+0800] {dag.py:3058} INFO - Creating ORM DAG for example_subdag_operator.section-2
[2024-04-12T14:15:19.633+0800] {logging_mixin.py:188} INFO - [2024-04-12T14:15:19.633+0800] {dag.py:3058} INFO - Creating ORM DAG for example_subdag_operator
[2024-04-12T14:15:19.633+0800] {logging_mixin.py:188} INFO - [2024-04-12T14:15:19.633+0800] {dag.py:3058} INFO - Creating ORM DAG for example_subdag_operator.section-1
[2024-04-12T14:15:19.637+0800] {logging_mixin.py:188} INFO - [2024-04-12T14:15:19.637+0800] {dag.py:3823} INFO - Setting next_dagrun for example_subdag_operator to 2022-01-01 00:00:00+00:00, run_after=2022-01-01 00:00:00+00:00
[2024-04-12T14:15:19.637+0800] {logging_mixin.py:188} INFO - [2024-04-12T14:15:19.637+0800] {dag.py:3823} INFO - Setting next_dagrun for example_subdag_operator.section-1 to None, run_after=None
[2024-04-12T14:15:19.637+0800] {logging_mixin.py:188} INFO - [2024-04-12T14:15:19.637+0800] {dag.py:3823} INFO - Setting next_dagrun for example_subdag_operator.section-2 to None, run_after=None
[2024-04-12T14:15:19.641+0800] {logging_mixin.py:188} INFO - [2024-04-12T14:15:19.641+0800] {dag.py:3036} INFO - Sync 2 DAGs
[2024-04-12T14:15:19.643+0800] {logging_mixin.py:188} INFO - [2024-04-12T14:15:19.643+0800] {dag.py:3823} INFO - Setting next_dagrun for example_subdag_operator.section-1 to None, run_after=None
[2024-04-12T14:15:19.644+0800] {logging_mixin.py:188} INFO - [2024-04-12T14:15:19.644+0800] {dag.py:3823} INFO - Setting next_dagrun for example_subdag_operator.section-2 to None, run_after=None
[2024-04-12T14:15:19.651+0800] {processor.py:183} INFO - Processing /Users/wanghaojin/Desktop/exchange@NUS/IS3107/HW/Project/news_data_pipeline/.venv/lib/python3.11/site-packages/airflow/example_dags/example_subdag_operator.py took 0.172 seconds
[2024-04-12T14:16:57.740+0800] {processor.py:161} INFO - Started process (PID=2868) to work on /Users/wanghaojin/Desktop/exchange@NUS/IS3107/HW/Project/news_data_pipeline/.venv/lib/python3.11/site-packages/airflow/example_dags/example_subdag_operator.py
[2024-04-12T14:16:57.740+0800] {processor.py:830} INFO - Processing file /Users/wanghaojin/Desktop/exchange@NUS/IS3107/HW/Project/news_data_pipeline/.venv/lib/python3.11/site-packages/airflow/example_dags/example_subdag_operator.py for tasks to queue
[2024-04-12T14:16:57.741+0800] {logging_mixin.py:188} INFO - [2024-04-12T14:16:57.740+0800] {dagbag.py:538} INFO - Filling up the DagBag from /Users/wanghaojin/Desktop/exchange@NUS/IS3107/HW/Project/news_data_pipeline/.venv/lib/python3.11/site-packages/airflow/example_dags/example_subdag_operator.py
[2024-04-12T14:16:57.788+0800] {processor.py:840} INFO - DAG(s) 'example_subdag_operator.section-1', 'example_subdag_operator.section-2', 'example_subdag_operator' retrieved from /Users/wanghaojin/Desktop/exchange@NUS/IS3107/HW/Project/news_data_pipeline/.venv/lib/python3.11/site-packages/airflow/example_dags/example_subdag_operator.py
[2024-04-12T14:16:57.833+0800] {logging_mixin.py:188} INFO - [2024-04-12T14:16:57.833+0800] {dag.py:3036} INFO - Sync 3 DAGs
[2024-04-12T14:16:57.842+0800] {logging_mixin.py:188} INFO - [2024-04-12T14:16:57.842+0800] {dag.py:3823} INFO - Setting next_dagrun for example_subdag_operator to 2022-01-01 00:00:00+00:00, run_after=2022-01-01 00:00:00+00:00
[2024-04-12T14:16:57.843+0800] {logging_mixin.py:188} INFO - [2024-04-12T14:16:57.843+0800] {dag.py:3823} INFO - Setting next_dagrun for example_subdag_operator.section-1 to None, run_after=None
[2024-04-12T14:16:57.844+0800] {logging_mixin.py:188} INFO - [2024-04-12T14:16:57.844+0800] {dag.py:3823} INFO - Setting next_dagrun for example_subdag_operator.section-2 to None, run_after=None
[2024-04-12T14:16:57.847+0800] {logging_mixin.py:188} INFO - [2024-04-12T14:16:57.846+0800] {dag.py:3036} INFO - Sync 2 DAGs
[2024-04-12T14:16:57.848+0800] {logging_mixin.py:188} INFO - [2024-04-12T14:16:57.848+0800] {dag.py:3823} INFO - Setting next_dagrun for example_subdag_operator.section-1 to None, run_after=None
[2024-04-12T14:16:57.849+0800] {logging_mixin.py:188} INFO - [2024-04-12T14:16:57.849+0800] {dag.py:3823} INFO - Setting next_dagrun for example_subdag_operator.section-2 to None, run_after=None
[2024-04-12T14:16:57.855+0800] {processor.py:183} INFO - Processing /Users/wanghaojin/Desktop/exchange@NUS/IS3107/HW/Project/news_data_pipeline/.venv/lib/python3.11/site-packages/airflow/example_dags/example_subdag_operator.py took 0.116 seconds
[2024-04-12T14:18:02.461+0800] {processor.py:161} INFO - Started process (PID=2976) to work on /Users/wanghaojin/Desktop/exchange@NUS/IS3107/HW/Project/news_data_pipeline/.venv/lib/python3.11/site-packages/airflow/example_dags/example_subdag_operator.py
[2024-04-12T14:18:02.463+0800] {processor.py:830} INFO - Processing file /Users/wanghaojin/Desktop/exchange@NUS/IS3107/HW/Project/news_data_pipeline/.venv/lib/python3.11/site-packages/airflow/example_dags/example_subdag_operator.py for tasks to queue
[2024-04-12T14:18:02.463+0800] {logging_mixin.py:188} INFO - [2024-04-12T14:18:02.463+0800] {dagbag.py:538} INFO - Filling up the DagBag from /Users/wanghaojin/Desktop/exchange@NUS/IS3107/HW/Project/news_data_pipeline/.venv/lib/python3.11/site-packages/airflow/example_dags/example_subdag_operator.py
[2024-04-12T14:18:02.512+0800] {processor.py:840} INFO - DAG(s) 'example_subdag_operator.section-1', 'example_subdag_operator.section-2', 'example_subdag_operator' retrieved from /Users/wanghaojin/Desktop/exchange@NUS/IS3107/HW/Project/news_data_pipeline/.venv/lib/python3.11/site-packages/airflow/example_dags/example_subdag_operator.py
[2024-04-12T14:18:02.562+0800] {logging_mixin.py:188} INFO - [2024-04-12T14:18:02.562+0800] {dag.py:3036} INFO - Sync 3 DAGs
[2024-04-12T14:18:02.571+0800] {logging_mixin.py:188} INFO - [2024-04-12T14:18:02.570+0800] {dag.py:3823} INFO - Setting next_dagrun for example_subdag_operator to 2022-01-01 00:00:00+00:00, run_after=2022-01-01 00:00:00+00:00
[2024-04-12T14:18:02.572+0800] {logging_mixin.py:188} INFO - [2024-04-12T14:18:02.572+0800] {dag.py:3823} INFO - Setting next_dagrun for example_subdag_operator.section-1 to None, run_after=None
[2024-04-12T14:18:02.573+0800] {logging_mixin.py:188} INFO - [2024-04-12T14:18:02.573+0800] {dag.py:3823} INFO - Setting next_dagrun for example_subdag_operator.section-2 to None, run_after=None
[2024-04-12T14:18:02.576+0800] {logging_mixin.py:188} INFO - [2024-04-12T14:18:02.575+0800] {dag.py:3036} INFO - Sync 2 DAGs
[2024-04-12T14:18:02.578+0800] {logging_mixin.py:188} INFO - [2024-04-12T14:18:02.577+0800] {dag.py:3823} INFO - Setting next_dagrun for example_subdag_operator.section-1 to None, run_after=None
[2024-04-12T14:18:02.578+0800] {logging_mixin.py:188} INFO - [2024-04-12T14:18:02.578+0800] {dag.py:3823} INFO - Setting next_dagrun for example_subdag_operator.section-2 to None, run_after=None
[2024-04-12T14:18:02.585+0800] {processor.py:183} INFO - Processing /Users/wanghaojin/Desktop/exchange@NUS/IS3107/HW/Project/news_data_pipeline/.venv/lib/python3.11/site-packages/airflow/example_dags/example_subdag_operator.py took 0.124 seconds
