[2024-04-12T19:29:09.502+0800] {processor.py:161} INFO - Started process (PID=3569) to work on /Users/wanghaojin/Desktop/exchange@NUS/IS3107/HW/Project/news_data_pipeline/.venv/lib/python3.11/site-packages/airflow/example_dags/example_sensor_decorator.py
[2024-04-12T19:29:09.503+0800] {processor.py:830} INFO - Processing file /Users/wanghaojin/Desktop/exchange@NUS/IS3107/HW/Project/news_data_pipeline/.venv/lib/python3.11/site-packages/airflow/example_dags/example_sensor_decorator.py for tasks to queue
[2024-04-12T19:29:09.503+0800] {logging_mixin.py:188} INFO - [2024-04-12T19:29:09.503+0800] {dagbag.py:538} INFO - Filling up the DagBag from /Users/wanghaojin/Desktop/exchange@NUS/IS3107/HW/Project/news_data_pipeline/.venv/lib/python3.11/site-packages/airflow/example_dags/example_sensor_decorator.py
[2024-04-12T19:29:09.523+0800] {processor.py:840} INFO - DAG(s) 'example_sensor_decorator' retrieved from /Users/wanghaojin/Desktop/exchange@NUS/IS3107/HW/Project/news_data_pipeline/.venv/lib/python3.11/site-packages/airflow/example_dags/example_sensor_decorator.py
[2024-04-12T19:29:09.605+0800] {logging_mixin.py:188} INFO - [2024-04-12T19:29:09.605+0800] {dag.py:3036} INFO - Sync 1 DAGs
[2024-04-12T19:29:09.610+0800] {logging_mixin.py:188} INFO - [2024-04-12T19:29:09.610+0800] {dag.py:3823} INFO - Setting next_dagrun for example_sensor_decorator to None, run_after=None
[2024-04-12T19:29:09.621+0800] {processor.py:183} INFO - Processing /Users/wanghaojin/Desktop/exchange@NUS/IS3107/HW/Project/news_data_pipeline/.venv/lib/python3.11/site-packages/airflow/example_dags/example_sensor_decorator.py took 0.119 seconds
[2024-04-12T19:30:28.410+0800] {processor.py:161} INFO - Started process (PID=4161) to work on /Users/wanghaojin/Desktop/exchange@NUS/IS3107/HW/Project/news_data_pipeline/.venv/lib/python3.11/site-packages/airflow/example_dags/example_sensor_decorator.py
[2024-04-12T19:30:28.411+0800] {processor.py:830} INFO - Processing file /Users/wanghaojin/Desktop/exchange@NUS/IS3107/HW/Project/news_data_pipeline/.venv/lib/python3.11/site-packages/airflow/example_dags/example_sensor_decorator.py for tasks to queue
[2024-04-12T19:30:28.411+0800] {logging_mixin.py:188} INFO - [2024-04-12T19:30:28.411+0800] {dagbag.py:538} INFO - Filling up the DagBag from /Users/wanghaojin/Desktop/exchange@NUS/IS3107/HW/Project/news_data_pipeline/.venv/lib/python3.11/site-packages/airflow/example_dags/example_sensor_decorator.py
[2024-04-12T19:30:28.430+0800] {processor.py:840} INFO - DAG(s) 'example_sensor_decorator' retrieved from /Users/wanghaojin/Desktop/exchange@NUS/IS3107/HW/Project/news_data_pipeline/.venv/lib/python3.11/site-packages/airflow/example_dags/example_sensor_decorator.py
[2024-04-12T19:30:28.553+0800] {logging_mixin.py:188} INFO - [2024-04-12T19:30:28.553+0800] {dag.py:3036} INFO - Sync 1 DAGs
[2024-04-12T19:30:28.558+0800] {logging_mixin.py:188} INFO - [2024-04-12T19:30:28.558+0800] {dag.py:3823} INFO - Setting next_dagrun for example_sensor_decorator to None, run_after=None
[2024-04-12T19:30:28.568+0800] {processor.py:183} INFO - Processing /Users/wanghaojin/Desktop/exchange@NUS/IS3107/HW/Project/news_data_pipeline/.venv/lib/python3.11/site-packages/airflow/example_dags/example_sensor_decorator.py took 0.159 seconds
[2024-04-12T19:32:15.644+0800] {processor.py:161} INFO - Started process (PID=4338) to work on /Users/wanghaojin/Desktop/exchange@NUS/IS3107/HW/Project/news_data_pipeline/.venv/lib/python3.11/site-packages/airflow/example_dags/example_sensor_decorator.py
[2024-04-12T19:32:15.645+0800] {processor.py:830} INFO - Processing file /Users/wanghaojin/Desktop/exchange@NUS/IS3107/HW/Project/news_data_pipeline/.venv/lib/python3.11/site-packages/airflow/example_dags/example_sensor_decorator.py for tasks to queue
[2024-04-12T19:32:15.645+0800] {logging_mixin.py:188} INFO - [2024-04-12T19:32:15.645+0800] {dagbag.py:538} INFO - Filling up the DagBag from /Users/wanghaojin/Desktop/exchange@NUS/IS3107/HW/Project/news_data_pipeline/.venv/lib/python3.11/site-packages/airflow/example_dags/example_sensor_decorator.py
[2024-04-12T19:32:15.664+0800] {processor.py:840} INFO - DAG(s) 'example_sensor_decorator' retrieved from /Users/wanghaojin/Desktop/exchange@NUS/IS3107/HW/Project/news_data_pipeline/.venv/lib/python3.11/site-packages/airflow/example_dags/example_sensor_decorator.py
[2024-04-12T19:32:15.790+0800] {logging_mixin.py:188} INFO - [2024-04-12T19:32:15.790+0800] {dag.py:3036} INFO - Sync 1 DAGs
[2024-04-12T19:32:15.795+0800] {logging_mixin.py:188} INFO - [2024-04-12T19:32:15.795+0800] {dag.py:3823} INFO - Setting next_dagrun for example_sensor_decorator to None, run_after=None
[2024-04-12T19:32:15.805+0800] {processor.py:183} INFO - Processing /Users/wanghaojin/Desktop/exchange@NUS/IS3107/HW/Project/news_data_pipeline/.venv/lib/python3.11/site-packages/airflow/example_dags/example_sensor_decorator.py took 0.162 seconds
[2024-04-12T19:33:54.356+0800] {processor.py:161} INFO - Started process (PID=4514) to work on /Users/wanghaojin/Desktop/exchange@NUS/IS3107/HW/Project/news_data_pipeline/.venv/lib/python3.11/site-packages/airflow/example_dags/example_sensor_decorator.py
[2024-04-12T19:33:54.356+0800] {processor.py:830} INFO - Processing file /Users/wanghaojin/Desktop/exchange@NUS/IS3107/HW/Project/news_data_pipeline/.venv/lib/python3.11/site-packages/airflow/example_dags/example_sensor_decorator.py for tasks to queue
[2024-04-12T19:33:54.356+0800] {logging_mixin.py:188} INFO - [2024-04-12T19:33:54.356+0800] {dagbag.py:538} INFO - Filling up the DagBag from /Users/wanghaojin/Desktop/exchange@NUS/IS3107/HW/Project/news_data_pipeline/.venv/lib/python3.11/site-packages/airflow/example_dags/example_sensor_decorator.py
[2024-04-12T19:33:54.376+0800] {processor.py:840} INFO - DAG(s) 'example_sensor_decorator' retrieved from /Users/wanghaojin/Desktop/exchange@NUS/IS3107/HW/Project/news_data_pipeline/.venv/lib/python3.11/site-packages/airflow/example_dags/example_sensor_decorator.py
[2024-04-12T19:33:54.456+0800] {logging_mixin.py:188} INFO - [2024-04-12T19:33:54.456+0800] {dag.py:3036} INFO - Sync 1 DAGs
[2024-04-12T19:33:54.461+0800] {logging_mixin.py:188} INFO - [2024-04-12T19:33:54.461+0800] {dag.py:3823} INFO - Setting next_dagrun for example_sensor_decorator to None, run_after=None
[2024-04-12T19:33:54.472+0800] {processor.py:183} INFO - Processing /Users/wanghaojin/Desktop/exchange@NUS/IS3107/HW/Project/news_data_pipeline/.venv/lib/python3.11/site-packages/airflow/example_dags/example_sensor_decorator.py took 0.117 seconds
[2024-04-12T19:36:11.181+0800] {processor.py:161} INFO - Started process (PID=4725) to work on /Users/wanghaojin/Desktop/exchange@NUS/IS3107/HW/Project/news_data_pipeline/.venv/lib/python3.11/site-packages/airflow/example_dags/example_sensor_decorator.py
[2024-04-12T19:36:11.182+0800] {processor.py:830} INFO - Processing file /Users/wanghaojin/Desktop/exchange@NUS/IS3107/HW/Project/news_data_pipeline/.venv/lib/python3.11/site-packages/airflow/example_dags/example_sensor_decorator.py for tasks to queue
[2024-04-12T19:36:11.182+0800] {logging_mixin.py:188} INFO - [2024-04-12T19:36:11.182+0800] {dagbag.py:538} INFO - Filling up the DagBag from /Users/wanghaojin/Desktop/exchange@NUS/IS3107/HW/Project/news_data_pipeline/.venv/lib/python3.11/site-packages/airflow/example_dags/example_sensor_decorator.py
[2024-04-12T19:36:11.201+0800] {processor.py:840} INFO - DAG(s) 'example_sensor_decorator' retrieved from /Users/wanghaojin/Desktop/exchange@NUS/IS3107/HW/Project/news_data_pipeline/.venv/lib/python3.11/site-packages/airflow/example_dags/example_sensor_decorator.py
[2024-04-12T19:36:11.282+0800] {logging_mixin.py:188} INFO - [2024-04-12T19:36:11.281+0800] {dag.py:3036} INFO - Sync 1 DAGs
[2024-04-12T19:36:11.287+0800] {logging_mixin.py:188} INFO - [2024-04-12T19:36:11.287+0800] {dag.py:3823} INFO - Setting next_dagrun for example_sensor_decorator to None, run_after=None
[2024-04-12T19:36:11.297+0800] {processor.py:183} INFO - Processing /Users/wanghaojin/Desktop/exchange@NUS/IS3107/HW/Project/news_data_pipeline/.venv/lib/python3.11/site-packages/airflow/example_dags/example_sensor_decorator.py took 0.117 seconds
[2024-04-12T19:38:27.599+0800] {processor.py:161} INFO - Started process (PID=4931) to work on /Users/wanghaojin/Desktop/exchange@NUS/IS3107/HW/Project/news_data_pipeline/.venv/lib/python3.11/site-packages/airflow/example_dags/example_sensor_decorator.py
[2024-04-12T19:38:27.600+0800] {processor.py:830} INFO - Processing file /Users/wanghaojin/Desktop/exchange@NUS/IS3107/HW/Project/news_data_pipeline/.venv/lib/python3.11/site-packages/airflow/example_dags/example_sensor_decorator.py for tasks to queue
[2024-04-12T19:38:27.600+0800] {logging_mixin.py:188} INFO - [2024-04-12T19:38:27.600+0800] {dagbag.py:538} INFO - Filling up the DagBag from /Users/wanghaojin/Desktop/exchange@NUS/IS3107/HW/Project/news_data_pipeline/.venv/lib/python3.11/site-packages/airflow/example_dags/example_sensor_decorator.py
[2024-04-12T19:38:27.619+0800] {processor.py:840} INFO - DAG(s) 'example_sensor_decorator' retrieved from /Users/wanghaojin/Desktop/exchange@NUS/IS3107/HW/Project/news_data_pipeline/.venv/lib/python3.11/site-packages/airflow/example_dags/example_sensor_decorator.py
[2024-04-12T19:38:27.700+0800] {logging_mixin.py:188} INFO - [2024-04-12T19:38:27.699+0800] {dag.py:3036} INFO - Sync 1 DAGs
[2024-04-12T19:38:27.705+0800] {logging_mixin.py:188} INFO - [2024-04-12T19:38:27.705+0800] {dag.py:3823} INFO - Setting next_dagrun for example_sensor_decorator to None, run_after=None
[2024-04-12T19:38:27.715+0800] {processor.py:183} INFO - Processing /Users/wanghaojin/Desktop/exchange@NUS/IS3107/HW/Project/news_data_pipeline/.venv/lib/python3.11/site-packages/airflow/example_dags/example_sensor_decorator.py took 0.116 seconds
[2024-04-12T19:40:39.957+0800] {processor.py:161} INFO - Started process (PID=5140) to work on /Users/wanghaojin/Desktop/exchange@NUS/IS3107/HW/Project/news_data_pipeline/.venv/lib/python3.11/site-packages/airflow/example_dags/example_sensor_decorator.py
[2024-04-12T19:40:39.957+0800] {processor.py:830} INFO - Processing file /Users/wanghaojin/Desktop/exchange@NUS/IS3107/HW/Project/news_data_pipeline/.venv/lib/python3.11/site-packages/airflow/example_dags/example_sensor_decorator.py for tasks to queue
[2024-04-12T19:40:39.958+0800] {logging_mixin.py:188} INFO - [2024-04-12T19:40:39.957+0800] {dagbag.py:538} INFO - Filling up the DagBag from /Users/wanghaojin/Desktop/exchange@NUS/IS3107/HW/Project/news_data_pipeline/.venv/lib/python3.11/site-packages/airflow/example_dags/example_sensor_decorator.py
[2024-04-12T19:40:39.980+0800] {processor.py:840} INFO - DAG(s) 'example_sensor_decorator' retrieved from /Users/wanghaojin/Desktop/exchange@NUS/IS3107/HW/Project/news_data_pipeline/.venv/lib/python3.11/site-packages/airflow/example_dags/example_sensor_decorator.py
[2024-04-12T19:40:40.062+0800] {logging_mixin.py:188} INFO - [2024-04-12T19:40:40.061+0800] {dag.py:3036} INFO - Sync 1 DAGs
[2024-04-12T19:40:40.067+0800] {logging_mixin.py:188} INFO - [2024-04-12T19:40:40.067+0800] {dag.py:3823} INFO - Setting next_dagrun for example_sensor_decorator to None, run_after=None
[2024-04-12T19:40:40.077+0800] {processor.py:183} INFO - Processing /Users/wanghaojin/Desktop/exchange@NUS/IS3107/HW/Project/news_data_pipeline/.venv/lib/python3.11/site-packages/airflow/example_dags/example_sensor_decorator.py took 0.121 seconds
[2024-04-12T19:42:56.392+0800] {processor.py:161} INFO - Started process (PID=5355) to work on /Users/wanghaojin/Desktop/exchange@NUS/IS3107/HW/Project/news_data_pipeline/.venv/lib/python3.11/site-packages/airflow/example_dags/example_sensor_decorator.py
[2024-04-12T19:42:56.392+0800] {processor.py:830} INFO - Processing file /Users/wanghaojin/Desktop/exchange@NUS/IS3107/HW/Project/news_data_pipeline/.venv/lib/python3.11/site-packages/airflow/example_dags/example_sensor_decorator.py for tasks to queue
[2024-04-12T19:42:56.392+0800] {logging_mixin.py:188} INFO - [2024-04-12T19:42:56.392+0800] {dagbag.py:538} INFO - Filling up the DagBag from /Users/wanghaojin/Desktop/exchange@NUS/IS3107/HW/Project/news_data_pipeline/.venv/lib/python3.11/site-packages/airflow/example_dags/example_sensor_decorator.py
[2024-04-12T19:42:56.411+0800] {processor.py:840} INFO - DAG(s) 'example_sensor_decorator' retrieved from /Users/wanghaojin/Desktop/exchange@NUS/IS3107/HW/Project/news_data_pipeline/.venv/lib/python3.11/site-packages/airflow/example_dags/example_sensor_decorator.py
[2024-04-12T19:42:56.492+0800] {logging_mixin.py:188} INFO - [2024-04-12T19:42:56.492+0800] {dag.py:3036} INFO - Sync 1 DAGs
[2024-04-12T19:42:56.498+0800] {logging_mixin.py:188} INFO - [2024-04-12T19:42:56.498+0800] {dag.py:3823} INFO - Setting next_dagrun for example_sensor_decorator to None, run_after=None
[2024-04-12T19:42:56.508+0800] {processor.py:183} INFO - Processing /Users/wanghaojin/Desktop/exchange@NUS/IS3107/HW/Project/news_data_pipeline/.venv/lib/python3.11/site-packages/airflow/example_dags/example_sensor_decorator.py took 0.117 seconds
[2024-04-12T19:45:12.928+0800] {processor.py:161} INFO - Started process (PID=5579) to work on /Users/wanghaojin/Desktop/exchange@NUS/IS3107/HW/Project/news_data_pipeline/.venv/lib/python3.11/site-packages/airflow/example_dags/example_sensor_decorator.py
[2024-04-12T19:45:12.929+0800] {processor.py:830} INFO - Processing file /Users/wanghaojin/Desktop/exchange@NUS/IS3107/HW/Project/news_data_pipeline/.venv/lib/python3.11/site-packages/airflow/example_dags/example_sensor_decorator.py for tasks to queue
[2024-04-12T19:45:12.929+0800] {logging_mixin.py:188} INFO - [2024-04-12T19:45:12.929+0800] {dagbag.py:538} INFO - Filling up the DagBag from /Users/wanghaojin/Desktop/exchange@NUS/IS3107/HW/Project/news_data_pipeline/.venv/lib/python3.11/site-packages/airflow/example_dags/example_sensor_decorator.py
[2024-04-12T19:45:12.948+0800] {processor.py:840} INFO - DAG(s) 'example_sensor_decorator' retrieved from /Users/wanghaojin/Desktop/exchange@NUS/IS3107/HW/Project/news_data_pipeline/.venv/lib/python3.11/site-packages/airflow/example_dags/example_sensor_decorator.py
[2024-04-12T19:45:13.029+0800] {logging_mixin.py:188} INFO - [2024-04-12T19:45:13.029+0800] {dag.py:3036} INFO - Sync 1 DAGs
[2024-04-12T19:45:13.035+0800] {logging_mixin.py:188} INFO - [2024-04-12T19:45:13.035+0800] {dag.py:3823} INFO - Setting next_dagrun for example_sensor_decorator to None, run_after=None
[2024-04-12T19:45:13.045+0800] {processor.py:183} INFO - Processing /Users/wanghaojin/Desktop/exchange@NUS/IS3107/HW/Project/news_data_pipeline/.venv/lib/python3.11/site-packages/airflow/example_dags/example_sensor_decorator.py took 0.118 seconds
[2024-04-12T19:47:28.465+0800] {processor.py:161} INFO - Started process (PID=5750) to work on /Users/wanghaojin/Desktop/exchange@NUS/IS3107/HW/Project/news_data_pipeline/.venv/lib/python3.11/site-packages/airflow/example_dags/example_sensor_decorator.py
[2024-04-12T19:47:28.466+0800] {processor.py:830} INFO - Processing file /Users/wanghaojin/Desktop/exchange@NUS/IS3107/HW/Project/news_data_pipeline/.venv/lib/python3.11/site-packages/airflow/example_dags/example_sensor_decorator.py for tasks to queue
[2024-04-12T19:47:28.466+0800] {logging_mixin.py:188} INFO - [2024-04-12T19:47:28.466+0800] {dagbag.py:538} INFO - Filling up the DagBag from /Users/wanghaojin/Desktop/exchange@NUS/IS3107/HW/Project/news_data_pipeline/.venv/lib/python3.11/site-packages/airflow/example_dags/example_sensor_decorator.py
[2024-04-12T19:47:28.485+0800] {processor.py:840} INFO - DAG(s) 'example_sensor_decorator' retrieved from /Users/wanghaojin/Desktop/exchange@NUS/IS3107/HW/Project/news_data_pipeline/.venv/lib/python3.11/site-packages/airflow/example_dags/example_sensor_decorator.py
[2024-04-12T19:47:28.565+0800] {logging_mixin.py:188} INFO - [2024-04-12T19:47:28.565+0800] {dag.py:3036} INFO - Sync 1 DAGs
[2024-04-12T19:47:28.571+0800] {logging_mixin.py:188} INFO - [2024-04-12T19:47:28.571+0800] {dag.py:3823} INFO - Setting next_dagrun for example_sensor_decorator to None, run_after=None
[2024-04-12T19:47:28.581+0800] {processor.py:183} INFO - Processing /Users/wanghaojin/Desktop/exchange@NUS/IS3107/HW/Project/news_data_pipeline/.venv/lib/python3.11/site-packages/airflow/example_dags/example_sensor_decorator.py took 0.117 seconds
[2024-04-12T19:49:44.797+0800] {processor.py:161} INFO - Started process (PID=5968) to work on /Users/wanghaojin/Desktop/exchange@NUS/IS3107/HW/Project/news_data_pipeline/.venv/lib/python3.11/site-packages/airflow/example_dags/example_sensor_decorator.py
[2024-04-12T19:49:44.798+0800] {processor.py:830} INFO - Processing file /Users/wanghaojin/Desktop/exchange@NUS/IS3107/HW/Project/news_data_pipeline/.venv/lib/python3.11/site-packages/airflow/example_dags/example_sensor_decorator.py for tasks to queue
[2024-04-12T19:49:44.798+0800] {logging_mixin.py:188} INFO - [2024-04-12T19:49:44.798+0800] {dagbag.py:538} INFO - Filling up the DagBag from /Users/wanghaojin/Desktop/exchange@NUS/IS3107/HW/Project/news_data_pipeline/.venv/lib/python3.11/site-packages/airflow/example_dags/example_sensor_decorator.py
[2024-04-12T19:49:44.817+0800] {processor.py:840} INFO - DAG(s) 'example_sensor_decorator' retrieved from /Users/wanghaojin/Desktop/exchange@NUS/IS3107/HW/Project/news_data_pipeline/.venv/lib/python3.11/site-packages/airflow/example_dags/example_sensor_decorator.py
[2024-04-12T19:49:44.897+0800] {logging_mixin.py:188} INFO - [2024-04-12T19:49:44.896+0800] {dag.py:3036} INFO - Sync 1 DAGs
[2024-04-12T19:49:44.902+0800] {logging_mixin.py:188} INFO - [2024-04-12T19:49:44.902+0800] {dag.py:3823} INFO - Setting next_dagrun for example_sensor_decorator to None, run_after=None
[2024-04-12T19:49:44.912+0800] {processor.py:183} INFO - Processing /Users/wanghaojin/Desktop/exchange@NUS/IS3107/HW/Project/news_data_pipeline/.venv/lib/python3.11/site-packages/airflow/example_dags/example_sensor_decorator.py took 0.116 seconds
[2024-04-12T19:51:59.909+0800] {processor.py:161} INFO - Started process (PID=6163) to work on /Users/wanghaojin/Desktop/exchange@NUS/IS3107/HW/Project/news_data_pipeline/.venv/lib/python3.11/site-packages/airflow/example_dags/example_sensor_decorator.py
[2024-04-12T19:51:59.909+0800] {processor.py:830} INFO - Processing file /Users/wanghaojin/Desktop/exchange@NUS/IS3107/HW/Project/news_data_pipeline/.venv/lib/python3.11/site-packages/airflow/example_dags/example_sensor_decorator.py for tasks to queue
[2024-04-12T19:51:59.910+0800] {logging_mixin.py:188} INFO - [2024-04-12T19:51:59.910+0800] {dagbag.py:538} INFO - Filling up the DagBag from /Users/wanghaojin/Desktop/exchange@NUS/IS3107/HW/Project/news_data_pipeline/.venv/lib/python3.11/site-packages/airflow/example_dags/example_sensor_decorator.py
[2024-04-12T19:51:59.929+0800] {processor.py:840} INFO - DAG(s) 'example_sensor_decorator' retrieved from /Users/wanghaojin/Desktop/exchange@NUS/IS3107/HW/Project/news_data_pipeline/.venv/lib/python3.11/site-packages/airflow/example_dags/example_sensor_decorator.py
[2024-04-12T19:52:00.009+0800] {logging_mixin.py:188} INFO - [2024-04-12T19:52:00.009+0800] {dag.py:3036} INFO - Sync 1 DAGs
[2024-04-12T19:52:00.015+0800] {logging_mixin.py:188} INFO - [2024-04-12T19:52:00.015+0800] {dag.py:3823} INFO - Setting next_dagrun for example_sensor_decorator to None, run_after=None
[2024-04-12T19:52:00.025+0800] {processor.py:183} INFO - Processing /Users/wanghaojin/Desktop/exchange@NUS/IS3107/HW/Project/news_data_pipeline/.venv/lib/python3.11/site-packages/airflow/example_dags/example_sensor_decorator.py took 0.117 seconds
[2024-04-12T19:54:15.011+0800] {processor.py:161} INFO - Started process (PID=6297) to work on /Users/wanghaojin/Desktop/exchange@NUS/IS3107/HW/Project/news_data_pipeline/.venv/lib/python3.11/site-packages/airflow/example_dags/example_sensor_decorator.py
[2024-04-12T19:54:15.012+0800] {processor.py:830} INFO - Processing file /Users/wanghaojin/Desktop/exchange@NUS/IS3107/HW/Project/news_data_pipeline/.venv/lib/python3.11/site-packages/airflow/example_dags/example_sensor_decorator.py for tasks to queue
[2024-04-12T19:54:15.012+0800] {logging_mixin.py:188} INFO - [2024-04-12T19:54:15.012+0800] {dagbag.py:538} INFO - Filling up the DagBag from /Users/wanghaojin/Desktop/exchange@NUS/IS3107/HW/Project/news_data_pipeline/.venv/lib/python3.11/site-packages/airflow/example_dags/example_sensor_decorator.py
[2024-04-12T19:54:15.031+0800] {processor.py:840} INFO - DAG(s) 'example_sensor_decorator' retrieved from /Users/wanghaojin/Desktop/exchange@NUS/IS3107/HW/Project/news_data_pipeline/.venv/lib/python3.11/site-packages/airflow/example_dags/example_sensor_decorator.py
[2024-04-12T19:54:15.112+0800] {logging_mixin.py:188} INFO - [2024-04-12T19:54:15.111+0800] {dag.py:3036} INFO - Sync 1 DAGs
[2024-04-12T19:54:15.117+0800] {logging_mixin.py:188} INFO - [2024-04-12T19:54:15.117+0800] {dag.py:3823} INFO - Setting next_dagrun for example_sensor_decorator to None, run_after=None
[2024-04-12T19:54:15.127+0800] {processor.py:183} INFO - Processing /Users/wanghaojin/Desktop/exchange@NUS/IS3107/HW/Project/news_data_pipeline/.venv/lib/python3.11/site-packages/airflow/example_dags/example_sensor_decorator.py took 0.117 seconds
[2024-04-12T19:56:30.131+0800] {processor.py:161} INFO - Started process (PID=6471) to work on /Users/wanghaojin/Desktop/exchange@NUS/IS3107/HW/Project/news_data_pipeline/.venv/lib/python3.11/site-packages/airflow/example_dags/example_sensor_decorator.py
[2024-04-12T19:56:30.132+0800] {processor.py:830} INFO - Processing file /Users/wanghaojin/Desktop/exchange@NUS/IS3107/HW/Project/news_data_pipeline/.venv/lib/python3.11/site-packages/airflow/example_dags/example_sensor_decorator.py for tasks to queue
[2024-04-12T19:56:30.133+0800] {logging_mixin.py:188} INFO - [2024-04-12T19:56:30.133+0800] {dagbag.py:538} INFO - Filling up the DagBag from /Users/wanghaojin/Desktop/exchange@NUS/IS3107/HW/Project/news_data_pipeline/.venv/lib/python3.11/site-packages/airflow/example_dags/example_sensor_decorator.py
[2024-04-12T19:56:30.151+0800] {processor.py:840} INFO - DAG(s) 'example_sensor_decorator' retrieved from /Users/wanghaojin/Desktop/exchange@NUS/IS3107/HW/Project/news_data_pipeline/.venv/lib/python3.11/site-packages/airflow/example_dags/example_sensor_decorator.py
[2024-04-12T19:56:30.232+0800] {logging_mixin.py:188} INFO - [2024-04-12T19:56:30.231+0800] {dag.py:3036} INFO - Sync 1 DAGs
[2024-04-12T19:56:30.237+0800] {logging_mixin.py:188} INFO - [2024-04-12T19:56:30.237+0800] {dag.py:3823} INFO - Setting next_dagrun for example_sensor_decorator to None, run_after=None
[2024-04-12T19:56:30.247+0800] {processor.py:183} INFO - Processing /Users/wanghaojin/Desktop/exchange@NUS/IS3107/HW/Project/news_data_pipeline/.venv/lib/python3.11/site-packages/airflow/example_dags/example_sensor_decorator.py took 0.117 seconds
[2024-04-12T19:58:42.047+0800] {processor.py:161} INFO - Started process (PID=6597) to work on /Users/wanghaojin/Desktop/exchange@NUS/IS3107/HW/Project/news_data_pipeline/.venv/lib/python3.11/site-packages/airflow/example_dags/example_sensor_decorator.py
[2024-04-12T19:58:42.048+0800] {processor.py:830} INFO - Processing file /Users/wanghaojin/Desktop/exchange@NUS/IS3107/HW/Project/news_data_pipeline/.venv/lib/python3.11/site-packages/airflow/example_dags/example_sensor_decorator.py for tasks to queue
[2024-04-12T19:58:42.049+0800] {logging_mixin.py:188} INFO - [2024-04-12T19:58:42.048+0800] {dagbag.py:538} INFO - Filling up the DagBag from /Users/wanghaojin/Desktop/exchange@NUS/IS3107/HW/Project/news_data_pipeline/.venv/lib/python3.11/site-packages/airflow/example_dags/example_sensor_decorator.py
[2024-04-12T19:58:42.068+0800] {processor.py:840} INFO - DAG(s) 'example_sensor_decorator' retrieved from /Users/wanghaojin/Desktop/exchange@NUS/IS3107/HW/Project/news_data_pipeline/.venv/lib/python3.11/site-packages/airflow/example_dags/example_sensor_decorator.py
[2024-04-12T19:58:42.148+0800] {logging_mixin.py:188} INFO - [2024-04-12T19:58:42.148+0800] {dag.py:3036} INFO - Sync 1 DAGs
[2024-04-12T19:58:42.153+0800] {logging_mixin.py:188} INFO - [2024-04-12T19:58:42.153+0800] {dag.py:3823} INFO - Setting next_dagrun for example_sensor_decorator to None, run_after=None
[2024-04-12T19:58:42.164+0800] {processor.py:183} INFO - Processing /Users/wanghaojin/Desktop/exchange@NUS/IS3107/HW/Project/news_data_pipeline/.venv/lib/python3.11/site-packages/airflow/example_dags/example_sensor_decorator.py took 0.117 seconds
[2024-04-12T20:00:58.283+0800] {processor.py:161} INFO - Started process (PID=6770) to work on /Users/wanghaojin/Desktop/exchange@NUS/IS3107/HW/Project/news_data_pipeline/.venv/lib/python3.11/site-packages/airflow/example_dags/example_sensor_decorator.py
[2024-04-12T20:00:58.283+0800] {processor.py:830} INFO - Processing file /Users/wanghaojin/Desktop/exchange@NUS/IS3107/HW/Project/news_data_pipeline/.venv/lib/python3.11/site-packages/airflow/example_dags/example_sensor_decorator.py for tasks to queue
[2024-04-12T20:00:58.284+0800] {logging_mixin.py:188} INFO - [2024-04-12T20:00:58.284+0800] {dagbag.py:538} INFO - Filling up the DagBag from /Users/wanghaojin/Desktop/exchange@NUS/IS3107/HW/Project/news_data_pipeline/.venv/lib/python3.11/site-packages/airflow/example_dags/example_sensor_decorator.py
[2024-04-12T20:00:58.303+0800] {processor.py:840} INFO - DAG(s) 'example_sensor_decorator' retrieved from /Users/wanghaojin/Desktop/exchange@NUS/IS3107/HW/Project/news_data_pipeline/.venv/lib/python3.11/site-packages/airflow/example_dags/example_sensor_decorator.py
[2024-04-12T20:00:58.383+0800] {logging_mixin.py:188} INFO - [2024-04-12T20:00:58.383+0800] {dag.py:3036} INFO - Sync 1 DAGs
[2024-04-12T20:00:58.389+0800] {logging_mixin.py:188} INFO - [2024-04-12T20:00:58.388+0800] {dag.py:3823} INFO - Setting next_dagrun for example_sensor_decorator to None, run_after=None
[2024-04-12T20:00:58.399+0800] {processor.py:183} INFO - Processing /Users/wanghaojin/Desktop/exchange@NUS/IS3107/HW/Project/news_data_pipeline/.venv/lib/python3.11/site-packages/airflow/example_dags/example_sensor_decorator.py took 0.117 seconds
[2024-04-12T20:03:19.779+0800] {processor.py:161} INFO - Started process (PID=7073) to work on /Users/wanghaojin/Desktop/exchange@NUS/IS3107/HW/Project/news_data_pipeline/.venv/lib/python3.11/site-packages/airflow/example_dags/example_sensor_decorator.py
[2024-04-12T20:03:19.781+0800] {processor.py:830} INFO - Processing file /Users/wanghaojin/Desktop/exchange@NUS/IS3107/HW/Project/news_data_pipeline/.venv/lib/python3.11/site-packages/airflow/example_dags/example_sensor_decorator.py for tasks to queue
[2024-04-12T20:03:19.781+0800] {logging_mixin.py:188} INFO - [2024-04-12T20:03:19.781+0800] {dagbag.py:538} INFO - Filling up the DagBag from /Users/wanghaojin/Desktop/exchange@NUS/IS3107/HW/Project/news_data_pipeline/.venv/lib/python3.11/site-packages/airflow/example_dags/example_sensor_decorator.py
[2024-04-12T20:03:19.800+0800] {processor.py:840} INFO - DAG(s) 'example_sensor_decorator' retrieved from /Users/wanghaojin/Desktop/exchange@NUS/IS3107/HW/Project/news_data_pipeline/.venv/lib/python3.11/site-packages/airflow/example_dags/example_sensor_decorator.py
[2024-04-12T20:03:19.881+0800] {logging_mixin.py:188} INFO - [2024-04-12T20:03:19.881+0800] {dag.py:3036} INFO - Sync 1 DAGs
[2024-04-12T20:03:19.887+0800] {logging_mixin.py:188} INFO - [2024-04-12T20:03:19.886+0800] {dag.py:3823} INFO - Setting next_dagrun for example_sensor_decorator to None, run_after=None
[2024-04-12T20:03:19.897+0800] {processor.py:183} INFO - Processing /Users/wanghaojin/Desktop/exchange@NUS/IS3107/HW/Project/news_data_pipeline/.venv/lib/python3.11/site-packages/airflow/example_dags/example_sensor_decorator.py took 0.118 seconds
[2024-04-12T20:05:36.250+0800] {processor.py:161} INFO - Started process (PID=7271) to work on /Users/wanghaojin/Desktop/exchange@NUS/IS3107/HW/Project/news_data_pipeline/.venv/lib/python3.11/site-packages/airflow/example_dags/example_sensor_decorator.py
[2024-04-12T20:05:36.251+0800] {processor.py:830} INFO - Processing file /Users/wanghaojin/Desktop/exchange@NUS/IS3107/HW/Project/news_data_pipeline/.venv/lib/python3.11/site-packages/airflow/example_dags/example_sensor_decorator.py for tasks to queue
[2024-04-12T20:05:36.251+0800] {logging_mixin.py:188} INFO - [2024-04-12T20:05:36.251+0800] {dagbag.py:538} INFO - Filling up the DagBag from /Users/wanghaojin/Desktop/exchange@NUS/IS3107/HW/Project/news_data_pipeline/.venv/lib/python3.11/site-packages/airflow/example_dags/example_sensor_decorator.py
[2024-04-12T20:05:36.270+0800] {processor.py:840} INFO - DAG(s) 'example_sensor_decorator' retrieved from /Users/wanghaojin/Desktop/exchange@NUS/IS3107/HW/Project/news_data_pipeline/.venv/lib/python3.11/site-packages/airflow/example_dags/example_sensor_decorator.py
[2024-04-12T20:05:36.352+0800] {logging_mixin.py:188} INFO - [2024-04-12T20:05:36.352+0800] {dag.py:3036} INFO - Sync 1 DAGs
[2024-04-12T20:05:36.358+0800] {logging_mixin.py:188} INFO - [2024-04-12T20:05:36.358+0800] {dag.py:3823} INFO - Setting next_dagrun for example_sensor_decorator to None, run_after=None
[2024-04-12T20:05:36.368+0800] {processor.py:183} INFO - Processing /Users/wanghaojin/Desktop/exchange@NUS/IS3107/HW/Project/news_data_pipeline/.venv/lib/python3.11/site-packages/airflow/example_dags/example_sensor_decorator.py took 0.119 seconds
[2024-04-12T20:07:53.783+0800] {processor.py:161} INFO - Started process (PID=7495) to work on /Users/wanghaojin/Desktop/exchange@NUS/IS3107/HW/Project/news_data_pipeline/.venv/lib/python3.11/site-packages/airflow/example_dags/example_sensor_decorator.py
[2024-04-12T20:07:53.783+0800] {processor.py:830} INFO - Processing file /Users/wanghaojin/Desktop/exchange@NUS/IS3107/HW/Project/news_data_pipeline/.venv/lib/python3.11/site-packages/airflow/example_dags/example_sensor_decorator.py for tasks to queue
[2024-04-12T20:07:53.784+0800] {logging_mixin.py:188} INFO - [2024-04-12T20:07:53.784+0800] {dagbag.py:538} INFO - Filling up the DagBag from /Users/wanghaojin/Desktop/exchange@NUS/IS3107/HW/Project/news_data_pipeline/.venv/lib/python3.11/site-packages/airflow/example_dags/example_sensor_decorator.py
[2024-04-12T20:07:53.803+0800] {processor.py:840} INFO - DAG(s) 'example_sensor_decorator' retrieved from /Users/wanghaojin/Desktop/exchange@NUS/IS3107/HW/Project/news_data_pipeline/.venv/lib/python3.11/site-packages/airflow/example_dags/example_sensor_decorator.py
[2024-04-12T20:07:53.886+0800] {logging_mixin.py:188} INFO - [2024-04-12T20:07:53.885+0800] {dag.py:3036} INFO - Sync 1 DAGs
[2024-04-12T20:07:53.892+0800] {logging_mixin.py:188} INFO - [2024-04-12T20:07:53.892+0800] {dag.py:3823} INFO - Setting next_dagrun for example_sensor_decorator to None, run_after=None
[2024-04-12T20:07:53.902+0800] {processor.py:183} INFO - Processing /Users/wanghaojin/Desktop/exchange@NUS/IS3107/HW/Project/news_data_pipeline/.venv/lib/python3.11/site-packages/airflow/example_dags/example_sensor_decorator.py took 0.120 seconds
[2024-04-12T20:10:10.451+0800] {processor.py:161} INFO - Started process (PID=7665) to work on /Users/wanghaojin/Desktop/exchange@NUS/IS3107/HW/Project/news_data_pipeline/.venv/lib/python3.11/site-packages/airflow/example_dags/example_sensor_decorator.py
[2024-04-12T20:10:10.451+0800] {processor.py:830} INFO - Processing file /Users/wanghaojin/Desktop/exchange@NUS/IS3107/HW/Project/news_data_pipeline/.venv/lib/python3.11/site-packages/airflow/example_dags/example_sensor_decorator.py for tasks to queue
[2024-04-12T20:10:10.452+0800] {logging_mixin.py:188} INFO - [2024-04-12T20:10:10.451+0800] {dagbag.py:538} INFO - Filling up the DagBag from /Users/wanghaojin/Desktop/exchange@NUS/IS3107/HW/Project/news_data_pipeline/.venv/lib/python3.11/site-packages/airflow/example_dags/example_sensor_decorator.py
[2024-04-12T20:10:10.470+0800] {processor.py:840} INFO - DAG(s) 'example_sensor_decorator' retrieved from /Users/wanghaojin/Desktop/exchange@NUS/IS3107/HW/Project/news_data_pipeline/.venv/lib/python3.11/site-packages/airflow/example_dags/example_sensor_decorator.py
[2024-04-12T20:10:10.551+0800] {logging_mixin.py:188} INFO - [2024-04-12T20:10:10.551+0800] {dag.py:3036} INFO - Sync 1 DAGs
[2024-04-12T20:10:10.557+0800] {logging_mixin.py:188} INFO - [2024-04-12T20:10:10.557+0800] {dag.py:3823} INFO - Setting next_dagrun for example_sensor_decorator to None, run_after=None
[2024-04-12T20:10:10.567+0800] {processor.py:183} INFO - Processing /Users/wanghaojin/Desktop/exchange@NUS/IS3107/HW/Project/news_data_pipeline/.venv/lib/python3.11/site-packages/airflow/example_dags/example_sensor_decorator.py took 0.117 seconds
[2024-04-12T20:12:28.417+0800] {processor.py:161} INFO - Started process (PID=7905) to work on /Users/wanghaojin/Desktop/exchange@NUS/IS3107/HW/Project/news_data_pipeline/.venv/lib/python3.11/site-packages/airflow/example_dags/example_sensor_decorator.py
[2024-04-12T20:12:28.419+0800] {processor.py:830} INFO - Processing file /Users/wanghaojin/Desktop/exchange@NUS/IS3107/HW/Project/news_data_pipeline/.venv/lib/python3.11/site-packages/airflow/example_dags/example_sensor_decorator.py for tasks to queue
[2024-04-12T20:12:28.420+0800] {logging_mixin.py:188} INFO - [2024-04-12T20:12:28.419+0800] {dagbag.py:538} INFO - Filling up the DagBag from /Users/wanghaojin/Desktop/exchange@NUS/IS3107/HW/Project/news_data_pipeline/.venv/lib/python3.11/site-packages/airflow/example_dags/example_sensor_decorator.py
[2024-04-12T20:12:28.439+0800] {processor.py:840} INFO - DAG(s) 'example_sensor_decorator' retrieved from /Users/wanghaojin/Desktop/exchange@NUS/IS3107/HW/Project/news_data_pipeline/.venv/lib/python3.11/site-packages/airflow/example_dags/example_sensor_decorator.py
[2024-04-12T20:12:28.526+0800] {logging_mixin.py:188} INFO - [2024-04-12T20:12:28.526+0800] {dag.py:3036} INFO - Sync 1 DAGs
[2024-04-12T20:12:28.531+0800] {logging_mixin.py:188} INFO - [2024-04-12T20:12:28.531+0800] {dag.py:3823} INFO - Setting next_dagrun for example_sensor_decorator to None, run_after=None
[2024-04-12T20:12:28.542+0800] {processor.py:183} INFO - Processing /Users/wanghaojin/Desktop/exchange@NUS/IS3107/HW/Project/news_data_pipeline/.venv/lib/python3.11/site-packages/airflow/example_dags/example_sensor_decorator.py took 0.125 seconds
[2024-04-12T20:14:45.277+0800] {processor.py:161} INFO - Started process (PID=8135) to work on /Users/wanghaojin/Desktop/exchange@NUS/IS3107/HW/Project/news_data_pipeline/.venv/lib/python3.11/site-packages/airflow/example_dags/example_sensor_decorator.py
[2024-04-12T20:14:45.278+0800] {processor.py:830} INFO - Processing file /Users/wanghaojin/Desktop/exchange@NUS/IS3107/HW/Project/news_data_pipeline/.venv/lib/python3.11/site-packages/airflow/example_dags/example_sensor_decorator.py for tasks to queue
[2024-04-12T20:14:45.279+0800] {logging_mixin.py:188} INFO - [2024-04-12T20:14:45.279+0800] {dagbag.py:538} INFO - Filling up the DagBag from /Users/wanghaojin/Desktop/exchange@NUS/IS3107/HW/Project/news_data_pipeline/.venv/lib/python3.11/site-packages/airflow/example_dags/example_sensor_decorator.py
[2024-04-12T20:14:45.298+0800] {processor.py:840} INFO - DAG(s) 'example_sensor_decorator' retrieved from /Users/wanghaojin/Desktop/exchange@NUS/IS3107/HW/Project/news_data_pipeline/.venv/lib/python3.11/site-packages/airflow/example_dags/example_sensor_decorator.py
[2024-04-12T20:14:45.380+0800] {logging_mixin.py:188} INFO - [2024-04-12T20:14:45.380+0800] {dag.py:3036} INFO - Sync 1 DAGs
[2024-04-12T20:14:45.386+0800] {logging_mixin.py:188} INFO - [2024-04-12T20:14:45.386+0800] {dag.py:3823} INFO - Setting next_dagrun for example_sensor_decorator to None, run_after=None
[2024-04-12T20:14:45.397+0800] {processor.py:183} INFO - Processing /Users/wanghaojin/Desktop/exchange@NUS/IS3107/HW/Project/news_data_pipeline/.venv/lib/python3.11/site-packages/airflow/example_dags/example_sensor_decorator.py took 0.120 seconds
[2024-04-12T20:17:03.398+0800] {processor.py:161} INFO - Started process (PID=8427) to work on /Users/wanghaojin/Desktop/exchange@NUS/IS3107/HW/Project/news_data_pipeline/.venv/lib/python3.11/site-packages/airflow/example_dags/example_sensor_decorator.py
[2024-04-12T20:17:03.399+0800] {processor.py:830} INFO - Processing file /Users/wanghaojin/Desktop/exchange@NUS/IS3107/HW/Project/news_data_pipeline/.venv/lib/python3.11/site-packages/airflow/example_dags/example_sensor_decorator.py for tasks to queue
[2024-04-12T20:17:03.399+0800] {logging_mixin.py:188} INFO - [2024-04-12T20:17:03.399+0800] {dagbag.py:538} INFO - Filling up the DagBag from /Users/wanghaojin/Desktop/exchange@NUS/IS3107/HW/Project/news_data_pipeline/.venv/lib/python3.11/site-packages/airflow/example_dags/example_sensor_decorator.py
[2024-04-12T20:17:03.418+0800] {processor.py:840} INFO - DAG(s) 'example_sensor_decorator' retrieved from /Users/wanghaojin/Desktop/exchange@NUS/IS3107/HW/Project/news_data_pipeline/.venv/lib/python3.11/site-packages/airflow/example_dags/example_sensor_decorator.py
[2024-04-12T20:17:03.500+0800] {logging_mixin.py:188} INFO - [2024-04-12T20:17:03.499+0800] {dag.py:3036} INFO - Sync 1 DAGs
[2024-04-12T20:17:03.505+0800] {logging_mixin.py:188} INFO - [2024-04-12T20:17:03.505+0800] {dag.py:3823} INFO - Setting next_dagrun for example_sensor_decorator to None, run_after=None
[2024-04-12T20:17:03.515+0800] {processor.py:183} INFO - Processing /Users/wanghaojin/Desktop/exchange@NUS/IS3107/HW/Project/news_data_pipeline/.venv/lib/python3.11/site-packages/airflow/example_dags/example_sensor_decorator.py took 0.118 seconds
[2024-04-12T20:19:04.573+0800] {processor.py:161} INFO - Started process (PID=8728) to work on /Users/wanghaojin/Desktop/exchange@NUS/IS3107/HW/Project/news_data_pipeline/.venv/lib/python3.11/site-packages/airflow/example_dags/example_sensor_decorator.py
[2024-04-12T20:19:04.574+0800] {processor.py:830} INFO - Processing file /Users/wanghaojin/Desktop/exchange@NUS/IS3107/HW/Project/news_data_pipeline/.venv/lib/python3.11/site-packages/airflow/example_dags/example_sensor_decorator.py for tasks to queue
[2024-04-12T20:19:04.575+0800] {logging_mixin.py:188} INFO - [2024-04-12T20:19:04.575+0800] {dagbag.py:538} INFO - Filling up the DagBag from /Users/wanghaojin/Desktop/exchange@NUS/IS3107/HW/Project/news_data_pipeline/.venv/lib/python3.11/site-packages/airflow/example_dags/example_sensor_decorator.py
[2024-04-12T20:19:04.594+0800] {processor.py:840} INFO - DAG(s) 'example_sensor_decorator' retrieved from /Users/wanghaojin/Desktop/exchange@NUS/IS3107/HW/Project/news_data_pipeline/.venv/lib/python3.11/site-packages/airflow/example_dags/example_sensor_decorator.py
[2024-04-12T20:19:04.717+0800] {logging_mixin.py:188} INFO - [2024-04-12T20:19:04.717+0800] {dag.py:3036} INFO - Sync 1 DAGs
[2024-04-12T20:19:04.721+0800] {logging_mixin.py:188} INFO - [2024-04-12T20:19:04.721+0800] {dag.py:3823} INFO - Setting next_dagrun for example_sensor_decorator to None, run_after=None
[2024-04-12T20:19:04.732+0800] {processor.py:183} INFO - Processing /Users/wanghaojin/Desktop/exchange@NUS/IS3107/HW/Project/news_data_pipeline/.venv/lib/python3.11/site-packages/airflow/example_dags/example_sensor_decorator.py took 0.159 seconds
[2024-04-12T20:21:24.051+0800] {processor.py:161} INFO - Started process (PID=8926) to work on /Users/wanghaojin/Desktop/exchange@NUS/IS3107/HW/Project/news_data_pipeline/.venv/lib/python3.11/site-packages/airflow/example_dags/example_sensor_decorator.py
[2024-04-12T20:21:24.052+0800] {processor.py:830} INFO - Processing file /Users/wanghaojin/Desktop/exchange@NUS/IS3107/HW/Project/news_data_pipeline/.venv/lib/python3.11/site-packages/airflow/example_dags/example_sensor_decorator.py for tasks to queue
[2024-04-12T20:21:24.053+0800] {logging_mixin.py:188} INFO - [2024-04-12T20:21:24.053+0800] {dagbag.py:538} INFO - Filling up the DagBag from /Users/wanghaojin/Desktop/exchange@NUS/IS3107/HW/Project/news_data_pipeline/.venv/lib/python3.11/site-packages/airflow/example_dags/example_sensor_decorator.py
[2024-04-12T20:21:24.071+0800] {processor.py:840} INFO - DAG(s) 'example_sensor_decorator' retrieved from /Users/wanghaojin/Desktop/exchange@NUS/IS3107/HW/Project/news_data_pipeline/.venv/lib/python3.11/site-packages/airflow/example_dags/example_sensor_decorator.py
[2024-04-12T20:21:24.194+0800] {logging_mixin.py:188} INFO - [2024-04-12T20:21:24.194+0800] {dag.py:3036} INFO - Sync 1 DAGs
[2024-04-12T20:21:24.199+0800] {logging_mixin.py:188} INFO - [2024-04-12T20:21:24.198+0800] {dag.py:3823} INFO - Setting next_dagrun for example_sensor_decorator to None, run_after=None
[2024-04-12T20:21:24.209+0800] {processor.py:183} INFO - Processing /Users/wanghaojin/Desktop/exchange@NUS/IS3107/HW/Project/news_data_pipeline/.venv/lib/python3.11/site-packages/airflow/example_dags/example_sensor_decorator.py took 0.159 seconds
[2024-04-12T20:23:02.338+0800] {processor.py:161} INFO - Started process (PID=9021) to work on /Users/wanghaojin/Desktop/exchange@NUS/IS3107/HW/Project/news_data_pipeline/.venv/lib/python3.11/site-packages/airflow/example_dags/example_sensor_decorator.py
[2024-04-12T20:23:02.338+0800] {processor.py:830} INFO - Processing file /Users/wanghaojin/Desktop/exchange@NUS/IS3107/HW/Project/news_data_pipeline/.venv/lib/python3.11/site-packages/airflow/example_dags/example_sensor_decorator.py for tasks to queue
[2024-04-12T20:23:02.339+0800] {logging_mixin.py:188} INFO - [2024-04-12T20:23:02.339+0800] {dagbag.py:538} INFO - Filling up the DagBag from /Users/wanghaojin/Desktop/exchange@NUS/IS3107/HW/Project/news_data_pipeline/.venv/lib/python3.11/site-packages/airflow/example_dags/example_sensor_decorator.py
[2024-04-12T20:23:02.357+0800] {processor.py:840} INFO - DAG(s) 'example_sensor_decorator' retrieved from /Users/wanghaojin/Desktop/exchange@NUS/IS3107/HW/Project/news_data_pipeline/.venv/lib/python3.11/site-packages/airflow/example_dags/example_sensor_decorator.py
[2024-04-12T20:23:02.437+0800] {logging_mixin.py:188} INFO - [2024-04-12T20:23:02.437+0800] {dag.py:3036} INFO - Sync 1 DAGs
[2024-04-12T20:23:02.443+0800] {logging_mixin.py:188} INFO - [2024-04-12T20:23:02.443+0800] {dag.py:3823} INFO - Setting next_dagrun for example_sensor_decorator to None, run_after=None
[2024-04-12T20:23:02.453+0800] {processor.py:183} INFO - Processing /Users/wanghaojin/Desktop/exchange@NUS/IS3107/HW/Project/news_data_pipeline/.venv/lib/python3.11/site-packages/airflow/example_dags/example_sensor_decorator.py took 0.116 seconds
[2024-04-12T20:25:35.751+0800] {processor.py:161} INFO - Started process (PID=9263) to work on /Users/wanghaojin/Desktop/exchange@NUS/IS3107/HW/Project/news_data_pipeline/.venv/lib/python3.11/site-packages/airflow/example_dags/example_sensor_decorator.py
[2024-04-12T20:25:35.752+0800] {processor.py:830} INFO - Processing file /Users/wanghaojin/Desktop/exchange@NUS/IS3107/HW/Project/news_data_pipeline/.venv/lib/python3.11/site-packages/airflow/example_dags/example_sensor_decorator.py for tasks to queue
[2024-04-12T20:25:35.752+0800] {logging_mixin.py:188} INFO - [2024-04-12T20:25:35.752+0800] {dagbag.py:538} INFO - Filling up the DagBag from /Users/wanghaojin/Desktop/exchange@NUS/IS3107/HW/Project/news_data_pipeline/.venv/lib/python3.11/site-packages/airflow/example_dags/example_sensor_decorator.py
[2024-04-12T20:25:35.771+0800] {processor.py:840} INFO - DAG(s) 'example_sensor_decorator' retrieved from /Users/wanghaojin/Desktop/exchange@NUS/IS3107/HW/Project/news_data_pipeline/.venv/lib/python3.11/site-packages/airflow/example_dags/example_sensor_decorator.py
[2024-04-12T20:25:35.851+0800] {logging_mixin.py:188} INFO - [2024-04-12T20:25:35.851+0800] {dag.py:3036} INFO - Sync 1 DAGs
[2024-04-12T20:25:35.857+0800] {logging_mixin.py:188} INFO - [2024-04-12T20:25:35.856+0800] {dag.py:3823} INFO - Setting next_dagrun for example_sensor_decorator to None, run_after=None
[2024-04-12T20:25:35.867+0800] {processor.py:183} INFO - Processing /Users/wanghaojin/Desktop/exchange@NUS/IS3107/HW/Project/news_data_pipeline/.venv/lib/python3.11/site-packages/airflow/example_dags/example_sensor_decorator.py took 0.117 seconds
[2024-04-12T20:27:55.216+0800] {processor.py:161} INFO - Started process (PID=9516) to work on /Users/wanghaojin/Desktop/exchange@NUS/IS3107/HW/Project/news_data_pipeline/.venv/lib/python3.11/site-packages/airflow/example_dags/example_sensor_decorator.py
[2024-04-12T20:27:55.217+0800] {processor.py:830} INFO - Processing file /Users/wanghaojin/Desktop/exchange@NUS/IS3107/HW/Project/news_data_pipeline/.venv/lib/python3.11/site-packages/airflow/example_dags/example_sensor_decorator.py for tasks to queue
[2024-04-12T20:27:55.217+0800] {logging_mixin.py:188} INFO - [2024-04-12T20:27:55.217+0800] {dagbag.py:538} INFO - Filling up the DagBag from /Users/wanghaojin/Desktop/exchange@NUS/IS3107/HW/Project/news_data_pipeline/.venv/lib/python3.11/site-packages/airflow/example_dags/example_sensor_decorator.py
[2024-04-12T20:27:55.236+0800] {processor.py:840} INFO - DAG(s) 'example_sensor_decorator' retrieved from /Users/wanghaojin/Desktop/exchange@NUS/IS3107/HW/Project/news_data_pipeline/.venv/lib/python3.11/site-packages/airflow/example_dags/example_sensor_decorator.py
[2024-04-12T20:27:55.316+0800] {logging_mixin.py:188} INFO - [2024-04-12T20:27:55.315+0800] {dag.py:3036} INFO - Sync 1 DAGs
[2024-04-12T20:27:55.321+0800] {logging_mixin.py:188} INFO - [2024-04-12T20:27:55.321+0800] {dag.py:3823} INFO - Setting next_dagrun for example_sensor_decorator to None, run_after=None
[2024-04-12T20:27:55.331+0800] {processor.py:183} INFO - Processing /Users/wanghaojin/Desktop/exchange@NUS/IS3107/HW/Project/news_data_pipeline/.venv/lib/python3.11/site-packages/airflow/example_dags/example_sensor_decorator.py took 0.116 seconds
[2024-04-12T20:30:08.800+0800] {processor.py:161} INFO - Started process (PID=9808) to work on /Users/wanghaojin/Desktop/exchange@NUS/IS3107/HW/Project/news_data_pipeline/.venv/lib/python3.11/site-packages/airflow/example_dags/example_sensor_decorator.py
[2024-04-12T20:30:08.802+0800] {processor.py:830} INFO - Processing file /Users/wanghaojin/Desktop/exchange@NUS/IS3107/HW/Project/news_data_pipeline/.venv/lib/python3.11/site-packages/airflow/example_dags/example_sensor_decorator.py for tasks to queue
[2024-04-12T20:30:08.802+0800] {logging_mixin.py:188} INFO - [2024-04-12T20:30:08.802+0800] {dagbag.py:538} INFO - Filling up the DagBag from /Users/wanghaojin/Desktop/exchange@NUS/IS3107/HW/Project/news_data_pipeline/.venv/lib/python3.11/site-packages/airflow/example_dags/example_sensor_decorator.py
[2024-04-12T20:30:08.821+0800] {processor.py:840} INFO - DAG(s) 'example_sensor_decorator' retrieved from /Users/wanghaojin/Desktop/exchange@NUS/IS3107/HW/Project/news_data_pipeline/.venv/lib/python3.11/site-packages/airflow/example_dags/example_sensor_decorator.py
[2024-04-12T20:30:08.946+0800] {logging_mixin.py:188} INFO - [2024-04-12T20:30:08.946+0800] {dag.py:3036} INFO - Sync 1 DAGs
[2024-04-12T20:30:08.950+0800] {logging_mixin.py:188} INFO - [2024-04-12T20:30:08.950+0800] {dag.py:3823} INFO - Setting next_dagrun for example_sensor_decorator to None, run_after=None
[2024-04-12T20:30:08.960+0800] {processor.py:183} INFO - Processing /Users/wanghaojin/Desktop/exchange@NUS/IS3107/HW/Project/news_data_pipeline/.venv/lib/python3.11/site-packages/airflow/example_dags/example_sensor_decorator.py took 0.161 seconds
[2024-04-12T20:31:48.449+0800] {processor.py:161} INFO - Started process (PID=9946) to work on /Users/wanghaojin/Desktop/exchange@NUS/IS3107/HW/Project/news_data_pipeline/.venv/lib/python3.11/site-packages/airflow/example_dags/example_sensor_decorator.py
[2024-04-12T20:31:48.450+0800] {processor.py:830} INFO - Processing file /Users/wanghaojin/Desktop/exchange@NUS/IS3107/HW/Project/news_data_pipeline/.venv/lib/python3.11/site-packages/airflow/example_dags/example_sensor_decorator.py for tasks to queue
[2024-04-12T20:31:48.450+0800] {logging_mixin.py:188} INFO - [2024-04-12T20:31:48.450+0800] {dagbag.py:538} INFO - Filling up the DagBag from /Users/wanghaojin/Desktop/exchange@NUS/IS3107/HW/Project/news_data_pipeline/.venv/lib/python3.11/site-packages/airflow/example_dags/example_sensor_decorator.py
[2024-04-12T20:31:48.472+0800] {processor.py:840} INFO - DAG(s) 'example_sensor_decorator' retrieved from /Users/wanghaojin/Desktop/exchange@NUS/IS3107/HW/Project/news_data_pipeline/.venv/lib/python3.11/site-packages/airflow/example_dags/example_sensor_decorator.py
[2024-04-12T20:31:48.559+0800] {logging_mixin.py:188} INFO - [2024-04-12T20:31:48.559+0800] {dag.py:3036} INFO - Sync 1 DAGs
[2024-04-12T20:31:48.564+0800] {logging_mixin.py:188} INFO - [2024-04-12T20:31:48.564+0800] {dag.py:3823} INFO - Setting next_dagrun for example_sensor_decorator to None, run_after=None
[2024-04-12T20:31:48.575+0800] {processor.py:183} INFO - Processing /Users/wanghaojin/Desktop/exchange@NUS/IS3107/HW/Project/news_data_pipeline/.venv/lib/python3.11/site-packages/airflow/example_dags/example_sensor_decorator.py took 0.127 seconds
[2024-04-12T20:34:27.562+0800] {processor.py:161} INFO - Started process (PID=10252) to work on /Users/wanghaojin/Desktop/exchange@NUS/IS3107/HW/Project/news_data_pipeline/.venv/lib/python3.11/site-packages/airflow/example_dags/example_sensor_decorator.py
[2024-04-12T20:34:27.563+0800] {processor.py:830} INFO - Processing file /Users/wanghaojin/Desktop/exchange@NUS/IS3107/HW/Project/news_data_pipeline/.venv/lib/python3.11/site-packages/airflow/example_dags/example_sensor_decorator.py for tasks to queue
[2024-04-12T20:34:27.563+0800] {logging_mixin.py:188} INFO - [2024-04-12T20:34:27.563+0800] {dagbag.py:538} INFO - Filling up the DagBag from /Users/wanghaojin/Desktop/exchange@NUS/IS3107/HW/Project/news_data_pipeline/.venv/lib/python3.11/site-packages/airflow/example_dags/example_sensor_decorator.py
[2024-04-12T20:34:27.582+0800] {processor.py:840} INFO - DAG(s) 'example_sensor_decorator' retrieved from /Users/wanghaojin/Desktop/exchange@NUS/IS3107/HW/Project/news_data_pipeline/.venv/lib/python3.11/site-packages/airflow/example_dags/example_sensor_decorator.py
[2024-04-12T20:34:27.705+0800] {logging_mixin.py:188} INFO - [2024-04-12T20:34:27.705+0800] {dag.py:3036} INFO - Sync 1 DAGs
[2024-04-12T20:34:27.710+0800] {logging_mixin.py:188} INFO - [2024-04-12T20:34:27.710+0800] {dag.py:3823} INFO - Setting next_dagrun for example_sensor_decorator to None, run_after=None
[2024-04-12T20:34:27.720+0800] {processor.py:183} INFO - Processing /Users/wanghaojin/Desktop/exchange@NUS/IS3107/HW/Project/news_data_pipeline/.venv/lib/python3.11/site-packages/airflow/example_dags/example_sensor_decorator.py took 0.159 seconds
[2024-04-12T20:35:34.303+0800] {processor.py:161} INFO - Started process (PID=10383) to work on /Users/wanghaojin/Desktop/exchange@NUS/IS3107/HW/Project/news_data_pipeline/.venv/lib/python3.11/site-packages/airflow/example_dags/example_sensor_decorator.py
[2024-04-12T20:35:34.304+0800] {processor.py:830} INFO - Processing file /Users/wanghaojin/Desktop/exchange@NUS/IS3107/HW/Project/news_data_pipeline/.venv/lib/python3.11/site-packages/airflow/example_dags/example_sensor_decorator.py for tasks to queue
[2024-04-12T20:35:34.304+0800] {logging_mixin.py:188} INFO - [2024-04-12T20:35:34.304+0800] {dagbag.py:538} INFO - Filling up the DagBag from /Users/wanghaojin/Desktop/exchange@NUS/IS3107/HW/Project/news_data_pipeline/.venv/lib/python3.11/site-packages/airflow/example_dags/example_sensor_decorator.py
[2024-04-12T20:35:34.323+0800] {processor.py:840} INFO - DAG(s) 'example_sensor_decorator' retrieved from /Users/wanghaojin/Desktop/exchange@NUS/IS3107/HW/Project/news_data_pipeline/.venv/lib/python3.11/site-packages/airflow/example_dags/example_sensor_decorator.py
[2024-04-12T20:35:34.447+0800] {logging_mixin.py:188} INFO - [2024-04-12T20:35:34.447+0800] {dag.py:3036} INFO - Sync 1 DAGs
[2024-04-12T20:35:34.451+0800] {logging_mixin.py:188} INFO - [2024-04-12T20:35:34.451+0800] {dag.py:3823} INFO - Setting next_dagrun for example_sensor_decorator to None, run_after=None
[2024-04-12T20:35:34.462+0800] {processor.py:183} INFO - Processing /Users/wanghaojin/Desktop/exchange@NUS/IS3107/HW/Project/news_data_pipeline/.venv/lib/python3.11/site-packages/airflow/example_dags/example_sensor_decorator.py took 0.159 seconds
[2024-04-12T20:36:55.665+0800] {processor.py:161} INFO - Started process (PID=10543) to work on /Users/wanghaojin/Desktop/exchange@NUS/IS3107/HW/Project/news_data_pipeline/.venv/lib/python3.11/site-packages/airflow/example_dags/example_sensor_decorator.py
[2024-04-12T20:36:55.666+0800] {processor.py:830} INFO - Processing file /Users/wanghaojin/Desktop/exchange@NUS/IS3107/HW/Project/news_data_pipeline/.venv/lib/python3.11/site-packages/airflow/example_dags/example_sensor_decorator.py for tasks to queue
[2024-04-12T20:36:55.666+0800] {logging_mixin.py:188} INFO - [2024-04-12T20:36:55.666+0800] {dagbag.py:538} INFO - Filling up the DagBag from /Users/wanghaojin/Desktop/exchange@NUS/IS3107/HW/Project/news_data_pipeline/.venv/lib/python3.11/site-packages/airflow/example_dags/example_sensor_decorator.py
[2024-04-12T20:36:55.685+0800] {processor.py:840} INFO - DAG(s) 'example_sensor_decorator' retrieved from /Users/wanghaojin/Desktop/exchange@NUS/IS3107/HW/Project/news_data_pipeline/.venv/lib/python3.11/site-packages/airflow/example_dags/example_sensor_decorator.py
[2024-04-12T20:36:55.809+0800] {logging_mixin.py:188} INFO - [2024-04-12T20:36:55.809+0800] {dag.py:3036} INFO - Sync 1 DAGs
[2024-04-12T20:36:55.814+0800] {logging_mixin.py:188} INFO - [2024-04-12T20:36:55.814+0800] {dag.py:3823} INFO - Setting next_dagrun for example_sensor_decorator to None, run_after=None
[2024-04-12T20:36:55.824+0800] {processor.py:183} INFO - Processing /Users/wanghaojin/Desktop/exchange@NUS/IS3107/HW/Project/news_data_pipeline/.venv/lib/python3.11/site-packages/airflow/example_dags/example_sensor_decorator.py took 0.159 seconds
[2024-04-12T20:38:34.947+0800] {processor.py:161} INFO - Started process (PID=10679) to work on /Users/wanghaojin/Desktop/exchange@NUS/IS3107/HW/Project/news_data_pipeline/.venv/lib/python3.11/site-packages/airflow/example_dags/example_sensor_decorator.py
[2024-04-12T20:38:34.947+0800] {processor.py:830} INFO - Processing file /Users/wanghaojin/Desktop/exchange@NUS/IS3107/HW/Project/news_data_pipeline/.venv/lib/python3.11/site-packages/airflow/example_dags/example_sensor_decorator.py for tasks to queue
[2024-04-12T20:38:34.948+0800] {logging_mixin.py:188} INFO - [2024-04-12T20:38:34.948+0800] {dagbag.py:538} INFO - Filling up the DagBag from /Users/wanghaojin/Desktop/exchange@NUS/IS3107/HW/Project/news_data_pipeline/.venv/lib/python3.11/site-packages/airflow/example_dags/example_sensor_decorator.py
[2024-04-12T20:38:34.967+0800] {processor.py:840} INFO - DAG(s) 'example_sensor_decorator' retrieved from /Users/wanghaojin/Desktop/exchange@NUS/IS3107/HW/Project/news_data_pipeline/.venv/lib/python3.11/site-packages/airflow/example_dags/example_sensor_decorator.py
[2024-04-12T20:38:35.048+0800] {logging_mixin.py:188} INFO - [2024-04-12T20:38:35.047+0800] {dag.py:3036} INFO - Sync 1 DAGs
[2024-04-12T20:38:35.053+0800] {logging_mixin.py:188} INFO - [2024-04-12T20:38:35.053+0800] {dag.py:3823} INFO - Setting next_dagrun for example_sensor_decorator to None, run_after=None
[2024-04-12T20:38:35.064+0800] {processor.py:183} INFO - Processing /Users/wanghaojin/Desktop/exchange@NUS/IS3107/HW/Project/news_data_pipeline/.venv/lib/python3.11/site-packages/airflow/example_dags/example_sensor_decorator.py took 0.118 seconds
[2024-04-12T20:40:50.545+0800] {processor.py:161} INFO - Started process (PID=10885) to work on /Users/wanghaojin/Desktop/exchange@NUS/IS3107/HW/Project/news_data_pipeline/.venv/lib/python3.11/site-packages/airflow/example_dags/example_sensor_decorator.py
[2024-04-12T20:40:50.545+0800] {processor.py:830} INFO - Processing file /Users/wanghaojin/Desktop/exchange@NUS/IS3107/HW/Project/news_data_pipeline/.venv/lib/python3.11/site-packages/airflow/example_dags/example_sensor_decorator.py for tasks to queue
[2024-04-12T20:40:50.546+0800] {logging_mixin.py:188} INFO - [2024-04-12T20:40:50.546+0800] {dagbag.py:538} INFO - Filling up the DagBag from /Users/wanghaojin/Desktop/exchange@NUS/IS3107/HW/Project/news_data_pipeline/.venv/lib/python3.11/site-packages/airflow/example_dags/example_sensor_decorator.py
[2024-04-12T20:40:50.564+0800] {processor.py:840} INFO - DAG(s) 'example_sensor_decorator' retrieved from /Users/wanghaojin/Desktop/exchange@NUS/IS3107/HW/Project/news_data_pipeline/.venv/lib/python3.11/site-packages/airflow/example_dags/example_sensor_decorator.py
[2024-04-12T20:40:50.645+0800] {logging_mixin.py:188} INFO - [2024-04-12T20:40:50.645+0800] {dag.py:3036} INFO - Sync 1 DAGs
[2024-04-12T20:40:50.650+0800] {logging_mixin.py:188} INFO - [2024-04-12T20:40:50.650+0800] {dag.py:3823} INFO - Setting next_dagrun for example_sensor_decorator to None, run_after=None
[2024-04-12T20:40:50.660+0800] {processor.py:183} INFO - Processing /Users/wanghaojin/Desktop/exchange@NUS/IS3107/HW/Project/news_data_pipeline/.venv/lib/python3.11/site-packages/airflow/example_dags/example_sensor_decorator.py took 0.116 seconds
[2024-04-12T20:43:12.424+0800] {processor.py:161} INFO - Started process (PID=11112) to work on /Users/wanghaojin/Desktop/exchange@NUS/IS3107/HW/Project/news_data_pipeline/.venv/lib/python3.11/site-packages/airflow/example_dags/example_sensor_decorator.py
[2024-04-12T20:43:12.425+0800] {processor.py:830} INFO - Processing file /Users/wanghaojin/Desktop/exchange@NUS/IS3107/HW/Project/news_data_pipeline/.venv/lib/python3.11/site-packages/airflow/example_dags/example_sensor_decorator.py for tasks to queue
[2024-04-12T20:43:12.425+0800] {logging_mixin.py:188} INFO - [2024-04-12T20:43:12.425+0800] {dagbag.py:538} INFO - Filling up the DagBag from /Users/wanghaojin/Desktop/exchange@NUS/IS3107/HW/Project/news_data_pipeline/.venv/lib/python3.11/site-packages/airflow/example_dags/example_sensor_decorator.py
[2024-04-12T20:43:12.445+0800] {processor.py:840} INFO - DAG(s) 'example_sensor_decorator' retrieved from /Users/wanghaojin/Desktop/exchange@NUS/IS3107/HW/Project/news_data_pipeline/.venv/lib/python3.11/site-packages/airflow/example_dags/example_sensor_decorator.py
[2024-04-12T20:43:12.535+0800] {logging_mixin.py:188} INFO - [2024-04-12T20:43:12.534+0800] {dag.py:3036} INFO - Sync 1 DAGs
[2024-04-12T20:43:12.540+0800] {logging_mixin.py:188} INFO - [2024-04-12T20:43:12.540+0800] {dag.py:3823} INFO - Setting next_dagrun for example_sensor_decorator to None, run_after=None
[2024-04-12T20:43:12.551+0800] {processor.py:183} INFO - Processing /Users/wanghaojin/Desktop/exchange@NUS/IS3107/HW/Project/news_data_pipeline/.venv/lib/python3.11/site-packages/airflow/example_dags/example_sensor_decorator.py took 0.128 seconds
[2024-04-12T20:48:47.276+0800] {processor.py:161} INFO - Started process (PID=11786) to work on /Users/wanghaojin/Desktop/exchange@NUS/IS3107/HW/Project/news_data_pipeline/.venv/lib/python3.11/site-packages/airflow/example_dags/example_sensor_decorator.py
[2024-04-12T20:48:47.277+0800] {processor.py:830} INFO - Processing file /Users/wanghaojin/Desktop/exchange@NUS/IS3107/HW/Project/news_data_pipeline/.venv/lib/python3.11/site-packages/airflow/example_dags/example_sensor_decorator.py for tasks to queue
[2024-04-12T20:48:47.277+0800] {logging_mixin.py:188} INFO - [2024-04-12T20:48:47.277+0800] {dagbag.py:538} INFO - Filling up the DagBag from /Users/wanghaojin/Desktop/exchange@NUS/IS3107/HW/Project/news_data_pipeline/.venv/lib/python3.11/site-packages/airflow/example_dags/example_sensor_decorator.py
[2024-04-12T20:48:47.297+0800] {processor.py:840} INFO - DAG(s) 'example_sensor_decorator' retrieved from /Users/wanghaojin/Desktop/exchange@NUS/IS3107/HW/Project/news_data_pipeline/.venv/lib/python3.11/site-packages/airflow/example_dags/example_sensor_decorator.py
[2024-04-12T20:48:47.422+0800] {logging_mixin.py:188} INFO - [2024-04-12T20:48:47.422+0800] {dag.py:3036} INFO - Sync 1 DAGs
[2024-04-12T20:48:47.427+0800] {logging_mixin.py:188} INFO - [2024-04-12T20:48:47.426+0800] {dag.py:3823} INFO - Setting next_dagrun for example_sensor_decorator to None, run_after=None
[2024-04-12T20:48:47.437+0800] {processor.py:183} INFO - Processing /Users/wanghaojin/Desktop/exchange@NUS/IS3107/HW/Project/news_data_pipeline/.venv/lib/python3.11/site-packages/airflow/example_dags/example_sensor_decorator.py took 0.162 seconds
[2024-04-12T20:50:06.762+0800] {processor.py:161} INFO - Started process (PID=11918) to work on /Users/wanghaojin/Desktop/exchange@NUS/IS3107/HW/Project/news_data_pipeline/.venv/lib/python3.11/site-packages/airflow/example_dags/example_sensor_decorator.py
[2024-04-12T20:50:06.763+0800] {processor.py:830} INFO - Processing file /Users/wanghaojin/Desktop/exchange@NUS/IS3107/HW/Project/news_data_pipeline/.venv/lib/python3.11/site-packages/airflow/example_dags/example_sensor_decorator.py for tasks to queue
[2024-04-12T20:50:06.764+0800] {logging_mixin.py:188} INFO - [2024-04-12T20:50:06.763+0800] {dagbag.py:538} INFO - Filling up the DagBag from /Users/wanghaojin/Desktop/exchange@NUS/IS3107/HW/Project/news_data_pipeline/.venv/lib/python3.11/site-packages/airflow/example_dags/example_sensor_decorator.py
[2024-04-12T20:50:06.783+0800] {processor.py:840} INFO - DAG(s) 'example_sensor_decorator' retrieved from /Users/wanghaojin/Desktop/exchange@NUS/IS3107/HW/Project/news_data_pipeline/.venv/lib/python3.11/site-packages/airflow/example_dags/example_sensor_decorator.py
[2024-04-12T20:50:06.906+0800] {logging_mixin.py:188} INFO - [2024-04-12T20:50:06.906+0800] {dag.py:3036} INFO - Sync 1 DAGs
[2024-04-12T20:50:06.911+0800] {logging_mixin.py:188} INFO - [2024-04-12T20:50:06.911+0800] {dag.py:3823} INFO - Setting next_dagrun for example_sensor_decorator to None, run_after=None
[2024-04-12T20:50:06.921+0800] {processor.py:183} INFO - Processing /Users/wanghaojin/Desktop/exchange@NUS/IS3107/HW/Project/news_data_pipeline/.venv/lib/python3.11/site-packages/airflow/example_dags/example_sensor_decorator.py took 0.161 seconds
