[2024-04-12T19:28:02.869+0800] {processor.py:161} INFO - Started process (PID=3465) to work on /Users/wanghaojin/Desktop/exchange@NUS/IS3107/HW/Project/news_data_pipeline/.venv/lib/python3.11/site-packages/airflow/example_dags/example_complex.py
[2024-04-12T19:28:02.869+0800] {processor.py:830} INFO - Processing file /Users/wanghaojin/Desktop/exchange@NUS/IS3107/HW/Project/news_data_pipeline/.venv/lib/python3.11/site-packages/airflow/example_dags/example_complex.py for tasks to queue
[2024-04-12T19:28:02.870+0800] {logging_mixin.py:188} INFO - [2024-04-12T19:28:02.870+0800] {dagbag.py:538} INFO - Filling up the DagBag from /Users/wanghaojin/Desktop/exchange@NUS/IS3107/HW/Project/news_data_pipeline/.venv/lib/python3.11/site-packages/airflow/example_dags/example_complex.py
[2024-04-12T19:28:02.877+0800] {processor.py:840} INFO - DAG(s) 'example_complex' retrieved from /Users/wanghaojin/Desktop/exchange@NUS/IS3107/HW/Project/news_data_pipeline/.venv/lib/python3.11/site-packages/airflow/example_dags/example_complex.py
[2024-04-12T19:28:02.960+0800] {logging_mixin.py:188} INFO - [2024-04-12T19:28:02.960+0800] {dag.py:3036} INFO - Sync 1 DAGs
[2024-04-12T19:28:02.965+0800] {logging_mixin.py:188} INFO - [2024-04-12T19:28:02.965+0800] {dag.py:3823} INFO - Setting next_dagrun for example_complex to None, run_after=None
[2024-04-12T19:28:02.975+0800] {processor.py:183} INFO - Processing /Users/wanghaojin/Desktop/exchange@NUS/IS3107/HW/Project/news_data_pipeline/.venv/lib/python3.11/site-packages/airflow/example_dags/example_complex.py took 0.107 seconds
[2024-04-12T19:31:00.721+0800] {processor.py:161} INFO - Started process (PID=4199) to work on /Users/wanghaojin/Desktop/exchange@NUS/IS3107/HW/Project/news_data_pipeline/.venv/lib/python3.11/site-packages/airflow/example_dags/example_complex.py
[2024-04-12T19:31:00.722+0800] {processor.py:830} INFO - Processing file /Users/wanghaojin/Desktop/exchange@NUS/IS3107/HW/Project/news_data_pipeline/.venv/lib/python3.11/site-packages/airflow/example_dags/example_complex.py for tasks to queue
[2024-04-12T19:31:00.722+0800] {logging_mixin.py:188} INFO - [2024-04-12T19:31:00.722+0800] {dagbag.py:538} INFO - Filling up the DagBag from /Users/wanghaojin/Desktop/exchange@NUS/IS3107/HW/Project/news_data_pipeline/.venv/lib/python3.11/site-packages/airflow/example_dags/example_complex.py
[2024-04-12T19:31:00.730+0800] {processor.py:840} INFO - DAG(s) 'example_complex' retrieved from /Users/wanghaojin/Desktop/exchange@NUS/IS3107/HW/Project/news_data_pipeline/.venv/lib/python3.11/site-packages/airflow/example_dags/example_complex.py
[2024-04-12T19:31:00.869+0800] {logging_mixin.py:188} INFO - [2024-04-12T19:31:00.868+0800] {dag.py:3036} INFO - Sync 1 DAGs
[2024-04-12T19:31:00.874+0800] {logging_mixin.py:188} INFO - [2024-04-12T19:31:00.874+0800] {dag.py:3823} INFO - Setting next_dagrun for example_complex to None, run_after=None
[2024-04-12T19:31:00.886+0800] {processor.py:183} INFO - Processing /Users/wanghaojin/Desktop/exchange@NUS/IS3107/HW/Project/news_data_pipeline/.venv/lib/python3.11/site-packages/airflow/example_dags/example_complex.py took 0.166 seconds
[2024-04-12T19:32:48.101+0800] {processor.py:161} INFO - Started process (PID=4413) to work on /Users/wanghaojin/Desktop/exchange@NUS/IS3107/HW/Project/news_data_pipeline/.venv/lib/python3.11/site-packages/airflow/example_dags/example_complex.py
[2024-04-12T19:32:48.102+0800] {processor.py:830} INFO - Processing file /Users/wanghaojin/Desktop/exchange@NUS/IS3107/HW/Project/news_data_pipeline/.venv/lib/python3.11/site-packages/airflow/example_dags/example_complex.py for tasks to queue
[2024-04-12T19:32:48.102+0800] {logging_mixin.py:188} INFO - [2024-04-12T19:32:48.102+0800] {dagbag.py:538} INFO - Filling up the DagBag from /Users/wanghaojin/Desktop/exchange@NUS/IS3107/HW/Project/news_data_pipeline/.venv/lib/python3.11/site-packages/airflow/example_dags/example_complex.py
[2024-04-12T19:32:48.109+0800] {processor.py:840} INFO - DAG(s) 'example_complex' retrieved from /Users/wanghaojin/Desktop/exchange@NUS/IS3107/HW/Project/news_data_pipeline/.venv/lib/python3.11/site-packages/airflow/example_dags/example_complex.py
[2024-04-12T19:32:48.235+0800] {logging_mixin.py:188} INFO - [2024-04-12T19:32:48.235+0800] {dag.py:3036} INFO - Sync 1 DAGs
[2024-04-12T19:32:48.239+0800] {logging_mixin.py:188} INFO - [2024-04-12T19:32:48.239+0800] {dag.py:3823} INFO - Setting next_dagrun for example_complex to None, run_after=None
[2024-04-12T19:32:48.253+0800] {processor.py:183} INFO - Processing /Users/wanghaojin/Desktop/exchange@NUS/IS3107/HW/Project/news_data_pipeline/.venv/lib/python3.11/site-packages/airflow/example_dags/example_complex.py took 0.152 seconds
[2024-04-12T19:35:05.183+0800] {processor.py:161} INFO - Started process (PID=4617) to work on /Users/wanghaojin/Desktop/exchange@NUS/IS3107/HW/Project/news_data_pipeline/.venv/lib/python3.11/site-packages/airflow/example_dags/example_complex.py
[2024-04-12T19:35:05.184+0800] {processor.py:830} INFO - Processing file /Users/wanghaojin/Desktop/exchange@NUS/IS3107/HW/Project/news_data_pipeline/.venv/lib/python3.11/site-packages/airflow/example_dags/example_complex.py for tasks to queue
[2024-04-12T19:35:05.184+0800] {logging_mixin.py:188} INFO - [2024-04-12T19:35:05.184+0800] {dagbag.py:538} INFO - Filling up the DagBag from /Users/wanghaojin/Desktop/exchange@NUS/IS3107/HW/Project/news_data_pipeline/.venv/lib/python3.11/site-packages/airflow/example_dags/example_complex.py
[2024-04-12T19:35:05.190+0800] {processor.py:840} INFO - DAG(s) 'example_complex' retrieved from /Users/wanghaojin/Desktop/exchange@NUS/IS3107/HW/Project/news_data_pipeline/.venv/lib/python3.11/site-packages/airflow/example_dags/example_complex.py
[2024-04-12T19:35:05.274+0800] {logging_mixin.py:188} INFO - [2024-04-12T19:35:05.274+0800] {dag.py:3036} INFO - Sync 1 DAGs
[2024-04-12T19:35:05.279+0800] {logging_mixin.py:188} INFO - [2024-04-12T19:35:05.279+0800] {dag.py:3823} INFO - Setting next_dagrun for example_complex to None, run_after=None
[2024-04-12T19:35:05.290+0800] {processor.py:183} INFO - Processing /Users/wanghaojin/Desktop/exchange@NUS/IS3107/HW/Project/news_data_pipeline/.venv/lib/python3.11/site-packages/airflow/example_dags/example_complex.py took 0.107 seconds
[2024-04-12T19:37:22.526+0800] {processor.py:161} INFO - Started process (PID=4835) to work on /Users/wanghaojin/Desktop/exchange@NUS/IS3107/HW/Project/news_data_pipeline/.venv/lib/python3.11/site-packages/airflow/example_dags/example_complex.py
[2024-04-12T19:37:22.526+0800] {processor.py:830} INFO - Processing file /Users/wanghaojin/Desktop/exchange@NUS/IS3107/HW/Project/news_data_pipeline/.venv/lib/python3.11/site-packages/airflow/example_dags/example_complex.py for tasks to queue
[2024-04-12T19:37:22.527+0800] {logging_mixin.py:188} INFO - [2024-04-12T19:37:22.526+0800] {dagbag.py:538} INFO - Filling up the DagBag from /Users/wanghaojin/Desktop/exchange@NUS/IS3107/HW/Project/news_data_pipeline/.venv/lib/python3.11/site-packages/airflow/example_dags/example_complex.py
[2024-04-12T19:37:22.533+0800] {processor.py:840} INFO - DAG(s) 'example_complex' retrieved from /Users/wanghaojin/Desktop/exchange@NUS/IS3107/HW/Project/news_data_pipeline/.venv/lib/python3.11/site-packages/airflow/example_dags/example_complex.py
[2024-04-12T19:37:22.616+0800] {logging_mixin.py:188} INFO - [2024-04-12T19:37:22.616+0800] {dag.py:3036} INFO - Sync 1 DAGs
[2024-04-12T19:37:22.621+0800] {logging_mixin.py:188} INFO - [2024-04-12T19:37:22.621+0800] {dag.py:3823} INFO - Setting next_dagrun for example_complex to None, run_after=None
[2024-04-12T19:37:22.631+0800] {processor.py:183} INFO - Processing /Users/wanghaojin/Desktop/exchange@NUS/IS3107/HW/Project/news_data_pipeline/.venv/lib/python3.11/site-packages/airflow/example_dags/example_complex.py took 0.106 seconds
[2024-04-12T19:39:36.367+0800] {processor.py:161} INFO - Started process (PID=5049) to work on /Users/wanghaojin/Desktop/exchange@NUS/IS3107/HW/Project/news_data_pipeline/.venv/lib/python3.11/site-packages/airflow/example_dags/example_complex.py
[2024-04-12T19:39:36.367+0800] {processor.py:830} INFO - Processing file /Users/wanghaojin/Desktop/exchange@NUS/IS3107/HW/Project/news_data_pipeline/.venv/lib/python3.11/site-packages/airflow/example_dags/example_complex.py for tasks to queue
[2024-04-12T19:39:36.368+0800] {logging_mixin.py:188} INFO - [2024-04-12T19:39:36.368+0800] {dagbag.py:538} INFO - Filling up the DagBag from /Users/wanghaojin/Desktop/exchange@NUS/IS3107/HW/Project/news_data_pipeline/.venv/lib/python3.11/site-packages/airflow/example_dags/example_complex.py
[2024-04-12T19:39:36.375+0800] {processor.py:840} INFO - DAG(s) 'example_complex' retrieved from /Users/wanghaojin/Desktop/exchange@NUS/IS3107/HW/Project/news_data_pipeline/.venv/lib/python3.11/site-packages/airflow/example_dags/example_complex.py
[2024-04-12T19:39:36.470+0800] {logging_mixin.py:188} INFO - [2024-04-12T19:39:36.470+0800] {dag.py:3036} INFO - Sync 1 DAGs
[2024-04-12T19:39:36.476+0800] {logging_mixin.py:188} INFO - [2024-04-12T19:39:36.476+0800] {dag.py:3823} INFO - Setting next_dagrun for example_complex to None, run_after=None
[2024-04-12T19:39:36.488+0800] {processor.py:183} INFO - Processing /Users/wanghaojin/Desktop/exchange@NUS/IS3107/HW/Project/news_data_pipeline/.venv/lib/python3.11/site-packages/airflow/example_dags/example_complex.py took 0.122 seconds
[2024-04-12T19:41:50.894+0800] {processor.py:161} INFO - Started process (PID=5255) to work on /Users/wanghaojin/Desktop/exchange@NUS/IS3107/HW/Project/news_data_pipeline/.venv/lib/python3.11/site-packages/airflow/example_dags/example_complex.py
[2024-04-12T19:41:50.895+0800] {processor.py:830} INFO - Processing file /Users/wanghaojin/Desktop/exchange@NUS/IS3107/HW/Project/news_data_pipeline/.venv/lib/python3.11/site-packages/airflow/example_dags/example_complex.py for tasks to queue
[2024-04-12T19:41:50.895+0800] {logging_mixin.py:188} INFO - [2024-04-12T19:41:50.895+0800] {dagbag.py:538} INFO - Filling up the DagBag from /Users/wanghaojin/Desktop/exchange@NUS/IS3107/HW/Project/news_data_pipeline/.venv/lib/python3.11/site-packages/airflow/example_dags/example_complex.py
[2024-04-12T19:41:50.902+0800] {processor.py:840} INFO - DAG(s) 'example_complex' retrieved from /Users/wanghaojin/Desktop/exchange@NUS/IS3107/HW/Project/news_data_pipeline/.venv/lib/python3.11/site-packages/airflow/example_dags/example_complex.py
[2024-04-12T19:41:50.985+0800] {logging_mixin.py:188} INFO - [2024-04-12T19:41:50.984+0800] {dag.py:3036} INFO - Sync 1 DAGs
[2024-04-12T19:41:50.989+0800] {logging_mixin.py:188} INFO - [2024-04-12T19:41:50.989+0800] {dag.py:3823} INFO - Setting next_dagrun for example_complex to None, run_after=None
[2024-04-12T19:41:51.000+0800] {processor.py:183} INFO - Processing /Users/wanghaojin/Desktop/exchange@NUS/IS3107/HW/Project/news_data_pipeline/.venv/lib/python3.11/site-packages/airflow/example_dags/example_complex.py took 0.106 seconds
[2024-04-12T19:44:06.516+0800] {processor.py:161} INFO - Started process (PID=5466) to work on /Users/wanghaojin/Desktop/exchange@NUS/IS3107/HW/Project/news_data_pipeline/.venv/lib/python3.11/site-packages/airflow/example_dags/example_complex.py
[2024-04-12T19:44:06.516+0800] {processor.py:830} INFO - Processing file /Users/wanghaojin/Desktop/exchange@NUS/IS3107/HW/Project/news_data_pipeline/.venv/lib/python3.11/site-packages/airflow/example_dags/example_complex.py for tasks to queue
[2024-04-12T19:44:06.517+0800] {logging_mixin.py:188} INFO - [2024-04-12T19:44:06.517+0800] {dagbag.py:538} INFO - Filling up the DagBag from /Users/wanghaojin/Desktop/exchange@NUS/IS3107/HW/Project/news_data_pipeline/.venv/lib/python3.11/site-packages/airflow/example_dags/example_complex.py
[2024-04-12T19:44:06.523+0800] {processor.py:840} INFO - DAG(s) 'example_complex' retrieved from /Users/wanghaojin/Desktop/exchange@NUS/IS3107/HW/Project/news_data_pipeline/.venv/lib/python3.11/site-packages/airflow/example_dags/example_complex.py
[2024-04-12T19:44:06.607+0800] {logging_mixin.py:188} INFO - [2024-04-12T19:44:06.606+0800] {dag.py:3036} INFO - Sync 1 DAGs
[2024-04-12T19:44:06.611+0800] {logging_mixin.py:188} INFO - [2024-04-12T19:44:06.611+0800] {dag.py:3823} INFO - Setting next_dagrun for example_complex to None, run_after=None
[2024-04-12T19:44:06.622+0800] {processor.py:183} INFO - Processing /Users/wanghaojin/Desktop/exchange@NUS/IS3107/HW/Project/news_data_pipeline/.venv/lib/python3.11/site-packages/airflow/example_dags/example_complex.py took 0.107 seconds
[2024-04-12T19:46:22.400+0800] {processor.py:161} INFO - Started process (PID=5665) to work on /Users/wanghaojin/Desktop/exchange@NUS/IS3107/HW/Project/news_data_pipeline/.venv/lib/python3.11/site-packages/airflow/example_dags/example_complex.py
[2024-04-12T19:46:22.401+0800] {processor.py:830} INFO - Processing file /Users/wanghaojin/Desktop/exchange@NUS/IS3107/HW/Project/news_data_pipeline/.venv/lib/python3.11/site-packages/airflow/example_dags/example_complex.py for tasks to queue
[2024-04-12T19:46:22.402+0800] {logging_mixin.py:188} INFO - [2024-04-12T19:46:22.402+0800] {dagbag.py:538} INFO - Filling up the DagBag from /Users/wanghaojin/Desktop/exchange@NUS/IS3107/HW/Project/news_data_pipeline/.venv/lib/python3.11/site-packages/airflow/example_dags/example_complex.py
[2024-04-12T19:46:22.408+0800] {processor.py:840} INFO - DAG(s) 'example_complex' retrieved from /Users/wanghaojin/Desktop/exchange@NUS/IS3107/HW/Project/news_data_pipeline/.venv/lib/python3.11/site-packages/airflow/example_dags/example_complex.py
[2024-04-12T19:46:22.490+0800] {logging_mixin.py:188} INFO - [2024-04-12T19:46:22.490+0800] {dag.py:3036} INFO - Sync 1 DAGs
[2024-04-12T19:46:22.495+0800] {logging_mixin.py:188} INFO - [2024-04-12T19:46:22.495+0800] {dag.py:3823} INFO - Setting next_dagrun for example_complex to None, run_after=None
[2024-04-12T19:46:22.505+0800] {processor.py:183} INFO - Processing /Users/wanghaojin/Desktop/exchange@NUS/IS3107/HW/Project/news_data_pipeline/.venv/lib/python3.11/site-packages/airflow/example_dags/example_complex.py took 0.106 seconds
[2024-04-12T19:48:39.522+0800] {processor.py:161} INFO - Started process (PID=5870) to work on /Users/wanghaojin/Desktop/exchange@NUS/IS3107/HW/Project/news_data_pipeline/.venv/lib/python3.11/site-packages/airflow/example_dags/example_complex.py
[2024-04-12T19:48:39.523+0800] {processor.py:830} INFO - Processing file /Users/wanghaojin/Desktop/exchange@NUS/IS3107/HW/Project/news_data_pipeline/.venv/lib/python3.11/site-packages/airflow/example_dags/example_complex.py for tasks to queue
[2024-04-12T19:48:39.523+0800] {logging_mixin.py:188} INFO - [2024-04-12T19:48:39.523+0800] {dagbag.py:538} INFO - Filling up the DagBag from /Users/wanghaojin/Desktop/exchange@NUS/IS3107/HW/Project/news_data_pipeline/.venv/lib/python3.11/site-packages/airflow/example_dags/example_complex.py
[2024-04-12T19:48:39.529+0800] {processor.py:840} INFO - DAG(s) 'example_complex' retrieved from /Users/wanghaojin/Desktop/exchange@NUS/IS3107/HW/Project/news_data_pipeline/.venv/lib/python3.11/site-packages/airflow/example_dags/example_complex.py
[2024-04-12T19:48:39.613+0800] {logging_mixin.py:188} INFO - [2024-04-12T19:48:39.613+0800] {dag.py:3036} INFO - Sync 1 DAGs
[2024-04-12T19:48:39.618+0800] {logging_mixin.py:188} INFO - [2024-04-12T19:48:39.618+0800] {dag.py:3823} INFO - Setting next_dagrun for example_complex to None, run_after=None
[2024-04-12T19:48:39.628+0800] {processor.py:183} INFO - Processing /Users/wanghaojin/Desktop/exchange@NUS/IS3107/HW/Project/news_data_pipeline/.venv/lib/python3.11/site-packages/airflow/example_dags/example_complex.py took 0.107 seconds
[2024-04-12T19:50:55.685+0800] {processor.py:161} INFO - Started process (PID=6062) to work on /Users/wanghaojin/Desktop/exchange@NUS/IS3107/HW/Project/news_data_pipeline/.venv/lib/python3.11/site-packages/airflow/example_dags/example_complex.py
[2024-04-12T19:50:55.685+0800] {processor.py:830} INFO - Processing file /Users/wanghaojin/Desktop/exchange@NUS/IS3107/HW/Project/news_data_pipeline/.venv/lib/python3.11/site-packages/airflow/example_dags/example_complex.py for tasks to queue
[2024-04-12T19:50:55.686+0800] {logging_mixin.py:188} INFO - [2024-04-12T19:50:55.686+0800] {dagbag.py:538} INFO - Filling up the DagBag from /Users/wanghaojin/Desktop/exchange@NUS/IS3107/HW/Project/news_data_pipeline/.venv/lib/python3.11/site-packages/airflow/example_dags/example_complex.py
[2024-04-12T19:50:55.692+0800] {processor.py:840} INFO - DAG(s) 'example_complex' retrieved from /Users/wanghaojin/Desktop/exchange@NUS/IS3107/HW/Project/news_data_pipeline/.venv/lib/python3.11/site-packages/airflow/example_dags/example_complex.py
[2024-04-12T19:50:55.776+0800] {logging_mixin.py:188} INFO - [2024-04-12T19:50:55.776+0800] {dag.py:3036} INFO - Sync 1 DAGs
[2024-04-12T19:50:55.781+0800] {logging_mixin.py:188} INFO - [2024-04-12T19:50:55.780+0800] {dag.py:3823} INFO - Setting next_dagrun for example_complex to None, run_after=None
[2024-04-12T19:50:55.791+0800] {processor.py:183} INFO - Processing /Users/wanghaojin/Desktop/exchange@NUS/IS3107/HW/Project/news_data_pipeline/.venv/lib/python3.11/site-packages/airflow/example_dags/example_complex.py took 0.107 seconds
[2024-04-12T19:53:08.924+0800] {processor.py:161} INFO - Started process (PID=6236) to work on /Users/wanghaojin/Desktop/exchange@NUS/IS3107/HW/Project/news_data_pipeline/.venv/lib/python3.11/site-packages/airflow/example_dags/example_complex.py
[2024-04-12T19:53:08.925+0800] {processor.py:830} INFO - Processing file /Users/wanghaojin/Desktop/exchange@NUS/IS3107/HW/Project/news_data_pipeline/.venv/lib/python3.11/site-packages/airflow/example_dags/example_complex.py for tasks to queue
[2024-04-12T19:53:08.925+0800] {logging_mixin.py:188} INFO - [2024-04-12T19:53:08.925+0800] {dagbag.py:538} INFO - Filling up the DagBag from /Users/wanghaojin/Desktop/exchange@NUS/IS3107/HW/Project/news_data_pipeline/.venv/lib/python3.11/site-packages/airflow/example_dags/example_complex.py
[2024-04-12T19:53:08.932+0800] {processor.py:840} INFO - DAG(s) 'example_complex' retrieved from /Users/wanghaojin/Desktop/exchange@NUS/IS3107/HW/Project/news_data_pipeline/.venv/lib/python3.11/site-packages/airflow/example_dags/example_complex.py
[2024-04-12T19:53:09.015+0800] {logging_mixin.py:188} INFO - [2024-04-12T19:53:09.014+0800] {dag.py:3036} INFO - Sync 1 DAGs
[2024-04-12T19:53:09.019+0800] {logging_mixin.py:188} INFO - [2024-04-12T19:53:09.019+0800] {dag.py:3823} INFO - Setting next_dagrun for example_complex to None, run_after=None
[2024-04-12T19:53:09.030+0800] {processor.py:183} INFO - Processing /Users/wanghaojin/Desktop/exchange@NUS/IS3107/HW/Project/news_data_pipeline/.venv/lib/python3.11/site-packages/airflow/example_dags/example_complex.py took 0.106 seconds
[2024-04-12T19:55:25.825+0800] {processor.py:161} INFO - Started process (PID=6406) to work on /Users/wanghaojin/Desktop/exchange@NUS/IS3107/HW/Project/news_data_pipeline/.venv/lib/python3.11/site-packages/airflow/example_dags/example_complex.py
[2024-04-12T19:55:25.826+0800] {processor.py:830} INFO - Processing file /Users/wanghaojin/Desktop/exchange@NUS/IS3107/HW/Project/news_data_pipeline/.venv/lib/python3.11/site-packages/airflow/example_dags/example_complex.py for tasks to queue
[2024-04-12T19:55:25.826+0800] {logging_mixin.py:188} INFO - [2024-04-12T19:55:25.826+0800] {dagbag.py:538} INFO - Filling up the DagBag from /Users/wanghaojin/Desktop/exchange@NUS/IS3107/HW/Project/news_data_pipeline/.venv/lib/python3.11/site-packages/airflow/example_dags/example_complex.py
[2024-04-12T19:55:25.833+0800] {processor.py:840} INFO - DAG(s) 'example_complex' retrieved from /Users/wanghaojin/Desktop/exchange@NUS/IS3107/HW/Project/news_data_pipeline/.venv/lib/python3.11/site-packages/airflow/example_dags/example_complex.py
[2024-04-12T19:55:25.915+0800] {logging_mixin.py:188} INFO - [2024-04-12T19:55:25.915+0800] {dag.py:3036} INFO - Sync 1 DAGs
[2024-04-12T19:55:25.919+0800] {logging_mixin.py:188} INFO - [2024-04-12T19:55:25.919+0800] {dag.py:3823} INFO - Setting next_dagrun for example_complex to None, run_after=None
[2024-04-12T19:55:25.930+0800] {processor.py:183} INFO - Processing /Users/wanghaojin/Desktop/exchange@NUS/IS3107/HW/Project/news_data_pipeline/.venv/lib/python3.11/site-packages/airflow/example_dags/example_complex.py took 0.106 seconds
[2024-04-12T19:57:38.734+0800] {processor.py:161} INFO - Started process (PID=6536) to work on /Users/wanghaojin/Desktop/exchange@NUS/IS3107/HW/Project/news_data_pipeline/.venv/lib/python3.11/site-packages/airflow/example_dags/example_complex.py
[2024-04-12T19:57:38.734+0800] {processor.py:830} INFO - Processing file /Users/wanghaojin/Desktop/exchange@NUS/IS3107/HW/Project/news_data_pipeline/.venv/lib/python3.11/site-packages/airflow/example_dags/example_complex.py for tasks to queue
[2024-04-12T19:57:38.735+0800] {logging_mixin.py:188} INFO - [2024-04-12T19:57:38.734+0800] {dagbag.py:538} INFO - Filling up the DagBag from /Users/wanghaojin/Desktop/exchange@NUS/IS3107/HW/Project/news_data_pipeline/.venv/lib/python3.11/site-packages/airflow/example_dags/example_complex.py
[2024-04-12T19:57:38.741+0800] {processor.py:840} INFO - DAG(s) 'example_complex' retrieved from /Users/wanghaojin/Desktop/exchange@NUS/IS3107/HW/Project/news_data_pipeline/.venv/lib/python3.11/site-packages/airflow/example_dags/example_complex.py
[2024-04-12T19:57:38.824+0800] {logging_mixin.py:188} INFO - [2024-04-12T19:57:38.823+0800] {dag.py:3036} INFO - Sync 1 DAGs
[2024-04-12T19:57:38.828+0800] {logging_mixin.py:188} INFO - [2024-04-12T19:57:38.828+0800] {dag.py:3823} INFO - Setting next_dagrun for example_complex to None, run_after=None
[2024-04-12T19:57:38.839+0800] {processor.py:183} INFO - Processing /Users/wanghaojin/Desktop/exchange@NUS/IS3107/HW/Project/news_data_pipeline/.venv/lib/python3.11/site-packages/airflow/example_dags/example_complex.py took 0.106 seconds
[2024-04-12T19:59:51.661+0800] {processor.py:161} INFO - Started process (PID=6674) to work on /Users/wanghaojin/Desktop/exchange@NUS/IS3107/HW/Project/news_data_pipeline/.venv/lib/python3.11/site-packages/airflow/example_dags/example_complex.py
[2024-04-12T19:59:51.661+0800] {processor.py:830} INFO - Processing file /Users/wanghaojin/Desktop/exchange@NUS/IS3107/HW/Project/news_data_pipeline/.venv/lib/python3.11/site-packages/airflow/example_dags/example_complex.py for tasks to queue
[2024-04-12T19:59:51.662+0800] {logging_mixin.py:188} INFO - [2024-04-12T19:59:51.661+0800] {dagbag.py:538} INFO - Filling up the DagBag from /Users/wanghaojin/Desktop/exchange@NUS/IS3107/HW/Project/news_data_pipeline/.venv/lib/python3.11/site-packages/airflow/example_dags/example_complex.py
[2024-04-12T19:59:51.668+0800] {processor.py:840} INFO - DAG(s) 'example_complex' retrieved from /Users/wanghaojin/Desktop/exchange@NUS/IS3107/HW/Project/news_data_pipeline/.venv/lib/python3.11/site-packages/airflow/example_dags/example_complex.py
[2024-04-12T19:59:51.751+0800] {logging_mixin.py:188} INFO - [2024-04-12T19:59:51.751+0800] {dag.py:3036} INFO - Sync 1 DAGs
[2024-04-12T19:59:51.756+0800] {logging_mixin.py:188} INFO - [2024-04-12T19:59:51.756+0800] {dag.py:3823} INFO - Setting next_dagrun for example_complex to None, run_after=None
[2024-04-12T19:59:51.767+0800] {processor.py:183} INFO - Processing /Users/wanghaojin/Desktop/exchange@NUS/IS3107/HW/Project/news_data_pipeline/.venv/lib/python3.11/site-packages/airflow/example_dags/example_complex.py took 0.106 seconds
[2024-04-12T20:02:08.719+0800] {processor.py:161} INFO - Started process (PID=6859) to work on /Users/wanghaojin/Desktop/exchange@NUS/IS3107/HW/Project/news_data_pipeline/.venv/lib/python3.11/site-packages/airflow/example_dags/example_complex.py
[2024-04-12T20:02:08.720+0800] {processor.py:830} INFO - Processing file /Users/wanghaojin/Desktop/exchange@NUS/IS3107/HW/Project/news_data_pipeline/.venv/lib/python3.11/site-packages/airflow/example_dags/example_complex.py for tasks to queue
[2024-04-12T20:02:08.720+0800] {logging_mixin.py:188} INFO - [2024-04-12T20:02:08.720+0800] {dagbag.py:538} INFO - Filling up the DagBag from /Users/wanghaojin/Desktop/exchange@NUS/IS3107/HW/Project/news_data_pipeline/.venv/lib/python3.11/site-packages/airflow/example_dags/example_complex.py
[2024-04-12T20:02:08.727+0800] {processor.py:840} INFO - DAG(s) 'example_complex' retrieved from /Users/wanghaojin/Desktop/exchange@NUS/IS3107/HW/Project/news_data_pipeline/.venv/lib/python3.11/site-packages/airflow/example_dags/example_complex.py
[2024-04-12T20:02:08.811+0800] {logging_mixin.py:188} INFO - [2024-04-12T20:02:08.810+0800] {dag.py:3036} INFO - Sync 1 DAGs
[2024-04-12T20:02:08.815+0800] {logging_mixin.py:188} INFO - [2024-04-12T20:02:08.815+0800] {dag.py:3823} INFO - Setting next_dagrun for example_complex to None, run_after=None
[2024-04-12T20:02:08.826+0800] {processor.py:183} INFO - Processing /Users/wanghaojin/Desktop/exchange@NUS/IS3107/HW/Project/news_data_pipeline/.venv/lib/python3.11/site-packages/airflow/example_dags/example_complex.py took 0.108 seconds
[2024-04-12T20:04:30.003+0800] {processor.py:161} INFO - Started process (PID=7174) to work on /Users/wanghaojin/Desktop/exchange@NUS/IS3107/HW/Project/news_data_pipeline/.venv/lib/python3.11/site-packages/airflow/example_dags/example_complex.py
[2024-04-12T20:04:30.004+0800] {processor.py:830} INFO - Processing file /Users/wanghaojin/Desktop/exchange@NUS/IS3107/HW/Project/news_data_pipeline/.venv/lib/python3.11/site-packages/airflow/example_dags/example_complex.py for tasks to queue
[2024-04-12T20:04:30.005+0800] {logging_mixin.py:188} INFO - [2024-04-12T20:04:30.004+0800] {dagbag.py:538} INFO - Filling up the DagBag from /Users/wanghaojin/Desktop/exchange@NUS/IS3107/HW/Project/news_data_pipeline/.venv/lib/python3.11/site-packages/airflow/example_dags/example_complex.py
[2024-04-12T20:04:30.011+0800] {processor.py:840} INFO - DAG(s) 'example_complex' retrieved from /Users/wanghaojin/Desktop/exchange@NUS/IS3107/HW/Project/news_data_pipeline/.venv/lib/python3.11/site-packages/airflow/example_dags/example_complex.py
[2024-04-12T20:04:30.094+0800] {logging_mixin.py:188} INFO - [2024-04-12T20:04:30.094+0800] {dag.py:3036} INFO - Sync 1 DAGs
[2024-04-12T20:04:30.099+0800] {logging_mixin.py:188} INFO - [2024-04-12T20:04:30.099+0800] {dag.py:3823} INFO - Setting next_dagrun for example_complex to None, run_after=None
[2024-04-12T20:04:30.110+0800] {processor.py:183} INFO - Processing /Users/wanghaojin/Desktop/exchange@NUS/IS3107/HW/Project/news_data_pipeline/.venv/lib/python3.11/site-packages/airflow/example_dags/example_complex.py took 0.107 seconds
[2024-04-12T20:06:46.614+0800] {processor.py:161} INFO - Started process (PID=7392) to work on /Users/wanghaojin/Desktop/exchange@NUS/IS3107/HW/Project/news_data_pipeline/.venv/lib/python3.11/site-packages/airflow/example_dags/example_complex.py
[2024-04-12T20:06:46.615+0800] {processor.py:830} INFO - Processing file /Users/wanghaojin/Desktop/exchange@NUS/IS3107/HW/Project/news_data_pipeline/.venv/lib/python3.11/site-packages/airflow/example_dags/example_complex.py for tasks to queue
[2024-04-12T20:06:46.615+0800] {logging_mixin.py:188} INFO - [2024-04-12T20:06:46.615+0800] {dagbag.py:538} INFO - Filling up the DagBag from /Users/wanghaojin/Desktop/exchange@NUS/IS3107/HW/Project/news_data_pipeline/.venv/lib/python3.11/site-packages/airflow/example_dags/example_complex.py
[2024-04-12T20:06:46.622+0800] {processor.py:840} INFO - DAG(s) 'example_complex' retrieved from /Users/wanghaojin/Desktop/exchange@NUS/IS3107/HW/Project/news_data_pipeline/.venv/lib/python3.11/site-packages/airflow/example_dags/example_complex.py
[2024-04-12T20:06:46.706+0800] {logging_mixin.py:188} INFO - [2024-04-12T20:06:46.706+0800] {dag.py:3036} INFO - Sync 1 DAGs
[2024-04-12T20:06:46.711+0800] {logging_mixin.py:188} INFO - [2024-04-12T20:06:46.711+0800] {dag.py:3823} INFO - Setting next_dagrun for example_complex to None, run_after=None
[2024-04-12T20:06:46.721+0800] {processor.py:183} INFO - Processing /Users/wanghaojin/Desktop/exchange@NUS/IS3107/HW/Project/news_data_pipeline/.venv/lib/python3.11/site-packages/airflow/example_dags/example_complex.py took 0.109 seconds
[2024-04-12T20:09:04.005+0800] {processor.py:161} INFO - Started process (PID=7578) to work on /Users/wanghaojin/Desktop/exchange@NUS/IS3107/HW/Project/news_data_pipeline/.venv/lib/python3.11/site-packages/airflow/example_dags/example_complex.py
[2024-04-12T20:09:04.006+0800] {processor.py:830} INFO - Processing file /Users/wanghaojin/Desktop/exchange@NUS/IS3107/HW/Project/news_data_pipeline/.venv/lib/python3.11/site-packages/airflow/example_dags/example_complex.py for tasks to queue
[2024-04-12T20:09:04.006+0800] {logging_mixin.py:188} INFO - [2024-04-12T20:09:04.006+0800] {dagbag.py:538} INFO - Filling up the DagBag from /Users/wanghaojin/Desktop/exchange@NUS/IS3107/HW/Project/news_data_pipeline/.venv/lib/python3.11/site-packages/airflow/example_dags/example_complex.py
[2024-04-12T20:09:04.013+0800] {processor.py:840} INFO - DAG(s) 'example_complex' retrieved from /Users/wanghaojin/Desktop/exchange@NUS/IS3107/HW/Project/news_data_pipeline/.venv/lib/python3.11/site-packages/airflow/example_dags/example_complex.py
[2024-04-12T20:09:04.104+0800] {logging_mixin.py:188} INFO - [2024-04-12T20:09:04.104+0800] {dag.py:3036} INFO - Sync 1 DAGs
[2024-04-12T20:09:04.110+0800] {logging_mixin.py:188} INFO - [2024-04-12T20:09:04.110+0800] {dag.py:3823} INFO - Setting next_dagrun for example_complex to None, run_after=None
[2024-04-12T20:09:04.120+0800] {processor.py:183} INFO - Processing /Users/wanghaojin/Desktop/exchange@NUS/IS3107/HW/Project/news_data_pipeline/.venv/lib/python3.11/site-packages/airflow/example_dags/example_complex.py took 0.116 seconds
[2024-04-12T20:11:21.403+0800] {processor.py:161} INFO - Started process (PID=7768) to work on /Users/wanghaojin/Desktop/exchange@NUS/IS3107/HW/Project/news_data_pipeline/.venv/lib/python3.11/site-packages/airflow/example_dags/example_complex.py
[2024-04-12T20:11:21.403+0800] {processor.py:830} INFO - Processing file /Users/wanghaojin/Desktop/exchange@NUS/IS3107/HW/Project/news_data_pipeline/.venv/lib/python3.11/site-packages/airflow/example_dags/example_complex.py for tasks to queue
[2024-04-12T20:11:21.404+0800] {logging_mixin.py:188} INFO - [2024-04-12T20:11:21.404+0800] {dagbag.py:538} INFO - Filling up the DagBag from /Users/wanghaojin/Desktop/exchange@NUS/IS3107/HW/Project/news_data_pipeline/.venv/lib/python3.11/site-packages/airflow/example_dags/example_complex.py
[2024-04-12T20:11:21.410+0800] {processor.py:840} INFO - DAG(s) 'example_complex' retrieved from /Users/wanghaojin/Desktop/exchange@NUS/IS3107/HW/Project/news_data_pipeline/.venv/lib/python3.11/site-packages/airflow/example_dags/example_complex.py
[2024-04-12T20:11:21.499+0800] {logging_mixin.py:188} INFO - [2024-04-12T20:11:21.498+0800] {dag.py:3036} INFO - Sync 1 DAGs
[2024-04-12T20:11:21.504+0800] {logging_mixin.py:188} INFO - [2024-04-12T20:11:21.503+0800] {dag.py:3823} INFO - Setting next_dagrun for example_complex to None, run_after=None
[2024-04-12T20:11:21.514+0800] {processor.py:183} INFO - Processing /Users/wanghaojin/Desktop/exchange@NUS/IS3107/HW/Project/news_data_pipeline/.venv/lib/python3.11/site-packages/airflow/example_dags/example_complex.py took 0.111 seconds
[2024-04-12T20:13:38.762+0800] {processor.py:161} INFO - Started process (PID=8004) to work on /Users/wanghaojin/Desktop/exchange@NUS/IS3107/HW/Project/news_data_pipeline/.venv/lib/python3.11/site-packages/airflow/example_dags/example_complex.py
[2024-04-12T20:13:38.763+0800] {processor.py:830} INFO - Processing file /Users/wanghaojin/Desktop/exchange@NUS/IS3107/HW/Project/news_data_pipeline/.venv/lib/python3.11/site-packages/airflow/example_dags/example_complex.py for tasks to queue
[2024-04-12T20:13:38.764+0800] {logging_mixin.py:188} INFO - [2024-04-12T20:13:38.764+0800] {dagbag.py:538} INFO - Filling up the DagBag from /Users/wanghaojin/Desktop/exchange@NUS/IS3107/HW/Project/news_data_pipeline/.venv/lib/python3.11/site-packages/airflow/example_dags/example_complex.py
[2024-04-12T20:13:38.771+0800] {processor.py:840} INFO - DAG(s) 'example_complex' retrieved from /Users/wanghaojin/Desktop/exchange@NUS/IS3107/HW/Project/news_data_pipeline/.venv/lib/python3.11/site-packages/airflow/example_dags/example_complex.py
[2024-04-12T20:13:38.856+0800] {logging_mixin.py:188} INFO - [2024-04-12T20:13:38.856+0800] {dag.py:3036} INFO - Sync 1 DAGs
[2024-04-12T20:13:38.861+0800] {logging_mixin.py:188} INFO - [2024-04-12T20:13:38.861+0800] {dag.py:3823} INFO - Setting next_dagrun for example_complex to None, run_after=None
[2024-04-12T20:13:38.871+0800] {processor.py:183} INFO - Processing /Users/wanghaojin/Desktop/exchange@NUS/IS3107/HW/Project/news_data_pipeline/.venv/lib/python3.11/site-packages/airflow/example_dags/example_complex.py took 0.110 seconds
[2024-04-12T20:15:56.316+0800] {processor.py:161} INFO - Started process (PID=8271) to work on /Users/wanghaojin/Desktop/exchange@NUS/IS3107/HW/Project/news_data_pipeline/.venv/lib/python3.11/site-packages/airflow/example_dags/example_complex.py
[2024-04-12T20:15:56.317+0800] {processor.py:830} INFO - Processing file /Users/wanghaojin/Desktop/exchange@NUS/IS3107/HW/Project/news_data_pipeline/.venv/lib/python3.11/site-packages/airflow/example_dags/example_complex.py for tasks to queue
[2024-04-12T20:15:56.317+0800] {logging_mixin.py:188} INFO - [2024-04-12T20:15:56.317+0800] {dagbag.py:538} INFO - Filling up the DagBag from /Users/wanghaojin/Desktop/exchange@NUS/IS3107/HW/Project/news_data_pipeline/.venv/lib/python3.11/site-packages/airflow/example_dags/example_complex.py
[2024-04-12T20:15:56.324+0800] {processor.py:840} INFO - DAG(s) 'example_complex' retrieved from /Users/wanghaojin/Desktop/exchange@NUS/IS3107/HW/Project/news_data_pipeline/.venv/lib/python3.11/site-packages/airflow/example_dags/example_complex.py
[2024-04-12T20:15:56.408+0800] {logging_mixin.py:188} INFO - [2024-04-12T20:15:56.408+0800] {dag.py:3036} INFO - Sync 1 DAGs
[2024-04-12T20:15:56.414+0800] {logging_mixin.py:188} INFO - [2024-04-12T20:15:56.413+0800] {dag.py:3823} INFO - Setting next_dagrun for example_complex to None, run_after=None
[2024-04-12T20:15:56.424+0800] {processor.py:183} INFO - Processing /Users/wanghaojin/Desktop/exchange@NUS/IS3107/HW/Project/news_data_pipeline/.venv/lib/python3.11/site-packages/airflow/example_dags/example_complex.py took 0.109 seconds
[2024-04-12T20:19:36.648+0800] {processor.py:161} INFO - Started process (PID=8758) to work on /Users/wanghaojin/Desktop/exchange@NUS/IS3107/HW/Project/news_data_pipeline/.venv/lib/python3.11/site-packages/airflow/example_dags/example_complex.py
[2024-04-12T20:19:36.650+0800] {processor.py:830} INFO - Processing file /Users/wanghaojin/Desktop/exchange@NUS/IS3107/HW/Project/news_data_pipeline/.venv/lib/python3.11/site-packages/airflow/example_dags/example_complex.py for tasks to queue
[2024-04-12T20:19:36.650+0800] {logging_mixin.py:188} INFO - [2024-04-12T20:19:36.650+0800] {dagbag.py:538} INFO - Filling up the DagBag from /Users/wanghaojin/Desktop/exchange@NUS/IS3107/HW/Project/news_data_pipeline/.venv/lib/python3.11/site-packages/airflow/example_dags/example_complex.py
[2024-04-12T20:19:36.657+0800] {processor.py:840} INFO - DAG(s) 'example_complex' retrieved from /Users/wanghaojin/Desktop/exchange@NUS/IS3107/HW/Project/news_data_pipeline/.venv/lib/python3.11/site-packages/airflow/example_dags/example_complex.py
[2024-04-12T20:19:36.783+0800] {logging_mixin.py:188} INFO - [2024-04-12T20:19:36.783+0800] {dag.py:3036} INFO - Sync 1 DAGs
[2024-04-12T20:19:36.788+0800] {logging_mixin.py:188} INFO - [2024-04-12T20:19:36.787+0800] {dag.py:3823} INFO - Setting next_dagrun for example_complex to None, run_after=None
[2024-04-12T20:19:36.798+0800] {processor.py:183} INFO - Processing /Users/wanghaojin/Desktop/exchange@NUS/IS3107/HW/Project/news_data_pipeline/.venv/lib/python3.11/site-packages/airflow/example_dags/example_complex.py took 0.150 seconds
[2024-04-12T20:21:56.088+0800] {processor.py:161} INFO - Started process (PID=8959) to work on /Users/wanghaojin/Desktop/exchange@NUS/IS3107/HW/Project/news_data_pipeline/.venv/lib/python3.11/site-packages/airflow/example_dags/example_complex.py
[2024-04-12T20:21:56.089+0800] {processor.py:830} INFO - Processing file /Users/wanghaojin/Desktop/exchange@NUS/IS3107/HW/Project/news_data_pipeline/.venv/lib/python3.11/site-packages/airflow/example_dags/example_complex.py for tasks to queue
[2024-04-12T20:21:56.089+0800] {logging_mixin.py:188} INFO - [2024-04-12T20:21:56.089+0800] {dagbag.py:538} INFO - Filling up the DagBag from /Users/wanghaojin/Desktop/exchange@NUS/IS3107/HW/Project/news_data_pipeline/.venv/lib/python3.11/site-packages/airflow/example_dags/example_complex.py
[2024-04-12T20:21:56.096+0800] {processor.py:840} INFO - DAG(s) 'example_complex' retrieved from /Users/wanghaojin/Desktop/exchange@NUS/IS3107/HW/Project/news_data_pipeline/.venv/lib/python3.11/site-packages/airflow/example_dags/example_complex.py
[2024-04-12T20:21:56.222+0800] {logging_mixin.py:188} INFO - [2024-04-12T20:21:56.222+0800] {dag.py:3036} INFO - Sync 1 DAGs
[2024-04-12T20:21:56.226+0800] {logging_mixin.py:188} INFO - [2024-04-12T20:21:56.226+0800] {dag.py:3823} INFO - Setting next_dagrun for example_complex to None, run_after=None
[2024-04-12T20:21:56.237+0800] {processor.py:183} INFO - Processing /Users/wanghaojin/Desktop/exchange@NUS/IS3107/HW/Project/news_data_pipeline/.venv/lib/python3.11/site-packages/airflow/example_dags/example_complex.py took 0.149 seconds
[2024-04-12T20:24:11.853+0800] {processor.py:161} INFO - Started process (PID=9127) to work on /Users/wanghaojin/Desktop/exchange@NUS/IS3107/HW/Project/news_data_pipeline/.venv/lib/python3.11/site-packages/airflow/example_dags/example_complex.py
[2024-04-12T20:24:11.855+0800] {processor.py:830} INFO - Processing file /Users/wanghaojin/Desktop/exchange@NUS/IS3107/HW/Project/news_data_pipeline/.venv/lib/python3.11/site-packages/airflow/example_dags/example_complex.py for tasks to queue
[2024-04-12T20:24:11.855+0800] {logging_mixin.py:188} INFO - [2024-04-12T20:24:11.855+0800] {dagbag.py:538} INFO - Filling up the DagBag from /Users/wanghaojin/Desktop/exchange@NUS/IS3107/HW/Project/news_data_pipeline/.venv/lib/python3.11/site-packages/airflow/example_dags/example_complex.py
[2024-04-12T20:24:11.862+0800] {processor.py:840} INFO - DAG(s) 'example_complex' retrieved from /Users/wanghaojin/Desktop/exchange@NUS/IS3107/HW/Project/news_data_pipeline/.venv/lib/python3.11/site-packages/airflow/example_dags/example_complex.py
[2024-04-12T20:24:11.952+0800] {logging_mixin.py:188} INFO - [2024-04-12T20:24:11.952+0800] {dag.py:3036} INFO - Sync 1 DAGs
[2024-04-12T20:24:11.957+0800] {logging_mixin.py:188} INFO - [2024-04-12T20:24:11.957+0800] {dag.py:3823} INFO - Setting next_dagrun for example_complex to None, run_after=None
[2024-04-12T20:24:11.967+0800] {processor.py:183} INFO - Processing /Users/wanghaojin/Desktop/exchange@NUS/IS3107/HW/Project/news_data_pipeline/.venv/lib/python3.11/site-packages/airflow/example_dags/example_complex.py took 0.115 seconds
[2024-04-12T20:26:47.446+0800] {processor.py:161} INFO - Started process (PID=9381) to work on /Users/wanghaojin/Desktop/exchange@NUS/IS3107/HW/Project/news_data_pipeline/.venv/lib/python3.11/site-packages/airflow/example_dags/example_complex.py
[2024-04-12T20:26:47.447+0800] {processor.py:830} INFO - Processing file /Users/wanghaojin/Desktop/exchange@NUS/IS3107/HW/Project/news_data_pipeline/.venv/lib/python3.11/site-packages/airflow/example_dags/example_complex.py for tasks to queue
[2024-04-12T20:26:47.448+0800] {logging_mixin.py:188} INFO - [2024-04-12T20:26:47.448+0800] {dagbag.py:538} INFO - Filling up the DagBag from /Users/wanghaojin/Desktop/exchange@NUS/IS3107/HW/Project/news_data_pipeline/.venv/lib/python3.11/site-packages/airflow/example_dags/example_complex.py
[2024-04-12T20:26:47.454+0800] {processor.py:840} INFO - DAG(s) 'example_complex' retrieved from /Users/wanghaojin/Desktop/exchange@NUS/IS3107/HW/Project/news_data_pipeline/.venv/lib/python3.11/site-packages/airflow/example_dags/example_complex.py
[2024-04-12T20:26:47.540+0800] {logging_mixin.py:188} INFO - [2024-04-12T20:26:47.539+0800] {dag.py:3036} INFO - Sync 1 DAGs
[2024-04-12T20:26:47.545+0800] {logging_mixin.py:188} INFO - [2024-04-12T20:26:47.544+0800] {dag.py:3823} INFO - Setting next_dagrun for example_complex to None, run_after=None
[2024-04-12T20:26:47.555+0800] {processor.py:183} INFO - Processing /Users/wanghaojin/Desktop/exchange@NUS/IS3107/HW/Project/news_data_pipeline/.venv/lib/python3.11/site-packages/airflow/example_dags/example_complex.py took 0.109 seconds
[2024-04-12T20:29:03.519+0800] {processor.py:161} INFO - Started process (PID=9631) to work on /Users/wanghaojin/Desktop/exchange@NUS/IS3107/HW/Project/news_data_pipeline/.venv/lib/python3.11/site-packages/airflow/example_dags/example_complex.py
[2024-04-12T20:29:03.520+0800] {processor.py:830} INFO - Processing file /Users/wanghaojin/Desktop/exchange@NUS/IS3107/HW/Project/news_data_pipeline/.venv/lib/python3.11/site-packages/airflow/example_dags/example_complex.py for tasks to queue
[2024-04-12T20:29:03.520+0800] {logging_mixin.py:188} INFO - [2024-04-12T20:29:03.520+0800] {dagbag.py:538} INFO - Filling up the DagBag from /Users/wanghaojin/Desktop/exchange@NUS/IS3107/HW/Project/news_data_pipeline/.venv/lib/python3.11/site-packages/airflow/example_dags/example_complex.py
[2024-04-12T20:29:03.528+0800] {processor.py:840} INFO - DAG(s) 'example_complex' retrieved from /Users/wanghaojin/Desktop/exchange@NUS/IS3107/HW/Project/news_data_pipeline/.venv/lib/python3.11/site-packages/airflow/example_dags/example_complex.py
[2024-04-12T20:29:03.623+0800] {logging_mixin.py:188} INFO - [2024-04-12T20:29:03.622+0800] {dag.py:3036} INFO - Sync 1 DAGs
[2024-04-12T20:29:03.628+0800] {logging_mixin.py:188} INFO - [2024-04-12T20:29:03.628+0800] {dag.py:3823} INFO - Setting next_dagrun for example_complex to None, run_after=None
[2024-04-12T20:29:03.640+0800] {processor.py:183} INFO - Processing /Users/wanghaojin/Desktop/exchange@NUS/IS3107/HW/Project/news_data_pipeline/.venv/lib/python3.11/site-packages/airflow/example_dags/example_complex.py took 0.122 seconds
[2024-04-12T20:30:41.617+0800] {processor.py:161} INFO - Started process (PID=9853) to work on /Users/wanghaojin/Desktop/exchange@NUS/IS3107/HW/Project/news_data_pipeline/.venv/lib/python3.11/site-packages/airflow/example_dags/example_complex.py
[2024-04-12T20:30:41.618+0800] {processor.py:830} INFO - Processing file /Users/wanghaojin/Desktop/exchange@NUS/IS3107/HW/Project/news_data_pipeline/.venv/lib/python3.11/site-packages/airflow/example_dags/example_complex.py for tasks to queue
[2024-04-12T20:30:41.618+0800] {logging_mixin.py:188} INFO - [2024-04-12T20:30:41.618+0800] {dagbag.py:538} INFO - Filling up the DagBag from /Users/wanghaojin/Desktop/exchange@NUS/IS3107/HW/Project/news_data_pipeline/.venv/lib/python3.11/site-packages/airflow/example_dags/example_complex.py
[2024-04-12T20:30:41.625+0800] {processor.py:840} INFO - DAG(s) 'example_complex' retrieved from /Users/wanghaojin/Desktop/exchange@NUS/IS3107/HW/Project/news_data_pipeline/.venv/lib/python3.11/site-packages/airflow/example_dags/example_complex.py
[2024-04-12T20:30:41.754+0800] {logging_mixin.py:188} INFO - [2024-04-12T20:30:41.753+0800] {dag.py:3036} INFO - Sync 1 DAGs
[2024-04-12T20:30:41.758+0800] {logging_mixin.py:188} INFO - [2024-04-12T20:30:41.758+0800] {dag.py:3823} INFO - Setting next_dagrun for example_complex to None, run_after=None
[2024-04-12T20:30:41.769+0800] {processor.py:183} INFO - Processing /Users/wanghaojin/Desktop/exchange@NUS/IS3107/HW/Project/news_data_pipeline/.venv/lib/python3.11/site-packages/airflow/example_dags/example_complex.py took 0.152 seconds
[2024-04-12T20:37:28.446+0800] {processor.py:161} INFO - Started process (PID=10584) to work on /Users/wanghaojin/Desktop/exchange@NUS/IS3107/HW/Project/news_data_pipeline/.venv/lib/python3.11/site-packages/airflow/example_dags/example_complex.py
[2024-04-12T20:37:28.448+0800] {processor.py:830} INFO - Processing file /Users/wanghaojin/Desktop/exchange@NUS/IS3107/HW/Project/news_data_pipeline/.venv/lib/python3.11/site-packages/airflow/example_dags/example_complex.py for tasks to queue
[2024-04-12T20:37:28.448+0800] {logging_mixin.py:188} INFO - [2024-04-12T20:37:28.448+0800] {dagbag.py:538} INFO - Filling up the DagBag from /Users/wanghaojin/Desktop/exchange@NUS/IS3107/HW/Project/news_data_pipeline/.venv/lib/python3.11/site-packages/airflow/example_dags/example_complex.py
[2024-04-12T20:37:28.454+0800] {processor.py:840} INFO - DAG(s) 'example_complex' retrieved from /Users/wanghaojin/Desktop/exchange@NUS/IS3107/HW/Project/news_data_pipeline/.venv/lib/python3.11/site-packages/airflow/example_dags/example_complex.py
[2024-04-12T20:37:28.581+0800] {logging_mixin.py:188} INFO - [2024-04-12T20:37:28.581+0800] {dag.py:3036} INFO - Sync 1 DAGs
[2024-04-12T20:37:28.586+0800] {logging_mixin.py:188} INFO - [2024-04-12T20:37:28.585+0800] {dag.py:3823} INFO - Setting next_dagrun for example_complex to None, run_after=None
[2024-04-12T20:37:28.596+0800] {processor.py:183} INFO - Processing /Users/wanghaojin/Desktop/exchange@NUS/IS3107/HW/Project/news_data_pipeline/.venv/lib/python3.11/site-packages/airflow/example_dags/example_complex.py took 0.150 seconds
[2024-04-12T20:39:43.330+0800] {processor.py:161} INFO - Started process (PID=10798) to work on /Users/wanghaojin/Desktop/exchange@NUS/IS3107/HW/Project/news_data_pipeline/.venv/lib/python3.11/site-packages/airflow/example_dags/example_complex.py
[2024-04-12T20:39:43.330+0800] {processor.py:830} INFO - Processing file /Users/wanghaojin/Desktop/exchange@NUS/IS3107/HW/Project/news_data_pipeline/.venv/lib/python3.11/site-packages/airflow/example_dags/example_complex.py for tasks to queue
[2024-04-12T20:39:43.330+0800] {logging_mixin.py:188} INFO - [2024-04-12T20:39:43.330+0800] {dagbag.py:538} INFO - Filling up the DagBag from /Users/wanghaojin/Desktop/exchange@NUS/IS3107/HW/Project/news_data_pipeline/.venv/lib/python3.11/site-packages/airflow/example_dags/example_complex.py
[2024-04-12T20:39:43.337+0800] {processor.py:840} INFO - DAG(s) 'example_complex' retrieved from /Users/wanghaojin/Desktop/exchange@NUS/IS3107/HW/Project/news_data_pipeline/.venv/lib/python3.11/site-packages/airflow/example_dags/example_complex.py
[2024-04-12T20:39:43.420+0800] {logging_mixin.py:188} INFO - [2024-04-12T20:39:43.420+0800] {dag.py:3036} INFO - Sync 1 DAGs
[2024-04-12T20:39:43.425+0800] {logging_mixin.py:188} INFO - [2024-04-12T20:39:43.424+0800] {dag.py:3823} INFO - Setting next_dagrun for example_complex to None, run_after=None
[2024-04-12T20:39:43.435+0800] {processor.py:183} INFO - Processing /Users/wanghaojin/Desktop/exchange@NUS/IS3107/HW/Project/news_data_pipeline/.venv/lib/python3.11/site-packages/airflow/example_dags/example_complex.py took 0.106 seconds
[2024-04-12T20:42:01.086+0800] {processor.py:161} INFO - Started process (PID=10979) to work on /Users/wanghaojin/Desktop/exchange@NUS/IS3107/HW/Project/news_data_pipeline/.venv/lib/python3.11/site-packages/airflow/example_dags/example_complex.py
[2024-04-12T20:42:01.087+0800] {processor.py:830} INFO - Processing file /Users/wanghaojin/Desktop/exchange@NUS/IS3107/HW/Project/news_data_pipeline/.venv/lib/python3.11/site-packages/airflow/example_dags/example_complex.py for tasks to queue
[2024-04-12T20:42:01.087+0800] {logging_mixin.py:188} INFO - [2024-04-12T20:42:01.087+0800] {dagbag.py:538} INFO - Filling up the DagBag from /Users/wanghaojin/Desktop/exchange@NUS/IS3107/HW/Project/news_data_pipeline/.venv/lib/python3.11/site-packages/airflow/example_dags/example_complex.py
[2024-04-12T20:42:01.094+0800] {processor.py:840} INFO - DAG(s) 'example_complex' retrieved from /Users/wanghaojin/Desktop/exchange@NUS/IS3107/HW/Project/news_data_pipeline/.venv/lib/python3.11/site-packages/airflow/example_dags/example_complex.py
[2024-04-12T20:42:01.177+0800] {logging_mixin.py:188} INFO - [2024-04-12T20:42:01.177+0800] {dag.py:3036} INFO - Sync 1 DAGs
[2024-04-12T20:42:01.182+0800] {logging_mixin.py:188} INFO - [2024-04-12T20:42:01.181+0800] {dag.py:3823} INFO - Setting next_dagrun for example_complex to None, run_after=None
[2024-04-12T20:42:01.192+0800] {processor.py:183} INFO - Processing /Users/wanghaojin/Desktop/exchange@NUS/IS3107/HW/Project/news_data_pipeline/.venv/lib/python3.11/site-packages/airflow/example_dags/example_complex.py took 0.106 seconds
[2024-04-12T20:44:23.333+0800] {processor.py:161} INFO - Started process (PID=11189) to work on /Users/wanghaojin/Desktop/exchange@NUS/IS3107/HW/Project/news_data_pipeline/.venv/lib/python3.11/site-packages/airflow/example_dags/example_complex.py
[2024-04-12T20:44:23.333+0800] {processor.py:830} INFO - Processing file /Users/wanghaojin/Desktop/exchange@NUS/IS3107/HW/Project/news_data_pipeline/.venv/lib/python3.11/site-packages/airflow/example_dags/example_complex.py for tasks to queue
[2024-04-12T20:44:23.334+0800] {logging_mixin.py:188} INFO - [2024-04-12T20:44:23.334+0800] {dagbag.py:538} INFO - Filling up the DagBag from /Users/wanghaojin/Desktop/exchange@NUS/IS3107/HW/Project/news_data_pipeline/.venv/lib/python3.11/site-packages/airflow/example_dags/example_complex.py
[2024-04-12T20:44:23.341+0800] {processor.py:840} INFO - DAG(s) 'example_complex' retrieved from /Users/wanghaojin/Desktop/exchange@NUS/IS3107/HW/Project/news_data_pipeline/.venv/lib/python3.11/site-packages/airflow/example_dags/example_complex.py
[2024-04-12T20:44:23.423+0800] {logging_mixin.py:188} INFO - [2024-04-12T20:44:23.423+0800] {dag.py:3036} INFO - Sync 1 DAGs
[2024-04-12T20:44:23.428+0800] {logging_mixin.py:188} INFO - [2024-04-12T20:44:23.428+0800] {dag.py:3823} INFO - Setting next_dagrun for example_complex to None, run_after=None
[2024-04-12T20:44:23.439+0800] {processor.py:183} INFO - Processing /Users/wanghaojin/Desktop/exchange@NUS/IS3107/HW/Project/news_data_pipeline/.venv/lib/python3.11/site-packages/airflow/example_dags/example_complex.py took 0.107 seconds
[2024-04-12T20:50:43.196+0800] {processor.py:161} INFO - Started process (PID=11974) to work on /Users/wanghaojin/Desktop/exchange@NUS/IS3107/HW/Project/news_data_pipeline/.venv/lib/python3.11/site-packages/airflow/example_dags/example_complex.py
[2024-04-12T20:50:43.197+0800] {processor.py:830} INFO - Processing file /Users/wanghaojin/Desktop/exchange@NUS/IS3107/HW/Project/news_data_pipeline/.venv/lib/python3.11/site-packages/airflow/example_dags/example_complex.py for tasks to queue
[2024-04-12T20:50:43.197+0800] {logging_mixin.py:188} INFO - [2024-04-12T20:50:43.197+0800] {dagbag.py:538} INFO - Filling up the DagBag from /Users/wanghaojin/Desktop/exchange@NUS/IS3107/HW/Project/news_data_pipeline/.venv/lib/python3.11/site-packages/airflow/example_dags/example_complex.py
[2024-04-12T20:50:43.204+0800] {processor.py:840} INFO - DAG(s) 'example_complex' retrieved from /Users/wanghaojin/Desktop/exchange@NUS/IS3107/HW/Project/news_data_pipeline/.venv/lib/python3.11/site-packages/airflow/example_dags/example_complex.py
[2024-04-12T20:50:43.333+0800] {logging_mixin.py:188} INFO - [2024-04-12T20:50:43.333+0800] {dag.py:3036} INFO - Sync 1 DAGs
[2024-04-12T20:50:43.338+0800] {logging_mixin.py:188} INFO - [2024-04-12T20:50:43.337+0800] {dag.py:3823} INFO - Setting next_dagrun for example_complex to None, run_after=None
[2024-04-12T20:50:43.349+0800] {processor.py:183} INFO - Processing /Users/wanghaojin/Desktop/exchange@NUS/IS3107/HW/Project/news_data_pipeline/.venv/lib/python3.11/site-packages/airflow/example_dags/example_complex.py took 0.154 seconds
