[2024-04-12T19:28:00.834+0800] {processor.py:161} INFO - Started process (PID=3453) to work on /Users/wanghaojin/Desktop/exchange@NUS/IS3107/HW/Project/news_data_pipeline/.venv/lib/python3.11/site-packages/airflow/example_dags/example_dag_decorator.py
[2024-04-12T19:28:00.835+0800] {processor.py:830} INFO - Processing file /Users/wanghaojin/Desktop/exchange@NUS/IS3107/HW/Project/news_data_pipeline/.venv/lib/python3.11/site-packages/airflow/example_dags/example_dag_decorator.py for tasks to queue
[2024-04-12T19:28:00.835+0800] {logging_mixin.py:188} INFO - [2024-04-12T19:28:00.835+0800] {dagbag.py:538} INFO - Filling up the DagBag from /Users/wanghaojin/Desktop/exchange@NUS/IS3107/HW/Project/news_data_pipeline/.venv/lib/python3.11/site-packages/airflow/example_dags/example_dag_decorator.py
[2024-04-12T19:28:00.981+0800] {processor.py:840} INFO - DAG(s) 'example_dag_decorator' retrieved from /Users/wanghaojin/Desktop/exchange@NUS/IS3107/HW/Project/news_data_pipeline/.venv/lib/python3.11/site-packages/airflow/example_dags/example_dag_decorator.py
[2024-04-12T19:28:01.070+0800] {logging_mixin.py:188} INFO - [2024-04-12T19:28:01.069+0800] {dag.py:3036} INFO - Sync 1 DAGs
[2024-04-12T19:28:01.074+0800] {logging_mixin.py:188} INFO - [2024-04-12T19:28:01.074+0800] {dag.py:3823} INFO - Setting next_dagrun for example_dag_decorator to None, run_after=None
[2024-04-12T19:28:01.084+0800] {processor.py:183} INFO - Processing /Users/wanghaojin/Desktop/exchange@NUS/IS3107/HW/Project/news_data_pipeline/.venv/lib/python3.11/site-packages/airflow/example_dags/example_dag_decorator.py took 0.251 seconds
[2024-04-12T19:30:58.403+0800] {processor.py:161} INFO - Started process (PID=4198) to work on /Users/wanghaojin/Desktop/exchange@NUS/IS3107/HW/Project/news_data_pipeline/.venv/lib/python3.11/site-packages/airflow/example_dags/example_dag_decorator.py
[2024-04-12T19:30:58.404+0800] {processor.py:830} INFO - Processing file /Users/wanghaojin/Desktop/exchange@NUS/IS3107/HW/Project/news_data_pipeline/.venv/lib/python3.11/site-packages/airflow/example_dags/example_dag_decorator.py for tasks to queue
[2024-04-12T19:30:58.404+0800] {logging_mixin.py:188} INFO - [2024-04-12T19:30:58.404+0800] {dagbag.py:538} INFO - Filling up the DagBag from /Users/wanghaojin/Desktop/exchange@NUS/IS3107/HW/Project/news_data_pipeline/.venv/lib/python3.11/site-packages/airflow/example_dags/example_dag_decorator.py
[2024-04-12T19:30:58.549+0800] {processor.py:840} INFO - DAG(s) 'example_dag_decorator' retrieved from /Users/wanghaojin/Desktop/exchange@NUS/IS3107/HW/Project/news_data_pipeline/.venv/lib/python3.11/site-packages/airflow/example_dags/example_dag_decorator.py
[2024-04-12T19:30:58.636+0800] {logging_mixin.py:188} INFO - [2024-04-12T19:30:58.636+0800] {dag.py:3036} INFO - Sync 1 DAGs
[2024-04-12T19:30:58.641+0800] {logging_mixin.py:188} INFO - [2024-04-12T19:30:58.640+0800] {dag.py:3823} INFO - Setting next_dagrun for example_dag_decorator to None, run_after=None
[2024-04-12T19:30:58.652+0800] {processor.py:183} INFO - Processing /Users/wanghaojin/Desktop/exchange@NUS/IS3107/HW/Project/news_data_pipeline/.venv/lib/python3.11/site-packages/airflow/example_dags/example_dag_decorator.py took 0.249 seconds
[2024-04-12T19:32:45.796+0800] {processor.py:161} INFO - Started process (PID=4412) to work on /Users/wanghaojin/Desktop/exchange@NUS/IS3107/HW/Project/news_data_pipeline/.venv/lib/python3.11/site-packages/airflow/example_dags/example_dag_decorator.py
[2024-04-12T19:32:45.797+0800] {processor.py:830} INFO - Processing file /Users/wanghaojin/Desktop/exchange@NUS/IS3107/HW/Project/news_data_pipeline/.venv/lib/python3.11/site-packages/airflow/example_dags/example_dag_decorator.py for tasks to queue
[2024-04-12T19:32:45.797+0800] {logging_mixin.py:188} INFO - [2024-04-12T19:32:45.797+0800] {dagbag.py:538} INFO - Filling up the DagBag from /Users/wanghaojin/Desktop/exchange@NUS/IS3107/HW/Project/news_data_pipeline/.venv/lib/python3.11/site-packages/airflow/example_dags/example_dag_decorator.py
[2024-04-12T19:32:45.941+0800] {processor.py:840} INFO - DAG(s) 'example_dag_decorator' retrieved from /Users/wanghaojin/Desktop/exchange@NUS/IS3107/HW/Project/news_data_pipeline/.venv/lib/python3.11/site-packages/airflow/example_dags/example_dag_decorator.py
[2024-04-12T19:32:46.029+0800] {logging_mixin.py:188} INFO - [2024-04-12T19:32:46.029+0800] {dag.py:3036} INFO - Sync 1 DAGs
[2024-04-12T19:32:46.033+0800] {logging_mixin.py:188} INFO - [2024-04-12T19:32:46.033+0800] {dag.py:3823} INFO - Setting next_dagrun for example_dag_decorator to None, run_after=None
[2024-04-12T19:32:46.044+0800] {processor.py:183} INFO - Processing /Users/wanghaojin/Desktop/exchange@NUS/IS3107/HW/Project/news_data_pipeline/.venv/lib/python3.11/site-packages/airflow/example_dags/example_dag_decorator.py took 0.248 seconds
[2024-04-12T19:35:03.335+0800] {processor.py:161} INFO - Started process (PID=4613) to work on /Users/wanghaojin/Desktop/exchange@NUS/IS3107/HW/Project/news_data_pipeline/.venv/lib/python3.11/site-packages/airflow/example_dags/example_dag_decorator.py
[2024-04-12T19:35:03.336+0800] {processor.py:830} INFO - Processing file /Users/wanghaojin/Desktop/exchange@NUS/IS3107/HW/Project/news_data_pipeline/.venv/lib/python3.11/site-packages/airflow/example_dags/example_dag_decorator.py for tasks to queue
[2024-04-12T19:35:03.336+0800] {logging_mixin.py:188} INFO - [2024-04-12T19:35:03.336+0800] {dagbag.py:538} INFO - Filling up the DagBag from /Users/wanghaojin/Desktop/exchange@NUS/IS3107/HW/Project/news_data_pipeline/.venv/lib/python3.11/site-packages/airflow/example_dags/example_dag_decorator.py
[2024-04-12T19:35:03.464+0800] {processor.py:840} INFO - DAG(s) 'example_dag_decorator' retrieved from /Users/wanghaojin/Desktop/exchange@NUS/IS3107/HW/Project/news_data_pipeline/.venv/lib/python3.11/site-packages/airflow/example_dags/example_dag_decorator.py
[2024-04-12T19:35:03.552+0800] {logging_mixin.py:188} INFO - [2024-04-12T19:35:03.551+0800] {dag.py:3036} INFO - Sync 1 DAGs
[2024-04-12T19:35:03.556+0800] {logging_mixin.py:188} INFO - [2024-04-12T19:35:03.556+0800] {dag.py:3823} INFO - Setting next_dagrun for example_dag_decorator to None, run_after=None
[2024-04-12T19:35:03.566+0800] {processor.py:183} INFO - Processing /Users/wanghaojin/Desktop/exchange@NUS/IS3107/HW/Project/news_data_pipeline/.venv/lib/python3.11/site-packages/airflow/example_dags/example_dag_decorator.py took 0.232 seconds
[2024-04-12T19:37:20.253+0800] {processor.py:161} INFO - Started process (PID=4828) to work on /Users/wanghaojin/Desktop/exchange@NUS/IS3107/HW/Project/news_data_pipeline/.venv/lib/python3.11/site-packages/airflow/example_dags/example_dag_decorator.py
[2024-04-12T19:37:20.254+0800] {processor.py:830} INFO - Processing file /Users/wanghaojin/Desktop/exchange@NUS/IS3107/HW/Project/news_data_pipeline/.venv/lib/python3.11/site-packages/airflow/example_dags/example_dag_decorator.py for tasks to queue
[2024-04-12T19:37:20.254+0800] {logging_mixin.py:188} INFO - [2024-04-12T19:37:20.254+0800] {dagbag.py:538} INFO - Filling up the DagBag from /Users/wanghaojin/Desktop/exchange@NUS/IS3107/HW/Project/news_data_pipeline/.venv/lib/python3.11/site-packages/airflow/example_dags/example_dag_decorator.py
[2024-04-12T19:37:20.381+0800] {processor.py:840} INFO - DAG(s) 'example_dag_decorator' retrieved from /Users/wanghaojin/Desktop/exchange@NUS/IS3107/HW/Project/news_data_pipeline/.venv/lib/python3.11/site-packages/airflow/example_dags/example_dag_decorator.py
[2024-04-12T19:37:20.469+0800] {logging_mixin.py:188} INFO - [2024-04-12T19:37:20.469+0800] {dag.py:3036} INFO - Sync 1 DAGs
[2024-04-12T19:37:20.473+0800] {logging_mixin.py:188} INFO - [2024-04-12T19:37:20.473+0800] {dag.py:3823} INFO - Setting next_dagrun for example_dag_decorator to None, run_after=None
[2024-04-12T19:37:20.484+0800] {processor.py:183} INFO - Processing /Users/wanghaojin/Desktop/exchange@NUS/IS3107/HW/Project/news_data_pipeline/.venv/lib/python3.11/site-packages/airflow/example_dags/example_dag_decorator.py took 0.231 seconds
[2024-04-12T19:39:34.386+0800] {processor.py:161} INFO - Started process (PID=5045) to work on /Users/wanghaojin/Desktop/exchange@NUS/IS3107/HW/Project/news_data_pipeline/.venv/lib/python3.11/site-packages/airflow/example_dags/example_dag_decorator.py
[2024-04-12T19:39:34.387+0800] {processor.py:830} INFO - Processing file /Users/wanghaojin/Desktop/exchange@NUS/IS3107/HW/Project/news_data_pipeline/.venv/lib/python3.11/site-packages/airflow/example_dags/example_dag_decorator.py for tasks to queue
[2024-04-12T19:39:34.387+0800] {logging_mixin.py:188} INFO - [2024-04-12T19:39:34.387+0800] {dagbag.py:538} INFO - Filling up the DagBag from /Users/wanghaojin/Desktop/exchange@NUS/IS3107/HW/Project/news_data_pipeline/.venv/lib/python3.11/site-packages/airflow/example_dags/example_dag_decorator.py
[2024-04-12T19:39:34.514+0800] {processor.py:840} INFO - DAG(s) 'example_dag_decorator' retrieved from /Users/wanghaojin/Desktop/exchange@NUS/IS3107/HW/Project/news_data_pipeline/.venv/lib/python3.11/site-packages/airflow/example_dags/example_dag_decorator.py
[2024-04-12T19:39:34.602+0800] {logging_mixin.py:188} INFO - [2024-04-12T19:39:34.602+0800] {dag.py:3036} INFO - Sync 1 DAGs
[2024-04-12T19:39:34.606+0800] {logging_mixin.py:188} INFO - [2024-04-12T19:39:34.606+0800] {dag.py:3823} INFO - Setting next_dagrun for example_dag_decorator to None, run_after=None
[2024-04-12T19:39:34.617+0800] {processor.py:183} INFO - Processing /Users/wanghaojin/Desktop/exchange@NUS/IS3107/HW/Project/news_data_pipeline/.venv/lib/python3.11/site-packages/airflow/example_dags/example_dag_decorator.py took 0.232 seconds
[2024-04-12T19:41:48.593+0800] {processor.py:161} INFO - Started process (PID=5254) to work on /Users/wanghaojin/Desktop/exchange@NUS/IS3107/HW/Project/news_data_pipeline/.venv/lib/python3.11/site-packages/airflow/example_dags/example_dag_decorator.py
[2024-04-12T19:41:48.594+0800] {processor.py:830} INFO - Processing file /Users/wanghaojin/Desktop/exchange@NUS/IS3107/HW/Project/news_data_pipeline/.venv/lib/python3.11/site-packages/airflow/example_dags/example_dag_decorator.py for tasks to queue
[2024-04-12T19:41:48.594+0800] {logging_mixin.py:188} INFO - [2024-04-12T19:41:48.594+0800] {dagbag.py:538} INFO - Filling up the DagBag from /Users/wanghaojin/Desktop/exchange@NUS/IS3107/HW/Project/news_data_pipeline/.venv/lib/python3.11/site-packages/airflow/example_dags/example_dag_decorator.py
[2024-04-12T19:41:48.721+0800] {processor.py:840} INFO - DAG(s) 'example_dag_decorator' retrieved from /Users/wanghaojin/Desktop/exchange@NUS/IS3107/HW/Project/news_data_pipeline/.venv/lib/python3.11/site-packages/airflow/example_dags/example_dag_decorator.py
[2024-04-12T19:41:48.808+0800] {logging_mixin.py:188} INFO - [2024-04-12T19:41:48.808+0800] {dag.py:3036} INFO - Sync 1 DAGs
[2024-04-12T19:41:48.812+0800] {logging_mixin.py:188} INFO - [2024-04-12T19:41:48.812+0800] {dag.py:3823} INFO - Setting next_dagrun for example_dag_decorator to None, run_after=None
[2024-04-12T19:41:48.823+0800] {processor.py:183} INFO - Processing /Users/wanghaojin/Desktop/exchange@NUS/IS3107/HW/Project/news_data_pipeline/.venv/lib/python3.11/site-packages/airflow/example_dags/example_dag_decorator.py took 0.230 seconds
[2024-04-12T19:44:04.651+0800] {processor.py:161} INFO - Started process (PID=5463) to work on /Users/wanghaojin/Desktop/exchange@NUS/IS3107/HW/Project/news_data_pipeline/.venv/lib/python3.11/site-packages/airflow/example_dags/example_dag_decorator.py
[2024-04-12T19:44:04.652+0800] {processor.py:830} INFO - Processing file /Users/wanghaojin/Desktop/exchange@NUS/IS3107/HW/Project/news_data_pipeline/.venv/lib/python3.11/site-packages/airflow/example_dags/example_dag_decorator.py for tasks to queue
[2024-04-12T19:44:04.652+0800] {logging_mixin.py:188} INFO - [2024-04-12T19:44:04.652+0800] {dagbag.py:538} INFO - Filling up the DagBag from /Users/wanghaojin/Desktop/exchange@NUS/IS3107/HW/Project/news_data_pipeline/.venv/lib/python3.11/site-packages/airflow/example_dags/example_dag_decorator.py
[2024-04-12T19:44:04.798+0800] {processor.py:840} INFO - DAG(s) 'example_dag_decorator' retrieved from /Users/wanghaojin/Desktop/exchange@NUS/IS3107/HW/Project/news_data_pipeline/.venv/lib/python3.11/site-packages/airflow/example_dags/example_dag_decorator.py
[2024-04-12T19:44:04.885+0800] {logging_mixin.py:188} INFO - [2024-04-12T19:44:04.885+0800] {dag.py:3036} INFO - Sync 1 DAGs
[2024-04-12T19:44:04.890+0800] {logging_mixin.py:188} INFO - [2024-04-12T19:44:04.890+0800] {dag.py:3823} INFO - Setting next_dagrun for example_dag_decorator to None, run_after=None
[2024-04-12T19:44:04.900+0800] {processor.py:183} INFO - Processing /Users/wanghaojin/Desktop/exchange@NUS/IS3107/HW/Project/news_data_pipeline/.venv/lib/python3.11/site-packages/airflow/example_dags/example_dag_decorator.py took 0.250 seconds
[2024-04-12T19:46:20.097+0800] {processor.py:161} INFO - Started process (PID=5662) to work on /Users/wanghaojin/Desktop/exchange@NUS/IS3107/HW/Project/news_data_pipeline/.venv/lib/python3.11/site-packages/airflow/example_dags/example_dag_decorator.py
[2024-04-12T19:46:20.098+0800] {processor.py:830} INFO - Processing file /Users/wanghaojin/Desktop/exchange@NUS/IS3107/HW/Project/news_data_pipeline/.venv/lib/python3.11/site-packages/airflow/example_dags/example_dag_decorator.py for tasks to queue
[2024-04-12T19:46:20.099+0800] {logging_mixin.py:188} INFO - [2024-04-12T19:46:20.099+0800] {dagbag.py:538} INFO - Filling up the DagBag from /Users/wanghaojin/Desktop/exchange@NUS/IS3107/HW/Project/news_data_pipeline/.venv/lib/python3.11/site-packages/airflow/example_dags/example_dag_decorator.py
[2024-04-12T19:46:20.244+0800] {processor.py:840} INFO - DAG(s) 'example_dag_decorator' retrieved from /Users/wanghaojin/Desktop/exchange@NUS/IS3107/HW/Project/news_data_pipeline/.venv/lib/python3.11/site-packages/airflow/example_dags/example_dag_decorator.py
[2024-04-12T19:46:20.333+0800] {logging_mixin.py:188} INFO - [2024-04-12T19:46:20.333+0800] {dag.py:3036} INFO - Sync 1 DAGs
[2024-04-12T19:46:20.338+0800] {logging_mixin.py:188} INFO - [2024-04-12T19:46:20.338+0800] {dag.py:3823} INFO - Setting next_dagrun for example_dag_decorator to None, run_after=None
[2024-04-12T19:46:20.348+0800] {processor.py:183} INFO - Processing /Users/wanghaojin/Desktop/exchange@NUS/IS3107/HW/Project/news_data_pipeline/.venv/lib/python3.11/site-packages/airflow/example_dags/example_dag_decorator.py took 0.251 seconds
[2024-04-12T19:48:38.035+0800] {processor.py:161} INFO - Started process (PID=5866) to work on /Users/wanghaojin/Desktop/exchange@NUS/IS3107/HW/Project/news_data_pipeline/.venv/lib/python3.11/site-packages/airflow/example_dags/example_dag_decorator.py
[2024-04-12T19:48:38.035+0800] {processor.py:830} INFO - Processing file /Users/wanghaojin/Desktop/exchange@NUS/IS3107/HW/Project/news_data_pipeline/.venv/lib/python3.11/site-packages/airflow/example_dags/example_dag_decorator.py for tasks to queue
[2024-04-12T19:48:38.035+0800] {logging_mixin.py:188} INFO - [2024-04-12T19:48:38.035+0800] {dagbag.py:538} INFO - Filling up the DagBag from /Users/wanghaojin/Desktop/exchange@NUS/IS3107/HW/Project/news_data_pipeline/.venv/lib/python3.11/site-packages/airflow/example_dags/example_dag_decorator.py
[2024-04-12T19:48:38.164+0800] {processor.py:840} INFO - DAG(s) 'example_dag_decorator' retrieved from /Users/wanghaojin/Desktop/exchange@NUS/IS3107/HW/Project/news_data_pipeline/.venv/lib/python3.11/site-packages/airflow/example_dags/example_dag_decorator.py
[2024-04-12T19:48:38.253+0800] {logging_mixin.py:188} INFO - [2024-04-12T19:48:38.253+0800] {dag.py:3036} INFO - Sync 1 DAGs
[2024-04-12T19:48:38.257+0800] {logging_mixin.py:188} INFO - [2024-04-12T19:48:38.257+0800] {dag.py:3823} INFO - Setting next_dagrun for example_dag_decorator to None, run_after=None
[2024-04-12T19:48:38.268+0800] {processor.py:183} INFO - Processing /Users/wanghaojin/Desktop/exchange@NUS/IS3107/HW/Project/news_data_pipeline/.venv/lib/python3.11/site-packages/airflow/example_dags/example_dag_decorator.py took 0.234 seconds
[2024-04-12T19:50:53.389+0800] {processor.py:161} INFO - Started process (PID=6060) to work on /Users/wanghaojin/Desktop/exchange@NUS/IS3107/HW/Project/news_data_pipeline/.venv/lib/python3.11/site-packages/airflow/example_dags/example_dag_decorator.py
[2024-04-12T19:50:53.389+0800] {processor.py:830} INFO - Processing file /Users/wanghaojin/Desktop/exchange@NUS/IS3107/HW/Project/news_data_pipeline/.venv/lib/python3.11/site-packages/airflow/example_dags/example_dag_decorator.py for tasks to queue
[2024-04-12T19:50:53.390+0800] {logging_mixin.py:188} INFO - [2024-04-12T19:50:53.390+0800] {dagbag.py:538} INFO - Filling up the DagBag from /Users/wanghaojin/Desktop/exchange@NUS/IS3107/HW/Project/news_data_pipeline/.venv/lib/python3.11/site-packages/airflow/example_dags/example_dag_decorator.py
[2024-04-12T19:50:53.517+0800] {processor.py:840} INFO - DAG(s) 'example_dag_decorator' retrieved from /Users/wanghaojin/Desktop/exchange@NUS/IS3107/HW/Project/news_data_pipeline/.venv/lib/python3.11/site-packages/airflow/example_dags/example_dag_decorator.py
[2024-04-12T19:50:53.606+0800] {logging_mixin.py:188} INFO - [2024-04-12T19:50:53.606+0800] {dag.py:3036} INFO - Sync 1 DAGs
[2024-04-12T19:50:53.610+0800] {logging_mixin.py:188} INFO - [2024-04-12T19:50:53.610+0800] {dag.py:3823} INFO - Setting next_dagrun for example_dag_decorator to None, run_after=None
[2024-04-12T19:50:53.621+0800] {processor.py:183} INFO - Processing /Users/wanghaojin/Desktop/exchange@NUS/IS3107/HW/Project/news_data_pipeline/.venv/lib/python3.11/site-packages/airflow/example_dags/example_dag_decorator.py took 0.232 seconds
[2024-04-12T19:53:06.613+0800] {processor.py:161} INFO - Started process (PID=6235) to work on /Users/wanghaojin/Desktop/exchange@NUS/IS3107/HW/Project/news_data_pipeline/.venv/lib/python3.11/site-packages/airflow/example_dags/example_dag_decorator.py
[2024-04-12T19:53:06.614+0800] {processor.py:830} INFO - Processing file /Users/wanghaojin/Desktop/exchange@NUS/IS3107/HW/Project/news_data_pipeline/.venv/lib/python3.11/site-packages/airflow/example_dags/example_dag_decorator.py for tasks to queue
[2024-04-12T19:53:06.614+0800] {logging_mixin.py:188} INFO - [2024-04-12T19:53:06.614+0800] {dagbag.py:538} INFO - Filling up the DagBag from /Users/wanghaojin/Desktop/exchange@NUS/IS3107/HW/Project/news_data_pipeline/.venv/lib/python3.11/site-packages/airflow/example_dags/example_dag_decorator.py
[2024-04-12T19:53:06.742+0800] {processor.py:840} INFO - DAG(s) 'example_dag_decorator' retrieved from /Users/wanghaojin/Desktop/exchange@NUS/IS3107/HW/Project/news_data_pipeline/.venv/lib/python3.11/site-packages/airflow/example_dags/example_dag_decorator.py
[2024-04-12T19:53:06.830+0800] {logging_mixin.py:188} INFO - [2024-04-12T19:53:06.830+0800] {dag.py:3036} INFO - Sync 1 DAGs
[2024-04-12T19:53:06.835+0800] {logging_mixin.py:188} INFO - [2024-04-12T19:53:06.834+0800] {dag.py:3823} INFO - Setting next_dagrun for example_dag_decorator to None, run_after=None
[2024-04-12T19:53:06.845+0800] {processor.py:183} INFO - Processing /Users/wanghaojin/Desktop/exchange@NUS/IS3107/HW/Project/news_data_pipeline/.venv/lib/python3.11/site-packages/airflow/example_dags/example_dag_decorator.py took 0.233 seconds
[2024-04-12T19:55:23.525+0800] {processor.py:161} INFO - Started process (PID=6399) to work on /Users/wanghaojin/Desktop/exchange@NUS/IS3107/HW/Project/news_data_pipeline/.venv/lib/python3.11/site-packages/airflow/example_dags/example_dag_decorator.py
[2024-04-12T19:55:23.526+0800] {processor.py:830} INFO - Processing file /Users/wanghaojin/Desktop/exchange@NUS/IS3107/HW/Project/news_data_pipeline/.venv/lib/python3.11/site-packages/airflow/example_dags/example_dag_decorator.py for tasks to queue
[2024-04-12T19:55:23.527+0800] {logging_mixin.py:188} INFO - [2024-04-12T19:55:23.527+0800] {dagbag.py:538} INFO - Filling up the DagBag from /Users/wanghaojin/Desktop/exchange@NUS/IS3107/HW/Project/news_data_pipeline/.venv/lib/python3.11/site-packages/airflow/example_dags/example_dag_decorator.py
[2024-04-12T19:55:23.674+0800] {processor.py:840} INFO - DAG(s) 'example_dag_decorator' retrieved from /Users/wanghaojin/Desktop/exchange@NUS/IS3107/HW/Project/news_data_pipeline/.venv/lib/python3.11/site-packages/airflow/example_dags/example_dag_decorator.py
[2024-04-12T19:55:23.762+0800] {logging_mixin.py:188} INFO - [2024-04-12T19:55:23.762+0800] {dag.py:3036} INFO - Sync 1 DAGs
[2024-04-12T19:55:23.767+0800] {logging_mixin.py:188} INFO - [2024-04-12T19:55:23.767+0800] {dag.py:3823} INFO - Setting next_dagrun for example_dag_decorator to None, run_after=None
[2024-04-12T19:55:23.777+0800] {processor.py:183} INFO - Processing /Users/wanghaojin/Desktop/exchange@NUS/IS3107/HW/Project/news_data_pipeline/.venv/lib/python3.11/site-packages/airflow/example_dags/example_dag_decorator.py took 0.252 seconds
[2024-04-12T19:57:36.424+0800] {processor.py:161} INFO - Started process (PID=6535) to work on /Users/wanghaojin/Desktop/exchange@NUS/IS3107/HW/Project/news_data_pipeline/.venv/lib/python3.11/site-packages/airflow/example_dags/example_dag_decorator.py
[2024-04-12T19:57:36.424+0800] {processor.py:830} INFO - Processing file /Users/wanghaojin/Desktop/exchange@NUS/IS3107/HW/Project/news_data_pipeline/.venv/lib/python3.11/site-packages/airflow/example_dags/example_dag_decorator.py for tasks to queue
[2024-04-12T19:57:36.425+0800] {logging_mixin.py:188} INFO - [2024-04-12T19:57:36.425+0800] {dagbag.py:538} INFO - Filling up the DagBag from /Users/wanghaojin/Desktop/exchange@NUS/IS3107/HW/Project/news_data_pipeline/.venv/lib/python3.11/site-packages/airflow/example_dags/example_dag_decorator.py
[2024-04-12T19:57:36.571+0800] {processor.py:840} INFO - DAG(s) 'example_dag_decorator' retrieved from /Users/wanghaojin/Desktop/exchange@NUS/IS3107/HW/Project/news_data_pipeline/.venv/lib/python3.11/site-packages/airflow/example_dags/example_dag_decorator.py
[2024-04-12T19:57:36.658+0800] {logging_mixin.py:188} INFO - [2024-04-12T19:57:36.658+0800] {dag.py:3036} INFO - Sync 1 DAGs
[2024-04-12T19:57:36.663+0800] {logging_mixin.py:188} INFO - [2024-04-12T19:57:36.663+0800] {dag.py:3823} INFO - Setting next_dagrun for example_dag_decorator to None, run_after=None
[2024-04-12T19:57:36.673+0800] {processor.py:183} INFO - Processing /Users/wanghaojin/Desktop/exchange@NUS/IS3107/HW/Project/news_data_pipeline/.venv/lib/python3.11/site-packages/airflow/example_dags/example_dag_decorator.py took 0.250 seconds
[2024-04-12T19:59:49.347+0800] {processor.py:161} INFO - Started process (PID=6667) to work on /Users/wanghaojin/Desktop/exchange@NUS/IS3107/HW/Project/news_data_pipeline/.venv/lib/python3.11/site-packages/airflow/example_dags/example_dag_decorator.py
[2024-04-12T19:59:49.347+0800] {processor.py:830} INFO - Processing file /Users/wanghaojin/Desktop/exchange@NUS/IS3107/HW/Project/news_data_pipeline/.venv/lib/python3.11/site-packages/airflow/example_dags/example_dag_decorator.py for tasks to queue
[2024-04-12T19:59:49.347+0800] {logging_mixin.py:188} INFO - [2024-04-12T19:59:49.347+0800] {dagbag.py:538} INFO - Filling up the DagBag from /Users/wanghaojin/Desktop/exchange@NUS/IS3107/HW/Project/news_data_pipeline/.venv/lib/python3.11/site-packages/airflow/example_dags/example_dag_decorator.py
[2024-04-12T19:59:49.495+0800] {processor.py:840} INFO - DAG(s) 'example_dag_decorator' retrieved from /Users/wanghaojin/Desktop/exchange@NUS/IS3107/HW/Project/news_data_pipeline/.venv/lib/python3.11/site-packages/airflow/example_dags/example_dag_decorator.py
[2024-04-12T19:59:49.583+0800] {logging_mixin.py:188} INFO - [2024-04-12T19:59:49.583+0800] {dag.py:3036} INFO - Sync 1 DAGs
[2024-04-12T19:59:49.587+0800] {logging_mixin.py:188} INFO - [2024-04-12T19:59:49.587+0800] {dag.py:3823} INFO - Setting next_dagrun for example_dag_decorator to None, run_after=None
[2024-04-12T19:59:49.597+0800] {processor.py:183} INFO - Processing /Users/wanghaojin/Desktop/exchange@NUS/IS3107/HW/Project/news_data_pipeline/.venv/lib/python3.11/site-packages/airflow/example_dags/example_dag_decorator.py took 0.251 seconds
[2024-04-12T20:02:06.387+0800] {processor.py:161} INFO - Started process (PID=6858) to work on /Users/wanghaojin/Desktop/exchange@NUS/IS3107/HW/Project/news_data_pipeline/.venv/lib/python3.11/site-packages/airflow/example_dags/example_dag_decorator.py
[2024-04-12T20:02:06.389+0800] {processor.py:830} INFO - Processing file /Users/wanghaojin/Desktop/exchange@NUS/IS3107/HW/Project/news_data_pipeline/.venv/lib/python3.11/site-packages/airflow/example_dags/example_dag_decorator.py for tasks to queue
[2024-04-12T20:02:06.389+0800] {logging_mixin.py:188} INFO - [2024-04-12T20:02:06.389+0800] {dagbag.py:538} INFO - Filling up the DagBag from /Users/wanghaojin/Desktop/exchange@NUS/IS3107/HW/Project/news_data_pipeline/.venv/lib/python3.11/site-packages/airflow/example_dags/example_dag_decorator.py
[2024-04-12T20:02:06.534+0800] {processor.py:840} INFO - DAG(s) 'example_dag_decorator' retrieved from /Users/wanghaojin/Desktop/exchange@NUS/IS3107/HW/Project/news_data_pipeline/.venv/lib/python3.11/site-packages/airflow/example_dags/example_dag_decorator.py
[2024-04-12T20:02:06.621+0800] {logging_mixin.py:188} INFO - [2024-04-12T20:02:06.621+0800] {dag.py:3036} INFO - Sync 1 DAGs
[2024-04-12T20:02:06.626+0800] {logging_mixin.py:188} INFO - [2024-04-12T20:02:06.626+0800] {dag.py:3823} INFO - Setting next_dagrun for example_dag_decorator to None, run_after=None
[2024-04-12T20:02:06.636+0800] {processor.py:183} INFO - Processing /Users/wanghaojin/Desktop/exchange@NUS/IS3107/HW/Project/news_data_pipeline/.venv/lib/python3.11/site-packages/airflow/example_dags/example_dag_decorator.py took 0.249 seconds
[2024-04-12T20:04:28.116+0800] {processor.py:161} INFO - Started process (PID=7173) to work on /Users/wanghaojin/Desktop/exchange@NUS/IS3107/HW/Project/news_data_pipeline/.venv/lib/python3.11/site-packages/airflow/example_dags/example_dag_decorator.py
[2024-04-12T20:04:28.117+0800] {processor.py:830} INFO - Processing file /Users/wanghaojin/Desktop/exchange@NUS/IS3107/HW/Project/news_data_pipeline/.venv/lib/python3.11/site-packages/airflow/example_dags/example_dag_decorator.py for tasks to queue
[2024-04-12T20:04:28.118+0800] {logging_mixin.py:188} INFO - [2024-04-12T20:04:28.118+0800] {dagbag.py:538} INFO - Filling up the DagBag from /Users/wanghaojin/Desktop/exchange@NUS/IS3107/HW/Project/news_data_pipeline/.venv/lib/python3.11/site-packages/airflow/example_dags/example_dag_decorator.py
[2024-04-12T20:04:28.266+0800] {processor.py:840} INFO - DAG(s) 'example_dag_decorator' retrieved from /Users/wanghaojin/Desktop/exchange@NUS/IS3107/HW/Project/news_data_pipeline/.venv/lib/python3.11/site-packages/airflow/example_dags/example_dag_decorator.py
[2024-04-12T20:04:28.354+0800] {logging_mixin.py:188} INFO - [2024-04-12T20:04:28.353+0800] {dag.py:3036} INFO - Sync 1 DAGs
[2024-04-12T20:04:28.358+0800] {logging_mixin.py:188} INFO - [2024-04-12T20:04:28.358+0800] {dag.py:3823} INFO - Setting next_dagrun for example_dag_decorator to None, run_after=None
[2024-04-12T20:04:28.368+0800] {processor.py:183} INFO - Processing /Users/wanghaojin/Desktop/exchange@NUS/IS3107/HW/Project/news_data_pipeline/.venv/lib/python3.11/site-packages/airflow/example_dags/example_dag_decorator.py took 0.253 seconds
[2024-04-12T20:06:44.293+0800] {processor.py:161} INFO - Started process (PID=7390) to work on /Users/wanghaojin/Desktop/exchange@NUS/IS3107/HW/Project/news_data_pipeline/.venv/lib/python3.11/site-packages/airflow/example_dags/example_dag_decorator.py
[2024-04-12T20:06:44.294+0800] {processor.py:830} INFO - Processing file /Users/wanghaojin/Desktop/exchange@NUS/IS3107/HW/Project/news_data_pipeline/.venv/lib/python3.11/site-packages/airflow/example_dags/example_dag_decorator.py for tasks to queue
[2024-04-12T20:06:44.294+0800] {logging_mixin.py:188} INFO - [2024-04-12T20:06:44.294+0800] {dagbag.py:538} INFO - Filling up the DagBag from /Users/wanghaojin/Desktop/exchange@NUS/IS3107/HW/Project/news_data_pipeline/.venv/lib/python3.11/site-packages/airflow/example_dags/example_dag_decorator.py
[2024-04-12T20:06:44.423+0800] {processor.py:840} INFO - DAG(s) 'example_dag_decorator' retrieved from /Users/wanghaojin/Desktop/exchange@NUS/IS3107/HW/Project/news_data_pipeline/.venv/lib/python3.11/site-packages/airflow/example_dags/example_dag_decorator.py
[2024-04-12T20:06:44.511+0800] {logging_mixin.py:188} INFO - [2024-04-12T20:06:44.510+0800] {dag.py:3036} INFO - Sync 1 DAGs
[2024-04-12T20:06:44.515+0800] {logging_mixin.py:188} INFO - [2024-04-12T20:06:44.515+0800] {dag.py:3823} INFO - Setting next_dagrun for example_dag_decorator to None, run_after=None
[2024-04-12T20:06:44.525+0800] {processor.py:183} INFO - Processing /Users/wanghaojin/Desktop/exchange@NUS/IS3107/HW/Project/news_data_pipeline/.venv/lib/python3.11/site-packages/airflow/example_dags/example_dag_decorator.py took 0.232 seconds
[2024-04-12T20:09:01.699+0800] {processor.py:161} INFO - Started process (PID=7575) to work on /Users/wanghaojin/Desktop/exchange@NUS/IS3107/HW/Project/news_data_pipeline/.venv/lib/python3.11/site-packages/airflow/example_dags/example_dag_decorator.py
[2024-04-12T20:09:01.699+0800] {processor.py:830} INFO - Processing file /Users/wanghaojin/Desktop/exchange@NUS/IS3107/HW/Project/news_data_pipeline/.venv/lib/python3.11/site-packages/airflow/example_dags/example_dag_decorator.py for tasks to queue
[2024-04-12T20:09:01.700+0800] {logging_mixin.py:188} INFO - [2024-04-12T20:09:01.700+0800] {dagbag.py:538} INFO - Filling up the DagBag from /Users/wanghaojin/Desktop/exchange@NUS/IS3107/HW/Project/news_data_pipeline/.venv/lib/python3.11/site-packages/airflow/example_dags/example_dag_decorator.py
[2024-04-12T20:09:01.826+0800] {processor.py:840} INFO - DAG(s) 'example_dag_decorator' retrieved from /Users/wanghaojin/Desktop/exchange@NUS/IS3107/HW/Project/news_data_pipeline/.venv/lib/python3.11/site-packages/airflow/example_dags/example_dag_decorator.py
[2024-04-12T20:09:01.914+0800] {logging_mixin.py:188} INFO - [2024-04-12T20:09:01.914+0800] {dag.py:3036} INFO - Sync 1 DAGs
[2024-04-12T20:09:01.918+0800] {logging_mixin.py:188} INFO - [2024-04-12T20:09:01.918+0800] {dag.py:3823} INFO - Setting next_dagrun for example_dag_decorator to None, run_after=None
[2024-04-12T20:09:01.929+0800] {processor.py:183} INFO - Processing /Users/wanghaojin/Desktop/exchange@NUS/IS3107/HW/Project/news_data_pipeline/.venv/lib/python3.11/site-packages/airflow/example_dags/example_dag_decorator.py took 0.231 seconds
[2024-04-12T20:11:19.551+0800] {processor.py:161} INFO - Started process (PID=7764) to work on /Users/wanghaojin/Desktop/exchange@NUS/IS3107/HW/Project/news_data_pipeline/.venv/lib/python3.11/site-packages/airflow/example_dags/example_dag_decorator.py
[2024-04-12T20:11:19.551+0800] {processor.py:830} INFO - Processing file /Users/wanghaojin/Desktop/exchange@NUS/IS3107/HW/Project/news_data_pipeline/.venv/lib/python3.11/site-packages/airflow/example_dags/example_dag_decorator.py for tasks to queue
[2024-04-12T20:11:19.552+0800] {logging_mixin.py:188} INFO - [2024-04-12T20:11:19.552+0800] {dagbag.py:538} INFO - Filling up the DagBag from /Users/wanghaojin/Desktop/exchange@NUS/IS3107/HW/Project/news_data_pipeline/.venv/lib/python3.11/site-packages/airflow/example_dags/example_dag_decorator.py
[2024-04-12T20:11:19.682+0800] {processor.py:840} INFO - DAG(s) 'example_dag_decorator' retrieved from /Users/wanghaojin/Desktop/exchange@NUS/IS3107/HW/Project/news_data_pipeline/.venv/lib/python3.11/site-packages/airflow/example_dags/example_dag_decorator.py
[2024-04-12T20:11:19.770+0800] {logging_mixin.py:188} INFO - [2024-04-12T20:11:19.770+0800] {dag.py:3036} INFO - Sync 1 DAGs
[2024-04-12T20:11:19.774+0800] {logging_mixin.py:188} INFO - [2024-04-12T20:11:19.774+0800] {dag.py:3823} INFO - Setting next_dagrun for example_dag_decorator to None, run_after=None
[2024-04-12T20:11:19.785+0800] {processor.py:183} INFO - Processing /Users/wanghaojin/Desktop/exchange@NUS/IS3107/HW/Project/news_data_pipeline/.venv/lib/python3.11/site-packages/airflow/example_dags/example_dag_decorator.py took 0.234 seconds
[2024-04-12T20:13:36.460+0800] {processor.py:161} INFO - Started process (PID=7999) to work on /Users/wanghaojin/Desktop/exchange@NUS/IS3107/HW/Project/news_data_pipeline/.venv/lib/python3.11/site-packages/airflow/example_dags/example_dag_decorator.py
[2024-04-12T20:13:36.461+0800] {processor.py:830} INFO - Processing file /Users/wanghaojin/Desktop/exchange@NUS/IS3107/HW/Project/news_data_pipeline/.venv/lib/python3.11/site-packages/airflow/example_dags/example_dag_decorator.py for tasks to queue
[2024-04-12T20:13:36.462+0800] {logging_mixin.py:188} INFO - [2024-04-12T20:13:36.462+0800] {dagbag.py:538} INFO - Filling up the DagBag from /Users/wanghaojin/Desktop/exchange@NUS/IS3107/HW/Project/news_data_pipeline/.venv/lib/python3.11/site-packages/airflow/example_dags/example_dag_decorator.py
[2024-04-12T20:13:36.611+0800] {processor.py:840} INFO - DAG(s) 'example_dag_decorator' retrieved from /Users/wanghaojin/Desktop/exchange@NUS/IS3107/HW/Project/news_data_pipeline/.venv/lib/python3.11/site-packages/airflow/example_dags/example_dag_decorator.py
[2024-04-12T20:13:36.700+0800] {logging_mixin.py:188} INFO - [2024-04-12T20:13:36.699+0800] {dag.py:3036} INFO - Sync 1 DAGs
[2024-04-12T20:13:36.704+0800] {logging_mixin.py:188} INFO - [2024-04-12T20:13:36.704+0800] {dag.py:3823} INFO - Setting next_dagrun for example_dag_decorator to None, run_after=None
[2024-04-12T20:13:36.714+0800] {processor.py:183} INFO - Processing /Users/wanghaojin/Desktop/exchange@NUS/IS3107/HW/Project/news_data_pipeline/.venv/lib/python3.11/site-packages/airflow/example_dags/example_dag_decorator.py took 0.254 seconds
[2024-04-12T20:15:53.943+0800] {processor.py:161} INFO - Started process (PID=8264) to work on /Users/wanghaojin/Desktop/exchange@NUS/IS3107/HW/Project/news_data_pipeline/.venv/lib/python3.11/site-packages/airflow/example_dags/example_dag_decorator.py
[2024-04-12T20:15:53.944+0800] {processor.py:830} INFO - Processing file /Users/wanghaojin/Desktop/exchange@NUS/IS3107/HW/Project/news_data_pipeline/.venv/lib/python3.11/site-packages/airflow/example_dags/example_dag_decorator.py for tasks to queue
[2024-04-12T20:15:53.945+0800] {logging_mixin.py:188} INFO - [2024-04-12T20:15:53.944+0800] {dagbag.py:538} INFO - Filling up the DagBag from /Users/wanghaojin/Desktop/exchange@NUS/IS3107/HW/Project/news_data_pipeline/.venv/lib/python3.11/site-packages/airflow/example_dags/example_dag_decorator.py
[2024-04-12T20:15:54.101+0800] {processor.py:840} INFO - DAG(s) 'example_dag_decorator' retrieved from /Users/wanghaojin/Desktop/exchange@NUS/IS3107/HW/Project/news_data_pipeline/.venv/lib/python3.11/site-packages/airflow/example_dags/example_dag_decorator.py
[2024-04-12T20:15:54.207+0800] {logging_mixin.py:188} INFO - [2024-04-12T20:15:54.207+0800] {dag.py:3036} INFO - Sync 1 DAGs
[2024-04-12T20:15:54.211+0800] {logging_mixin.py:188} INFO - [2024-04-12T20:15:54.211+0800] {dag.py:3823} INFO - Setting next_dagrun for example_dag_decorator to None, run_after=None
[2024-04-12T20:15:54.221+0800] {processor.py:183} INFO - Processing /Users/wanghaojin/Desktop/exchange@NUS/IS3107/HW/Project/news_data_pipeline/.venv/lib/python3.11/site-packages/airflow/example_dags/example_dag_decorator.py took 0.279 seconds
[2024-04-12T20:19:34.780+0800] {processor.py:161} INFO - Started process (PID=8757) to work on /Users/wanghaojin/Desktop/exchange@NUS/IS3107/HW/Project/news_data_pipeline/.venv/lib/python3.11/site-packages/airflow/example_dags/example_dag_decorator.py
[2024-04-12T20:19:34.781+0800] {processor.py:830} INFO - Processing file /Users/wanghaojin/Desktop/exchange@NUS/IS3107/HW/Project/news_data_pipeline/.venv/lib/python3.11/site-packages/airflow/example_dags/example_dag_decorator.py for tasks to queue
[2024-04-12T20:19:34.781+0800] {logging_mixin.py:188} INFO - [2024-04-12T20:19:34.781+0800] {dagbag.py:538} INFO - Filling up the DagBag from /Users/wanghaojin/Desktop/exchange@NUS/IS3107/HW/Project/news_data_pipeline/.venv/lib/python3.11/site-packages/airflow/example_dags/example_dag_decorator.py
[2024-04-12T20:19:34.909+0800] {processor.py:840} INFO - DAG(s) 'example_dag_decorator' retrieved from /Users/wanghaojin/Desktop/exchange@NUS/IS3107/HW/Project/news_data_pipeline/.venv/lib/python3.11/site-packages/airflow/example_dags/example_dag_decorator.py
[2024-04-12T20:19:34.996+0800] {logging_mixin.py:188} INFO - [2024-04-12T20:19:34.996+0800] {dag.py:3036} INFO - Sync 1 DAGs
[2024-04-12T20:19:35.001+0800] {logging_mixin.py:188} INFO - [2024-04-12T20:19:35.000+0800] {dag.py:3823} INFO - Setting next_dagrun for example_dag_decorator to None, run_after=None
[2024-04-12T20:19:35.011+0800] {processor.py:183} INFO - Processing /Users/wanghaojin/Desktop/exchange@NUS/IS3107/HW/Project/news_data_pipeline/.venv/lib/python3.11/site-packages/airflow/example_dags/example_dag_decorator.py took 0.232 seconds
[2024-04-12T20:21:54.314+0800] {processor.py:161} INFO - Started process (PID=8956) to work on /Users/wanghaojin/Desktop/exchange@NUS/IS3107/HW/Project/news_data_pipeline/.venv/lib/python3.11/site-packages/airflow/example_dags/example_dag_decorator.py
[2024-04-12T20:21:54.316+0800] {processor.py:830} INFO - Processing file /Users/wanghaojin/Desktop/exchange@NUS/IS3107/HW/Project/news_data_pipeline/.venv/lib/python3.11/site-packages/airflow/example_dags/example_dag_decorator.py for tasks to queue
[2024-04-12T20:21:54.316+0800] {logging_mixin.py:188} INFO - [2024-04-12T20:21:54.316+0800] {dagbag.py:538} INFO - Filling up the DagBag from /Users/wanghaojin/Desktop/exchange@NUS/IS3107/HW/Project/news_data_pipeline/.venv/lib/python3.11/site-packages/airflow/example_dags/example_dag_decorator.py
[2024-04-12T20:21:54.444+0800] {processor.py:840} INFO - DAG(s) 'example_dag_decorator' retrieved from /Users/wanghaojin/Desktop/exchange@NUS/IS3107/HW/Project/news_data_pipeline/.venv/lib/python3.11/site-packages/airflow/example_dags/example_dag_decorator.py
[2024-04-12T20:21:54.533+0800] {logging_mixin.py:188} INFO - [2024-04-12T20:21:54.532+0800] {dag.py:3036} INFO - Sync 1 DAGs
[2024-04-12T20:21:54.537+0800] {logging_mixin.py:188} INFO - [2024-04-12T20:21:54.537+0800] {dag.py:3823} INFO - Setting next_dagrun for example_dag_decorator to None, run_after=None
[2024-04-12T20:21:54.547+0800] {processor.py:183} INFO - Processing /Users/wanghaojin/Desktop/exchange@NUS/IS3107/HW/Project/news_data_pipeline/.venv/lib/python3.11/site-packages/airflow/example_dags/example_dag_decorator.py took 0.233 seconds
[2024-04-12T20:24:09.457+0800] {processor.py:161} INFO - Started process (PID=9123) to work on /Users/wanghaojin/Desktop/exchange@NUS/IS3107/HW/Project/news_data_pipeline/.venv/lib/python3.11/site-packages/airflow/example_dags/example_dag_decorator.py
[2024-04-12T20:24:09.458+0800] {processor.py:830} INFO - Processing file /Users/wanghaojin/Desktop/exchange@NUS/IS3107/HW/Project/news_data_pipeline/.venv/lib/python3.11/site-packages/airflow/example_dags/example_dag_decorator.py for tasks to queue
[2024-04-12T20:24:09.458+0800] {logging_mixin.py:188} INFO - [2024-04-12T20:24:09.458+0800] {dagbag.py:538} INFO - Filling up the DagBag from /Users/wanghaojin/Desktop/exchange@NUS/IS3107/HW/Project/news_data_pipeline/.venv/lib/python3.11/site-packages/airflow/example_dags/example_dag_decorator.py
[2024-04-12T20:24:09.618+0800] {processor.py:840} INFO - DAG(s) 'example_dag_decorator' retrieved from /Users/wanghaojin/Desktop/exchange@NUS/IS3107/HW/Project/news_data_pipeline/.venv/lib/python3.11/site-packages/airflow/example_dags/example_dag_decorator.py
[2024-04-12T20:24:09.724+0800] {logging_mixin.py:188} INFO - [2024-04-12T20:24:09.724+0800] {dag.py:3036} INFO - Sync 1 DAGs
[2024-04-12T20:24:09.729+0800] {logging_mixin.py:188} INFO - [2024-04-12T20:24:09.728+0800] {dag.py:3823} INFO - Setting next_dagrun for example_dag_decorator to None, run_after=None
[2024-04-12T20:24:09.739+0800] {processor.py:183} INFO - Processing /Users/wanghaojin/Desktop/exchange@NUS/IS3107/HW/Project/news_data_pipeline/.venv/lib/python3.11/site-packages/airflow/example_dags/example_dag_decorator.py took 0.282 seconds
[2024-04-12T20:26:45.114+0800] {processor.py:161} INFO - Started process (PID=9377) to work on /Users/wanghaojin/Desktop/exchange@NUS/IS3107/HW/Project/news_data_pipeline/.venv/lib/python3.11/site-packages/airflow/example_dags/example_dag_decorator.py
[2024-04-12T20:26:45.115+0800] {processor.py:830} INFO - Processing file /Users/wanghaojin/Desktop/exchange@NUS/IS3107/HW/Project/news_data_pipeline/.venv/lib/python3.11/site-packages/airflow/example_dags/example_dag_decorator.py for tasks to queue
[2024-04-12T20:26:45.115+0800] {logging_mixin.py:188} INFO - [2024-04-12T20:26:45.115+0800] {dagbag.py:538} INFO - Filling up the DagBag from /Users/wanghaojin/Desktop/exchange@NUS/IS3107/HW/Project/news_data_pipeline/.venv/lib/python3.11/site-packages/airflow/example_dags/example_dag_decorator.py
[2024-04-12T20:26:45.244+0800] {processor.py:840} INFO - DAG(s) 'example_dag_decorator' retrieved from /Users/wanghaojin/Desktop/exchange@NUS/IS3107/HW/Project/news_data_pipeline/.venv/lib/python3.11/site-packages/airflow/example_dags/example_dag_decorator.py
[2024-04-12T20:26:45.333+0800] {logging_mixin.py:188} INFO - [2024-04-12T20:26:45.332+0800] {dag.py:3036} INFO - Sync 1 DAGs
[2024-04-12T20:26:45.337+0800] {logging_mixin.py:188} INFO - [2024-04-12T20:26:45.337+0800] {dag.py:3823} INFO - Setting next_dagrun for example_dag_decorator to None, run_after=None
[2024-04-12T20:26:45.347+0800] {processor.py:183} INFO - Processing /Users/wanghaojin/Desktop/exchange@NUS/IS3107/HW/Project/news_data_pipeline/.venv/lib/python3.11/site-packages/airflow/example_dags/example_dag_decorator.py took 0.234 seconds
[2024-04-12T20:29:01.194+0800] {processor.py:161} INFO - Started process (PID=9614) to work on /Users/wanghaojin/Desktop/exchange@NUS/IS3107/HW/Project/news_data_pipeline/.venv/lib/python3.11/site-packages/airflow/example_dags/example_dag_decorator.py
[2024-04-12T20:29:01.195+0800] {processor.py:830} INFO - Processing file /Users/wanghaojin/Desktop/exchange@NUS/IS3107/HW/Project/news_data_pipeline/.venv/lib/python3.11/site-packages/airflow/example_dags/example_dag_decorator.py for tasks to queue
[2024-04-12T20:29:01.195+0800] {logging_mixin.py:188} INFO - [2024-04-12T20:29:01.195+0800] {dagbag.py:538} INFO - Filling up the DagBag from /Users/wanghaojin/Desktop/exchange@NUS/IS3107/HW/Project/news_data_pipeline/.venv/lib/python3.11/site-packages/airflow/example_dags/example_dag_decorator.py
[2024-04-12T20:29:01.346+0800] {processor.py:840} INFO - DAG(s) 'example_dag_decorator' retrieved from /Users/wanghaojin/Desktop/exchange@NUS/IS3107/HW/Project/news_data_pipeline/.venv/lib/python3.11/site-packages/airflow/example_dags/example_dag_decorator.py
[2024-04-12T20:29:01.435+0800] {logging_mixin.py:188} INFO - [2024-04-12T20:29:01.435+0800] {dag.py:3036} INFO - Sync 1 DAGs
[2024-04-12T20:29:01.440+0800] {logging_mixin.py:188} INFO - [2024-04-12T20:29:01.439+0800] {dag.py:3823} INFO - Setting next_dagrun for example_dag_decorator to None, run_after=None
[2024-04-12T20:29:01.450+0800] {processor.py:183} INFO - Processing /Users/wanghaojin/Desktop/exchange@NUS/IS3107/HW/Project/news_data_pipeline/.venv/lib/python3.11/site-packages/airflow/example_dags/example_dag_decorator.py took 0.257 seconds
[2024-04-12T20:30:39.276+0800] {processor.py:161} INFO - Started process (PID=9851) to work on /Users/wanghaojin/Desktop/exchange@NUS/IS3107/HW/Project/news_data_pipeline/.venv/lib/python3.11/site-packages/airflow/example_dags/example_dag_decorator.py
[2024-04-12T20:30:39.276+0800] {processor.py:830} INFO - Processing file /Users/wanghaojin/Desktop/exchange@NUS/IS3107/HW/Project/news_data_pipeline/.venv/lib/python3.11/site-packages/airflow/example_dags/example_dag_decorator.py for tasks to queue
[2024-04-12T20:30:39.277+0800] {logging_mixin.py:188} INFO - [2024-04-12T20:30:39.276+0800] {dagbag.py:538} INFO - Filling up the DagBag from /Users/wanghaojin/Desktop/exchange@NUS/IS3107/HW/Project/news_data_pipeline/.venv/lib/python3.11/site-packages/airflow/example_dags/example_dag_decorator.py
[2024-04-12T20:30:39.405+0800] {processor.py:840} INFO - DAG(s) 'example_dag_decorator' retrieved from /Users/wanghaojin/Desktop/exchange@NUS/IS3107/HW/Project/news_data_pipeline/.venv/lib/python3.11/site-packages/airflow/example_dags/example_dag_decorator.py
[2024-04-12T20:30:39.494+0800] {logging_mixin.py:188} INFO - [2024-04-12T20:30:39.494+0800] {dag.py:3036} INFO - Sync 1 DAGs
[2024-04-12T20:30:39.498+0800] {logging_mixin.py:188} INFO - [2024-04-12T20:30:39.498+0800] {dag.py:3823} INFO - Setting next_dagrun for example_dag_decorator to None, run_after=None
[2024-04-12T20:30:39.508+0800] {processor.py:183} INFO - Processing /Users/wanghaojin/Desktop/exchange@NUS/IS3107/HW/Project/news_data_pipeline/.venv/lib/python3.11/site-packages/airflow/example_dags/example_dag_decorator.py took 0.233 seconds
[2024-04-12T20:37:26.663+0800] {processor.py:161} INFO - Started process (PID=10582) to work on /Users/wanghaojin/Desktop/exchange@NUS/IS3107/HW/Project/news_data_pipeline/.venv/lib/python3.11/site-packages/airflow/example_dags/example_dag_decorator.py
[2024-04-12T20:37:26.664+0800] {processor.py:830} INFO - Processing file /Users/wanghaojin/Desktop/exchange@NUS/IS3107/HW/Project/news_data_pipeline/.venv/lib/python3.11/site-packages/airflow/example_dags/example_dag_decorator.py for tasks to queue
[2024-04-12T20:37:26.664+0800] {logging_mixin.py:188} INFO - [2024-04-12T20:37:26.664+0800] {dagbag.py:538} INFO - Filling up the DagBag from /Users/wanghaojin/Desktop/exchange@NUS/IS3107/HW/Project/news_data_pipeline/.venv/lib/python3.11/site-packages/airflow/example_dags/example_dag_decorator.py
[2024-04-12T20:37:26.791+0800] {processor.py:840} INFO - DAG(s) 'example_dag_decorator' retrieved from /Users/wanghaojin/Desktop/exchange@NUS/IS3107/HW/Project/news_data_pipeline/.venv/lib/python3.11/site-packages/airflow/example_dags/example_dag_decorator.py
[2024-04-12T20:37:26.879+0800] {logging_mixin.py:188} INFO - [2024-04-12T20:37:26.878+0800] {dag.py:3036} INFO - Sync 1 DAGs
[2024-04-12T20:37:26.883+0800] {logging_mixin.py:188} INFO - [2024-04-12T20:37:26.883+0800] {dag.py:3823} INFO - Setting next_dagrun for example_dag_decorator to None, run_after=None
[2024-04-12T20:37:26.893+0800] {processor.py:183} INFO - Processing /Users/wanghaojin/Desktop/exchange@NUS/IS3107/HW/Project/news_data_pipeline/.venv/lib/python3.11/site-packages/airflow/example_dags/example_dag_decorator.py took 0.231 seconds
[2024-04-12T20:39:41.632+0800] {processor.py:161} INFO - Started process (PID=10797) to work on /Users/wanghaojin/Desktop/exchange@NUS/IS3107/HW/Project/news_data_pipeline/.venv/lib/python3.11/site-packages/airflow/example_dags/example_dag_decorator.py
[2024-04-12T20:39:41.633+0800] {processor.py:830} INFO - Processing file /Users/wanghaojin/Desktop/exchange@NUS/IS3107/HW/Project/news_data_pipeline/.venv/lib/python3.11/site-packages/airflow/example_dags/example_dag_decorator.py for tasks to queue
[2024-04-12T20:39:41.633+0800] {logging_mixin.py:188} INFO - [2024-04-12T20:39:41.633+0800] {dagbag.py:538} INFO - Filling up the DagBag from /Users/wanghaojin/Desktop/exchange@NUS/IS3107/HW/Project/news_data_pipeline/.venv/lib/python3.11/site-packages/airflow/example_dags/example_dag_decorator.py
[2024-04-12T20:39:41.760+0800] {processor.py:840} INFO - DAG(s) 'example_dag_decorator' retrieved from /Users/wanghaojin/Desktop/exchange@NUS/IS3107/HW/Project/news_data_pipeline/.venv/lib/python3.11/site-packages/airflow/example_dags/example_dag_decorator.py
[2024-04-12T20:39:41.849+0800] {logging_mixin.py:188} INFO - [2024-04-12T20:39:41.849+0800] {dag.py:3036} INFO - Sync 1 DAGs
[2024-04-12T20:39:41.853+0800] {logging_mixin.py:188} INFO - [2024-04-12T20:39:41.853+0800] {dag.py:3823} INFO - Setting next_dagrun for example_dag_decorator to None, run_after=None
[2024-04-12T20:39:41.864+0800] {processor.py:183} INFO - Processing /Users/wanghaojin/Desktop/exchange@NUS/IS3107/HW/Project/news_data_pipeline/.venv/lib/python3.11/site-packages/airflow/example_dags/example_dag_decorator.py took 0.232 seconds
[2024-04-12T20:41:59.254+0800] {processor.py:161} INFO - Started process (PID=10975) to work on /Users/wanghaojin/Desktop/exchange@NUS/IS3107/HW/Project/news_data_pipeline/.venv/lib/python3.11/site-packages/airflow/example_dags/example_dag_decorator.py
[2024-04-12T20:41:59.255+0800] {processor.py:830} INFO - Processing file /Users/wanghaojin/Desktop/exchange@NUS/IS3107/HW/Project/news_data_pipeline/.venv/lib/python3.11/site-packages/airflow/example_dags/example_dag_decorator.py for tasks to queue
[2024-04-12T20:41:59.255+0800] {logging_mixin.py:188} INFO - [2024-04-12T20:41:59.255+0800] {dagbag.py:538} INFO - Filling up the DagBag from /Users/wanghaojin/Desktop/exchange@NUS/IS3107/HW/Project/news_data_pipeline/.venv/lib/python3.11/site-packages/airflow/example_dags/example_dag_decorator.py
[2024-04-12T20:41:59.385+0800] {processor.py:840} INFO - DAG(s) 'example_dag_decorator' retrieved from /Users/wanghaojin/Desktop/exchange@NUS/IS3107/HW/Project/news_data_pipeline/.venv/lib/python3.11/site-packages/airflow/example_dags/example_dag_decorator.py
[2024-04-12T20:41:59.473+0800] {logging_mixin.py:188} INFO - [2024-04-12T20:41:59.473+0800] {dag.py:3036} INFO - Sync 1 DAGs
[2024-04-12T20:41:59.478+0800] {logging_mixin.py:188} INFO - [2024-04-12T20:41:59.477+0800] {dag.py:3823} INFO - Setting next_dagrun for example_dag_decorator to None, run_after=None
[2024-04-12T20:41:59.488+0800] {processor.py:183} INFO - Processing /Users/wanghaojin/Desktop/exchange@NUS/IS3107/HW/Project/news_data_pipeline/.venv/lib/python3.11/site-packages/airflow/example_dags/example_dag_decorator.py took 0.234 seconds
[2024-04-12T20:44:20.910+0800] {processor.py:161} INFO - Started process (PID=11186) to work on /Users/wanghaojin/Desktop/exchange@NUS/IS3107/HW/Project/news_data_pipeline/.venv/lib/python3.11/site-packages/airflow/example_dags/example_dag_decorator.py
[2024-04-12T20:44:20.911+0800] {processor.py:830} INFO - Processing file /Users/wanghaojin/Desktop/exchange@NUS/IS3107/HW/Project/news_data_pipeline/.venv/lib/python3.11/site-packages/airflow/example_dags/example_dag_decorator.py for tasks to queue
[2024-04-12T20:44:20.911+0800] {logging_mixin.py:188} INFO - [2024-04-12T20:44:20.911+0800] {dagbag.py:538} INFO - Filling up the DagBag from /Users/wanghaojin/Desktop/exchange@NUS/IS3107/HW/Project/news_data_pipeline/.venv/lib/python3.11/site-packages/airflow/example_dags/example_dag_decorator.py
[2024-04-12T20:44:21.058+0800] {processor.py:840} INFO - DAG(s) 'example_dag_decorator' retrieved from /Users/wanghaojin/Desktop/exchange@NUS/IS3107/HW/Project/news_data_pipeline/.venv/lib/python3.11/site-packages/airflow/example_dags/example_dag_decorator.py
[2024-04-12T20:44:21.155+0800] {logging_mixin.py:188} INFO - [2024-04-12T20:44:21.155+0800] {dag.py:3036} INFO - Sync 1 DAGs
[2024-04-12T20:44:21.162+0800] {logging_mixin.py:188} INFO - [2024-04-12T20:44:21.162+0800] {dag.py:3823} INFO - Setting next_dagrun for example_dag_decorator to None, run_after=None
[2024-04-12T20:44:21.175+0800] {processor.py:183} INFO - Processing /Users/wanghaojin/Desktop/exchange@NUS/IS3107/HW/Project/news_data_pipeline/.venv/lib/python3.11/site-packages/airflow/example_dags/example_dag_decorator.py took 0.266 seconds
[2024-04-12T20:50:41.321+0800] {processor.py:161} INFO - Started process (PID=11973) to work on /Users/wanghaojin/Desktop/exchange@NUS/IS3107/HW/Project/news_data_pipeline/.venv/lib/python3.11/site-packages/airflow/example_dags/example_dag_decorator.py
[2024-04-12T20:50:41.322+0800] {processor.py:830} INFO - Processing file /Users/wanghaojin/Desktop/exchange@NUS/IS3107/HW/Project/news_data_pipeline/.venv/lib/python3.11/site-packages/airflow/example_dags/example_dag_decorator.py for tasks to queue
[2024-04-12T20:50:41.322+0800] {logging_mixin.py:188} INFO - [2024-04-12T20:50:41.322+0800] {dagbag.py:538} INFO - Filling up the DagBag from /Users/wanghaojin/Desktop/exchange@NUS/IS3107/HW/Project/news_data_pipeline/.venv/lib/python3.11/site-packages/airflow/example_dags/example_dag_decorator.py
[2024-04-12T20:50:41.468+0800] {processor.py:840} INFO - DAG(s) 'example_dag_decorator' retrieved from /Users/wanghaojin/Desktop/exchange@NUS/IS3107/HW/Project/news_data_pipeline/.venv/lib/python3.11/site-packages/airflow/example_dags/example_dag_decorator.py
[2024-04-12T20:50:41.556+0800] {logging_mixin.py:188} INFO - [2024-04-12T20:50:41.555+0800] {dag.py:3036} INFO - Sync 1 DAGs
[2024-04-12T20:50:41.560+0800] {logging_mixin.py:188} INFO - [2024-04-12T20:50:41.560+0800] {dag.py:3823} INFO - Setting next_dagrun for example_dag_decorator to None, run_after=None
[2024-04-12T20:50:41.570+0800] {processor.py:183} INFO - Processing /Users/wanghaojin/Desktop/exchange@NUS/IS3107/HW/Project/news_data_pipeline/.venv/lib/python3.11/site-packages/airflow/example_dags/example_dag_decorator.py took 0.250 seconds
