[2024-04-12T19:28:13.297+0800] {processor.py:161} INFO - Started process (PID=3484) to work on /Users/wanghaojin/Desktop/exchange@NUS/IS3107/HW/Project/news_data_pipeline/.venv/lib/python3.11/site-packages/airflow/example_dags/example_branch_day_of_week_operator.py
[2024-04-12T19:28:13.298+0800] {processor.py:830} INFO - Processing file /Users/wanghaojin/Desktop/exchange@NUS/IS3107/HW/Project/news_data_pipeline/.venv/lib/python3.11/site-packages/airflow/example_dags/example_branch_day_of_week_operator.py for tasks to queue
[2024-04-12T19:28:13.298+0800] {logging_mixin.py:188} INFO - [2024-04-12T19:28:13.298+0800] {dagbag.py:538} INFO - Filling up the DagBag from /Users/wanghaojin/Desktop/exchange@NUS/IS3107/HW/Project/news_data_pipeline/.venv/lib/python3.11/site-packages/airflow/example_dags/example_branch_day_of_week_operator.py
[2024-04-12T19:28:13.304+0800] {processor.py:840} INFO - DAG(s) 'example_weekday_branch_operator' retrieved from /Users/wanghaojin/Desktop/exchange@NUS/IS3107/HW/Project/news_data_pipeline/.venv/lib/python3.11/site-packages/airflow/example_dags/example_branch_day_of_week_operator.py
[2024-04-12T19:28:13.385+0800] {logging_mixin.py:188} INFO - [2024-04-12T19:28:13.385+0800] {dag.py:3036} INFO - Sync 1 DAGs
[2024-04-12T19:28:13.394+0800] {logging_mixin.py:188} INFO - [2024-04-12T19:28:13.394+0800] {dag.py:3823} INFO - Setting next_dagrun for example_weekday_branch_operator to 2024-04-11 00:00:00+00:00, run_after=2024-04-12 00:00:00+00:00
[2024-04-12T19:28:13.404+0800] {processor.py:183} INFO - Processing /Users/wanghaojin/Desktop/exchange@NUS/IS3107/HW/Project/news_data_pipeline/.venv/lib/python3.11/site-packages/airflow/example_dags/example_branch_day_of_week_operator.py took 0.108 seconds
[2024-04-12T19:31:10.964+0800] {processor.py:161} INFO - Started process (PID=4219) to work on /Users/wanghaojin/Desktop/exchange@NUS/IS3107/HW/Project/news_data_pipeline/.venv/lib/python3.11/site-packages/airflow/example_dags/example_branch_day_of_week_operator.py
[2024-04-12T19:31:10.965+0800] {processor.py:830} INFO - Processing file /Users/wanghaojin/Desktop/exchange@NUS/IS3107/HW/Project/news_data_pipeline/.venv/lib/python3.11/site-packages/airflow/example_dags/example_branch_day_of_week_operator.py for tasks to queue
[2024-04-12T19:31:10.965+0800] {logging_mixin.py:188} INFO - [2024-04-12T19:31:10.965+0800] {dagbag.py:538} INFO - Filling up the DagBag from /Users/wanghaojin/Desktop/exchange@NUS/IS3107/HW/Project/news_data_pipeline/.venv/lib/python3.11/site-packages/airflow/example_dags/example_branch_day_of_week_operator.py
[2024-04-12T19:31:10.973+0800] {processor.py:840} INFO - DAG(s) 'example_weekday_branch_operator' retrieved from /Users/wanghaojin/Desktop/exchange@NUS/IS3107/HW/Project/news_data_pipeline/.venv/lib/python3.11/site-packages/airflow/example_dags/example_branch_day_of_week_operator.py
[2024-04-12T19:31:11.120+0800] {logging_mixin.py:188} INFO - [2024-04-12T19:31:11.120+0800] {dag.py:3036} INFO - Sync 1 DAGs
[2024-04-12T19:31:11.130+0800] {logging_mixin.py:188} INFO - [2024-04-12T19:31:11.130+0800] {dag.py:3823} INFO - Setting next_dagrun for example_weekday_branch_operator to 2024-04-11 00:00:00+00:00, run_after=2024-04-12 00:00:00+00:00
[2024-04-12T19:31:11.142+0800] {processor.py:183} INFO - Processing /Users/wanghaojin/Desktop/exchange@NUS/IS3107/HW/Project/news_data_pipeline/.venv/lib/python3.11/site-packages/airflow/example_dags/example_branch_day_of_week_operator.py took 0.178 seconds
[2024-04-12T19:32:57.996+0800] {processor.py:161} INFO - Started process (PID=4429) to work on /Users/wanghaojin/Desktop/exchange@NUS/IS3107/HW/Project/news_data_pipeline/.venv/lib/python3.11/site-packages/airflow/example_dags/example_branch_day_of_week_operator.py
[2024-04-12T19:32:57.998+0800] {processor.py:830} INFO - Processing file /Users/wanghaojin/Desktop/exchange@NUS/IS3107/HW/Project/news_data_pipeline/.venv/lib/python3.11/site-packages/airflow/example_dags/example_branch_day_of_week_operator.py for tasks to queue
[2024-04-12T19:32:57.998+0800] {logging_mixin.py:188} INFO - [2024-04-12T19:32:57.998+0800] {dagbag.py:538} INFO - Filling up the DagBag from /Users/wanghaojin/Desktop/exchange@NUS/IS3107/HW/Project/news_data_pipeline/.venv/lib/python3.11/site-packages/airflow/example_dags/example_branch_day_of_week_operator.py
[2024-04-12T19:32:58.004+0800] {processor.py:840} INFO - DAG(s) 'example_weekday_branch_operator' retrieved from /Users/wanghaojin/Desktop/exchange@NUS/IS3107/HW/Project/news_data_pipeline/.venv/lib/python3.11/site-packages/airflow/example_dags/example_branch_day_of_week_operator.py
[2024-04-12T19:32:58.124+0800] {logging_mixin.py:188} INFO - [2024-04-12T19:32:58.124+0800] {dag.py:3036} INFO - Sync 1 DAGs
[2024-04-12T19:32:58.134+0800] {logging_mixin.py:188} INFO - [2024-04-12T19:32:58.133+0800] {dag.py:3823} INFO - Setting next_dagrun for example_weekday_branch_operator to 2024-04-11 00:00:00+00:00, run_after=2024-04-12 00:00:00+00:00
[2024-04-12T19:32:58.144+0800] {processor.py:183} INFO - Processing /Users/wanghaojin/Desktop/exchange@NUS/IS3107/HW/Project/news_data_pipeline/.venv/lib/python3.11/site-packages/airflow/example_dags/example_branch_day_of_week_operator.py took 0.148 seconds
[2024-04-12T19:35:15.664+0800] {processor.py:161} INFO - Started process (PID=4631) to work on /Users/wanghaojin/Desktop/exchange@NUS/IS3107/HW/Project/news_data_pipeline/.venv/lib/python3.11/site-packages/airflow/example_dags/example_branch_day_of_week_operator.py
[2024-04-12T19:35:15.664+0800] {processor.py:830} INFO - Processing file /Users/wanghaojin/Desktop/exchange@NUS/IS3107/HW/Project/news_data_pipeline/.venv/lib/python3.11/site-packages/airflow/example_dags/example_branch_day_of_week_operator.py for tasks to queue
[2024-04-12T19:35:15.665+0800] {logging_mixin.py:188} INFO - [2024-04-12T19:35:15.664+0800] {dagbag.py:538} INFO - Filling up the DagBag from /Users/wanghaojin/Desktop/exchange@NUS/IS3107/HW/Project/news_data_pipeline/.venv/lib/python3.11/site-packages/airflow/example_dags/example_branch_day_of_week_operator.py
[2024-04-12T19:35:15.670+0800] {processor.py:840} INFO - DAG(s) 'example_weekday_branch_operator' retrieved from /Users/wanghaojin/Desktop/exchange@NUS/IS3107/HW/Project/news_data_pipeline/.venv/lib/python3.11/site-packages/airflow/example_dags/example_branch_day_of_week_operator.py
[2024-04-12T19:35:15.748+0800] {logging_mixin.py:188} INFO - [2024-04-12T19:35:15.748+0800] {dag.py:3036} INFO - Sync 1 DAGs
[2024-04-12T19:35:15.757+0800] {logging_mixin.py:188} INFO - [2024-04-12T19:35:15.757+0800] {dag.py:3823} INFO - Setting next_dagrun for example_weekday_branch_operator to 2024-04-11 00:00:00+00:00, run_after=2024-04-12 00:00:00+00:00
[2024-04-12T19:35:15.768+0800] {processor.py:183} INFO - Processing /Users/wanghaojin/Desktop/exchange@NUS/IS3107/HW/Project/news_data_pipeline/.venv/lib/python3.11/site-packages/airflow/example_dags/example_branch_day_of_week_operator.py took 0.105 seconds
[2024-04-12T19:37:31.531+0800] {processor.py:161} INFO - Started process (PID=4848) to work on /Users/wanghaojin/Desktop/exchange@NUS/IS3107/HW/Project/news_data_pipeline/.venv/lib/python3.11/site-packages/airflow/example_dags/example_branch_day_of_week_operator.py
[2024-04-12T19:37:31.531+0800] {processor.py:830} INFO - Processing file /Users/wanghaojin/Desktop/exchange@NUS/IS3107/HW/Project/news_data_pipeline/.venv/lib/python3.11/site-packages/airflow/example_dags/example_branch_day_of_week_operator.py for tasks to queue
[2024-04-12T19:37:31.532+0800] {logging_mixin.py:188} INFO - [2024-04-12T19:37:31.532+0800] {dagbag.py:538} INFO - Filling up the DagBag from /Users/wanghaojin/Desktop/exchange@NUS/IS3107/HW/Project/news_data_pipeline/.venv/lib/python3.11/site-packages/airflow/example_dags/example_branch_day_of_week_operator.py
[2024-04-12T19:37:31.537+0800] {processor.py:840} INFO - DAG(s) 'example_weekday_branch_operator' retrieved from /Users/wanghaojin/Desktop/exchange@NUS/IS3107/HW/Project/news_data_pipeline/.venv/lib/python3.11/site-packages/airflow/example_dags/example_branch_day_of_week_operator.py
[2024-04-12T19:37:31.616+0800] {logging_mixin.py:188} INFO - [2024-04-12T19:37:31.616+0800] {dag.py:3036} INFO - Sync 1 DAGs
[2024-04-12T19:37:31.625+0800] {logging_mixin.py:188} INFO - [2024-04-12T19:37:31.625+0800] {dag.py:3823} INFO - Setting next_dagrun for example_weekday_branch_operator to 2024-04-11 00:00:00+00:00, run_after=2024-04-12 00:00:00+00:00
[2024-04-12T19:37:31.636+0800] {processor.py:183} INFO - Processing /Users/wanghaojin/Desktop/exchange@NUS/IS3107/HW/Project/news_data_pipeline/.venv/lib/python3.11/site-packages/airflow/example_dags/example_branch_day_of_week_operator.py took 0.105 seconds
[2024-04-12T19:39:46.403+0800] {processor.py:161} INFO - Started process (PID=5064) to work on /Users/wanghaojin/Desktop/exchange@NUS/IS3107/HW/Project/news_data_pipeline/.venv/lib/python3.11/site-packages/airflow/example_dags/example_branch_day_of_week_operator.py
[2024-04-12T19:39:46.403+0800] {processor.py:830} INFO - Processing file /Users/wanghaojin/Desktop/exchange@NUS/IS3107/HW/Project/news_data_pipeline/.venv/lib/python3.11/site-packages/airflow/example_dags/example_branch_day_of_week_operator.py for tasks to queue
[2024-04-12T19:39:46.404+0800] {logging_mixin.py:188} INFO - [2024-04-12T19:39:46.404+0800] {dagbag.py:538} INFO - Filling up the DagBag from /Users/wanghaojin/Desktop/exchange@NUS/IS3107/HW/Project/news_data_pipeline/.venv/lib/python3.11/site-packages/airflow/example_dags/example_branch_day_of_week_operator.py
[2024-04-12T19:39:46.409+0800] {processor.py:840} INFO - DAG(s) 'example_weekday_branch_operator' retrieved from /Users/wanghaojin/Desktop/exchange@NUS/IS3107/HW/Project/news_data_pipeline/.venv/lib/python3.11/site-packages/airflow/example_dags/example_branch_day_of_week_operator.py
[2024-04-12T19:39:46.487+0800] {logging_mixin.py:188} INFO - [2024-04-12T19:39:46.487+0800] {dag.py:3036} INFO - Sync 1 DAGs
[2024-04-12T19:39:46.496+0800] {logging_mixin.py:188} INFO - [2024-04-12T19:39:46.496+0800] {dag.py:3823} INFO - Setting next_dagrun for example_weekday_branch_operator to 2024-04-11 00:00:00+00:00, run_after=2024-04-12 00:00:00+00:00
[2024-04-12T19:39:46.506+0800] {processor.py:183} INFO - Processing /Users/wanghaojin/Desktop/exchange@NUS/IS3107/HW/Project/news_data_pipeline/.venv/lib/python3.11/site-packages/airflow/example_dags/example_branch_day_of_week_operator.py took 0.104 seconds
[2024-04-12T19:42:00.616+0800] {processor.py:161} INFO - Started process (PID=5271) to work on /Users/wanghaojin/Desktop/exchange@NUS/IS3107/HW/Project/news_data_pipeline/.venv/lib/python3.11/site-packages/airflow/example_dags/example_branch_day_of_week_operator.py
[2024-04-12T19:42:00.617+0800] {processor.py:830} INFO - Processing file /Users/wanghaojin/Desktop/exchange@NUS/IS3107/HW/Project/news_data_pipeline/.venv/lib/python3.11/site-packages/airflow/example_dags/example_branch_day_of_week_operator.py for tasks to queue
[2024-04-12T19:42:00.617+0800] {logging_mixin.py:188} INFO - [2024-04-12T19:42:00.617+0800] {dagbag.py:538} INFO - Filling up the DagBag from /Users/wanghaojin/Desktop/exchange@NUS/IS3107/HW/Project/news_data_pipeline/.venv/lib/python3.11/site-packages/airflow/example_dags/example_branch_day_of_week_operator.py
[2024-04-12T19:42:00.623+0800] {processor.py:840} INFO - DAG(s) 'example_weekday_branch_operator' retrieved from /Users/wanghaojin/Desktop/exchange@NUS/IS3107/HW/Project/news_data_pipeline/.venv/lib/python3.11/site-packages/airflow/example_dags/example_branch_day_of_week_operator.py
[2024-04-12T19:42:00.700+0800] {logging_mixin.py:188} INFO - [2024-04-12T19:42:00.700+0800] {dag.py:3036} INFO - Sync 1 DAGs
[2024-04-12T19:42:00.709+0800] {logging_mixin.py:188} INFO - [2024-04-12T19:42:00.709+0800] {dag.py:3823} INFO - Setting next_dagrun for example_weekday_branch_operator to 2024-04-11 00:00:00+00:00, run_after=2024-04-12 00:00:00+00:00
[2024-04-12T19:42:00.719+0800] {processor.py:183} INFO - Processing /Users/wanghaojin/Desktop/exchange@NUS/IS3107/HW/Project/news_data_pipeline/.venv/lib/python3.11/site-packages/airflow/example_dags/example_branch_day_of_week_operator.py took 0.103 seconds
[2024-04-12T19:44:17.004+0800] {processor.py:161} INFO - Started process (PID=5487) to work on /Users/wanghaojin/Desktop/exchange@NUS/IS3107/HW/Project/news_data_pipeline/.venv/lib/python3.11/site-packages/airflow/example_dags/example_branch_day_of_week_operator.py
[2024-04-12T19:44:17.005+0800] {processor.py:830} INFO - Processing file /Users/wanghaojin/Desktop/exchange@NUS/IS3107/HW/Project/news_data_pipeline/.venv/lib/python3.11/site-packages/airflow/example_dags/example_branch_day_of_week_operator.py for tasks to queue
[2024-04-12T19:44:17.005+0800] {logging_mixin.py:188} INFO - [2024-04-12T19:44:17.005+0800] {dagbag.py:538} INFO - Filling up the DagBag from /Users/wanghaojin/Desktop/exchange@NUS/IS3107/HW/Project/news_data_pipeline/.venv/lib/python3.11/site-packages/airflow/example_dags/example_branch_day_of_week_operator.py
[2024-04-12T19:44:17.011+0800] {processor.py:840} INFO - DAG(s) 'example_weekday_branch_operator' retrieved from /Users/wanghaojin/Desktop/exchange@NUS/IS3107/HW/Project/news_data_pipeline/.venv/lib/python3.11/site-packages/airflow/example_dags/example_branch_day_of_week_operator.py
[2024-04-12T19:44:17.088+0800] {logging_mixin.py:188} INFO - [2024-04-12T19:44:17.088+0800] {dag.py:3036} INFO - Sync 1 DAGs
[2024-04-12T19:44:17.098+0800] {logging_mixin.py:188} INFO - [2024-04-12T19:44:17.097+0800] {dag.py:3823} INFO - Setting next_dagrun for example_weekday_branch_operator to 2024-04-11 00:00:00+00:00, run_after=2024-04-12 00:00:00+00:00
[2024-04-12T19:44:17.108+0800] {processor.py:183} INFO - Processing /Users/wanghaojin/Desktop/exchange@NUS/IS3107/HW/Project/news_data_pipeline/.venv/lib/python3.11/site-packages/airflow/example_dags/example_branch_day_of_week_operator.py took 0.104 seconds
[2024-04-12T19:46:32.391+0800] {processor.py:161} INFO - Started process (PID=5678) to work on /Users/wanghaojin/Desktop/exchange@NUS/IS3107/HW/Project/news_data_pipeline/.venv/lib/python3.11/site-packages/airflow/example_dags/example_branch_day_of_week_operator.py
[2024-04-12T19:46:32.393+0800] {processor.py:830} INFO - Processing file /Users/wanghaojin/Desktop/exchange@NUS/IS3107/HW/Project/news_data_pipeline/.venv/lib/python3.11/site-packages/airflow/example_dags/example_branch_day_of_week_operator.py for tasks to queue
[2024-04-12T19:46:32.393+0800] {logging_mixin.py:188} INFO - [2024-04-12T19:46:32.393+0800] {dagbag.py:538} INFO - Filling up the DagBag from /Users/wanghaojin/Desktop/exchange@NUS/IS3107/HW/Project/news_data_pipeline/.venv/lib/python3.11/site-packages/airflow/example_dags/example_branch_day_of_week_operator.py
[2024-04-12T19:46:32.399+0800] {processor.py:840} INFO - DAG(s) 'example_weekday_branch_operator' retrieved from /Users/wanghaojin/Desktop/exchange@NUS/IS3107/HW/Project/news_data_pipeline/.venv/lib/python3.11/site-packages/airflow/example_dags/example_branch_day_of_week_operator.py
[2024-04-12T19:46:32.477+0800] {logging_mixin.py:188} INFO - [2024-04-12T19:46:32.476+0800] {dag.py:3036} INFO - Sync 1 DAGs
[2024-04-12T19:46:32.486+0800] {logging_mixin.py:188} INFO - [2024-04-12T19:46:32.486+0800] {dag.py:3823} INFO - Setting next_dagrun for example_weekday_branch_operator to 2024-04-11 00:00:00+00:00, run_after=2024-04-12 00:00:00+00:00
[2024-04-12T19:46:32.497+0800] {processor.py:183} INFO - Processing /Users/wanghaojin/Desktop/exchange@NUS/IS3107/HW/Project/news_data_pipeline/.venv/lib/python3.11/site-packages/airflow/example_dags/example_branch_day_of_week_operator.py took 0.106 seconds
[2024-04-12T19:48:49.579+0800] {processor.py:161} INFO - Started process (PID=5884) to work on /Users/wanghaojin/Desktop/exchange@NUS/IS3107/HW/Project/news_data_pipeline/.venv/lib/python3.11/site-packages/airflow/example_dags/example_branch_day_of_week_operator.py
[2024-04-12T19:48:49.580+0800] {processor.py:830} INFO - Processing file /Users/wanghaojin/Desktop/exchange@NUS/IS3107/HW/Project/news_data_pipeline/.venv/lib/python3.11/site-packages/airflow/example_dags/example_branch_day_of_week_operator.py for tasks to queue
[2024-04-12T19:48:49.580+0800] {logging_mixin.py:188} INFO - [2024-04-12T19:48:49.580+0800] {dagbag.py:538} INFO - Filling up the DagBag from /Users/wanghaojin/Desktop/exchange@NUS/IS3107/HW/Project/news_data_pipeline/.venv/lib/python3.11/site-packages/airflow/example_dags/example_branch_day_of_week_operator.py
[2024-04-12T19:48:49.586+0800] {processor.py:840} INFO - DAG(s) 'example_weekday_branch_operator' retrieved from /Users/wanghaojin/Desktop/exchange@NUS/IS3107/HW/Project/news_data_pipeline/.venv/lib/python3.11/site-packages/airflow/example_dags/example_branch_day_of_week_operator.py
[2024-04-12T19:48:49.663+0800] {logging_mixin.py:188} INFO - [2024-04-12T19:48:49.663+0800] {dag.py:3036} INFO - Sync 1 DAGs
[2024-04-12T19:48:49.672+0800] {logging_mixin.py:188} INFO - [2024-04-12T19:48:49.672+0800] {dag.py:3823} INFO - Setting next_dagrun for example_weekday_branch_operator to 2024-04-11 00:00:00+00:00, run_after=2024-04-12 00:00:00+00:00
[2024-04-12T19:48:49.683+0800] {processor.py:183} INFO - Processing /Users/wanghaojin/Desktop/exchange@NUS/IS3107/HW/Project/news_data_pipeline/.venv/lib/python3.11/site-packages/airflow/example_dags/example_branch_day_of_week_operator.py took 0.104 seconds
[2024-04-12T19:51:05.761+0800] {processor.py:161} INFO - Started process (PID=6071) to work on /Users/wanghaojin/Desktop/exchange@NUS/IS3107/HW/Project/news_data_pipeline/.venv/lib/python3.11/site-packages/airflow/example_dags/example_branch_day_of_week_operator.py
[2024-04-12T19:51:05.761+0800] {processor.py:830} INFO - Processing file /Users/wanghaojin/Desktop/exchange@NUS/IS3107/HW/Project/news_data_pipeline/.venv/lib/python3.11/site-packages/airflow/example_dags/example_branch_day_of_week_operator.py for tasks to queue
[2024-04-12T19:51:05.762+0800] {logging_mixin.py:188} INFO - [2024-04-12T19:51:05.761+0800] {dagbag.py:538} INFO - Filling up the DagBag from /Users/wanghaojin/Desktop/exchange@NUS/IS3107/HW/Project/news_data_pipeline/.venv/lib/python3.11/site-packages/airflow/example_dags/example_branch_day_of_week_operator.py
[2024-04-12T19:51:05.767+0800] {processor.py:840} INFO - DAG(s) 'example_weekday_branch_operator' retrieved from /Users/wanghaojin/Desktop/exchange@NUS/IS3107/HW/Project/news_data_pipeline/.venv/lib/python3.11/site-packages/airflow/example_dags/example_branch_day_of_week_operator.py
[2024-04-12T19:51:05.845+0800] {logging_mixin.py:188} INFO - [2024-04-12T19:51:05.845+0800] {dag.py:3036} INFO - Sync 1 DAGs
[2024-04-12T19:51:05.855+0800] {logging_mixin.py:188} INFO - [2024-04-12T19:51:05.854+0800] {dag.py:3823} INFO - Setting next_dagrun for example_weekday_branch_operator to 2024-04-11 00:00:00+00:00, run_after=2024-04-12 00:00:00+00:00
[2024-04-12T19:51:05.865+0800] {processor.py:183} INFO - Processing /Users/wanghaojin/Desktop/exchange@NUS/IS3107/HW/Project/news_data_pipeline/.venv/lib/python3.11/site-packages/airflow/example_dags/example_branch_day_of_week_operator.py took 0.105 seconds
[2024-04-12T19:53:18.909+0800] {processor.py:161} INFO - Started process (PID=6245) to work on /Users/wanghaojin/Desktop/exchange@NUS/IS3107/HW/Project/news_data_pipeline/.venv/lib/python3.11/site-packages/airflow/example_dags/example_branch_day_of_week_operator.py
[2024-04-12T19:53:18.909+0800] {processor.py:830} INFO - Processing file /Users/wanghaojin/Desktop/exchange@NUS/IS3107/HW/Project/news_data_pipeline/.venv/lib/python3.11/site-packages/airflow/example_dags/example_branch_day_of_week_operator.py for tasks to queue
[2024-04-12T19:53:18.910+0800] {logging_mixin.py:188} INFO - [2024-04-12T19:53:18.909+0800] {dagbag.py:538} INFO - Filling up the DagBag from /Users/wanghaojin/Desktop/exchange@NUS/IS3107/HW/Project/news_data_pipeline/.venv/lib/python3.11/site-packages/airflow/example_dags/example_branch_day_of_week_operator.py
[2024-04-12T19:53:18.915+0800] {processor.py:840} INFO - DAG(s) 'example_weekday_branch_operator' retrieved from /Users/wanghaojin/Desktop/exchange@NUS/IS3107/HW/Project/news_data_pipeline/.venv/lib/python3.11/site-packages/airflow/example_dags/example_branch_day_of_week_operator.py
[2024-04-12T19:53:18.993+0800] {logging_mixin.py:188} INFO - [2024-04-12T19:53:18.993+0800] {dag.py:3036} INFO - Sync 1 DAGs
[2024-04-12T19:53:19.003+0800] {logging_mixin.py:188} INFO - [2024-04-12T19:53:19.002+0800] {dag.py:3823} INFO - Setting next_dagrun for example_weekday_branch_operator to 2024-04-11 00:00:00+00:00, run_after=2024-04-12 00:00:00+00:00
[2024-04-12T19:53:19.013+0800] {processor.py:183} INFO - Processing /Users/wanghaojin/Desktop/exchange@NUS/IS3107/HW/Project/news_data_pipeline/.venv/lib/python3.11/site-packages/airflow/example_dags/example_branch_day_of_week_operator.py took 0.105 seconds
[2024-04-12T19:55:36.068+0800] {processor.py:161} INFO - Started process (PID=6420) to work on /Users/wanghaojin/Desktop/exchange@NUS/IS3107/HW/Project/news_data_pipeline/.venv/lib/python3.11/site-packages/airflow/example_dags/example_branch_day_of_week_operator.py
[2024-04-12T19:55:36.069+0800] {processor.py:830} INFO - Processing file /Users/wanghaojin/Desktop/exchange@NUS/IS3107/HW/Project/news_data_pipeline/.venv/lib/python3.11/site-packages/airflow/example_dags/example_branch_day_of_week_operator.py for tasks to queue
[2024-04-12T19:55:36.069+0800] {logging_mixin.py:188} INFO - [2024-04-12T19:55:36.069+0800] {dagbag.py:538} INFO - Filling up the DagBag from /Users/wanghaojin/Desktop/exchange@NUS/IS3107/HW/Project/news_data_pipeline/.venv/lib/python3.11/site-packages/airflow/example_dags/example_branch_day_of_week_operator.py
[2024-04-12T19:55:36.075+0800] {processor.py:840} INFO - DAG(s) 'example_weekday_branch_operator' retrieved from /Users/wanghaojin/Desktop/exchange@NUS/IS3107/HW/Project/news_data_pipeline/.venv/lib/python3.11/site-packages/airflow/example_dags/example_branch_day_of_week_operator.py
[2024-04-12T19:55:36.156+0800] {logging_mixin.py:188} INFO - [2024-04-12T19:55:36.156+0800] {dag.py:3036} INFO - Sync 1 DAGs
[2024-04-12T19:55:36.166+0800] {logging_mixin.py:188} INFO - [2024-04-12T19:55:36.166+0800] {dag.py:3823} INFO - Setting next_dagrun for example_weekday_branch_operator to 2024-04-11 00:00:00+00:00, run_after=2024-04-12 00:00:00+00:00
[2024-04-12T19:55:36.176+0800] {processor.py:183} INFO - Processing /Users/wanghaojin/Desktop/exchange@NUS/IS3107/HW/Project/news_data_pipeline/.venv/lib/python3.11/site-packages/airflow/example_dags/example_branch_day_of_week_operator.py took 0.109 seconds
[2024-04-12T19:57:48.599+0800] {processor.py:161} INFO - Started process (PID=6545) to work on /Users/wanghaojin/Desktop/exchange@NUS/IS3107/HW/Project/news_data_pipeline/.venv/lib/python3.11/site-packages/airflow/example_dags/example_branch_day_of_week_operator.py
[2024-04-12T19:57:48.600+0800] {processor.py:830} INFO - Processing file /Users/wanghaojin/Desktop/exchange@NUS/IS3107/HW/Project/news_data_pipeline/.venv/lib/python3.11/site-packages/airflow/example_dags/example_branch_day_of_week_operator.py for tasks to queue
[2024-04-12T19:57:48.600+0800] {logging_mixin.py:188} INFO - [2024-04-12T19:57:48.600+0800] {dagbag.py:538} INFO - Filling up the DagBag from /Users/wanghaojin/Desktop/exchange@NUS/IS3107/HW/Project/news_data_pipeline/.venv/lib/python3.11/site-packages/airflow/example_dags/example_branch_day_of_week_operator.py
[2024-04-12T19:57:48.606+0800] {processor.py:840} INFO - DAG(s) 'example_weekday_branch_operator' retrieved from /Users/wanghaojin/Desktop/exchange@NUS/IS3107/HW/Project/news_data_pipeline/.venv/lib/python3.11/site-packages/airflow/example_dags/example_branch_day_of_week_operator.py
[2024-04-12T19:57:48.685+0800] {logging_mixin.py:188} INFO - [2024-04-12T19:57:48.685+0800] {dag.py:3036} INFO - Sync 1 DAGs
[2024-04-12T19:57:48.694+0800] {logging_mixin.py:188} INFO - [2024-04-12T19:57:48.694+0800] {dag.py:3823} INFO - Setting next_dagrun for example_weekday_branch_operator to 2024-04-11 00:00:00+00:00, run_after=2024-04-12 00:00:00+00:00
[2024-04-12T19:57:48.704+0800] {processor.py:183} INFO - Processing /Users/wanghaojin/Desktop/exchange@NUS/IS3107/HW/Project/news_data_pipeline/.venv/lib/python3.11/site-packages/airflow/example_dags/example_branch_day_of_week_operator.py took 0.106 seconds
[2024-04-12T20:00:01.886+0800] {processor.py:161} INFO - Started process (PID=6692) to work on /Users/wanghaojin/Desktop/exchange@NUS/IS3107/HW/Project/news_data_pipeline/.venv/lib/python3.11/site-packages/airflow/example_dags/example_branch_day_of_week_operator.py
[2024-04-12T20:00:01.886+0800] {processor.py:830} INFO - Processing file /Users/wanghaojin/Desktop/exchange@NUS/IS3107/HW/Project/news_data_pipeline/.venv/lib/python3.11/site-packages/airflow/example_dags/example_branch_day_of_week_operator.py for tasks to queue
[2024-04-12T20:00:01.887+0800] {logging_mixin.py:188} INFO - [2024-04-12T20:00:01.887+0800] {dagbag.py:538} INFO - Filling up the DagBag from /Users/wanghaojin/Desktop/exchange@NUS/IS3107/HW/Project/news_data_pipeline/.venv/lib/python3.11/site-packages/airflow/example_dags/example_branch_day_of_week_operator.py
[2024-04-12T20:00:01.893+0800] {processor.py:840} INFO - DAG(s) 'example_weekday_branch_operator' retrieved from /Users/wanghaojin/Desktop/exchange@NUS/IS3107/HW/Project/news_data_pipeline/.venv/lib/python3.11/site-packages/airflow/example_dags/example_branch_day_of_week_operator.py
[2024-04-12T20:00:01.971+0800] {logging_mixin.py:188} INFO - [2024-04-12T20:00:01.970+0800] {dag.py:3036} INFO - Sync 1 DAGs
[2024-04-12T20:00:01.980+0800] {logging_mixin.py:188} INFO - [2024-04-12T20:00:01.979+0800] {dag.py:3823} INFO - Setting next_dagrun for example_weekday_branch_operator to 2024-04-11 00:00:00+00:00, run_after=2024-04-12 00:00:00+00:00
[2024-04-12T20:00:01.990+0800] {processor.py:183} INFO - Processing /Users/wanghaojin/Desktop/exchange@NUS/IS3107/HW/Project/news_data_pipeline/.venv/lib/python3.11/site-packages/airflow/example_dags/example_branch_day_of_week_operator.py took 0.104 seconds
[2024-04-12T20:02:19.080+0800] {processor.py:161} INFO - Started process (PID=6867) to work on /Users/wanghaojin/Desktop/exchange@NUS/IS3107/HW/Project/news_data_pipeline/.venv/lib/python3.11/site-packages/airflow/example_dags/example_branch_day_of_week_operator.py
[2024-04-12T20:02:19.082+0800] {processor.py:830} INFO - Processing file /Users/wanghaojin/Desktop/exchange@NUS/IS3107/HW/Project/news_data_pipeline/.venv/lib/python3.11/site-packages/airflow/example_dags/example_branch_day_of_week_operator.py for tasks to queue
[2024-04-12T20:02:19.082+0800] {logging_mixin.py:188} INFO - [2024-04-12T20:02:19.082+0800] {dagbag.py:538} INFO - Filling up the DagBag from /Users/wanghaojin/Desktop/exchange@NUS/IS3107/HW/Project/news_data_pipeline/.venv/lib/python3.11/site-packages/airflow/example_dags/example_branch_day_of_week_operator.py
[2024-04-12T20:02:19.088+0800] {processor.py:840} INFO - DAG(s) 'example_weekday_branch_operator' retrieved from /Users/wanghaojin/Desktop/exchange@NUS/IS3107/HW/Project/news_data_pipeline/.venv/lib/python3.11/site-packages/airflow/example_dags/example_branch_day_of_week_operator.py
[2024-04-12T20:02:19.165+0800] {logging_mixin.py:188} INFO - [2024-04-12T20:02:19.165+0800] {dag.py:3036} INFO - Sync 1 DAGs
[2024-04-12T20:02:19.175+0800] {logging_mixin.py:188} INFO - [2024-04-12T20:02:19.175+0800] {dag.py:3823} INFO - Setting next_dagrun for example_weekday_branch_operator to 2024-04-11 00:00:00+00:00, run_after=2024-04-12 00:00:00+00:00
[2024-04-12T20:02:19.185+0800] {processor.py:183} INFO - Processing /Users/wanghaojin/Desktop/exchange@NUS/IS3107/HW/Project/news_data_pipeline/.venv/lib/python3.11/site-packages/airflow/example_dags/example_branch_day_of_week_operator.py took 0.105 seconds
[2024-04-12T20:04:40.470+0800] {processor.py:161} INFO - Started process (PID=7189) to work on /Users/wanghaojin/Desktop/exchange@NUS/IS3107/HW/Project/news_data_pipeline/.venv/lib/python3.11/site-packages/airflow/example_dags/example_branch_day_of_week_operator.py
[2024-04-12T20:04:40.472+0800] {processor.py:830} INFO - Processing file /Users/wanghaojin/Desktop/exchange@NUS/IS3107/HW/Project/news_data_pipeline/.venv/lib/python3.11/site-packages/airflow/example_dags/example_branch_day_of_week_operator.py for tasks to queue
[2024-04-12T20:04:40.472+0800] {logging_mixin.py:188} INFO - [2024-04-12T20:04:40.472+0800] {dagbag.py:538} INFO - Filling up the DagBag from /Users/wanghaojin/Desktop/exchange@NUS/IS3107/HW/Project/news_data_pipeline/.venv/lib/python3.11/site-packages/airflow/example_dags/example_branch_day_of_week_operator.py
[2024-04-12T20:04:40.478+0800] {processor.py:840} INFO - DAG(s) 'example_weekday_branch_operator' retrieved from /Users/wanghaojin/Desktop/exchange@NUS/IS3107/HW/Project/news_data_pipeline/.venv/lib/python3.11/site-packages/airflow/example_dags/example_branch_day_of_week_operator.py
[2024-04-12T20:04:40.555+0800] {logging_mixin.py:188} INFO - [2024-04-12T20:04:40.555+0800] {dag.py:3036} INFO - Sync 1 DAGs
[2024-04-12T20:04:40.564+0800] {logging_mixin.py:188} INFO - [2024-04-12T20:04:40.564+0800] {dag.py:3823} INFO - Setting next_dagrun for example_weekday_branch_operator to 2024-04-11 00:00:00+00:00, run_after=2024-04-12 00:00:00+00:00
[2024-04-12T20:04:40.574+0800] {processor.py:183} INFO - Processing /Users/wanghaojin/Desktop/exchange@NUS/IS3107/HW/Project/news_data_pipeline/.venv/lib/python3.11/site-packages/airflow/example_dags/example_branch_day_of_week_operator.py took 0.105 seconds
[2024-04-12T20:06:57.034+0800] {processor.py:161} INFO - Started process (PID=7407) to work on /Users/wanghaojin/Desktop/exchange@NUS/IS3107/HW/Project/news_data_pipeline/.venv/lib/python3.11/site-packages/airflow/example_dags/example_branch_day_of_week_operator.py
[2024-04-12T20:06:57.034+0800] {processor.py:830} INFO - Processing file /Users/wanghaojin/Desktop/exchange@NUS/IS3107/HW/Project/news_data_pipeline/.venv/lib/python3.11/site-packages/airflow/example_dags/example_branch_day_of_week_operator.py for tasks to queue
[2024-04-12T20:06:57.035+0800] {logging_mixin.py:188} INFO - [2024-04-12T20:06:57.034+0800] {dagbag.py:538} INFO - Filling up the DagBag from /Users/wanghaojin/Desktop/exchange@NUS/IS3107/HW/Project/news_data_pipeline/.venv/lib/python3.11/site-packages/airflow/example_dags/example_branch_day_of_week_operator.py
[2024-04-12T20:06:57.040+0800] {processor.py:840} INFO - DAG(s) 'example_weekday_branch_operator' retrieved from /Users/wanghaojin/Desktop/exchange@NUS/IS3107/HW/Project/news_data_pipeline/.venv/lib/python3.11/site-packages/airflow/example_dags/example_branch_day_of_week_operator.py
[2024-04-12T20:06:57.118+0800] {logging_mixin.py:188} INFO - [2024-04-12T20:06:57.118+0800] {dag.py:3036} INFO - Sync 1 DAGs
[2024-04-12T20:06:57.128+0800] {logging_mixin.py:188} INFO - [2024-04-12T20:06:57.127+0800] {dag.py:3823} INFO - Setting next_dagrun for example_weekday_branch_operator to 2024-04-11 00:00:00+00:00, run_after=2024-04-12 00:00:00+00:00
[2024-04-12T20:06:57.141+0800] {processor.py:183} INFO - Processing /Users/wanghaojin/Desktop/exchange@NUS/IS3107/HW/Project/news_data_pipeline/.venv/lib/python3.11/site-packages/airflow/example_dags/example_branch_day_of_week_operator.py took 0.107 seconds
[2024-04-12T20:09:13.638+0800] {processor.py:161} INFO - Started process (PID=7586) to work on /Users/wanghaojin/Desktop/exchange@NUS/IS3107/HW/Project/news_data_pipeline/.venv/lib/python3.11/site-packages/airflow/example_dags/example_branch_day_of_week_operator.py
[2024-04-12T20:09:13.638+0800] {processor.py:830} INFO - Processing file /Users/wanghaojin/Desktop/exchange@NUS/IS3107/HW/Project/news_data_pipeline/.venv/lib/python3.11/site-packages/airflow/example_dags/example_branch_day_of_week_operator.py for tasks to queue
[2024-04-12T20:09:13.639+0800] {logging_mixin.py:188} INFO - [2024-04-12T20:09:13.639+0800] {dagbag.py:538} INFO - Filling up the DagBag from /Users/wanghaojin/Desktop/exchange@NUS/IS3107/HW/Project/news_data_pipeline/.venv/lib/python3.11/site-packages/airflow/example_dags/example_branch_day_of_week_operator.py
[2024-04-12T20:09:13.644+0800] {processor.py:840} INFO - DAG(s) 'example_weekday_branch_operator' retrieved from /Users/wanghaojin/Desktop/exchange@NUS/IS3107/HW/Project/news_data_pipeline/.venv/lib/python3.11/site-packages/airflow/example_dags/example_branch_day_of_week_operator.py
[2024-04-12T20:09:13.722+0800] {logging_mixin.py:188} INFO - [2024-04-12T20:09:13.722+0800] {dag.py:3036} INFO - Sync 1 DAGs
[2024-04-12T20:09:13.732+0800] {logging_mixin.py:188} INFO - [2024-04-12T20:09:13.731+0800] {dag.py:3823} INFO - Setting next_dagrun for example_weekday_branch_operator to 2024-04-11 00:00:00+00:00, run_after=2024-04-12 00:00:00+00:00
[2024-04-12T20:09:13.742+0800] {processor.py:183} INFO - Processing /Users/wanghaojin/Desktop/exchange@NUS/IS3107/HW/Project/news_data_pipeline/.venv/lib/python3.11/site-packages/airflow/example_dags/example_branch_day_of_week_operator.py took 0.105 seconds
[2024-04-12T20:11:30.669+0800] {processor.py:161} INFO - Started process (PID=7785) to work on /Users/wanghaojin/Desktop/exchange@NUS/IS3107/HW/Project/news_data_pipeline/.venv/lib/python3.11/site-packages/airflow/example_dags/example_branch_day_of_week_operator.py
[2024-04-12T20:11:30.670+0800] {processor.py:830} INFO - Processing file /Users/wanghaojin/Desktop/exchange@NUS/IS3107/HW/Project/news_data_pipeline/.venv/lib/python3.11/site-packages/airflow/example_dags/example_branch_day_of_week_operator.py for tasks to queue
[2024-04-12T20:11:30.670+0800] {logging_mixin.py:188} INFO - [2024-04-12T20:11:30.670+0800] {dagbag.py:538} INFO - Filling up the DagBag from /Users/wanghaojin/Desktop/exchange@NUS/IS3107/HW/Project/news_data_pipeline/.venv/lib/python3.11/site-packages/airflow/example_dags/example_branch_day_of_week_operator.py
[2024-04-12T20:11:30.675+0800] {processor.py:840} INFO - DAG(s) 'example_weekday_branch_operator' retrieved from /Users/wanghaojin/Desktop/exchange@NUS/IS3107/HW/Project/news_data_pipeline/.venv/lib/python3.11/site-packages/airflow/example_dags/example_branch_day_of_week_operator.py
[2024-04-12T20:11:30.753+0800] {logging_mixin.py:188} INFO - [2024-04-12T20:11:30.753+0800] {dag.py:3036} INFO - Sync 1 DAGs
[2024-04-12T20:11:30.762+0800] {logging_mixin.py:188} INFO - [2024-04-12T20:11:30.762+0800] {dag.py:3823} INFO - Setting next_dagrun for example_weekday_branch_operator to 2024-04-11 00:00:00+00:00, run_after=2024-04-12 00:00:00+00:00
[2024-04-12T20:11:30.772+0800] {processor.py:183} INFO - Processing /Users/wanghaojin/Desktop/exchange@NUS/IS3107/HW/Project/news_data_pipeline/.venv/lib/python3.11/site-packages/airflow/example_dags/example_branch_day_of_week_operator.py took 0.104 seconds
[2024-04-12T20:13:48.326+0800] {processor.py:161} INFO - Started process (PID=8027) to work on /Users/wanghaojin/Desktop/exchange@NUS/IS3107/HW/Project/news_data_pipeline/.venv/lib/python3.11/site-packages/airflow/example_dags/example_branch_day_of_week_operator.py
[2024-04-12T20:13:48.328+0800] {processor.py:830} INFO - Processing file /Users/wanghaojin/Desktop/exchange@NUS/IS3107/HW/Project/news_data_pipeline/.venv/lib/python3.11/site-packages/airflow/example_dags/example_branch_day_of_week_operator.py for tasks to queue
[2024-04-12T20:13:48.328+0800] {logging_mixin.py:188} INFO - [2024-04-12T20:13:48.328+0800] {dagbag.py:538} INFO - Filling up the DagBag from /Users/wanghaojin/Desktop/exchange@NUS/IS3107/HW/Project/news_data_pipeline/.venv/lib/python3.11/site-packages/airflow/example_dags/example_branch_day_of_week_operator.py
[2024-04-12T20:13:48.334+0800] {processor.py:840} INFO - DAG(s) 'example_weekday_branch_operator' retrieved from /Users/wanghaojin/Desktop/exchange@NUS/IS3107/HW/Project/news_data_pipeline/.venv/lib/python3.11/site-packages/airflow/example_dags/example_branch_day_of_week_operator.py
[2024-04-12T20:13:48.413+0800] {logging_mixin.py:188} INFO - [2024-04-12T20:13:48.413+0800] {dag.py:3036} INFO - Sync 1 DAGs
[2024-04-12T20:13:48.422+0800] {logging_mixin.py:188} INFO - [2024-04-12T20:13:48.422+0800] {dag.py:3823} INFO - Setting next_dagrun for example_weekday_branch_operator to 2024-04-11 00:00:00+00:00, run_after=2024-04-12 00:00:00+00:00
[2024-04-12T20:13:48.433+0800] {processor.py:183} INFO - Processing /Users/wanghaojin/Desktop/exchange@NUS/IS3107/HW/Project/news_data_pipeline/.venv/lib/python3.11/site-packages/airflow/example_dags/example_branch_day_of_week_operator.py took 0.107 seconds
[2024-04-12T20:16:05.538+0800] {processor.py:161} INFO - Started process (PID=8302) to work on /Users/wanghaojin/Desktop/exchange@NUS/IS3107/HW/Project/news_data_pipeline/.venv/lib/python3.11/site-packages/airflow/example_dags/example_branch_day_of_week_operator.py
[2024-04-12T20:16:05.539+0800] {processor.py:830} INFO - Processing file /Users/wanghaojin/Desktop/exchange@NUS/IS3107/HW/Project/news_data_pipeline/.venv/lib/python3.11/site-packages/airflow/example_dags/example_branch_day_of_week_operator.py for tasks to queue
[2024-04-12T20:16:05.540+0800] {logging_mixin.py:188} INFO - [2024-04-12T20:16:05.540+0800] {dagbag.py:538} INFO - Filling up the DagBag from /Users/wanghaojin/Desktop/exchange@NUS/IS3107/HW/Project/news_data_pipeline/.venv/lib/python3.11/site-packages/airflow/example_dags/example_branch_day_of_week_operator.py
[2024-04-12T20:16:05.546+0800] {processor.py:840} INFO - DAG(s) 'example_weekday_branch_operator' retrieved from /Users/wanghaojin/Desktop/exchange@NUS/IS3107/HW/Project/news_data_pipeline/.venv/lib/python3.11/site-packages/airflow/example_dags/example_branch_day_of_week_operator.py
[2024-04-12T20:16:05.626+0800] {logging_mixin.py:188} INFO - [2024-04-12T20:16:05.626+0800] {dag.py:3036} INFO - Sync 1 DAGs
[2024-04-12T20:16:05.635+0800] {logging_mixin.py:188} INFO - [2024-04-12T20:16:05.635+0800] {dag.py:3823} INFO - Setting next_dagrun for example_weekday_branch_operator to 2024-04-11 00:00:00+00:00, run_after=2024-04-12 00:00:00+00:00
[2024-04-12T20:16:05.645+0800] {processor.py:183} INFO - Processing /Users/wanghaojin/Desktop/exchange@NUS/IS3107/HW/Project/news_data_pipeline/.venv/lib/python3.11/site-packages/airflow/example_dags/example_branch_day_of_week_operator.py took 0.108 seconds
[2024-04-12T20:19:47.271+0800] {processor.py:161} INFO - Started process (PID=8766) to work on /Users/wanghaojin/Desktop/exchange@NUS/IS3107/HW/Project/news_data_pipeline/.venv/lib/python3.11/site-packages/airflow/example_dags/example_branch_day_of_week_operator.py
[2024-04-12T20:19:47.271+0800] {processor.py:830} INFO - Processing file /Users/wanghaojin/Desktop/exchange@NUS/IS3107/HW/Project/news_data_pipeline/.venv/lib/python3.11/site-packages/airflow/example_dags/example_branch_day_of_week_operator.py for tasks to queue
[2024-04-12T20:19:47.272+0800] {logging_mixin.py:188} INFO - [2024-04-12T20:19:47.272+0800] {dagbag.py:538} INFO - Filling up the DagBag from /Users/wanghaojin/Desktop/exchange@NUS/IS3107/HW/Project/news_data_pipeline/.venv/lib/python3.11/site-packages/airflow/example_dags/example_branch_day_of_week_operator.py
[2024-04-12T20:19:47.278+0800] {processor.py:840} INFO - DAG(s) 'example_weekday_branch_operator' retrieved from /Users/wanghaojin/Desktop/exchange@NUS/IS3107/HW/Project/news_data_pipeline/.venv/lib/python3.11/site-packages/airflow/example_dags/example_branch_day_of_week_operator.py
[2024-04-12T20:19:47.403+0800] {logging_mixin.py:188} INFO - [2024-04-12T20:19:47.402+0800] {dag.py:3036} INFO - Sync 1 DAGs
[2024-04-12T20:19:47.412+0800] {logging_mixin.py:188} INFO - [2024-04-12T20:19:47.412+0800] {dag.py:3823} INFO - Setting next_dagrun for example_weekday_branch_operator to 2024-04-11 00:00:00+00:00, run_after=2024-04-12 00:00:00+00:00
[2024-04-12T20:19:47.422+0800] {processor.py:183} INFO - Processing /Users/wanghaojin/Desktop/exchange@NUS/IS3107/HW/Project/news_data_pipeline/.venv/lib/python3.11/site-packages/airflow/example_dags/example_branch_day_of_week_operator.py took 0.152 seconds
[2024-04-12T20:22:06.692+0800] {processor.py:161} INFO - Started process (PID=8967) to work on /Users/wanghaojin/Desktop/exchange@NUS/IS3107/HW/Project/news_data_pipeline/.venv/lib/python3.11/site-packages/airflow/example_dags/example_branch_day_of_week_operator.py
[2024-04-12T20:22:06.693+0800] {processor.py:830} INFO - Processing file /Users/wanghaojin/Desktop/exchange@NUS/IS3107/HW/Project/news_data_pipeline/.venv/lib/python3.11/site-packages/airflow/example_dags/example_branch_day_of_week_operator.py for tasks to queue
[2024-04-12T20:22:06.694+0800] {logging_mixin.py:188} INFO - [2024-04-12T20:22:06.694+0800] {dagbag.py:538} INFO - Filling up the DagBag from /Users/wanghaojin/Desktop/exchange@NUS/IS3107/HW/Project/news_data_pipeline/.venv/lib/python3.11/site-packages/airflow/example_dags/example_branch_day_of_week_operator.py
[2024-04-12T20:22:06.699+0800] {processor.py:840} INFO - DAG(s) 'example_weekday_branch_operator' retrieved from /Users/wanghaojin/Desktop/exchange@NUS/IS3107/HW/Project/news_data_pipeline/.venv/lib/python3.11/site-packages/airflow/example_dags/example_branch_day_of_week_operator.py
[2024-04-12T20:22:06.819+0800] {logging_mixin.py:188} INFO - [2024-04-12T20:22:06.819+0800] {dag.py:3036} INFO - Sync 1 DAGs
[2024-04-12T20:22:06.829+0800] {logging_mixin.py:188} INFO - [2024-04-12T20:22:06.829+0800] {dag.py:3823} INFO - Setting next_dagrun for example_weekday_branch_operator to 2024-04-11 00:00:00+00:00, run_after=2024-04-12 00:00:00+00:00
[2024-04-12T20:22:06.839+0800] {processor.py:183} INFO - Processing /Users/wanghaojin/Desktop/exchange@NUS/IS3107/HW/Project/news_data_pipeline/.venv/lib/python3.11/site-packages/airflow/example_dags/example_branch_day_of_week_operator.py took 0.148 seconds
[2024-04-12T20:24:21.949+0800] {processor.py:161} INFO - Started process (PID=9150) to work on /Users/wanghaojin/Desktop/exchange@NUS/IS3107/HW/Project/news_data_pipeline/.venv/lib/python3.11/site-packages/airflow/example_dags/example_branch_day_of_week_operator.py
[2024-04-12T20:24:21.950+0800] {processor.py:830} INFO - Processing file /Users/wanghaojin/Desktop/exchange@NUS/IS3107/HW/Project/news_data_pipeline/.venv/lib/python3.11/site-packages/airflow/example_dags/example_branch_day_of_week_operator.py for tasks to queue
[2024-04-12T20:24:21.950+0800] {logging_mixin.py:188} INFO - [2024-04-12T20:24:21.950+0800] {dagbag.py:538} INFO - Filling up the DagBag from /Users/wanghaojin/Desktop/exchange@NUS/IS3107/HW/Project/news_data_pipeline/.venv/lib/python3.11/site-packages/airflow/example_dags/example_branch_day_of_week_operator.py
[2024-04-12T20:24:21.956+0800] {processor.py:840} INFO - DAG(s) 'example_weekday_branch_operator' retrieved from /Users/wanghaojin/Desktop/exchange@NUS/IS3107/HW/Project/news_data_pipeline/.venv/lib/python3.11/site-packages/airflow/example_dags/example_branch_day_of_week_operator.py
[2024-04-12T20:24:22.035+0800] {logging_mixin.py:188} INFO - [2024-04-12T20:24:22.035+0800] {dag.py:3036} INFO - Sync 1 DAGs
[2024-04-12T20:24:22.044+0800] {logging_mixin.py:188} INFO - [2024-04-12T20:24:22.044+0800] {dag.py:3823} INFO - Setting next_dagrun for example_weekday_branch_operator to 2024-04-11 00:00:00+00:00, run_after=2024-04-12 00:00:00+00:00
[2024-04-12T20:24:22.054+0800] {processor.py:183} INFO - Processing /Users/wanghaojin/Desktop/exchange@NUS/IS3107/HW/Project/news_data_pipeline/.venv/lib/python3.11/site-packages/airflow/example_dags/example_branch_day_of_week_operator.py took 0.106 seconds
[2024-04-12T20:26:57.844+0800] {processor.py:161} INFO - Started process (PID=9399) to work on /Users/wanghaojin/Desktop/exchange@NUS/IS3107/HW/Project/news_data_pipeline/.venv/lib/python3.11/site-packages/airflow/example_dags/example_branch_day_of_week_operator.py
[2024-04-12T20:26:57.845+0800] {processor.py:830} INFO - Processing file /Users/wanghaojin/Desktop/exchange@NUS/IS3107/HW/Project/news_data_pipeline/.venv/lib/python3.11/site-packages/airflow/example_dags/example_branch_day_of_week_operator.py for tasks to queue
[2024-04-12T20:26:57.845+0800] {logging_mixin.py:188} INFO - [2024-04-12T20:26:57.845+0800] {dagbag.py:538} INFO - Filling up the DagBag from /Users/wanghaojin/Desktop/exchange@NUS/IS3107/HW/Project/news_data_pipeline/.venv/lib/python3.11/site-packages/airflow/example_dags/example_branch_day_of_week_operator.py
[2024-04-12T20:26:57.851+0800] {processor.py:840} INFO - DAG(s) 'example_weekday_branch_operator' retrieved from /Users/wanghaojin/Desktop/exchange@NUS/IS3107/HW/Project/news_data_pipeline/.venv/lib/python3.11/site-packages/airflow/example_dags/example_branch_day_of_week_operator.py
[2024-04-12T20:26:57.943+0800] {logging_mixin.py:188} INFO - [2024-04-12T20:26:57.942+0800] {dag.py:3036} INFO - Sync 1 DAGs
[2024-04-12T20:26:57.953+0800] {logging_mixin.py:188} INFO - [2024-04-12T20:26:57.953+0800] {dag.py:3823} INFO - Setting next_dagrun for example_weekday_branch_operator to 2024-04-11 00:00:00+00:00, run_after=2024-04-12 00:00:00+00:00
[2024-04-12T20:26:57.964+0800] {processor.py:183} INFO - Processing /Users/wanghaojin/Desktop/exchange@NUS/IS3107/HW/Project/news_data_pipeline/.venv/lib/python3.11/site-packages/airflow/example_dags/example_branch_day_of_week_operator.py took 0.121 seconds
[2024-04-12T20:30:50.590+0800] {processor.py:161} INFO - Started process (PID=9861) to work on /Users/wanghaojin/Desktop/exchange@NUS/IS3107/HW/Project/news_data_pipeline/.venv/lib/python3.11/site-packages/airflow/example_dags/example_branch_day_of_week_operator.py
[2024-04-12T20:30:50.591+0800] {processor.py:830} INFO - Processing file /Users/wanghaojin/Desktop/exchange@NUS/IS3107/HW/Project/news_data_pipeline/.venv/lib/python3.11/site-packages/airflow/example_dags/example_branch_day_of_week_operator.py for tasks to queue
[2024-04-12T20:30:50.591+0800] {logging_mixin.py:188} INFO - [2024-04-12T20:30:50.591+0800] {dagbag.py:538} INFO - Filling up the DagBag from /Users/wanghaojin/Desktop/exchange@NUS/IS3107/HW/Project/news_data_pipeline/.venv/lib/python3.11/site-packages/airflow/example_dags/example_branch_day_of_week_operator.py
[2024-04-12T20:30:50.597+0800] {processor.py:840} INFO - DAG(s) 'example_weekday_branch_operator' retrieved from /Users/wanghaojin/Desktop/exchange@NUS/IS3107/HW/Project/news_data_pipeline/.venv/lib/python3.11/site-packages/airflow/example_dags/example_branch_day_of_week_operator.py
[2024-04-12T20:30:50.717+0800] {logging_mixin.py:188} INFO - [2024-04-12T20:30:50.716+0800] {dag.py:3036} INFO - Sync 1 DAGs
[2024-04-12T20:30:50.726+0800] {logging_mixin.py:188} INFO - [2024-04-12T20:30:50.726+0800] {dag.py:3823} INFO - Setting next_dagrun for example_weekday_branch_operator to 2024-04-11 00:00:00+00:00, run_after=2024-04-12 00:00:00+00:00
[2024-04-12T20:30:50.736+0800] {processor.py:183} INFO - Processing /Users/wanghaojin/Desktop/exchange@NUS/IS3107/HW/Project/news_data_pipeline/.venv/lib/python3.11/site-packages/airflow/example_dags/example_branch_day_of_week_operator.py took 0.146 seconds
[2024-04-12T20:37:38.848+0800] {processor.py:161} INFO - Started process (PID=10592) to work on /Users/wanghaojin/Desktop/exchange@NUS/IS3107/HW/Project/news_data_pipeline/.venv/lib/python3.11/site-packages/airflow/example_dags/example_branch_day_of_week_operator.py
[2024-04-12T20:37:38.850+0800] {processor.py:830} INFO - Processing file /Users/wanghaojin/Desktop/exchange@NUS/IS3107/HW/Project/news_data_pipeline/.venv/lib/python3.11/site-packages/airflow/example_dags/example_branch_day_of_week_operator.py for tasks to queue
[2024-04-12T20:37:38.850+0800] {logging_mixin.py:188} INFO - [2024-04-12T20:37:38.850+0800] {dagbag.py:538} INFO - Filling up the DagBag from /Users/wanghaojin/Desktop/exchange@NUS/IS3107/HW/Project/news_data_pipeline/.venv/lib/python3.11/site-packages/airflow/example_dags/example_branch_day_of_week_operator.py
[2024-04-12T20:37:38.856+0800] {processor.py:840} INFO - DAG(s) 'example_weekday_branch_operator' retrieved from /Users/wanghaojin/Desktop/exchange@NUS/IS3107/HW/Project/news_data_pipeline/.venv/lib/python3.11/site-packages/airflow/example_dags/example_branch_day_of_week_operator.py
[2024-04-12T20:37:38.995+0800] {logging_mixin.py:188} INFO - [2024-04-12T20:37:38.994+0800] {dag.py:3036} INFO - Sync 1 DAGs
[2024-04-12T20:37:39.018+0800] {logging_mixin.py:188} INFO - [2024-04-12T20:37:39.017+0800] {dag.py:3823} INFO - Setting next_dagrun for example_weekday_branch_operator to 2024-04-11 00:00:00+00:00, run_after=2024-04-12 00:00:00+00:00
[2024-04-12T20:37:39.031+0800] {processor.py:183} INFO - Processing /Users/wanghaojin/Desktop/exchange@NUS/IS3107/HW/Project/news_data_pipeline/.venv/lib/python3.11/site-packages/airflow/example_dags/example_branch_day_of_week_operator.py took 0.183 seconds
[2024-04-12T20:39:53.845+0800] {processor.py:161} INFO - Started process (PID=10813) to work on /Users/wanghaojin/Desktop/exchange@NUS/IS3107/HW/Project/news_data_pipeline/.venv/lib/python3.11/site-packages/airflow/example_dags/example_branch_day_of_week_operator.py
[2024-04-12T20:39:53.846+0800] {processor.py:830} INFO - Processing file /Users/wanghaojin/Desktop/exchange@NUS/IS3107/HW/Project/news_data_pipeline/.venv/lib/python3.11/site-packages/airflow/example_dags/example_branch_day_of_week_operator.py for tasks to queue
[2024-04-12T20:39:53.846+0800] {logging_mixin.py:188} INFO - [2024-04-12T20:39:53.846+0800] {dagbag.py:538} INFO - Filling up the DagBag from /Users/wanghaojin/Desktop/exchange@NUS/IS3107/HW/Project/news_data_pipeline/.venv/lib/python3.11/site-packages/airflow/example_dags/example_branch_day_of_week_operator.py
[2024-04-12T20:39:53.852+0800] {processor.py:840} INFO - DAG(s) 'example_weekday_branch_operator' retrieved from /Users/wanghaojin/Desktop/exchange@NUS/IS3107/HW/Project/news_data_pipeline/.venv/lib/python3.11/site-packages/airflow/example_dags/example_branch_day_of_week_operator.py
[2024-04-12T20:39:53.929+0800] {logging_mixin.py:188} INFO - [2024-04-12T20:39:53.929+0800] {dag.py:3036} INFO - Sync 1 DAGs
[2024-04-12T20:39:53.938+0800] {logging_mixin.py:188} INFO - [2024-04-12T20:39:53.938+0800] {dag.py:3823} INFO - Setting next_dagrun for example_weekday_branch_operator to 2024-04-11 00:00:00+00:00, run_after=2024-04-12 00:00:00+00:00
[2024-04-12T20:39:53.948+0800] {processor.py:183} INFO - Processing /Users/wanghaojin/Desktop/exchange@NUS/IS3107/HW/Project/news_data_pipeline/.venv/lib/python3.11/site-packages/airflow/example_dags/example_branch_day_of_week_operator.py took 0.104 seconds
[2024-04-12T20:42:11.232+0800] {processor.py:161} INFO - Started process (PID=11023) to work on /Users/wanghaojin/Desktop/exchange@NUS/IS3107/HW/Project/news_data_pipeline/.venv/lib/python3.11/site-packages/airflow/example_dags/example_branch_day_of_week_operator.py
[2024-04-12T20:42:11.232+0800] {processor.py:830} INFO - Processing file /Users/wanghaojin/Desktop/exchange@NUS/IS3107/HW/Project/news_data_pipeline/.venv/lib/python3.11/site-packages/airflow/example_dags/example_branch_day_of_week_operator.py for tasks to queue
[2024-04-12T20:42:11.233+0800] {logging_mixin.py:188} INFO - [2024-04-12T20:42:11.233+0800] {dagbag.py:538} INFO - Filling up the DagBag from /Users/wanghaojin/Desktop/exchange@NUS/IS3107/HW/Project/news_data_pipeline/.venv/lib/python3.11/site-packages/airflow/example_dags/example_branch_day_of_week_operator.py
[2024-04-12T20:42:11.238+0800] {processor.py:840} INFO - DAG(s) 'example_weekday_branch_operator' retrieved from /Users/wanghaojin/Desktop/exchange@NUS/IS3107/HW/Project/news_data_pipeline/.venv/lib/python3.11/site-packages/airflow/example_dags/example_branch_day_of_week_operator.py
[2024-04-12T20:42:11.316+0800] {logging_mixin.py:188} INFO - [2024-04-12T20:42:11.316+0800] {dag.py:3036} INFO - Sync 1 DAGs
[2024-04-12T20:42:11.326+0800] {logging_mixin.py:188} INFO - [2024-04-12T20:42:11.325+0800] {dag.py:3823} INFO - Setting next_dagrun for example_weekday_branch_operator to 2024-04-11 00:00:00+00:00, run_after=2024-04-12 00:00:00+00:00
[2024-04-12T20:42:11.336+0800] {processor.py:183} INFO - Processing /Users/wanghaojin/Desktop/exchange@NUS/IS3107/HW/Project/news_data_pipeline/.venv/lib/python3.11/site-packages/airflow/example_dags/example_branch_day_of_week_operator.py took 0.105 seconds
