[2024-04-12T19:28:05.014+0800] {processor.py:161} INFO - Started process (PID=3469) to work on /Users/wanghaojin/Desktop/exchange@NUS/IS3107/HW/Project/news_data_pipeline/.venv/lib/python3.11/site-packages/airflow/example_dags/example_branch_python_dop_operator_3.py
[2024-04-12T19:28:05.014+0800] {processor.py:830} INFO - Processing file /Users/wanghaojin/Desktop/exchange@NUS/IS3107/HW/Project/news_data_pipeline/.venv/lib/python3.11/site-packages/airflow/example_dags/example_branch_python_dop_operator_3.py for tasks to queue
[2024-04-12T19:28:05.015+0800] {logging_mixin.py:188} INFO - [2024-04-12T19:28:05.014+0800] {dagbag.py:538} INFO - Filling up the DagBag from /Users/wanghaojin/Desktop/exchange@NUS/IS3107/HW/Project/news_data_pipeline/.venv/lib/python3.11/site-packages/airflow/example_dags/example_branch_python_dop_operator_3.py
[2024-04-12T19:28:05.035+0800] {processor.py:840} INFO - DAG(s) 'example_branch_dop_operator_v3' retrieved from /Users/wanghaojin/Desktop/exchange@NUS/IS3107/HW/Project/news_data_pipeline/.venv/lib/python3.11/site-packages/airflow/example_dags/example_branch_python_dop_operator_3.py
[2024-04-12T19:28:05.114+0800] {logging_mixin.py:188} INFO - [2024-04-12T19:28:05.114+0800] {dag.py:3036} INFO - Sync 1 DAGs
[2024-04-12T19:28:05.127+0800] {logging_mixin.py:188} INFO - [2024-04-12T19:28:05.127+0800] {dag.py:3823} INFO - Setting next_dagrun for example_branch_dop_operator_v3 to 2024-04-12 11:27:00+00:00, run_after=2024-04-12 11:28:00+00:00
[2024-04-12T19:28:05.138+0800] {processor.py:183} INFO - Processing /Users/wanghaojin/Desktop/exchange@NUS/IS3107/HW/Project/news_data_pipeline/.venv/lib/python3.11/site-packages/airflow/example_dags/example_branch_python_dop_operator_3.py took 0.125 seconds
[2024-04-12T19:31:02.405+0800] {processor.py:161} INFO - Started process (PID=4206) to work on /Users/wanghaojin/Desktop/exchange@NUS/IS3107/HW/Project/news_data_pipeline/.venv/lib/python3.11/site-packages/airflow/example_dags/example_branch_python_dop_operator_3.py
[2024-04-12T19:31:02.406+0800] {processor.py:830} INFO - Processing file /Users/wanghaojin/Desktop/exchange@NUS/IS3107/HW/Project/news_data_pipeline/.venv/lib/python3.11/site-packages/airflow/example_dags/example_branch_python_dop_operator_3.py for tasks to queue
[2024-04-12T19:31:02.407+0800] {logging_mixin.py:188} INFO - [2024-04-12T19:31:02.407+0800] {dagbag.py:538} INFO - Filling up the DagBag from /Users/wanghaojin/Desktop/exchange@NUS/IS3107/HW/Project/news_data_pipeline/.venv/lib/python3.11/site-packages/airflow/example_dags/example_branch_python_dop_operator_3.py
[2024-04-12T19:31:02.428+0800] {processor.py:840} INFO - DAG(s) 'example_branch_dop_operator_v3' retrieved from /Users/wanghaojin/Desktop/exchange@NUS/IS3107/HW/Project/news_data_pipeline/.venv/lib/python3.11/site-packages/airflow/example_dags/example_branch_python_dop_operator_3.py
[2024-04-12T19:31:02.552+0800] {logging_mixin.py:188} INFO - [2024-04-12T19:31:02.552+0800] {dag.py:3036} INFO - Sync 1 DAGs
[2024-04-12T19:31:02.562+0800] {logging_mixin.py:188} INFO - [2024-04-12T19:31:02.562+0800] {dag.py:3823} INFO - Setting next_dagrun for example_branch_dop_operator_v3 to 2024-04-12 11:30:00+00:00, run_after=2024-04-12 11:31:00+00:00
[2024-04-12T19:31:02.574+0800] {processor.py:183} INFO - Processing /Users/wanghaojin/Desktop/exchange@NUS/IS3107/HW/Project/news_data_pipeline/.venv/lib/python3.11/site-packages/airflow/example_dags/example_branch_python_dop_operator_3.py took 0.169 seconds
[2024-04-12T19:32:50.312+0800] {processor.py:161} INFO - Started process (PID=4415) to work on /Users/wanghaojin/Desktop/exchange@NUS/IS3107/HW/Project/news_data_pipeline/.venv/lib/python3.11/site-packages/airflow/example_dags/example_branch_python_dop_operator_3.py
[2024-04-12T19:32:50.312+0800] {processor.py:830} INFO - Processing file /Users/wanghaojin/Desktop/exchange@NUS/IS3107/HW/Project/news_data_pipeline/.venv/lib/python3.11/site-packages/airflow/example_dags/example_branch_python_dop_operator_3.py for tasks to queue
[2024-04-12T19:32:50.313+0800] {logging_mixin.py:188} INFO - [2024-04-12T19:32:50.313+0800] {dagbag.py:538} INFO - Filling up the DagBag from /Users/wanghaojin/Desktop/exchange@NUS/IS3107/HW/Project/news_data_pipeline/.venv/lib/python3.11/site-packages/airflow/example_dags/example_branch_python_dop_operator_3.py
[2024-04-12T19:32:50.333+0800] {processor.py:840} INFO - DAG(s) 'example_branch_dop_operator_v3' retrieved from /Users/wanghaojin/Desktop/exchange@NUS/IS3107/HW/Project/news_data_pipeline/.venv/lib/python3.11/site-packages/airflow/example_dags/example_branch_python_dop_operator_3.py
[2024-04-12T19:32:50.453+0800] {logging_mixin.py:188} INFO - [2024-04-12T19:32:50.452+0800] {dag.py:3036} INFO - Sync 1 DAGs
[2024-04-12T19:32:50.463+0800] {logging_mixin.py:188} INFO - [2024-04-12T19:32:50.463+0800] {dag.py:3823} INFO - Setting next_dagrun for example_branch_dop_operator_v3 to 2024-04-12 11:31:00+00:00, run_after=2024-04-12 11:32:00+00:00
[2024-04-12T19:32:50.474+0800] {processor.py:183} INFO - Processing /Users/wanghaojin/Desktop/exchange@NUS/IS3107/HW/Project/news_data_pipeline/.venv/lib/python3.11/site-packages/airflow/example_dags/example_branch_python_dop_operator_3.py took 0.163 seconds
[2024-04-12T19:35:07.201+0800] {processor.py:161} INFO - Started process (PID=4618) to work on /Users/wanghaojin/Desktop/exchange@NUS/IS3107/HW/Project/news_data_pipeline/.venv/lib/python3.11/site-packages/airflow/example_dags/example_branch_python_dop_operator_3.py
[2024-04-12T19:35:07.201+0800] {processor.py:830} INFO - Processing file /Users/wanghaojin/Desktop/exchange@NUS/IS3107/HW/Project/news_data_pipeline/.venv/lib/python3.11/site-packages/airflow/example_dags/example_branch_python_dop_operator_3.py for tasks to queue
[2024-04-12T19:35:07.202+0800] {logging_mixin.py:188} INFO - [2024-04-12T19:35:07.202+0800] {dagbag.py:538} INFO - Filling up the DagBag from /Users/wanghaojin/Desktop/exchange@NUS/IS3107/HW/Project/news_data_pipeline/.venv/lib/python3.11/site-packages/airflow/example_dags/example_branch_python_dop_operator_3.py
[2024-04-12T19:35:07.222+0800] {processor.py:840} INFO - DAG(s) 'example_branch_dop_operator_v3' retrieved from /Users/wanghaojin/Desktop/exchange@NUS/IS3107/HW/Project/news_data_pipeline/.venv/lib/python3.11/site-packages/airflow/example_dags/example_branch_python_dop_operator_3.py
[2024-04-12T19:35:07.298+0800] {logging_mixin.py:188} INFO - [2024-04-12T19:35:07.297+0800] {dag.py:3036} INFO - Sync 1 DAGs
[2024-04-12T19:35:07.309+0800] {logging_mixin.py:188} INFO - [2024-04-12T19:35:07.309+0800] {dag.py:3823} INFO - Setting next_dagrun for example_branch_dop_operator_v3 to 2024-04-12 11:34:00+00:00, run_after=2024-04-12 11:35:00+00:00
[2024-04-12T19:35:07.320+0800] {processor.py:183} INFO - Processing /Users/wanghaojin/Desktop/exchange@NUS/IS3107/HW/Project/news_data_pipeline/.venv/lib/python3.11/site-packages/airflow/example_dags/example_branch_python_dop_operator_3.py took 0.119 seconds
[2024-04-12T19:37:24.242+0800] {processor.py:161} INFO - Started process (PID=4839) to work on /Users/wanghaojin/Desktop/exchange@NUS/IS3107/HW/Project/news_data_pipeline/.venv/lib/python3.11/site-packages/airflow/example_dags/example_branch_python_dop_operator_3.py
[2024-04-12T19:37:24.242+0800] {processor.py:830} INFO - Processing file /Users/wanghaojin/Desktop/exchange@NUS/IS3107/HW/Project/news_data_pipeline/.venv/lib/python3.11/site-packages/airflow/example_dags/example_branch_python_dop_operator_3.py for tasks to queue
[2024-04-12T19:37:24.243+0800] {logging_mixin.py:188} INFO - [2024-04-12T19:37:24.243+0800] {dagbag.py:538} INFO - Filling up the DagBag from /Users/wanghaojin/Desktop/exchange@NUS/IS3107/HW/Project/news_data_pipeline/.venv/lib/python3.11/site-packages/airflow/example_dags/example_branch_python_dop_operator_3.py
[2024-04-12T19:37:24.263+0800] {processor.py:840} INFO - DAG(s) 'example_branch_dop_operator_v3' retrieved from /Users/wanghaojin/Desktop/exchange@NUS/IS3107/HW/Project/news_data_pipeline/.venv/lib/python3.11/site-packages/airflow/example_dags/example_branch_python_dop_operator_3.py
[2024-04-12T19:37:24.338+0800] {logging_mixin.py:188} INFO - [2024-04-12T19:37:24.338+0800] {dag.py:3036} INFO - Sync 1 DAGs
[2024-04-12T19:37:24.349+0800] {logging_mixin.py:188} INFO - [2024-04-12T19:37:24.349+0800] {dag.py:3823} INFO - Setting next_dagrun for example_branch_dop_operator_v3 to 2024-04-12 11:36:00+00:00, run_after=2024-04-12 11:37:00+00:00
[2024-04-12T19:37:24.360+0800] {processor.py:183} INFO - Processing /Users/wanghaojin/Desktop/exchange@NUS/IS3107/HW/Project/news_data_pipeline/.venv/lib/python3.11/site-packages/airflow/example_dags/example_branch_python_dop_operator_3.py took 0.118 seconds
[2024-04-12T19:39:37.909+0800] {processor.py:161} INFO - Started process (PID=5050) to work on /Users/wanghaojin/Desktop/exchange@NUS/IS3107/HW/Project/news_data_pipeline/.venv/lib/python3.11/site-packages/airflow/example_dags/example_branch_python_dop_operator_3.py
[2024-04-12T19:39:37.910+0800] {processor.py:830} INFO - Processing file /Users/wanghaojin/Desktop/exchange@NUS/IS3107/HW/Project/news_data_pipeline/.venv/lib/python3.11/site-packages/airflow/example_dags/example_branch_python_dop_operator_3.py for tasks to queue
[2024-04-12T19:39:37.910+0800] {logging_mixin.py:188} INFO - [2024-04-12T19:39:37.910+0800] {dagbag.py:538} INFO - Filling up the DagBag from /Users/wanghaojin/Desktop/exchange@NUS/IS3107/HW/Project/news_data_pipeline/.venv/lib/python3.11/site-packages/airflow/example_dags/example_branch_python_dop_operator_3.py
[2024-04-12T19:39:37.931+0800] {processor.py:840} INFO - DAG(s) 'example_branch_dop_operator_v3' retrieved from /Users/wanghaojin/Desktop/exchange@NUS/IS3107/HW/Project/news_data_pipeline/.venv/lib/python3.11/site-packages/airflow/example_dags/example_branch_python_dop_operator_3.py
[2024-04-12T19:39:38.032+0800] {logging_mixin.py:188} INFO - [2024-04-12T19:39:38.031+0800] {dag.py:3036} INFO - Sync 1 DAGs
[2024-04-12T19:39:38.043+0800] {logging_mixin.py:188} INFO - [2024-04-12T19:39:38.043+0800] {dag.py:3823} INFO - Setting next_dagrun for example_branch_dop_operator_v3 to 2024-04-12 11:38:00+00:00, run_after=2024-04-12 11:39:00+00:00
[2024-04-12T19:39:38.053+0800] {processor.py:183} INFO - Processing /Users/wanghaojin/Desktop/exchange@NUS/IS3107/HW/Project/news_data_pipeline/.venv/lib/python3.11/site-packages/airflow/example_dags/example_branch_python_dop_operator_3.py took 0.145 seconds
[2024-04-12T19:41:53.018+0800] {processor.py:161} INFO - Started process (PID=5262) to work on /Users/wanghaojin/Desktop/exchange@NUS/IS3107/HW/Project/news_data_pipeline/.venv/lib/python3.11/site-packages/airflow/example_dags/example_branch_python_dop_operator_3.py
[2024-04-12T19:41:53.019+0800] {processor.py:830} INFO - Processing file /Users/wanghaojin/Desktop/exchange@NUS/IS3107/HW/Project/news_data_pipeline/.venv/lib/python3.11/site-packages/airflow/example_dags/example_branch_python_dop_operator_3.py for tasks to queue
[2024-04-12T19:41:53.019+0800] {logging_mixin.py:188} INFO - [2024-04-12T19:41:53.019+0800] {dagbag.py:538} INFO - Filling up the DagBag from /Users/wanghaojin/Desktop/exchange@NUS/IS3107/HW/Project/news_data_pipeline/.venv/lib/python3.11/site-packages/airflow/example_dags/example_branch_python_dop_operator_3.py
[2024-04-12T19:41:53.039+0800] {processor.py:840} INFO - DAG(s) 'example_branch_dop_operator_v3' retrieved from /Users/wanghaojin/Desktop/exchange@NUS/IS3107/HW/Project/news_data_pipeline/.venv/lib/python3.11/site-packages/airflow/example_dags/example_branch_python_dop_operator_3.py
[2024-04-12T19:41:53.115+0800] {logging_mixin.py:188} INFO - [2024-04-12T19:41:53.115+0800] {dag.py:3036} INFO - Sync 1 DAGs
[2024-04-12T19:41:53.126+0800] {logging_mixin.py:188} INFO - [2024-04-12T19:41:53.126+0800] {dag.py:3823} INFO - Setting next_dagrun for example_branch_dop_operator_v3 to 2024-04-12 11:40:00+00:00, run_after=2024-04-12 11:41:00+00:00
[2024-04-12T19:41:53.137+0800] {processor.py:183} INFO - Processing /Users/wanghaojin/Desktop/exchange@NUS/IS3107/HW/Project/news_data_pipeline/.venv/lib/python3.11/site-packages/airflow/example_dags/example_branch_python_dop_operator_3.py took 0.119 seconds
[2024-04-12T19:44:08.264+0800] {processor.py:161} INFO - Started process (PID=5474) to work on /Users/wanghaojin/Desktop/exchange@NUS/IS3107/HW/Project/news_data_pipeline/.venv/lib/python3.11/site-packages/airflow/example_dags/example_branch_python_dop_operator_3.py
[2024-04-12T19:44:08.265+0800] {processor.py:830} INFO - Processing file /Users/wanghaojin/Desktop/exchange@NUS/IS3107/HW/Project/news_data_pipeline/.venv/lib/python3.11/site-packages/airflow/example_dags/example_branch_python_dop_operator_3.py for tasks to queue
[2024-04-12T19:44:08.265+0800] {logging_mixin.py:188} INFO - [2024-04-12T19:44:08.265+0800] {dagbag.py:538} INFO - Filling up the DagBag from /Users/wanghaojin/Desktop/exchange@NUS/IS3107/HW/Project/news_data_pipeline/.venv/lib/python3.11/site-packages/airflow/example_dags/example_branch_python_dop_operator_3.py
[2024-04-12T19:44:08.286+0800] {processor.py:840} INFO - DAG(s) 'example_branch_dop_operator_v3' retrieved from /Users/wanghaojin/Desktop/exchange@NUS/IS3107/HW/Project/news_data_pipeline/.venv/lib/python3.11/site-packages/airflow/example_dags/example_branch_python_dop_operator_3.py
[2024-04-12T19:44:08.362+0800] {logging_mixin.py:188} INFO - [2024-04-12T19:44:08.362+0800] {dag.py:3036} INFO - Sync 1 DAGs
[2024-04-12T19:44:08.373+0800] {logging_mixin.py:188} INFO - [2024-04-12T19:44:08.373+0800] {dag.py:3823} INFO - Setting next_dagrun for example_branch_dop_operator_v3 to 2024-04-12 11:43:00+00:00, run_after=2024-04-12 11:44:00+00:00
[2024-04-12T19:44:08.384+0800] {processor.py:183} INFO - Processing /Users/wanghaojin/Desktop/exchange@NUS/IS3107/HW/Project/news_data_pipeline/.venv/lib/python3.11/site-packages/airflow/example_dags/example_branch_python_dop_operator_3.py took 0.120 seconds
[2024-04-12T19:46:24.609+0800] {processor.py:161} INFO - Started process (PID=5667) to work on /Users/wanghaojin/Desktop/exchange@NUS/IS3107/HW/Project/news_data_pipeline/.venv/lib/python3.11/site-packages/airflow/example_dags/example_branch_python_dop_operator_3.py
[2024-04-12T19:46:24.611+0800] {processor.py:830} INFO - Processing file /Users/wanghaojin/Desktop/exchange@NUS/IS3107/HW/Project/news_data_pipeline/.venv/lib/python3.11/site-packages/airflow/example_dags/example_branch_python_dop_operator_3.py for tasks to queue
[2024-04-12T19:46:24.611+0800] {logging_mixin.py:188} INFO - [2024-04-12T19:46:24.611+0800] {dagbag.py:538} INFO - Filling up the DagBag from /Users/wanghaojin/Desktop/exchange@NUS/IS3107/HW/Project/news_data_pipeline/.venv/lib/python3.11/site-packages/airflow/example_dags/example_branch_python_dop_operator_3.py
[2024-04-12T19:46:24.631+0800] {processor.py:840} INFO - DAG(s) 'example_branch_dop_operator_v3' retrieved from /Users/wanghaojin/Desktop/exchange@NUS/IS3107/HW/Project/news_data_pipeline/.venv/lib/python3.11/site-packages/airflow/example_dags/example_branch_python_dop_operator_3.py
[2024-04-12T19:46:24.706+0800] {logging_mixin.py:188} INFO - [2024-04-12T19:46:24.706+0800] {dag.py:3036} INFO - Sync 1 DAGs
[2024-04-12T19:46:24.718+0800] {logging_mixin.py:188} INFO - [2024-04-12T19:46:24.717+0800] {dag.py:3823} INFO - Setting next_dagrun for example_branch_dop_operator_v3 to 2024-04-12 11:45:00+00:00, run_after=2024-04-12 11:46:00+00:00
[2024-04-12T19:46:24.728+0800] {processor.py:183} INFO - Processing /Users/wanghaojin/Desktop/exchange@NUS/IS3107/HW/Project/news_data_pipeline/.venv/lib/python3.11/site-packages/airflow/example_dags/example_branch_python_dop_operator_3.py took 0.119 seconds
[2024-04-12T19:48:40.845+0800] {processor.py:161} INFO - Started process (PID=5871) to work on /Users/wanghaojin/Desktop/exchange@NUS/IS3107/HW/Project/news_data_pipeline/.venv/lib/python3.11/site-packages/airflow/example_dags/example_branch_python_dop_operator_3.py
[2024-04-12T19:48:40.845+0800] {processor.py:830} INFO - Processing file /Users/wanghaojin/Desktop/exchange@NUS/IS3107/HW/Project/news_data_pipeline/.venv/lib/python3.11/site-packages/airflow/example_dags/example_branch_python_dop_operator_3.py for tasks to queue
[2024-04-12T19:48:40.846+0800] {logging_mixin.py:188} INFO - [2024-04-12T19:48:40.846+0800] {dagbag.py:538} INFO - Filling up the DagBag from /Users/wanghaojin/Desktop/exchange@NUS/IS3107/HW/Project/news_data_pipeline/.venv/lib/python3.11/site-packages/airflow/example_dags/example_branch_python_dop_operator_3.py
[2024-04-12T19:48:40.866+0800] {processor.py:840} INFO - DAG(s) 'example_branch_dop_operator_v3' retrieved from /Users/wanghaojin/Desktop/exchange@NUS/IS3107/HW/Project/news_data_pipeline/.venv/lib/python3.11/site-packages/airflow/example_dags/example_branch_python_dop_operator_3.py
[2024-04-12T19:48:40.942+0800] {logging_mixin.py:188} INFO - [2024-04-12T19:48:40.942+0800] {dag.py:3036} INFO - Sync 1 DAGs
[2024-04-12T19:48:40.954+0800] {logging_mixin.py:188} INFO - [2024-04-12T19:48:40.953+0800] {dag.py:3823} INFO - Setting next_dagrun for example_branch_dop_operator_v3 to 2024-04-12 11:47:00+00:00, run_after=2024-04-12 11:48:00+00:00
[2024-04-12T19:48:40.964+0800] {processor.py:183} INFO - Processing /Users/wanghaojin/Desktop/exchange@NUS/IS3107/HW/Project/news_data_pipeline/.venv/lib/python3.11/site-packages/airflow/example_dags/example_branch_python_dop_operator_3.py took 0.120 seconds
[2024-04-12T19:50:57.393+0800] {processor.py:161} INFO - Started process (PID=6063) to work on /Users/wanghaojin/Desktop/exchange@NUS/IS3107/HW/Project/news_data_pipeline/.venv/lib/python3.11/site-packages/airflow/example_dags/example_branch_python_dop_operator_3.py
[2024-04-12T19:50:57.393+0800] {processor.py:830} INFO - Processing file /Users/wanghaojin/Desktop/exchange@NUS/IS3107/HW/Project/news_data_pipeline/.venv/lib/python3.11/site-packages/airflow/example_dags/example_branch_python_dop_operator_3.py for tasks to queue
[2024-04-12T19:50:57.393+0800] {logging_mixin.py:188} INFO - [2024-04-12T19:50:57.393+0800] {dagbag.py:538} INFO - Filling up the DagBag from /Users/wanghaojin/Desktop/exchange@NUS/IS3107/HW/Project/news_data_pipeline/.venv/lib/python3.11/site-packages/airflow/example_dags/example_branch_python_dop_operator_3.py
[2024-04-12T19:50:57.414+0800] {processor.py:840} INFO - DAG(s) 'example_branch_dop_operator_v3' retrieved from /Users/wanghaojin/Desktop/exchange@NUS/IS3107/HW/Project/news_data_pipeline/.venv/lib/python3.11/site-packages/airflow/example_dags/example_branch_python_dop_operator_3.py
[2024-04-12T19:50:57.491+0800] {logging_mixin.py:188} INFO - [2024-04-12T19:50:57.491+0800] {dag.py:3036} INFO - Sync 1 DAGs
[2024-04-12T19:50:57.502+0800] {logging_mixin.py:188} INFO - [2024-04-12T19:50:57.502+0800] {dag.py:3823} INFO - Setting next_dagrun for example_branch_dop_operator_v3 to 2024-04-12 11:49:00+00:00, run_after=2024-04-12 11:50:00+00:00
[2024-04-12T19:50:57.513+0800] {processor.py:183} INFO - Processing /Users/wanghaojin/Desktop/exchange@NUS/IS3107/HW/Project/news_data_pipeline/.venv/lib/python3.11/site-packages/airflow/example_dags/example_branch_python_dop_operator_3.py took 0.121 seconds
[2024-04-12T19:53:10.612+0800] {processor.py:161} INFO - Started process (PID=6237) to work on /Users/wanghaojin/Desktop/exchange@NUS/IS3107/HW/Project/news_data_pipeline/.venv/lib/python3.11/site-packages/airflow/example_dags/example_branch_python_dop_operator_3.py
[2024-04-12T19:53:10.612+0800] {processor.py:830} INFO - Processing file /Users/wanghaojin/Desktop/exchange@NUS/IS3107/HW/Project/news_data_pipeline/.venv/lib/python3.11/site-packages/airflow/example_dags/example_branch_python_dop_operator_3.py for tasks to queue
[2024-04-12T19:53:10.613+0800] {logging_mixin.py:188} INFO - [2024-04-12T19:53:10.613+0800] {dagbag.py:538} INFO - Filling up the DagBag from /Users/wanghaojin/Desktop/exchange@NUS/IS3107/HW/Project/news_data_pipeline/.venv/lib/python3.11/site-packages/airflow/example_dags/example_branch_python_dop_operator_3.py
[2024-04-12T19:53:10.633+0800] {processor.py:840} INFO - DAG(s) 'example_branch_dop_operator_v3' retrieved from /Users/wanghaojin/Desktop/exchange@NUS/IS3107/HW/Project/news_data_pipeline/.venv/lib/python3.11/site-packages/airflow/example_dags/example_branch_python_dop_operator_3.py
[2024-04-12T19:53:10.709+0800] {logging_mixin.py:188} INFO - [2024-04-12T19:53:10.709+0800] {dag.py:3036} INFO - Sync 1 DAGs
[2024-04-12T19:53:10.720+0800] {logging_mixin.py:188} INFO - [2024-04-12T19:53:10.720+0800] {dag.py:3823} INFO - Setting next_dagrun for example_branch_dop_operator_v3 to 2024-04-12 11:52:00+00:00, run_after=2024-04-12 11:53:00+00:00
[2024-04-12T19:53:10.730+0800] {processor.py:183} INFO - Processing /Users/wanghaojin/Desktop/exchange@NUS/IS3107/HW/Project/news_data_pipeline/.venv/lib/python3.11/site-packages/airflow/example_dags/example_branch_python_dop_operator_3.py took 0.119 seconds
[2024-04-12T19:55:27.951+0800] {processor.py:161} INFO - Started process (PID=6407) to work on /Users/wanghaojin/Desktop/exchange@NUS/IS3107/HW/Project/news_data_pipeline/.venv/lib/python3.11/site-packages/airflow/example_dags/example_branch_python_dop_operator_3.py
[2024-04-12T19:55:27.952+0800] {processor.py:830} INFO - Processing file /Users/wanghaojin/Desktop/exchange@NUS/IS3107/HW/Project/news_data_pipeline/.venv/lib/python3.11/site-packages/airflow/example_dags/example_branch_python_dop_operator_3.py for tasks to queue
[2024-04-12T19:55:27.952+0800] {logging_mixin.py:188} INFO - [2024-04-12T19:55:27.952+0800] {dagbag.py:538} INFO - Filling up the DagBag from /Users/wanghaojin/Desktop/exchange@NUS/IS3107/HW/Project/news_data_pipeline/.venv/lib/python3.11/site-packages/airflow/example_dags/example_branch_python_dop_operator_3.py
[2024-04-12T19:55:27.973+0800] {processor.py:840} INFO - DAG(s) 'example_branch_dop_operator_v3' retrieved from /Users/wanghaojin/Desktop/exchange@NUS/IS3107/HW/Project/news_data_pipeline/.venv/lib/python3.11/site-packages/airflow/example_dags/example_branch_python_dop_operator_3.py
[2024-04-12T19:55:28.052+0800] {logging_mixin.py:188} INFO - [2024-04-12T19:55:28.052+0800] {dag.py:3036} INFO - Sync 1 DAGs
[2024-04-12T19:55:28.064+0800] {logging_mixin.py:188} INFO - [2024-04-12T19:55:28.064+0800] {dag.py:3823} INFO - Setting next_dagrun for example_branch_dop_operator_v3 to 2024-04-12 11:54:00+00:00, run_after=2024-04-12 11:55:00+00:00
[2024-04-12T19:55:28.074+0800] {processor.py:183} INFO - Processing /Users/wanghaojin/Desktop/exchange@NUS/IS3107/HW/Project/news_data_pipeline/.venv/lib/python3.11/site-packages/airflow/example_dags/example_branch_python_dop_operator_3.py took 0.124 seconds
[2024-04-12T19:57:40.876+0800] {processor.py:161} INFO - Started process (PID=6537) to work on /Users/wanghaojin/Desktop/exchange@NUS/IS3107/HW/Project/news_data_pipeline/.venv/lib/python3.11/site-packages/airflow/example_dags/example_branch_python_dop_operator_3.py
[2024-04-12T19:57:40.877+0800] {processor.py:830} INFO - Processing file /Users/wanghaojin/Desktop/exchange@NUS/IS3107/HW/Project/news_data_pipeline/.venv/lib/python3.11/site-packages/airflow/example_dags/example_branch_python_dop_operator_3.py for tasks to queue
[2024-04-12T19:57:40.877+0800] {logging_mixin.py:188} INFO - [2024-04-12T19:57:40.877+0800] {dagbag.py:538} INFO - Filling up the DagBag from /Users/wanghaojin/Desktop/exchange@NUS/IS3107/HW/Project/news_data_pipeline/.venv/lib/python3.11/site-packages/airflow/example_dags/example_branch_python_dop_operator_3.py
[2024-04-12T19:57:40.898+0800] {processor.py:840} INFO - DAG(s) 'example_branch_dop_operator_v3' retrieved from /Users/wanghaojin/Desktop/exchange@NUS/IS3107/HW/Project/news_data_pipeline/.venv/lib/python3.11/site-packages/airflow/example_dags/example_branch_python_dop_operator_3.py
[2024-04-12T19:57:40.974+0800] {logging_mixin.py:188} INFO - [2024-04-12T19:57:40.974+0800] {dag.py:3036} INFO - Sync 1 DAGs
[2024-04-12T19:57:40.985+0800] {logging_mixin.py:188} INFO - [2024-04-12T19:57:40.985+0800] {dag.py:3823} INFO - Setting next_dagrun for example_branch_dop_operator_v3 to 2024-04-12 11:56:00+00:00, run_after=2024-04-12 11:57:00+00:00
[2024-04-12T19:57:40.996+0800] {processor.py:183} INFO - Processing /Users/wanghaojin/Desktop/exchange@NUS/IS3107/HW/Project/news_data_pipeline/.venv/lib/python3.11/site-packages/airflow/example_dags/example_branch_python_dop_operator_3.py took 0.120 seconds
[2024-04-12T19:59:53.793+0800] {processor.py:161} INFO - Started process (PID=6683) to work on /Users/wanghaojin/Desktop/exchange@NUS/IS3107/HW/Project/news_data_pipeline/.venv/lib/python3.11/site-packages/airflow/example_dags/example_branch_python_dop_operator_3.py
[2024-04-12T19:59:53.793+0800] {processor.py:830} INFO - Processing file /Users/wanghaojin/Desktop/exchange@NUS/IS3107/HW/Project/news_data_pipeline/.venv/lib/python3.11/site-packages/airflow/example_dags/example_branch_python_dop_operator_3.py for tasks to queue
[2024-04-12T19:59:53.793+0800] {logging_mixin.py:188} INFO - [2024-04-12T19:59:53.793+0800] {dagbag.py:538} INFO - Filling up the DagBag from /Users/wanghaojin/Desktop/exchange@NUS/IS3107/HW/Project/news_data_pipeline/.venv/lib/python3.11/site-packages/airflow/example_dags/example_branch_python_dop_operator_3.py
[2024-04-12T19:59:53.814+0800] {processor.py:840} INFO - DAG(s) 'example_branch_dop_operator_v3' retrieved from /Users/wanghaojin/Desktop/exchange@NUS/IS3107/HW/Project/news_data_pipeline/.venv/lib/python3.11/site-packages/airflow/example_dags/example_branch_python_dop_operator_3.py
[2024-04-12T19:59:53.890+0800] {logging_mixin.py:188} INFO - [2024-04-12T19:59:53.889+0800] {dag.py:3036} INFO - Sync 1 DAGs
[2024-04-12T19:59:53.901+0800] {logging_mixin.py:188} INFO - [2024-04-12T19:59:53.901+0800] {dag.py:3823} INFO - Setting next_dagrun for example_branch_dop_operator_v3 to 2024-04-12 11:58:00+00:00, run_after=2024-04-12 11:59:00+00:00
[2024-04-12T19:59:53.911+0800] {processor.py:183} INFO - Processing /Users/wanghaojin/Desktop/exchange@NUS/IS3107/HW/Project/news_data_pipeline/.venv/lib/python3.11/site-packages/airflow/example_dags/example_branch_python_dop_operator_3.py took 0.119 seconds
[2024-04-12T20:02:10.865+0800] {processor.py:161} INFO - Started process (PID=6860) to work on /Users/wanghaojin/Desktop/exchange@NUS/IS3107/HW/Project/news_data_pipeline/.venv/lib/python3.11/site-packages/airflow/example_dags/example_branch_python_dop_operator_3.py
[2024-04-12T20:02:10.866+0800] {processor.py:830} INFO - Processing file /Users/wanghaojin/Desktop/exchange@NUS/IS3107/HW/Project/news_data_pipeline/.venv/lib/python3.11/site-packages/airflow/example_dags/example_branch_python_dop_operator_3.py for tasks to queue
[2024-04-12T20:02:10.866+0800] {logging_mixin.py:188} INFO - [2024-04-12T20:02:10.866+0800] {dagbag.py:538} INFO - Filling up the DagBag from /Users/wanghaojin/Desktop/exchange@NUS/IS3107/HW/Project/news_data_pipeline/.venv/lib/python3.11/site-packages/airflow/example_dags/example_branch_python_dop_operator_3.py
[2024-04-12T20:02:10.886+0800] {processor.py:840} INFO - DAG(s) 'example_branch_dop_operator_v3' retrieved from /Users/wanghaojin/Desktop/exchange@NUS/IS3107/HW/Project/news_data_pipeline/.venv/lib/python3.11/site-packages/airflow/example_dags/example_branch_python_dop_operator_3.py
[2024-04-12T20:02:10.962+0800] {logging_mixin.py:188} INFO - [2024-04-12T20:02:10.962+0800] {dag.py:3036} INFO - Sync 1 DAGs
[2024-04-12T20:02:10.973+0800] {logging_mixin.py:188} INFO - [2024-04-12T20:02:10.973+0800] {dag.py:3823} INFO - Setting next_dagrun for example_branch_dop_operator_v3 to 2024-04-12 12:01:00+00:00, run_after=2024-04-12 12:02:00+00:00
[2024-04-12T20:02:10.983+0800] {processor.py:183} INFO - Processing /Users/wanghaojin/Desktop/exchange@NUS/IS3107/HW/Project/news_data_pipeline/.venv/lib/python3.11/site-packages/airflow/example_dags/example_branch_python_dop_operator_3.py took 0.119 seconds
[2024-04-12T20:04:32.135+0800] {processor.py:161} INFO - Started process (PID=7175) to work on /Users/wanghaojin/Desktop/exchange@NUS/IS3107/HW/Project/news_data_pipeline/.venv/lib/python3.11/site-packages/airflow/example_dags/example_branch_python_dop_operator_3.py
[2024-04-12T20:04:32.137+0800] {processor.py:830} INFO - Processing file /Users/wanghaojin/Desktop/exchange@NUS/IS3107/HW/Project/news_data_pipeline/.venv/lib/python3.11/site-packages/airflow/example_dags/example_branch_python_dop_operator_3.py for tasks to queue
[2024-04-12T20:04:32.137+0800] {logging_mixin.py:188} INFO - [2024-04-12T20:04:32.137+0800] {dagbag.py:538} INFO - Filling up the DagBag from /Users/wanghaojin/Desktop/exchange@NUS/IS3107/HW/Project/news_data_pipeline/.venv/lib/python3.11/site-packages/airflow/example_dags/example_branch_python_dop_operator_3.py
[2024-04-12T20:04:32.157+0800] {processor.py:840} INFO - DAG(s) 'example_branch_dop_operator_v3' retrieved from /Users/wanghaojin/Desktop/exchange@NUS/IS3107/HW/Project/news_data_pipeline/.venv/lib/python3.11/site-packages/airflow/example_dags/example_branch_python_dop_operator_3.py
[2024-04-12T20:04:32.237+0800] {logging_mixin.py:188} INFO - [2024-04-12T20:04:32.237+0800] {dag.py:3036} INFO - Sync 1 DAGs
[2024-04-12T20:04:32.248+0800] {logging_mixin.py:188} INFO - [2024-04-12T20:04:32.248+0800] {dag.py:3823} INFO - Setting next_dagrun for example_branch_dop_operator_v3 to 2024-04-12 12:03:00+00:00, run_after=2024-04-12 12:04:00+00:00
[2024-04-12T20:04:32.258+0800] {processor.py:183} INFO - Processing /Users/wanghaojin/Desktop/exchange@NUS/IS3107/HW/Project/news_data_pipeline/.venv/lib/python3.11/site-packages/airflow/example_dags/example_branch_python_dop_operator_3.py took 0.124 seconds
[2024-04-12T20:06:48.757+0800] {processor.py:161} INFO - Started process (PID=7396) to work on /Users/wanghaojin/Desktop/exchange@NUS/IS3107/HW/Project/news_data_pipeline/.venv/lib/python3.11/site-packages/airflow/example_dags/example_branch_python_dop_operator_3.py
[2024-04-12T20:06:48.757+0800] {processor.py:830} INFO - Processing file /Users/wanghaojin/Desktop/exchange@NUS/IS3107/HW/Project/news_data_pipeline/.venv/lib/python3.11/site-packages/airflow/example_dags/example_branch_python_dop_operator_3.py for tasks to queue
[2024-04-12T20:06:48.758+0800] {logging_mixin.py:188} INFO - [2024-04-12T20:06:48.758+0800] {dagbag.py:538} INFO - Filling up the DagBag from /Users/wanghaojin/Desktop/exchange@NUS/IS3107/HW/Project/news_data_pipeline/.venv/lib/python3.11/site-packages/airflow/example_dags/example_branch_python_dop_operator_3.py
[2024-04-12T20:06:48.778+0800] {processor.py:840} INFO - DAG(s) 'example_branch_dop_operator_v3' retrieved from /Users/wanghaojin/Desktop/exchange@NUS/IS3107/HW/Project/news_data_pipeline/.venv/lib/python3.11/site-packages/airflow/example_dags/example_branch_python_dop_operator_3.py
[2024-04-12T20:06:48.854+0800] {logging_mixin.py:188} INFO - [2024-04-12T20:06:48.853+0800] {dag.py:3036} INFO - Sync 1 DAGs
[2024-04-12T20:06:48.865+0800] {logging_mixin.py:188} INFO - [2024-04-12T20:06:48.865+0800] {dag.py:3823} INFO - Setting next_dagrun for example_branch_dop_operator_v3 to 2024-04-12 12:05:00+00:00, run_after=2024-04-12 12:06:00+00:00
[2024-04-12T20:06:48.875+0800] {processor.py:183} INFO - Processing /Users/wanghaojin/Desktop/exchange@NUS/IS3107/HW/Project/news_data_pipeline/.venv/lib/python3.11/site-packages/airflow/example_dags/example_branch_python_dop_operator_3.py took 0.119 seconds
[2024-04-12T20:09:06.175+0800] {processor.py:161} INFO - Started process (PID=7579) to work on /Users/wanghaojin/Desktop/exchange@NUS/IS3107/HW/Project/news_data_pipeline/.venv/lib/python3.11/site-packages/airflow/example_dags/example_branch_python_dop_operator_3.py
[2024-04-12T20:09:06.175+0800] {processor.py:830} INFO - Processing file /Users/wanghaojin/Desktop/exchange@NUS/IS3107/HW/Project/news_data_pipeline/.venv/lib/python3.11/site-packages/airflow/example_dags/example_branch_python_dop_operator_3.py for tasks to queue
[2024-04-12T20:09:06.176+0800] {logging_mixin.py:188} INFO - [2024-04-12T20:09:06.176+0800] {dagbag.py:538} INFO - Filling up the DagBag from /Users/wanghaojin/Desktop/exchange@NUS/IS3107/HW/Project/news_data_pipeline/.venv/lib/python3.11/site-packages/airflow/example_dags/example_branch_python_dop_operator_3.py
[2024-04-12T20:09:06.196+0800] {processor.py:840} INFO - DAG(s) 'example_branch_dop_operator_v3' retrieved from /Users/wanghaojin/Desktop/exchange@NUS/IS3107/HW/Project/news_data_pipeline/.venv/lib/python3.11/site-packages/airflow/example_dags/example_branch_python_dop_operator_3.py
[2024-04-12T20:09:06.273+0800] {logging_mixin.py:188} INFO - [2024-04-12T20:09:06.273+0800] {dag.py:3036} INFO - Sync 1 DAGs
[2024-04-12T20:09:06.284+0800] {logging_mixin.py:188} INFO - [2024-04-12T20:09:06.284+0800] {dag.py:3823} INFO - Setting next_dagrun for example_branch_dop_operator_v3 to 2024-04-12 12:08:00+00:00, run_after=2024-04-12 12:09:00+00:00
[2024-04-12T20:09:06.294+0800] {processor.py:183} INFO - Processing /Users/wanghaojin/Desktop/exchange@NUS/IS3107/HW/Project/news_data_pipeline/.venv/lib/python3.11/site-packages/airflow/example_dags/example_branch_python_dop_operator_3.py took 0.120 seconds
[2024-04-12T20:11:23.544+0800] {processor.py:161} INFO - Started process (PID=7770) to work on /Users/wanghaojin/Desktop/exchange@NUS/IS3107/HW/Project/news_data_pipeline/.venv/lib/python3.11/site-packages/airflow/example_dags/example_branch_python_dop_operator_3.py
[2024-04-12T20:11:23.544+0800] {processor.py:830} INFO - Processing file /Users/wanghaojin/Desktop/exchange@NUS/IS3107/HW/Project/news_data_pipeline/.venv/lib/python3.11/site-packages/airflow/example_dags/example_branch_python_dop_operator_3.py for tasks to queue
[2024-04-12T20:11:23.544+0800] {logging_mixin.py:188} INFO - [2024-04-12T20:11:23.544+0800] {dagbag.py:538} INFO - Filling up the DagBag from /Users/wanghaojin/Desktop/exchange@NUS/IS3107/HW/Project/news_data_pipeline/.venv/lib/python3.11/site-packages/airflow/example_dags/example_branch_python_dop_operator_3.py
[2024-04-12T20:11:23.564+0800] {processor.py:840} INFO - DAG(s) 'example_branch_dop_operator_v3' retrieved from /Users/wanghaojin/Desktop/exchange@NUS/IS3107/HW/Project/news_data_pipeline/.venv/lib/python3.11/site-packages/airflow/example_dags/example_branch_python_dop_operator_3.py
[2024-04-12T20:11:23.641+0800] {logging_mixin.py:188} INFO - [2024-04-12T20:11:23.640+0800] {dag.py:3036} INFO - Sync 1 DAGs
[2024-04-12T20:11:23.652+0800] {logging_mixin.py:188} INFO - [2024-04-12T20:11:23.652+0800] {dag.py:3823} INFO - Setting next_dagrun for example_branch_dop_operator_v3 to 2024-04-12 12:10:00+00:00, run_after=2024-04-12 12:11:00+00:00
[2024-04-12T20:11:23.662+0800] {processor.py:183} INFO - Processing /Users/wanghaojin/Desktop/exchange@NUS/IS3107/HW/Project/news_data_pipeline/.venv/lib/python3.11/site-packages/airflow/example_dags/example_branch_python_dop_operator_3.py took 0.119 seconds
[2024-04-12T20:13:40.023+0800] {processor.py:161} INFO - Started process (PID=8005) to work on /Users/wanghaojin/Desktop/exchange@NUS/IS3107/HW/Project/news_data_pipeline/.venv/lib/python3.11/site-packages/airflow/example_dags/example_branch_python_dop_operator_3.py
[2024-04-12T20:13:40.024+0800] {processor.py:830} INFO - Processing file /Users/wanghaojin/Desktop/exchange@NUS/IS3107/HW/Project/news_data_pipeline/.venv/lib/python3.11/site-packages/airflow/example_dags/example_branch_python_dop_operator_3.py for tasks to queue
[2024-04-12T20:13:40.024+0800] {logging_mixin.py:188} INFO - [2024-04-12T20:13:40.024+0800] {dagbag.py:538} INFO - Filling up the DagBag from /Users/wanghaojin/Desktop/exchange@NUS/IS3107/HW/Project/news_data_pipeline/.venv/lib/python3.11/site-packages/airflow/example_dags/example_branch_python_dop_operator_3.py
[2024-04-12T20:13:40.045+0800] {processor.py:840} INFO - DAG(s) 'example_branch_dop_operator_v3' retrieved from /Users/wanghaojin/Desktop/exchange@NUS/IS3107/HW/Project/news_data_pipeline/.venv/lib/python3.11/site-packages/airflow/example_dags/example_branch_python_dop_operator_3.py
[2024-04-12T20:13:40.123+0800] {logging_mixin.py:188} INFO - [2024-04-12T20:13:40.123+0800] {dag.py:3036} INFO - Sync 1 DAGs
[2024-04-12T20:13:40.134+0800] {logging_mixin.py:188} INFO - [2024-04-12T20:13:40.134+0800] {dag.py:3823} INFO - Setting next_dagrun for example_branch_dop_operator_v3 to 2024-04-12 12:12:00+00:00, run_after=2024-04-12 12:13:00+00:00
[2024-04-12T20:13:40.144+0800] {processor.py:183} INFO - Processing /Users/wanghaojin/Desktop/exchange@NUS/IS3107/HW/Project/news_data_pipeline/.venv/lib/python3.11/site-packages/airflow/example_dags/example_branch_python_dop_operator_3.py took 0.122 seconds
[2024-04-12T20:15:58.472+0800] {processor.py:161} INFO - Started process (PID=8283) to work on /Users/wanghaojin/Desktop/exchange@NUS/IS3107/HW/Project/news_data_pipeline/.venv/lib/python3.11/site-packages/airflow/example_dags/example_branch_python_dop_operator_3.py
[2024-04-12T20:15:58.474+0800] {processor.py:830} INFO - Processing file /Users/wanghaojin/Desktop/exchange@NUS/IS3107/HW/Project/news_data_pipeline/.venv/lib/python3.11/site-packages/airflow/example_dags/example_branch_python_dop_operator_3.py for tasks to queue
[2024-04-12T20:15:58.474+0800] {logging_mixin.py:188} INFO - [2024-04-12T20:15:58.474+0800] {dagbag.py:538} INFO - Filling up the DagBag from /Users/wanghaojin/Desktop/exchange@NUS/IS3107/HW/Project/news_data_pipeline/.venv/lib/python3.11/site-packages/airflow/example_dags/example_branch_python_dop_operator_3.py
[2024-04-12T20:15:58.495+0800] {processor.py:840} INFO - DAG(s) 'example_branch_dop_operator_v3' retrieved from /Users/wanghaojin/Desktop/exchange@NUS/IS3107/HW/Project/news_data_pipeline/.venv/lib/python3.11/site-packages/airflow/example_dags/example_branch_python_dop_operator_3.py
[2024-04-12T20:15:58.573+0800] {logging_mixin.py:188} INFO - [2024-04-12T20:15:58.573+0800] {dag.py:3036} INFO - Sync 1 DAGs
[2024-04-12T20:15:58.585+0800] {logging_mixin.py:188} INFO - [2024-04-12T20:15:58.585+0800] {dag.py:3823} INFO - Setting next_dagrun for example_branch_dop_operator_v3 to 2024-04-12 12:14:00+00:00, run_after=2024-04-12 12:15:00+00:00
[2024-04-12T20:15:58.595+0800] {processor.py:183} INFO - Processing /Users/wanghaojin/Desktop/exchange@NUS/IS3107/HW/Project/news_data_pipeline/.venv/lib/python3.11/site-packages/airflow/example_dags/example_branch_python_dop_operator_3.py took 0.123 seconds
[2024-04-12T20:19:38.853+0800] {processor.py:161} INFO - Started process (PID=8760) to work on /Users/wanghaojin/Desktop/exchange@NUS/IS3107/HW/Project/news_data_pipeline/.venv/lib/python3.11/site-packages/airflow/example_dags/example_branch_python_dop_operator_3.py
[2024-04-12T20:19:38.854+0800] {processor.py:830} INFO - Processing file /Users/wanghaojin/Desktop/exchange@NUS/IS3107/HW/Project/news_data_pipeline/.venv/lib/python3.11/site-packages/airflow/example_dags/example_branch_python_dop_operator_3.py for tasks to queue
[2024-04-12T20:19:38.855+0800] {logging_mixin.py:188} INFO - [2024-04-12T20:19:38.854+0800] {dagbag.py:538} INFO - Filling up the DagBag from /Users/wanghaojin/Desktop/exchange@NUS/IS3107/HW/Project/news_data_pipeline/.venv/lib/python3.11/site-packages/airflow/example_dags/example_branch_python_dop_operator_3.py
[2024-04-12T20:19:38.875+0800] {processor.py:840} INFO - DAG(s) 'example_branch_dop_operator_v3' retrieved from /Users/wanghaojin/Desktop/exchange@NUS/IS3107/HW/Project/news_data_pipeline/.venv/lib/python3.11/site-packages/airflow/example_dags/example_branch_python_dop_operator_3.py
[2024-04-12T20:19:38.994+0800] {logging_mixin.py:188} INFO - [2024-04-12T20:19:38.993+0800] {dag.py:3036} INFO - Sync 1 DAGs
[2024-04-12T20:19:39.004+0800] {logging_mixin.py:188} INFO - [2024-04-12T20:19:39.003+0800] {dag.py:3823} INFO - Setting next_dagrun for example_branch_dop_operator_v3 to 2024-04-12 12:18:00+00:00, run_after=2024-04-12 12:19:00+00:00
[2024-04-12T20:19:39.015+0800] {processor.py:183} INFO - Processing /Users/wanghaojin/Desktop/exchange@NUS/IS3107/HW/Project/news_data_pipeline/.venv/lib/python3.11/site-packages/airflow/example_dags/example_branch_python_dop_operator_3.py took 0.162 seconds
[2024-04-12T20:21:58.302+0800] {processor.py:161} INFO - Started process (PID=8961) to work on /Users/wanghaojin/Desktop/exchange@NUS/IS3107/HW/Project/news_data_pipeline/.venv/lib/python3.11/site-packages/airflow/example_dags/example_branch_python_dop_operator_3.py
[2024-04-12T20:21:58.303+0800] {processor.py:830} INFO - Processing file /Users/wanghaojin/Desktop/exchange@NUS/IS3107/HW/Project/news_data_pipeline/.venv/lib/python3.11/site-packages/airflow/example_dags/example_branch_python_dop_operator_3.py for tasks to queue
[2024-04-12T20:21:58.303+0800] {logging_mixin.py:188} INFO - [2024-04-12T20:21:58.303+0800] {dagbag.py:538} INFO - Filling up the DagBag from /Users/wanghaojin/Desktop/exchange@NUS/IS3107/HW/Project/news_data_pipeline/.venv/lib/python3.11/site-packages/airflow/example_dags/example_branch_python_dop_operator_3.py
[2024-04-12T20:21:58.324+0800] {processor.py:840} INFO - DAG(s) 'example_branch_dop_operator_v3' retrieved from /Users/wanghaojin/Desktop/exchange@NUS/IS3107/HW/Project/news_data_pipeline/.venv/lib/python3.11/site-packages/airflow/example_dags/example_branch_python_dop_operator_3.py
[2024-04-12T20:21:58.443+0800] {logging_mixin.py:188} INFO - [2024-04-12T20:21:58.443+0800] {dag.py:3036} INFO - Sync 1 DAGs
[2024-04-12T20:21:58.453+0800] {logging_mixin.py:188} INFO - [2024-04-12T20:21:58.453+0800] {dag.py:3823} INFO - Setting next_dagrun for example_branch_dop_operator_v3 to 2024-04-12 12:20:00+00:00, run_after=2024-04-12 12:21:00+00:00
[2024-04-12T20:21:58.464+0800] {processor.py:183} INFO - Processing /Users/wanghaojin/Desktop/exchange@NUS/IS3107/HW/Project/news_data_pipeline/.venv/lib/python3.11/site-packages/airflow/example_dags/example_branch_python_dop_operator_3.py took 0.163 seconds
[2024-04-12T20:24:14.058+0800] {processor.py:161} INFO - Started process (PID=9132) to work on /Users/wanghaojin/Desktop/exchange@NUS/IS3107/HW/Project/news_data_pipeline/.venv/lib/python3.11/site-packages/airflow/example_dags/example_branch_python_dop_operator_3.py
[2024-04-12T20:24:14.059+0800] {processor.py:830} INFO - Processing file /Users/wanghaojin/Desktop/exchange@NUS/IS3107/HW/Project/news_data_pipeline/.venv/lib/python3.11/site-packages/airflow/example_dags/example_branch_python_dop_operator_3.py for tasks to queue
[2024-04-12T20:24:14.060+0800] {logging_mixin.py:188} INFO - [2024-04-12T20:24:14.060+0800] {dagbag.py:538} INFO - Filling up the DagBag from /Users/wanghaojin/Desktop/exchange@NUS/IS3107/HW/Project/news_data_pipeline/.venv/lib/python3.11/site-packages/airflow/example_dags/example_branch_python_dop_operator_3.py
[2024-04-12T20:24:14.081+0800] {processor.py:840} INFO - DAG(s) 'example_branch_dop_operator_v3' retrieved from /Users/wanghaojin/Desktop/exchange@NUS/IS3107/HW/Project/news_data_pipeline/.venv/lib/python3.11/site-packages/airflow/example_dags/example_branch_python_dop_operator_3.py
[2024-04-12T20:24:14.157+0800] {logging_mixin.py:188} INFO - [2024-04-12T20:24:14.157+0800] {dag.py:3036} INFO - Sync 1 DAGs
[2024-04-12T20:24:14.169+0800] {logging_mixin.py:188} INFO - [2024-04-12T20:24:14.168+0800] {dag.py:3823} INFO - Setting next_dagrun for example_branch_dop_operator_v3 to 2024-04-12 12:23:00+00:00, run_after=2024-04-12 12:24:00+00:00
[2024-04-12T20:24:14.179+0800] {processor.py:183} INFO - Processing /Users/wanghaojin/Desktop/exchange@NUS/IS3107/HW/Project/news_data_pipeline/.venv/lib/python3.11/site-packages/airflow/example_dags/example_branch_python_dop_operator_3.py took 0.121 seconds
[2024-04-12T20:26:49.768+0800] {processor.py:161} INFO - Started process (PID=9387) to work on /Users/wanghaojin/Desktop/exchange@NUS/IS3107/HW/Project/news_data_pipeline/.venv/lib/python3.11/site-packages/airflow/example_dags/example_branch_python_dop_operator_3.py
[2024-04-12T20:26:49.768+0800] {processor.py:830} INFO - Processing file /Users/wanghaojin/Desktop/exchange@NUS/IS3107/HW/Project/news_data_pipeline/.venv/lib/python3.11/site-packages/airflow/example_dags/example_branch_python_dop_operator_3.py for tasks to queue
[2024-04-12T20:26:49.769+0800] {logging_mixin.py:188} INFO - [2024-04-12T20:26:49.769+0800] {dagbag.py:538} INFO - Filling up the DagBag from /Users/wanghaojin/Desktop/exchange@NUS/IS3107/HW/Project/news_data_pipeline/.venv/lib/python3.11/site-packages/airflow/example_dags/example_branch_python_dop_operator_3.py
[2024-04-12T20:26:49.791+0800] {processor.py:840} INFO - DAG(s) 'example_branch_dop_operator_v3' retrieved from /Users/wanghaojin/Desktop/exchange@NUS/IS3107/HW/Project/news_data_pipeline/.venv/lib/python3.11/site-packages/airflow/example_dags/example_branch_python_dop_operator_3.py
[2024-04-12T20:26:49.869+0800] {logging_mixin.py:188} INFO - [2024-04-12T20:26:49.868+0800] {dag.py:3036} INFO - Sync 1 DAGs
[2024-04-12T20:26:49.881+0800] {logging_mixin.py:188} INFO - [2024-04-12T20:26:49.881+0800] {dag.py:3823} INFO - Setting next_dagrun for example_branch_dop_operator_v3 to 2024-04-12 12:25:00+00:00, run_after=2024-04-12 12:26:00+00:00
[2024-04-12T20:26:49.891+0800] {processor.py:183} INFO - Processing /Users/wanghaojin/Desktop/exchange@NUS/IS3107/HW/Project/news_data_pipeline/.venv/lib/python3.11/site-packages/airflow/example_dags/example_branch_python_dop_operator_3.py took 0.124 seconds
[2024-04-12T20:29:05.192+0800] {processor.py:161} INFO - Started process (PID=9636) to work on /Users/wanghaojin/Desktop/exchange@NUS/IS3107/HW/Project/news_data_pipeline/.venv/lib/python3.11/site-packages/airflow/example_dags/example_branch_python_dop_operator_3.py
[2024-04-12T20:29:05.193+0800] {processor.py:830} INFO - Processing file /Users/wanghaojin/Desktop/exchange@NUS/IS3107/HW/Project/news_data_pipeline/.venv/lib/python3.11/site-packages/airflow/example_dags/example_branch_python_dop_operator_3.py for tasks to queue
[2024-04-12T20:29:05.194+0800] {logging_mixin.py:188} INFO - [2024-04-12T20:29:05.194+0800] {dagbag.py:538} INFO - Filling up the DagBag from /Users/wanghaojin/Desktop/exchange@NUS/IS3107/HW/Project/news_data_pipeline/.venv/lib/python3.11/site-packages/airflow/example_dags/example_branch_python_dop_operator_3.py
[2024-04-12T20:29:05.215+0800] {processor.py:840} INFO - DAG(s) 'example_branch_dop_operator_v3' retrieved from /Users/wanghaojin/Desktop/exchange@NUS/IS3107/HW/Project/news_data_pipeline/.venv/lib/python3.11/site-packages/airflow/example_dags/example_branch_python_dop_operator_3.py
[2024-04-12T20:29:05.294+0800] {logging_mixin.py:188} INFO - [2024-04-12T20:29:05.294+0800] {dag.py:3036} INFO - Sync 1 DAGs
[2024-04-12T20:29:05.305+0800] {logging_mixin.py:188} INFO - [2024-04-12T20:29:05.305+0800] {dag.py:3823} INFO - Setting next_dagrun for example_branch_dop_operator_v3 to 2024-04-12 12:28:00+00:00, run_after=2024-04-12 12:29:00+00:00
[2024-04-12T20:29:05.316+0800] {processor.py:183} INFO - Processing /Users/wanghaojin/Desktop/exchange@NUS/IS3107/HW/Project/news_data_pipeline/.venv/lib/python3.11/site-packages/airflow/example_dags/example_branch_python_dop_operator_3.py took 0.125 seconds
[2024-04-12T20:30:43.862+0800] {processor.py:161} INFO - Started process (PID=9854) to work on /Users/wanghaojin/Desktop/exchange@NUS/IS3107/HW/Project/news_data_pipeline/.venv/lib/python3.11/site-packages/airflow/example_dags/example_branch_python_dop_operator_3.py
[2024-04-12T20:30:43.862+0800] {processor.py:830} INFO - Processing file /Users/wanghaojin/Desktop/exchange@NUS/IS3107/HW/Project/news_data_pipeline/.venv/lib/python3.11/site-packages/airflow/example_dags/example_branch_python_dop_operator_3.py for tasks to queue
[2024-04-12T20:30:43.863+0800] {logging_mixin.py:188} INFO - [2024-04-12T20:30:43.862+0800] {dagbag.py:538} INFO - Filling up the DagBag from /Users/wanghaojin/Desktop/exchange@NUS/IS3107/HW/Project/news_data_pipeline/.venv/lib/python3.11/site-packages/airflow/example_dags/example_branch_python_dop_operator_3.py
[2024-04-12T20:30:43.883+0800] {processor.py:840} INFO - DAG(s) 'example_branch_dop_operator_v3' retrieved from /Users/wanghaojin/Desktop/exchange@NUS/IS3107/HW/Project/news_data_pipeline/.venv/lib/python3.11/site-packages/airflow/example_dags/example_branch_python_dop_operator_3.py
[2024-04-12T20:30:44.002+0800] {logging_mixin.py:188} INFO - [2024-04-12T20:30:44.002+0800] {dag.py:3036} INFO - Sync 1 DAGs
[2024-04-12T20:30:44.012+0800] {logging_mixin.py:188} INFO - [2024-04-12T20:30:44.012+0800] {dag.py:3823} INFO - Setting next_dagrun for example_branch_dop_operator_v3 to 2024-04-12 12:29:00+00:00, run_after=2024-04-12 12:30:00+00:00
[2024-04-12T20:30:44.023+0800] {processor.py:183} INFO - Processing /Users/wanghaojin/Desktop/exchange@NUS/IS3107/HW/Project/news_data_pipeline/.venv/lib/python3.11/site-packages/airflow/example_dags/example_branch_python_dop_operator_3.py took 0.162 seconds
[2024-04-12T20:37:30.654+0800] {processor.py:161} INFO - Started process (PID=10586) to work on /Users/wanghaojin/Desktop/exchange@NUS/IS3107/HW/Project/news_data_pipeline/.venv/lib/python3.11/site-packages/airflow/example_dags/example_branch_python_dop_operator_3.py
[2024-04-12T20:37:30.656+0800] {processor.py:830} INFO - Processing file /Users/wanghaojin/Desktop/exchange@NUS/IS3107/HW/Project/news_data_pipeline/.venv/lib/python3.11/site-packages/airflow/example_dags/example_branch_python_dop_operator_3.py for tasks to queue
[2024-04-12T20:37:30.656+0800] {logging_mixin.py:188} INFO - [2024-04-12T20:37:30.656+0800] {dagbag.py:538} INFO - Filling up the DagBag from /Users/wanghaojin/Desktop/exchange@NUS/IS3107/HW/Project/news_data_pipeline/.venv/lib/python3.11/site-packages/airflow/example_dags/example_branch_python_dop_operator_3.py
[2024-04-12T20:37:30.676+0800] {processor.py:840} INFO - DAG(s) 'example_branch_dop_operator_v3' retrieved from /Users/wanghaojin/Desktop/exchange@NUS/IS3107/HW/Project/news_data_pipeline/.venv/lib/python3.11/site-packages/airflow/example_dags/example_branch_python_dop_operator_3.py
[2024-04-12T20:37:30.795+0800] {logging_mixin.py:188} INFO - [2024-04-12T20:37:30.795+0800] {dag.py:3036} INFO - Sync 1 DAGs
[2024-04-12T20:37:30.805+0800] {logging_mixin.py:188} INFO - [2024-04-12T20:37:30.805+0800] {dag.py:3823} INFO - Setting next_dagrun for example_branch_dop_operator_v3 to 2024-04-12 12:36:00+00:00, run_after=2024-04-12 12:37:00+00:00
[2024-04-12T20:37:30.816+0800] {processor.py:183} INFO - Processing /Users/wanghaojin/Desktop/exchange@NUS/IS3107/HW/Project/news_data_pipeline/.venv/lib/python3.11/site-packages/airflow/example_dags/example_branch_python_dop_operator_3.py took 0.163 seconds
[2024-04-12T20:39:45.474+0800] {processor.py:161} INFO - Started process (PID=10799) to work on /Users/wanghaojin/Desktop/exchange@NUS/IS3107/HW/Project/news_data_pipeline/.venv/lib/python3.11/site-packages/airflow/example_dags/example_branch_python_dop_operator_3.py
[2024-04-12T20:39:45.475+0800] {processor.py:830} INFO - Processing file /Users/wanghaojin/Desktop/exchange@NUS/IS3107/HW/Project/news_data_pipeline/.venv/lib/python3.11/site-packages/airflow/example_dags/example_branch_python_dop_operator_3.py for tasks to queue
[2024-04-12T20:39:45.475+0800] {logging_mixin.py:188} INFO - [2024-04-12T20:39:45.475+0800] {dagbag.py:538} INFO - Filling up the DagBag from /Users/wanghaojin/Desktop/exchange@NUS/IS3107/HW/Project/news_data_pipeline/.venv/lib/python3.11/site-packages/airflow/example_dags/example_branch_python_dop_operator_3.py
[2024-04-12T20:39:45.495+0800] {processor.py:840} INFO - DAG(s) 'example_branch_dop_operator_v3' retrieved from /Users/wanghaojin/Desktop/exchange@NUS/IS3107/HW/Project/news_data_pipeline/.venv/lib/python3.11/site-packages/airflow/example_dags/example_branch_python_dop_operator_3.py
[2024-04-12T20:39:45.571+0800] {logging_mixin.py:188} INFO - [2024-04-12T20:39:45.571+0800] {dag.py:3036} INFO - Sync 1 DAGs
[2024-04-12T20:39:45.582+0800] {logging_mixin.py:188} INFO - [2024-04-12T20:39:45.582+0800] {dag.py:3823} INFO - Setting next_dagrun for example_branch_dop_operator_v3 to 2024-04-12 12:38:00+00:00, run_after=2024-04-12 12:39:00+00:00
[2024-04-12T20:39:45.594+0800] {processor.py:183} INFO - Processing /Users/wanghaojin/Desktop/exchange@NUS/IS3107/HW/Project/news_data_pipeline/.venv/lib/python3.11/site-packages/airflow/example_dags/example_branch_python_dop_operator_3.py took 0.120 seconds
[2024-04-12T20:42:03.299+0800] {processor.py:161} INFO - Started process (PID=10985) to work on /Users/wanghaojin/Desktop/exchange@NUS/IS3107/HW/Project/news_data_pipeline/.venv/lib/python3.11/site-packages/airflow/example_dags/example_branch_python_dop_operator_3.py
[2024-04-12T20:42:03.300+0800] {processor.py:830} INFO - Processing file /Users/wanghaojin/Desktop/exchange@NUS/IS3107/HW/Project/news_data_pipeline/.venv/lib/python3.11/site-packages/airflow/example_dags/example_branch_python_dop_operator_3.py for tasks to queue
[2024-04-12T20:42:03.300+0800] {logging_mixin.py:188} INFO - [2024-04-12T20:42:03.300+0800] {dagbag.py:538} INFO - Filling up the DagBag from /Users/wanghaojin/Desktop/exchange@NUS/IS3107/HW/Project/news_data_pipeline/.venv/lib/python3.11/site-packages/airflow/example_dags/example_branch_python_dop_operator_3.py
[2024-04-12T20:42:03.325+0800] {processor.py:840} INFO - DAG(s) 'example_branch_dop_operator_v3' retrieved from /Users/wanghaojin/Desktop/exchange@NUS/IS3107/HW/Project/news_data_pipeline/.venv/lib/python3.11/site-packages/airflow/example_dags/example_branch_python_dop_operator_3.py
[2024-04-12T20:42:03.415+0800] {logging_mixin.py:188} INFO - [2024-04-12T20:42:03.415+0800] {dag.py:3036} INFO - Sync 1 DAGs
[2024-04-12T20:42:03.428+0800] {logging_mixin.py:188} INFO - [2024-04-12T20:42:03.428+0800] {dag.py:3823} INFO - Setting next_dagrun for example_branch_dop_operator_v3 to 2024-04-12 12:41:00+00:00, run_after=2024-04-12 12:42:00+00:00
[2024-04-12T20:42:03.442+0800] {processor.py:183} INFO - Processing /Users/wanghaojin/Desktop/exchange@NUS/IS3107/HW/Project/news_data_pipeline/.venv/lib/python3.11/site-packages/airflow/example_dags/example_branch_python_dop_operator_3.py took 0.144 seconds
[2024-04-12T20:44:24.957+0800] {processor.py:161} INFO - Started process (PID=11195) to work on /Users/wanghaojin/Desktop/exchange@NUS/IS3107/HW/Project/news_data_pipeline/.venv/lib/python3.11/site-packages/airflow/example_dags/example_branch_python_dop_operator_3.py
[2024-04-12T20:44:24.959+0800] {processor.py:830} INFO - Processing file /Users/wanghaojin/Desktop/exchange@NUS/IS3107/HW/Project/news_data_pipeline/.venv/lib/python3.11/site-packages/airflow/example_dags/example_branch_python_dop_operator_3.py for tasks to queue
[2024-04-12T20:44:24.959+0800] {logging_mixin.py:188} INFO - [2024-04-12T20:44:24.959+0800] {dagbag.py:538} INFO - Filling up the DagBag from /Users/wanghaojin/Desktop/exchange@NUS/IS3107/HW/Project/news_data_pipeline/.venv/lib/python3.11/site-packages/airflow/example_dags/example_branch_python_dop_operator_3.py
[2024-04-12T20:44:24.980+0800] {processor.py:840} INFO - DAG(s) 'example_branch_dop_operator_v3' retrieved from /Users/wanghaojin/Desktop/exchange@NUS/IS3107/HW/Project/news_data_pipeline/.venv/lib/python3.11/site-packages/airflow/example_dags/example_branch_python_dop_operator_3.py
[2024-04-12T20:44:25.055+0800] {logging_mixin.py:188} INFO - [2024-04-12T20:44:25.055+0800] {dag.py:3036} INFO - Sync 1 DAGs
[2024-04-12T20:44:25.068+0800] {logging_mixin.py:188} INFO - [2024-04-12T20:44:25.068+0800] {dag.py:3823} INFO - Setting next_dagrun for example_branch_dop_operator_v3 to 2024-04-12 12:43:00+00:00, run_after=2024-04-12 12:44:00+00:00
[2024-04-12T20:44:25.078+0800] {processor.py:183} INFO - Processing /Users/wanghaojin/Desktop/exchange@NUS/IS3107/HW/Project/news_data_pipeline/.venv/lib/python3.11/site-packages/airflow/example_dags/example_branch_python_dop_operator_3.py took 0.121 seconds
[2024-04-12T20:50:45.422+0800] {processor.py:161} INFO - Started process (PID=11978) to work on /Users/wanghaojin/Desktop/exchange@NUS/IS3107/HW/Project/news_data_pipeline/.venv/lib/python3.11/site-packages/airflow/example_dags/example_branch_python_dop_operator_3.py
[2024-04-12T20:50:45.423+0800] {processor.py:830} INFO - Processing file /Users/wanghaojin/Desktop/exchange@NUS/IS3107/HW/Project/news_data_pipeline/.venv/lib/python3.11/site-packages/airflow/example_dags/example_branch_python_dop_operator_3.py for tasks to queue
[2024-04-12T20:50:45.423+0800] {logging_mixin.py:188} INFO - [2024-04-12T20:50:45.423+0800] {dagbag.py:538} INFO - Filling up the DagBag from /Users/wanghaojin/Desktop/exchange@NUS/IS3107/HW/Project/news_data_pipeline/.venv/lib/python3.11/site-packages/airflow/example_dags/example_branch_python_dop_operator_3.py
[2024-04-12T20:50:45.444+0800] {processor.py:840} INFO - DAG(s) 'example_branch_dop_operator_v3' retrieved from /Users/wanghaojin/Desktop/exchange@NUS/IS3107/HW/Project/news_data_pipeline/.venv/lib/python3.11/site-packages/airflow/example_dags/example_branch_python_dop_operator_3.py
[2024-04-12T20:50:45.567+0800] {logging_mixin.py:188} INFO - [2024-04-12T20:50:45.567+0800] {dag.py:3036} INFO - Sync 1 DAGs
[2024-04-12T20:50:45.578+0800] {logging_mixin.py:188} INFO - [2024-04-12T20:50:45.578+0800] {dag.py:3823} INFO - Setting next_dagrun for example_branch_dop_operator_v3 to 2024-04-12 12:49:00+00:00, run_after=2024-04-12 12:50:00+00:00
[2024-04-12T20:50:45.590+0800] {processor.py:183} INFO - Processing /Users/wanghaojin/Desktop/exchange@NUS/IS3107/HW/Project/news_data_pipeline/.venv/lib/python3.11/site-packages/airflow/example_dags/example_branch_python_dop_operator_3.py took 0.169 seconds
[2024-04-12T20:53:14.214+0800] {processor.py:161} INFO - Started process (PID=12219) to work on /Users/wanghaojin/Desktop/exchange@NUS/IS3107/HW/Project/news_data_pipeline/.venv/lib/python3.11/site-packages/airflow/example_dags/example_branch_python_dop_operator_3.py
[2024-04-12T20:53:14.215+0800] {processor.py:830} INFO - Processing file /Users/wanghaojin/Desktop/exchange@NUS/IS3107/HW/Project/news_data_pipeline/.venv/lib/python3.11/site-packages/airflow/example_dags/example_branch_python_dop_operator_3.py for tasks to queue
[2024-04-12T20:53:14.216+0800] {logging_mixin.py:188} INFO - [2024-04-12T20:53:14.216+0800] {dagbag.py:538} INFO - Filling up the DagBag from /Users/wanghaojin/Desktop/exchange@NUS/IS3107/HW/Project/news_data_pipeline/.venv/lib/python3.11/site-packages/airflow/example_dags/example_branch_python_dop_operator_3.py
[2024-04-12T20:53:14.236+0800] {processor.py:840} INFO - DAG(s) 'example_branch_dop_operator_v3' retrieved from /Users/wanghaojin/Desktop/exchange@NUS/IS3107/HW/Project/news_data_pipeline/.venv/lib/python3.11/site-packages/airflow/example_dags/example_branch_python_dop_operator_3.py
[2024-04-12T20:53:14.310+0800] {logging_mixin.py:188} INFO - [2024-04-12T20:53:14.310+0800] {dag.py:3036} INFO - Sync 1 DAGs
[2024-04-12T20:53:14.322+0800] {logging_mixin.py:188} INFO - [2024-04-12T20:53:14.321+0800] {dag.py:3823} INFO - Setting next_dagrun for example_branch_dop_operator_v3 to 2024-04-12 12:52:00+00:00, run_after=2024-04-12 12:53:00+00:00
[2024-04-12T20:53:14.332+0800] {processor.py:183} INFO - Processing /Users/wanghaojin/Desktop/exchange@NUS/IS3107/HW/Project/news_data_pipeline/.venv/lib/python3.11/site-packages/airflow/example_dags/example_branch_python_dop_operator_3.py took 0.118 seconds
[2024-04-12T20:55:42.441+0800] {processor.py:161} INFO - Started process (PID=12479) to work on /Users/wanghaojin/Desktop/exchange@NUS/IS3107/HW/Project/news_data_pipeline/.venv/lib/python3.11/site-packages/airflow/example_dags/example_branch_python_dop_operator_3.py
[2024-04-12T20:55:42.443+0800] {processor.py:830} INFO - Processing file /Users/wanghaojin/Desktop/exchange@NUS/IS3107/HW/Project/news_data_pipeline/.venv/lib/python3.11/site-packages/airflow/example_dags/example_branch_python_dop_operator_3.py for tasks to queue
[2024-04-12T20:55:42.443+0800] {logging_mixin.py:188} INFO - [2024-04-12T20:55:42.443+0800] {dagbag.py:538} INFO - Filling up the DagBag from /Users/wanghaojin/Desktop/exchange@NUS/IS3107/HW/Project/news_data_pipeline/.venv/lib/python3.11/site-packages/airflow/example_dags/example_branch_python_dop_operator_3.py
[2024-04-12T20:55:42.465+0800] {processor.py:840} INFO - DAG(s) 'example_branch_dop_operator_v3' retrieved from /Users/wanghaojin/Desktop/exchange@NUS/IS3107/HW/Project/news_data_pipeline/.venv/lib/python3.11/site-packages/airflow/example_dags/example_branch_python_dop_operator_3.py
[2024-04-12T20:55:42.544+0800] {logging_mixin.py:188} INFO - [2024-04-12T20:55:42.544+0800] {dag.py:3036} INFO - Sync 1 DAGs
[2024-04-12T20:55:42.555+0800] {logging_mixin.py:188} INFO - [2024-04-12T20:55:42.555+0800] {dag.py:3823} INFO - Setting next_dagrun for example_branch_dop_operator_v3 to 2024-04-12 12:54:00+00:00, run_after=2024-04-12 12:55:00+00:00
[2024-04-12T20:55:42.566+0800] {processor.py:183} INFO - Processing /Users/wanghaojin/Desktop/exchange@NUS/IS3107/HW/Project/news_data_pipeline/.venv/lib/python3.11/site-packages/airflow/example_dags/example_branch_python_dop_operator_3.py took 0.125 seconds
[2024-04-12T20:58:03.038+0800] {processor.py:161} INFO - Started process (PID=12654) to work on /Users/wanghaojin/Desktop/exchange@NUS/IS3107/HW/Project/news_data_pipeline/.venv/lib/python3.11/site-packages/airflow/example_dags/example_branch_python_dop_operator_3.py
[2024-04-12T20:58:03.040+0800] {processor.py:830} INFO - Processing file /Users/wanghaojin/Desktop/exchange@NUS/IS3107/HW/Project/news_data_pipeline/.venv/lib/python3.11/site-packages/airflow/example_dags/example_branch_python_dop_operator_3.py for tasks to queue
[2024-04-12T20:58:03.040+0800] {logging_mixin.py:188} INFO - [2024-04-12T20:58:03.040+0800] {dagbag.py:538} INFO - Filling up the DagBag from /Users/wanghaojin/Desktop/exchange@NUS/IS3107/HW/Project/news_data_pipeline/.venv/lib/python3.11/site-packages/airflow/example_dags/example_branch_python_dop_operator_3.py
[2024-04-12T20:58:03.060+0800] {processor.py:840} INFO - DAG(s) 'example_branch_dop_operator_v3' retrieved from /Users/wanghaojin/Desktop/exchange@NUS/IS3107/HW/Project/news_data_pipeline/.venv/lib/python3.11/site-packages/airflow/example_dags/example_branch_python_dop_operator_3.py
[2024-04-12T20:58:03.136+0800] {logging_mixin.py:188} INFO - [2024-04-12T20:58:03.135+0800] {dag.py:3036} INFO - Sync 1 DAGs
[2024-04-12T20:58:03.147+0800] {logging_mixin.py:188} INFO - [2024-04-12T20:58:03.147+0800] {dag.py:3823} INFO - Setting next_dagrun for example_branch_dop_operator_v3 to 2024-04-12 12:57:00+00:00, run_after=2024-04-12 12:58:00+00:00
[2024-04-12T20:58:03.157+0800] {processor.py:183} INFO - Processing /Users/wanghaojin/Desktop/exchange@NUS/IS3107/HW/Project/news_data_pipeline/.venv/lib/python3.11/site-packages/airflow/example_dags/example_branch_python_dop_operator_3.py took 0.119 seconds
[2024-04-12T21:00:29.679+0800] {processor.py:161} INFO - Started process (PID=12888) to work on /Users/wanghaojin/Desktop/exchange@NUS/IS3107/HW/Project/news_data_pipeline/.venv/lib/python3.11/site-packages/airflow/example_dags/example_branch_python_dop_operator_3.py
[2024-04-12T21:00:29.680+0800] {processor.py:830} INFO - Processing file /Users/wanghaojin/Desktop/exchange@NUS/IS3107/HW/Project/news_data_pipeline/.venv/lib/python3.11/site-packages/airflow/example_dags/example_branch_python_dop_operator_3.py for tasks to queue
[2024-04-12T21:00:29.680+0800] {logging_mixin.py:188} INFO - [2024-04-12T21:00:29.680+0800] {dagbag.py:538} INFO - Filling up the DagBag from /Users/wanghaojin/Desktop/exchange@NUS/IS3107/HW/Project/news_data_pipeline/.venv/lib/python3.11/site-packages/airflow/example_dags/example_branch_python_dop_operator_3.py
[2024-04-12T21:00:29.700+0800] {processor.py:840} INFO - DAG(s) 'example_branch_dop_operator_v3' retrieved from /Users/wanghaojin/Desktop/exchange@NUS/IS3107/HW/Project/news_data_pipeline/.venv/lib/python3.11/site-packages/airflow/example_dags/example_branch_python_dop_operator_3.py
[2024-04-12T21:00:29.775+0800] {logging_mixin.py:188} INFO - [2024-04-12T21:00:29.775+0800] {dag.py:3036} INFO - Sync 1 DAGs
[2024-04-12T21:00:29.786+0800] {logging_mixin.py:188} INFO - [2024-04-12T21:00:29.786+0800] {dag.py:3823} INFO - Setting next_dagrun for example_branch_dop_operator_v3 to 2024-04-12 12:59:00+00:00, run_after=2024-04-12 13:00:00+00:00
[2024-04-12T21:00:29.797+0800] {processor.py:183} INFO - Processing /Users/wanghaojin/Desktop/exchange@NUS/IS3107/HW/Project/news_data_pipeline/.venv/lib/python3.11/site-packages/airflow/example_dags/example_branch_python_dop_operator_3.py took 0.118 seconds
[2024-04-12T21:02:54.111+0800] {processor.py:161} INFO - Started process (PID=13211) to work on /Users/wanghaojin/Desktop/exchange@NUS/IS3107/HW/Project/news_data_pipeline/.venv/lib/python3.11/site-packages/airflow/example_dags/example_branch_python_dop_operator_3.py
[2024-04-12T21:02:54.113+0800] {processor.py:830} INFO - Processing file /Users/wanghaojin/Desktop/exchange@NUS/IS3107/HW/Project/news_data_pipeline/.venv/lib/python3.11/site-packages/airflow/example_dags/example_branch_python_dop_operator_3.py for tasks to queue
[2024-04-12T21:02:54.113+0800] {logging_mixin.py:188} INFO - [2024-04-12T21:02:54.113+0800] {dagbag.py:538} INFO - Filling up the DagBag from /Users/wanghaojin/Desktop/exchange@NUS/IS3107/HW/Project/news_data_pipeline/.venv/lib/python3.11/site-packages/airflow/example_dags/example_branch_python_dop_operator_3.py
[2024-04-12T21:02:54.133+0800] {processor.py:840} INFO - DAG(s) 'example_branch_dop_operator_v3' retrieved from /Users/wanghaojin/Desktop/exchange@NUS/IS3107/HW/Project/news_data_pipeline/.venv/lib/python3.11/site-packages/airflow/example_dags/example_branch_python_dop_operator_3.py
[2024-04-12T21:02:54.208+0800] {logging_mixin.py:188} INFO - [2024-04-12T21:02:54.208+0800] {dag.py:3036} INFO - Sync 1 DAGs
[2024-04-12T21:02:54.219+0800] {logging_mixin.py:188} INFO - [2024-04-12T21:02:54.219+0800] {dag.py:3823} INFO - Setting next_dagrun for example_branch_dop_operator_v3 to 2024-04-12 13:01:00+00:00, run_after=2024-04-12 13:02:00+00:00
[2024-04-12T21:02:54.230+0800] {processor.py:183} INFO - Processing /Users/wanghaojin/Desktop/exchange@NUS/IS3107/HW/Project/news_data_pipeline/.venv/lib/python3.11/site-packages/airflow/example_dags/example_branch_python_dop_operator_3.py took 0.119 seconds
[2024-04-12T21:05:15.435+0800] {processor.py:161} INFO - Started process (PID=13404) to work on /Users/wanghaojin/Desktop/exchange@NUS/IS3107/HW/Project/news_data_pipeline/.venv/lib/python3.11/site-packages/airflow/example_dags/example_branch_python_dop_operator_3.py
[2024-04-12T21:05:15.437+0800] {processor.py:830} INFO - Processing file /Users/wanghaojin/Desktop/exchange@NUS/IS3107/HW/Project/news_data_pipeline/.venv/lib/python3.11/site-packages/airflow/example_dags/example_branch_python_dop_operator_3.py for tasks to queue
[2024-04-12T21:05:15.437+0800] {logging_mixin.py:188} INFO - [2024-04-12T21:05:15.437+0800] {dagbag.py:538} INFO - Filling up the DagBag from /Users/wanghaojin/Desktop/exchange@NUS/IS3107/HW/Project/news_data_pipeline/.venv/lib/python3.11/site-packages/airflow/example_dags/example_branch_python_dop_operator_3.py
[2024-04-12T21:05:15.457+0800] {processor.py:840} INFO - DAG(s) 'example_branch_dop_operator_v3' retrieved from /Users/wanghaojin/Desktop/exchange@NUS/IS3107/HW/Project/news_data_pipeline/.venv/lib/python3.11/site-packages/airflow/example_dags/example_branch_python_dop_operator_3.py
[2024-04-12T21:05:15.536+0800] {logging_mixin.py:188} INFO - [2024-04-12T21:05:15.536+0800] {dag.py:3036} INFO - Sync 1 DAGs
[2024-04-12T21:05:15.548+0800] {logging_mixin.py:188} INFO - [2024-04-12T21:05:15.548+0800] {dag.py:3823} INFO - Setting next_dagrun for example_branch_dop_operator_v3 to 2024-04-12 13:04:00+00:00, run_after=2024-04-12 13:05:00+00:00
[2024-04-12T21:05:15.559+0800] {processor.py:183} INFO - Processing /Users/wanghaojin/Desktop/exchange@NUS/IS3107/HW/Project/news_data_pipeline/.venv/lib/python3.11/site-packages/airflow/example_dags/example_branch_python_dop_operator_3.py took 0.124 seconds
[2024-04-12T21:07:40.649+0800] {processor.py:161} INFO - Started process (PID=13688) to work on /Users/wanghaojin/Desktop/exchange@NUS/IS3107/HW/Project/news_data_pipeline/.venv/lib/python3.11/site-packages/airflow/example_dags/example_branch_python_dop_operator_3.py
[2024-04-12T21:07:40.650+0800] {processor.py:830} INFO - Processing file /Users/wanghaojin/Desktop/exchange@NUS/IS3107/HW/Project/news_data_pipeline/.venv/lib/python3.11/site-packages/airflow/example_dags/example_branch_python_dop_operator_3.py for tasks to queue
[2024-04-12T21:07:40.650+0800] {logging_mixin.py:188} INFO - [2024-04-12T21:07:40.650+0800] {dagbag.py:538} INFO - Filling up the DagBag from /Users/wanghaojin/Desktop/exchange@NUS/IS3107/HW/Project/news_data_pipeline/.venv/lib/python3.11/site-packages/airflow/example_dags/example_branch_python_dop_operator_3.py
[2024-04-12T21:07:40.671+0800] {processor.py:840} INFO - DAG(s) 'example_branch_dop_operator_v3' retrieved from /Users/wanghaojin/Desktop/exchange@NUS/IS3107/HW/Project/news_data_pipeline/.venv/lib/python3.11/site-packages/airflow/example_dags/example_branch_python_dop_operator_3.py
[2024-04-12T21:07:40.747+0800] {logging_mixin.py:188} INFO - [2024-04-12T21:07:40.747+0800] {dag.py:3036} INFO - Sync 1 DAGs
[2024-04-12T21:07:40.759+0800] {logging_mixin.py:188} INFO - [2024-04-12T21:07:40.759+0800] {dag.py:3823} INFO - Setting next_dagrun for example_branch_dop_operator_v3 to 2024-04-12 13:06:00+00:00, run_after=2024-04-12 13:07:00+00:00
[2024-04-12T21:07:40.769+0800] {processor.py:183} INFO - Processing /Users/wanghaojin/Desktop/exchange@NUS/IS3107/HW/Project/news_data_pipeline/.venv/lib/python3.11/site-packages/airflow/example_dags/example_branch_python_dop_operator_3.py took 0.121 seconds
[2024-04-12T21:09:57.911+0800] {processor.py:161} INFO - Started process (PID=13994) to work on /Users/wanghaojin/Desktop/exchange@NUS/IS3107/HW/Project/news_data_pipeline/.venv/lib/python3.11/site-packages/airflow/example_dags/example_branch_python_dop_operator_3.py
[2024-04-12T21:09:57.912+0800] {processor.py:830} INFO - Processing file /Users/wanghaojin/Desktop/exchange@NUS/IS3107/HW/Project/news_data_pipeline/.venv/lib/python3.11/site-packages/airflow/example_dags/example_branch_python_dop_operator_3.py for tasks to queue
[2024-04-12T21:09:57.913+0800] {logging_mixin.py:188} INFO - [2024-04-12T21:09:57.912+0800] {dagbag.py:538} INFO - Filling up the DagBag from /Users/wanghaojin/Desktop/exchange@NUS/IS3107/HW/Project/news_data_pipeline/.venv/lib/python3.11/site-packages/airflow/example_dags/example_branch_python_dop_operator_3.py
[2024-04-12T21:09:57.933+0800] {processor.py:840} INFO - DAG(s) 'example_branch_dop_operator_v3' retrieved from /Users/wanghaojin/Desktop/exchange@NUS/IS3107/HW/Project/news_data_pipeline/.venv/lib/python3.11/site-packages/airflow/example_dags/example_branch_python_dop_operator_3.py
[2024-04-12T21:09:58.018+0800] {logging_mixin.py:188} INFO - [2024-04-12T21:09:58.018+0800] {dag.py:3036} INFO - Sync 1 DAGs
[2024-04-12T21:09:58.031+0800] {logging_mixin.py:188} INFO - [2024-04-12T21:09:58.031+0800] {dag.py:3823} INFO - Setting next_dagrun for example_branch_dop_operator_v3 to 2024-04-12 13:08:00+00:00, run_after=2024-04-12 13:09:00+00:00
[2024-04-12T21:09:58.041+0800] {processor.py:183} INFO - Processing /Users/wanghaojin/Desktop/exchange@NUS/IS3107/HW/Project/news_data_pipeline/.venv/lib/python3.11/site-packages/airflow/example_dags/example_branch_python_dop_operator_3.py took 0.131 seconds
[2024-04-12T21:12:17.442+0800] {processor.py:161} INFO - Started process (PID=14211) to work on /Users/wanghaojin/Desktop/exchange@NUS/IS3107/HW/Project/news_data_pipeline/.venv/lib/python3.11/site-packages/airflow/example_dags/example_branch_python_dop_operator_3.py
[2024-04-12T21:12:17.443+0800] {processor.py:830} INFO - Processing file /Users/wanghaojin/Desktop/exchange@NUS/IS3107/HW/Project/news_data_pipeline/.venv/lib/python3.11/site-packages/airflow/example_dags/example_branch_python_dop_operator_3.py for tasks to queue
[2024-04-12T21:12:17.443+0800] {logging_mixin.py:188} INFO - [2024-04-12T21:12:17.443+0800] {dagbag.py:538} INFO - Filling up the DagBag from /Users/wanghaojin/Desktop/exchange@NUS/IS3107/HW/Project/news_data_pipeline/.venv/lib/python3.11/site-packages/airflow/example_dags/example_branch_python_dop_operator_3.py
[2024-04-12T21:12:17.464+0800] {processor.py:840} INFO - DAG(s) 'example_branch_dop_operator_v3' retrieved from /Users/wanghaojin/Desktop/exchange@NUS/IS3107/HW/Project/news_data_pipeline/.venv/lib/python3.11/site-packages/airflow/example_dags/example_branch_python_dop_operator_3.py
[2024-04-12T21:12:17.545+0800] {logging_mixin.py:188} INFO - [2024-04-12T21:12:17.545+0800] {dag.py:3036} INFO - Sync 1 DAGs
[2024-04-12T21:12:17.557+0800] {logging_mixin.py:188} INFO - [2024-04-12T21:12:17.557+0800] {dag.py:3823} INFO - Setting next_dagrun for example_branch_dop_operator_v3 to 2024-04-12 13:11:00+00:00, run_after=2024-04-12 13:12:00+00:00
[2024-04-12T21:12:17.567+0800] {processor.py:183} INFO - Processing /Users/wanghaojin/Desktop/exchange@NUS/IS3107/HW/Project/news_data_pipeline/.venv/lib/python3.11/site-packages/airflow/example_dags/example_branch_python_dop_operator_3.py took 0.126 seconds
[2024-04-12T21:16:08.079+0800] {processor.py:161} INFO - Started process (PID=14650) to work on /Users/wanghaojin/Desktop/exchange@NUS/IS3107/HW/Project/news_data_pipeline/.venv/lib/python3.11/site-packages/airflow/example_dags/example_branch_python_dop_operator_3.py
[2024-04-12T21:16:08.081+0800] {processor.py:830} INFO - Processing file /Users/wanghaojin/Desktop/exchange@NUS/IS3107/HW/Project/news_data_pipeline/.venv/lib/python3.11/site-packages/airflow/example_dags/example_branch_python_dop_operator_3.py for tasks to queue
[2024-04-12T21:16:08.081+0800] {logging_mixin.py:188} INFO - [2024-04-12T21:16:08.081+0800] {dagbag.py:538} INFO - Filling up the DagBag from /Users/wanghaojin/Desktop/exchange@NUS/IS3107/HW/Project/news_data_pipeline/.venv/lib/python3.11/site-packages/airflow/example_dags/example_branch_python_dop_operator_3.py
[2024-04-12T21:16:08.101+0800] {processor.py:840} INFO - DAG(s) 'example_branch_dop_operator_v3' retrieved from /Users/wanghaojin/Desktop/exchange@NUS/IS3107/HW/Project/news_data_pipeline/.venv/lib/python3.11/site-packages/airflow/example_dags/example_branch_python_dop_operator_3.py
[2024-04-12T21:16:08.224+0800] {logging_mixin.py:188} INFO - [2024-04-12T21:16:08.223+0800] {dag.py:3036} INFO - Sync 1 DAGs
[2024-04-12T21:16:08.235+0800] {logging_mixin.py:188} INFO - [2024-04-12T21:16:08.234+0800] {dag.py:3823} INFO - Setting next_dagrun for example_branch_dop_operator_v3 to 2024-04-12 13:15:00+00:00, run_after=2024-04-12 13:16:00+00:00
[2024-04-12T21:16:08.246+0800] {processor.py:183} INFO - Processing /Users/wanghaojin/Desktop/exchange@NUS/IS3107/HW/Project/news_data_pipeline/.venv/lib/python3.11/site-packages/airflow/example_dags/example_branch_python_dop_operator_3.py took 0.167 seconds
[2024-04-12T21:18:27.504+0800] {processor.py:161} INFO - Started process (PID=14835) to work on /Users/wanghaojin/Desktop/exchange@NUS/IS3107/HW/Project/news_data_pipeline/.venv/lib/python3.11/site-packages/airflow/example_dags/example_branch_python_dop_operator_3.py
[2024-04-12T21:18:27.505+0800] {processor.py:830} INFO - Processing file /Users/wanghaojin/Desktop/exchange@NUS/IS3107/HW/Project/news_data_pipeline/.venv/lib/python3.11/site-packages/airflow/example_dags/example_branch_python_dop_operator_3.py for tasks to queue
[2024-04-12T21:18:27.505+0800] {logging_mixin.py:188} INFO - [2024-04-12T21:18:27.505+0800] {dagbag.py:538} INFO - Filling up the DagBag from /Users/wanghaojin/Desktop/exchange@NUS/IS3107/HW/Project/news_data_pipeline/.venv/lib/python3.11/site-packages/airflow/example_dags/example_branch_python_dop_operator_3.py
[2024-04-12T21:18:27.526+0800] {processor.py:840} INFO - DAG(s) 'example_branch_dop_operator_v3' retrieved from /Users/wanghaojin/Desktop/exchange@NUS/IS3107/HW/Project/news_data_pipeline/.venv/lib/python3.11/site-packages/airflow/example_dags/example_branch_python_dop_operator_3.py
[2024-04-12T21:18:27.601+0800] {logging_mixin.py:188} INFO - [2024-04-12T21:18:27.601+0800] {dag.py:3036} INFO - Sync 1 DAGs
[2024-04-12T21:18:27.612+0800] {logging_mixin.py:188} INFO - [2024-04-12T21:18:27.612+0800] {dag.py:3823} INFO - Setting next_dagrun for example_branch_dop_operator_v3 to 2024-04-12 13:17:00+00:00, run_after=2024-04-12 13:18:00+00:00
[2024-04-12T21:18:27.623+0800] {processor.py:183} INFO - Processing /Users/wanghaojin/Desktop/exchange@NUS/IS3107/HW/Project/news_data_pipeline/.venv/lib/python3.11/site-packages/airflow/example_dags/example_branch_python_dop_operator_3.py took 0.119 seconds
[2024-04-12T21:38:38.575+0800] {processor.py:161} INFO - Started process (PID=16356) to work on /Users/wanghaojin/Desktop/exchange@NUS/IS3107/HW/Project/news_data_pipeline/.venv/lib/python3.11/site-packages/airflow/example_dags/example_branch_python_dop_operator_3.py
[2024-04-12T21:38:38.577+0800] {processor.py:830} INFO - Processing file /Users/wanghaojin/Desktop/exchange@NUS/IS3107/HW/Project/news_data_pipeline/.venv/lib/python3.11/site-packages/airflow/example_dags/example_branch_python_dop_operator_3.py for tasks to queue
[2024-04-12T21:38:38.577+0800] {logging_mixin.py:188} INFO - [2024-04-12T21:38:38.577+0800] {dagbag.py:538} INFO - Filling up the DagBag from /Users/wanghaojin/Desktop/exchange@NUS/IS3107/HW/Project/news_data_pipeline/.venv/lib/python3.11/site-packages/airflow/example_dags/example_branch_python_dop_operator_3.py
[2024-04-12T21:38:38.615+0800] {processor.py:840} INFO - DAG(s) 'example_branch_dop_operator_v3' retrieved from /Users/wanghaojin/Desktop/exchange@NUS/IS3107/HW/Project/news_data_pipeline/.venv/lib/python3.11/site-packages/airflow/example_dags/example_branch_python_dop_operator_3.py
[2024-04-12T21:38:38.830+0800] {logging_mixin.py:188} INFO - [2024-04-12T21:38:38.830+0800] {dag.py:3036} INFO - Sync 1 DAGs
[2024-04-12T21:38:38.848+0800] {logging_mixin.py:188} INFO - [2024-04-12T21:38:38.848+0800] {dag.py:3823} INFO - Setting next_dagrun for example_branch_dop_operator_v3 to 2024-04-12 13:37:00+00:00, run_after=2024-04-12 13:38:00+00:00
[2024-04-12T21:38:38.867+0800] {processor.py:183} INFO - Processing /Users/wanghaojin/Desktop/exchange@NUS/IS3107/HW/Project/news_data_pipeline/.venv/lib/python3.11/site-packages/airflow/example_dags/example_branch_python_dop_operator_3.py took 0.293 seconds
[2024-04-12T21:44:16.005+0800] {processor.py:161} INFO - Started process (PID=16553) to work on /Users/wanghaojin/Desktop/exchange@NUS/IS3107/HW/Project/news_data_pipeline/.venv/lib/python3.11/site-packages/airflow/example_dags/example_branch_python_dop_operator_3.py
[2024-04-12T21:44:16.006+0800] {processor.py:830} INFO - Processing file /Users/wanghaojin/Desktop/exchange@NUS/IS3107/HW/Project/news_data_pipeline/.venv/lib/python3.11/site-packages/airflow/example_dags/example_branch_python_dop_operator_3.py for tasks to queue
[2024-04-12T21:44:16.006+0800] {logging_mixin.py:188} INFO - [2024-04-12T21:44:16.006+0800] {dagbag.py:538} INFO - Filling up the DagBag from /Users/wanghaojin/Desktop/exchange@NUS/IS3107/HW/Project/news_data_pipeline/.venv/lib/python3.11/site-packages/airflow/example_dags/example_branch_python_dop_operator_3.py
[2024-04-12T21:44:16.042+0800] {processor.py:840} INFO - DAG(s) 'example_branch_dop_operator_v3' retrieved from /Users/wanghaojin/Desktop/exchange@NUS/IS3107/HW/Project/news_data_pipeline/.venv/lib/python3.11/site-packages/airflow/example_dags/example_branch_python_dop_operator_3.py
[2024-04-12T21:44:16.167+0800] {logging_mixin.py:188} INFO - [2024-04-12T21:44:16.167+0800] {dag.py:3036} INFO - Sync 1 DAGs
[2024-04-12T21:44:16.188+0800] {logging_mixin.py:188} INFO - [2024-04-12T21:44:16.187+0800] {dag.py:3823} INFO - Setting next_dagrun for example_branch_dop_operator_v3 to 2024-04-12 13:43:00+00:00, run_after=2024-04-12 13:44:00+00:00
[2024-04-12T21:44:16.204+0800] {processor.py:183} INFO - Processing /Users/wanghaojin/Desktop/exchange@NUS/IS3107/HW/Project/news_data_pipeline/.venv/lib/python3.11/site-packages/airflow/example_dags/example_branch_python_dop_operator_3.py took 0.201 seconds
