[2024-04-12T19:30:44.588+0800] {processor.py:161} INFO - Started process (PID=4182) to work on /Users/wanghaojin/Desktop/exchange@NUS/IS3107/HW/Project/news_data_pipeline/.venv/lib/python3.11/site-packages/airflow/example_dags/example_latest_only_with_trigger.py
[2024-04-12T19:30:44.589+0800] {processor.py:830} INFO - Processing file /Users/wanghaojin/Desktop/exchange@NUS/IS3107/HW/Project/news_data_pipeline/.venv/lib/python3.11/site-packages/airflow/example_dags/example_latest_only_with_trigger.py for tasks to queue
[2024-04-12T19:30:44.589+0800] {logging_mixin.py:188} INFO - [2024-04-12T19:30:44.589+0800] {dagbag.py:538} INFO - Filling up the DagBag from /Users/wanghaojin/Desktop/exchange@NUS/IS3107/HW/Project/news_data_pipeline/.venv/lib/python3.11/site-packages/airflow/example_dags/example_latest_only_with_trigger.py
[2024-04-12T19:30:44.594+0800] {processor.py:840} INFO - DAG(s) 'latest_only_with_trigger' retrieved from /Users/wanghaojin/Desktop/exchange@NUS/IS3107/HW/Project/news_data_pipeline/.venv/lib/python3.11/site-packages/airflow/example_dags/example_latest_only_with_trigger.py
[2024-04-12T19:30:44.715+0800] {logging_mixin.py:188} INFO - [2024-04-12T19:30:44.714+0800] {dag.py:3036} INFO - Sync 1 DAGs
[2024-04-12T19:30:44.724+0800] {logging_mixin.py:188} INFO - [2024-04-12T19:30:44.723+0800] {dag.py:3823} INFO - Setting next_dagrun for latest_only_with_trigger to 2024-04-12 04:00:00+00:00, run_after=2024-04-12 08:00:00+00:00
[2024-04-12T19:30:44.734+0800] {processor.py:183} INFO - Processing /Users/wanghaojin/Desktop/exchange@NUS/IS3107/HW/Project/news_data_pipeline/.venv/lib/python3.11/site-packages/airflow/example_dags/example_latest_only_with_trigger.py took 0.146 seconds
[2024-04-12T19:32:32.175+0800] {processor.py:161} INFO - Started process (PID=4378) to work on /Users/wanghaojin/Desktop/exchange@NUS/IS3107/HW/Project/news_data_pipeline/.venv/lib/python3.11/site-packages/airflow/example_dags/example_latest_only_with_trigger.py
[2024-04-12T19:32:32.175+0800] {processor.py:830} INFO - Processing file /Users/wanghaojin/Desktop/exchange@NUS/IS3107/HW/Project/news_data_pipeline/.venv/lib/python3.11/site-packages/airflow/example_dags/example_latest_only_with_trigger.py for tasks to queue
[2024-04-12T19:32:32.176+0800] {logging_mixin.py:188} INFO - [2024-04-12T19:32:32.176+0800] {dagbag.py:538} INFO - Filling up the DagBag from /Users/wanghaojin/Desktop/exchange@NUS/IS3107/HW/Project/news_data_pipeline/.venv/lib/python3.11/site-packages/airflow/example_dags/example_latest_only_with_trigger.py
[2024-04-12T19:32:32.180+0800] {processor.py:840} INFO - DAG(s) 'latest_only_with_trigger' retrieved from /Users/wanghaojin/Desktop/exchange@NUS/IS3107/HW/Project/news_data_pipeline/.venv/lib/python3.11/site-packages/airflow/example_dags/example_latest_only_with_trigger.py
[2024-04-12T19:32:32.301+0800] {logging_mixin.py:188} INFO - [2024-04-12T19:32:32.301+0800] {dag.py:3036} INFO - Sync 1 DAGs
[2024-04-12T19:32:32.310+0800] {logging_mixin.py:188} INFO - [2024-04-12T19:32:32.309+0800] {dag.py:3823} INFO - Setting next_dagrun for latest_only_with_trigger to 2024-04-12 04:00:00+00:00, run_after=2024-04-12 08:00:00+00:00
[2024-04-12T19:32:32.320+0800] {processor.py:183} INFO - Processing /Users/wanghaojin/Desktop/exchange@NUS/IS3107/HW/Project/news_data_pipeline/.venv/lib/python3.11/site-packages/airflow/example_dags/example_latest_only_with_trigger.py took 0.146 seconds
[2024-04-12T19:34:10.746+0800] {processor.py:161} INFO - Started process (PID=4534) to work on /Users/wanghaojin/Desktop/exchange@NUS/IS3107/HW/Project/news_data_pipeline/.venv/lib/python3.11/site-packages/airflow/example_dags/example_latest_only_with_trigger.py
[2024-04-12T19:34:10.746+0800] {processor.py:830} INFO - Processing file /Users/wanghaojin/Desktop/exchange@NUS/IS3107/HW/Project/news_data_pipeline/.venv/lib/python3.11/site-packages/airflow/example_dags/example_latest_only_with_trigger.py for tasks to queue
[2024-04-12T19:34:10.747+0800] {logging_mixin.py:188} INFO - [2024-04-12T19:34:10.747+0800] {dagbag.py:538} INFO - Filling up the DagBag from /Users/wanghaojin/Desktop/exchange@NUS/IS3107/HW/Project/news_data_pipeline/.venv/lib/python3.11/site-packages/airflow/example_dags/example_latest_only_with_trigger.py
[2024-04-12T19:34:10.752+0800] {processor.py:840} INFO - DAG(s) 'latest_only_with_trigger' retrieved from /Users/wanghaojin/Desktop/exchange@NUS/IS3107/HW/Project/news_data_pipeline/.venv/lib/python3.11/site-packages/airflow/example_dags/example_latest_only_with_trigger.py
[2024-04-12T19:34:10.831+0800] {logging_mixin.py:188} INFO - [2024-04-12T19:34:10.831+0800] {dag.py:3036} INFO - Sync 1 DAGs
[2024-04-12T19:34:10.840+0800] {logging_mixin.py:188} INFO - [2024-04-12T19:34:10.840+0800] {dag.py:3823} INFO - Setting next_dagrun for latest_only_with_trigger to 2024-04-12 04:00:00+00:00, run_after=2024-04-12 08:00:00+00:00
[2024-04-12T19:34:10.850+0800] {processor.py:183} INFO - Processing /Users/wanghaojin/Desktop/exchange@NUS/IS3107/HW/Project/news_data_pipeline/.venv/lib/python3.11/site-packages/airflow/example_dags/example_latest_only_with_trigger.py took 0.105 seconds
[2024-04-12T19:36:27.590+0800] {processor.py:161} INFO - Started process (PID=4752) to work on /Users/wanghaojin/Desktop/exchange@NUS/IS3107/HW/Project/news_data_pipeline/.venv/lib/python3.11/site-packages/airflow/example_dags/example_latest_only_with_trigger.py
[2024-04-12T19:36:27.591+0800] {processor.py:830} INFO - Processing file /Users/wanghaojin/Desktop/exchange@NUS/IS3107/HW/Project/news_data_pipeline/.venv/lib/python3.11/site-packages/airflow/example_dags/example_latest_only_with_trigger.py for tasks to queue
[2024-04-12T19:36:27.591+0800] {logging_mixin.py:188} INFO - [2024-04-12T19:36:27.591+0800] {dagbag.py:538} INFO - Filling up the DagBag from /Users/wanghaojin/Desktop/exchange@NUS/IS3107/HW/Project/news_data_pipeline/.venv/lib/python3.11/site-packages/airflow/example_dags/example_latest_only_with_trigger.py
[2024-04-12T19:36:27.595+0800] {processor.py:840} INFO - DAG(s) 'latest_only_with_trigger' retrieved from /Users/wanghaojin/Desktop/exchange@NUS/IS3107/HW/Project/news_data_pipeline/.venv/lib/python3.11/site-packages/airflow/example_dags/example_latest_only_with_trigger.py
[2024-04-12T19:36:27.673+0800] {logging_mixin.py:188} INFO - [2024-04-12T19:36:27.673+0800] {dag.py:3036} INFO - Sync 1 DAGs
[2024-04-12T19:36:27.682+0800] {logging_mixin.py:188} INFO - [2024-04-12T19:36:27.682+0800] {dag.py:3823} INFO - Setting next_dagrun for latest_only_with_trigger to 2024-04-12 04:00:00+00:00, run_after=2024-04-12 08:00:00+00:00
[2024-04-12T19:36:27.692+0800] {processor.py:183} INFO - Processing /Users/wanghaojin/Desktop/exchange@NUS/IS3107/HW/Project/news_data_pipeline/.venv/lib/python3.11/site-packages/airflow/example_dags/example_latest_only_with_trigger.py took 0.103 seconds
[2024-04-12T19:38:43.613+0800] {processor.py:161} INFO - Started process (PID=4971) to work on /Users/wanghaojin/Desktop/exchange@NUS/IS3107/HW/Project/news_data_pipeline/.venv/lib/python3.11/site-packages/airflow/example_dags/example_latest_only_with_trigger.py
[2024-04-12T19:38:43.613+0800] {processor.py:830} INFO - Processing file /Users/wanghaojin/Desktop/exchange@NUS/IS3107/HW/Project/news_data_pipeline/.venv/lib/python3.11/site-packages/airflow/example_dags/example_latest_only_with_trigger.py for tasks to queue
[2024-04-12T19:38:43.614+0800] {logging_mixin.py:188} INFO - [2024-04-12T19:38:43.614+0800] {dagbag.py:538} INFO - Filling up the DagBag from /Users/wanghaojin/Desktop/exchange@NUS/IS3107/HW/Project/news_data_pipeline/.venv/lib/python3.11/site-packages/airflow/example_dags/example_latest_only_with_trigger.py
[2024-04-12T19:38:43.618+0800] {processor.py:840} INFO - DAG(s) 'latest_only_with_trigger' retrieved from /Users/wanghaojin/Desktop/exchange@NUS/IS3107/HW/Project/news_data_pipeline/.venv/lib/python3.11/site-packages/airflow/example_dags/example_latest_only_with_trigger.py
[2024-04-12T19:38:43.696+0800] {logging_mixin.py:188} INFO - [2024-04-12T19:38:43.696+0800] {dag.py:3036} INFO - Sync 1 DAGs
[2024-04-12T19:38:43.705+0800] {logging_mixin.py:188} INFO - [2024-04-12T19:38:43.705+0800] {dag.py:3823} INFO - Setting next_dagrun for latest_only_with_trigger to 2024-04-12 04:00:00+00:00, run_after=2024-04-12 08:00:00+00:00
[2024-04-12T19:38:43.715+0800] {processor.py:183} INFO - Processing /Users/wanghaojin/Desktop/exchange@NUS/IS3107/HW/Project/news_data_pipeline/.venv/lib/python3.11/site-packages/airflow/example_dags/example_latest_only_with_trigger.py took 0.103 seconds
[2024-04-12T19:40:56.109+0800] {processor.py:161} INFO - Started process (PID=5164) to work on /Users/wanghaojin/Desktop/exchange@NUS/IS3107/HW/Project/news_data_pipeline/.venv/lib/python3.11/site-packages/airflow/example_dags/example_latest_only_with_trigger.py
[2024-04-12T19:40:56.110+0800] {processor.py:830} INFO - Processing file /Users/wanghaojin/Desktop/exchange@NUS/IS3107/HW/Project/news_data_pipeline/.venv/lib/python3.11/site-packages/airflow/example_dags/example_latest_only_with_trigger.py for tasks to queue
[2024-04-12T19:40:56.110+0800] {logging_mixin.py:188} INFO - [2024-04-12T19:40:56.110+0800] {dagbag.py:538} INFO - Filling up the DagBag from /Users/wanghaojin/Desktop/exchange@NUS/IS3107/HW/Project/news_data_pipeline/.venv/lib/python3.11/site-packages/airflow/example_dags/example_latest_only_with_trigger.py
[2024-04-12T19:40:56.114+0800] {processor.py:840} INFO - DAG(s) 'latest_only_with_trigger' retrieved from /Users/wanghaojin/Desktop/exchange@NUS/IS3107/HW/Project/news_data_pipeline/.venv/lib/python3.11/site-packages/airflow/example_dags/example_latest_only_with_trigger.py
[2024-04-12T19:40:56.195+0800] {logging_mixin.py:188} INFO - [2024-04-12T19:40:56.195+0800] {dag.py:3036} INFO - Sync 1 DAGs
[2024-04-12T19:40:56.204+0800] {logging_mixin.py:188} INFO - [2024-04-12T19:40:56.204+0800] {dag.py:3823} INFO - Setting next_dagrun for latest_only_with_trigger to 2024-04-12 04:00:00+00:00, run_after=2024-04-12 08:00:00+00:00
[2024-04-12T19:40:56.214+0800] {processor.py:183} INFO - Processing /Users/wanghaojin/Desktop/exchange@NUS/IS3107/HW/Project/news_data_pipeline/.venv/lib/python3.11/site-packages/airflow/example_dags/example_latest_only_with_trigger.py took 0.105 seconds
[2024-04-12T19:43:12.754+0800] {processor.py:161} INFO - Started process (PID=5386) to work on /Users/wanghaojin/Desktop/exchange@NUS/IS3107/HW/Project/news_data_pipeline/.venv/lib/python3.11/site-packages/airflow/example_dags/example_latest_only_with_trigger.py
[2024-04-12T19:43:12.754+0800] {processor.py:830} INFO - Processing file /Users/wanghaojin/Desktop/exchange@NUS/IS3107/HW/Project/news_data_pipeline/.venv/lib/python3.11/site-packages/airflow/example_dags/example_latest_only_with_trigger.py for tasks to queue
[2024-04-12T19:43:12.755+0800] {logging_mixin.py:188} INFO - [2024-04-12T19:43:12.754+0800] {dagbag.py:538} INFO - Filling up the DagBag from /Users/wanghaojin/Desktop/exchange@NUS/IS3107/HW/Project/news_data_pipeline/.venv/lib/python3.11/site-packages/airflow/example_dags/example_latest_only_with_trigger.py
[2024-04-12T19:43:12.759+0800] {processor.py:840} INFO - DAG(s) 'latest_only_with_trigger' retrieved from /Users/wanghaojin/Desktop/exchange@NUS/IS3107/HW/Project/news_data_pipeline/.venv/lib/python3.11/site-packages/airflow/example_dags/example_latest_only_with_trigger.py
[2024-04-12T19:43:12.836+0800] {logging_mixin.py:188} INFO - [2024-04-12T19:43:12.836+0800] {dag.py:3036} INFO - Sync 1 DAGs
[2024-04-12T19:43:12.845+0800] {logging_mixin.py:188} INFO - [2024-04-12T19:43:12.844+0800] {dag.py:3823} INFO - Setting next_dagrun for latest_only_with_trigger to 2024-04-12 04:00:00+00:00, run_after=2024-04-12 08:00:00+00:00
[2024-04-12T19:43:12.855+0800] {processor.py:183} INFO - Processing /Users/wanghaojin/Desktop/exchange@NUS/IS3107/HW/Project/news_data_pipeline/.venv/lib/python3.11/site-packages/airflow/example_dags/example_latest_only_with_trigger.py took 0.102 seconds
[2024-04-12T19:45:28.609+0800] {processor.py:161} INFO - Started process (PID=5608) to work on /Users/wanghaojin/Desktop/exchange@NUS/IS3107/HW/Project/news_data_pipeline/.venv/lib/python3.11/site-packages/airflow/example_dags/example_latest_only_with_trigger.py
[2024-04-12T19:45:28.610+0800] {processor.py:830} INFO - Processing file /Users/wanghaojin/Desktop/exchange@NUS/IS3107/HW/Project/news_data_pipeline/.venv/lib/python3.11/site-packages/airflow/example_dags/example_latest_only_with_trigger.py for tasks to queue
[2024-04-12T19:45:28.611+0800] {logging_mixin.py:188} INFO - [2024-04-12T19:45:28.611+0800] {dagbag.py:538} INFO - Filling up the DagBag from /Users/wanghaojin/Desktop/exchange@NUS/IS3107/HW/Project/news_data_pipeline/.venv/lib/python3.11/site-packages/airflow/example_dags/example_latest_only_with_trigger.py
[2024-04-12T19:45:28.616+0800] {processor.py:840} INFO - DAG(s) 'latest_only_with_trigger' retrieved from /Users/wanghaojin/Desktop/exchange@NUS/IS3107/HW/Project/news_data_pipeline/.venv/lib/python3.11/site-packages/airflow/example_dags/example_latest_only_with_trigger.py
[2024-04-12T19:45:28.694+0800] {logging_mixin.py:188} INFO - [2024-04-12T19:45:28.694+0800] {dag.py:3036} INFO - Sync 1 DAGs
[2024-04-12T19:45:28.703+0800] {logging_mixin.py:188} INFO - [2024-04-12T19:45:28.703+0800] {dag.py:3823} INFO - Setting next_dagrun for latest_only_with_trigger to 2024-04-12 04:00:00+00:00, run_after=2024-04-12 08:00:00+00:00
[2024-04-12T19:45:28.713+0800] {processor.py:183} INFO - Processing /Users/wanghaojin/Desktop/exchange@NUS/IS3107/HW/Project/news_data_pipeline/.venv/lib/python3.11/site-packages/airflow/example_dags/example_latest_only_with_trigger.py took 0.105 seconds
[2024-04-12T19:47:45.042+0800] {processor.py:161} INFO - Started process (PID=5791) to work on /Users/wanghaojin/Desktop/exchange@NUS/IS3107/HW/Project/news_data_pipeline/.venv/lib/python3.11/site-packages/airflow/example_dags/example_latest_only_with_trigger.py
[2024-04-12T19:47:45.042+0800] {processor.py:830} INFO - Processing file /Users/wanghaojin/Desktop/exchange@NUS/IS3107/HW/Project/news_data_pipeline/.venv/lib/python3.11/site-packages/airflow/example_dags/example_latest_only_with_trigger.py for tasks to queue
[2024-04-12T19:47:45.042+0800] {logging_mixin.py:188} INFO - [2024-04-12T19:47:45.042+0800] {dagbag.py:538} INFO - Filling up the DagBag from /Users/wanghaojin/Desktop/exchange@NUS/IS3107/HW/Project/news_data_pipeline/.venv/lib/python3.11/site-packages/airflow/example_dags/example_latest_only_with_trigger.py
[2024-04-12T19:47:45.047+0800] {processor.py:840} INFO - DAG(s) 'latest_only_with_trigger' retrieved from /Users/wanghaojin/Desktop/exchange@NUS/IS3107/HW/Project/news_data_pipeline/.venv/lib/python3.11/site-packages/airflow/example_dags/example_latest_only_with_trigger.py
[2024-04-12T19:47:45.124+0800] {logging_mixin.py:188} INFO - [2024-04-12T19:47:45.124+0800] {dag.py:3036} INFO - Sync 1 DAGs
[2024-04-12T19:47:45.133+0800] {logging_mixin.py:188} INFO - [2024-04-12T19:47:45.133+0800] {dag.py:3823} INFO - Setting next_dagrun for latest_only_with_trigger to 2024-04-12 04:00:00+00:00, run_after=2024-04-12 08:00:00+00:00
[2024-04-12T19:47:45.143+0800] {processor.py:183} INFO - Processing /Users/wanghaojin/Desktop/exchange@NUS/IS3107/HW/Project/news_data_pipeline/.venv/lib/python3.11/site-packages/airflow/example_dags/example_latest_only_with_trigger.py took 0.102 seconds
[2024-04-12T19:50:01.359+0800] {processor.py:161} INFO - Started process (PID=5990) to work on /Users/wanghaojin/Desktop/exchange@NUS/IS3107/HW/Project/news_data_pipeline/.venv/lib/python3.11/site-packages/airflow/example_dags/example_latest_only_with_trigger.py
[2024-04-12T19:50:01.360+0800] {processor.py:830} INFO - Processing file /Users/wanghaojin/Desktop/exchange@NUS/IS3107/HW/Project/news_data_pipeline/.venv/lib/python3.11/site-packages/airflow/example_dags/example_latest_only_with_trigger.py for tasks to queue
[2024-04-12T19:50:01.360+0800] {logging_mixin.py:188} INFO - [2024-04-12T19:50:01.360+0800] {dagbag.py:538} INFO - Filling up the DagBag from /Users/wanghaojin/Desktop/exchange@NUS/IS3107/HW/Project/news_data_pipeline/.venv/lib/python3.11/site-packages/airflow/example_dags/example_latest_only_with_trigger.py
[2024-04-12T19:50:01.364+0800] {processor.py:840} INFO - DAG(s) 'latest_only_with_trigger' retrieved from /Users/wanghaojin/Desktop/exchange@NUS/IS3107/HW/Project/news_data_pipeline/.venv/lib/python3.11/site-packages/airflow/example_dags/example_latest_only_with_trigger.py
[2024-04-12T19:50:01.443+0800] {logging_mixin.py:188} INFO - [2024-04-12T19:50:01.443+0800] {dag.py:3036} INFO - Sync 1 DAGs
[2024-04-12T19:50:01.451+0800] {logging_mixin.py:188} INFO - [2024-04-12T19:50:01.451+0800] {dag.py:3823} INFO - Setting next_dagrun for latest_only_with_trigger to 2024-04-12 04:00:00+00:00, run_after=2024-04-12 08:00:00+00:00
[2024-04-12T19:50:01.462+0800] {processor.py:183} INFO - Processing /Users/wanghaojin/Desktop/exchange@NUS/IS3107/HW/Project/news_data_pipeline/.venv/lib/python3.11/site-packages/airflow/example_dags/example_latest_only_with_trigger.py took 0.103 seconds
[2024-04-12T19:52:16.310+0800] {processor.py:161} INFO - Started process (PID=6180) to work on /Users/wanghaojin/Desktop/exchange@NUS/IS3107/HW/Project/news_data_pipeline/.venv/lib/python3.11/site-packages/airflow/example_dags/example_latest_only_with_trigger.py
[2024-04-12T19:52:16.311+0800] {processor.py:830} INFO - Processing file /Users/wanghaojin/Desktop/exchange@NUS/IS3107/HW/Project/news_data_pipeline/.venv/lib/python3.11/site-packages/airflow/example_dags/example_latest_only_with_trigger.py for tasks to queue
[2024-04-12T19:52:16.311+0800] {logging_mixin.py:188} INFO - [2024-04-12T19:52:16.311+0800] {dagbag.py:538} INFO - Filling up the DagBag from /Users/wanghaojin/Desktop/exchange@NUS/IS3107/HW/Project/news_data_pipeline/.venv/lib/python3.11/site-packages/airflow/example_dags/example_latest_only_with_trigger.py
[2024-04-12T19:52:16.315+0800] {processor.py:840} INFO - DAG(s) 'latest_only_with_trigger' retrieved from /Users/wanghaojin/Desktop/exchange@NUS/IS3107/HW/Project/news_data_pipeline/.venv/lib/python3.11/site-packages/airflow/example_dags/example_latest_only_with_trigger.py
[2024-04-12T19:52:16.393+0800] {logging_mixin.py:188} INFO - [2024-04-12T19:52:16.393+0800] {dag.py:3036} INFO - Sync 1 DAGs
[2024-04-12T19:52:16.401+0800] {logging_mixin.py:188} INFO - [2024-04-12T19:52:16.401+0800] {dag.py:3823} INFO - Setting next_dagrun for latest_only_with_trigger to 2024-04-12 04:00:00+00:00, run_after=2024-04-12 08:00:00+00:00
[2024-04-12T19:52:16.411+0800] {processor.py:183} INFO - Processing /Users/wanghaojin/Desktop/exchange@NUS/IS3107/HW/Project/news_data_pipeline/.venv/lib/python3.11/site-packages/airflow/example_dags/example_latest_only_with_trigger.py took 0.102 seconds
[2024-04-12T19:54:31.415+0800] {processor.py:161} INFO - Started process (PID=6311) to work on /Users/wanghaojin/Desktop/exchange@NUS/IS3107/HW/Project/news_data_pipeline/.venv/lib/python3.11/site-packages/airflow/example_dags/example_latest_only_with_trigger.py
[2024-04-12T19:54:31.416+0800] {processor.py:830} INFO - Processing file /Users/wanghaojin/Desktop/exchange@NUS/IS3107/HW/Project/news_data_pipeline/.venv/lib/python3.11/site-packages/airflow/example_dags/example_latest_only_with_trigger.py for tasks to queue
[2024-04-12T19:54:31.416+0800] {logging_mixin.py:188} INFO - [2024-04-12T19:54:31.416+0800] {dagbag.py:538} INFO - Filling up the DagBag from /Users/wanghaojin/Desktop/exchange@NUS/IS3107/HW/Project/news_data_pipeline/.venv/lib/python3.11/site-packages/airflow/example_dags/example_latest_only_with_trigger.py
[2024-04-12T19:54:31.420+0800] {processor.py:840} INFO - DAG(s) 'latest_only_with_trigger' retrieved from /Users/wanghaojin/Desktop/exchange@NUS/IS3107/HW/Project/news_data_pipeline/.venv/lib/python3.11/site-packages/airflow/example_dags/example_latest_only_with_trigger.py
[2024-04-12T19:54:31.498+0800] {logging_mixin.py:188} INFO - [2024-04-12T19:54:31.498+0800] {dag.py:3036} INFO - Sync 1 DAGs
[2024-04-12T19:54:31.507+0800] {logging_mixin.py:188} INFO - [2024-04-12T19:54:31.507+0800] {dag.py:3823} INFO - Setting next_dagrun for latest_only_with_trigger to 2024-04-12 04:00:00+00:00, run_after=2024-04-12 08:00:00+00:00
[2024-04-12T19:54:31.516+0800] {processor.py:183} INFO - Processing /Users/wanghaojin/Desktop/exchange@NUS/IS3107/HW/Project/news_data_pipeline/.venv/lib/python3.11/site-packages/airflow/example_dags/example_latest_only_with_trigger.py took 0.102 seconds
[2024-04-12T19:56:46.020+0800] {processor.py:161} INFO - Started process (PID=6487) to work on /Users/wanghaojin/Desktop/exchange@NUS/IS3107/HW/Project/news_data_pipeline/.venv/lib/python3.11/site-packages/airflow/example_dags/example_latest_only_with_trigger.py
[2024-04-12T19:56:46.020+0800] {processor.py:830} INFO - Processing file /Users/wanghaojin/Desktop/exchange@NUS/IS3107/HW/Project/news_data_pipeline/.venv/lib/python3.11/site-packages/airflow/example_dags/example_latest_only_with_trigger.py for tasks to queue
[2024-04-12T19:56:46.021+0800] {logging_mixin.py:188} INFO - [2024-04-12T19:56:46.021+0800] {dagbag.py:538} INFO - Filling up the DagBag from /Users/wanghaojin/Desktop/exchange@NUS/IS3107/HW/Project/news_data_pipeline/.venv/lib/python3.11/site-packages/airflow/example_dags/example_latest_only_with_trigger.py
[2024-04-12T19:56:46.025+0800] {processor.py:840} INFO - DAG(s) 'latest_only_with_trigger' retrieved from /Users/wanghaojin/Desktop/exchange@NUS/IS3107/HW/Project/news_data_pipeline/.venv/lib/python3.11/site-packages/airflow/example_dags/example_latest_only_with_trigger.py
[2024-04-12T19:56:46.103+0800] {logging_mixin.py:188} INFO - [2024-04-12T19:56:46.102+0800] {dag.py:3036} INFO - Sync 1 DAGs
[2024-04-12T19:56:46.111+0800] {logging_mixin.py:188} INFO - [2024-04-12T19:56:46.111+0800] {dag.py:3823} INFO - Setting next_dagrun for latest_only_with_trigger to 2024-04-12 04:00:00+00:00, run_after=2024-04-12 08:00:00+00:00
[2024-04-12T19:56:46.122+0800] {processor.py:183} INFO - Processing /Users/wanghaojin/Desktop/exchange@NUS/IS3107/HW/Project/news_data_pipeline/.venv/lib/python3.11/site-packages/airflow/example_dags/example_latest_only_with_trigger.py took 0.102 seconds
[2024-04-12T19:58:58.751+0800] {processor.py:161} INFO - Started process (PID=6612) to work on /Users/wanghaojin/Desktop/exchange@NUS/IS3107/HW/Project/news_data_pipeline/.venv/lib/python3.11/site-packages/airflow/example_dags/example_latest_only_with_trigger.py
[2024-04-12T19:58:58.752+0800] {processor.py:830} INFO - Processing file /Users/wanghaojin/Desktop/exchange@NUS/IS3107/HW/Project/news_data_pipeline/.venv/lib/python3.11/site-packages/airflow/example_dags/example_latest_only_with_trigger.py for tasks to queue
[2024-04-12T19:58:58.753+0800] {logging_mixin.py:188} INFO - [2024-04-12T19:58:58.753+0800] {dagbag.py:538} INFO - Filling up the DagBag from /Users/wanghaojin/Desktop/exchange@NUS/IS3107/HW/Project/news_data_pipeline/.venv/lib/python3.11/site-packages/airflow/example_dags/example_latest_only_with_trigger.py
[2024-04-12T19:58:58.757+0800] {processor.py:840} INFO - DAG(s) 'latest_only_with_trigger' retrieved from /Users/wanghaojin/Desktop/exchange@NUS/IS3107/HW/Project/news_data_pipeline/.venv/lib/python3.11/site-packages/airflow/example_dags/example_latest_only_with_trigger.py
[2024-04-12T19:58:58.835+0800] {logging_mixin.py:188} INFO - [2024-04-12T19:58:58.835+0800] {dag.py:3036} INFO - Sync 1 DAGs
[2024-04-12T19:58:58.844+0800] {logging_mixin.py:188} INFO - [2024-04-12T19:58:58.843+0800] {dag.py:3823} INFO - Setting next_dagrun for latest_only_with_trigger to 2024-04-12 04:00:00+00:00, run_after=2024-04-12 08:00:00+00:00
[2024-04-12T19:58:58.855+0800] {processor.py:183} INFO - Processing /Users/wanghaojin/Desktop/exchange@NUS/IS3107/HW/Project/news_data_pipeline/.venv/lib/python3.11/site-packages/airflow/example_dags/example_latest_only_with_trigger.py took 0.104 seconds
[2024-04-12T20:01:14.413+0800] {processor.py:161} INFO - Started process (PID=6795) to work on /Users/wanghaojin/Desktop/exchange@NUS/IS3107/HW/Project/news_data_pipeline/.venv/lib/python3.11/site-packages/airflow/example_dags/example_latest_only_with_trigger.py
[2024-04-12T20:01:14.414+0800] {processor.py:830} INFO - Processing file /Users/wanghaojin/Desktop/exchange@NUS/IS3107/HW/Project/news_data_pipeline/.venv/lib/python3.11/site-packages/airflow/example_dags/example_latest_only_with_trigger.py for tasks to queue
[2024-04-12T20:01:14.414+0800] {logging_mixin.py:188} INFO - [2024-04-12T20:01:14.414+0800] {dagbag.py:538} INFO - Filling up the DagBag from /Users/wanghaojin/Desktop/exchange@NUS/IS3107/HW/Project/news_data_pipeline/.venv/lib/python3.11/site-packages/airflow/example_dags/example_latest_only_with_trigger.py
[2024-04-12T20:01:14.418+0800] {processor.py:840} INFO - DAG(s) 'latest_only_with_trigger' retrieved from /Users/wanghaojin/Desktop/exchange@NUS/IS3107/HW/Project/news_data_pipeline/.venv/lib/python3.11/site-packages/airflow/example_dags/example_latest_only_with_trigger.py
[2024-04-12T20:01:14.496+0800] {logging_mixin.py:188} INFO - [2024-04-12T20:01:14.495+0800] {dag.py:3036} INFO - Sync 1 DAGs
[2024-04-12T20:01:14.504+0800] {logging_mixin.py:188} INFO - [2024-04-12T20:01:14.504+0800] {dag.py:3823} INFO - Setting next_dagrun for latest_only_with_trigger to 2024-04-12 08:00:00+00:00, run_after=2024-04-12 12:00:00+00:00
[2024-04-12T20:01:14.514+0800] {processor.py:183} INFO - Processing /Users/wanghaojin/Desktop/exchange@NUS/IS3107/HW/Project/news_data_pipeline/.venv/lib/python3.11/site-packages/airflow/example_dags/example_latest_only_with_trigger.py took 0.101 seconds
[2024-04-12T20:03:35.280+0800] {processor.py:161} INFO - Started process (PID=7099) to work on /Users/wanghaojin/Desktop/exchange@NUS/IS3107/HW/Project/news_data_pipeline/.venv/lib/python3.11/site-packages/airflow/example_dags/example_latest_only_with_trigger.py
[2024-04-12T20:03:35.281+0800] {processor.py:830} INFO - Processing file /Users/wanghaojin/Desktop/exchange@NUS/IS3107/HW/Project/news_data_pipeline/.venv/lib/python3.11/site-packages/airflow/example_dags/example_latest_only_with_trigger.py for tasks to queue
[2024-04-12T20:03:35.281+0800] {logging_mixin.py:188} INFO - [2024-04-12T20:03:35.281+0800] {dagbag.py:538} INFO - Filling up the DagBag from /Users/wanghaojin/Desktop/exchange@NUS/IS3107/HW/Project/news_data_pipeline/.venv/lib/python3.11/site-packages/airflow/example_dags/example_latest_only_with_trigger.py
[2024-04-12T20:03:35.286+0800] {processor.py:840} INFO - DAG(s) 'latest_only_with_trigger' retrieved from /Users/wanghaojin/Desktop/exchange@NUS/IS3107/HW/Project/news_data_pipeline/.venv/lib/python3.11/site-packages/airflow/example_dags/example_latest_only_with_trigger.py
[2024-04-12T20:03:35.364+0800] {logging_mixin.py:188} INFO - [2024-04-12T20:03:35.364+0800] {dag.py:3036} INFO - Sync 1 DAGs
[2024-04-12T20:03:35.373+0800] {logging_mixin.py:188} INFO - [2024-04-12T20:03:35.373+0800] {dag.py:3823} INFO - Setting next_dagrun for latest_only_with_trigger to 2024-04-12 08:00:00+00:00, run_after=2024-04-12 12:00:00+00:00
[2024-04-12T20:03:35.383+0800] {processor.py:183} INFO - Processing /Users/wanghaojin/Desktop/exchange@NUS/IS3107/HW/Project/news_data_pipeline/.venv/lib/python3.11/site-packages/airflow/example_dags/example_latest_only_with_trigger.py took 0.104 seconds
[2024-04-12T20:05:51.615+0800] {processor.py:161} INFO - Started process (PID=7298) to work on /Users/wanghaojin/Desktop/exchange@NUS/IS3107/HW/Project/news_data_pipeline/.venv/lib/python3.11/site-packages/airflow/example_dags/example_latest_only_with_trigger.py
[2024-04-12T20:05:51.616+0800] {processor.py:830} INFO - Processing file /Users/wanghaojin/Desktop/exchange@NUS/IS3107/HW/Project/news_data_pipeline/.venv/lib/python3.11/site-packages/airflow/example_dags/example_latest_only_with_trigger.py for tasks to queue
[2024-04-12T20:05:51.616+0800] {logging_mixin.py:188} INFO - [2024-04-12T20:05:51.616+0800] {dagbag.py:538} INFO - Filling up the DagBag from /Users/wanghaojin/Desktop/exchange@NUS/IS3107/HW/Project/news_data_pipeline/.venv/lib/python3.11/site-packages/airflow/example_dags/example_latest_only_with_trigger.py
[2024-04-12T20:05:51.620+0800] {processor.py:840} INFO - DAG(s) 'latest_only_with_trigger' retrieved from /Users/wanghaojin/Desktop/exchange@NUS/IS3107/HW/Project/news_data_pipeline/.venv/lib/python3.11/site-packages/airflow/example_dags/example_latest_only_with_trigger.py
[2024-04-12T20:05:51.698+0800] {logging_mixin.py:188} INFO - [2024-04-12T20:05:51.698+0800] {dag.py:3036} INFO - Sync 1 DAGs
[2024-04-12T20:05:51.707+0800] {logging_mixin.py:188} INFO - [2024-04-12T20:05:51.707+0800] {dag.py:3823} INFO - Setting next_dagrun for latest_only_with_trigger to 2024-04-12 08:00:00+00:00, run_after=2024-04-12 12:00:00+00:00
[2024-04-12T20:05:51.717+0800] {processor.py:183} INFO - Processing /Users/wanghaojin/Desktop/exchange@NUS/IS3107/HW/Project/news_data_pipeline/.venv/lib/python3.11/site-packages/airflow/example_dags/example_latest_only_with_trigger.py took 0.102 seconds
[2024-04-12T20:08:09.299+0800] {processor.py:161} INFO - Started process (PID=7507) to work on /Users/wanghaojin/Desktop/exchange@NUS/IS3107/HW/Project/news_data_pipeline/.venv/lib/python3.11/site-packages/airflow/example_dags/example_latest_only_with_trigger.py
[2024-04-12T20:08:09.299+0800] {processor.py:830} INFO - Processing file /Users/wanghaojin/Desktop/exchange@NUS/IS3107/HW/Project/news_data_pipeline/.venv/lib/python3.11/site-packages/airflow/example_dags/example_latest_only_with_trigger.py for tasks to queue
[2024-04-12T20:08:09.300+0800] {logging_mixin.py:188} INFO - [2024-04-12T20:08:09.300+0800] {dagbag.py:538} INFO - Filling up the DagBag from /Users/wanghaojin/Desktop/exchange@NUS/IS3107/HW/Project/news_data_pipeline/.venv/lib/python3.11/site-packages/airflow/example_dags/example_latest_only_with_trigger.py
[2024-04-12T20:08:09.304+0800] {processor.py:840} INFO - DAG(s) 'latest_only_with_trigger' retrieved from /Users/wanghaojin/Desktop/exchange@NUS/IS3107/HW/Project/news_data_pipeline/.venv/lib/python3.11/site-packages/airflow/example_dags/example_latest_only_with_trigger.py
[2024-04-12T20:08:09.381+0800] {logging_mixin.py:188} INFO - [2024-04-12T20:08:09.381+0800] {dag.py:3036} INFO - Sync 1 DAGs
[2024-04-12T20:08:09.390+0800] {logging_mixin.py:188} INFO - [2024-04-12T20:08:09.390+0800] {dag.py:3823} INFO - Setting next_dagrun for latest_only_with_trigger to 2024-04-12 08:00:00+00:00, run_after=2024-04-12 12:00:00+00:00
[2024-04-12T20:08:09.400+0800] {processor.py:183} INFO - Processing /Users/wanghaojin/Desktop/exchange@NUS/IS3107/HW/Project/news_data_pipeline/.venv/lib/python3.11/site-packages/airflow/example_dags/example_latest_only_with_trigger.py took 0.102 seconds
[2024-04-12T20:10:26.781+0800] {processor.py:161} INFO - Started process (PID=7693) to work on /Users/wanghaojin/Desktop/exchange@NUS/IS3107/HW/Project/news_data_pipeline/.venv/lib/python3.11/site-packages/airflow/example_dags/example_latest_only_with_trigger.py
[2024-04-12T20:10:26.782+0800] {processor.py:830} INFO - Processing file /Users/wanghaojin/Desktop/exchange@NUS/IS3107/HW/Project/news_data_pipeline/.venv/lib/python3.11/site-packages/airflow/example_dags/example_latest_only_with_trigger.py for tasks to queue
[2024-04-12T20:10:26.782+0800] {logging_mixin.py:188} INFO - [2024-04-12T20:10:26.782+0800] {dagbag.py:538} INFO - Filling up the DagBag from /Users/wanghaojin/Desktop/exchange@NUS/IS3107/HW/Project/news_data_pipeline/.venv/lib/python3.11/site-packages/airflow/example_dags/example_latest_only_with_trigger.py
[2024-04-12T20:10:26.786+0800] {processor.py:840} INFO - DAG(s) 'latest_only_with_trigger' retrieved from /Users/wanghaojin/Desktop/exchange@NUS/IS3107/HW/Project/news_data_pipeline/.venv/lib/python3.11/site-packages/airflow/example_dags/example_latest_only_with_trigger.py
[2024-04-12T20:10:26.864+0800] {logging_mixin.py:188} INFO - [2024-04-12T20:10:26.864+0800] {dag.py:3036} INFO - Sync 1 DAGs
[2024-04-12T20:10:26.873+0800] {logging_mixin.py:188} INFO - [2024-04-12T20:10:26.873+0800] {dag.py:3823} INFO - Setting next_dagrun for latest_only_with_trigger to 2024-04-12 08:00:00+00:00, run_after=2024-04-12 12:00:00+00:00
[2024-04-12T20:10:26.883+0800] {processor.py:183} INFO - Processing /Users/wanghaojin/Desktop/exchange@NUS/IS3107/HW/Project/news_data_pipeline/.venv/lib/python3.11/site-packages/airflow/example_dags/example_latest_only_with_trigger.py took 0.102 seconds
[2024-04-12T20:12:43.965+0800] {processor.py:161} INFO - Started process (PID=7928) to work on /Users/wanghaojin/Desktop/exchange@NUS/IS3107/HW/Project/news_data_pipeline/.venv/lib/python3.11/site-packages/airflow/example_dags/example_latest_only_with_trigger.py
[2024-04-12T20:12:43.966+0800] {processor.py:830} INFO - Processing file /Users/wanghaojin/Desktop/exchange@NUS/IS3107/HW/Project/news_data_pipeline/.venv/lib/python3.11/site-packages/airflow/example_dags/example_latest_only_with_trigger.py for tasks to queue
[2024-04-12T20:12:43.966+0800] {logging_mixin.py:188} INFO - [2024-04-12T20:12:43.966+0800] {dagbag.py:538} INFO - Filling up the DagBag from /Users/wanghaojin/Desktop/exchange@NUS/IS3107/HW/Project/news_data_pipeline/.venv/lib/python3.11/site-packages/airflow/example_dags/example_latest_only_with_trigger.py
[2024-04-12T20:12:43.971+0800] {processor.py:840} INFO - DAG(s) 'latest_only_with_trigger' retrieved from /Users/wanghaojin/Desktop/exchange@NUS/IS3107/HW/Project/news_data_pipeline/.venv/lib/python3.11/site-packages/airflow/example_dags/example_latest_only_with_trigger.py
[2024-04-12T20:12:44.053+0800] {logging_mixin.py:188} INFO - [2024-04-12T20:12:44.052+0800] {dag.py:3036} INFO - Sync 1 DAGs
[2024-04-12T20:12:44.061+0800] {logging_mixin.py:188} INFO - [2024-04-12T20:12:44.061+0800] {dag.py:3823} INFO - Setting next_dagrun for latest_only_with_trigger to 2024-04-12 08:00:00+00:00, run_after=2024-04-12 12:00:00+00:00
[2024-04-12T20:12:44.071+0800] {processor.py:183} INFO - Processing /Users/wanghaojin/Desktop/exchange@NUS/IS3107/HW/Project/news_data_pipeline/.venv/lib/python3.11/site-packages/airflow/example_dags/example_latest_only_with_trigger.py took 0.107 seconds
[2024-04-12T20:15:01.406+0800] {processor.py:161} INFO - Started process (PID=8165) to work on /Users/wanghaojin/Desktop/exchange@NUS/IS3107/HW/Project/news_data_pipeline/.venv/lib/python3.11/site-packages/airflow/example_dags/example_latest_only_with_trigger.py
[2024-04-12T20:15:01.408+0800] {processor.py:830} INFO - Processing file /Users/wanghaojin/Desktop/exchange@NUS/IS3107/HW/Project/news_data_pipeline/.venv/lib/python3.11/site-packages/airflow/example_dags/example_latest_only_with_trigger.py for tasks to queue
[2024-04-12T20:15:01.408+0800] {logging_mixin.py:188} INFO - [2024-04-12T20:15:01.408+0800] {dagbag.py:538} INFO - Filling up the DagBag from /Users/wanghaojin/Desktop/exchange@NUS/IS3107/HW/Project/news_data_pipeline/.venv/lib/python3.11/site-packages/airflow/example_dags/example_latest_only_with_trigger.py
[2024-04-12T20:15:01.413+0800] {processor.py:840} INFO - DAG(s) 'latest_only_with_trigger' retrieved from /Users/wanghaojin/Desktop/exchange@NUS/IS3107/HW/Project/news_data_pipeline/.venv/lib/python3.11/site-packages/airflow/example_dags/example_latest_only_with_trigger.py
[2024-04-12T20:15:01.495+0800] {logging_mixin.py:188} INFO - [2024-04-12T20:15:01.495+0800] {dag.py:3036} INFO - Sync 1 DAGs
[2024-04-12T20:15:01.504+0800] {logging_mixin.py:188} INFO - [2024-04-12T20:15:01.504+0800] {dag.py:3823} INFO - Setting next_dagrun for latest_only_with_trigger to 2024-04-12 08:00:00+00:00, run_after=2024-04-12 12:00:00+00:00
[2024-04-12T20:15:01.514+0800] {processor.py:183} INFO - Processing /Users/wanghaojin/Desktop/exchange@NUS/IS3107/HW/Project/news_data_pipeline/.venv/lib/python3.11/site-packages/airflow/example_dags/example_latest_only_with_trigger.py took 0.108 seconds
[2024-04-12T20:17:19.846+0800] {processor.py:161} INFO - Started process (PID=8461) to work on /Users/wanghaojin/Desktop/exchange@NUS/IS3107/HW/Project/news_data_pipeline/.venv/lib/python3.11/site-packages/airflow/example_dags/example_latest_only_with_trigger.py
[2024-04-12T20:17:19.847+0800] {processor.py:830} INFO - Processing file /Users/wanghaojin/Desktop/exchange@NUS/IS3107/HW/Project/news_data_pipeline/.venv/lib/python3.11/site-packages/airflow/example_dags/example_latest_only_with_trigger.py for tasks to queue
[2024-04-12T20:17:19.848+0800] {logging_mixin.py:188} INFO - [2024-04-12T20:17:19.848+0800] {dagbag.py:538} INFO - Filling up the DagBag from /Users/wanghaojin/Desktop/exchange@NUS/IS3107/HW/Project/news_data_pipeline/.venv/lib/python3.11/site-packages/airflow/example_dags/example_latest_only_with_trigger.py
[2024-04-12T20:17:19.854+0800] {processor.py:840} INFO - DAG(s) 'latest_only_with_trigger' retrieved from /Users/wanghaojin/Desktop/exchange@NUS/IS3107/HW/Project/news_data_pipeline/.venv/lib/python3.11/site-packages/airflow/example_dags/example_latest_only_with_trigger.py
[2024-04-12T20:17:19.940+0800] {logging_mixin.py:188} INFO - [2024-04-12T20:17:19.940+0800] {dag.py:3036} INFO - Sync 1 DAGs
[2024-04-12T20:17:19.949+0800] {logging_mixin.py:188} INFO - [2024-04-12T20:17:19.949+0800] {dag.py:3823} INFO - Setting next_dagrun for latest_only_with_trigger to 2024-04-12 08:00:00+00:00, run_after=2024-04-12 12:00:00+00:00
[2024-04-12T20:17:19.960+0800] {processor.py:183} INFO - Processing /Users/wanghaojin/Desktop/exchange@NUS/IS3107/HW/Project/news_data_pipeline/.venv/lib/python3.11/site-packages/airflow/example_dags/example_latest_only_with_trigger.py took 0.114 seconds
[2024-04-12T20:19:20.707+0800] {processor.py:161} INFO - Started process (PID=8744) to work on /Users/wanghaojin/Desktop/exchange@NUS/IS3107/HW/Project/news_data_pipeline/.venv/lib/python3.11/site-packages/airflow/example_dags/example_latest_only_with_trigger.py
[2024-04-12T20:19:20.709+0800] {processor.py:830} INFO - Processing file /Users/wanghaojin/Desktop/exchange@NUS/IS3107/HW/Project/news_data_pipeline/.venv/lib/python3.11/site-packages/airflow/example_dags/example_latest_only_with_trigger.py for tasks to queue
[2024-04-12T20:19:20.709+0800] {logging_mixin.py:188} INFO - [2024-04-12T20:19:20.709+0800] {dagbag.py:538} INFO - Filling up the DagBag from /Users/wanghaojin/Desktop/exchange@NUS/IS3107/HW/Project/news_data_pipeline/.venv/lib/python3.11/site-packages/airflow/example_dags/example_latest_only_with_trigger.py
[2024-04-12T20:19:20.714+0800] {processor.py:840} INFO - DAG(s) 'latest_only_with_trigger' retrieved from /Users/wanghaojin/Desktop/exchange@NUS/IS3107/HW/Project/news_data_pipeline/.venv/lib/python3.11/site-packages/airflow/example_dags/example_latest_only_with_trigger.py
[2024-04-12T20:19:20.835+0800] {logging_mixin.py:188} INFO - [2024-04-12T20:19:20.835+0800] {dag.py:3036} INFO - Sync 1 DAGs
[2024-04-12T20:19:20.844+0800] {logging_mixin.py:188} INFO - [2024-04-12T20:19:20.844+0800] {dag.py:3823} INFO - Setting next_dagrun for latest_only_with_trigger to 2024-04-12 08:00:00+00:00, run_after=2024-04-12 12:00:00+00:00
[2024-04-12T20:19:20.854+0800] {processor.py:183} INFO - Processing /Users/wanghaojin/Desktop/exchange@NUS/IS3107/HW/Project/news_data_pipeline/.venv/lib/python3.11/site-packages/airflow/example_dags/example_latest_only_with_trigger.py took 0.147 seconds
[2024-04-12T20:21:40.219+0800] {processor.py:161} INFO - Started process (PID=8945) to work on /Users/wanghaojin/Desktop/exchange@NUS/IS3107/HW/Project/news_data_pipeline/.venv/lib/python3.11/site-packages/airflow/example_dags/example_latest_only_with_trigger.py
[2024-04-12T20:21:40.220+0800] {processor.py:830} INFO - Processing file /Users/wanghaojin/Desktop/exchange@NUS/IS3107/HW/Project/news_data_pipeline/.venv/lib/python3.11/site-packages/airflow/example_dags/example_latest_only_with_trigger.py for tasks to queue
[2024-04-12T20:21:40.220+0800] {logging_mixin.py:188} INFO - [2024-04-12T20:21:40.220+0800] {dagbag.py:538} INFO - Filling up the DagBag from /Users/wanghaojin/Desktop/exchange@NUS/IS3107/HW/Project/news_data_pipeline/.venv/lib/python3.11/site-packages/airflow/example_dags/example_latest_only_with_trigger.py
[2024-04-12T20:21:40.225+0800] {processor.py:840} INFO - DAG(s) 'latest_only_with_trigger' retrieved from /Users/wanghaojin/Desktop/exchange@NUS/IS3107/HW/Project/news_data_pipeline/.venv/lib/python3.11/site-packages/airflow/example_dags/example_latest_only_with_trigger.py
[2024-04-12T20:21:40.346+0800] {logging_mixin.py:188} INFO - [2024-04-12T20:21:40.346+0800] {dag.py:3036} INFO - Sync 1 DAGs
[2024-04-12T20:21:40.355+0800] {logging_mixin.py:188} INFO - [2024-04-12T20:21:40.355+0800] {dag.py:3823} INFO - Setting next_dagrun for latest_only_with_trigger to 2024-04-12 08:00:00+00:00, run_after=2024-04-12 12:00:00+00:00
[2024-04-12T20:21:40.365+0800] {processor.py:183} INFO - Processing /Users/wanghaojin/Desktop/exchange@NUS/IS3107/HW/Project/news_data_pipeline/.venv/lib/python3.11/site-packages/airflow/example_dags/example_latest_only_with_trigger.py took 0.147 seconds
[2024-04-12T20:23:19.160+0800] {processor.py:161} INFO - Started process (PID=9051) to work on /Users/wanghaojin/Desktop/exchange@NUS/IS3107/HW/Project/news_data_pipeline/.venv/lib/python3.11/site-packages/airflow/example_dags/example_latest_only_with_trigger.py
[2024-04-12T20:23:19.161+0800] {processor.py:830} INFO - Processing file /Users/wanghaojin/Desktop/exchange@NUS/IS3107/HW/Project/news_data_pipeline/.venv/lib/python3.11/site-packages/airflow/example_dags/example_latest_only_with_trigger.py for tasks to queue
[2024-04-12T20:23:19.161+0800] {logging_mixin.py:188} INFO - [2024-04-12T20:23:19.161+0800] {dagbag.py:538} INFO - Filling up the DagBag from /Users/wanghaojin/Desktop/exchange@NUS/IS3107/HW/Project/news_data_pipeline/.venv/lib/python3.11/site-packages/airflow/example_dags/example_latest_only_with_trigger.py
[2024-04-12T20:23:19.168+0800] {processor.py:840} INFO - DAG(s) 'latest_only_with_trigger' retrieved from /Users/wanghaojin/Desktop/exchange@NUS/IS3107/HW/Project/news_data_pipeline/.venv/lib/python3.11/site-packages/airflow/example_dags/example_latest_only_with_trigger.py
[2024-04-12T20:23:19.267+0800] {logging_mixin.py:188} INFO - [2024-04-12T20:23:19.266+0800] {dag.py:3036} INFO - Sync 1 DAGs
[2024-04-12T20:23:19.276+0800] {logging_mixin.py:188} INFO - [2024-04-12T20:23:19.276+0800] {dag.py:3823} INFO - Setting next_dagrun for latest_only_with_trigger to 2024-04-12 08:00:00+00:00, run_after=2024-04-12 12:00:00+00:00
[2024-04-12T20:23:19.290+0800] {processor.py:183} INFO - Processing /Users/wanghaojin/Desktop/exchange@NUS/IS3107/HW/Project/news_data_pipeline/.venv/lib/python3.11/site-packages/airflow/example_dags/example_latest_only_with_trigger.py took 0.131 seconds
[2024-04-12T20:25:51.927+0800] {processor.py:161} INFO - Started process (PID=9284) to work on /Users/wanghaojin/Desktop/exchange@NUS/IS3107/HW/Project/news_data_pipeline/.venv/lib/python3.11/site-packages/airflow/example_dags/example_latest_only_with_trigger.py
[2024-04-12T20:25:51.928+0800] {processor.py:830} INFO - Processing file /Users/wanghaojin/Desktop/exchange@NUS/IS3107/HW/Project/news_data_pipeline/.venv/lib/python3.11/site-packages/airflow/example_dags/example_latest_only_with_trigger.py for tasks to queue
[2024-04-12T20:25:51.929+0800] {logging_mixin.py:188} INFO - [2024-04-12T20:25:51.928+0800] {dagbag.py:538} INFO - Filling up the DagBag from /Users/wanghaojin/Desktop/exchange@NUS/IS3107/HW/Project/news_data_pipeline/.venv/lib/python3.11/site-packages/airflow/example_dags/example_latest_only_with_trigger.py
[2024-04-12T20:25:51.933+0800] {processor.py:840} INFO - DAG(s) 'latest_only_with_trigger' retrieved from /Users/wanghaojin/Desktop/exchange@NUS/IS3107/HW/Project/news_data_pipeline/.venv/lib/python3.11/site-packages/airflow/example_dags/example_latest_only_with_trigger.py
[2024-04-12T20:25:52.010+0800] {logging_mixin.py:188} INFO - [2024-04-12T20:25:52.010+0800] {dag.py:3036} INFO - Sync 1 DAGs
[2024-04-12T20:25:52.019+0800] {logging_mixin.py:188} INFO - [2024-04-12T20:25:52.019+0800] {dag.py:3823} INFO - Setting next_dagrun for latest_only_with_trigger to 2024-04-12 08:00:00+00:00, run_after=2024-04-12 12:00:00+00:00
[2024-04-12T20:25:52.029+0800] {processor.py:183} INFO - Processing /Users/wanghaojin/Desktop/exchange@NUS/IS3107/HW/Project/news_data_pipeline/.venv/lib/python3.11/site-packages/airflow/example_dags/example_latest_only_with_trigger.py took 0.102 seconds
[2024-04-12T20:28:10.756+0800] {processor.py:161} INFO - Started process (PID=9547) to work on /Users/wanghaojin/Desktop/exchange@NUS/IS3107/HW/Project/news_data_pipeline/.venv/lib/python3.11/site-packages/airflow/example_dags/example_latest_only_with_trigger.py
[2024-04-12T20:28:10.757+0800] {processor.py:830} INFO - Processing file /Users/wanghaojin/Desktop/exchange@NUS/IS3107/HW/Project/news_data_pipeline/.venv/lib/python3.11/site-packages/airflow/example_dags/example_latest_only_with_trigger.py for tasks to queue
[2024-04-12T20:28:10.758+0800] {logging_mixin.py:188} INFO - [2024-04-12T20:28:10.758+0800] {dagbag.py:538} INFO - Filling up the DagBag from /Users/wanghaojin/Desktop/exchange@NUS/IS3107/HW/Project/news_data_pipeline/.venv/lib/python3.11/site-packages/airflow/example_dags/example_latest_only_with_trigger.py
[2024-04-12T20:28:10.762+0800] {processor.py:840} INFO - DAG(s) 'latest_only_with_trigger' retrieved from /Users/wanghaojin/Desktop/exchange@NUS/IS3107/HW/Project/news_data_pipeline/.venv/lib/python3.11/site-packages/airflow/example_dags/example_latest_only_with_trigger.py
[2024-04-12T20:28:10.840+0800] {logging_mixin.py:188} INFO - [2024-04-12T20:28:10.840+0800] {dag.py:3036} INFO - Sync 1 DAGs
[2024-04-12T20:28:10.849+0800] {logging_mixin.py:188} INFO - [2024-04-12T20:28:10.848+0800] {dag.py:3823} INFO - Setting next_dagrun for latest_only_with_trigger to 2024-04-12 08:00:00+00:00, run_after=2024-04-12 12:00:00+00:00
[2024-04-12T20:28:10.859+0800] {processor.py:183} INFO - Processing /Users/wanghaojin/Desktop/exchange@NUS/IS3107/HW/Project/news_data_pipeline/.venv/lib/python3.11/site-packages/airflow/example_dags/example_latest_only_with_trigger.py took 0.103 seconds
[2024-04-12T20:30:24.975+0800] {processor.py:161} INFO - Started process (PID=9834) to work on /Users/wanghaojin/Desktop/exchange@NUS/IS3107/HW/Project/news_data_pipeline/.venv/lib/python3.11/site-packages/airflow/example_dags/example_latest_only_with_trigger.py
[2024-04-12T20:30:24.976+0800] {processor.py:830} INFO - Processing file /Users/wanghaojin/Desktop/exchange@NUS/IS3107/HW/Project/news_data_pipeline/.venv/lib/python3.11/site-packages/airflow/example_dags/example_latest_only_with_trigger.py for tasks to queue
[2024-04-12T20:30:24.976+0800] {logging_mixin.py:188} INFO - [2024-04-12T20:30:24.976+0800] {dagbag.py:538} INFO - Filling up the DagBag from /Users/wanghaojin/Desktop/exchange@NUS/IS3107/HW/Project/news_data_pipeline/.venv/lib/python3.11/site-packages/airflow/example_dags/example_latest_only_with_trigger.py
[2024-04-12T20:30:24.980+0800] {processor.py:840} INFO - DAG(s) 'latest_only_with_trigger' retrieved from /Users/wanghaojin/Desktop/exchange@NUS/IS3107/HW/Project/news_data_pipeline/.venv/lib/python3.11/site-packages/airflow/example_dags/example_latest_only_with_trigger.py
[2024-04-12T20:30:25.103+0800] {logging_mixin.py:188} INFO - [2024-04-12T20:30:25.103+0800] {dag.py:3036} INFO - Sync 1 DAGs
[2024-04-12T20:30:25.113+0800] {logging_mixin.py:188} INFO - [2024-04-12T20:30:25.113+0800] {dag.py:3823} INFO - Setting next_dagrun for latest_only_with_trigger to 2024-04-12 08:00:00+00:00, run_after=2024-04-12 12:00:00+00:00
[2024-04-12T20:30:25.123+0800] {processor.py:183} INFO - Processing /Users/wanghaojin/Desktop/exchange@NUS/IS3107/HW/Project/news_data_pipeline/.venv/lib/python3.11/site-packages/airflow/example_dags/example_latest_only_with_trigger.py took 0.149 seconds
[2024-04-12T20:32:05.174+0800] {processor.py:161} INFO - Started process (PID=9978) to work on /Users/wanghaojin/Desktop/exchange@NUS/IS3107/HW/Project/news_data_pipeline/.venv/lib/python3.11/site-packages/airflow/example_dags/example_latest_only_with_trigger.py
[2024-04-12T20:32:05.178+0800] {processor.py:830} INFO - Processing file /Users/wanghaojin/Desktop/exchange@NUS/IS3107/HW/Project/news_data_pipeline/.venv/lib/python3.11/site-packages/airflow/example_dags/example_latest_only_with_trigger.py for tasks to queue
[2024-04-12T20:32:05.178+0800] {logging_mixin.py:188} INFO - [2024-04-12T20:32:05.178+0800] {dagbag.py:538} INFO - Filling up the DagBag from /Users/wanghaojin/Desktop/exchange@NUS/IS3107/HW/Project/news_data_pipeline/.venv/lib/python3.11/site-packages/airflow/example_dags/example_latest_only_with_trigger.py
[2024-04-12T20:32:05.195+0800] {processor.py:840} INFO - DAG(s) 'latest_only_with_trigger' retrieved from /Users/wanghaojin/Desktop/exchange@NUS/IS3107/HW/Project/news_data_pipeline/.venv/lib/python3.11/site-packages/airflow/example_dags/example_latest_only_with_trigger.py
[2024-04-12T20:32:05.465+0800] {logging_mixin.py:188} INFO - [2024-04-12T20:32:05.464+0800] {dag.py:3036} INFO - Sync 1 DAGs
[2024-04-12T20:32:05.495+0800] {logging_mixin.py:188} INFO - [2024-04-12T20:32:05.495+0800] {dag.py:3823} INFO - Setting next_dagrun for latest_only_with_trigger to 2024-04-12 08:00:00+00:00, run_after=2024-04-12 12:00:00+00:00
[2024-04-12T20:32:05.521+0800] {processor.py:183} INFO - Processing /Users/wanghaojin/Desktop/exchange@NUS/IS3107/HW/Project/news_data_pipeline/.venv/lib/python3.11/site-packages/airflow/example_dags/example_latest_only_with_trigger.py took 0.348 seconds
[2024-04-12T20:35:50.416+0800] {processor.py:161} INFO - Started process (PID=10417) to work on /Users/wanghaojin/Desktop/exchange@NUS/IS3107/HW/Project/news_data_pipeline/.venv/lib/python3.11/site-packages/airflow/example_dags/example_latest_only_with_trigger.py
[2024-04-12T20:35:50.417+0800] {processor.py:830} INFO - Processing file /Users/wanghaojin/Desktop/exchange@NUS/IS3107/HW/Project/news_data_pipeline/.venv/lib/python3.11/site-packages/airflow/example_dags/example_latest_only_with_trigger.py for tasks to queue
[2024-04-12T20:35:50.418+0800] {logging_mixin.py:188} INFO - [2024-04-12T20:35:50.418+0800] {dagbag.py:538} INFO - Filling up the DagBag from /Users/wanghaojin/Desktop/exchange@NUS/IS3107/HW/Project/news_data_pipeline/.venv/lib/python3.11/site-packages/airflow/example_dags/example_latest_only_with_trigger.py
[2024-04-12T20:35:50.422+0800] {processor.py:840} INFO - DAG(s) 'latest_only_with_trigger' retrieved from /Users/wanghaojin/Desktop/exchange@NUS/IS3107/HW/Project/news_data_pipeline/.venv/lib/python3.11/site-packages/airflow/example_dags/example_latest_only_with_trigger.py
[2024-04-12T20:35:50.549+0800] {logging_mixin.py:188} INFO - [2024-04-12T20:35:50.548+0800] {dag.py:3036} INFO - Sync 1 DAGs
[2024-04-12T20:35:50.558+0800] {logging_mixin.py:188} INFO - [2024-04-12T20:35:50.558+0800] {dag.py:3823} INFO - Setting next_dagrun for latest_only_with_trigger to 2024-04-12 08:00:00+00:00, run_after=2024-04-12 12:00:00+00:00
[2024-04-12T20:35:50.569+0800] {processor.py:183} INFO - Processing /Users/wanghaojin/Desktop/exchange@NUS/IS3107/HW/Project/news_data_pipeline/.venv/lib/python3.11/site-packages/airflow/example_dags/example_latest_only_with_trigger.py took 0.153 seconds
[2024-04-12T20:37:12.136+0800] {processor.py:161} INFO - Started process (PID=10570) to work on /Users/wanghaojin/Desktop/exchange@NUS/IS3107/HW/Project/news_data_pipeline/.venv/lib/python3.11/site-packages/airflow/example_dags/example_latest_only_with_trigger.py
[2024-04-12T20:37:12.137+0800] {processor.py:830} INFO - Processing file /Users/wanghaojin/Desktop/exchange@NUS/IS3107/HW/Project/news_data_pipeline/.venv/lib/python3.11/site-packages/airflow/example_dags/example_latest_only_with_trigger.py for tasks to queue
[2024-04-12T20:37:12.137+0800] {logging_mixin.py:188} INFO - [2024-04-12T20:37:12.137+0800] {dagbag.py:538} INFO - Filling up the DagBag from /Users/wanghaojin/Desktop/exchange@NUS/IS3107/HW/Project/news_data_pipeline/.venv/lib/python3.11/site-packages/airflow/example_dags/example_latest_only_with_trigger.py
[2024-04-12T20:37:12.141+0800] {processor.py:840} INFO - DAG(s) 'latest_only_with_trigger' retrieved from /Users/wanghaojin/Desktop/exchange@NUS/IS3107/HW/Project/news_data_pipeline/.venv/lib/python3.11/site-packages/airflow/example_dags/example_latest_only_with_trigger.py
[2024-04-12T20:37:12.263+0800] {logging_mixin.py:188} INFO - [2024-04-12T20:37:12.263+0800] {dag.py:3036} INFO - Sync 1 DAGs
[2024-04-12T20:37:12.272+0800] {logging_mixin.py:188} INFO - [2024-04-12T20:37:12.272+0800] {dag.py:3823} INFO - Setting next_dagrun for latest_only_with_trigger to 2024-04-12 08:00:00+00:00, run_after=2024-04-12 12:00:00+00:00
[2024-04-12T20:37:12.282+0800] {processor.py:183} INFO - Processing /Users/wanghaojin/Desktop/exchange@NUS/IS3107/HW/Project/news_data_pipeline/.venv/lib/python3.11/site-packages/airflow/example_dags/example_latest_only_with_trigger.py took 0.146 seconds
[2024-04-12T20:38:51.418+0800] {processor.py:161} INFO - Started process (PID=10718) to work on /Users/wanghaojin/Desktop/exchange@NUS/IS3107/HW/Project/news_data_pipeline/.venv/lib/python3.11/site-packages/airflow/example_dags/example_latest_only_with_trigger.py
[2024-04-12T20:38:51.419+0800] {processor.py:830} INFO - Processing file /Users/wanghaojin/Desktop/exchange@NUS/IS3107/HW/Project/news_data_pipeline/.venv/lib/python3.11/site-packages/airflow/example_dags/example_latest_only_with_trigger.py for tasks to queue
[2024-04-12T20:38:51.419+0800] {logging_mixin.py:188} INFO - [2024-04-12T20:38:51.419+0800] {dagbag.py:538} INFO - Filling up the DagBag from /Users/wanghaojin/Desktop/exchange@NUS/IS3107/HW/Project/news_data_pipeline/.venv/lib/python3.11/site-packages/airflow/example_dags/example_latest_only_with_trigger.py
[2024-04-12T20:38:51.423+0800] {processor.py:840} INFO - DAG(s) 'latest_only_with_trigger' retrieved from /Users/wanghaojin/Desktop/exchange@NUS/IS3107/HW/Project/news_data_pipeline/.venv/lib/python3.11/site-packages/airflow/example_dags/example_latest_only_with_trigger.py
[2024-04-12T20:38:51.501+0800] {logging_mixin.py:188} INFO - [2024-04-12T20:38:51.501+0800] {dag.py:3036} INFO - Sync 1 DAGs
[2024-04-12T20:38:51.510+0800] {logging_mixin.py:188} INFO - [2024-04-12T20:38:51.510+0800] {dag.py:3823} INFO - Setting next_dagrun for latest_only_with_trigger to 2024-04-12 08:00:00+00:00, run_after=2024-04-12 12:00:00+00:00
[2024-04-12T20:38:51.520+0800] {processor.py:183} INFO - Processing /Users/wanghaojin/Desktop/exchange@NUS/IS3107/HW/Project/news_data_pipeline/.venv/lib/python3.11/site-packages/airflow/example_dags/example_latest_only_with_trigger.py took 0.102 seconds
[2024-04-12T20:41:06.335+0800] {processor.py:161} INFO - Started process (PID=10912) to work on /Users/wanghaojin/Desktop/exchange@NUS/IS3107/HW/Project/news_data_pipeline/.venv/lib/python3.11/site-packages/airflow/example_dags/example_latest_only_with_trigger.py
[2024-04-12T20:41:06.336+0800] {processor.py:830} INFO - Processing file /Users/wanghaojin/Desktop/exchange@NUS/IS3107/HW/Project/news_data_pipeline/.venv/lib/python3.11/site-packages/airflow/example_dags/example_latest_only_with_trigger.py for tasks to queue
[2024-04-12T20:41:06.336+0800] {logging_mixin.py:188} INFO - [2024-04-12T20:41:06.336+0800] {dagbag.py:538} INFO - Filling up the DagBag from /Users/wanghaojin/Desktop/exchange@NUS/IS3107/HW/Project/news_data_pipeline/.venv/lib/python3.11/site-packages/airflow/example_dags/example_latest_only_with_trigger.py
[2024-04-12T20:41:06.340+0800] {processor.py:840} INFO - DAG(s) 'latest_only_with_trigger' retrieved from /Users/wanghaojin/Desktop/exchange@NUS/IS3107/HW/Project/news_data_pipeline/.venv/lib/python3.11/site-packages/airflow/example_dags/example_latest_only_with_trigger.py
[2024-04-12T20:41:06.418+0800] {logging_mixin.py:188} INFO - [2024-04-12T20:41:06.418+0800] {dag.py:3036} INFO - Sync 1 DAGs
[2024-04-12T20:41:06.427+0800] {logging_mixin.py:188} INFO - [2024-04-12T20:41:06.427+0800] {dag.py:3823} INFO - Setting next_dagrun for latest_only_with_trigger to 2024-04-12 08:00:00+00:00, run_after=2024-04-12 12:00:00+00:00
[2024-04-12T20:41:06.437+0800] {processor.py:183} INFO - Processing /Users/wanghaojin/Desktop/exchange@NUS/IS3107/HW/Project/news_data_pipeline/.venv/lib/python3.11/site-packages/airflow/example_dags/example_latest_only_with_trigger.py took 0.102 seconds
[2024-04-12T20:43:28.166+0800] {processor.py:161} INFO - Started process (PID=11131) to work on /Users/wanghaojin/Desktop/exchange@NUS/IS3107/HW/Project/news_data_pipeline/.venv/lib/python3.11/site-packages/airflow/example_dags/example_latest_only_with_trigger.py
[2024-04-12T20:43:28.167+0800] {processor.py:830} INFO - Processing file /Users/wanghaojin/Desktop/exchange@NUS/IS3107/HW/Project/news_data_pipeline/.venv/lib/python3.11/site-packages/airflow/example_dags/example_latest_only_with_trigger.py for tasks to queue
[2024-04-12T20:43:28.167+0800] {logging_mixin.py:188} INFO - [2024-04-12T20:43:28.167+0800] {dagbag.py:538} INFO - Filling up the DagBag from /Users/wanghaojin/Desktop/exchange@NUS/IS3107/HW/Project/news_data_pipeline/.venv/lib/python3.11/site-packages/airflow/example_dags/example_latest_only_with_trigger.py
[2024-04-12T20:43:28.172+0800] {processor.py:840} INFO - DAG(s) 'latest_only_with_trigger' retrieved from /Users/wanghaojin/Desktop/exchange@NUS/IS3107/HW/Project/news_data_pipeline/.venv/lib/python3.11/site-packages/airflow/example_dags/example_latest_only_with_trigger.py
[2024-04-12T20:43:28.249+0800] {logging_mixin.py:188} INFO - [2024-04-12T20:43:28.249+0800] {dag.py:3036} INFO - Sync 1 DAGs
[2024-04-12T20:43:28.258+0800] {logging_mixin.py:188} INFO - [2024-04-12T20:43:28.258+0800] {dag.py:3823} INFO - Setting next_dagrun for latest_only_with_trigger to 2024-04-12 08:00:00+00:00, run_after=2024-04-12 12:00:00+00:00
[2024-04-12T20:43:28.268+0800] {processor.py:183} INFO - Processing /Users/wanghaojin/Desktop/exchange@NUS/IS3107/HW/Project/news_data_pipeline/.venv/lib/python3.11/site-packages/airflow/example_dags/example_latest_only_with_trigger.py took 0.103 seconds
[2024-04-12T20:50:27.000+0800] {processor.py:161} INFO - Started process (PID=11951) to work on /Users/wanghaojin/Desktop/exchange@NUS/IS3107/HW/Project/news_data_pipeline/.venv/lib/python3.11/site-packages/airflow/example_dags/example_latest_only_with_trigger.py
[2024-04-12T20:50:27.002+0800] {processor.py:830} INFO - Processing file /Users/wanghaojin/Desktop/exchange@NUS/IS3107/HW/Project/news_data_pipeline/.venv/lib/python3.11/site-packages/airflow/example_dags/example_latest_only_with_trigger.py for tasks to queue
[2024-04-12T20:50:27.002+0800] {logging_mixin.py:188} INFO - [2024-04-12T20:50:27.002+0800] {dagbag.py:538} INFO - Filling up the DagBag from /Users/wanghaojin/Desktop/exchange@NUS/IS3107/HW/Project/news_data_pipeline/.venv/lib/python3.11/site-packages/airflow/example_dags/example_latest_only_with_trigger.py
[2024-04-12T20:50:27.007+0800] {processor.py:840} INFO - DAG(s) 'latest_only_with_trigger' retrieved from /Users/wanghaojin/Desktop/exchange@NUS/IS3107/HW/Project/news_data_pipeline/.venv/lib/python3.11/site-packages/airflow/example_dags/example_latest_only_with_trigger.py
[2024-04-12T20:50:27.127+0800] {logging_mixin.py:188} INFO - [2024-04-12T20:50:27.127+0800] {dag.py:3036} INFO - Sync 1 DAGs
[2024-04-12T20:50:27.136+0800] {logging_mixin.py:188} INFO - [2024-04-12T20:50:27.135+0800] {dag.py:3823} INFO - Setting next_dagrun for latest_only_with_trigger to 2024-04-12 08:00:00+00:00, run_after=2024-04-12 12:00:00+00:00
[2024-04-12T20:50:27.146+0800] {processor.py:183} INFO - Processing /Users/wanghaojin/Desktop/exchange@NUS/IS3107/HW/Project/news_data_pipeline/.venv/lib/python3.11/site-packages/airflow/example_dags/example_latest_only_with_trigger.py took 0.146 seconds
