[2024-04-12T19:29:19.474+0800] {processor.py:161} INFO - Started process (PID=3589) to work on /Users/wanghaojin/Desktop/exchange@NUS/IS3107/HW/Project/news_data_pipeline/.venv/lib/python3.11/site-packages/airflow/example_dags/example_params_trigger_ui.py
[2024-04-12T19:29:19.474+0800] {processor.py:830} INFO - Processing file /Users/wanghaojin/Desktop/exchange@NUS/IS3107/HW/Project/news_data_pipeline/.venv/lib/python3.11/site-packages/airflow/example_dags/example_params_trigger_ui.py for tasks to queue
[2024-04-12T19:29:19.475+0800] {logging_mixin.py:188} INFO - [2024-04-12T19:29:19.474+0800] {dagbag.py:538} INFO - Filling up the DagBag from /Users/wanghaojin/Desktop/exchange@NUS/IS3107/HW/Project/news_data_pipeline/.venv/lib/python3.11/site-packages/airflow/example_dags/example_params_trigger_ui.py
[2024-04-12T19:29:19.497+0800] {processor.py:840} INFO - DAG(s) 'example_params_trigger_ui' retrieved from /Users/wanghaojin/Desktop/exchange@NUS/IS3107/HW/Project/news_data_pipeline/.venv/lib/python3.11/site-packages/airflow/example_dags/example_params_trigger_ui.py
[2024-04-12T19:29:19.583+0800] {logging_mixin.py:188} INFO - [2024-04-12T19:29:19.583+0800] {dag.py:3036} INFO - Sync 1 DAGs
[2024-04-12T19:29:19.589+0800] {logging_mixin.py:188} INFO - [2024-04-12T19:29:19.588+0800] {dag.py:3823} INFO - Setting next_dagrun for example_params_trigger_ui to None, run_after=None
[2024-04-12T19:29:19.599+0800] {processor.py:183} INFO - Processing /Users/wanghaojin/Desktop/exchange@NUS/IS3107/HW/Project/news_data_pipeline/.venv/lib/python3.11/site-packages/airflow/example_dags/example_params_trigger_ui.py took 0.126 seconds
[2024-04-12T19:30:38.371+0800] {processor.py:161} INFO - Started process (PID=4174) to work on /Users/wanghaojin/Desktop/exchange@NUS/IS3107/HW/Project/news_data_pipeline/.venv/lib/python3.11/site-packages/airflow/example_dags/example_params_trigger_ui.py
[2024-04-12T19:30:38.372+0800] {processor.py:830} INFO - Processing file /Users/wanghaojin/Desktop/exchange@NUS/IS3107/HW/Project/news_data_pipeline/.venv/lib/python3.11/site-packages/airflow/example_dags/example_params_trigger_ui.py for tasks to queue
[2024-04-12T19:30:38.373+0800] {logging_mixin.py:188} INFO - [2024-04-12T19:30:38.373+0800] {dagbag.py:538} INFO - Filling up the DagBag from /Users/wanghaojin/Desktop/exchange@NUS/IS3107/HW/Project/news_data_pipeline/.venv/lib/python3.11/site-packages/airflow/example_dags/example_params_trigger_ui.py
[2024-04-12T19:30:38.394+0800] {processor.py:840} INFO - DAG(s) 'example_params_trigger_ui' retrieved from /Users/wanghaojin/Desktop/exchange@NUS/IS3107/HW/Project/news_data_pipeline/.venv/lib/python3.11/site-packages/airflow/example_dags/example_params_trigger_ui.py
[2024-04-12T19:30:38.523+0800] {logging_mixin.py:188} INFO - [2024-04-12T19:30:38.523+0800] {dag.py:3036} INFO - Sync 1 DAGs
[2024-04-12T19:30:38.528+0800] {logging_mixin.py:188} INFO - [2024-04-12T19:30:38.528+0800] {dag.py:3823} INFO - Setting next_dagrun for example_params_trigger_ui to None, run_after=None
[2024-04-12T19:30:38.539+0800] {processor.py:183} INFO - Processing /Users/wanghaojin/Desktop/exchange@NUS/IS3107/HW/Project/news_data_pipeline/.venv/lib/python3.11/site-packages/airflow/example_dags/example_params_trigger_ui.py took 0.169 seconds
[2024-04-12T19:32:25.656+0800] {processor.py:161} INFO - Started process (PID=4366) to work on /Users/wanghaojin/Desktop/exchange@NUS/IS3107/HW/Project/news_data_pipeline/.venv/lib/python3.11/site-packages/airflow/example_dags/example_params_trigger_ui.py
[2024-04-12T19:32:25.657+0800] {processor.py:830} INFO - Processing file /Users/wanghaojin/Desktop/exchange@NUS/IS3107/HW/Project/news_data_pipeline/.venv/lib/python3.11/site-packages/airflow/example_dags/example_params_trigger_ui.py for tasks to queue
[2024-04-12T19:32:25.657+0800] {logging_mixin.py:188} INFO - [2024-04-12T19:32:25.657+0800] {dagbag.py:538} INFO - Filling up the DagBag from /Users/wanghaojin/Desktop/exchange@NUS/IS3107/HW/Project/news_data_pipeline/.venv/lib/python3.11/site-packages/airflow/example_dags/example_params_trigger_ui.py
[2024-04-12T19:32:25.679+0800] {processor.py:840} INFO - DAG(s) 'example_params_trigger_ui' retrieved from /Users/wanghaojin/Desktop/exchange@NUS/IS3107/HW/Project/news_data_pipeline/.venv/lib/python3.11/site-packages/airflow/example_dags/example_params_trigger_ui.py
[2024-04-12T19:32:25.809+0800] {logging_mixin.py:188} INFO - [2024-04-12T19:32:25.809+0800] {dag.py:3036} INFO - Sync 1 DAGs
[2024-04-12T19:32:25.813+0800] {logging_mixin.py:188} INFO - [2024-04-12T19:32:25.813+0800] {dag.py:3823} INFO - Setting next_dagrun for example_params_trigger_ui to None, run_after=None
[2024-04-12T19:32:25.825+0800] {processor.py:183} INFO - Processing /Users/wanghaojin/Desktop/exchange@NUS/IS3107/HW/Project/news_data_pipeline/.venv/lib/python3.11/site-packages/airflow/example_dags/example_params_trigger_ui.py took 0.169 seconds
[2024-04-12T19:34:04.561+0800] {processor.py:161} INFO - Started process (PID=4528) to work on /Users/wanghaojin/Desktop/exchange@NUS/IS3107/HW/Project/news_data_pipeline/.venv/lib/python3.11/site-packages/airflow/example_dags/example_params_trigger_ui.py
[2024-04-12T19:34:04.561+0800] {processor.py:830} INFO - Processing file /Users/wanghaojin/Desktop/exchange@NUS/IS3107/HW/Project/news_data_pipeline/.venv/lib/python3.11/site-packages/airflow/example_dags/example_params_trigger_ui.py for tasks to queue
[2024-04-12T19:34:04.562+0800] {logging_mixin.py:188} INFO - [2024-04-12T19:34:04.562+0800] {dagbag.py:538} INFO - Filling up the DagBag from /Users/wanghaojin/Desktop/exchange@NUS/IS3107/HW/Project/news_data_pipeline/.venv/lib/python3.11/site-packages/airflow/example_dags/example_params_trigger_ui.py
[2024-04-12T19:34:04.583+0800] {processor.py:840} INFO - DAG(s) 'example_params_trigger_ui' retrieved from /Users/wanghaojin/Desktop/exchange@NUS/IS3107/HW/Project/news_data_pipeline/.venv/lib/python3.11/site-packages/airflow/example_dags/example_params_trigger_ui.py
[2024-04-12T19:34:04.670+0800] {logging_mixin.py:188} INFO - [2024-04-12T19:34:04.670+0800] {dag.py:3036} INFO - Sync 1 DAGs
[2024-04-12T19:34:04.675+0800] {logging_mixin.py:188} INFO - [2024-04-12T19:34:04.675+0800] {dag.py:3823} INFO - Setting next_dagrun for example_params_trigger_ui to None, run_after=None
[2024-04-12T19:34:04.686+0800] {processor.py:183} INFO - Processing /Users/wanghaojin/Desktop/exchange@NUS/IS3107/HW/Project/news_data_pipeline/.venv/lib/python3.11/site-packages/airflow/example_dags/example_params_trigger_ui.py took 0.125 seconds
[2024-04-12T19:36:21.711+0800] {processor.py:161} INFO - Started process (PID=4741) to work on /Users/wanghaojin/Desktop/exchange@NUS/IS3107/HW/Project/news_data_pipeline/.venv/lib/python3.11/site-packages/airflow/example_dags/example_params_trigger_ui.py
[2024-04-12T19:36:21.712+0800] {processor.py:830} INFO - Processing file /Users/wanghaojin/Desktop/exchange@NUS/IS3107/HW/Project/news_data_pipeline/.venv/lib/python3.11/site-packages/airflow/example_dags/example_params_trigger_ui.py for tasks to queue
[2024-04-12T19:36:21.712+0800] {logging_mixin.py:188} INFO - [2024-04-12T19:36:21.712+0800] {dagbag.py:538} INFO - Filling up the DagBag from /Users/wanghaojin/Desktop/exchange@NUS/IS3107/HW/Project/news_data_pipeline/.venv/lib/python3.11/site-packages/airflow/example_dags/example_params_trigger_ui.py
[2024-04-12T19:36:21.734+0800] {processor.py:840} INFO - DAG(s) 'example_params_trigger_ui' retrieved from /Users/wanghaojin/Desktop/exchange@NUS/IS3107/HW/Project/news_data_pipeline/.venv/lib/python3.11/site-packages/airflow/example_dags/example_params_trigger_ui.py
[2024-04-12T19:36:21.821+0800] {logging_mixin.py:188} INFO - [2024-04-12T19:36:21.820+0800] {dag.py:3036} INFO - Sync 1 DAGs
[2024-04-12T19:36:21.826+0800] {logging_mixin.py:188} INFO - [2024-04-12T19:36:21.826+0800] {dag.py:3823} INFO - Setting next_dagrun for example_params_trigger_ui to None, run_after=None
[2024-04-12T19:36:21.836+0800] {processor.py:183} INFO - Processing /Users/wanghaojin/Desktop/exchange@NUS/IS3107/HW/Project/news_data_pipeline/.venv/lib/python3.11/site-packages/airflow/example_dags/example_params_trigger_ui.py took 0.125 seconds
[2024-04-12T19:38:37.511+0800] {processor.py:161} INFO - Started process (PID=4958) to work on /Users/wanghaojin/Desktop/exchange@NUS/IS3107/HW/Project/news_data_pipeline/.venv/lib/python3.11/site-packages/airflow/example_dags/example_params_trigger_ui.py
[2024-04-12T19:38:37.511+0800] {processor.py:830} INFO - Processing file /Users/wanghaojin/Desktop/exchange@NUS/IS3107/HW/Project/news_data_pipeline/.venv/lib/python3.11/site-packages/airflow/example_dags/example_params_trigger_ui.py for tasks to queue
[2024-04-12T19:38:37.512+0800] {logging_mixin.py:188} INFO - [2024-04-12T19:38:37.512+0800] {dagbag.py:538} INFO - Filling up the DagBag from /Users/wanghaojin/Desktop/exchange@NUS/IS3107/HW/Project/news_data_pipeline/.venv/lib/python3.11/site-packages/airflow/example_dags/example_params_trigger_ui.py
[2024-04-12T19:38:37.533+0800] {processor.py:840} INFO - DAG(s) 'example_params_trigger_ui' retrieved from /Users/wanghaojin/Desktop/exchange@NUS/IS3107/HW/Project/news_data_pipeline/.venv/lib/python3.11/site-packages/airflow/example_dags/example_params_trigger_ui.py
[2024-04-12T19:38:37.619+0800] {logging_mixin.py:188} INFO - [2024-04-12T19:38:37.619+0800] {dag.py:3036} INFO - Sync 1 DAGs
[2024-04-12T19:38:37.625+0800] {logging_mixin.py:188} INFO - [2024-04-12T19:38:37.624+0800] {dag.py:3823} INFO - Setting next_dagrun for example_params_trigger_ui to None, run_after=None
[2024-04-12T19:38:37.635+0800] {processor.py:183} INFO - Processing /Users/wanghaojin/Desktop/exchange@NUS/IS3107/HW/Project/news_data_pipeline/.venv/lib/python3.11/site-packages/airflow/example_dags/example_params_trigger_ui.py took 0.125 seconds
[2024-04-12T19:40:50.165+0800] {processor.py:161} INFO - Started process (PID=5154) to work on /Users/wanghaojin/Desktop/exchange@NUS/IS3107/HW/Project/news_data_pipeline/.venv/lib/python3.11/site-packages/airflow/example_dags/example_params_trigger_ui.py
[2024-04-12T19:40:50.166+0800] {processor.py:830} INFO - Processing file /Users/wanghaojin/Desktop/exchange@NUS/IS3107/HW/Project/news_data_pipeline/.venv/lib/python3.11/site-packages/airflow/example_dags/example_params_trigger_ui.py for tasks to queue
[2024-04-12T19:40:50.166+0800] {logging_mixin.py:188} INFO - [2024-04-12T19:40:50.166+0800] {dagbag.py:538} INFO - Filling up the DagBag from /Users/wanghaojin/Desktop/exchange@NUS/IS3107/HW/Project/news_data_pipeline/.venv/lib/python3.11/site-packages/airflow/example_dags/example_params_trigger_ui.py
[2024-04-12T19:40:50.188+0800] {processor.py:840} INFO - DAG(s) 'example_params_trigger_ui' retrieved from /Users/wanghaojin/Desktop/exchange@NUS/IS3107/HW/Project/news_data_pipeline/.venv/lib/python3.11/site-packages/airflow/example_dags/example_params_trigger_ui.py
[2024-04-12T19:40:50.274+0800] {logging_mixin.py:188} INFO - [2024-04-12T19:40:50.274+0800] {dag.py:3036} INFO - Sync 1 DAGs
[2024-04-12T19:40:50.280+0800] {logging_mixin.py:188} INFO - [2024-04-12T19:40:50.280+0800] {dag.py:3823} INFO - Setting next_dagrun for example_params_trigger_ui to None, run_after=None
[2024-04-12T19:40:50.290+0800] {processor.py:183} INFO - Processing /Users/wanghaojin/Desktop/exchange@NUS/IS3107/HW/Project/news_data_pipeline/.venv/lib/python3.11/site-packages/airflow/example_dags/example_params_trigger_ui.py took 0.126 seconds
[2024-04-12T19:43:06.602+0800] {processor.py:161} INFO - Started process (PID=5374) to work on /Users/wanghaojin/Desktop/exchange@NUS/IS3107/HW/Project/news_data_pipeline/.venv/lib/python3.11/site-packages/airflow/example_dags/example_params_trigger_ui.py
[2024-04-12T19:43:06.603+0800] {processor.py:830} INFO - Processing file /Users/wanghaojin/Desktop/exchange@NUS/IS3107/HW/Project/news_data_pipeline/.venv/lib/python3.11/site-packages/airflow/example_dags/example_params_trigger_ui.py for tasks to queue
[2024-04-12T19:43:06.603+0800] {logging_mixin.py:188} INFO - [2024-04-12T19:43:06.603+0800] {dagbag.py:538} INFO - Filling up the DagBag from /Users/wanghaojin/Desktop/exchange@NUS/IS3107/HW/Project/news_data_pipeline/.venv/lib/python3.11/site-packages/airflow/example_dags/example_params_trigger_ui.py
[2024-04-12T19:43:06.625+0800] {processor.py:840} INFO - DAG(s) 'example_params_trigger_ui' retrieved from /Users/wanghaojin/Desktop/exchange@NUS/IS3107/HW/Project/news_data_pipeline/.venv/lib/python3.11/site-packages/airflow/example_dags/example_params_trigger_ui.py
[2024-04-12T19:43:06.711+0800] {logging_mixin.py:188} INFO - [2024-04-12T19:43:06.711+0800] {dag.py:3036} INFO - Sync 1 DAGs
[2024-04-12T19:43:06.717+0800] {logging_mixin.py:188} INFO - [2024-04-12T19:43:06.717+0800] {dag.py:3823} INFO - Setting next_dagrun for example_params_trigger_ui to None, run_after=None
[2024-04-12T19:43:06.727+0800] {processor.py:183} INFO - Processing /Users/wanghaojin/Desktop/exchange@NUS/IS3107/HW/Project/news_data_pipeline/.venv/lib/python3.11/site-packages/airflow/example_dags/example_params_trigger_ui.py took 0.126 seconds
[2024-04-12T19:45:23.787+0800] {processor.py:161} INFO - Started process (PID=5602) to work on /Users/wanghaojin/Desktop/exchange@NUS/IS3107/HW/Project/news_data_pipeline/.venv/lib/python3.11/site-packages/airflow/example_dags/example_params_trigger_ui.py
[2024-04-12T19:45:23.789+0800] {processor.py:830} INFO - Processing file /Users/wanghaojin/Desktop/exchange@NUS/IS3107/HW/Project/news_data_pipeline/.venv/lib/python3.11/site-packages/airflow/example_dags/example_params_trigger_ui.py for tasks to queue
[2024-04-12T19:45:23.789+0800] {logging_mixin.py:188} INFO - [2024-04-12T19:45:23.789+0800] {dagbag.py:538} INFO - Filling up the DagBag from /Users/wanghaojin/Desktop/exchange@NUS/IS3107/HW/Project/news_data_pipeline/.venv/lib/python3.11/site-packages/airflow/example_dags/example_params_trigger_ui.py
[2024-04-12T19:45:23.811+0800] {processor.py:840} INFO - DAG(s) 'example_params_trigger_ui' retrieved from /Users/wanghaojin/Desktop/exchange@NUS/IS3107/HW/Project/news_data_pipeline/.venv/lib/python3.11/site-packages/airflow/example_dags/example_params_trigger_ui.py
[2024-04-12T19:45:23.900+0800] {logging_mixin.py:188} INFO - [2024-04-12T19:45:23.899+0800] {dag.py:3036} INFO - Sync 1 DAGs
[2024-04-12T19:45:23.905+0800] {logging_mixin.py:188} INFO - [2024-04-12T19:45:23.905+0800] {dag.py:3823} INFO - Setting next_dagrun for example_params_trigger_ui to None, run_after=None
[2024-04-12T19:45:23.916+0800] {processor.py:183} INFO - Processing /Users/wanghaojin/Desktop/exchange@NUS/IS3107/HW/Project/news_data_pipeline/.venv/lib/python3.11/site-packages/airflow/example_dags/example_params_trigger_ui.py took 0.129 seconds
[2024-04-12T19:47:38.873+0800] {processor.py:161} INFO - Started process (PID=5767) to work on /Users/wanghaojin/Desktop/exchange@NUS/IS3107/HW/Project/news_data_pipeline/.venv/lib/python3.11/site-packages/airflow/example_dags/example_params_trigger_ui.py
[2024-04-12T19:47:38.874+0800] {processor.py:830} INFO - Processing file /Users/wanghaojin/Desktop/exchange@NUS/IS3107/HW/Project/news_data_pipeline/.venv/lib/python3.11/site-packages/airflow/example_dags/example_params_trigger_ui.py for tasks to queue
[2024-04-12T19:47:38.874+0800] {logging_mixin.py:188} INFO - [2024-04-12T19:47:38.874+0800] {dagbag.py:538} INFO - Filling up the DagBag from /Users/wanghaojin/Desktop/exchange@NUS/IS3107/HW/Project/news_data_pipeline/.venv/lib/python3.11/site-packages/airflow/example_dags/example_params_trigger_ui.py
[2024-04-12T19:47:38.896+0800] {processor.py:840} INFO - DAG(s) 'example_params_trigger_ui' retrieved from /Users/wanghaojin/Desktop/exchange@NUS/IS3107/HW/Project/news_data_pipeline/.venv/lib/python3.11/site-packages/airflow/example_dags/example_params_trigger_ui.py
[2024-04-12T19:47:38.983+0800] {logging_mixin.py:188} INFO - [2024-04-12T19:47:38.983+0800] {dag.py:3036} INFO - Sync 1 DAGs
[2024-04-12T19:47:38.988+0800] {logging_mixin.py:188} INFO - [2024-04-12T19:47:38.988+0800] {dag.py:3823} INFO - Setting next_dagrun for example_params_trigger_ui to None, run_after=None
[2024-04-12T19:47:38.998+0800] {processor.py:183} INFO - Processing /Users/wanghaojin/Desktop/exchange@NUS/IS3107/HW/Project/news_data_pipeline/.venv/lib/python3.11/site-packages/airflow/example_dags/example_params_trigger_ui.py took 0.126 seconds
[2024-04-12T19:49:55.256+0800] {processor.py:161} INFO - Started process (PID=5983) to work on /Users/wanghaojin/Desktop/exchange@NUS/IS3107/HW/Project/news_data_pipeline/.venv/lib/python3.11/site-packages/airflow/example_dags/example_params_trigger_ui.py
[2024-04-12T19:49:55.257+0800] {processor.py:830} INFO - Processing file /Users/wanghaojin/Desktop/exchange@NUS/IS3107/HW/Project/news_data_pipeline/.venv/lib/python3.11/site-packages/airflow/example_dags/example_params_trigger_ui.py for tasks to queue
[2024-04-12T19:49:55.257+0800] {logging_mixin.py:188} INFO - [2024-04-12T19:49:55.257+0800] {dagbag.py:538} INFO - Filling up the DagBag from /Users/wanghaojin/Desktop/exchange@NUS/IS3107/HW/Project/news_data_pipeline/.venv/lib/python3.11/site-packages/airflow/example_dags/example_params_trigger_ui.py
[2024-04-12T19:49:55.279+0800] {processor.py:840} INFO - DAG(s) 'example_params_trigger_ui' retrieved from /Users/wanghaojin/Desktop/exchange@NUS/IS3107/HW/Project/news_data_pipeline/.venv/lib/python3.11/site-packages/airflow/example_dags/example_params_trigger_ui.py
[2024-04-12T19:49:55.364+0800] {logging_mixin.py:188} INFO - [2024-04-12T19:49:55.364+0800] {dag.py:3036} INFO - Sync 1 DAGs
[2024-04-12T19:49:55.370+0800] {logging_mixin.py:188} INFO - [2024-04-12T19:49:55.370+0800] {dag.py:3823} INFO - Setting next_dagrun for example_params_trigger_ui to None, run_after=None
[2024-04-12T19:49:55.380+0800] {processor.py:183} INFO - Processing /Users/wanghaojin/Desktop/exchange@NUS/IS3107/HW/Project/news_data_pipeline/.venv/lib/python3.11/site-packages/airflow/example_dags/example_params_trigger_ui.py took 0.124 seconds
[2024-04-12T19:52:10.121+0800] {processor.py:161} INFO - Started process (PID=6174) to work on /Users/wanghaojin/Desktop/exchange@NUS/IS3107/HW/Project/news_data_pipeline/.venv/lib/python3.11/site-packages/airflow/example_dags/example_params_trigger_ui.py
[2024-04-12T19:52:10.123+0800] {processor.py:830} INFO - Processing file /Users/wanghaojin/Desktop/exchange@NUS/IS3107/HW/Project/news_data_pipeline/.venv/lib/python3.11/site-packages/airflow/example_dags/example_params_trigger_ui.py for tasks to queue
[2024-04-12T19:52:10.124+0800] {logging_mixin.py:188} INFO - [2024-04-12T19:52:10.123+0800] {dagbag.py:538} INFO - Filling up the DagBag from /Users/wanghaojin/Desktop/exchange@NUS/IS3107/HW/Project/news_data_pipeline/.venv/lib/python3.11/site-packages/airflow/example_dags/example_params_trigger_ui.py
[2024-04-12T19:52:10.145+0800] {processor.py:840} INFO - DAG(s) 'example_params_trigger_ui' retrieved from /Users/wanghaojin/Desktop/exchange@NUS/IS3107/HW/Project/news_data_pipeline/.venv/lib/python3.11/site-packages/airflow/example_dags/example_params_trigger_ui.py
[2024-04-12T19:52:10.232+0800] {logging_mixin.py:188} INFO - [2024-04-12T19:52:10.232+0800] {dag.py:3036} INFO - Sync 1 DAGs
[2024-04-12T19:52:10.238+0800] {logging_mixin.py:188} INFO - [2024-04-12T19:52:10.238+0800] {dag.py:3823} INFO - Setting next_dagrun for example_params_trigger_ui to None, run_after=None
[2024-04-12T19:52:10.248+0800] {processor.py:183} INFO - Processing /Users/wanghaojin/Desktop/exchange@NUS/IS3107/HW/Project/news_data_pipeline/.venv/lib/python3.11/site-packages/airflow/example_dags/example_params_trigger_ui.py took 0.127 seconds
[2024-04-12T19:54:25.280+0800] {processor.py:161} INFO - Started process (PID=6308) to work on /Users/wanghaojin/Desktop/exchange@NUS/IS3107/HW/Project/news_data_pipeline/.venv/lib/python3.11/site-packages/airflow/example_dags/example_params_trigger_ui.py
[2024-04-12T19:54:25.281+0800] {processor.py:830} INFO - Processing file /Users/wanghaojin/Desktop/exchange@NUS/IS3107/HW/Project/news_data_pipeline/.venv/lib/python3.11/site-packages/airflow/example_dags/example_params_trigger_ui.py for tasks to queue
[2024-04-12T19:54:25.281+0800] {logging_mixin.py:188} INFO - [2024-04-12T19:54:25.281+0800] {dagbag.py:538} INFO - Filling up the DagBag from /Users/wanghaojin/Desktop/exchange@NUS/IS3107/HW/Project/news_data_pipeline/.venv/lib/python3.11/site-packages/airflow/example_dags/example_params_trigger_ui.py
[2024-04-12T19:54:25.304+0800] {processor.py:840} INFO - DAG(s) 'example_params_trigger_ui' retrieved from /Users/wanghaojin/Desktop/exchange@NUS/IS3107/HW/Project/news_data_pipeline/.venv/lib/python3.11/site-packages/airflow/example_dags/example_params_trigger_ui.py
[2024-04-12T19:54:25.393+0800] {logging_mixin.py:188} INFO - [2024-04-12T19:54:25.393+0800] {dag.py:3036} INFO - Sync 1 DAGs
[2024-04-12T19:54:25.398+0800] {logging_mixin.py:188} INFO - [2024-04-12T19:54:25.398+0800] {dag.py:3823} INFO - Setting next_dagrun for example_params_trigger_ui to None, run_after=None
[2024-04-12T19:54:25.409+0800] {processor.py:183} INFO - Processing /Users/wanghaojin/Desktop/exchange@NUS/IS3107/HW/Project/news_data_pipeline/.venv/lib/python3.11/site-packages/airflow/example_dags/example_params_trigger_ui.py took 0.129 seconds
[2024-04-12T19:56:40.074+0800] {processor.py:161} INFO - Started process (PID=6481) to work on /Users/wanghaojin/Desktop/exchange@NUS/IS3107/HW/Project/news_data_pipeline/.venv/lib/python3.11/site-packages/airflow/example_dags/example_params_trigger_ui.py
[2024-04-12T19:56:40.075+0800] {processor.py:830} INFO - Processing file /Users/wanghaojin/Desktop/exchange@NUS/IS3107/HW/Project/news_data_pipeline/.venv/lib/python3.11/site-packages/airflow/example_dags/example_params_trigger_ui.py for tasks to queue
[2024-04-12T19:56:40.075+0800] {logging_mixin.py:188} INFO - [2024-04-12T19:56:40.075+0800] {dagbag.py:538} INFO - Filling up the DagBag from /Users/wanghaojin/Desktop/exchange@NUS/IS3107/HW/Project/news_data_pipeline/.venv/lib/python3.11/site-packages/airflow/example_dags/example_params_trigger_ui.py
[2024-04-12T19:56:40.097+0800] {processor.py:840} INFO - DAG(s) 'example_params_trigger_ui' retrieved from /Users/wanghaojin/Desktop/exchange@NUS/IS3107/HW/Project/news_data_pipeline/.venv/lib/python3.11/site-packages/airflow/example_dags/example_params_trigger_ui.py
[2024-04-12T19:56:40.184+0800] {logging_mixin.py:188} INFO - [2024-04-12T19:56:40.184+0800] {dag.py:3036} INFO - Sync 1 DAGs
[2024-04-12T19:56:40.189+0800] {logging_mixin.py:188} INFO - [2024-04-12T19:56:40.189+0800] {dag.py:3823} INFO - Setting next_dagrun for example_params_trigger_ui to None, run_after=None
[2024-04-12T19:56:40.199+0800] {processor.py:183} INFO - Processing /Users/wanghaojin/Desktop/exchange@NUS/IS3107/HW/Project/news_data_pipeline/.venv/lib/python3.11/site-packages/airflow/example_dags/example_params_trigger_ui.py took 0.126 seconds
[2024-04-12T19:58:52.613+0800] {processor.py:161} INFO - Started process (PID=6606) to work on /Users/wanghaojin/Desktop/exchange@NUS/IS3107/HW/Project/news_data_pipeline/.venv/lib/python3.11/site-packages/airflow/example_dags/example_params_trigger_ui.py
[2024-04-12T19:58:52.614+0800] {processor.py:830} INFO - Processing file /Users/wanghaojin/Desktop/exchange@NUS/IS3107/HW/Project/news_data_pipeline/.venv/lib/python3.11/site-packages/airflow/example_dags/example_params_trigger_ui.py for tasks to queue
[2024-04-12T19:58:52.614+0800] {logging_mixin.py:188} INFO - [2024-04-12T19:58:52.614+0800] {dagbag.py:538} INFO - Filling up the DagBag from /Users/wanghaojin/Desktop/exchange@NUS/IS3107/HW/Project/news_data_pipeline/.venv/lib/python3.11/site-packages/airflow/example_dags/example_params_trigger_ui.py
[2024-04-12T19:58:52.636+0800] {processor.py:840} INFO - DAG(s) 'example_params_trigger_ui' retrieved from /Users/wanghaojin/Desktop/exchange@NUS/IS3107/HW/Project/news_data_pipeline/.venv/lib/python3.11/site-packages/airflow/example_dags/example_params_trigger_ui.py
[2024-04-12T19:58:52.722+0800] {logging_mixin.py:188} INFO - [2024-04-12T19:58:52.722+0800] {dag.py:3036} INFO - Sync 1 DAGs
[2024-04-12T19:58:52.728+0800] {logging_mixin.py:188} INFO - [2024-04-12T19:58:52.727+0800] {dag.py:3823} INFO - Setting next_dagrun for example_params_trigger_ui to None, run_after=None
[2024-04-12T19:58:52.738+0800] {processor.py:183} INFO - Processing /Users/wanghaojin/Desktop/exchange@NUS/IS3107/HW/Project/news_data_pipeline/.venv/lib/python3.11/site-packages/airflow/example_dags/example_params_trigger_ui.py took 0.125 seconds
[2024-04-12T20:01:08.789+0800] {processor.py:161} INFO - Started process (PID=6787) to work on /Users/wanghaojin/Desktop/exchange@NUS/IS3107/HW/Project/news_data_pipeline/.venv/lib/python3.11/site-packages/airflow/example_dags/example_params_trigger_ui.py
[2024-04-12T20:01:08.790+0800] {processor.py:830} INFO - Processing file /Users/wanghaojin/Desktop/exchange@NUS/IS3107/HW/Project/news_data_pipeline/.venv/lib/python3.11/site-packages/airflow/example_dags/example_params_trigger_ui.py for tasks to queue
[2024-04-12T20:01:08.790+0800] {logging_mixin.py:188} INFO - [2024-04-12T20:01:08.790+0800] {dagbag.py:538} INFO - Filling up the DagBag from /Users/wanghaojin/Desktop/exchange@NUS/IS3107/HW/Project/news_data_pipeline/.venv/lib/python3.11/site-packages/airflow/example_dags/example_params_trigger_ui.py
[2024-04-12T20:01:08.812+0800] {processor.py:840} INFO - DAG(s) 'example_params_trigger_ui' retrieved from /Users/wanghaojin/Desktop/exchange@NUS/IS3107/HW/Project/news_data_pipeline/.venv/lib/python3.11/site-packages/airflow/example_dags/example_params_trigger_ui.py
[2024-04-12T20:01:08.898+0800] {logging_mixin.py:188} INFO - [2024-04-12T20:01:08.898+0800] {dag.py:3036} INFO - Sync 1 DAGs
[2024-04-12T20:01:08.903+0800] {logging_mixin.py:188} INFO - [2024-04-12T20:01:08.903+0800] {dag.py:3823} INFO - Setting next_dagrun for example_params_trigger_ui to None, run_after=None
[2024-04-12T20:01:08.913+0800] {processor.py:183} INFO - Processing /Users/wanghaojin/Desktop/exchange@NUS/IS3107/HW/Project/news_data_pipeline/.venv/lib/python3.11/site-packages/airflow/example_dags/example_params_trigger_ui.py took 0.124 seconds
[2024-04-12T20:03:29.783+0800] {processor.py:161} INFO - Started process (PID=7090) to work on /Users/wanghaojin/Desktop/exchange@NUS/IS3107/HW/Project/news_data_pipeline/.venv/lib/python3.11/site-packages/airflow/example_dags/example_params_trigger_ui.py
[2024-04-12T20:03:29.784+0800] {processor.py:830} INFO - Processing file /Users/wanghaojin/Desktop/exchange@NUS/IS3107/HW/Project/news_data_pipeline/.venv/lib/python3.11/site-packages/airflow/example_dags/example_params_trigger_ui.py for tasks to queue
[2024-04-12T20:03:29.784+0800] {logging_mixin.py:188} INFO - [2024-04-12T20:03:29.784+0800] {dagbag.py:538} INFO - Filling up the DagBag from /Users/wanghaojin/Desktop/exchange@NUS/IS3107/HW/Project/news_data_pipeline/.venv/lib/python3.11/site-packages/airflow/example_dags/example_params_trigger_ui.py
[2024-04-12T20:03:29.806+0800] {processor.py:840} INFO - DAG(s) 'example_params_trigger_ui' retrieved from /Users/wanghaojin/Desktop/exchange@NUS/IS3107/HW/Project/news_data_pipeline/.venv/lib/python3.11/site-packages/airflow/example_dags/example_params_trigger_ui.py
[2024-04-12T20:03:29.892+0800] {logging_mixin.py:188} INFO - [2024-04-12T20:03:29.892+0800] {dag.py:3036} INFO - Sync 1 DAGs
[2024-04-12T20:03:29.897+0800] {logging_mixin.py:188} INFO - [2024-04-12T20:03:29.897+0800] {dag.py:3823} INFO - Setting next_dagrun for example_params_trigger_ui to None, run_after=None
[2024-04-12T20:03:29.908+0800] {processor.py:183} INFO - Processing /Users/wanghaojin/Desktop/exchange@NUS/IS3107/HW/Project/news_data_pipeline/.venv/lib/python3.11/site-packages/airflow/example_dags/example_params_trigger_ui.py took 0.126 seconds
[2024-04-12T20:05:46.717+0800] {processor.py:161} INFO - Started process (PID=7291) to work on /Users/wanghaojin/Desktop/exchange@NUS/IS3107/HW/Project/news_data_pipeline/.venv/lib/python3.11/site-packages/airflow/example_dags/example_params_trigger_ui.py
[2024-04-12T20:05:46.717+0800] {processor.py:830} INFO - Processing file /Users/wanghaojin/Desktop/exchange@NUS/IS3107/HW/Project/news_data_pipeline/.venv/lib/python3.11/site-packages/airflow/example_dags/example_params_trigger_ui.py for tasks to queue
[2024-04-12T20:05:46.718+0800] {logging_mixin.py:188} INFO - [2024-04-12T20:05:46.718+0800] {dagbag.py:538} INFO - Filling up the DagBag from /Users/wanghaojin/Desktop/exchange@NUS/IS3107/HW/Project/news_data_pipeline/.venv/lib/python3.11/site-packages/airflow/example_dags/example_params_trigger_ui.py
[2024-04-12T20:05:46.739+0800] {processor.py:840} INFO - DAG(s) 'example_params_trigger_ui' retrieved from /Users/wanghaojin/Desktop/exchange@NUS/IS3107/HW/Project/news_data_pipeline/.venv/lib/python3.11/site-packages/airflow/example_dags/example_params_trigger_ui.py
[2024-04-12T20:05:46.826+0800] {logging_mixin.py:188} INFO - [2024-04-12T20:05:46.826+0800] {dag.py:3036} INFO - Sync 1 DAGs
[2024-04-12T20:05:46.832+0800] {logging_mixin.py:188} INFO - [2024-04-12T20:05:46.831+0800] {dag.py:3823} INFO - Setting next_dagrun for example_params_trigger_ui to None, run_after=None
[2024-04-12T20:05:46.842+0800] {processor.py:183} INFO - Processing /Users/wanghaojin/Desktop/exchange@NUS/IS3107/HW/Project/news_data_pipeline/.venv/lib/python3.11/site-packages/airflow/example_dags/example_params_trigger_ui.py took 0.126 seconds
[2024-04-12T20:08:03.166+0800] {processor.py:161} INFO - Started process (PID=7501) to work on /Users/wanghaojin/Desktop/exchange@NUS/IS3107/HW/Project/news_data_pipeline/.venv/lib/python3.11/site-packages/airflow/example_dags/example_params_trigger_ui.py
[2024-04-12T20:08:03.166+0800] {processor.py:830} INFO - Processing file /Users/wanghaojin/Desktop/exchange@NUS/IS3107/HW/Project/news_data_pipeline/.venv/lib/python3.11/site-packages/airflow/example_dags/example_params_trigger_ui.py for tasks to queue
[2024-04-12T20:08:03.167+0800] {logging_mixin.py:188} INFO - [2024-04-12T20:08:03.167+0800] {dagbag.py:538} INFO - Filling up the DagBag from /Users/wanghaojin/Desktop/exchange@NUS/IS3107/HW/Project/news_data_pipeline/.venv/lib/python3.11/site-packages/airflow/example_dags/example_params_trigger_ui.py
[2024-04-12T20:08:03.188+0800] {processor.py:840} INFO - DAG(s) 'example_params_trigger_ui' retrieved from /Users/wanghaojin/Desktop/exchange@NUS/IS3107/HW/Project/news_data_pipeline/.venv/lib/python3.11/site-packages/airflow/example_dags/example_params_trigger_ui.py
[2024-04-12T20:08:03.275+0800] {logging_mixin.py:188} INFO - [2024-04-12T20:08:03.274+0800] {dag.py:3036} INFO - Sync 1 DAGs
[2024-04-12T20:08:03.280+0800] {logging_mixin.py:188} INFO - [2024-04-12T20:08:03.280+0800] {dag.py:3823} INFO - Setting next_dagrun for example_params_trigger_ui to None, run_after=None
[2024-04-12T20:08:03.290+0800] {processor.py:183} INFO - Processing /Users/wanghaojin/Desktop/exchange@NUS/IS3107/HW/Project/news_data_pipeline/.venv/lib/python3.11/site-packages/airflow/example_dags/example_params_trigger_ui.py took 0.125 seconds
[2024-04-12T20:10:20.637+0800] {processor.py:161} INFO - Started process (PID=7679) to work on /Users/wanghaojin/Desktop/exchange@NUS/IS3107/HW/Project/news_data_pipeline/.venv/lib/python3.11/site-packages/airflow/example_dags/example_params_trigger_ui.py
[2024-04-12T20:10:20.638+0800] {processor.py:830} INFO - Processing file /Users/wanghaojin/Desktop/exchange@NUS/IS3107/HW/Project/news_data_pipeline/.venv/lib/python3.11/site-packages/airflow/example_dags/example_params_trigger_ui.py for tasks to queue
[2024-04-12T20:10:20.638+0800] {logging_mixin.py:188} INFO - [2024-04-12T20:10:20.638+0800] {dagbag.py:538} INFO - Filling up the DagBag from /Users/wanghaojin/Desktop/exchange@NUS/IS3107/HW/Project/news_data_pipeline/.venv/lib/python3.11/site-packages/airflow/example_dags/example_params_trigger_ui.py
[2024-04-12T20:10:20.660+0800] {processor.py:840} INFO - DAG(s) 'example_params_trigger_ui' retrieved from /Users/wanghaojin/Desktop/exchange@NUS/IS3107/HW/Project/news_data_pipeline/.venv/lib/python3.11/site-packages/airflow/example_dags/example_params_trigger_ui.py
[2024-04-12T20:10:20.746+0800] {logging_mixin.py:188} INFO - [2024-04-12T20:10:20.746+0800] {dag.py:3036} INFO - Sync 1 DAGs
[2024-04-12T20:10:20.751+0800] {logging_mixin.py:188} INFO - [2024-04-12T20:10:20.751+0800] {dag.py:3823} INFO - Setting next_dagrun for example_params_trigger_ui to None, run_after=None
[2024-04-12T20:10:20.762+0800] {processor.py:183} INFO - Processing /Users/wanghaojin/Desktop/exchange@NUS/IS3107/HW/Project/news_data_pipeline/.venv/lib/python3.11/site-packages/airflow/example_dags/example_params_trigger_ui.py took 0.125 seconds
[2024-04-12T20:12:38.841+0800] {processor.py:161} INFO - Started process (PID=7920) to work on /Users/wanghaojin/Desktop/exchange@NUS/IS3107/HW/Project/news_data_pipeline/.venv/lib/python3.11/site-packages/airflow/example_dags/example_params_trigger_ui.py
[2024-04-12T20:12:38.842+0800] {processor.py:830} INFO - Processing file /Users/wanghaojin/Desktop/exchange@NUS/IS3107/HW/Project/news_data_pipeline/.venv/lib/python3.11/site-packages/airflow/example_dags/example_params_trigger_ui.py for tasks to queue
[2024-04-12T20:12:38.842+0800] {logging_mixin.py:188} INFO - [2024-04-12T20:12:38.842+0800] {dagbag.py:538} INFO - Filling up the DagBag from /Users/wanghaojin/Desktop/exchange@NUS/IS3107/HW/Project/news_data_pipeline/.venv/lib/python3.11/site-packages/airflow/example_dags/example_params_trigger_ui.py
[2024-04-12T20:12:38.864+0800] {processor.py:840} INFO - DAG(s) 'example_params_trigger_ui' retrieved from /Users/wanghaojin/Desktop/exchange@NUS/IS3107/HW/Project/news_data_pipeline/.venv/lib/python3.11/site-packages/airflow/example_dags/example_params_trigger_ui.py
[2024-04-12T20:12:38.950+0800] {logging_mixin.py:188} INFO - [2024-04-12T20:12:38.950+0800] {dag.py:3036} INFO - Sync 1 DAGs
[2024-04-12T20:12:38.956+0800] {logging_mixin.py:188} INFO - [2024-04-12T20:12:38.956+0800] {dag.py:3823} INFO - Setting next_dagrun for example_params_trigger_ui to None, run_after=None
[2024-04-12T20:12:38.966+0800] {processor.py:183} INFO - Processing /Users/wanghaojin/Desktop/exchange@NUS/IS3107/HW/Project/news_data_pipeline/.venv/lib/python3.11/site-packages/airflow/example_dags/example_params_trigger_ui.py took 0.126 seconds
[2024-04-12T20:14:55.269+0800] {processor.py:161} INFO - Started process (PID=8152) to work on /Users/wanghaojin/Desktop/exchange@NUS/IS3107/HW/Project/news_data_pipeline/.venv/lib/python3.11/site-packages/airflow/example_dags/example_params_trigger_ui.py
[2024-04-12T20:14:55.270+0800] {processor.py:830} INFO - Processing file /Users/wanghaojin/Desktop/exchange@NUS/IS3107/HW/Project/news_data_pipeline/.venv/lib/python3.11/site-packages/airflow/example_dags/example_params_trigger_ui.py for tasks to queue
[2024-04-12T20:14:55.270+0800] {logging_mixin.py:188} INFO - [2024-04-12T20:14:55.270+0800] {dagbag.py:538} INFO - Filling up the DagBag from /Users/wanghaojin/Desktop/exchange@NUS/IS3107/HW/Project/news_data_pipeline/.venv/lib/python3.11/site-packages/airflow/example_dags/example_params_trigger_ui.py
[2024-04-12T20:14:55.292+0800] {processor.py:840} INFO - DAG(s) 'example_params_trigger_ui' retrieved from /Users/wanghaojin/Desktop/exchange@NUS/IS3107/HW/Project/news_data_pipeline/.venv/lib/python3.11/site-packages/airflow/example_dags/example_params_trigger_ui.py
[2024-04-12T20:14:55.379+0800] {logging_mixin.py:188} INFO - [2024-04-12T20:14:55.379+0800] {dag.py:3036} INFO - Sync 1 DAGs
[2024-04-12T20:14:55.385+0800] {logging_mixin.py:188} INFO - [2024-04-12T20:14:55.384+0800] {dag.py:3823} INFO - Setting next_dagrun for example_params_trigger_ui to None, run_after=None
[2024-04-12T20:14:55.395+0800] {processor.py:183} INFO - Processing /Users/wanghaojin/Desktop/exchange@NUS/IS3107/HW/Project/news_data_pipeline/.venv/lib/python3.11/site-packages/airflow/example_dags/example_params_trigger_ui.py took 0.127 seconds
[2024-04-12T20:17:13.652+0800] {processor.py:161} INFO - Started process (PID=8442) to work on /Users/wanghaojin/Desktop/exchange@NUS/IS3107/HW/Project/news_data_pipeline/.venv/lib/python3.11/site-packages/airflow/example_dags/example_params_trigger_ui.py
[2024-04-12T20:17:13.653+0800] {processor.py:830} INFO - Processing file /Users/wanghaojin/Desktop/exchange@NUS/IS3107/HW/Project/news_data_pipeline/.venv/lib/python3.11/site-packages/airflow/example_dags/example_params_trigger_ui.py for tasks to queue
[2024-04-12T20:17:13.654+0800] {logging_mixin.py:188} INFO - [2024-04-12T20:17:13.654+0800] {dagbag.py:538} INFO - Filling up the DagBag from /Users/wanghaojin/Desktop/exchange@NUS/IS3107/HW/Project/news_data_pipeline/.venv/lib/python3.11/site-packages/airflow/example_dags/example_params_trigger_ui.py
[2024-04-12T20:17:13.675+0800] {processor.py:840} INFO - DAG(s) 'example_params_trigger_ui' retrieved from /Users/wanghaojin/Desktop/exchange@NUS/IS3107/HW/Project/news_data_pipeline/.venv/lib/python3.11/site-packages/airflow/example_dags/example_params_trigger_ui.py
[2024-04-12T20:17:13.778+0800] {logging_mixin.py:188} INFO - [2024-04-12T20:17:13.778+0800] {dag.py:3036} INFO - Sync 1 DAGs
[2024-04-12T20:17:13.784+0800] {logging_mixin.py:188} INFO - [2024-04-12T20:17:13.784+0800] {dag.py:3823} INFO - Setting next_dagrun for example_params_trigger_ui to None, run_after=None
[2024-04-12T20:17:13.795+0800] {processor.py:183} INFO - Processing /Users/wanghaojin/Desktop/exchange@NUS/IS3107/HW/Project/news_data_pipeline/.venv/lib/python3.11/site-packages/airflow/example_dags/example_params_trigger_ui.py took 0.143 seconds
[2024-04-12T20:19:14.817+0800] {processor.py:161} INFO - Started process (PID=8738) to work on /Users/wanghaojin/Desktop/exchange@NUS/IS3107/HW/Project/news_data_pipeline/.venv/lib/python3.11/site-packages/airflow/example_dags/example_params_trigger_ui.py
[2024-04-12T20:19:14.819+0800] {processor.py:830} INFO - Processing file /Users/wanghaojin/Desktop/exchange@NUS/IS3107/HW/Project/news_data_pipeline/.venv/lib/python3.11/site-packages/airflow/example_dags/example_params_trigger_ui.py for tasks to queue
[2024-04-12T20:19:14.820+0800] {logging_mixin.py:188} INFO - [2024-04-12T20:19:14.819+0800] {dagbag.py:538} INFO - Filling up the DagBag from /Users/wanghaojin/Desktop/exchange@NUS/IS3107/HW/Project/news_data_pipeline/.venv/lib/python3.11/site-packages/airflow/example_dags/example_params_trigger_ui.py
[2024-04-12T20:19:14.841+0800] {processor.py:840} INFO - DAG(s) 'example_params_trigger_ui' retrieved from /Users/wanghaojin/Desktop/exchange@NUS/IS3107/HW/Project/news_data_pipeline/.venv/lib/python3.11/site-packages/airflow/example_dags/example_params_trigger_ui.py
[2024-04-12T20:19:14.970+0800] {logging_mixin.py:188} INFO - [2024-04-12T20:19:14.970+0800] {dag.py:3036} INFO - Sync 1 DAGs
[2024-04-12T20:19:14.974+0800] {logging_mixin.py:188} INFO - [2024-04-12T20:19:14.974+0800] {dag.py:3823} INFO - Setting next_dagrun for example_params_trigger_ui to None, run_after=None
[2024-04-12T20:19:14.986+0800] {processor.py:183} INFO - Processing /Users/wanghaojin/Desktop/exchange@NUS/IS3107/HW/Project/news_data_pipeline/.venv/lib/python3.11/site-packages/airflow/example_dags/example_params_trigger_ui.py took 0.169 seconds
[2024-04-12T20:21:34.287+0800] {processor.py:161} INFO - Started process (PID=8936) to work on /Users/wanghaojin/Desktop/exchange@NUS/IS3107/HW/Project/news_data_pipeline/.venv/lib/python3.11/site-packages/airflow/example_dags/example_params_trigger_ui.py
[2024-04-12T20:21:34.288+0800] {processor.py:830} INFO - Processing file /Users/wanghaojin/Desktop/exchange@NUS/IS3107/HW/Project/news_data_pipeline/.venv/lib/python3.11/site-packages/airflow/example_dags/example_params_trigger_ui.py for tasks to queue
[2024-04-12T20:21:34.288+0800] {logging_mixin.py:188} INFO - [2024-04-12T20:21:34.288+0800] {dagbag.py:538} INFO - Filling up the DagBag from /Users/wanghaojin/Desktop/exchange@NUS/IS3107/HW/Project/news_data_pipeline/.venv/lib/python3.11/site-packages/airflow/example_dags/example_params_trigger_ui.py
[2024-04-12T20:21:34.310+0800] {processor.py:840} INFO - DAG(s) 'example_params_trigger_ui' retrieved from /Users/wanghaojin/Desktop/exchange@NUS/IS3107/HW/Project/news_data_pipeline/.venv/lib/python3.11/site-packages/airflow/example_dags/example_params_trigger_ui.py
[2024-04-12T20:21:34.440+0800] {logging_mixin.py:188} INFO - [2024-04-12T20:21:34.440+0800] {dag.py:3036} INFO - Sync 1 DAGs
[2024-04-12T20:21:34.445+0800] {logging_mixin.py:188} INFO - [2024-04-12T20:21:34.445+0800] {dag.py:3823} INFO - Setting next_dagrun for example_params_trigger_ui to None, run_after=None
[2024-04-12T20:21:34.456+0800] {processor.py:183} INFO - Processing /Users/wanghaojin/Desktop/exchange@NUS/IS3107/HW/Project/news_data_pipeline/.venv/lib/python3.11/site-packages/airflow/example_dags/example_params_trigger_ui.py took 0.170 seconds
[2024-04-12T20:23:12.846+0800] {processor.py:161} INFO - Started process (PID=9030) to work on /Users/wanghaojin/Desktop/exchange@NUS/IS3107/HW/Project/news_data_pipeline/.venv/lib/python3.11/site-packages/airflow/example_dags/example_params_trigger_ui.py
[2024-04-12T20:23:12.847+0800] {processor.py:830} INFO - Processing file /Users/wanghaojin/Desktop/exchange@NUS/IS3107/HW/Project/news_data_pipeline/.venv/lib/python3.11/site-packages/airflow/example_dags/example_params_trigger_ui.py for tasks to queue
[2024-04-12T20:23:12.847+0800] {logging_mixin.py:188} INFO - [2024-04-12T20:23:12.847+0800] {dagbag.py:538} INFO - Filling up the DagBag from /Users/wanghaojin/Desktop/exchange@NUS/IS3107/HW/Project/news_data_pipeline/.venv/lib/python3.11/site-packages/airflow/example_dags/example_params_trigger_ui.py
[2024-04-12T20:23:12.869+0800] {processor.py:840} INFO - DAG(s) 'example_params_trigger_ui' retrieved from /Users/wanghaojin/Desktop/exchange@NUS/IS3107/HW/Project/news_data_pipeline/.venv/lib/python3.11/site-packages/airflow/example_dags/example_params_trigger_ui.py
[2024-04-12T20:23:12.956+0800] {logging_mixin.py:188} INFO - [2024-04-12T20:23:12.956+0800] {dag.py:3036} INFO - Sync 1 DAGs
[2024-04-12T20:23:12.962+0800] {logging_mixin.py:188} INFO - [2024-04-12T20:23:12.962+0800] {dag.py:3823} INFO - Setting next_dagrun for example_params_trigger_ui to None, run_after=None
[2024-04-12T20:23:12.973+0800] {processor.py:183} INFO - Processing /Users/wanghaojin/Desktop/exchange@NUS/IS3107/HW/Project/news_data_pipeline/.venv/lib/python3.11/site-packages/airflow/example_dags/example_params_trigger_ui.py took 0.127 seconds
[2024-04-12T20:25:46.456+0800] {processor.py:161} INFO - Started process (PID=9277) to work on /Users/wanghaojin/Desktop/exchange@NUS/IS3107/HW/Project/news_data_pipeline/.venv/lib/python3.11/site-packages/airflow/example_dags/example_params_trigger_ui.py
[2024-04-12T20:25:46.457+0800] {processor.py:830} INFO - Processing file /Users/wanghaojin/Desktop/exchange@NUS/IS3107/HW/Project/news_data_pipeline/.venv/lib/python3.11/site-packages/airflow/example_dags/example_params_trigger_ui.py for tasks to queue
[2024-04-12T20:25:46.458+0800] {logging_mixin.py:188} INFO - [2024-04-12T20:25:46.458+0800] {dagbag.py:538} INFO - Filling up the DagBag from /Users/wanghaojin/Desktop/exchange@NUS/IS3107/HW/Project/news_data_pipeline/.venv/lib/python3.11/site-packages/airflow/example_dags/example_params_trigger_ui.py
[2024-04-12T20:25:46.481+0800] {processor.py:840} INFO - DAG(s) 'example_params_trigger_ui' retrieved from /Users/wanghaojin/Desktop/exchange@NUS/IS3107/HW/Project/news_data_pipeline/.venv/lib/python3.11/site-packages/airflow/example_dags/example_params_trigger_ui.py
[2024-04-12T20:25:46.572+0800] {logging_mixin.py:188} INFO - [2024-04-12T20:25:46.572+0800] {dag.py:3036} INFO - Sync 1 DAGs
[2024-04-12T20:25:46.578+0800] {logging_mixin.py:188} INFO - [2024-04-12T20:25:46.578+0800] {dag.py:3823} INFO - Setting next_dagrun for example_params_trigger_ui to None, run_after=None
[2024-04-12T20:25:46.589+0800] {processor.py:183} INFO - Processing /Users/wanghaojin/Desktop/exchange@NUS/IS3107/HW/Project/news_data_pipeline/.venv/lib/python3.11/site-packages/airflow/example_dags/example_params_trigger_ui.py took 0.133 seconds
[2024-04-12T20:28:04.586+0800] {processor.py:161} INFO - Started process (PID=9539) to work on /Users/wanghaojin/Desktop/exchange@NUS/IS3107/HW/Project/news_data_pipeline/.venv/lib/python3.11/site-packages/airflow/example_dags/example_params_trigger_ui.py
[2024-04-12T20:28:04.587+0800] {processor.py:830} INFO - Processing file /Users/wanghaojin/Desktop/exchange@NUS/IS3107/HW/Project/news_data_pipeline/.venv/lib/python3.11/site-packages/airflow/example_dags/example_params_trigger_ui.py for tasks to queue
[2024-04-12T20:28:04.587+0800] {logging_mixin.py:188} INFO - [2024-04-12T20:28:04.587+0800] {dagbag.py:538} INFO - Filling up the DagBag from /Users/wanghaojin/Desktop/exchange@NUS/IS3107/HW/Project/news_data_pipeline/.venv/lib/python3.11/site-packages/airflow/example_dags/example_params_trigger_ui.py
[2024-04-12T20:28:04.609+0800] {processor.py:840} INFO - DAG(s) 'example_params_trigger_ui' retrieved from /Users/wanghaojin/Desktop/exchange@NUS/IS3107/HW/Project/news_data_pipeline/.venv/lib/python3.11/site-packages/airflow/example_dags/example_params_trigger_ui.py
[2024-04-12T20:28:04.696+0800] {logging_mixin.py:188} INFO - [2024-04-12T20:28:04.696+0800] {dag.py:3036} INFO - Sync 1 DAGs
[2024-04-12T20:28:04.701+0800] {logging_mixin.py:188} INFO - [2024-04-12T20:28:04.701+0800] {dag.py:3823} INFO - Setting next_dagrun for example_params_trigger_ui to None, run_after=None
[2024-04-12T20:28:04.712+0800] {processor.py:183} INFO - Processing /Users/wanghaojin/Desktop/exchange@NUS/IS3107/HW/Project/news_data_pipeline/.venv/lib/python3.11/site-packages/airflow/example_dags/example_params_trigger_ui.py took 0.127 seconds
[2024-04-12T20:30:18.338+0800] {processor.py:161} INFO - Started process (PID=9824) to work on /Users/wanghaojin/Desktop/exchange@NUS/IS3107/HW/Project/news_data_pipeline/.venv/lib/python3.11/site-packages/airflow/example_dags/example_params_trigger_ui.py
[2024-04-12T20:30:18.340+0800] {processor.py:830} INFO - Processing file /Users/wanghaojin/Desktop/exchange@NUS/IS3107/HW/Project/news_data_pipeline/.venv/lib/python3.11/site-packages/airflow/example_dags/example_params_trigger_ui.py for tasks to queue
[2024-04-12T20:30:18.340+0800] {logging_mixin.py:188} INFO - [2024-04-12T20:30:18.340+0800] {dagbag.py:538} INFO - Filling up the DagBag from /Users/wanghaojin/Desktop/exchange@NUS/IS3107/HW/Project/news_data_pipeline/.venv/lib/python3.11/site-packages/airflow/example_dags/example_params_trigger_ui.py
[2024-04-12T20:30:18.362+0800] {processor.py:840} INFO - DAG(s) 'example_params_trigger_ui' retrieved from /Users/wanghaojin/Desktop/exchange@NUS/IS3107/HW/Project/news_data_pipeline/.venv/lib/python3.11/site-packages/airflow/example_dags/example_params_trigger_ui.py
[2024-04-12T20:30:18.491+0800] {logging_mixin.py:188} INFO - [2024-04-12T20:30:18.490+0800] {dag.py:3036} INFO - Sync 1 DAGs
[2024-04-12T20:30:18.495+0800] {logging_mixin.py:188} INFO - [2024-04-12T20:30:18.495+0800] {dag.py:3823} INFO - Setting next_dagrun for example_params_trigger_ui to None, run_after=None
[2024-04-12T20:30:18.506+0800] {processor.py:183} INFO - Processing /Users/wanghaojin/Desktop/exchange@NUS/IS3107/HW/Project/news_data_pipeline/.venv/lib/python3.11/site-packages/airflow/example_dags/example_params_trigger_ui.py took 0.169 seconds
[2024-04-12T20:31:58.123+0800] {processor.py:161} INFO - Started process (PID=9971) to work on /Users/wanghaojin/Desktop/exchange@NUS/IS3107/HW/Project/news_data_pipeline/.venv/lib/python3.11/site-packages/airflow/example_dags/example_params_trigger_ui.py
[2024-04-12T20:31:58.125+0800] {processor.py:830} INFO - Processing file /Users/wanghaojin/Desktop/exchange@NUS/IS3107/HW/Project/news_data_pipeline/.venv/lib/python3.11/site-packages/airflow/example_dags/example_params_trigger_ui.py for tasks to queue
[2024-04-12T20:31:58.125+0800] {logging_mixin.py:188} INFO - [2024-04-12T20:31:58.125+0800] {dagbag.py:538} INFO - Filling up the DagBag from /Users/wanghaojin/Desktop/exchange@NUS/IS3107/HW/Project/news_data_pipeline/.venv/lib/python3.11/site-packages/airflow/example_dags/example_params_trigger_ui.py
[2024-04-12T20:31:58.147+0800] {processor.py:840} INFO - DAG(s) 'example_params_trigger_ui' retrieved from /Users/wanghaojin/Desktop/exchange@NUS/IS3107/HW/Project/news_data_pipeline/.venv/lib/python3.11/site-packages/airflow/example_dags/example_params_trigger_ui.py
[2024-04-12T20:31:58.233+0800] {logging_mixin.py:188} INFO - [2024-04-12T20:31:58.233+0800] {dag.py:3036} INFO - Sync 1 DAGs
[2024-04-12T20:31:58.239+0800] {logging_mixin.py:188} INFO - [2024-04-12T20:31:58.238+0800] {dag.py:3823} INFO - Setting next_dagrun for example_params_trigger_ui to None, run_after=None
[2024-04-12T20:31:58.249+0800] {processor.py:183} INFO - Processing /Users/wanghaojin/Desktop/exchange@NUS/IS3107/HW/Project/news_data_pipeline/.venv/lib/python3.11/site-packages/airflow/example_dags/example_params_trigger_ui.py took 0.127 seconds
[2024-04-12T20:35:43.819+0800] {processor.py:161} INFO - Started process (PID=10404) to work on /Users/wanghaojin/Desktop/exchange@NUS/IS3107/HW/Project/news_data_pipeline/.venv/lib/python3.11/site-packages/airflow/example_dags/example_params_trigger_ui.py
[2024-04-12T20:35:43.820+0800] {processor.py:830} INFO - Processing file /Users/wanghaojin/Desktop/exchange@NUS/IS3107/HW/Project/news_data_pipeline/.venv/lib/python3.11/site-packages/airflow/example_dags/example_params_trigger_ui.py for tasks to queue
[2024-04-12T20:35:43.820+0800] {logging_mixin.py:188} INFO - [2024-04-12T20:35:43.820+0800] {dagbag.py:538} INFO - Filling up the DagBag from /Users/wanghaojin/Desktop/exchange@NUS/IS3107/HW/Project/news_data_pipeline/.venv/lib/python3.11/site-packages/airflow/example_dags/example_params_trigger_ui.py
[2024-04-12T20:35:43.842+0800] {processor.py:840} INFO - DAG(s) 'example_params_trigger_ui' retrieved from /Users/wanghaojin/Desktop/exchange@NUS/IS3107/HW/Project/news_data_pipeline/.venv/lib/python3.11/site-packages/airflow/example_dags/example_params_trigger_ui.py
[2024-04-12T20:35:43.973+0800] {logging_mixin.py:188} INFO - [2024-04-12T20:35:43.972+0800] {dag.py:3036} INFO - Sync 1 DAGs
[2024-04-12T20:35:43.977+0800] {logging_mixin.py:188} INFO - [2024-04-12T20:35:43.977+0800] {dag.py:3823} INFO - Setting next_dagrun for example_params_trigger_ui to None, run_after=None
[2024-04-12T20:35:43.988+0800] {processor.py:183} INFO - Processing /Users/wanghaojin/Desktop/exchange@NUS/IS3107/HW/Project/news_data_pipeline/.venv/lib/python3.11/site-packages/airflow/example_dags/example_params_trigger_ui.py took 0.170 seconds
[2024-04-12T20:37:05.949+0800] {processor.py:161} INFO - Started process (PID=10563) to work on /Users/wanghaojin/Desktop/exchange@NUS/IS3107/HW/Project/news_data_pipeline/.venv/lib/python3.11/site-packages/airflow/example_dags/example_params_trigger_ui.py
[2024-04-12T20:37:05.949+0800] {processor.py:830} INFO - Processing file /Users/wanghaojin/Desktop/exchange@NUS/IS3107/HW/Project/news_data_pipeline/.venv/lib/python3.11/site-packages/airflow/example_dags/example_params_trigger_ui.py for tasks to queue
[2024-04-12T20:37:05.950+0800] {logging_mixin.py:188} INFO - [2024-04-12T20:37:05.950+0800] {dagbag.py:538} INFO - Filling up the DagBag from /Users/wanghaojin/Desktop/exchange@NUS/IS3107/HW/Project/news_data_pipeline/.venv/lib/python3.11/site-packages/airflow/example_dags/example_params_trigger_ui.py
[2024-04-12T20:37:05.971+0800] {processor.py:840} INFO - DAG(s) 'example_params_trigger_ui' retrieved from /Users/wanghaojin/Desktop/exchange@NUS/IS3107/HW/Project/news_data_pipeline/.venv/lib/python3.11/site-packages/airflow/example_dags/example_params_trigger_ui.py
[2024-04-12T20:37:06.104+0800] {logging_mixin.py:188} INFO - [2024-04-12T20:37:06.104+0800] {dag.py:3036} INFO - Sync 1 DAGs
[2024-04-12T20:37:06.109+0800] {logging_mixin.py:188} INFO - [2024-04-12T20:37:06.108+0800] {dag.py:3823} INFO - Setting next_dagrun for example_params_trigger_ui to None, run_after=None
[2024-04-12T20:37:06.120+0800] {processor.py:183} INFO - Processing /Users/wanghaojin/Desktop/exchange@NUS/IS3107/HW/Project/news_data_pipeline/.venv/lib/python3.11/site-packages/airflow/example_dags/example_params_trigger_ui.py took 0.172 seconds
[2024-04-12T20:38:45.293+0800] {processor.py:161} INFO - Started process (PID=10709) to work on /Users/wanghaojin/Desktop/exchange@NUS/IS3107/HW/Project/news_data_pipeline/.venv/lib/python3.11/site-packages/airflow/example_dags/example_params_trigger_ui.py
[2024-04-12T20:38:45.293+0800] {processor.py:830} INFO - Processing file /Users/wanghaojin/Desktop/exchange@NUS/IS3107/HW/Project/news_data_pipeline/.venv/lib/python3.11/site-packages/airflow/example_dags/example_params_trigger_ui.py for tasks to queue
[2024-04-12T20:38:45.294+0800] {logging_mixin.py:188} INFO - [2024-04-12T20:38:45.293+0800] {dagbag.py:538} INFO - Filling up the DagBag from /Users/wanghaojin/Desktop/exchange@NUS/IS3107/HW/Project/news_data_pipeline/.venv/lib/python3.11/site-packages/airflow/example_dags/example_params_trigger_ui.py
[2024-04-12T20:38:45.315+0800] {processor.py:840} INFO - DAG(s) 'example_params_trigger_ui' retrieved from /Users/wanghaojin/Desktop/exchange@NUS/IS3107/HW/Project/news_data_pipeline/.venv/lib/python3.11/site-packages/airflow/example_dags/example_params_trigger_ui.py
[2024-04-12T20:38:45.401+0800] {logging_mixin.py:188} INFO - [2024-04-12T20:38:45.401+0800] {dag.py:3036} INFO - Sync 1 DAGs
[2024-04-12T20:38:45.407+0800] {logging_mixin.py:188} INFO - [2024-04-12T20:38:45.407+0800] {dag.py:3823} INFO - Setting next_dagrun for example_params_trigger_ui to None, run_after=None
[2024-04-12T20:38:45.417+0800] {processor.py:183} INFO - Processing /Users/wanghaojin/Desktop/exchange@NUS/IS3107/HW/Project/news_data_pipeline/.venv/lib/python3.11/site-packages/airflow/example_dags/example_params_trigger_ui.py took 0.125 seconds
[2024-04-12T20:41:00.180+0800] {processor.py:161} INFO - Started process (PID=10901) to work on /Users/wanghaojin/Desktop/exchange@NUS/IS3107/HW/Project/news_data_pipeline/.venv/lib/python3.11/site-packages/airflow/example_dags/example_params_trigger_ui.py
[2024-04-12T20:41:00.181+0800] {processor.py:830} INFO - Processing file /Users/wanghaojin/Desktop/exchange@NUS/IS3107/HW/Project/news_data_pipeline/.venv/lib/python3.11/site-packages/airflow/example_dags/example_params_trigger_ui.py for tasks to queue
[2024-04-12T20:41:00.181+0800] {logging_mixin.py:188} INFO - [2024-04-12T20:41:00.181+0800] {dagbag.py:538} INFO - Filling up the DagBag from /Users/wanghaojin/Desktop/exchange@NUS/IS3107/HW/Project/news_data_pipeline/.venv/lib/python3.11/site-packages/airflow/example_dags/example_params_trigger_ui.py
[2024-04-12T20:41:00.203+0800] {processor.py:840} INFO - DAG(s) 'example_params_trigger_ui' retrieved from /Users/wanghaojin/Desktop/exchange@NUS/IS3107/HW/Project/news_data_pipeline/.venv/lib/python3.11/site-packages/airflow/example_dags/example_params_trigger_ui.py
[2024-04-12T20:41:00.289+0800] {logging_mixin.py:188} INFO - [2024-04-12T20:41:00.289+0800] {dag.py:3036} INFO - Sync 1 DAGs
[2024-04-12T20:41:00.295+0800] {logging_mixin.py:188} INFO - [2024-04-12T20:41:00.295+0800] {dag.py:3823} INFO - Setting next_dagrun for example_params_trigger_ui to None, run_after=None
[2024-04-12T20:41:00.305+0800] {processor.py:183} INFO - Processing /Users/wanghaojin/Desktop/exchange@NUS/IS3107/HW/Project/news_data_pipeline/.venv/lib/python3.11/site-packages/airflow/example_dags/example_params_trigger_ui.py took 0.125 seconds
[2024-04-12T20:43:22.068+0800] {processor.py:161} INFO - Started process (PID=11126) to work on /Users/wanghaojin/Desktop/exchange@NUS/IS3107/HW/Project/news_data_pipeline/.venv/lib/python3.11/site-packages/airflow/example_dags/example_params_trigger_ui.py
[2024-04-12T20:43:22.069+0800] {processor.py:830} INFO - Processing file /Users/wanghaojin/Desktop/exchange@NUS/IS3107/HW/Project/news_data_pipeline/.venv/lib/python3.11/site-packages/airflow/example_dags/example_params_trigger_ui.py for tasks to queue
[2024-04-12T20:43:22.069+0800] {logging_mixin.py:188} INFO - [2024-04-12T20:43:22.069+0800] {dagbag.py:538} INFO - Filling up the DagBag from /Users/wanghaojin/Desktop/exchange@NUS/IS3107/HW/Project/news_data_pipeline/.venv/lib/python3.11/site-packages/airflow/example_dags/example_params_trigger_ui.py
[2024-04-12T20:43:22.091+0800] {processor.py:840} INFO - DAG(s) 'example_params_trigger_ui' retrieved from /Users/wanghaojin/Desktop/exchange@NUS/IS3107/HW/Project/news_data_pipeline/.venv/lib/python3.11/site-packages/airflow/example_dags/example_params_trigger_ui.py
[2024-04-12T20:43:22.177+0800] {logging_mixin.py:188} INFO - [2024-04-12T20:43:22.177+0800] {dag.py:3036} INFO - Sync 1 DAGs
[2024-04-12T20:43:22.182+0800] {logging_mixin.py:188} INFO - [2024-04-12T20:43:22.182+0800] {dag.py:3823} INFO - Setting next_dagrun for example_params_trigger_ui to None, run_after=None
[2024-04-12T20:43:22.193+0800] {processor.py:183} INFO - Processing /Users/wanghaojin/Desktop/exchange@NUS/IS3107/HW/Project/news_data_pipeline/.venv/lib/python3.11/site-packages/airflow/example_dags/example_params_trigger_ui.py took 0.126 seconds
[2024-04-12T20:48:57.257+0800] {processor.py:161} INFO - Started process (PID=11804) to work on /Users/wanghaojin/Desktop/exchange@NUS/IS3107/HW/Project/news_data_pipeline/.venv/lib/python3.11/site-packages/airflow/example_dags/example_params_trigger_ui.py
[2024-04-12T20:48:57.259+0800] {processor.py:830} INFO - Processing file /Users/wanghaojin/Desktop/exchange@NUS/IS3107/HW/Project/news_data_pipeline/.venv/lib/python3.11/site-packages/airflow/example_dags/example_params_trigger_ui.py for tasks to queue
[2024-04-12T20:48:57.259+0800] {logging_mixin.py:188} INFO - [2024-04-12T20:48:57.259+0800] {dagbag.py:538} INFO - Filling up the DagBag from /Users/wanghaojin/Desktop/exchange@NUS/IS3107/HW/Project/news_data_pipeline/.venv/lib/python3.11/site-packages/airflow/example_dags/example_params_trigger_ui.py
[2024-04-12T20:48:57.281+0800] {processor.py:840} INFO - DAG(s) 'example_params_trigger_ui' retrieved from /Users/wanghaojin/Desktop/exchange@NUS/IS3107/HW/Project/news_data_pipeline/.venv/lib/python3.11/site-packages/airflow/example_dags/example_params_trigger_ui.py
[2024-04-12T20:48:57.412+0800] {logging_mixin.py:188} INFO - [2024-04-12T20:48:57.412+0800] {dag.py:3036} INFO - Sync 1 DAGs
[2024-04-12T20:48:57.416+0800] {logging_mixin.py:188} INFO - [2024-04-12T20:48:57.416+0800] {dag.py:3823} INFO - Setting next_dagrun for example_params_trigger_ui to None, run_after=None
[2024-04-12T20:48:57.428+0800] {processor.py:183} INFO - Processing /Users/wanghaojin/Desktop/exchange@NUS/IS3107/HW/Project/news_data_pipeline/.venv/lib/python3.11/site-packages/airflow/example_dags/example_params_trigger_ui.py took 0.171 seconds
[2024-04-12T20:50:20.884+0800] {processor.py:161} INFO - Started process (PID=11943) to work on /Users/wanghaojin/Desktop/exchange@NUS/IS3107/HW/Project/news_data_pipeline/.venv/lib/python3.11/site-packages/airflow/example_dags/example_params_trigger_ui.py
[2024-04-12T20:50:20.885+0800] {processor.py:830} INFO - Processing file /Users/wanghaojin/Desktop/exchange@NUS/IS3107/HW/Project/news_data_pipeline/.venv/lib/python3.11/site-packages/airflow/example_dags/example_params_trigger_ui.py for tasks to queue
[2024-04-12T20:50:20.886+0800] {logging_mixin.py:188} INFO - [2024-04-12T20:50:20.886+0800] {dagbag.py:538} INFO - Filling up the DagBag from /Users/wanghaojin/Desktop/exchange@NUS/IS3107/HW/Project/news_data_pipeline/.venv/lib/python3.11/site-packages/airflow/example_dags/example_params_trigger_ui.py
[2024-04-12T20:50:20.907+0800] {processor.py:840} INFO - DAG(s) 'example_params_trigger_ui' retrieved from /Users/wanghaojin/Desktop/exchange@NUS/IS3107/HW/Project/news_data_pipeline/.venv/lib/python3.11/site-packages/airflow/example_dags/example_params_trigger_ui.py
[2024-04-12T20:50:21.037+0800] {logging_mixin.py:188} INFO - [2024-04-12T20:50:21.037+0800] {dag.py:3036} INFO - Sync 1 DAGs
[2024-04-12T20:50:21.041+0800] {logging_mixin.py:188} INFO - [2024-04-12T20:50:21.041+0800] {dag.py:3823} INFO - Setting next_dagrun for example_params_trigger_ui to None, run_after=None
[2024-04-12T20:50:21.053+0800] {processor.py:183} INFO - Processing /Users/wanghaojin/Desktop/exchange@NUS/IS3107/HW/Project/news_data_pipeline/.venv/lib/python3.11/site-packages/airflow/example_dags/example_params_trigger_ui.py took 0.170 seconds
