[2024-04-12T19:29:17.998+0800] {processor.py:161} INFO - Started process (PID=3581) to work on /Users/wanghaojin/Desktop/exchange@NUS/IS3107/HW/Project/news_data_pipeline/.venv/lib/python3.11/site-packages/airflow/example_dags/example_params_ui_tutorial.py
[2024-04-12T19:29:17.999+0800] {processor.py:830} INFO - Processing file /Users/wanghaojin/Desktop/exchange@NUS/IS3107/HW/Project/news_data_pipeline/.venv/lib/python3.11/site-packages/airflow/example_dags/example_params_ui_tutorial.py for tasks to queue
[2024-04-12T19:29:17.999+0800] {logging_mixin.py:188} INFO - [2024-04-12T19:29:17.999+0800] {dagbag.py:538} INFO - Filling up the DagBag from /Users/wanghaojin/Desktop/exchange@NUS/IS3107/HW/Project/news_data_pipeline/.venv/lib/python3.11/site-packages/airflow/example_dags/example_params_ui_tutorial.py
[2024-04-12T19:29:18.021+0800] {processor.py:840} INFO - DAG(s) 'example_params_ui_tutorial' retrieved from /Users/wanghaojin/Desktop/exchange@NUS/IS3107/HW/Project/news_data_pipeline/.venv/lib/python3.11/site-packages/airflow/example_dags/example_params_ui_tutorial.py
[2024-04-12T19:29:18.114+0800] {logging_mixin.py:188} INFO - [2024-04-12T19:29:18.113+0800] {dag.py:3036} INFO - Sync 1 DAGs
[2024-04-12T19:29:18.119+0800] {logging_mixin.py:188} INFO - [2024-04-12T19:29:18.119+0800] {dag.py:3823} INFO - Setting next_dagrun for example_params_ui_tutorial to None, run_after=None
[2024-04-12T19:29:18.130+0800] {processor.py:183} INFO - Processing /Users/wanghaojin/Desktop/exchange@NUS/IS3107/HW/Project/news_data_pipeline/.venv/lib/python3.11/site-packages/airflow/example_dags/example_params_ui_tutorial.py took 0.132 seconds
[2024-04-12T19:30:36.150+0800] {processor.py:161} INFO - Started process (PID=4171) to work on /Users/wanghaojin/Desktop/exchange@NUS/IS3107/HW/Project/news_data_pipeline/.venv/lib/python3.11/site-packages/airflow/example_dags/example_params_ui_tutorial.py
[2024-04-12T19:30:36.151+0800] {processor.py:830} INFO - Processing file /Users/wanghaojin/Desktop/exchange@NUS/IS3107/HW/Project/news_data_pipeline/.venv/lib/python3.11/site-packages/airflow/example_dags/example_params_ui_tutorial.py for tasks to queue
[2024-04-12T19:30:36.151+0800] {logging_mixin.py:188} INFO - [2024-04-12T19:30:36.151+0800] {dagbag.py:538} INFO - Filling up the DagBag from /Users/wanghaojin/Desktop/exchange@NUS/IS3107/HW/Project/news_data_pipeline/.venv/lib/python3.11/site-packages/airflow/example_dags/example_params_ui_tutorial.py
[2024-04-12T19:30:36.173+0800] {processor.py:840} INFO - DAG(s) 'example_params_ui_tutorial' retrieved from /Users/wanghaojin/Desktop/exchange@NUS/IS3107/HW/Project/news_data_pipeline/.venv/lib/python3.11/site-packages/airflow/example_dags/example_params_ui_tutorial.py
[2024-04-12T19:30:36.304+0800] {logging_mixin.py:188} INFO - [2024-04-12T19:30:36.304+0800] {dag.py:3036} INFO - Sync 1 DAGs
[2024-04-12T19:30:36.309+0800] {logging_mixin.py:188} INFO - [2024-04-12T19:30:36.308+0800] {dag.py:3823} INFO - Setting next_dagrun for example_params_ui_tutorial to None, run_after=None
[2024-04-12T19:30:36.319+0800] {processor.py:183} INFO - Processing /Users/wanghaojin/Desktop/exchange@NUS/IS3107/HW/Project/news_data_pipeline/.venv/lib/python3.11/site-packages/airflow/example_dags/example_params_ui_tutorial.py took 0.169 seconds
[2024-04-12T19:32:24.062+0800] {processor.py:161} INFO - Started process (PID=4356) to work on /Users/wanghaojin/Desktop/exchange@NUS/IS3107/HW/Project/news_data_pipeline/.venv/lib/python3.11/site-packages/airflow/example_dags/example_params_ui_tutorial.py
[2024-04-12T19:32:24.063+0800] {processor.py:830} INFO - Processing file /Users/wanghaojin/Desktop/exchange@NUS/IS3107/HW/Project/news_data_pipeline/.venv/lib/python3.11/site-packages/airflow/example_dags/example_params_ui_tutorial.py for tasks to queue
[2024-04-12T19:32:24.064+0800] {logging_mixin.py:188} INFO - [2024-04-12T19:32:24.063+0800] {dagbag.py:538} INFO - Filling up the DagBag from /Users/wanghaojin/Desktop/exchange@NUS/IS3107/HW/Project/news_data_pipeline/.venv/lib/python3.11/site-packages/airflow/example_dags/example_params_ui_tutorial.py
[2024-04-12T19:32:24.084+0800] {processor.py:840} INFO - DAG(s) 'example_params_ui_tutorial' retrieved from /Users/wanghaojin/Desktop/exchange@NUS/IS3107/HW/Project/news_data_pipeline/.venv/lib/python3.11/site-packages/airflow/example_dags/example_params_ui_tutorial.py
[2024-04-12T19:32:24.217+0800] {logging_mixin.py:188} INFO - [2024-04-12T19:32:24.217+0800] {dag.py:3036} INFO - Sync 1 DAGs
[2024-04-12T19:32:24.222+0800] {logging_mixin.py:188} INFO - [2024-04-12T19:32:24.222+0800] {dag.py:3823} INFO - Setting next_dagrun for example_params_ui_tutorial to None, run_after=None
[2024-04-12T19:32:24.232+0800] {processor.py:183} INFO - Processing /Users/wanghaojin/Desktop/exchange@NUS/IS3107/HW/Project/news_data_pipeline/.venv/lib/python3.11/site-packages/airflow/example_dags/example_params_ui_tutorial.py took 0.171 seconds
[2024-04-12T19:34:02.680+0800] {processor.py:161} INFO - Started process (PID=4526) to work on /Users/wanghaojin/Desktop/exchange@NUS/IS3107/HW/Project/news_data_pipeline/.venv/lib/python3.11/site-packages/airflow/example_dags/example_params_ui_tutorial.py
[2024-04-12T19:34:02.680+0800] {processor.py:830} INFO - Processing file /Users/wanghaojin/Desktop/exchange@NUS/IS3107/HW/Project/news_data_pipeline/.venv/lib/python3.11/site-packages/airflow/example_dags/example_params_ui_tutorial.py for tasks to queue
[2024-04-12T19:34:02.680+0800] {logging_mixin.py:188} INFO - [2024-04-12T19:34:02.680+0800] {dagbag.py:538} INFO - Filling up the DagBag from /Users/wanghaojin/Desktop/exchange@NUS/IS3107/HW/Project/news_data_pipeline/.venv/lib/python3.11/site-packages/airflow/example_dags/example_params_ui_tutorial.py
[2024-04-12T19:34:02.702+0800] {processor.py:840} INFO - DAG(s) 'example_params_ui_tutorial' retrieved from /Users/wanghaojin/Desktop/exchange@NUS/IS3107/HW/Project/news_data_pipeline/.venv/lib/python3.11/site-packages/airflow/example_dags/example_params_ui_tutorial.py
[2024-04-12T19:34:02.790+0800] {logging_mixin.py:188} INFO - [2024-04-12T19:34:02.790+0800] {dag.py:3036} INFO - Sync 1 DAGs
[2024-04-12T19:34:02.796+0800] {logging_mixin.py:188} INFO - [2024-04-12T19:34:02.796+0800] {dag.py:3823} INFO - Setting next_dagrun for example_params_ui_tutorial to None, run_after=None
[2024-04-12T19:34:02.806+0800] {processor.py:183} INFO - Processing /Users/wanghaojin/Desktop/exchange@NUS/IS3107/HW/Project/news_data_pipeline/.venv/lib/python3.11/site-packages/airflow/example_dags/example_params_ui_tutorial.py took 0.127 seconds
[2024-04-12T19:36:19.506+0800] {processor.py:161} INFO - Started process (PID=4735) to work on /Users/wanghaojin/Desktop/exchange@NUS/IS3107/HW/Project/news_data_pipeline/.venv/lib/python3.11/site-packages/airflow/example_dags/example_params_ui_tutorial.py
[2024-04-12T19:36:19.506+0800] {processor.py:830} INFO - Processing file /Users/wanghaojin/Desktop/exchange@NUS/IS3107/HW/Project/news_data_pipeline/.venv/lib/python3.11/site-packages/airflow/example_dags/example_params_ui_tutorial.py for tasks to queue
[2024-04-12T19:36:19.507+0800] {logging_mixin.py:188} INFO - [2024-04-12T19:36:19.507+0800] {dagbag.py:538} INFO - Filling up the DagBag from /Users/wanghaojin/Desktop/exchange@NUS/IS3107/HW/Project/news_data_pipeline/.venv/lib/python3.11/site-packages/airflow/example_dags/example_params_ui_tutorial.py
[2024-04-12T19:36:19.529+0800] {processor.py:840} INFO - DAG(s) 'example_params_ui_tutorial' retrieved from /Users/wanghaojin/Desktop/exchange@NUS/IS3107/HW/Project/news_data_pipeline/.venv/lib/python3.11/site-packages/airflow/example_dags/example_params_ui_tutorial.py
[2024-04-12T19:36:19.617+0800] {logging_mixin.py:188} INFO - [2024-04-12T19:36:19.616+0800] {dag.py:3036} INFO - Sync 1 DAGs
[2024-04-12T19:36:19.622+0800] {logging_mixin.py:188} INFO - [2024-04-12T19:36:19.622+0800] {dag.py:3823} INFO - Setting next_dagrun for example_params_ui_tutorial to None, run_after=None
[2024-04-12T19:36:19.633+0800] {processor.py:183} INFO - Processing /Users/wanghaojin/Desktop/exchange@NUS/IS3107/HW/Project/news_data_pipeline/.venv/lib/python3.11/site-packages/airflow/example_dags/example_params_ui_tutorial.py took 0.127 seconds
[2024-04-12T19:38:35.343+0800] {processor.py:161} INFO - Started process (PID=4957) to work on /Users/wanghaojin/Desktop/exchange@NUS/IS3107/HW/Project/news_data_pipeline/.venv/lib/python3.11/site-packages/airflow/example_dags/example_params_ui_tutorial.py
[2024-04-12T19:38:35.343+0800] {processor.py:830} INFO - Processing file /Users/wanghaojin/Desktop/exchange@NUS/IS3107/HW/Project/news_data_pipeline/.venv/lib/python3.11/site-packages/airflow/example_dags/example_params_ui_tutorial.py for tasks to queue
[2024-04-12T19:38:35.343+0800] {logging_mixin.py:188} INFO - [2024-04-12T19:38:35.343+0800] {dagbag.py:538} INFO - Filling up the DagBag from /Users/wanghaojin/Desktop/exchange@NUS/IS3107/HW/Project/news_data_pipeline/.venv/lib/python3.11/site-packages/airflow/example_dags/example_params_ui_tutorial.py
[2024-04-12T19:38:35.364+0800] {processor.py:840} INFO - DAG(s) 'example_params_ui_tutorial' retrieved from /Users/wanghaojin/Desktop/exchange@NUS/IS3107/HW/Project/news_data_pipeline/.venv/lib/python3.11/site-packages/airflow/example_dags/example_params_ui_tutorial.py
[2024-04-12T19:38:35.452+0800] {logging_mixin.py:188} INFO - [2024-04-12T19:38:35.452+0800] {dag.py:3036} INFO - Sync 1 DAGs
[2024-04-12T19:38:35.458+0800] {logging_mixin.py:188} INFO - [2024-04-12T19:38:35.457+0800] {dag.py:3823} INFO - Setting next_dagrun for example_params_ui_tutorial to None, run_after=None
[2024-04-12T19:38:35.468+0800] {processor.py:183} INFO - Processing /Users/wanghaojin/Desktop/exchange@NUS/IS3107/HW/Project/news_data_pipeline/.venv/lib/python3.11/site-packages/airflow/example_dags/example_params_ui_tutorial.py took 0.126 seconds
[2024-04-12T19:40:48.008+0800] {processor.py:161} INFO - Started process (PID=5153) to work on /Users/wanghaojin/Desktop/exchange@NUS/IS3107/HW/Project/news_data_pipeline/.venv/lib/python3.11/site-packages/airflow/example_dags/example_params_ui_tutorial.py
[2024-04-12T19:40:48.009+0800] {processor.py:830} INFO - Processing file /Users/wanghaojin/Desktop/exchange@NUS/IS3107/HW/Project/news_data_pipeline/.venv/lib/python3.11/site-packages/airflow/example_dags/example_params_ui_tutorial.py for tasks to queue
[2024-04-12T19:40:48.009+0800] {logging_mixin.py:188} INFO - [2024-04-12T19:40:48.009+0800] {dagbag.py:538} INFO - Filling up the DagBag from /Users/wanghaojin/Desktop/exchange@NUS/IS3107/HW/Project/news_data_pipeline/.venv/lib/python3.11/site-packages/airflow/example_dags/example_params_ui_tutorial.py
[2024-04-12T19:40:48.030+0800] {processor.py:840} INFO - DAG(s) 'example_params_ui_tutorial' retrieved from /Users/wanghaojin/Desktop/exchange@NUS/IS3107/HW/Project/news_data_pipeline/.venv/lib/python3.11/site-packages/airflow/example_dags/example_params_ui_tutorial.py
[2024-04-12T19:40:48.117+0800] {logging_mixin.py:188} INFO - [2024-04-12T19:40:48.117+0800] {dag.py:3036} INFO - Sync 1 DAGs
[2024-04-12T19:40:48.123+0800] {logging_mixin.py:188} INFO - [2024-04-12T19:40:48.122+0800] {dag.py:3823} INFO - Setting next_dagrun for example_params_ui_tutorial to None, run_after=None
[2024-04-12T19:40:48.133+0800] {processor.py:183} INFO - Processing /Users/wanghaojin/Desktop/exchange@NUS/IS3107/HW/Project/news_data_pipeline/.venv/lib/python3.11/site-packages/airflow/example_dags/example_params_ui_tutorial.py took 0.125 seconds
[2024-04-12T19:43:04.754+0800] {processor.py:161} INFO - Started process (PID=5373) to work on /Users/wanghaojin/Desktop/exchange@NUS/IS3107/HW/Project/news_data_pipeline/.venv/lib/python3.11/site-packages/airflow/example_dags/example_params_ui_tutorial.py
[2024-04-12T19:43:04.754+0800] {processor.py:830} INFO - Processing file /Users/wanghaojin/Desktop/exchange@NUS/IS3107/HW/Project/news_data_pipeline/.venv/lib/python3.11/site-packages/airflow/example_dags/example_params_ui_tutorial.py for tasks to queue
[2024-04-12T19:43:04.754+0800] {logging_mixin.py:188} INFO - [2024-04-12T19:43:04.754+0800] {dagbag.py:538} INFO - Filling up the DagBag from /Users/wanghaojin/Desktop/exchange@NUS/IS3107/HW/Project/news_data_pipeline/.venv/lib/python3.11/site-packages/airflow/example_dags/example_params_ui_tutorial.py
[2024-04-12T19:43:04.775+0800] {processor.py:840} INFO - DAG(s) 'example_params_ui_tutorial' retrieved from /Users/wanghaojin/Desktop/exchange@NUS/IS3107/HW/Project/news_data_pipeline/.venv/lib/python3.11/site-packages/airflow/example_dags/example_params_ui_tutorial.py
[2024-04-12T19:43:04.863+0800] {logging_mixin.py:188} INFO - [2024-04-12T19:43:04.863+0800] {dag.py:3036} INFO - Sync 1 DAGs
[2024-04-12T19:43:04.869+0800] {logging_mixin.py:188} INFO - [2024-04-12T19:43:04.868+0800] {dag.py:3823} INFO - Setting next_dagrun for example_params_ui_tutorial to None, run_after=None
[2024-04-12T19:43:04.879+0800] {processor.py:183} INFO - Processing /Users/wanghaojin/Desktop/exchange@NUS/IS3107/HW/Project/news_data_pipeline/.venv/lib/python3.11/site-packages/airflow/example_dags/example_params_ui_tutorial.py took 0.126 seconds
[2024-04-12T19:45:21.587+0800] {processor.py:161} INFO - Started process (PID=5599) to work on /Users/wanghaojin/Desktop/exchange@NUS/IS3107/HW/Project/news_data_pipeline/.venv/lib/python3.11/site-packages/airflow/example_dags/example_params_ui_tutorial.py
[2024-04-12T19:45:21.587+0800] {processor.py:830} INFO - Processing file /Users/wanghaojin/Desktop/exchange@NUS/IS3107/HW/Project/news_data_pipeline/.venv/lib/python3.11/site-packages/airflow/example_dags/example_params_ui_tutorial.py for tasks to queue
[2024-04-12T19:45:21.588+0800] {logging_mixin.py:188} INFO - [2024-04-12T19:45:21.588+0800] {dagbag.py:538} INFO - Filling up the DagBag from /Users/wanghaojin/Desktop/exchange@NUS/IS3107/HW/Project/news_data_pipeline/.venv/lib/python3.11/site-packages/airflow/example_dags/example_params_ui_tutorial.py
[2024-04-12T19:45:21.610+0800] {processor.py:840} INFO - DAG(s) 'example_params_ui_tutorial' retrieved from /Users/wanghaojin/Desktop/exchange@NUS/IS3107/HW/Project/news_data_pipeline/.venv/lib/python3.11/site-packages/airflow/example_dags/example_params_ui_tutorial.py
[2024-04-12T19:45:21.704+0800] {logging_mixin.py:188} INFO - [2024-04-12T19:45:21.704+0800] {dag.py:3036} INFO - Sync 1 DAGs
[2024-04-12T19:45:21.710+0800] {logging_mixin.py:188} INFO - [2024-04-12T19:45:21.710+0800] {dag.py:3823} INFO - Setting next_dagrun for example_params_ui_tutorial to None, run_after=None
[2024-04-12T19:45:21.720+0800] {processor.py:183} INFO - Processing /Users/wanghaojin/Desktop/exchange@NUS/IS3107/HW/Project/news_data_pipeline/.venv/lib/python3.11/site-packages/airflow/example_dags/example_params_ui_tutorial.py took 0.135 seconds
[2024-04-12T19:47:36.817+0800] {processor.py:161} INFO - Started process (PID=5761) to work on /Users/wanghaojin/Desktop/exchange@NUS/IS3107/HW/Project/news_data_pipeline/.venv/lib/python3.11/site-packages/airflow/example_dags/example_params_ui_tutorial.py
[2024-04-12T19:47:36.818+0800] {processor.py:830} INFO - Processing file /Users/wanghaojin/Desktop/exchange@NUS/IS3107/HW/Project/news_data_pipeline/.venv/lib/python3.11/site-packages/airflow/example_dags/example_params_ui_tutorial.py for tasks to queue
[2024-04-12T19:47:36.818+0800] {logging_mixin.py:188} INFO - [2024-04-12T19:47:36.818+0800] {dagbag.py:538} INFO - Filling up the DagBag from /Users/wanghaojin/Desktop/exchange@NUS/IS3107/HW/Project/news_data_pipeline/.venv/lib/python3.11/site-packages/airflow/example_dags/example_params_ui_tutorial.py
[2024-04-12T19:47:36.839+0800] {processor.py:840} INFO - DAG(s) 'example_params_ui_tutorial' retrieved from /Users/wanghaojin/Desktop/exchange@NUS/IS3107/HW/Project/news_data_pipeline/.venv/lib/python3.11/site-packages/airflow/example_dags/example_params_ui_tutorial.py
[2024-04-12T19:47:36.927+0800] {logging_mixin.py:188} INFO - [2024-04-12T19:47:36.927+0800] {dag.py:3036} INFO - Sync 1 DAGs
[2024-04-12T19:47:36.932+0800] {logging_mixin.py:188} INFO - [2024-04-12T19:47:36.932+0800] {dag.py:3823} INFO - Setting next_dagrun for example_params_ui_tutorial to None, run_after=None
[2024-04-12T19:47:36.943+0800] {processor.py:183} INFO - Processing /Users/wanghaojin/Desktop/exchange@NUS/IS3107/HW/Project/news_data_pipeline/.venv/lib/python3.11/site-packages/airflow/example_dags/example_params_ui_tutorial.py took 0.126 seconds
[2024-04-12T19:49:53.103+0800] {processor.py:161} INFO - Started process (PID=5977) to work on /Users/wanghaojin/Desktop/exchange@NUS/IS3107/HW/Project/news_data_pipeline/.venv/lib/python3.11/site-packages/airflow/example_dags/example_params_ui_tutorial.py
[2024-04-12T19:49:53.103+0800] {processor.py:830} INFO - Processing file /Users/wanghaojin/Desktop/exchange@NUS/IS3107/HW/Project/news_data_pipeline/.venv/lib/python3.11/site-packages/airflow/example_dags/example_params_ui_tutorial.py for tasks to queue
[2024-04-12T19:49:53.104+0800] {logging_mixin.py:188} INFO - [2024-04-12T19:49:53.104+0800] {dagbag.py:538} INFO - Filling up the DagBag from /Users/wanghaojin/Desktop/exchange@NUS/IS3107/HW/Project/news_data_pipeline/.venv/lib/python3.11/site-packages/airflow/example_dags/example_params_ui_tutorial.py
[2024-04-12T19:49:53.124+0800] {processor.py:840} INFO - DAG(s) 'example_params_ui_tutorial' retrieved from /Users/wanghaojin/Desktop/exchange@NUS/IS3107/HW/Project/news_data_pipeline/.venv/lib/python3.11/site-packages/airflow/example_dags/example_params_ui_tutorial.py
[2024-04-12T19:49:53.212+0800] {logging_mixin.py:188} INFO - [2024-04-12T19:49:53.212+0800] {dag.py:3036} INFO - Sync 1 DAGs
[2024-04-12T19:49:53.217+0800] {logging_mixin.py:188} INFO - [2024-04-12T19:49:53.217+0800] {dag.py:3823} INFO - Setting next_dagrun for example_params_ui_tutorial to None, run_after=None
[2024-04-12T19:49:53.228+0800] {processor.py:183} INFO - Processing /Users/wanghaojin/Desktop/exchange@NUS/IS3107/HW/Project/news_data_pipeline/.venv/lib/python3.11/site-packages/airflow/example_dags/example_params_ui_tutorial.py took 0.126 seconds
[2024-04-12T19:52:08.110+0800] {processor.py:161} INFO - Started process (PID=6173) to work on /Users/wanghaojin/Desktop/exchange@NUS/IS3107/HW/Project/news_data_pipeline/.venv/lib/python3.11/site-packages/airflow/example_dags/example_params_ui_tutorial.py
[2024-04-12T19:52:08.110+0800] {processor.py:830} INFO - Processing file /Users/wanghaojin/Desktop/exchange@NUS/IS3107/HW/Project/news_data_pipeline/.venv/lib/python3.11/site-packages/airflow/example_dags/example_params_ui_tutorial.py for tasks to queue
[2024-04-12T19:52:08.111+0800] {logging_mixin.py:188} INFO - [2024-04-12T19:52:08.111+0800] {dagbag.py:538} INFO - Filling up the DagBag from /Users/wanghaojin/Desktop/exchange@NUS/IS3107/HW/Project/news_data_pipeline/.venv/lib/python3.11/site-packages/airflow/example_dags/example_params_ui_tutorial.py
[2024-04-12T19:52:08.132+0800] {processor.py:840} INFO - DAG(s) 'example_params_ui_tutorial' retrieved from /Users/wanghaojin/Desktop/exchange@NUS/IS3107/HW/Project/news_data_pipeline/.venv/lib/python3.11/site-packages/airflow/example_dags/example_params_ui_tutorial.py
[2024-04-12T19:52:08.221+0800] {logging_mixin.py:188} INFO - [2024-04-12T19:52:08.221+0800] {dag.py:3036} INFO - Sync 1 DAGs
[2024-04-12T19:52:08.226+0800] {logging_mixin.py:188} INFO - [2024-04-12T19:52:08.226+0800] {dag.py:3823} INFO - Setting next_dagrun for example_params_ui_tutorial to None, run_after=None
[2024-04-12T19:52:08.237+0800] {processor.py:183} INFO - Processing /Users/wanghaojin/Desktop/exchange@NUS/IS3107/HW/Project/news_data_pipeline/.venv/lib/python3.11/site-packages/airflow/example_dags/example_params_ui_tutorial.py took 0.128 seconds
[2024-04-12T19:54:23.103+0800] {processor.py:161} INFO - Started process (PID=6304) to work on /Users/wanghaojin/Desktop/exchange@NUS/IS3107/HW/Project/news_data_pipeline/.venv/lib/python3.11/site-packages/airflow/example_dags/example_params_ui_tutorial.py
[2024-04-12T19:54:23.104+0800] {processor.py:830} INFO - Processing file /Users/wanghaojin/Desktop/exchange@NUS/IS3107/HW/Project/news_data_pipeline/.venv/lib/python3.11/site-packages/airflow/example_dags/example_params_ui_tutorial.py for tasks to queue
[2024-04-12T19:54:23.104+0800] {logging_mixin.py:188} INFO - [2024-04-12T19:54:23.104+0800] {dagbag.py:538} INFO - Filling up the DagBag from /Users/wanghaojin/Desktop/exchange@NUS/IS3107/HW/Project/news_data_pipeline/.venv/lib/python3.11/site-packages/airflow/example_dags/example_params_ui_tutorial.py
[2024-04-12T19:54:23.125+0800] {processor.py:840} INFO - DAG(s) 'example_params_ui_tutorial' retrieved from /Users/wanghaojin/Desktop/exchange@NUS/IS3107/HW/Project/news_data_pipeline/.venv/lib/python3.11/site-packages/airflow/example_dags/example_params_ui_tutorial.py
[2024-04-12T19:54:23.214+0800] {logging_mixin.py:188} INFO - [2024-04-12T19:54:23.214+0800] {dag.py:3036} INFO - Sync 1 DAGs
[2024-04-12T19:54:23.219+0800] {logging_mixin.py:188} INFO - [2024-04-12T19:54:23.219+0800] {dag.py:3823} INFO - Setting next_dagrun for example_params_ui_tutorial to None, run_after=None
[2024-04-12T19:54:23.230+0800] {processor.py:183} INFO - Processing /Users/wanghaojin/Desktop/exchange@NUS/IS3107/HW/Project/news_data_pipeline/.venv/lib/python3.11/site-packages/airflow/example_dags/example_params_ui_tutorial.py took 0.127 seconds
[2024-04-12T19:56:38.415+0800] {processor.py:161} INFO - Started process (PID=6480) to work on /Users/wanghaojin/Desktop/exchange@NUS/IS3107/HW/Project/news_data_pipeline/.venv/lib/python3.11/site-packages/airflow/example_dags/example_params_ui_tutorial.py
[2024-04-12T19:56:38.416+0800] {processor.py:830} INFO - Processing file /Users/wanghaojin/Desktop/exchange@NUS/IS3107/HW/Project/news_data_pipeline/.venv/lib/python3.11/site-packages/airflow/example_dags/example_params_ui_tutorial.py for tasks to queue
[2024-04-12T19:56:38.416+0800] {logging_mixin.py:188} INFO - [2024-04-12T19:56:38.416+0800] {dagbag.py:538} INFO - Filling up the DagBag from /Users/wanghaojin/Desktop/exchange@NUS/IS3107/HW/Project/news_data_pipeline/.venv/lib/python3.11/site-packages/airflow/example_dags/example_params_ui_tutorial.py
[2024-04-12T19:56:38.437+0800] {processor.py:840} INFO - DAG(s) 'example_params_ui_tutorial' retrieved from /Users/wanghaojin/Desktop/exchange@NUS/IS3107/HW/Project/news_data_pipeline/.venv/lib/python3.11/site-packages/airflow/example_dags/example_params_ui_tutorial.py
[2024-04-12T19:56:38.524+0800] {logging_mixin.py:188} INFO - [2024-04-12T19:56:38.524+0800] {dag.py:3036} INFO - Sync 1 DAGs
[2024-04-12T19:56:38.530+0800] {logging_mixin.py:188} INFO - [2024-04-12T19:56:38.530+0800] {dag.py:3823} INFO - Setting next_dagrun for example_params_ui_tutorial to None, run_after=None
[2024-04-12T19:56:38.540+0800] {processor.py:183} INFO - Processing /Users/wanghaojin/Desktop/exchange@NUS/IS3107/HW/Project/news_data_pipeline/.venv/lib/python3.11/site-packages/airflow/example_dags/example_params_ui_tutorial.py took 0.125 seconds
[2024-04-12T19:58:50.424+0800] {processor.py:161} INFO - Started process (PID=6604) to work on /Users/wanghaojin/Desktop/exchange@NUS/IS3107/HW/Project/news_data_pipeline/.venv/lib/python3.11/site-packages/airflow/example_dags/example_params_ui_tutorial.py
[2024-04-12T19:58:50.426+0800] {processor.py:830} INFO - Processing file /Users/wanghaojin/Desktop/exchange@NUS/IS3107/HW/Project/news_data_pipeline/.venv/lib/python3.11/site-packages/airflow/example_dags/example_params_ui_tutorial.py for tasks to queue
[2024-04-12T19:58:50.426+0800] {logging_mixin.py:188} INFO - [2024-04-12T19:58:50.426+0800] {dagbag.py:538} INFO - Filling up the DagBag from /Users/wanghaojin/Desktop/exchange@NUS/IS3107/HW/Project/news_data_pipeline/.venv/lib/python3.11/site-packages/airflow/example_dags/example_params_ui_tutorial.py
[2024-04-12T19:58:50.447+0800] {processor.py:840} INFO - DAG(s) 'example_params_ui_tutorial' retrieved from /Users/wanghaojin/Desktop/exchange@NUS/IS3107/HW/Project/news_data_pipeline/.venv/lib/python3.11/site-packages/airflow/example_dags/example_params_ui_tutorial.py
[2024-04-12T19:58:50.535+0800] {logging_mixin.py:188} INFO - [2024-04-12T19:58:50.535+0800] {dag.py:3036} INFO - Sync 1 DAGs
[2024-04-12T19:58:50.540+0800] {logging_mixin.py:188} INFO - [2024-04-12T19:58:50.540+0800] {dag.py:3823} INFO - Setting next_dagrun for example_params_ui_tutorial to None, run_after=None
[2024-04-12T19:58:50.551+0800] {processor.py:183} INFO - Processing /Users/wanghaojin/Desktop/exchange@NUS/IS3107/HW/Project/news_data_pipeline/.venv/lib/python3.11/site-packages/airflow/example_dags/example_params_ui_tutorial.py took 0.127 seconds
[2024-04-12T20:01:06.948+0800] {processor.py:161} INFO - Started process (PID=6783) to work on /Users/wanghaojin/Desktop/exchange@NUS/IS3107/HW/Project/news_data_pipeline/.venv/lib/python3.11/site-packages/airflow/example_dags/example_params_ui_tutorial.py
[2024-04-12T20:01:06.948+0800] {processor.py:830} INFO - Processing file /Users/wanghaojin/Desktop/exchange@NUS/IS3107/HW/Project/news_data_pipeline/.venv/lib/python3.11/site-packages/airflow/example_dags/example_params_ui_tutorial.py for tasks to queue
[2024-04-12T20:01:06.948+0800] {logging_mixin.py:188} INFO - [2024-04-12T20:01:06.948+0800] {dagbag.py:538} INFO - Filling up the DagBag from /Users/wanghaojin/Desktop/exchange@NUS/IS3107/HW/Project/news_data_pipeline/.venv/lib/python3.11/site-packages/airflow/example_dags/example_params_ui_tutorial.py
[2024-04-12T20:01:06.970+0800] {processor.py:840} INFO - DAG(s) 'example_params_ui_tutorial' retrieved from /Users/wanghaojin/Desktop/exchange@NUS/IS3107/HW/Project/news_data_pipeline/.venv/lib/python3.11/site-packages/airflow/example_dags/example_params_ui_tutorial.py
[2024-04-12T20:01:07.057+0800] {logging_mixin.py:188} INFO - [2024-04-12T20:01:07.057+0800] {dag.py:3036} INFO - Sync 1 DAGs
[2024-04-12T20:01:07.062+0800] {logging_mixin.py:188} INFO - [2024-04-12T20:01:07.062+0800] {dag.py:3823} INFO - Setting next_dagrun for example_params_ui_tutorial to None, run_after=None
[2024-04-12T20:01:07.073+0800] {processor.py:183} INFO - Processing /Users/wanghaojin/Desktop/exchange@NUS/IS3107/HW/Project/news_data_pipeline/.venv/lib/python3.11/site-packages/airflow/example_dags/example_params_ui_tutorial.py took 0.126 seconds
[2024-04-12T20:03:27.996+0800] {processor.py:161} INFO - Started process (PID=7089) to work on /Users/wanghaojin/Desktop/exchange@NUS/IS3107/HW/Project/news_data_pipeline/.venv/lib/python3.11/site-packages/airflow/example_dags/example_params_ui_tutorial.py
[2024-04-12T20:03:27.998+0800] {processor.py:830} INFO - Processing file /Users/wanghaojin/Desktop/exchange@NUS/IS3107/HW/Project/news_data_pipeline/.venv/lib/python3.11/site-packages/airflow/example_dags/example_params_ui_tutorial.py for tasks to queue
[2024-04-12T20:03:27.998+0800] {logging_mixin.py:188} INFO - [2024-04-12T20:03:27.998+0800] {dagbag.py:538} INFO - Filling up the DagBag from /Users/wanghaojin/Desktop/exchange@NUS/IS3107/HW/Project/news_data_pipeline/.venv/lib/python3.11/site-packages/airflow/example_dags/example_params_ui_tutorial.py
[2024-04-12T20:03:28.020+0800] {processor.py:840} INFO - DAG(s) 'example_params_ui_tutorial' retrieved from /Users/wanghaojin/Desktop/exchange@NUS/IS3107/HW/Project/news_data_pipeline/.venv/lib/python3.11/site-packages/airflow/example_dags/example_params_ui_tutorial.py
[2024-04-12T20:03:28.108+0800] {logging_mixin.py:188} INFO - [2024-04-12T20:03:28.108+0800] {dag.py:3036} INFO - Sync 1 DAGs
[2024-04-12T20:03:28.113+0800] {logging_mixin.py:188} INFO - [2024-04-12T20:03:28.113+0800] {dag.py:3823} INFO - Setting next_dagrun for example_params_ui_tutorial to None, run_after=None
[2024-04-12T20:03:28.123+0800] {processor.py:183} INFO - Processing /Users/wanghaojin/Desktop/exchange@NUS/IS3107/HW/Project/news_data_pipeline/.venv/lib/python3.11/site-packages/airflow/example_dags/example_params_ui_tutorial.py took 0.128 seconds
[2024-04-12T20:05:44.563+0800] {processor.py:161} INFO - Started process (PID=7286) to work on /Users/wanghaojin/Desktop/exchange@NUS/IS3107/HW/Project/news_data_pipeline/.venv/lib/python3.11/site-packages/airflow/example_dags/example_params_ui_tutorial.py
[2024-04-12T20:05:44.564+0800] {processor.py:830} INFO - Processing file /Users/wanghaojin/Desktop/exchange@NUS/IS3107/HW/Project/news_data_pipeline/.venv/lib/python3.11/site-packages/airflow/example_dags/example_params_ui_tutorial.py for tasks to queue
[2024-04-12T20:05:44.564+0800] {logging_mixin.py:188} INFO - [2024-04-12T20:05:44.564+0800] {dagbag.py:538} INFO - Filling up the DagBag from /Users/wanghaojin/Desktop/exchange@NUS/IS3107/HW/Project/news_data_pipeline/.venv/lib/python3.11/site-packages/airflow/example_dags/example_params_ui_tutorial.py
[2024-04-12T20:05:44.585+0800] {processor.py:840} INFO - DAG(s) 'example_params_ui_tutorial' retrieved from /Users/wanghaojin/Desktop/exchange@NUS/IS3107/HW/Project/news_data_pipeline/.venv/lib/python3.11/site-packages/airflow/example_dags/example_params_ui_tutorial.py
[2024-04-12T20:05:44.673+0800] {logging_mixin.py:188} INFO - [2024-04-12T20:05:44.673+0800] {dag.py:3036} INFO - Sync 1 DAGs
[2024-04-12T20:05:44.678+0800] {logging_mixin.py:188} INFO - [2024-04-12T20:05:44.678+0800] {dag.py:3823} INFO - Setting next_dagrun for example_params_ui_tutorial to None, run_after=None
[2024-04-12T20:05:44.689+0800] {processor.py:183} INFO - Processing /Users/wanghaojin/Desktop/exchange@NUS/IS3107/HW/Project/news_data_pipeline/.venv/lib/python3.11/site-packages/airflow/example_dags/example_params_ui_tutorial.py took 0.126 seconds
[2024-04-12T20:08:00.996+0800] {processor.py:161} INFO - Started process (PID=7500) to work on /Users/wanghaojin/Desktop/exchange@NUS/IS3107/HW/Project/news_data_pipeline/.venv/lib/python3.11/site-packages/airflow/example_dags/example_params_ui_tutorial.py
[2024-04-12T20:08:00.996+0800] {processor.py:830} INFO - Processing file /Users/wanghaojin/Desktop/exchange@NUS/IS3107/HW/Project/news_data_pipeline/.venv/lib/python3.11/site-packages/airflow/example_dags/example_params_ui_tutorial.py for tasks to queue
[2024-04-12T20:08:00.997+0800] {logging_mixin.py:188} INFO - [2024-04-12T20:08:00.997+0800] {dagbag.py:538} INFO - Filling up the DagBag from /Users/wanghaojin/Desktop/exchange@NUS/IS3107/HW/Project/news_data_pipeline/.venv/lib/python3.11/site-packages/airflow/example_dags/example_params_ui_tutorial.py
[2024-04-12T20:08:01.018+0800] {processor.py:840} INFO - DAG(s) 'example_params_ui_tutorial' retrieved from /Users/wanghaojin/Desktop/exchange@NUS/IS3107/HW/Project/news_data_pipeline/.venv/lib/python3.11/site-packages/airflow/example_dags/example_params_ui_tutorial.py
[2024-04-12T20:08:01.106+0800] {logging_mixin.py:188} INFO - [2024-04-12T20:08:01.105+0800] {dag.py:3036} INFO - Sync 1 DAGs
[2024-04-12T20:08:01.111+0800] {logging_mixin.py:188} INFO - [2024-04-12T20:08:01.111+0800] {dag.py:3823} INFO - Setting next_dagrun for example_params_ui_tutorial to None, run_after=None
[2024-04-12T20:08:01.121+0800] {processor.py:183} INFO - Processing /Users/wanghaojin/Desktop/exchange@NUS/IS3107/HW/Project/news_data_pipeline/.venv/lib/python3.11/site-packages/airflow/example_dags/example_params_ui_tutorial.py took 0.126 seconds
[2024-04-12T20:10:18.771+0800] {processor.py:161} INFO - Started process (PID=7678) to work on /Users/wanghaojin/Desktop/exchange@NUS/IS3107/HW/Project/news_data_pipeline/.venv/lib/python3.11/site-packages/airflow/example_dags/example_params_ui_tutorial.py
[2024-04-12T20:10:18.772+0800] {processor.py:830} INFO - Processing file /Users/wanghaojin/Desktop/exchange@NUS/IS3107/HW/Project/news_data_pipeline/.venv/lib/python3.11/site-packages/airflow/example_dags/example_params_ui_tutorial.py for tasks to queue
[2024-04-12T20:10:18.772+0800] {logging_mixin.py:188} INFO - [2024-04-12T20:10:18.772+0800] {dagbag.py:538} INFO - Filling up the DagBag from /Users/wanghaojin/Desktop/exchange@NUS/IS3107/HW/Project/news_data_pipeline/.venv/lib/python3.11/site-packages/airflow/example_dags/example_params_ui_tutorial.py
[2024-04-12T20:10:18.793+0800] {processor.py:840} INFO - DAG(s) 'example_params_ui_tutorial' retrieved from /Users/wanghaojin/Desktop/exchange@NUS/IS3107/HW/Project/news_data_pipeline/.venv/lib/python3.11/site-packages/airflow/example_dags/example_params_ui_tutorial.py
[2024-04-12T20:10:18.880+0800] {logging_mixin.py:188} INFO - [2024-04-12T20:10:18.880+0800] {dag.py:3036} INFO - Sync 1 DAGs
[2024-04-12T20:10:18.886+0800] {logging_mixin.py:188} INFO - [2024-04-12T20:10:18.886+0800] {dag.py:3823} INFO - Setting next_dagrun for example_params_ui_tutorial to None, run_after=None
[2024-04-12T20:10:18.896+0800] {processor.py:183} INFO - Processing /Users/wanghaojin/Desktop/exchange@NUS/IS3107/HW/Project/news_data_pipeline/.venv/lib/python3.11/site-packages/airflow/example_dags/example_params_ui_tutorial.py took 0.125 seconds
[2024-04-12T20:12:36.636+0800] {processor.py:161} INFO - Started process (PID=7918) to work on /Users/wanghaojin/Desktop/exchange@NUS/IS3107/HW/Project/news_data_pipeline/.venv/lib/python3.11/site-packages/airflow/example_dags/example_params_ui_tutorial.py
[2024-04-12T20:12:36.638+0800] {processor.py:830} INFO - Processing file /Users/wanghaojin/Desktop/exchange@NUS/IS3107/HW/Project/news_data_pipeline/.venv/lib/python3.11/site-packages/airflow/example_dags/example_params_ui_tutorial.py for tasks to queue
[2024-04-12T20:12:36.638+0800] {logging_mixin.py:188} INFO - [2024-04-12T20:12:36.638+0800] {dagbag.py:538} INFO - Filling up the DagBag from /Users/wanghaojin/Desktop/exchange@NUS/IS3107/HW/Project/news_data_pipeline/.venv/lib/python3.11/site-packages/airflow/example_dags/example_params_ui_tutorial.py
[2024-04-12T20:12:36.659+0800] {processor.py:840} INFO - DAG(s) 'example_params_ui_tutorial' retrieved from /Users/wanghaojin/Desktop/exchange@NUS/IS3107/HW/Project/news_data_pipeline/.venv/lib/python3.11/site-packages/airflow/example_dags/example_params_ui_tutorial.py
[2024-04-12T20:12:36.749+0800] {logging_mixin.py:188} INFO - [2024-04-12T20:12:36.748+0800] {dag.py:3036} INFO - Sync 1 DAGs
[2024-04-12T20:12:36.754+0800] {logging_mixin.py:188} INFO - [2024-04-12T20:12:36.754+0800] {dag.py:3823} INFO - Setting next_dagrun for example_params_ui_tutorial to None, run_after=None
[2024-04-12T20:12:36.765+0800] {processor.py:183} INFO - Processing /Users/wanghaojin/Desktop/exchange@NUS/IS3107/HW/Project/news_data_pipeline/.venv/lib/python3.11/site-packages/airflow/example_dags/example_params_ui_tutorial.py took 0.129 seconds
[2024-04-12T20:14:53.083+0800] {processor.py:161} INFO - Started process (PID=8149) to work on /Users/wanghaojin/Desktop/exchange@NUS/IS3107/HW/Project/news_data_pipeline/.venv/lib/python3.11/site-packages/airflow/example_dags/example_params_ui_tutorial.py
[2024-04-12T20:14:53.084+0800] {processor.py:830} INFO - Processing file /Users/wanghaojin/Desktop/exchange@NUS/IS3107/HW/Project/news_data_pipeline/.venv/lib/python3.11/site-packages/airflow/example_dags/example_params_ui_tutorial.py for tasks to queue
[2024-04-12T20:14:53.085+0800] {logging_mixin.py:188} INFO - [2024-04-12T20:14:53.085+0800] {dagbag.py:538} INFO - Filling up the DagBag from /Users/wanghaojin/Desktop/exchange@NUS/IS3107/HW/Project/news_data_pipeline/.venv/lib/python3.11/site-packages/airflow/example_dags/example_params_ui_tutorial.py
[2024-04-12T20:14:53.106+0800] {processor.py:840} INFO - DAG(s) 'example_params_ui_tutorial' retrieved from /Users/wanghaojin/Desktop/exchange@NUS/IS3107/HW/Project/news_data_pipeline/.venv/lib/python3.11/site-packages/airflow/example_dags/example_params_ui_tutorial.py
[2024-04-12T20:14:53.200+0800] {logging_mixin.py:188} INFO - [2024-04-12T20:14:53.200+0800] {dag.py:3036} INFO - Sync 1 DAGs
[2024-04-12T20:14:53.206+0800] {logging_mixin.py:188} INFO - [2024-04-12T20:14:53.206+0800] {dag.py:3823} INFO - Setting next_dagrun for example_params_ui_tutorial to None, run_after=None
[2024-04-12T20:14:53.216+0800] {processor.py:183} INFO - Processing /Users/wanghaojin/Desktop/exchange@NUS/IS3107/HW/Project/news_data_pipeline/.venv/lib/python3.11/site-packages/airflow/example_dags/example_params_ui_tutorial.py took 0.134 seconds
[2024-04-12T20:17:11.796+0800] {processor.py:161} INFO - Started process (PID=8438) to work on /Users/wanghaojin/Desktop/exchange@NUS/IS3107/HW/Project/news_data_pipeline/.venv/lib/python3.11/site-packages/airflow/example_dags/example_params_ui_tutorial.py
[2024-04-12T20:17:11.797+0800] {processor.py:830} INFO - Processing file /Users/wanghaojin/Desktop/exchange@NUS/IS3107/HW/Project/news_data_pipeline/.venv/lib/python3.11/site-packages/airflow/example_dags/example_params_ui_tutorial.py for tasks to queue
[2024-04-12T20:17:11.797+0800] {logging_mixin.py:188} INFO - [2024-04-12T20:17:11.797+0800] {dagbag.py:538} INFO - Filling up the DagBag from /Users/wanghaojin/Desktop/exchange@NUS/IS3107/HW/Project/news_data_pipeline/.venv/lib/python3.11/site-packages/airflow/example_dags/example_params_ui_tutorial.py
[2024-04-12T20:17:11.818+0800] {processor.py:840} INFO - DAG(s) 'example_params_ui_tutorial' retrieved from /Users/wanghaojin/Desktop/exchange@NUS/IS3107/HW/Project/news_data_pipeline/.venv/lib/python3.11/site-packages/airflow/example_dags/example_params_ui_tutorial.py
[2024-04-12T20:17:11.909+0800] {logging_mixin.py:188} INFO - [2024-04-12T20:17:11.909+0800] {dag.py:3036} INFO - Sync 1 DAGs
[2024-04-12T20:17:11.915+0800] {logging_mixin.py:188} INFO - [2024-04-12T20:17:11.915+0800] {dag.py:3823} INFO - Setting next_dagrun for example_params_ui_tutorial to None, run_after=None
[2024-04-12T20:17:11.926+0800] {processor.py:183} INFO - Processing /Users/wanghaojin/Desktop/exchange@NUS/IS3107/HW/Project/news_data_pipeline/.venv/lib/python3.11/site-packages/airflow/example_dags/example_params_ui_tutorial.py took 0.130 seconds
[2024-04-12T20:19:12.584+0800] {processor.py:161} INFO - Started process (PID=8733) to work on /Users/wanghaojin/Desktop/exchange@NUS/IS3107/HW/Project/news_data_pipeline/.venv/lib/python3.11/site-packages/airflow/example_dags/example_params_ui_tutorial.py
[2024-04-12T20:19:12.585+0800] {processor.py:830} INFO - Processing file /Users/wanghaojin/Desktop/exchange@NUS/IS3107/HW/Project/news_data_pipeline/.venv/lib/python3.11/site-packages/airflow/example_dags/example_params_ui_tutorial.py for tasks to queue
[2024-04-12T20:19:12.586+0800] {logging_mixin.py:188} INFO - [2024-04-12T20:19:12.586+0800] {dagbag.py:538} INFO - Filling up the DagBag from /Users/wanghaojin/Desktop/exchange@NUS/IS3107/HW/Project/news_data_pipeline/.venv/lib/python3.11/site-packages/airflow/example_dags/example_params_ui_tutorial.py
[2024-04-12T20:19:12.606+0800] {processor.py:840} INFO - DAG(s) 'example_params_ui_tutorial' retrieved from /Users/wanghaojin/Desktop/exchange@NUS/IS3107/HW/Project/news_data_pipeline/.venv/lib/python3.11/site-packages/airflow/example_dags/example_params_ui_tutorial.py
[2024-04-12T20:19:12.737+0800] {logging_mixin.py:188} INFO - [2024-04-12T20:19:12.737+0800] {dag.py:3036} INFO - Sync 1 DAGs
[2024-04-12T20:19:12.741+0800] {logging_mixin.py:188} INFO - [2024-04-12T20:19:12.741+0800] {dag.py:3823} INFO - Setting next_dagrun for example_params_ui_tutorial to None, run_after=None
[2024-04-12T20:19:12.753+0800] {processor.py:183} INFO - Processing /Users/wanghaojin/Desktop/exchange@NUS/IS3107/HW/Project/news_data_pipeline/.venv/lib/python3.11/site-packages/airflow/example_dags/example_params_ui_tutorial.py took 0.170 seconds
[2024-04-12T20:21:32.050+0800] {processor.py:161} INFO - Started process (PID=8933) to work on /Users/wanghaojin/Desktop/exchange@NUS/IS3107/HW/Project/news_data_pipeline/.venv/lib/python3.11/site-packages/airflow/example_dags/example_params_ui_tutorial.py
[2024-04-12T20:21:32.051+0800] {processor.py:830} INFO - Processing file /Users/wanghaojin/Desktop/exchange@NUS/IS3107/HW/Project/news_data_pipeline/.venv/lib/python3.11/site-packages/airflow/example_dags/example_params_ui_tutorial.py for tasks to queue
[2024-04-12T20:21:32.051+0800] {logging_mixin.py:188} INFO - [2024-04-12T20:21:32.051+0800] {dagbag.py:538} INFO - Filling up the DagBag from /Users/wanghaojin/Desktop/exchange@NUS/IS3107/HW/Project/news_data_pipeline/.venv/lib/python3.11/site-packages/airflow/example_dags/example_params_ui_tutorial.py
[2024-04-12T20:21:32.072+0800] {processor.py:840} INFO - DAG(s) 'example_params_ui_tutorial' retrieved from /Users/wanghaojin/Desktop/exchange@NUS/IS3107/HW/Project/news_data_pipeline/.venv/lib/python3.11/site-packages/airflow/example_dags/example_params_ui_tutorial.py
[2024-04-12T20:21:32.203+0800] {logging_mixin.py:188} INFO - [2024-04-12T20:21:32.203+0800] {dag.py:3036} INFO - Sync 1 DAGs
[2024-04-12T20:21:32.208+0800] {logging_mixin.py:188} INFO - [2024-04-12T20:21:32.208+0800] {dag.py:3823} INFO - Setting next_dagrun for example_params_ui_tutorial to None, run_after=None
[2024-04-12T20:21:32.218+0800] {processor.py:183} INFO - Processing /Users/wanghaojin/Desktop/exchange@NUS/IS3107/HW/Project/news_data_pipeline/.venv/lib/python3.11/site-packages/airflow/example_dags/example_params_ui_tutorial.py took 0.169 seconds
[2024-04-12T20:23:10.691+0800] {processor.py:161} INFO - Started process (PID=9029) to work on /Users/wanghaojin/Desktop/exchange@NUS/IS3107/HW/Project/news_data_pipeline/.venv/lib/python3.11/site-packages/airflow/example_dags/example_params_ui_tutorial.py
[2024-04-12T20:23:10.691+0800] {processor.py:830} INFO - Processing file /Users/wanghaojin/Desktop/exchange@NUS/IS3107/HW/Project/news_data_pipeline/.venv/lib/python3.11/site-packages/airflow/example_dags/example_params_ui_tutorial.py for tasks to queue
[2024-04-12T20:23:10.691+0800] {logging_mixin.py:188} INFO - [2024-04-12T20:23:10.691+0800] {dagbag.py:538} INFO - Filling up the DagBag from /Users/wanghaojin/Desktop/exchange@NUS/IS3107/HW/Project/news_data_pipeline/.venv/lib/python3.11/site-packages/airflow/example_dags/example_params_ui_tutorial.py
[2024-04-12T20:23:10.712+0800] {processor.py:840} INFO - DAG(s) 'example_params_ui_tutorial' retrieved from /Users/wanghaojin/Desktop/exchange@NUS/IS3107/HW/Project/news_data_pipeline/.venv/lib/python3.11/site-packages/airflow/example_dags/example_params_ui_tutorial.py
[2024-04-12T20:23:10.800+0800] {logging_mixin.py:188} INFO - [2024-04-12T20:23:10.800+0800] {dag.py:3036} INFO - Sync 1 DAGs
[2024-04-12T20:23:10.806+0800] {logging_mixin.py:188} INFO - [2024-04-12T20:23:10.806+0800] {dag.py:3823} INFO - Setting next_dagrun for example_params_ui_tutorial to None, run_after=None
[2024-04-12T20:23:10.816+0800] {processor.py:183} INFO - Processing /Users/wanghaojin/Desktop/exchange@NUS/IS3107/HW/Project/news_data_pipeline/.venv/lib/python3.11/site-packages/airflow/example_dags/example_params_ui_tutorial.py took 0.126 seconds
[2024-04-12T20:25:44.186+0800] {processor.py:161} INFO - Started process (PID=9271) to work on /Users/wanghaojin/Desktop/exchange@NUS/IS3107/HW/Project/news_data_pipeline/.venv/lib/python3.11/site-packages/airflow/example_dags/example_params_ui_tutorial.py
[2024-04-12T20:25:44.187+0800] {processor.py:830} INFO - Processing file /Users/wanghaojin/Desktop/exchange@NUS/IS3107/HW/Project/news_data_pipeline/.venv/lib/python3.11/site-packages/airflow/example_dags/example_params_ui_tutorial.py for tasks to queue
[2024-04-12T20:25:44.188+0800] {logging_mixin.py:188} INFO - [2024-04-12T20:25:44.188+0800] {dagbag.py:538} INFO - Filling up the DagBag from /Users/wanghaojin/Desktop/exchange@NUS/IS3107/HW/Project/news_data_pipeline/.venv/lib/python3.11/site-packages/airflow/example_dags/example_params_ui_tutorial.py
[2024-04-12T20:25:44.209+0800] {processor.py:840} INFO - DAG(s) 'example_params_ui_tutorial' retrieved from /Users/wanghaojin/Desktop/exchange@NUS/IS3107/HW/Project/news_data_pipeline/.venv/lib/python3.11/site-packages/airflow/example_dags/example_params_ui_tutorial.py
[2024-04-12T20:25:44.297+0800] {logging_mixin.py:188} INFO - [2024-04-12T20:25:44.297+0800] {dag.py:3036} INFO - Sync 1 DAGs
[2024-04-12T20:25:44.303+0800] {logging_mixin.py:188} INFO - [2024-04-12T20:25:44.303+0800] {dag.py:3823} INFO - Setting next_dagrun for example_params_ui_tutorial to None, run_after=None
[2024-04-12T20:25:44.313+0800] {processor.py:183} INFO - Processing /Users/wanghaojin/Desktop/exchange@NUS/IS3107/HW/Project/news_data_pipeline/.venv/lib/python3.11/site-packages/airflow/example_dags/example_params_ui_tutorial.py took 0.128 seconds
[2024-04-12T20:28:02.362+0800] {processor.py:161} INFO - Started process (PID=9536) to work on /Users/wanghaojin/Desktop/exchange@NUS/IS3107/HW/Project/news_data_pipeline/.venv/lib/python3.11/site-packages/airflow/example_dags/example_params_ui_tutorial.py
[2024-04-12T20:28:02.363+0800] {processor.py:830} INFO - Processing file /Users/wanghaojin/Desktop/exchange@NUS/IS3107/HW/Project/news_data_pipeline/.venv/lib/python3.11/site-packages/airflow/example_dags/example_params_ui_tutorial.py for tasks to queue
[2024-04-12T20:28:02.363+0800] {logging_mixin.py:188} INFO - [2024-04-12T20:28:02.363+0800] {dagbag.py:538} INFO - Filling up the DagBag from /Users/wanghaojin/Desktop/exchange@NUS/IS3107/HW/Project/news_data_pipeline/.venv/lib/python3.11/site-packages/airflow/example_dags/example_params_ui_tutorial.py
[2024-04-12T20:28:02.384+0800] {processor.py:840} INFO - DAG(s) 'example_params_ui_tutorial' retrieved from /Users/wanghaojin/Desktop/exchange@NUS/IS3107/HW/Project/news_data_pipeline/.venv/lib/python3.11/site-packages/airflow/example_dags/example_params_ui_tutorial.py
[2024-04-12T20:28:02.475+0800] {logging_mixin.py:188} INFO - [2024-04-12T20:28:02.475+0800] {dag.py:3036} INFO - Sync 1 DAGs
[2024-04-12T20:28:02.480+0800] {logging_mixin.py:188} INFO - [2024-04-12T20:28:02.480+0800] {dag.py:3823} INFO - Setting next_dagrun for example_params_ui_tutorial to None, run_after=None
[2024-04-12T20:28:02.491+0800] {processor.py:183} INFO - Processing /Users/wanghaojin/Desktop/exchange@NUS/IS3107/HW/Project/news_data_pipeline/.venv/lib/python3.11/site-packages/airflow/example_dags/example_params_ui_tutorial.py took 0.130 seconds
[2024-04-12T20:30:17.082+0800] {processor.py:161} INFO - Started process (PID=9823) to work on /Users/wanghaojin/Desktop/exchange@NUS/IS3107/HW/Project/news_data_pipeline/.venv/lib/python3.11/site-packages/airflow/example_dags/example_params_ui_tutorial.py
[2024-04-12T20:30:17.083+0800] {processor.py:830} INFO - Processing file /Users/wanghaojin/Desktop/exchange@NUS/IS3107/HW/Project/news_data_pipeline/.venv/lib/python3.11/site-packages/airflow/example_dags/example_params_ui_tutorial.py for tasks to queue
[2024-04-12T20:30:17.083+0800] {logging_mixin.py:188} INFO - [2024-04-12T20:30:17.083+0800] {dagbag.py:538} INFO - Filling up the DagBag from /Users/wanghaojin/Desktop/exchange@NUS/IS3107/HW/Project/news_data_pipeline/.venv/lib/python3.11/site-packages/airflow/example_dags/example_params_ui_tutorial.py
[2024-04-12T20:30:17.104+0800] {processor.py:840} INFO - DAG(s) 'example_params_ui_tutorial' retrieved from /Users/wanghaojin/Desktop/exchange@NUS/IS3107/HW/Project/news_data_pipeline/.venv/lib/python3.11/site-packages/airflow/example_dags/example_params_ui_tutorial.py
[2024-04-12T20:30:17.235+0800] {logging_mixin.py:188} INFO - [2024-04-12T20:30:17.235+0800] {dag.py:3036} INFO - Sync 1 DAGs
[2024-04-12T20:30:17.239+0800] {logging_mixin.py:188} INFO - [2024-04-12T20:30:17.239+0800] {dag.py:3823} INFO - Setting next_dagrun for example_params_ui_tutorial to None, run_after=None
[2024-04-12T20:30:17.250+0800] {processor.py:183} INFO - Processing /Users/wanghaojin/Desktop/exchange@NUS/IS3107/HW/Project/news_data_pipeline/.venv/lib/python3.11/site-packages/airflow/example_dags/example_params_ui_tutorial.py took 0.168 seconds
[2024-04-12T20:31:55.786+0800] {processor.py:161} INFO - Started process (PID=9960) to work on /Users/wanghaojin/Desktop/exchange@NUS/IS3107/HW/Project/news_data_pipeline/.venv/lib/python3.11/site-packages/airflow/example_dags/example_params_ui_tutorial.py
[2024-04-12T20:31:55.789+0800] {processor.py:830} INFO - Processing file /Users/wanghaojin/Desktop/exchange@NUS/IS3107/HW/Project/news_data_pipeline/.venv/lib/python3.11/site-packages/airflow/example_dags/example_params_ui_tutorial.py for tasks to queue
[2024-04-12T20:31:55.790+0800] {logging_mixin.py:188} INFO - [2024-04-12T20:31:55.790+0800] {dagbag.py:538} INFO - Filling up the DagBag from /Users/wanghaojin/Desktop/exchange@NUS/IS3107/HW/Project/news_data_pipeline/.venv/lib/python3.11/site-packages/airflow/example_dags/example_params_ui_tutorial.py
[2024-04-12T20:31:55.861+0800] {processor.py:840} INFO - DAG(s) 'example_params_ui_tutorial' retrieved from /Users/wanghaojin/Desktop/exchange@NUS/IS3107/HW/Project/news_data_pipeline/.venv/lib/python3.11/site-packages/airflow/example_dags/example_params_ui_tutorial.py
[2024-04-12T20:31:56.001+0800] {logging_mixin.py:188} INFO - [2024-04-12T20:31:56.000+0800] {dag.py:3036} INFO - Sync 1 DAGs
[2024-04-12T20:31:56.007+0800] {logging_mixin.py:188} INFO - [2024-04-12T20:31:56.006+0800] {dag.py:3823} INFO - Setting next_dagrun for example_params_ui_tutorial to None, run_after=None
[2024-04-12T20:31:56.017+0800] {processor.py:183} INFO - Processing /Users/wanghaojin/Desktop/exchange@NUS/IS3107/HW/Project/news_data_pipeline/.venv/lib/python3.11/site-packages/airflow/example_dags/example_params_ui_tutorial.py took 0.232 seconds
[2024-04-12T20:35:42.094+0800] {processor.py:161} INFO - Started process (PID=10403) to work on /Users/wanghaojin/Desktop/exchange@NUS/IS3107/HW/Project/news_data_pipeline/.venv/lib/python3.11/site-packages/airflow/example_dags/example_params_ui_tutorial.py
[2024-04-12T20:35:42.095+0800] {processor.py:830} INFO - Processing file /Users/wanghaojin/Desktop/exchange@NUS/IS3107/HW/Project/news_data_pipeline/.venv/lib/python3.11/site-packages/airflow/example_dags/example_params_ui_tutorial.py for tasks to queue
[2024-04-12T20:35:42.096+0800] {logging_mixin.py:188} INFO - [2024-04-12T20:35:42.095+0800] {dagbag.py:538} INFO - Filling up the DagBag from /Users/wanghaojin/Desktop/exchange@NUS/IS3107/HW/Project/news_data_pipeline/.venv/lib/python3.11/site-packages/airflow/example_dags/example_params_ui_tutorial.py
[2024-04-12T20:35:42.116+0800] {processor.py:840} INFO - DAG(s) 'example_params_ui_tutorial' retrieved from /Users/wanghaojin/Desktop/exchange@NUS/IS3107/HW/Project/news_data_pipeline/.venv/lib/python3.11/site-packages/airflow/example_dags/example_params_ui_tutorial.py
[2024-04-12T20:35:42.249+0800] {logging_mixin.py:188} INFO - [2024-04-12T20:35:42.248+0800] {dag.py:3036} INFO - Sync 1 DAGs
[2024-04-12T20:35:42.253+0800] {logging_mixin.py:188} INFO - [2024-04-12T20:35:42.253+0800] {dag.py:3823} INFO - Setting next_dagrun for example_params_ui_tutorial to None, run_after=None
[2024-04-12T20:35:42.263+0800] {processor.py:183} INFO - Processing /Users/wanghaojin/Desktop/exchange@NUS/IS3107/HW/Project/news_data_pipeline/.venv/lib/python3.11/site-packages/airflow/example_dags/example_params_ui_tutorial.py took 0.170 seconds
[2024-04-12T20:37:03.714+0800] {processor.py:161} INFO - Started process (PID=10557) to work on /Users/wanghaojin/Desktop/exchange@NUS/IS3107/HW/Project/news_data_pipeline/.venv/lib/python3.11/site-packages/airflow/example_dags/example_params_ui_tutorial.py
[2024-04-12T20:37:03.714+0800] {processor.py:830} INFO - Processing file /Users/wanghaojin/Desktop/exchange@NUS/IS3107/HW/Project/news_data_pipeline/.venv/lib/python3.11/site-packages/airflow/example_dags/example_params_ui_tutorial.py for tasks to queue
[2024-04-12T20:37:03.715+0800] {logging_mixin.py:188} INFO - [2024-04-12T20:37:03.715+0800] {dagbag.py:538} INFO - Filling up the DagBag from /Users/wanghaojin/Desktop/exchange@NUS/IS3107/HW/Project/news_data_pipeline/.venv/lib/python3.11/site-packages/airflow/example_dags/example_params_ui_tutorial.py
[2024-04-12T20:37:03.736+0800] {processor.py:840} INFO - DAG(s) 'example_params_ui_tutorial' retrieved from /Users/wanghaojin/Desktop/exchange@NUS/IS3107/HW/Project/news_data_pipeline/.venv/lib/python3.11/site-packages/airflow/example_dags/example_params_ui_tutorial.py
[2024-04-12T20:37:03.867+0800] {logging_mixin.py:188} INFO - [2024-04-12T20:37:03.867+0800] {dag.py:3036} INFO - Sync 1 DAGs
[2024-04-12T20:37:03.871+0800] {logging_mixin.py:188} INFO - [2024-04-12T20:37:03.871+0800] {dag.py:3823} INFO - Setting next_dagrun for example_params_ui_tutorial to None, run_after=None
[2024-04-12T20:37:03.882+0800] {processor.py:183} INFO - Processing /Users/wanghaojin/Desktop/exchange@NUS/IS3107/HW/Project/news_data_pipeline/.venv/lib/python3.11/site-packages/airflow/example_dags/example_params_ui_tutorial.py took 0.169 seconds
[2024-04-12T20:38:43.139+0800] {processor.py:161} INFO - Started process (PID=10697) to work on /Users/wanghaojin/Desktop/exchange@NUS/IS3107/HW/Project/news_data_pipeline/.venv/lib/python3.11/site-packages/airflow/example_dags/example_params_ui_tutorial.py
[2024-04-12T20:38:43.140+0800] {processor.py:830} INFO - Processing file /Users/wanghaojin/Desktop/exchange@NUS/IS3107/HW/Project/news_data_pipeline/.venv/lib/python3.11/site-packages/airflow/example_dags/example_params_ui_tutorial.py for tasks to queue
[2024-04-12T20:38:43.140+0800] {logging_mixin.py:188} INFO - [2024-04-12T20:38:43.140+0800] {dagbag.py:538} INFO - Filling up the DagBag from /Users/wanghaojin/Desktop/exchange@NUS/IS3107/HW/Project/news_data_pipeline/.venv/lib/python3.11/site-packages/airflow/example_dags/example_params_ui_tutorial.py
[2024-04-12T20:38:43.161+0800] {processor.py:840} INFO - DAG(s) 'example_params_ui_tutorial' retrieved from /Users/wanghaojin/Desktop/exchange@NUS/IS3107/HW/Project/news_data_pipeline/.venv/lib/python3.11/site-packages/airflow/example_dags/example_params_ui_tutorial.py
[2024-04-12T20:38:43.250+0800] {logging_mixin.py:188} INFO - [2024-04-12T20:38:43.250+0800] {dag.py:3036} INFO - Sync 1 DAGs
[2024-04-12T20:38:43.256+0800] {logging_mixin.py:188} INFO - [2024-04-12T20:38:43.256+0800] {dag.py:3823} INFO - Setting next_dagrun for example_params_ui_tutorial to None, run_after=None
[2024-04-12T20:38:43.267+0800] {processor.py:183} INFO - Processing /Users/wanghaojin/Desktop/exchange@NUS/IS3107/HW/Project/news_data_pipeline/.venv/lib/python3.11/site-packages/airflow/example_dags/example_params_ui_tutorial.py took 0.128 seconds
[2024-04-12T20:40:57.999+0800] {processor.py:161} INFO - Started process (PID=10894) to work on /Users/wanghaojin/Desktop/exchange@NUS/IS3107/HW/Project/news_data_pipeline/.venv/lib/python3.11/site-packages/airflow/example_dags/example_params_ui_tutorial.py
[2024-04-12T20:40:57.999+0800] {processor.py:830} INFO - Processing file /Users/wanghaojin/Desktop/exchange@NUS/IS3107/HW/Project/news_data_pipeline/.venv/lib/python3.11/site-packages/airflow/example_dags/example_params_ui_tutorial.py for tasks to queue
[2024-04-12T20:40:58.000+0800] {logging_mixin.py:188} INFO - [2024-04-12T20:40:57.999+0800] {dagbag.py:538} INFO - Filling up the DagBag from /Users/wanghaojin/Desktop/exchange@NUS/IS3107/HW/Project/news_data_pipeline/.venv/lib/python3.11/site-packages/airflow/example_dags/example_params_ui_tutorial.py
[2024-04-12T20:40:58.021+0800] {processor.py:840} INFO - DAG(s) 'example_params_ui_tutorial' retrieved from /Users/wanghaojin/Desktop/exchange@NUS/IS3107/HW/Project/news_data_pipeline/.venv/lib/python3.11/site-packages/airflow/example_dags/example_params_ui_tutorial.py
[2024-04-12T20:40:58.110+0800] {logging_mixin.py:188} INFO - [2024-04-12T20:40:58.109+0800] {dag.py:3036} INFO - Sync 1 DAGs
[2024-04-12T20:40:58.115+0800] {logging_mixin.py:188} INFO - [2024-04-12T20:40:58.115+0800] {dag.py:3823} INFO - Setting next_dagrun for example_params_ui_tutorial to None, run_after=None
[2024-04-12T20:40:58.125+0800] {processor.py:183} INFO - Processing /Users/wanghaojin/Desktop/exchange@NUS/IS3107/HW/Project/news_data_pipeline/.venv/lib/python3.11/site-packages/airflow/example_dags/example_params_ui_tutorial.py took 0.127 seconds
[2024-04-12T20:43:19.887+0800] {processor.py:161} INFO - Started process (PID=11124) to work on /Users/wanghaojin/Desktop/exchange@NUS/IS3107/HW/Project/news_data_pipeline/.venv/lib/python3.11/site-packages/airflow/example_dags/example_params_ui_tutorial.py
[2024-04-12T20:43:19.888+0800] {processor.py:830} INFO - Processing file /Users/wanghaojin/Desktop/exchange@NUS/IS3107/HW/Project/news_data_pipeline/.venv/lib/python3.11/site-packages/airflow/example_dags/example_params_ui_tutorial.py for tasks to queue
[2024-04-12T20:43:19.888+0800] {logging_mixin.py:188} INFO - [2024-04-12T20:43:19.888+0800] {dagbag.py:538} INFO - Filling up the DagBag from /Users/wanghaojin/Desktop/exchange@NUS/IS3107/HW/Project/news_data_pipeline/.venv/lib/python3.11/site-packages/airflow/example_dags/example_params_ui_tutorial.py
[2024-04-12T20:43:19.910+0800] {processor.py:840} INFO - DAG(s) 'example_params_ui_tutorial' retrieved from /Users/wanghaojin/Desktop/exchange@NUS/IS3107/HW/Project/news_data_pipeline/.venv/lib/python3.11/site-packages/airflow/example_dags/example_params_ui_tutorial.py
[2024-04-12T20:43:20.006+0800] {logging_mixin.py:188} INFO - [2024-04-12T20:43:20.006+0800] {dag.py:3036} INFO - Sync 1 DAGs
[2024-04-12T20:43:20.012+0800] {logging_mixin.py:188} INFO - [2024-04-12T20:43:20.012+0800] {dag.py:3823} INFO - Setting next_dagrun for example_params_ui_tutorial to None, run_after=None
[2024-04-12T20:43:20.022+0800] {processor.py:183} INFO - Processing /Users/wanghaojin/Desktop/exchange@NUS/IS3107/HW/Project/news_data_pipeline/.venv/lib/python3.11/site-packages/airflow/example_dags/example_params_ui_tutorial.py took 0.136 seconds
[2024-04-12T20:48:55.730+0800] {processor.py:161} INFO - Started process (PID=11801) to work on /Users/wanghaojin/Desktop/exchange@NUS/IS3107/HW/Project/news_data_pipeline/.venv/lib/python3.11/site-packages/airflow/example_dags/example_params_ui_tutorial.py
[2024-04-12T20:48:55.732+0800] {processor.py:830} INFO - Processing file /Users/wanghaojin/Desktop/exchange@NUS/IS3107/HW/Project/news_data_pipeline/.venv/lib/python3.11/site-packages/airflow/example_dags/example_params_ui_tutorial.py for tasks to queue
[2024-04-12T20:48:55.733+0800] {logging_mixin.py:188} INFO - [2024-04-12T20:48:55.732+0800] {dagbag.py:538} INFO - Filling up the DagBag from /Users/wanghaojin/Desktop/exchange@NUS/IS3107/HW/Project/news_data_pipeline/.venv/lib/python3.11/site-packages/airflow/example_dags/example_params_ui_tutorial.py
[2024-04-12T20:48:55.754+0800] {processor.py:840} INFO - DAG(s) 'example_params_ui_tutorial' retrieved from /Users/wanghaojin/Desktop/exchange@NUS/IS3107/HW/Project/news_data_pipeline/.venv/lib/python3.11/site-packages/airflow/example_dags/example_params_ui_tutorial.py
[2024-04-12T20:48:55.887+0800] {logging_mixin.py:188} INFO - [2024-04-12T20:48:55.887+0800] {dag.py:3036} INFO - Sync 1 DAGs
[2024-04-12T20:48:55.892+0800] {logging_mixin.py:188} INFO - [2024-04-12T20:48:55.892+0800] {dag.py:3823} INFO - Setting next_dagrun for example_params_ui_tutorial to None, run_after=None
[2024-04-12T20:48:55.903+0800] {processor.py:183} INFO - Processing /Users/wanghaojin/Desktop/exchange@NUS/IS3107/HW/Project/news_data_pipeline/.venv/lib/python3.11/site-packages/airflow/example_dags/example_params_ui_tutorial.py took 0.174 seconds
[2024-04-12T20:50:18.617+0800] {processor.py:161} INFO - Started process (PID=11942) to work on /Users/wanghaojin/Desktop/exchange@NUS/IS3107/HW/Project/news_data_pipeline/.venv/lib/python3.11/site-packages/airflow/example_dags/example_params_ui_tutorial.py
[2024-04-12T20:50:18.619+0800] {processor.py:830} INFO - Processing file /Users/wanghaojin/Desktop/exchange@NUS/IS3107/HW/Project/news_data_pipeline/.venv/lib/python3.11/site-packages/airflow/example_dags/example_params_ui_tutorial.py for tasks to queue
[2024-04-12T20:50:18.619+0800] {logging_mixin.py:188} INFO - [2024-04-12T20:50:18.619+0800] {dagbag.py:538} INFO - Filling up the DagBag from /Users/wanghaojin/Desktop/exchange@NUS/IS3107/HW/Project/news_data_pipeline/.venv/lib/python3.11/site-packages/airflow/example_dags/example_params_ui_tutorial.py
[2024-04-12T20:50:18.640+0800] {processor.py:840} INFO - DAG(s) 'example_params_ui_tutorial' retrieved from /Users/wanghaojin/Desktop/exchange@NUS/IS3107/HW/Project/news_data_pipeline/.venv/lib/python3.11/site-packages/airflow/example_dags/example_params_ui_tutorial.py
[2024-04-12T20:50:18.775+0800] {logging_mixin.py:188} INFO - [2024-04-12T20:50:18.775+0800] {dag.py:3036} INFO - Sync 1 DAGs
[2024-04-12T20:50:18.780+0800] {logging_mixin.py:188} INFO - [2024-04-12T20:50:18.779+0800] {dag.py:3823} INFO - Setting next_dagrun for example_params_ui_tutorial to None, run_after=None
[2024-04-12T20:50:18.790+0800] {processor.py:183} INFO - Processing /Users/wanghaojin/Desktop/exchange@NUS/IS3107/HW/Project/news_data_pipeline/.venv/lib/python3.11/site-packages/airflow/example_dags/example_params_ui_tutorial.py took 0.174 seconds
