[2024-04-12T14:15:03.266+0800] {processor.py:161} INFO - Started process (PID=2621) to work on /Users/wanghaojin/Desktop/exchange@NUS/IS3107/HW/Project/news_data_pipeline/.venv/lib/python3.11/site-packages/airflow/example_dags/tutorial.py
[2024-04-12T14:15:03.267+0800] {processor.py:830} INFO - Processing file /Users/wanghaojin/Desktop/exchange@NUS/IS3107/HW/Project/news_data_pipeline/.venv/lib/python3.11/site-packages/airflow/example_dags/tutorial.py for tasks to queue
[2024-04-12T14:15:03.267+0800] {logging_mixin.py:188} INFO - [2024-04-12T14:15:03.267+0800] {dagbag.py:538} INFO - Filling up the DagBag from /Users/wanghaojin/Desktop/exchange@NUS/IS3107/HW/Project/news_data_pipeline/.venv/lib/python3.11/site-packages/airflow/example_dags/tutorial.py
[2024-04-12T14:15:03.271+0800] {processor.py:840} INFO - DAG(s) 'tutorial' retrieved from /Users/wanghaojin/Desktop/exchange@NUS/IS3107/HW/Project/news_data_pipeline/.venv/lib/python3.11/site-packages/airflow/example_dags/tutorial.py
[2024-04-12T14:15:03.400+0800] {logging_mixin.py:188} INFO - [2024-04-12T14:15:03.400+0800] {override.py:1769} INFO - Created Permission View: can delete on DAG:tutorial
[2024-04-12T14:15:03.405+0800] {logging_mixin.py:188} INFO - [2024-04-12T14:15:03.405+0800] {override.py:1769} INFO - Created Permission View: can read on DAG:tutorial
[2024-04-12T14:15:03.408+0800] {logging_mixin.py:188} INFO - [2024-04-12T14:15:03.408+0800] {override.py:1769} INFO - Created Permission View: can edit on DAG:tutorial
[2024-04-12T14:15:03.408+0800] {logging_mixin.py:188} INFO - [2024-04-12T14:15:03.408+0800] {dag.py:3036} INFO - Sync 1 DAGs
[2024-04-12T14:15:03.414+0800] {logging_mixin.py:188} INFO - [2024-04-12T14:15:03.414+0800] {dag.py:3058} INFO - Creating ORM DAG for tutorial
[2024-04-12T14:15:03.419+0800] {logging_mixin.py:188} INFO - [2024-04-12T14:15:03.418+0800] {dag.py:3823} INFO - Setting next_dagrun for tutorial to 2024-04-11 00:00:00+00:00, run_after=2024-04-12 00:00:00+00:00
[2024-04-12T14:15:03.427+0800] {processor.py:183} INFO - Processing /Users/wanghaojin/Desktop/exchange@NUS/IS3107/HW/Project/news_data_pipeline/.venv/lib/python3.11/site-packages/airflow/example_dags/tutorial.py took 0.162 seconds
[2024-04-12T14:16:41.425+0800] {processor.py:161} INFO - Started process (PID=2818) to work on /Users/wanghaojin/Desktop/exchange@NUS/IS3107/HW/Project/news_data_pipeline/.venv/lib/python3.11/site-packages/airflow/example_dags/tutorial.py
[2024-04-12T14:16:41.425+0800] {processor.py:830} INFO - Processing file /Users/wanghaojin/Desktop/exchange@NUS/IS3107/HW/Project/news_data_pipeline/.venv/lib/python3.11/site-packages/airflow/example_dags/tutorial.py for tasks to queue
[2024-04-12T14:16:41.426+0800] {logging_mixin.py:188} INFO - [2024-04-12T14:16:41.425+0800] {dagbag.py:538} INFO - Filling up the DagBag from /Users/wanghaojin/Desktop/exchange@NUS/IS3107/HW/Project/news_data_pipeline/.venv/lib/python3.11/site-packages/airflow/example_dags/tutorial.py
[2024-04-12T14:16:41.429+0800] {processor.py:840} INFO - DAG(s) 'tutorial' retrieved from /Users/wanghaojin/Desktop/exchange@NUS/IS3107/HW/Project/news_data_pipeline/.venv/lib/python3.11/site-packages/airflow/example_dags/tutorial.py
[2024-04-12T14:16:41.509+0800] {logging_mixin.py:188} INFO - [2024-04-12T14:16:41.508+0800] {dag.py:3036} INFO - Sync 1 DAGs
[2024-04-12T14:16:41.517+0800] {logging_mixin.py:188} INFO - [2024-04-12T14:16:41.517+0800] {dag.py:3823} INFO - Setting next_dagrun for tutorial to 2024-04-11 00:00:00+00:00, run_after=2024-04-12 00:00:00+00:00
[2024-04-12T14:16:41.527+0800] {processor.py:183} INFO - Processing /Users/wanghaojin/Desktop/exchange@NUS/IS3107/HW/Project/news_data_pipeline/.venv/lib/python3.11/site-packages/airflow/example_dags/tutorial.py took 0.103 seconds
[2024-04-12T14:17:46.856+0800] {processor.py:161} INFO - Started process (PID=2947) to work on /Users/wanghaojin/Desktop/exchange@NUS/IS3107/HW/Project/news_data_pipeline/.venv/lib/python3.11/site-packages/airflow/example_dags/tutorial.py
[2024-04-12T14:17:46.857+0800] {processor.py:830} INFO - Processing file /Users/wanghaojin/Desktop/exchange@NUS/IS3107/HW/Project/news_data_pipeline/.venv/lib/python3.11/site-packages/airflow/example_dags/tutorial.py for tasks to queue
[2024-04-12T14:17:46.857+0800] {logging_mixin.py:188} INFO - [2024-04-12T14:17:46.857+0800] {dagbag.py:538} INFO - Filling up the DagBag from /Users/wanghaojin/Desktop/exchange@NUS/IS3107/HW/Project/news_data_pipeline/.venv/lib/python3.11/site-packages/airflow/example_dags/tutorial.py
[2024-04-12T14:17:46.862+0800] {processor.py:840} INFO - DAG(s) 'tutorial' retrieved from /Users/wanghaojin/Desktop/exchange@NUS/IS3107/HW/Project/news_data_pipeline/.venv/lib/python3.11/site-packages/airflow/example_dags/tutorial.py
[2024-04-12T14:17:46.939+0800] {logging_mixin.py:188} INFO - [2024-04-12T14:17:46.939+0800] {dag.py:3036} INFO - Sync 1 DAGs
[2024-04-12T14:17:46.949+0800] {logging_mixin.py:188} INFO - [2024-04-12T14:17:46.948+0800] {dag.py:3823} INFO - Setting next_dagrun for tutorial to 2024-04-11 00:00:00+00:00, run_after=2024-04-12 00:00:00+00:00
[2024-04-12T14:17:46.958+0800] {processor.py:183} INFO - Processing /Users/wanghaojin/Desktop/exchange@NUS/IS3107/HW/Project/news_data_pipeline/.venv/lib/python3.11/site-packages/airflow/example_dags/tutorial.py took 0.103 seconds
