[2024-04-12T14:15:01.059+0800] {processor.py:161} INFO - Started process (PID=2618) to work on /Users/wanghaojin/Desktop/exchange@NUS/IS3107/HW/Project/news_data_pipeline/.venv/lib/python3.11/site-packages/airflow/example_dags/tutorial_dag.py
[2024-04-12T14:15:01.060+0800] {processor.py:830} INFO - Processing file /Users/wanghaojin/Desktop/exchange@NUS/IS3107/HW/Project/news_data_pipeline/.venv/lib/python3.11/site-packages/airflow/example_dags/tutorial_dag.py for tasks to queue
[2024-04-12T14:15:01.060+0800] {logging_mixin.py:188} INFO - [2024-04-12T14:15:01.060+0800] {dagbag.py:538} INFO - Filling up the DagBag from /Users/wanghaojin/Desktop/exchange@NUS/IS3107/HW/Project/news_data_pipeline/.venv/lib/python3.11/site-packages/airflow/example_dags/tutorial_dag.py
[2024-04-12T14:15:01.073+0800] {processor.py:840} INFO - DAG(s) 'tutorial_dag' retrieved from /Users/wanghaojin/Desktop/exchange@NUS/IS3107/HW/Project/news_data_pipeline/.venv/lib/python3.11/site-packages/airflow/example_dags/tutorial_dag.py
[2024-04-12T14:15:01.197+0800] {logging_mixin.py:188} INFO - [2024-04-12T14:15:01.197+0800] {override.py:1769} INFO - Created Permission View: can read on DAG:tutorial_dag
[2024-04-12T14:15:01.202+0800] {logging_mixin.py:188} INFO - [2024-04-12T14:15:01.202+0800] {override.py:1769} INFO - Created Permission View: can delete on DAG:tutorial_dag
[2024-04-12T14:15:01.205+0800] {logging_mixin.py:188} INFO - [2024-04-12T14:15:01.205+0800] {override.py:1769} INFO - Created Permission View: can edit on DAG:tutorial_dag
[2024-04-12T14:15:01.205+0800] {logging_mixin.py:188} INFO - [2024-04-12T14:15:01.205+0800] {dag.py:3036} INFO - Sync 1 DAGs
[2024-04-12T14:15:01.210+0800] {logging_mixin.py:188} INFO - [2024-04-12T14:15:01.210+0800] {dag.py:3058} INFO - Creating ORM DAG for tutorial_dag
[2024-04-12T14:15:01.211+0800] {logging_mixin.py:188} INFO - [2024-04-12T14:15:01.211+0800] {dag.py:3823} INFO - Setting next_dagrun for tutorial_dag to None, run_after=None
[2024-04-12T14:15:01.220+0800] {processor.py:183} INFO - Processing /Users/wanghaojin/Desktop/exchange@NUS/IS3107/HW/Project/news_data_pipeline/.venv/lib/python3.11/site-packages/airflow/example_dags/tutorial_dag.py took 0.161 seconds
[2024-04-12T14:16:39.423+0800] {processor.py:161} INFO - Started process (PID=2812) to work on /Users/wanghaojin/Desktop/exchange@NUS/IS3107/HW/Project/news_data_pipeline/.venv/lib/python3.11/site-packages/airflow/example_dags/tutorial_dag.py
[2024-04-12T14:16:39.424+0800] {processor.py:830} INFO - Processing file /Users/wanghaojin/Desktop/exchange@NUS/IS3107/HW/Project/news_data_pipeline/.venv/lib/python3.11/site-packages/airflow/example_dags/tutorial_dag.py for tasks to queue
[2024-04-12T14:16:39.424+0800] {logging_mixin.py:188} INFO - [2024-04-12T14:16:39.424+0800] {dagbag.py:538} INFO - Filling up the DagBag from /Users/wanghaojin/Desktop/exchange@NUS/IS3107/HW/Project/news_data_pipeline/.venv/lib/python3.11/site-packages/airflow/example_dags/tutorial_dag.py
[2024-04-12T14:16:39.436+0800] {processor.py:840} INFO - DAG(s) 'tutorial_dag' retrieved from /Users/wanghaojin/Desktop/exchange@NUS/IS3107/HW/Project/news_data_pipeline/.venv/lib/python3.11/site-packages/airflow/example_dags/tutorial_dag.py
[2024-04-12T14:16:39.512+0800] {logging_mixin.py:188} INFO - [2024-04-12T14:16:39.512+0800] {dag.py:3036} INFO - Sync 1 DAGs
[2024-04-12T14:16:39.517+0800] {logging_mixin.py:188} INFO - [2024-04-12T14:16:39.517+0800] {dag.py:3823} INFO - Setting next_dagrun for tutorial_dag to None, run_after=None
[2024-04-12T14:16:39.528+0800] {processor.py:183} INFO - Processing /Users/wanghaojin/Desktop/exchange@NUS/IS3107/HW/Project/news_data_pipeline/.venv/lib/python3.11/site-packages/airflow/example_dags/tutorial_dag.py took 0.105 seconds
[2024-04-12T14:17:45.565+0800] {processor.py:161} INFO - Started process (PID=2945) to work on /Users/wanghaojin/Desktop/exchange@NUS/IS3107/HW/Project/news_data_pipeline/.venv/lib/python3.11/site-packages/airflow/example_dags/tutorial_dag.py
[2024-04-12T14:17:45.566+0800] {processor.py:830} INFO - Processing file /Users/wanghaojin/Desktop/exchange@NUS/IS3107/HW/Project/news_data_pipeline/.venv/lib/python3.11/site-packages/airflow/example_dags/tutorial_dag.py for tasks to queue
[2024-04-12T14:17:45.567+0800] {logging_mixin.py:188} INFO - [2024-04-12T14:17:45.567+0800] {dagbag.py:538} INFO - Filling up the DagBag from /Users/wanghaojin/Desktop/exchange@NUS/IS3107/HW/Project/news_data_pipeline/.venv/lib/python3.11/site-packages/airflow/example_dags/tutorial_dag.py
[2024-04-12T14:17:45.579+0800] {processor.py:840} INFO - DAG(s) 'tutorial_dag' retrieved from /Users/wanghaojin/Desktop/exchange@NUS/IS3107/HW/Project/news_data_pipeline/.venv/lib/python3.11/site-packages/airflow/example_dags/tutorial_dag.py
[2024-04-12T14:17:45.655+0800] {logging_mixin.py:188} INFO - [2024-04-12T14:17:45.655+0800] {dag.py:3036} INFO - Sync 1 DAGs
[2024-04-12T14:17:45.660+0800] {logging_mixin.py:188} INFO - [2024-04-12T14:17:45.660+0800] {dag.py:3823} INFO - Setting next_dagrun for tutorial_dag to None, run_after=None
[2024-04-12T14:17:45.671+0800] {processor.py:183} INFO - Processing /Users/wanghaojin/Desktop/exchange@NUS/IS3107/HW/Project/news_data_pipeline/.venv/lib/python3.11/site-packages/airflow/example_dags/tutorial_dag.py took 0.106 seconds
[2024-04-12T14:18:52.313+0800] {processor.py:161} INFO - Started process (PID=3056) to work on /Users/wanghaojin/Desktop/exchange@NUS/IS3107/HW/Project/news_data_pipeline/.venv/lib/python3.11/site-packages/airflow/example_dags/tutorial_dag.py
[2024-04-12T14:18:52.313+0800] {processor.py:830} INFO - Processing file /Users/wanghaojin/Desktop/exchange@NUS/IS3107/HW/Project/news_data_pipeline/.venv/lib/python3.11/site-packages/airflow/example_dags/tutorial_dag.py for tasks to queue
[2024-04-12T14:18:52.313+0800] {logging_mixin.py:188} INFO - [2024-04-12T14:18:52.313+0800] {dagbag.py:538} INFO - Filling up the DagBag from /Users/wanghaojin/Desktop/exchange@NUS/IS3107/HW/Project/news_data_pipeline/.venv/lib/python3.11/site-packages/airflow/example_dags/tutorial_dag.py
[2024-04-12T14:18:52.326+0800] {processor.py:840} INFO - DAG(s) 'tutorial_dag' retrieved from /Users/wanghaojin/Desktop/exchange@NUS/IS3107/HW/Project/news_data_pipeline/.venv/lib/python3.11/site-packages/airflow/example_dags/tutorial_dag.py
[2024-04-12T14:18:52.403+0800] {logging_mixin.py:188} INFO - [2024-04-12T14:18:52.403+0800] {dag.py:3036} INFO - Sync 1 DAGs
[2024-04-12T14:18:52.407+0800] {logging_mixin.py:188} INFO - [2024-04-12T14:18:52.407+0800] {dag.py:3823} INFO - Setting next_dagrun for tutorial_dag to None, run_after=None
[2024-04-12T14:18:52.418+0800] {processor.py:183} INFO - Processing /Users/wanghaojin/Desktop/exchange@NUS/IS3107/HW/Project/news_data_pipeline/.venv/lib/python3.11/site-packages/airflow/example_dags/tutorial_dag.py took 0.106 seconds
