[2024-04-12T14:14:59.364+0800] {processor.py:161} INFO - Started process (PID=2615) to work on /Users/wanghaojin/Desktop/exchange@NUS/IS3107/HW/Project/news_data_pipeline/.venv/lib/python3.11/site-packages/airflow/example_dags/tutorial_objectstorage.py
[2024-04-12T14:14:59.365+0800] {processor.py:830} INFO - Processing file /Users/wanghaojin/Desktop/exchange@NUS/IS3107/HW/Project/news_data_pipeline/.venv/lib/python3.11/site-packages/airflow/example_dags/tutorial_objectstorage.py for tasks to queue
[2024-04-12T14:14:59.365+0800] {logging_mixin.py:188} INFO - [2024-04-12T14:14:59.365+0800] {dagbag.py:538} INFO - Filling up the DagBag from /Users/wanghaojin/Desktop/exchange@NUS/IS3107/HW/Project/news_data_pipeline/.venv/lib/python3.11/site-packages/airflow/example_dags/tutorial_objectstorage.py
[2024-04-12T14:14:59.400+0800] {processor.py:840} INFO - DAG(s) 'tutorial_objectstorage' retrieved from /Users/wanghaojin/Desktop/exchange@NUS/IS3107/HW/Project/news_data_pipeline/.venv/lib/python3.11/site-packages/airflow/example_dags/tutorial_objectstorage.py
[2024-04-12T14:14:59.521+0800] {logging_mixin.py:188} INFO - [2024-04-12T14:14:59.521+0800] {override.py:1769} INFO - Created Permission View: can edit on DAG:tutorial_objectstorage
[2024-04-12T14:14:59.526+0800] {logging_mixin.py:188} INFO - [2024-04-12T14:14:59.526+0800] {override.py:1769} INFO - Created Permission View: can read on DAG:tutorial_objectstorage
[2024-04-12T14:14:59.529+0800] {logging_mixin.py:188} INFO - [2024-04-12T14:14:59.529+0800] {override.py:1769} INFO - Created Permission View: can delete on DAG:tutorial_objectstorage
[2024-04-12T14:14:59.529+0800] {logging_mixin.py:188} INFO - [2024-04-12T14:14:59.529+0800] {dag.py:3036} INFO - Sync 1 DAGs
[2024-04-12T14:14:59.535+0800] {logging_mixin.py:188} INFO - [2024-04-12T14:14:59.535+0800] {dag.py:3058} INFO - Creating ORM DAG for tutorial_objectstorage
[2024-04-12T14:14:59.535+0800] {logging_mixin.py:188} INFO - [2024-04-12T14:14:59.535+0800] {dag.py:3823} INFO - Setting next_dagrun for tutorial_objectstorage to None, run_after=None
[2024-04-12T14:14:59.544+0800] {processor.py:183} INFO - Processing /Users/wanghaojin/Desktop/exchange@NUS/IS3107/HW/Project/news_data_pipeline/.venv/lib/python3.11/site-packages/airflow/example_dags/tutorial_objectstorage.py took 0.181 seconds
[2024-04-12T14:16:37.270+0800] {processor.py:161} INFO - Started process (PID=2810) to work on /Users/wanghaojin/Desktop/exchange@NUS/IS3107/HW/Project/news_data_pipeline/.venv/lib/python3.11/site-packages/airflow/example_dags/tutorial_objectstorage.py
[2024-04-12T14:16:37.270+0800] {processor.py:830} INFO - Processing file /Users/wanghaojin/Desktop/exchange@NUS/IS3107/HW/Project/news_data_pipeline/.venv/lib/python3.11/site-packages/airflow/example_dags/tutorial_objectstorage.py for tasks to queue
[2024-04-12T14:16:37.271+0800] {logging_mixin.py:188} INFO - [2024-04-12T14:16:37.270+0800] {dagbag.py:538} INFO - Filling up the DagBag from /Users/wanghaojin/Desktop/exchange@NUS/IS3107/HW/Project/news_data_pipeline/.venv/lib/python3.11/site-packages/airflow/example_dags/tutorial_objectstorage.py
[2024-04-12T14:16:37.306+0800] {processor.py:840} INFO - DAG(s) 'tutorial_objectstorage' retrieved from /Users/wanghaojin/Desktop/exchange@NUS/IS3107/HW/Project/news_data_pipeline/.venv/lib/python3.11/site-packages/airflow/example_dags/tutorial_objectstorage.py
[2024-04-12T14:16:37.382+0800] {logging_mixin.py:188} INFO - [2024-04-12T14:16:37.382+0800] {dag.py:3036} INFO - Sync 1 DAGs
[2024-04-12T14:16:37.387+0800] {logging_mixin.py:188} INFO - [2024-04-12T14:16:37.387+0800] {dag.py:3823} INFO - Setting next_dagrun for tutorial_objectstorage to None, run_after=None
[2024-04-12T14:16:37.397+0800] {processor.py:183} INFO - Processing /Users/wanghaojin/Desktop/exchange@NUS/IS3107/HW/Project/news_data_pipeline/.venv/lib/python3.11/site-packages/airflow/example_dags/tutorial_objectstorage.py took 0.128 seconds
[2024-04-12T14:17:43.338+0800] {processor.py:161} INFO - Started process (PID=2944) to work on /Users/wanghaojin/Desktop/exchange@NUS/IS3107/HW/Project/news_data_pipeline/.venv/lib/python3.11/site-packages/airflow/example_dags/tutorial_objectstorage.py
[2024-04-12T14:17:43.340+0800] {processor.py:830} INFO - Processing file /Users/wanghaojin/Desktop/exchange@NUS/IS3107/HW/Project/news_data_pipeline/.venv/lib/python3.11/site-packages/airflow/example_dags/tutorial_objectstorage.py for tasks to queue
[2024-04-12T14:17:43.340+0800] {logging_mixin.py:188} INFO - [2024-04-12T14:17:43.340+0800] {dagbag.py:538} INFO - Filling up the DagBag from /Users/wanghaojin/Desktop/exchange@NUS/IS3107/HW/Project/news_data_pipeline/.venv/lib/python3.11/site-packages/airflow/example_dags/tutorial_objectstorage.py
[2024-04-12T14:17:43.379+0800] {processor.py:840} INFO - DAG(s) 'tutorial_objectstorage' retrieved from /Users/wanghaojin/Desktop/exchange@NUS/IS3107/HW/Project/news_data_pipeline/.venv/lib/python3.11/site-packages/airflow/example_dags/tutorial_objectstorage.py
[2024-04-12T14:17:43.455+0800] {logging_mixin.py:188} INFO - [2024-04-12T14:17:43.455+0800] {dag.py:3036} INFO - Sync 1 DAGs
[2024-04-12T14:17:43.460+0800] {logging_mixin.py:188} INFO - [2024-04-12T14:17:43.459+0800] {dag.py:3823} INFO - Setting next_dagrun for tutorial_objectstorage to None, run_after=None
[2024-04-12T14:17:43.470+0800] {processor.py:183} INFO - Processing /Users/wanghaojin/Desktop/exchange@NUS/IS3107/HW/Project/news_data_pipeline/.venv/lib/python3.11/site-packages/airflow/example_dags/tutorial_objectstorage.py took 0.132 seconds
[2024-04-12T14:18:50.151+0800] {processor.py:161} INFO - Started process (PID=3053) to work on /Users/wanghaojin/Desktop/exchange@NUS/IS3107/HW/Project/news_data_pipeline/.venv/lib/python3.11/site-packages/airflow/example_dags/tutorial_objectstorage.py
[2024-04-12T14:18:50.151+0800] {processor.py:830} INFO - Processing file /Users/wanghaojin/Desktop/exchange@NUS/IS3107/HW/Project/news_data_pipeline/.venv/lib/python3.11/site-packages/airflow/example_dags/tutorial_objectstorage.py for tasks to queue
[2024-04-12T14:18:50.152+0800] {logging_mixin.py:188} INFO - [2024-04-12T14:18:50.151+0800] {dagbag.py:538} INFO - Filling up the DagBag from /Users/wanghaojin/Desktop/exchange@NUS/IS3107/HW/Project/news_data_pipeline/.venv/lib/python3.11/site-packages/airflow/example_dags/tutorial_objectstorage.py
[2024-04-12T14:18:50.187+0800] {processor.py:840} INFO - DAG(s) 'tutorial_objectstorage' retrieved from /Users/wanghaojin/Desktop/exchange@NUS/IS3107/HW/Project/news_data_pipeline/.venv/lib/python3.11/site-packages/airflow/example_dags/tutorial_objectstorage.py
[2024-04-12T14:18:50.264+0800] {logging_mixin.py:188} INFO - [2024-04-12T14:18:50.264+0800] {dag.py:3036} INFO - Sync 1 DAGs
[2024-04-12T14:18:50.269+0800] {logging_mixin.py:188} INFO - [2024-04-12T14:18:50.269+0800] {dag.py:3823} INFO - Setting next_dagrun for tutorial_objectstorage to None, run_after=None
[2024-04-12T14:18:50.280+0800] {processor.py:183} INFO - Processing /Users/wanghaojin/Desktop/exchange@NUS/IS3107/HW/Project/news_data_pipeline/.venv/lib/python3.11/site-packages/airflow/example_dags/tutorial_objectstorage.py took 0.130 seconds
