[2024-04-12T14:14:57.125+0800] {processor.py:161} INFO - Started process (PID=2613) to work on /Users/wanghaojin/Desktop/exchange@NUS/IS3107/HW/Project/news_data_pipeline/.venv/lib/python3.11/site-packages/airflow/example_dags/tutorial_taskflow_api.py
[2024-04-12T14:14:57.126+0800] {processor.py:830} INFO - Processing file /Users/wanghaojin/Desktop/exchange@NUS/IS3107/HW/Project/news_data_pipeline/.venv/lib/python3.11/site-packages/airflow/example_dags/tutorial_taskflow_api.py for tasks to queue
[2024-04-12T14:14:57.126+0800] {logging_mixin.py:188} INFO - [2024-04-12T14:14:57.126+0800] {dagbag.py:538} INFO - Filling up the DagBag from /Users/wanghaojin/Desktop/exchange@NUS/IS3107/HW/Project/news_data_pipeline/.venv/lib/python3.11/site-packages/airflow/example_dags/tutorial_taskflow_api.py
[2024-04-12T14:14:57.146+0800] {processor.py:840} INFO - DAG(s) 'tutorial_taskflow_api' retrieved from /Users/wanghaojin/Desktop/exchange@NUS/IS3107/HW/Project/news_data_pipeline/.venv/lib/python3.11/site-packages/airflow/example_dags/tutorial_taskflow_api.py
[2024-04-12T14:14:57.269+0800] {logging_mixin.py:188} INFO - [2024-04-12T14:14:57.269+0800] {override.py:1769} INFO - Created Permission View: can read on DAG:tutorial_taskflow_api
[2024-04-12T14:14:57.274+0800] {logging_mixin.py:188} INFO - [2024-04-12T14:14:57.274+0800] {override.py:1769} INFO - Created Permission View: can delete on DAG:tutorial_taskflow_api
[2024-04-12T14:14:57.277+0800] {logging_mixin.py:188} INFO - [2024-04-12T14:14:57.277+0800] {override.py:1769} INFO - Created Permission View: can edit on DAG:tutorial_taskflow_api
[2024-04-12T14:14:57.277+0800] {logging_mixin.py:188} INFO - [2024-04-12T14:14:57.277+0800] {dag.py:3036} INFO - Sync 1 DAGs
[2024-04-12T14:14:57.282+0800] {logging_mixin.py:188} INFO - [2024-04-12T14:14:57.282+0800] {dag.py:3058} INFO - Creating ORM DAG for tutorial_taskflow_api
[2024-04-12T14:14:57.283+0800] {logging_mixin.py:188} INFO - [2024-04-12T14:14:57.282+0800] {dag.py:3823} INFO - Setting next_dagrun for tutorial_taskflow_api to None, run_after=None
[2024-04-12T14:14:57.292+0800] {processor.py:183} INFO - Processing /Users/wanghaojin/Desktop/exchange@NUS/IS3107/HW/Project/news_data_pipeline/.venv/lib/python3.11/site-packages/airflow/example_dags/tutorial_taskflow_api.py took 0.168 seconds
[2024-04-12T14:16:35.293+0800] {processor.py:161} INFO - Started process (PID=2808) to work on /Users/wanghaojin/Desktop/exchange@NUS/IS3107/HW/Project/news_data_pipeline/.venv/lib/python3.11/site-packages/airflow/example_dags/tutorial_taskflow_api.py
[2024-04-12T14:16:35.293+0800] {processor.py:830} INFO - Processing file /Users/wanghaojin/Desktop/exchange@NUS/IS3107/HW/Project/news_data_pipeline/.venv/lib/python3.11/site-packages/airflow/example_dags/tutorial_taskflow_api.py for tasks to queue
[2024-04-12T14:16:35.293+0800] {logging_mixin.py:188} INFO - [2024-04-12T14:16:35.293+0800] {dagbag.py:538} INFO - Filling up the DagBag from /Users/wanghaojin/Desktop/exchange@NUS/IS3107/HW/Project/news_data_pipeline/.venv/lib/python3.11/site-packages/airflow/example_dags/tutorial_taskflow_api.py
[2024-04-12T14:16:35.312+0800] {processor.py:840} INFO - DAG(s) 'tutorial_taskflow_api' retrieved from /Users/wanghaojin/Desktop/exchange@NUS/IS3107/HW/Project/news_data_pipeline/.venv/lib/python3.11/site-packages/airflow/example_dags/tutorial_taskflow_api.py
[2024-04-12T14:16:35.388+0800] {logging_mixin.py:188} INFO - [2024-04-12T14:16:35.387+0800] {dag.py:3036} INFO - Sync 1 DAGs
[2024-04-12T14:16:35.393+0800] {logging_mixin.py:188} INFO - [2024-04-12T14:16:35.393+0800] {dag.py:3823} INFO - Setting next_dagrun for tutorial_taskflow_api to None, run_after=None
[2024-04-12T14:16:35.403+0800] {processor.py:183} INFO - Processing /Users/wanghaojin/Desktop/exchange@NUS/IS3107/HW/Project/news_data_pipeline/.venv/lib/python3.11/site-packages/airflow/example_dags/tutorial_taskflow_api.py took 0.111 seconds
[2024-04-12T14:17:41.966+0800] {processor.py:161} INFO - Started process (PID=2940) to work on /Users/wanghaojin/Desktop/exchange@NUS/IS3107/HW/Project/news_data_pipeline/.venv/lib/python3.11/site-packages/airflow/example_dags/tutorial_taskflow_api.py
[2024-04-12T14:17:41.967+0800] {processor.py:830} INFO - Processing file /Users/wanghaojin/Desktop/exchange@NUS/IS3107/HW/Project/news_data_pipeline/.venv/lib/python3.11/site-packages/airflow/example_dags/tutorial_taskflow_api.py for tasks to queue
[2024-04-12T14:17:41.967+0800] {logging_mixin.py:188} INFO - [2024-04-12T14:17:41.967+0800] {dagbag.py:538} INFO - Filling up the DagBag from /Users/wanghaojin/Desktop/exchange@NUS/IS3107/HW/Project/news_data_pipeline/.venv/lib/python3.11/site-packages/airflow/example_dags/tutorial_taskflow_api.py
[2024-04-12T14:17:41.987+0800] {processor.py:840} INFO - DAG(s) 'tutorial_taskflow_api' retrieved from /Users/wanghaojin/Desktop/exchange@NUS/IS3107/HW/Project/news_data_pipeline/.venv/lib/python3.11/site-packages/airflow/example_dags/tutorial_taskflow_api.py
[2024-04-12T14:17:42.065+0800] {logging_mixin.py:188} INFO - [2024-04-12T14:17:42.065+0800] {dag.py:3036} INFO - Sync 1 DAGs
[2024-04-12T14:17:42.071+0800] {logging_mixin.py:188} INFO - [2024-04-12T14:17:42.071+0800] {dag.py:3823} INFO - Setting next_dagrun for tutorial_taskflow_api to None, run_after=None
[2024-04-12T14:17:42.082+0800] {processor.py:183} INFO - Processing /Users/wanghaojin/Desktop/exchange@NUS/IS3107/HW/Project/news_data_pipeline/.venv/lib/python3.11/site-packages/airflow/example_dags/tutorial_taskflow_api.py took 0.117 seconds
[2024-04-12T14:18:47.986+0800] {processor.py:161} INFO - Started process (PID=3048) to work on /Users/wanghaojin/Desktop/exchange@NUS/IS3107/HW/Project/news_data_pipeline/.venv/lib/python3.11/site-packages/airflow/example_dags/tutorial_taskflow_api.py
[2024-04-12T14:18:47.987+0800] {processor.py:830} INFO - Processing file /Users/wanghaojin/Desktop/exchange@NUS/IS3107/HW/Project/news_data_pipeline/.venv/lib/python3.11/site-packages/airflow/example_dags/tutorial_taskflow_api.py for tasks to queue
[2024-04-12T14:18:47.987+0800] {logging_mixin.py:188} INFO - [2024-04-12T14:18:47.987+0800] {dagbag.py:538} INFO - Filling up the DagBag from /Users/wanghaojin/Desktop/exchange@NUS/IS3107/HW/Project/news_data_pipeline/.venv/lib/python3.11/site-packages/airflow/example_dags/tutorial_taskflow_api.py
[2024-04-12T14:18:48.006+0800] {processor.py:840} INFO - DAG(s) 'tutorial_taskflow_api' retrieved from /Users/wanghaojin/Desktop/exchange@NUS/IS3107/HW/Project/news_data_pipeline/.venv/lib/python3.11/site-packages/airflow/example_dags/tutorial_taskflow_api.py
[2024-04-12T14:18:48.082+0800] {logging_mixin.py:188} INFO - [2024-04-12T14:18:48.082+0800] {dag.py:3036} INFO - Sync 1 DAGs
[2024-04-12T14:18:48.088+0800] {logging_mixin.py:188} INFO - [2024-04-12T14:18:48.087+0800] {dag.py:3823} INFO - Setting next_dagrun for tutorial_taskflow_api to None, run_after=None
[2024-04-12T14:18:48.098+0800] {processor.py:183} INFO - Processing /Users/wanghaojin/Desktop/exchange@NUS/IS3107/HW/Project/news_data_pipeline/.venv/lib/python3.11/site-packages/airflow/example_dags/tutorial_taskflow_api.py took 0.112 seconds
